release	UNKNOWN STEP	ï»¿2025-10-26T20:24:22.3236726Z Current runner version: '2.329.0'
release	UNKNOWN STEP	2025-10-26T20:24:22.3270953Z ##[group]Runner Image Provisioner
release	UNKNOWN STEP	2025-10-26T20:24:22.3272184Z Hosted Compute Agent
release	UNKNOWN STEP	2025-10-26T20:24:22.3273198Z Version: 20250912.392
release	UNKNOWN STEP	2025-10-26T20:24:22.3274109Z Commit: d921fda672a98b64f4f82364647e2f10b2267d0b
release	UNKNOWN STEP	2025-10-26T20:24:22.3275287Z Build Date: 2025-09-12T15:23:14Z
release	UNKNOWN STEP	2025-10-26T20:24:22.3276659Z ##[endgroup]
release	UNKNOWN STEP	2025-10-26T20:24:22.3277446Z ##[group]Operating System
release	UNKNOWN STEP	2025-10-26T20:24:22.3278317Z Ubuntu
release	UNKNOWN STEP	2025-10-26T20:24:22.3279165Z 24.04.3
release	UNKNOWN STEP	2025-10-26T20:24:22.3279972Z LTS
release	UNKNOWN STEP	2025-10-26T20:24:22.3280692Z ##[endgroup]
release	UNKNOWN STEP	2025-10-26T20:24:22.3281549Z ##[group]Runner Image
release	UNKNOWN STEP	2025-10-26T20:24:22.3282495Z Image: ubuntu-24.04
release	UNKNOWN STEP	2025-10-26T20:24:22.3283335Z Version: 20250929.60.1
release	UNKNOWN STEP	2025-10-26T20:24:22.3285733Z Included Software: https://github.com/actions/runner-images/blob/ubuntu24/20250929.60/images/ubuntu/Ubuntu2404-Readme.md
release	UNKNOWN STEP	2025-10-26T20:24:22.3288665Z Image Release: https://github.com/actions/runner-images/releases/tag/ubuntu24%2F20250929.60
release	UNKNOWN STEP	2025-10-26T20:24:22.3290339Z ##[endgroup]
release	UNKNOWN STEP	2025-10-26T20:24:22.3292548Z ##[group]GITHUB_TOKEN Permissions
release	UNKNOWN STEP	2025-10-26T20:24:22.3295264Z Contents: write
release	UNKNOWN STEP	2025-10-26T20:24:22.3296353Z Issues: write
release	UNKNOWN STEP	2025-10-26T20:24:22.3297128Z Metadata: read
release	UNKNOWN STEP	2025-10-26T20:24:22.3298019Z Packages: write
release	UNKNOWN STEP	2025-10-26T20:24:22.3298770Z PullRequests: write
release	UNKNOWN STEP	2025-10-26T20:24:22.3299684Z ##[endgroup]
release	UNKNOWN STEP	2025-10-26T20:24:22.3303243Z Secret source: Actions
release	UNKNOWN STEP	2025-10-26T20:24:22.3304305Z Prepare workflow directory
release	UNKNOWN STEP	2025-10-26T20:24:22.3781143Z Prepare all required actions
release	UNKNOWN STEP	2025-10-26T20:24:22.3838849Z Getting action download info
release	UNKNOWN STEP	2025-10-26T20:24:22.6865779Z Download action repository 'actions/checkout@08c6903cd8c0fde910a37f88322edcfb5dd907a8' (SHA:08c6903cd8c0fde910a37f88322edcfb5dd907a8)
release	UNKNOWN STEP	2025-10-26T20:24:22.8871576Z Download action repository 'actions/setup-node@49933ea5288caeca8642d1e84afbd3f7d6820020' (SHA:49933ea5288caeca8642d1e84afbd3f7d6820020)
release	UNKNOWN STEP	2025-10-26T20:24:23.1202513Z Complete job name: release
release	UNKNOWN STEP	2025-10-26T20:24:23.1945375Z ##[group]Run actions/checkout@08c6903cd8c0fde910a37f88322edcfb5dd907a8
release	UNKNOWN STEP	2025-10-26T20:24:23.1946899Z with:
release	UNKNOWN STEP	2025-10-26T20:24:23.1947305Z   fetch-depth: 0
release	UNKNOWN STEP	2025-10-26T20:24:23.1947751Z   repository: hebenezer-m/gemini-cli
release	UNKNOWN STEP	2025-10-26T20:24:23.1948476Z   token: ***
release	UNKNOWN STEP	2025-10-26T20:24:23.1948868Z   ssh-strict: true
release	UNKNOWN STEP	2025-10-26T20:24:23.1949283Z   ssh-user: git
release	UNKNOWN STEP	2025-10-26T20:24:23.1949696Z   persist-credentials: true
release	UNKNOWN STEP	2025-10-26T20:24:23.1950160Z   clean: true
release	UNKNOWN STEP	2025-10-26T20:24:23.1950574Z   sparse-checkout-cone-mode: true
release	UNKNOWN STEP	2025-10-26T20:24:23.1951077Z   fetch-tags: false
release	UNKNOWN STEP	2025-10-26T20:24:23.1951494Z   show-progress: true
release	UNKNOWN STEP	2025-10-26T20:24:23.1951917Z   lfs: false
release	UNKNOWN STEP	2025-10-26T20:24:23.1952300Z   submodules: false
release	UNKNOWN STEP	2025-10-26T20:24:23.1952718Z   set-safe-directory: true
release	UNKNOWN STEP	2025-10-26T20:24:23.1953408Z ##[endgroup]
release	UNKNOWN STEP	2025-10-26T20:24:23.2960385Z Syncing repository: hebenezer-m/gemini-cli
release	UNKNOWN STEP	2025-10-26T20:24:23.2962329Z ##[group]Getting Git version info
release	UNKNOWN STEP	2025-10-26T20:24:23.2963107Z Working directory is '/home/runner/work/gemini-cli/gemini-cli'
release	UNKNOWN STEP	2025-10-26T20:24:23.2964161Z [command]/usr/bin/git version
release	UNKNOWN STEP	2025-10-26T20:24:23.2994531Z git version 2.51.0
release	UNKNOWN STEP	2025-10-26T20:24:23.3051423Z ##[endgroup]
release	UNKNOWN STEP	2025-10-26T20:24:23.3067697Z Temporarily overriding HOME='/home/runner/work/_temp/d27e190f-2ad1-4e45-a672-890911552554' before making global git config changes
release	UNKNOWN STEP	2025-10-26T20:24:23.3070079Z Adding repository directory to the temporary git global config as a safe directory
release	UNKNOWN STEP	2025-10-26T20:24:23.3073768Z [command]/usr/bin/git config --global --add safe.directory /home/runner/work/gemini-cli/gemini-cli
release	UNKNOWN STEP	2025-10-26T20:24:23.3121455Z Deleting the contents of '/home/runner/work/gemini-cli/gemini-cli'
release	UNKNOWN STEP	2025-10-26T20:24:23.3125354Z ##[group]Initializing the repository
release	UNKNOWN STEP	2025-10-26T20:24:23.3130918Z [command]/usr/bin/git init /home/runner/work/gemini-cli/gemini-cli
release	UNKNOWN STEP	2025-10-26T20:24:23.3257553Z hint: Using 'master' as the name for the initial branch. This default branch name
release	UNKNOWN STEP	2025-10-26T20:24:23.3259643Z hint: is subject to change. To configure the initial branch name to use in all
release	UNKNOWN STEP	2025-10-26T20:24:23.3261769Z hint: of your new repositories, which will suppress this warning, call:
release	UNKNOWN STEP	2025-10-26T20:24:23.3263018Z hint:
release	UNKNOWN STEP	2025-10-26T20:24:23.3263900Z hint: 	git config --global init.defaultBranch <name>
release	UNKNOWN STEP	2025-10-26T20:24:23.3265036Z hint:
release	UNKNOWN STEP	2025-10-26T20:24:23.3266458Z hint: Names commonly chosen instead of 'master' are 'main', 'trunk' and
release	UNKNOWN STEP	2025-10-26T20:24:23.3268209Z hint: 'development'. The just-created branch can be renamed via this command:
release	UNKNOWN STEP	2025-10-26T20:24:23.3269571Z hint:
release	UNKNOWN STEP	2025-10-26T20:24:23.3270333Z hint: 	git branch -m <name>
release	UNKNOWN STEP	2025-10-26T20:24:23.3271262Z hint:
release	UNKNOWN STEP	2025-10-26T20:24:23.3272306Z hint: Disable this message with "git config set advice.defaultBranchName false"
release	UNKNOWN STEP	2025-10-26T20:24:23.3274043Z Initialized empty Git repository in /home/runner/work/gemini-cli/gemini-cli/.git/
release	UNKNOWN STEP	2025-10-26T20:24:23.3277608Z [command]/usr/bin/git remote add origin https://github.com/hebenezer-m/gemini-cli
release	UNKNOWN STEP	2025-10-26T20:24:23.3325466Z ##[endgroup]
release	UNKNOWN STEP	2025-10-26T20:24:23.3329164Z ##[group]Disabling automatic garbage collection
release	UNKNOWN STEP	2025-10-26T20:24:23.3330345Z [command]/usr/bin/git config --local gc.auto 0
release	UNKNOWN STEP	2025-10-26T20:24:23.3369713Z ##[endgroup]
release	UNKNOWN STEP	2025-10-26T20:24:23.3370926Z ##[group]Setting up auth
release	UNKNOWN STEP	2025-10-26T20:24:23.3376338Z [command]/usr/bin/git config --local --name-only --get-regexp core\.sshCommand
release	UNKNOWN STEP	2025-10-26T20:24:23.3410873Z [command]/usr/bin/git submodule foreach --recursive sh -c "git config --local --name-only --get-regexp 'core\.sshCommand' && git config --local --unset-all 'core.sshCommand' || :"
release	UNKNOWN STEP	2025-10-26T20:24:23.3861201Z [command]/usr/bin/git config --local --name-only --get-regexp http\.https\:\/\/github\.com\/\.extraheader
release	UNKNOWN STEP	2025-10-26T20:24:23.3899284Z [command]/usr/bin/git submodule foreach --recursive sh -c "git config --local --name-only --get-regexp 'http\.https\:\/\/github\.com\/\.extraheader' && git config --local --unset-all 'http.https://github.com/.extraheader' || :"
release	UNKNOWN STEP	2025-10-26T20:24:23.4145722Z [command]/usr/bin/git config --local http.https://github.com/.extraheader AUTHORIZATION: basic ***
release	UNKNOWN STEP	2025-10-26T20:24:23.4190237Z ##[endgroup]
release	UNKNOWN STEP	2025-10-26T20:24:23.4191134Z ##[group]Fetching the repository
release	UNKNOWN STEP	2025-10-26T20:24:23.4205166Z [command]/usr/bin/git -c protocol.version=2 fetch --prune --no-recurse-submodules origin +refs/heads/*:refs/remotes/origin/* +refs/tags/*:refs/tags/*
release	UNKNOWN STEP	2025-10-26T20:24:24.8817184Z From https://github.com/hebenezer-m/gemini-cli
release	UNKNOWN STEP	2025-10-26T20:24:24.8818382Z  * [new branch]        It's-OK                -> origin/It's-OK
release	UNKNOWN STEP	2025-10-26T20:24:24.8819447Z  * [new branch]        backup-minhas-modificacoes -> origin/backup-minhas-modificacoes
release	UNKNOWN STEP	2025-10-26T20:24:24.8820576Z  * [new branch]        fix-github-mcp-env     -> origin/fix-github-mcp-env
release	UNKNOWN STEP	2025-10-26T20:24:24.8821649Z  * [new branch]        fix/docker-build-issue -> origin/fix/docker-build-issue
release	UNKNOWN STEP	2025-10-26T20:24:24.8822681Z  * [new branch]        local-ci-enhancements  -> origin/local-ci-enhancements
release	UNKNOWN STEP	2025-10-26T20:24:24.8823590Z  * [new branch]        main                   -> origin/main
release	UNKNOWN STEP	2025-10-26T20:24:24.8885634Z [command]/usr/bin/git branch --list --remote origin/main
release	UNKNOWN STEP	2025-10-26T20:24:24.8914313Z   origin/main
release	UNKNOWN STEP	2025-10-26T20:24:24.8927690Z [command]/usr/bin/git rev-parse refs/remotes/origin/main
release	UNKNOWN STEP	2025-10-26T20:24:24.8949819Z 4b6f5214f7f3107ed2b890ecb895e09d80dc3716
release	UNKNOWN STEP	2025-10-26T20:24:24.8957282Z ##[endgroup]
release	UNKNOWN STEP	2025-10-26T20:24:24.8958801Z ##[group]Determining the checkout info
release	UNKNOWN STEP	2025-10-26T20:24:24.8960432Z ##[endgroup]
release	UNKNOWN STEP	2025-10-26T20:24:24.8963468Z [command]/usr/bin/git sparse-checkout disable
release	UNKNOWN STEP	2025-10-26T20:24:24.9007656Z [command]/usr/bin/git config --local --unset-all extensions.worktreeConfig
release	UNKNOWN STEP	2025-10-26T20:24:24.9039318Z ##[group]Checking out the ref
release	UNKNOWN STEP	2025-10-26T20:24:24.9043345Z [command]/usr/bin/git checkout --progress --force -B main refs/remotes/origin/main
release	UNKNOWN STEP	2025-10-26T20:24:25.0052651Z Switched to a new branch 'main'
release	UNKNOWN STEP	2025-10-26T20:24:25.0054927Z branch 'main' set up to track 'origin/main'.
release	UNKNOWN STEP	2025-10-26T20:24:25.0070702Z ##[endgroup]
release	UNKNOWN STEP	2025-10-26T20:24:25.0116763Z [command]/usr/bin/git log -1 --format=%H
release	UNKNOWN STEP	2025-10-26T20:24:25.0151037Z 4b6f5214f7f3107ed2b890ecb895e09d80dc3716
release	UNKNOWN STEP	2025-10-26T20:24:25.0474844Z ##[group]Run actions/checkout@08c6903cd8c0fde910a37f88322edcfb5dd907a8
release	UNKNOWN STEP	2025-10-26T20:24:25.0476507Z with:
release	UNKNOWN STEP	2025-10-26T20:24:25.0477335Z   path: release
release	UNKNOWN STEP	2025-10-26T20:24:25.0478172Z   fetch-depth: 0
release	UNKNOWN STEP	2025-10-26T20:24:25.0479091Z   repository: hebenezer-m/gemini-cli
release	UNKNOWN STEP	2025-10-26T20:24:25.0480480Z   token: ***
release	UNKNOWN STEP	2025-10-26T20:24:25.0481321Z   ssh-strict: true
release	UNKNOWN STEP	2025-10-26T20:24:25.0482213Z   ssh-user: git
release	UNKNOWN STEP	2025-10-26T20:24:25.0483097Z   persist-credentials: true
release	UNKNOWN STEP	2025-10-26T20:24:25.0484071Z   clean: true
release	UNKNOWN STEP	2025-10-26T20:24:25.0484971Z   sparse-checkout-cone-mode: true
release	UNKNOWN STEP	2025-10-26T20:24:25.0486131Z   fetch-tags: false
release	UNKNOWN STEP	2025-10-26T20:24:25.0487013Z   show-progress: true
release	UNKNOWN STEP	2025-10-26T20:24:25.0487902Z   lfs: false
release	UNKNOWN STEP	2025-10-26T20:24:25.0488713Z   submodules: false
release	UNKNOWN STEP	2025-10-26T20:24:25.0489600Z   set-safe-directory: true
release	UNKNOWN STEP	2025-10-26T20:24:25.0490551Z ##[endgroup]
release	UNKNOWN STEP	2025-10-26T20:24:25.1332917Z Syncing repository: hebenezer-m/gemini-cli
release	UNKNOWN STEP	2025-10-26T20:24:25.1338828Z ##[group]Getting Git version info
release	UNKNOWN STEP	2025-10-26T20:24:25.1341507Z Working directory is '/home/runner/work/gemini-cli/gemini-cli/release'
release	UNKNOWN STEP	2025-10-26T20:24:25.1376383Z [command]/usr/bin/git version
release	UNKNOWN STEP	2025-10-26T20:24:25.1416657Z git version 2.51.0
release	UNKNOWN STEP	2025-10-26T20:24:25.1440123Z ##[endgroup]
release	UNKNOWN STEP	2025-10-26T20:24:25.1452832Z Temporarily overriding HOME='/home/runner/work/_temp/c0153110-ea8b-45c5-9659-96aef2e0fc27' before making global git config changes
release	UNKNOWN STEP	2025-10-26T20:24:25.1457449Z Adding repository directory to the temporary git global config as a safe directory
release	UNKNOWN STEP	2025-10-26T20:24:25.1460845Z [command]/usr/bin/git config --global --add safe.directory /home/runner/work/gemini-cli/gemini-cli/release
release	UNKNOWN STEP	2025-10-26T20:24:25.1493273Z ##[group]Initializing the repository
release	UNKNOWN STEP	2025-10-26T20:24:25.1498573Z [command]/usr/bin/git init /home/runner/work/gemini-cli/gemini-cli/release
release	UNKNOWN STEP	2025-10-26T20:24:25.1538488Z hint: Using 'master' as the name for the initial branch. This default branch name
release	UNKNOWN STEP	2025-10-26T20:24:25.1541703Z hint: is subject to change. To configure the initial branch name to use in all
release	UNKNOWN STEP	2025-10-26T20:24:25.1544187Z hint: of your new repositories, which will suppress this warning, call:
release	UNKNOWN STEP	2025-10-26T20:24:25.1546038Z hint:
release	UNKNOWN STEP	2025-10-26T20:24:25.1547374Z hint: 	git config --global init.defaultBranch <name>
release	UNKNOWN STEP	2025-10-26T20:24:25.1548775Z hint:
release	UNKNOWN STEP	2025-10-26T20:24:25.1550227Z hint: Names commonly chosen instead of 'master' are 'main', 'trunk' and
release	UNKNOWN STEP	2025-10-26T20:24:25.1552686Z hint: 'development'. The just-created branch can be renamed via this command:
release	UNKNOWN STEP	2025-10-26T20:24:25.1554401Z hint:
release	UNKNOWN STEP	2025-10-26T20:24:25.1555344Z hint: 	git branch -m <name>
release	UNKNOWN STEP	2025-10-26T20:24:25.1556702Z hint:
release	UNKNOWN STEP	2025-10-26T20:24:25.1557976Z hint: Disable this message with "git config set advice.defaultBranchName false"
release	UNKNOWN STEP	2025-10-26T20:24:25.1560096Z Initialized empty Git repository in /home/runner/work/gemini-cli/gemini-cli/release/.git/
release	UNKNOWN STEP	2025-10-26T20:24:25.1563638Z [command]/usr/bin/git remote add origin https://github.com/hebenezer-m/gemini-cli
release	UNKNOWN STEP	2025-10-26T20:24:25.1619088Z ##[endgroup]
release	UNKNOWN STEP	2025-10-26T20:24:25.1620788Z ##[group]Disabling automatic garbage collection
release	UNKNOWN STEP	2025-10-26T20:24:25.1622722Z [command]/usr/bin/git config --local gc.auto 0
release	UNKNOWN STEP	2025-10-26T20:24:25.1655166Z ##[endgroup]
release	UNKNOWN STEP	2025-10-26T20:24:25.1657200Z ##[group]Setting up auth
release	UNKNOWN STEP	2025-10-26T20:24:25.1662749Z [command]/usr/bin/git config --local --name-only --get-regexp core\.sshCommand
release	UNKNOWN STEP	2025-10-26T20:24:25.1697620Z [command]/usr/bin/git submodule foreach --recursive sh -c "git config --local --name-only --get-regexp 'core\.sshCommand' && git config --local --unset-all 'core.sshCommand' || :"
release	UNKNOWN STEP	2025-10-26T20:24:25.1931639Z [command]/usr/bin/git config --local --name-only --get-regexp http\.https\:\/\/github\.com\/\.extraheader
release	UNKNOWN STEP	2025-10-26T20:24:25.1967376Z [command]/usr/bin/git submodule foreach --recursive sh -c "git config --local --name-only --get-regexp 'http\.https\:\/\/github\.com\/\.extraheader' && git config --local --unset-all 'http.https://github.com/.extraheader' || :"
release	UNKNOWN STEP	2025-10-26T20:24:25.2204916Z [command]/usr/bin/git config --local http.https://github.com/.extraheader AUTHORIZATION: basic ***
release	UNKNOWN STEP	2025-10-26T20:24:25.2245025Z ##[endgroup]
release	UNKNOWN STEP	2025-10-26T20:24:25.2247336Z ##[group]Fetching the repository
release	UNKNOWN STEP	2025-10-26T20:24:25.2256023Z [command]/usr/bin/git -c protocol.version=2 fetch --prune --no-recurse-submodules origin +refs/heads/*:refs/remotes/origin/* +refs/tags/*:refs/tags/*
release	UNKNOWN STEP	2025-10-26T20:24:26.6656815Z From https://github.com/hebenezer-m/gemini-cli
release	UNKNOWN STEP	2025-10-26T20:24:26.6657806Z  * [new branch]        It's-OK                -> origin/It's-OK
release	UNKNOWN STEP	2025-10-26T20:24:26.6658332Z  * [new branch]        backup-minhas-modificacoes -> origin/backup-minhas-modificacoes
release	UNKNOWN STEP	2025-10-26T20:24:26.6658991Z  * [new branch]        fix-github-mcp-env     -> origin/fix-github-mcp-env
release	UNKNOWN STEP	2025-10-26T20:24:26.6659491Z  * [new branch]        fix/docker-build-issue -> origin/fix/docker-build-issue
release	UNKNOWN STEP	2025-10-26T20:24:26.6659992Z  * [new branch]        local-ci-enhancements  -> origin/local-ci-enhancements
release	UNKNOWN STEP	2025-10-26T20:24:26.6660425Z  * [new branch]        main                   -> origin/main
release	UNKNOWN STEP	2025-10-26T20:24:26.6704525Z [command]/usr/bin/git branch --list --remote origin/main
release	UNKNOWN STEP	2025-10-26T20:24:26.6730164Z   origin/main
release	UNKNOWN STEP	2025-10-26T20:24:26.6739681Z [command]/usr/bin/git rev-parse refs/remotes/origin/main
release	UNKNOWN STEP	2025-10-26T20:24:26.6761001Z 4b6f5214f7f3107ed2b890ecb895e09d80dc3716
release	UNKNOWN STEP	2025-10-26T20:24:26.6765601Z ##[endgroup]
release	UNKNOWN STEP	2025-10-26T20:24:26.6766288Z ##[group]Determining the checkout info
release	UNKNOWN STEP	2025-10-26T20:24:26.6767209Z ##[endgroup]
release	UNKNOWN STEP	2025-10-26T20:24:26.6771434Z [command]/usr/bin/git sparse-checkout disable
release	UNKNOWN STEP	2025-10-26T20:24:26.6807521Z [command]/usr/bin/git config --local --unset-all extensions.worktreeConfig
release	UNKNOWN STEP	2025-10-26T20:24:26.6833637Z ##[group]Checking out the ref
release	UNKNOWN STEP	2025-10-26T20:24:26.6837603Z [command]/usr/bin/git checkout --progress --force -B main refs/remotes/origin/main
release	UNKNOWN STEP	2025-10-26T20:24:26.7859322Z Switched to a new branch 'main'
release	UNKNOWN STEP	2025-10-26T20:24:26.7860682Z branch 'main' set up to track 'origin/main'.
release	UNKNOWN STEP	2025-10-26T20:24:26.7876367Z ##[endgroup]
release	UNKNOWN STEP	2025-10-26T20:24:26.7921177Z [command]/usr/bin/git log -1 --format=%H
release	UNKNOWN STEP	2025-10-26T20:24:26.7957135Z 4b6f5214f7f3107ed2b890ecb895e09d80dc3716
release	UNKNOWN STEP	2025-10-26T20:24:26.8228151Z ##[group]Run actions/setup-node@49933ea5288caeca8642d1e84afbd3f7d6820020
release	UNKNOWN STEP	2025-10-26T20:24:26.8228615Z with:
release	UNKNOWN STEP	2025-10-26T20:24:26.8228861Z   node-version-file: ./release/.nvmrc
release	UNKNOWN STEP	2025-10-26T20:24:26.8229144Z   cache: npm
release	UNKNOWN STEP	2025-10-26T20:24:26.8229351Z   always-auth: false
release	UNKNOWN STEP	2025-10-26T20:24:26.8229580Z   check-latest: false
release	UNKNOWN STEP	2025-10-26T20:24:26.8229988Z   token: ***
release	UNKNOWN STEP	2025-10-26T20:24:26.8230224Z ##[endgroup]
release	UNKNOWN STEP	2025-10-26T20:24:27.0090911Z Resolved ./release/.nvmrc as 20
release	UNKNOWN STEP	2025-10-26T20:24:27.0168762Z Found in cache @ /opt/hostedtoolcache/node/20.19.5/x64
release	UNKNOWN STEP	2025-10-26T20:24:27.0176613Z ##[group]Environment details
release	UNKNOWN STEP	2025-10-26T20:24:29.9841206Z node: v20.19.5
release	UNKNOWN STEP	2025-10-26T20:24:29.9841533Z npm: 10.8.2
release	UNKNOWN STEP	2025-10-26T20:24:29.9841797Z yarn: 1.22.22
release	UNKNOWN STEP	2025-10-26T20:24:29.9842730Z ##[endgroup]
release	UNKNOWN STEP	2025-10-26T20:24:29.9868742Z [command]/opt/hostedtoolcache/node/20.19.5/x64/bin/npm config get cache
release	UNKNOWN STEP	2025-10-26T20:24:30.3559991Z /home/runner/.npm
release	UNKNOWN STEP	2025-10-26T20:24:30.4980752Z npm cache is not found
release	UNKNOWN STEP	2025-10-26T20:24:30.5132026Z ##[group]Run npm ci
release	UNKNOWN STEP	2025-10-26T20:24:30.5132425Z [36;1mnpm ci[0m
release	UNKNOWN STEP	2025-10-26T20:24:30.5260693Z shell: /usr/bin/bash -e {0}
release	UNKNOWN STEP	2025-10-26T20:24:30.5261074Z ##[endgroup]
release	UNKNOWN STEP	2025-10-26T20:24:58.3412526Z 
release	UNKNOWN STEP	2025-10-26T20:24:58.3420771Z > @google/gemini-cli@0.12.0-nightly.20251022.0542de95 prepare
release	UNKNOWN STEP	2025-10-26T20:24:58.3421494Z > husky && npm run bundle
release	UNKNOWN STEP	2025-10-26T20:24:58.3421783Z 
release	UNKNOWN STEP	2025-10-26T20:24:58.5248066Z 
release	UNKNOWN STEP	2025-10-26T20:24:58.5249030Z > @google/gemini-cli@0.12.0-nightly.20251022.0542de95 bundle
release	UNKNOWN STEP	2025-10-26T20:24:58.5249885Z > npm run generate && node esbuild.config.js && node scripts/copy_bundle_assets.js
release	UNKNOWN STEP	2025-10-26T20:24:58.5250302Z 
release	UNKNOWN STEP	2025-10-26T20:24:58.6663192Z 
release	UNKNOWN STEP	2025-10-26T20:24:58.6664443Z > @google/gemini-cli@0.12.0-nightly.20251022.0542de95 generate
release	UNKNOWN STEP	2025-10-26T20:24:58.6665448Z > node scripts/generate-git-commit-info.js
release	UNKNOWN STEP	2025-10-26T20:24:58.6666087Z 
release	UNKNOWN STEP	2025-10-26T20:25:00.6562183Z Assets copied to bundle/
release	UNKNOWN STEP	2025-10-26T20:25:00.6847524Z 
release	UNKNOWN STEP	2025-10-26T20:25:00.6849222Z added 1303 packages, and audited 1309 packages in 30s
release	UNKNOWN STEP	2025-10-26T20:25:00.6849712Z 
release	UNKNOWN STEP	2025-10-26T20:25:00.6850553Z 334 packages are looking for funding
release	UNKNOWN STEP	2025-10-26T20:25:00.6851519Z   run `npm fund` for details
release	UNKNOWN STEP	2025-10-26T20:25:00.6864335Z 
release	UNKNOWN STEP	2025-10-26T20:25:00.6864685Z found 0 vulnerabilities
release	UNKNOWN STEP	2025-10-26T20:25:00.7291768Z ##[group]Run echo "$JSON_INPUTS"
release	UNKNOWN STEP	2025-10-26T20:25:00.7292081Z [36;1mecho "$JSON_INPUTS"[0m
release	UNKNOWN STEP	2025-10-26T20:25:00.7327516Z shell: /usr/bin/bash --noprofile --norc -e -o pipefail {0}
release	UNKNOWN STEP	2025-10-26T20:25:00.7327930Z env:
release	UNKNOWN STEP	2025-10-26T20:25:00.7328148Z   JSON_INPUTS: null
release	UNKNOWN STEP	2025-10-26T20:25:00.7328401Z ##[endgroup]
release	UNKNOWN STEP	2025-10-26T20:25:00.7385063Z null
release	UNKNOWN STEP	2025-10-26T20:25:00.7492939Z Prepare all required actions
release	UNKNOWN STEP	2025-10-26T20:25:00.7529234Z ##[group]Run ./.github/actions/calculate-vars
release	UNKNOWN STEP	2025-10-26T20:25:00.7529529Z with:
release	UNKNOWN STEP	2025-10-26T20:25:00.7529718Z ##[endgroup]
release	UNKNOWN STEP	2025-10-26T20:25:00.7612420Z ##[group]Run echo "$JSON_INPUTS"
release	UNKNOWN STEP	2025-10-26T20:25:00.7612702Z [36;1mecho "$JSON_INPUTS"[0m
release	UNKNOWN STEP	2025-10-26T20:25:00.7643744Z shell: /usr/bin/bash --noprofile --norc -e -o pipefail {0}
release	UNKNOWN STEP	2025-10-26T20:25:00.7644123Z env:
release	UNKNOWN STEP	2025-10-26T20:25:00.7644332Z   JSON_INPUTS: {
release	UNKNOWN STEP	  "dry_run": ""
release	UNKNOWN STEP	}
release	UNKNOWN STEP	2025-10-26T20:25:00.7644618Z ##[endgroup]
release	UNKNOWN STEP	2025-10-26T20:25:00.7698559Z {
release	UNKNOWN STEP	2025-10-26T20:25:00.7699210Z   "dry_run": ""
release	UNKNOWN STEP	2025-10-26T20:25:00.7699689Z }
release	UNKNOWN STEP	2025-10-26T20:25:00.7723442Z ##[group]Run is_dry_run="true"
release	UNKNOWN STEP	2025-10-26T20:25:00.7723716Z [36;1mis_dry_run="true"[0m
release	UNKNOWN STEP	2025-10-26T20:25:00.7724064Z [36;1mif [[ "${DRY_RUN_INPUT}" == "" || "${DRY_RUN_INPUT}" == "false" ]]; then[0m
release	UNKNOWN STEP	2025-10-26T20:25:00.7724473Z [36;1m  is_dry_run="false"[0m
release	UNKNOWN STEP	2025-10-26T20:25:00.7724722Z [36;1mfi[0m
release	UNKNOWN STEP	2025-10-26T20:25:00.7725040Z [36;1mecho "is_dry_run=${is_dry_run}" >> "${GITHUB_OUTPUT}"[0m
release	UNKNOWN STEP	2025-10-26T20:25:00.7754937Z shell: /usr/bin/bash --noprofile --norc -e -o pipefail {0}
release	UNKNOWN STEP	2025-10-26T20:25:00.7755351Z env:
release	UNKNOWN STEP	2025-10-26T20:25:00.7755571Z   DRY_RUN_INPUT: 
release	UNKNOWN STEP	2025-10-26T20:25:00.7755968Z ##[endgroup]
release	UNKNOWN STEP	2025-10-26T20:25:00.7874242Z ##[group]Run echo "$JSON_VARS"
release	UNKNOWN STEP	2025-10-26T20:25:00.7874538Z [36;1mecho "$JSON_VARS"[0m
release	UNKNOWN STEP	2025-10-26T20:25:00.7904956Z shell: /usr/bin/bash --noprofile --norc -e -o pipefail {0}
release	UNKNOWN STEP	2025-10-26T20:25:00.7905371Z env:
release	UNKNOWN STEP	2025-10-26T20:25:00.7905614Z   JSON_VARS: {
release	UNKNOWN STEP	  "is_dry_run": "false"
release	UNKNOWN STEP	}
release	UNKNOWN STEP	2025-10-26T20:25:00.7906145Z ##[endgroup]
release	UNKNOWN STEP	2025-10-26T20:25:00.7959641Z {
release	UNKNOWN STEP	2025-10-26T20:25:00.7959985Z   "is_dry_run": "false"
release	UNKNOWN STEP	2025-10-26T20:25:00.7960260Z }
release	UNKNOWN STEP	2025-10-26T20:25:00.7999721Z Prepare all required actions
release	UNKNOWN STEP	2025-10-26T20:25:00.8029882Z ##[group]Run ./.github/actions/run-tests
release	UNKNOWN STEP	2025-10-26T20:25:00.8030154Z with:
release	UNKNOWN STEP	2025-10-26T20:25:00.8030358Z   working-directory: ./release
release	UNKNOWN STEP	2025-10-26T20:25:00.8030599Z ##[endgroup]
release	UNKNOWN STEP	2025-10-26T20:25:00.8044541Z ##[group]Run echo "$JSON_INPUTS"
release	UNKNOWN STEP	2025-10-26T20:25:00.8044824Z [36;1mecho "$JSON_INPUTS"[0m
release	UNKNOWN STEP	2025-10-26T20:25:00.8076166Z shell: /usr/bin/bash --noprofile --norc -e -o pipefail {0}
release	UNKNOWN STEP	2025-10-26T20:25:00.8076577Z env:
release	UNKNOWN STEP	2025-10-26T20:25:00.8076901Z   JSON_INPUTS: {
release	UNKNOWN STEP	  "gemini_api_key": "",
release	UNKNOWN STEP	  "working-directory": "./release"
release	UNKNOWN STEP	}
release	UNKNOWN STEP	2025-10-26T20:25:00.8077317Z ##[endgroup]
release	UNKNOWN STEP	2025-10-26T20:25:00.8129595Z {
release	UNKNOWN STEP	2025-10-26T20:25:00.8129995Z   "gemini_api_key": "",
release	UNKNOWN STEP	2025-10-26T20:25:00.8130519Z   "working-directory": "./release"
release	UNKNOWN STEP	2025-10-26T20:25:00.8130845Z }
release	UNKNOWN STEP	2025-10-26T20:25:00.8150037Z ##[group]Run echo "::group::Build"
release	UNKNOWN STEP	2025-10-26T20:25:00.8150351Z [36;1mecho "::group::Build"[0m
release	UNKNOWN STEP	2025-10-26T20:25:00.8150619Z [36;1mnpm run build[0m
release	UNKNOWN STEP	2025-10-26T20:25:00.8150915Z [36;1mecho "::endgroup::"[0m
release	UNKNOWN STEP	2025-10-26T20:25:00.8151191Z [36;1mecho "::group::Unit Tests"[0m
release	UNKNOWN STEP	2025-10-26T20:25:00.8151483Z [36;1mnpm run test:ci[0m
release	UNKNOWN STEP	2025-10-26T20:25:00.8151753Z [36;1mecho "::endgroup::"[0m
release	UNKNOWN STEP	2025-10-26T20:25:00.8152114Z [36;1mecho "::group::Integration Tests (no sandbox)"[0m
release	UNKNOWN STEP	2025-10-26T20:25:00.8152498Z [36;1mnpm run test:integration:sandbox:none[0m
release	UNKNOWN STEP	2025-10-26T20:25:00.8152818Z [36;1mecho "::endgroup::"[0m
release	UNKNOWN STEP	2025-10-26T20:25:00.8153152Z [36;1mecho "::group::Integration Tests (docker sandbox)"[0m
release	UNKNOWN STEP	2025-10-26T20:25:00.8153545Z [36;1mnpm run test:integration:sandbox:docker[0m
release	UNKNOWN STEP	2025-10-26T20:25:00.8154054Z [36;1mecho "::endgroup::"[0m
release	UNKNOWN STEP	2025-10-26T20:25:00.8184818Z shell: /usr/bin/bash --noprofile --norc -e -o pipefail {0}
release	UNKNOWN STEP	2025-10-26T20:25:00.8185225Z env:
release	UNKNOWN STEP	2025-10-26T20:25:00.8185447Z   GEMINI_API_KEY: 
release	UNKNOWN STEP	2025-10-26T20:25:00.8185690Z ##[endgroup]
release	UNKNOWN STEP	2025-10-26T20:25:00.8238087Z ##[group]Build
release	UNKNOWN STEP	2025-10-26T20:25:00.9537601Z 
release	UNKNOWN STEP	2025-10-26T20:25:00.9538339Z > @google/gemini-cli@0.12.0-nightly.20251022.0542de95 build
release	UNKNOWN STEP	2025-10-26T20:25:00.9539034Z > node scripts/build.js
release	UNKNOWN STEP	2025-10-26T20:25:00.9539292Z 
release	UNKNOWN STEP	2025-10-26T20:25:01.1140042Z 
release	UNKNOWN STEP	2025-10-26T20:25:01.1140970Z > @google/gemini-cli@0.12.0-nightly.20251022.0542de95 generate
release	UNKNOWN STEP	2025-10-26T20:25:01.1141784Z > node scripts/generate-git-commit-info.js
release	UNKNOWN STEP	2025-10-26T20:25:01.3542711Z 
release	UNKNOWN STEP	2025-10-26T20:25:01.3542729Z 
release	UNKNOWN STEP	2025-10-26T20:25:01.3543629Z > @google/gemini-cli-a2a-server@0.12.0-nightly.20251022.0542de95 build
release	UNKNOWN STEP	2025-10-26T20:25:01.3544508Z > node ../../scripts/build_package.js
release	UNKNOWN STEP	2025-10-26T20:25:01.3544881Z 
release	UNKNOWN STEP	2025-10-26T20:25:07.6319952Z Successfully copied files.
release	UNKNOWN STEP	2025-10-26T20:25:07.6404266Z 
release	UNKNOWN STEP	2025-10-26T20:25:07.6405262Z > @google/gemini-cli@0.12.0-nightly.20251022.0542de95 build
release	UNKNOWN STEP	2025-10-26T20:25:07.6406127Z > node ../../scripts/build_package.js
release	UNKNOWN STEP	2025-10-26T20:25:07.6406418Z 
release	UNKNOWN STEP	2025-10-26T20:25:30.0658662Z Successfully copied files.
release	UNKNOWN STEP	2025-10-26T20:25:30.0750055Z 
release	UNKNOWN STEP	2025-10-26T20:25:30.0751126Z > @google/gemini-cli-core@0.12.0-nightly.20251022.0542de95 build
release	UNKNOWN STEP	2025-10-26T20:25:30.0752530Z > node ../../scripts/build_package.js
release	UNKNOWN STEP	2025-10-26T20:25:30.0753065Z 
release	UNKNOWN STEP	2025-10-26T20:25:30.4140720Z Successfully copied files.
release	UNKNOWN STEP	2025-10-26T20:25:30.4227919Z 
release	UNKNOWN STEP	2025-10-26T20:25:30.4228849Z > @google/gemini-cli-test-utils@0.12.0-nightly.20251022.0542de95 build
release	UNKNOWN STEP	2025-10-26T20:25:30.4229931Z > node ../../scripts/build_package.js
release	UNKNOWN STEP	2025-10-26T20:25:30.4230379Z 
release	UNKNOWN STEP	2025-10-26T20:25:31.7148368Z Successfully copied files.
release	UNKNOWN STEP	2025-10-26T20:25:31.7236130Z 
release	UNKNOWN STEP	2025-10-26T20:25:31.7237016Z > gemini-cli-vscode-ide-companion@0.12.0-nightly.20251022.0542de95 build
release	UNKNOWN STEP	2025-10-26T20:25:31.7238071Z > npm run build:dev
release	UNKNOWN STEP	2025-10-26T20:25:31.7238426Z 
release	UNKNOWN STEP	2025-10-26T20:25:31.8627912Z 
release	UNKNOWN STEP	2025-10-26T20:25:31.8629161Z > gemini-cli-vscode-ide-companion@0.12.0-nightly.20251022.0542de95 build:dev
release	UNKNOWN STEP	2025-10-26T20:25:31.8630294Z > npm run check-types && npm run lint && node esbuild.js
release	UNKNOWN STEP	2025-10-26T20:25:31.8630698Z 
release	UNKNOWN STEP	2025-10-26T20:25:32.0074141Z 
release	UNKNOWN STEP	2025-10-26T20:25:32.0076801Z > gemini-cli-vscode-ide-companion@0.12.0-nightly.20251022.0542de95 check-types
release	UNKNOWN STEP	2025-10-26T20:25:32.0078171Z > tsc --noEmit
release	UNKNOWN STEP	2025-10-26T20:25:32.0078417Z 
release	UNKNOWN STEP	2025-10-26T20:25:35.0976867Z 
release	UNKNOWN STEP	2025-10-26T20:25:35.0977945Z > gemini-cli-vscode-ide-companion@0.12.0-nightly.20251022.0542de95 lint
release	UNKNOWN STEP	2025-10-26T20:25:35.0978837Z > eslint src
release	UNKNOWN STEP	2025-10-26T20:25:35.0979050Z 
release	UNKNOWN STEP	2025-10-26T20:25:36.4544323Z [watch] build started
release	UNKNOWN STEP	2025-10-26T20:25:36.5854950Z [watch] build finished
release	UNKNOWN STEP	2025-10-26T20:25:37.6776675Z ##[endgroup]
release	UNKNOWN STEP	2025-10-26T20:25:37.6777188Z ##[group]Unit Tests
release	UNKNOWN STEP	2025-10-26T20:25:37.8088051Z 
release	UNKNOWN STEP	2025-10-26T20:25:37.8088866Z > @google/gemini-cli@0.12.0-nightly.20251022.0542de95 test:ci
release	UNKNOWN STEP	2025-10-26T20:25:37.8089806Z > npm run test:ci --workspaces --if-present && npm run test:scripts
release	UNKNOWN STEP	2025-10-26T20:25:37.8090254Z 
release	UNKNOWN STEP	2025-10-26T20:25:37.9528136Z 
release	UNKNOWN STEP	2025-10-26T20:25:37.9529169Z > @google/gemini-cli-a2a-server@0.12.0-nightly.20251022.0542de95 test:ci
release	UNKNOWN STEP	2025-10-26T20:25:37.9530111Z > vitest run --coverage
release	UNKNOWN STEP	2025-10-26T20:25:37.9530402Z 
release	UNKNOWN STEP	2025-10-26T20:25:38.4161988Z 
release	UNKNOWN STEP	2025-10-26T20:25:38.4164261Z [1m[46m RUN [49m[22m [36mv3.2.4 [39m[90m/home/runner/work/gemini-cli/gemini-cli/release/packages/a2a-server[39m
release	UNKNOWN STEP	2025-10-26T20:25:38.4165521Z       [2mCoverage enabled with [22m[33mv8[39m
release	UNKNOWN STEP	2025-10-26T20:25:38.4166138Z 
release	UNKNOWN STEP	2025-10-26T20:25:39.8501998Z  [32mâœ“[39m src/persistence/gcs.test.ts [2m([22m[2m12 tests[22m[2m)[22m[32m 35[2mms[22m[39m
release	UNKNOWN STEP	2025-10-26T20:25:42.7336848Z  [32mâœ“[39m src/agent/task.test.ts [2m([22m[2m2 tests[22m[2m)[22m[32m 24[2mms[22m[39m
release	UNKNOWN STEP	2025-10-26T20:25:42.7611463Z  [32mâœ“[39m src/http/endpoints.test.ts [2m([22m[2m5 tests[22m[2m)[22m[32m 74[2mms[22m[39m
release	UNKNOWN STEP	2025-10-26T20:25:43.1935397Z  [32mâœ“[39m src/http/app.test.ts [2m([22m[2m10 tests[22m[2m)[22m[32m 144[2mms[22m[39m
release	UNKNOWN STEP	2025-10-26T20:25:43.7038957Z  [32mâœ“[39m src/commands/command-registry.test.ts [2m([22m[2m3 tests[22m[2m)[22m[32m 13[2mms[22m[39m
release	UNKNOWN STEP	2025-10-26T20:25:44.9541973Z  [32mâœ“[39m src/commands/list-extensions.test.ts [2m([22m[2m2 tests[22m[2m)[22m[32m 5[2mms[22m[39m
release	UNKNOWN STEP	2025-10-26T20:25:45.3153678Z 
release	UNKNOWN STEP	2025-10-26T20:25:45.3158188Z [2m Test Files [22m [1m[32m6 passed[39m[22m[90m (6)[39m
release	UNKNOWN STEP	2025-10-26T20:25:45.3159057Z [2m      Tests [22m [1m[32m34 passed[39m[22m[90m (34)[39m
release	UNKNOWN STEP	2025-10-26T20:25:45.3167832Z [2m   Start at [22m 20:25:38
release	UNKNOWN STEP	2025-10-26T20:25:45.3169264Z [2m   Duration [22m 6.90s[2m (transform 1.56s, setup 0ms, collect 9.96s, tests 295ms, environment 3.67s, prepare 691ms)[22m
release	UNKNOWN STEP	2025-10-26T20:25:45.3169955Z 
release	UNKNOWN STEP	2025-10-26T20:25:45.3395291Z JUNIT report written to /home/runner/work/gemini-cli/gemini-cli/release/packages/a2a-server/junit.xml
release	UNKNOWN STEP	2025-10-26T20:25:45.3405053Z [34m % [39m[2mCoverage report from [22m[33mv8[39m
release	UNKNOWN STEP	2025-10-26T20:25:45.4526321Z 
release	UNKNOWN STEP	2025-10-26T20:25:45.4527238Z > @google/gemini-cli@0.12.0-nightly.20251022.0542de95 test:ci
release	UNKNOWN STEP	2025-10-26T20:25:45.4527996Z > vitest run
release	UNKNOWN STEP	2025-10-26T20:25:45.4528261Z 
release	UNKNOWN STEP	2025-10-26T20:25:45.9132186Z 
release	UNKNOWN STEP	2025-10-26T20:25:45.9134755Z [1m[46m RUN [49m[22m [36mv3.2.4 [39m[90m/home/runner/work/gemini-cli/gemini-cli/release/packages/cli[39m
release	UNKNOWN STEP	2025-10-26T20:25:45.9136169Z       [2mCoverage enabled with [22m[33mv8[39m
release	UNKNOWN STEP	2025-10-26T20:25:45.9136647Z 
release	UNKNOWN STEP	2025-10-26T20:25:50.3741047Z  [32mâœ“[39m src/ui/components/shared/text-buffer.test.ts [2m([22m[2m117 tests[22m[2m)[22m[32m 282[2mms[22m[39m
release	UNKNOWN STEP	2025-10-26T20:25:50.7734923Z  [32mâœ“[39m src/ui/hooks/useGeminiStream.test.tsx [2m([22m[2m44 tests[22m[2m)[22m[33m 654[2mms[22m[39m
release	UNKNOWN STEP	2025-10-26T20:25:50.8005783Z  [32mâœ“[39m src/config/extension.test.ts [2m([22m[2m64 tests[22m[2m)[22m[32m 278[2mms[22m[39m
release	UNKNOWN STEP	2025-10-26T20:25:54.0628407Z  [32mâœ“[39m src/ui/hooks/useToolScheduler.test.ts [2m([22m[2m21 tests[22m[2m)[22m[32m 157[2mms[22m[39m
release	UNKNOWN STEP	2025-10-26T20:25:54.7917953Z  [32mâœ“[39m src/ui/contexts/KeypressContext.test.tsx [2m([22m[2m70 tests[22m[2m)[22m[32m 295[2mms[22m[39m
release	UNKNOWN STEP	2025-10-26T20:25:57.3745441Z  [32mâœ“[39m src/ui/hooks/useSlashCompletion.test.ts [2m([22m[2m21 tests[22m[2m)[22m[33m 443[2mms[22m[39m
release	UNKNOWN STEP	2025-10-26T20:25:58.1385747Z  [32mâœ“[39m src/ui/hooks/useAutoAcceptIndicator.test.ts [2m([22m[2m17 tests[22m[2m)[22m[32m 74[2mms[22m[39m
release	UNKNOWN STEP	2025-10-26T20:25:59.6584150Z  [32mâœ“[39m src/ui/components/SettingsDialog.test.tsx [2m([22m[2m54 tests[22m[2m)[22m[33m 5449[2mms[22m[39m
release	UNKNOWN STEP	2025-10-26T20:25:59.6607933Z    [33m[2mâœ“[22m[39m SettingsDialog[2m > [22mRace Condition Regression Tests[2m > [22mshould not reset sibling settings when toggling a nested setting multiple times [33m 378[2mms[22m[39m
release	UNKNOWN STEP	2025-10-26T20:25:59.6610177Z    [33m[2mâœ“[22m[39m SettingsDialog[2m > [22mString Settings Editing[2m > [22mshould allow editing and committing a string setting [33m 642[2mms[22m[39m
release	UNKNOWN STEP	2025-10-26T20:26:01.3987684Z  [32mâœ“[39m src/ui/components/shared/BaseSelectionList.test.tsx [2m([22m[2m26 tests[22m[2m)[22m[33m 529[2mms[22m[39m
release	UNKNOWN STEP	2025-10-26T20:26:02.6538121Z  [32mâœ“[39m src/ui/hooks/useAtCompletion.test.ts [2m([22m[2m14 tests[22m[2m)[22m[33m 1130[2mms[22m[39m
release	UNKNOWN STEP	2025-10-26T20:26:03.2557476Z  [32mâœ“[39m src/config/extensions/update.test.ts [2m([22m[2m8 tests[22m[2m)[22m[32m 264[2mms[22m[39m
release	UNKNOWN STEP	2025-10-26T20:26:04.4103433Z  [32mâœ“[39m src/ui/hooks/useQuotaAndFallback.test.ts [2m([22m[2m12 tests[22m[2m)[22m[32m 81[2mms[22m[39m
release	UNKNOWN STEP	2025-10-26T20:26:05.8102471Z  [32mâœ“[39m src/ui/hooks/useInputHistoryStore.test.ts [2m([22m[2m14 tests[22m[2m)[22m[32m 79[2mms[22m[39m
release	UNKNOWN STEP	2025-10-26T20:26:07.0243471Z  [32mâœ“[39m src/ui/hooks/useReverseSearchCompletion.test.tsx [2m([22m[2m10 tests[22m[2m)[22m[32m 64[2mms[22m[39m
release	UNKNOWN STEP	2025-10-26T20:26:07.0338254Z  [32mâœ“[39m src/ui/hooks/useInputHistory.test.ts [2m([22m[2m11 tests[22m[2m)[22m[32m 39[2mms[22m[39m
release	UNKNOWN STEP	2025-10-26T20:26:08.2050203Z  [32mâœ“[39m src/ui/hooks/usePermissionsModifyTrust.test.ts [2m([22m[2m8 tests[22m[2m)[22m[32m 56[2mms[22m[39m
release	UNKNOWN STEP	2025-10-26T20:26:08.2828775Z  [32mâœ“[39m src/ui/hooks/useShellHistory.test.ts [2m([22m[2m7 tests[22m[2m)[22m[33m 574[2mms[22m[39m
release	UNKNOWN STEP	2025-10-26T20:26:09.5009454Z  [32mâœ“[39m src/ui/hooks/usePhraseCycler.test.ts [2m([22m[2m9 tests[22m[2m)[22m[32m 51[2mms[22m[39m
release	UNKNOWN STEP	2025-10-26T20:26:10.6031083Z  [32mâœ“[39m src/ui/hooks/useFolderTrust.test.ts [2m([22m[2m11 tests[22m[2m)[22m[32m 62[2mms[22m[39m
release	UNKNOWN STEP	2025-10-26T20:26:11.9258901Z  [32mâœ“[39m src/ui/hooks/useHistoryManager.test.ts [2m([22m[2m8 tests[22m[2m)[22m[32m 49[2mms[22m[39m
release	UNKNOWN STEP	2025-10-26T20:26:12.3397072Z  [32mâœ“[39m src/ui/components/PermissionsModifyTrustDialog.test.tsx [2m([22m[2m7 tests[22m[2m)[22m[32m 241[2mms[22m[39m
release	UNKNOWN STEP	2025-10-26T20:26:12.8664172Z  [32mâœ“[39m src/ui/components/ModelDialog.test.tsx [2m([22m[2m9 tests[22m[2m)[22m[32m 100[2mms[22m[39m
release	UNKNOWN STEP	2025-10-26T20:26:14.4313674Z  [32mâœ“[39m src/ui/hooks/useFlickerDetector.test.ts [2m([22m[2m6 tests[22m[2m)[22m[32m 39[2mms[22m[39m
release	UNKNOWN STEP	2025-10-26T20:26:15.4232229Z  [32mâœ“[39m src/ui/contexts/SessionContext.test.tsx [2m([22m[2m4 tests[22m[2m)[22m[32m 52[2mms[22m[39m
release	UNKNOWN STEP	2025-10-26T20:26:17.3414220Z  [32mâœ“[39m src/ui/components/FolderTrustDialog.test.tsx [2m([22m[2m8 tests[22m[2m)[22m[33m 362[2mms[22m[39m
release	UNKNOWN STEP	2025-10-26T20:26:17.6388493Z  [32mâœ“[39m src/ui/hooks/useReactToolScheduler.test.ts [2m([22m[2m1 test[22m[2m)[22m[32m 28[2mms[22m[39m
release	UNKNOWN STEP	2025-10-26T20:26:19.2252847Z  [32mâœ“[39m src/ui/components/Help.test.tsx [2m([22m[2m2 tests[22m[2m)[22m[32m 129[2mms[22m[39m
release	UNKNOWN STEP	2025-10-26T20:26:21.5065014Z  [32mâœ“[39m src/config/settings.test.ts [2m([22m[2m81 tests[22m[2m)[22m[32m 96[2mms[22m[39m
release	UNKNOWN STEP	2025-10-26T20:26:22.4192416Z  [32mâœ“[39m src/config/config.test.ts [2m([22m[2m147 tests[22m[2m | [22m[33m1 skipped[39m[2m)[22m[33m 852[2mms[22m[39m
release	UNKNOWN STEP	2025-10-26T20:26:24.5309070Z  [32mâœ“[39m src/ui/hooks/vim.test.tsx [2m([22m[2m87 tests[22m[2m)[22m[33m 628[2mms[22m[39m
release	UNKNOWN STEP	2025-10-26T20:26:24.9047707Z  [32mâœ“[39m src/ui/components/InputPrompt.test.tsx [2m([22m[2m97 tests[22m[2m)[22m[33m 2139[2mms[22m[39m
release	UNKNOWN STEP	2025-10-26T20:26:25.7920533Z  [32mâœ“[39m src/utils/sessionCleanup.test.ts [2m([22m[2m70 tests[22m[2m)[22m[32m 110[2mms[22m[39m
release	UNKNOWN STEP	2025-10-26T20:26:27.3864725Z  [32mâœ“[39m src/ui/components/shared/vim-buffer-actions.test.ts [2m([22m[2m74 tests[22m[2m)[22m[32m 44[2mms[22m[39m
release	UNKNOWN STEP	2025-10-26T20:26:28.0378614Z (node:3825) MaxListenersExceededWarning: Possible EventTarget memory leak detected. 11 abort listeners added to [AbortSignal]. MaxListeners is 10. Use events.setMaxListeners() to increase limit
release	UNKNOWN STEP	2025-10-26T20:26:28.0380452Z (Use `node --trace-warnings ...` to show where the warning was created)
release	UNKNOWN STEP	2025-10-26T20:26:28.3237513Z  [32mâœ“[39m src/services/FileCommandLoader.test.ts [2m([22m[2m38 tests[22m[2m)[22m[32m 149[2mms[22m[39m
release	UNKNOWN STEP	2025-10-26T20:26:29.4946182Z  [32mâœ“[39m src/ui/AppContainer.test.tsx [2m([22m[2m41 tests[22m[2m)[22m[33m 606[2mms[22m[39m
release	UNKNOWN STEP	2025-10-26T20:26:29.7416992Z  [32mâœ“[39m src/utils/settingsUtils.test.ts [2m([22m[2m73 tests[22m[2m)[22m[32m 38[2mms[22m[39m
release	UNKNOWN STEP	2025-10-26T20:26:30.8693925Z (node:3871) MaxListenersExceededWarning: Possible EventEmitter memory leak detected. 11 error listeners added to [Socket]. MaxListeners is 10. Use emitter.setMaxListeners() to increase limit
release	UNKNOWN STEP	2025-10-26T20:26:30.8699979Z (Use `node --trace-warnings ...` to show where the warning was created)
release	UNKNOWN STEP	2025-10-26T20:26:31.0366509Z  [32mâœ“[39m src/nonInteractiveCli.test.ts [2m([22m[2m23 tests[22m[2m)[22m[32m 118[2mms[22m[39m
release	UNKNOWN STEP	2025-10-26T20:26:32.5282907Z  [32mâœ“[39m src/ui/hooks/atCommandProcessor.test.ts [2m([22m[2m39 tests[22m[2m)[22m[33m 529[2mms[22m[39m
release	UNKNOWN STEP	2025-10-26T20:26:34.1829023Z  [32mâœ“[39m src/ui/hooks/useSelectionList.test.tsx [2m([22m[2m44 tests[22m[2m)[22m[33m 551[2mms[22m[39m
release	UNKNOWN STEP	2025-10-26T20:26:34.3906300Z  [32mâœ“[39m src/services/prompt-processors/shellProcessor.test.ts [2m([22m[2m33 tests[22m[2m)[22m[32m 49[2mms[22m[39m
release	UNKNOWN STEP	2025-10-26T20:26:34.7788267Z  [32mâœ“[39m src/ui/hooks/slashCommandProcessor.test.tsx [2m([22m[2m35 tests[22m[2m)[22m[33m 2040[2mms[22m[39m
release	UNKNOWN STEP	2025-10-26T20:26:35.7068900Z  [32mâœ“[39m src/ui/hooks/shellCommandProcessor.test.tsx [2m([22m[2m20 tests[22m[2m)[22m[33m 428[2mms[22m[39m
release	UNKNOWN STEP	2025-10-26T20:26:37.1862565Z  [32mâœ“[39m src/ui/commands/chatCommand.test.ts [2m([22m[2m28 tests[22m[2m)[22m[32m 72[2mms[22m[39m
release	UNKNOWN STEP	2025-10-26T20:26:37.3931322Z  [32mâœ“[39m src/config/extensions/github.test.ts [2m([22m[2m30 tests[22m[2m)[22m[32m 90[2mms[22m[39m
release	UNKNOWN STEP	2025-10-26T20:26:39.2302355Z  [32mâœ“[39m src/ui/hooks/useCommandCompletion.test.tsx [2m([22m[2m21 tests[22m[2m)[22m[33m 652[2mms[22m[39m
release	UNKNOWN STEP	2025-10-26T20:26:39.4447630Z  [32mâœ“[39m src/ui/utils/commandUtils.test.ts [2m([22m[2m28 tests[22m[2m)[22m[32m 92[2mms[22m[39m
release	UNKNOWN STEP	2025-10-26T20:26:41.8647534Z  [32mâœ“[39m src/config/extensions/extensionEnablement.test.ts [2m([22m[2m43 tests[22m[2m)[22m[32m 37[2mms[22m[39m
release	UNKNOWN STEP	2025-10-26T20:26:42.2466357Z [?7l]2;Gemini - cli[?7l]2;Gemini - root[?7l]2;Gemini - root [32mâœ“[39m src/validateNonInterActiveAuth.test.ts [2m([22m[2m17 tests[22m[2m)[22m[32m 22[2mms[22m[39m
release	UNKNOWN STEP	2025-10-26T20:26:42.3436716Z  [32mâœ“[39m src/gemini.test.tsx [2m([22m[2m11 tests[22m[2m)[22m[33m 542[2mms[22m[39m
release	UNKNOWN STEP	2025-10-26T20:26:42.3444969Z    [33m[2mâœ“[22m[39m gemini.tsx main function[2m > [22mverifies that we dont load the config before relaunchAppInChildProcess [33m 518[2mms[22m[39m
release	UNKNOWN STEP	2025-10-26T20:26:43.8077997Z  [32mâœ“[39m src/config/policy.test.ts [2m([22m[2m17 tests[22m[2m)[22m[32m 11[2mms[22m[39m
release	UNKNOWN STEP	2025-10-26T20:26:44.2800569Z  [32mâœ“[39m src/services/McpPromptLoader.test.ts [2m([22m[2m25 tests[22m[2m)[22m[32m 21[2mms[22m[39m
release	UNKNOWN STEP	2025-10-26T20:26:45.7630422Z  [32mâœ“[39m src/utils/errors.test.ts [2m([22m[2m22 tests[22m[2m)[22m[32m 22[2mms[22m[39m
release	UNKNOWN STEP	2025-10-26T20:26:46.5324082Z (node:4270) MaxListenersExceededWarning: Possible EventEmitter memory leak detected. 11 mcp-client-update listeners added to [EventEmitter]. MaxListeners is 10. Use emitter.setMaxListeners() to increase limit
release	UNKNOWN STEP	2025-10-26T20:26:46.5327124Z (Use `node --trace-warnings ...` to show where the warning was created)
release	UNKNOWN STEP	2025-10-26T20:26:46.6865031Z  [32mâœ“[39m src/config/policy-engine.integration.test.ts [2m([22m[2m12 tests[22m[2m)[22m[32m 11[2mms[22m[39m
release	UNKNOWN STEP	2025-10-26T20:26:46.7134981Z  [32mâœ“[39m src/ui/components/Composer.test.tsx [2m([22m[2m20 tests[22m[2m)[22m[32m 188[2mms[22m[39m
release	UNKNOWN STEP	2025-10-26T20:26:47.0300802Z  [32mâœ“[39m src/ui/keyMatchers.test.ts [2m([22m[2m35 tests[22m[2m)[22m[32m 22[2mms[22m[39m
release	UNKNOWN STEP	2025-10-26T20:26:48.1233106Z  [32mâœ“[39m src/config/trustedFolders.test.ts [2m([22m[2m21 tests[22m[2m)[22m[32m 24[2mms[22m[39m
release	UNKNOWN STEP	2025-10-26T20:26:49.2314742Z  [32mâœ“[39m src/services/CommandService.test.ts [2m([22m[2m11 tests[22m[2m)[22m[32m 20[2mms[22m[39m
release	UNKNOWN STEP	2025-10-26T20:26:49.5063700Z  [32mâœ“[39m src/ui/commands/memoryCommand.test.ts [2m([22m[2m10 tests[22m[2m)[22m[32m 21[2mms[22m[39m
release	UNKNOWN STEP	2025-10-26T20:26:51.1916293Z  [32mâœ“[39m src/ui/components/shared/MaxSizedBox.test.tsx [2m([22m[2m21 tests[22m[2m)[22m[32m 179[2mms[22m[39m
release	UNKNOWN STEP	2025-10-26T20:26:51.6038310Z  [32mâœ“[39m src/utils/installationInfo.test.ts [2m([22m[2m16 tests[22m[2m)[22m[32m 19[2mms[22m[39m
release	UNKNOWN STEP	2025-10-26T20:26:51.6393415Z  [32mâœ“[39m src/config/settingsSchema.test.ts [2m([22m[2m15 tests[22m[2m)[22m[32m 23[2mms[22m[39m
release	UNKNOWN STEP	2025-10-26T20:26:51.9778025Z  [32mâœ“[39m src/utils/commentJson.test.ts [2m([22m[2m12 tests[22m[2m)[22m[32m 34[2mms[22m[39m
release	UNKNOWN STEP	2025-10-26T20:26:52.4514873Z  [32mâœ“[39m src/config/config.integration.test.ts [2m([22m[2m16 tests[22m[2m)[22m[33m 398[2mms[22m[39m
release	UNKNOWN STEP	2025-10-26T20:26:52.4517295Z    [33m[2mâœ“[22m[39m Configuration Integration Tests[2m > [22mApproval Mode Integration Tests[2m > [22mshould parse --approval-mode=auto_edit correctly through the full argument parsing flow [33m 303[2mms[22m[39m
release	UNKNOWN STEP	2025-10-26T20:26:54.7027198Z  [32mâœ“[39m src/commands/mcp/add.test.ts [2m([22m[2m18 tests[22m[2m)[22m[32m 155[2mms[22m[39m
release	UNKNOWN STEP	2025-10-26T20:26:54.8841068Z  [32mâœ“[39m src/ui/components/messages/ToolGroupMessage.test.tsx [2m([22m[2m14 tests[22m[2m)[22m[32m 159[2mms[22m[39m
release	UNKNOWN STEP	2025-10-26T20:26:55.7390084Z  [32mâœ“[39m src/ui/components/StatsDisplay.test.tsx [2m([22m[2m12 tests[22m[2m)[22m[33m 413[2mms[22m[39m
release	UNKNOWN STEP	2025-10-26T20:26:55.8522505Z  [32mâœ“[39m src/ui/hooks/useMessageQueue.test.tsx [2m([22m[2m14 tests[22m[2m)[22m[32m 166[2mms[22m[39m
release	UNKNOWN STEP	2025-10-26T20:26:58.1187191Z  [32mâœ“[39m src/utils/relaunch.test.ts [2m([22m[2m8 tests[22m[2m)[22m[32m 16[2mms[22m[39m
release	UNKNOWN STEP	2025-10-26T20:26:58.3135641Z  [32mâœ“[39m src/ui/components/messages/DiffRenderer.test.tsx [2m([22m[2m13 tests[22m[2m)[22m[33m 462[2mms[22m[39m
release	UNKNOWN STEP	2025-10-26T20:26:58.9480128Z  [32mâœ“[39m src/ui/components/LoadingIndicator.test.tsx [2m([22m[2m16 tests[22m[2m)[22m[32m 132[2mms[22m[39m
release	UNKNOWN STEP	2025-10-26T20:27:00.5699340Z  [32mâœ“[39m src/ui/commands/extensionsCommand.test.ts [2m([22m[2m11 tests[22m[2m)[22m[32m 22[2mms[22m[39m
release	UNKNOWN STEP	2025-10-26T20:27:01.3272352Z  [32mâœ“[39m src/utils/handleAutoUpdate.test.ts [2m([22m[2m13 tests[22m[2m)[22m[32m 23[2mms[22m[39m
release	UNKNOWN STEP	2025-10-26T20:27:01.6619156Z  [32mâœ“[39m src/ui/hooks/useExtensionUpdates.test.tsx [2m([22m[2m4 tests[22m[2m)[22m[33m 315[2mms[22m[39m
release	UNKNOWN STEP	2025-10-26T20:27:03.6678809Z  [32mâœ“[39m src/ui/auth/AuthDialog.test.tsx [2m([22m[2m14 tests[22m[2m)[22m[32m 267[2mms[22m[39m
release	UNKNOWN STEP	2025-10-26T20:27:03.6862691Z  [32mâœ“[39m src/ui/commands/restoreCommand.test.ts [2m([22m[2m13 tests[22m[2m)[22m[32m 72[2mms[22m[39m
release	UNKNOWN STEP	2025-10-26T20:27:04.1533176Z  [32mâœ“[39m src/ui/commands/ideCommand.test.ts [2m([22m[2m8 tests[22m[2m)[22m[32m 21[2mms[22m[39m
release	UNKNOWN STEP	2025-10-26T20:27:06.5116323Z  [32mâœ“[39m src/services/BuiltinCommandLoader.test.ts [2m([22m[2m10 tests[22m[2m)[22m[33m 479[2mms[22m[39m
release	UNKNOWN STEP	2025-10-26T20:27:06.5409400Z  [32mâœ“[39m src/ui/themes/color-utils.test.ts [2m([22m[2m16 tests[22m[2m)[22m[32m 21[2mms[22m[39m
release	UNKNOWN STEP	2025-10-26T20:27:06.7833191Z  [32mâœ“[39m src/ui/components/Footer.test.tsx [2m([22m[2m17 tests[22m[2m)[22m[32m 121[2mms[22m[39m
release	UNKNOWN STEP	2025-10-26T20:27:07.2108053Z  [32mâœ“[39m src/utils/envVarResolver.test.ts [2m([22m[2m16 tests[22m[2m)[22m[32m 17[2mms[22m[39m
release	UNKNOWN STEP	2025-10-26T20:27:07.5589875Z  [32mâœ“[39m src/services/prompt-processors/injectionParser.test.ts [2m([22m[2m21 tests[22m[2m)[22m[32m 14[2mms[22m[39m
release	UNKNOWN STEP	2025-10-26T20:27:08.9115134Z  [32mâœ“[39m src/ui/commands/copyCommand.test.ts [2m([22m[2m11 tests[22m[2m)[22m[32m 22[2mms[22m[39m
release	UNKNOWN STEP	2025-10-26T20:27:09.5263648Z  [32mâœ“[39m src/ui/hooks/useKeypress.test.tsx [2m([22m[2m23 tests[22m[2m)[22m[33m 365[2mms[22m[39m
release	UNKNOWN STEP	2025-10-26T20:27:09.7881733Z  [32mâœ“[39m src/utils/sessionCleanup.integration.test.ts [2m([22m[2m5 tests[22m[2m)[22m[32m 22[2mms[22m[39m
release	UNKNOWN STEP	2025-10-26T20:27:11.2702945Z  [32mâœ“[39m src/services/prompt-processors/atFileProcessor.test.ts [2m([22m[2m11 tests[22m[2m)[22m[32m 23[2mms[22m[39m
release	UNKNOWN STEP	2025-10-26T20:27:12.3751147Z  [32mâœ“[39m src/ui/components/ModelStatsDisplay.test.tsx [2m([22m[2m6 tests[22m[2m)[22m[32m 239[2mms[22m[39m
release	UNKNOWN STEP	2025-10-26T20:27:13.0115506Z  [32mâœ“[39m src/ui/components/messages/ToolMessage.test.tsx [2m([22m[2m12 tests[22m[2m)[22m[32m 117[2mms[22m[39m
release	UNKNOWN STEP	2025-10-26T20:27:14.1157442Z  [32mâœ“[39m src/ui/hooks/useIdeTrustListener.test.tsx [2m([22m[2m5 tests[22m[2m)[22m[32m 50[2mms[22m[39m
release	UNKNOWN STEP	2025-10-26T20:27:14.4777658Z  [32mâœ“[39m src/ui/utils/computeStats.test.ts [2m([22m[2m12 tests[22m[2m)[22m[32m 12[2mms[22m[39m
release	UNKNOWN STEP	2025-10-26T20:27:15.0603720Z  [32mâœ“[39m src/ui/commands/setupGithubCommand.test.ts [2m([22m[2m8 tests[22m[2m)[22m[32m 89[2mms[22m[39m
release	UNKNOWN STEP	2025-10-26T20:27:16.4327043Z  [32mâœ“[39m src/ui/components/HistoryItemDisplay.test.tsx [2m([22m[2m13 tests[22m[2m)[22m[33m 397[2mms[22m[39m
release	UNKNOWN STEP	2025-10-26T20:27:17.3781549Z  [32mâœ“[39m src/ui/hooks/useGitBranchName.test.tsx [2m([22m[2m7 tests[22m[2m)[22m[32m 58[2mms[22m[39m
release	UNKNOWN STEP	2025-10-26T20:27:17.9194361Z  [32mâœ“[39m src/ui/hooks/useEditorSettings.test.tsx [2m([22m[2m10 tests[22m[2m)[22m[32m 51[2mms[22m[39m
release	UNKNOWN STEP	2025-10-26T20:27:19.3082649Z  [32mâœ“[39m src/commands/mcp/remove.test.ts [2m([22m[2m6 tests[22m[2m)[22m[32m 79[2mms[22m[39m
release	UNKNOWN STEP	2025-10-26T20:27:19.6598035Z  [32mâœ“[39m src/config/extensions/github_fetch.test.ts [2m([22m[2m8 tests[22m[2m)[22m[32m 13[2mms[22m[39m
release	UNKNOWN STEP	2025-10-26T20:27:20.0246123Z  [32mâœ“[39m src/ui/utils/textUtils.test.ts [2m([22m[2m9 tests[22m[2m)[22m[32m 14[2mms[22m[39m
release	UNKNOWN STEP	2025-10-26T20:27:20.2019876Z  [32mâœ“[39m src/ui/components/messages/CompressionMessage.test.tsx [2m([22m[2m8 tests[22m[2m)[22m[32m 114[2mms[22m[39m
release	UNKNOWN STEP	2025-10-26T20:27:20.2647783Z  [32mâœ“[39m src/ui/commands/directoryCommand.test.tsx [2m([22m[2m7 tests[22m[2m)[22m[32m 20[2mms[22m[39m
release	UNKNOWN STEP	2025-10-26T20:27:22.3637952Z  [32mâœ“[39m src/ui/commands/mcpCommand.test.ts [2m([22m[2m5 tests[22m[2m)[22m[32m 20[2mms[22m[39m
release	UNKNOWN STEP	2025-10-26T20:27:23.3103452Z  [32mâœ“[39m src/ui/components/ToolStatsDisplay.test.tsx [2m([22m[2m5 tests[22m[2m)[22m[32m 203[2mms[22m[39m
release	UNKNOWN STEP	2025-10-26T20:27:23.9128352Z  [32mâœ“[39m src/ui/utils/MarkdownDisplay.test.tsx [2m([22m[2m30 tests[22m[2m)[22m[33m 453[2mms[22m[39m
release	UNKNOWN STEP	2025-10-26T20:27:24.7107790Z  [32mâœ“[39m src/ui/themes/theme-manager.test.ts [2m([22m[2m12 tests[22m[2m)[22m[32m 38[2mms[22m[39m
release	UNKNOWN STEP	2025-10-26T20:27:25.3538407Z  [32mâœ“[39m src/commands/mcp/list.test.ts [2m([22m[2m4 tests[22m[2m)[22m[32m 14[2mms[22m[39m
release	UNKNOWN STEP	2025-10-26T20:27:25.7710078Z  [32mâœ“[39m src/utils/deepMerge.test.ts [2m([22m[2m13 tests[22m[2m)[22m[32m 11[2mms[22m[39m
release	UNKNOWN STEP	2025-10-26T20:27:26.9985344Z  [32mâœ“[39m src/ui/components/shared/RadioButtonSelect.test.tsx [2m([22m[2m5 tests[22m[2m)[22m[32m 45[2mms[22m[39m
release	UNKNOWN STEP	2025-10-26T20:27:27.9137908Z  [32mâœ“[39m src/ui/hooks/useLoadingIndicator.test.tsx [2m([22m[2m5 tests[22m[2m)[22m[32m 63[2mms[22m[39m
release	UNKNOWN STEP	2025-10-26T20:27:28.0462401Z  [32mâœ“[39m src/ui/components/DebugProfiler.test.tsx [2m([22m[2m10 tests[22m[2m)[22m[32m 19[2mms[22m[39m
release	UNKNOWN STEP	2025-10-26T20:27:28.1389486Z  [32mâœ“[39m src/config/extensions/extensionSettings.test.ts [2m([22m[2m6 tests[22m[2m)[22m[32m 20[2mms[22m[39m
release	UNKNOWN STEP	2025-10-26T20:27:30.4350627Z  [32mâœ“[39m src/ui/commands/aboutCommand.test.ts [2m([22m[2m5 tests[22m[2m)[22m[32m 14[2mms[22m[39m
release	UNKNOWN STEP	2025-10-26T20:27:30.4496090Z  [32mâœ“[39m src/ui/utils/updateCheck.test.ts [2m([22m[2m10 tests[22m[2m)[22m[32m 18[2mms[22m[39m
release	UNKNOWN STEP	2025-10-26T20:27:30.8504885Z  [32mâœ“[39m src/ui/utils/highlight.test.ts [2m([22m[2m16 tests[22m[2m)[22m[32m 10[2mms[22m[39m
release	UNKNOWN STEP	2025-10-26T20:27:31.1452512Z  [32mâœ“[39m src/ui/components/messages/ToolConfirmationMessage.test.tsx [2m([22m[2m10 tests[22m[2m)[22m[32m 208[2mms[22m[39m
release	UNKNOWN STEP	2025-10-26T20:27:31.5707455Z  [32mâœ“[39m src/utils/commands.test.ts [2m([22m[2m12 tests[22m[2m)[22m[32m 10[2mms[22m[39m
release	UNKNOWN STEP	2025-10-26T20:27:33.3250451Z  [32mâœ“[39m src/ui/components/messages/Todo.test.tsx [2m([22m[2m11 tests[22m[2m)[22m[32m 113[2mms[22m[39m
release	UNKNOWN STEP	2025-10-26T20:27:33.7722737Z  [32mâœ“[39m src/ui/App.test.tsx [2m([22m[2m7 tests[22m[2m)[22m[32m 69[2mms[22m[39m
release	UNKNOWN STEP	2025-10-26T20:27:33.8939186Z  [32mâœ“[39m src/commands/extensions/install.test.ts [2m([22m[2m8 tests[22m[2m)[22m[32m 36[2mms[22m[39m
release	UNKNOWN STEP	2025-10-26T20:27:34.8622032Z  [32mâœ“[39m src/ui/hooks/useConsoleMessages.test.tsx [2m([22m[2m7 tests[22m[2m)[22m[32m 56[2mms[22m[39m
release	UNKNOWN STEP	2025-10-26T20:27:36.2337034Z  [32mâœ“[39m src/ui/hooks/useFocus.test.tsx [2m([22m[2m6 tests[22m[2m)[22m[32m 55[2mms[22m[39m
release	UNKNOWN STEP	2025-10-26T20:27:36.7974768Z  [32mâœ“[39m src/ui/components/views/McpStatus.test.tsx [2m([22m[2m11 tests[22m[2m)[22m[32m 146[2mms[22m[39m
release	UNKNOWN STEP	2025-10-26T20:27:37.6909355Z  [32mâœ“[39m src/ui/components/shared/EnumSelector.test.tsx [2m([22m[2m9 tests[22m[2m)[22m[32m 63[2mms[22m[39m
release	UNKNOWN STEP	2025-10-26T20:27:38.6019687Z  [32mâœ“[39m src/ui/hooks/useTimer.test.tsx [2m([22m[2m8 tests[22m[2m)[22m[32m 52[2mms[22m[39m
release	UNKNOWN STEP	2025-10-26T20:27:39.1607275Z  [32mâœ“[39m src/ui/commands/compressCommand.test.ts [2m([22m[2m5 tests[22m[2m)[22m[32m 12[2mms[22m[39m
release	UNKNOWN STEP	2025-10-26T20:27:39.2953898Z  [32mâœ“[39m src/ui/hooks/usePrivacySettings.test.tsx [2m([22m[2m4 tests[22m[2m)[22m[32m 288[2mms[22m[39m
release	UNKNOWN STEP	2025-10-26T20:27:40.1701312Z  [32mâœ“[39m src/ui/components/AnsiOutput.test.tsx [2m([22m[2m6 tests[22m[2m)[22m[32m 83[2mms[22m[39m
release	UNKNOWN STEP	2025-10-26T20:27:40.5404409Z  [32mâœ“[39m src/ui/commands/toolsCommand.test.ts [2m([22m[2m4 tests[22m[2m)[22m[32m 35[2mms[22m[39m
release	UNKNOWN STEP	2025-10-26T20:27:41.0036801Z  [32mâœ“[39m src/utils/gitUtils.test.ts [2m([22m[2m12 tests[22m[2m)[22m[32m 29[2mms[22m[39m
release	UNKNOWN STEP	2025-10-26T20:27:42.9300226Z  [32mâœ“[39m src/ui/commands/bugCommand.test.ts [2m([22m[2m2 tests[22m[2m)[22m[32m 11[2mms[22m[39m
release	UNKNOWN STEP	2025-10-26T20:27:43.1715008Z  [32mâœ“[39m src/ui/components/ThemeDialog.test.tsx [2m([22m[2m3 tests[22m[2m)[22m[33m 707[2mms[22m[39m
release	UNKNOWN STEP	2025-10-26T20:27:43.1718663Z    [33m[2mâœ“[22m[39m ThemeDialog Snapshots[2m > [22mshould render correctly in theme selection mode [33m 362[2mms[22m[39m
release	UNKNOWN STEP	2025-10-26T20:27:43.9102761Z  [32mâœ“[39m src/ui/components/PrepareLabel.test.tsx [2m([22m[2m6 tests[22m[2m)[22m[32m 96[2mms[22m[39m
release	UNKNOWN STEP	2025-10-26T20:27:44.2957331Z  [32mâœ“[39m src/ui/commands/initCommand.test.ts [2m([22m[2m3 tests[22m[2m)[22m[32m 13[2mms[22m[39m
release	UNKNOWN STEP	2025-10-26T20:27:45.1837919Z  [32mâœ“[39m src/ui/commands/clearCommand.test.ts [2m([22m[2m2 tests[22m[2m)[22m[32m 11[2mms[22m[39m
release	UNKNOWN STEP	2025-10-26T20:27:46.1824085Z  [32mâœ“[39m src/ui/components/views/ExtensionsList.test.tsx [2m([22m[2m9 tests[22m[2m)[22m[32m 102[2mms[22m[39m
release	UNKNOWN STEP	2025-10-26T20:27:46.7037587Z  [32mâœ“[39m src/ui/themes/theme.test.ts [2m([22m[2m5 tests[22m[2m)[22m[32m 6[2mms[22m[39m
release	UNKNOWN STEP	2025-10-26T20:27:47.6468070Z  [32mâœ“[39m src/commands/extensions/new.test.ts [2m([22m[2m4 tests[22m[2m)[22m[32m 44[2mms[22m[39m
release	UNKNOWN STEP	2025-10-26T20:27:47.9821168Z  [32mâœ“[39m src/utils/userStartupWarnings.test.ts [2m([22m[2m5 tests[22m[2m)[22m[32m 13[2mms[22m[39m
release	UNKNOWN STEP	2025-10-26T20:27:48.3212441Z  [32mâœ“[39m src/ui/commands/docsCommand.test.ts [2m([22m[2m3 tests[22m[2m)[22m[32m 14[2mms[22m[39m
release	UNKNOWN STEP	2025-10-26T20:27:48.9688347Z  [32mâœ“[39m src/ui/components/ConsentPrompt.test.tsx [2m([22m[2m5 tests[22m[2m)[22m[32m 91[2mms[22m[39m
release	UNKNOWN STEP	2025-10-26T20:27:49.1142097Z  [32mâœ“[39m src/config/auth.test.ts [2m([22m[2m8 tests[22m[2m)[22m[32m 14[2mms[22m[39m
release	UNKNOWN STEP	2025-10-26T20:27:51.3953427Z  [32mâœ“[39m src/utils/readStdin.test.ts [2m([22m[2m4 tests[22m[2m)[22m[32m 11[2mms[22m[39m
release	UNKNOWN STEP	2025-10-26T20:27:51.4074636Z  [32mâœ“[39m src/ui/components/IdeTrustChangeDialog.test.tsx [2m([22m[2m6 tests[22m[2m)[22m[32m 179[2mms[22m[39m
release	UNKNOWN STEP	2025-10-26T20:27:51.9866414Z  [32mâœ“[39m src/ui/components/ContextSummaryDisplay.test.tsx [2m([22m[2m4 tests[22m[2m)[22m[32m 69[2mms[22m[39m
release	UNKNOWN STEP	2025-10-26T20:27:53.6874647Z  [32mâœ“[39m src/ui/commands/terminalSetupCommand.test.ts [2m([22m[2m5 tests[22m[2m)[22m[32m 9[2mms[22m[39m
release	UNKNOWN STEP	2025-10-26T20:27:53.8200627Z  [32mâœ“[39m src/ui/utils/displayUtils.test.ts [2m([22m[2m8 tests[22m[2m)[22m[32m 7[2mms[22m[39m
release	UNKNOWN STEP	2025-10-26T20:27:54.6338918Z  [32mâœ“[39m src/commands/mcp.test.ts [2m([22m[2m3 tests[22m[2m)[22m[32m 32[2mms[22m[39m
release	UNKNOWN STEP	2025-10-26T20:27:55.6499637Z  [32mâœ“[39m src/ui/components/QueuedMessageDisplay.test.tsx [2m([22m[2m5 tests[22m[2m)[22m[32m 57[2mms[22m[39m
release	UNKNOWN STEP	2025-10-26T20:27:56.2570560Z  [32mâœ“[39m src/utils/startupWarnings.test.ts [2m([22m[2m4 tests[22m[2m)[22m[32m 9[2mms[22m[39m
release	UNKNOWN STEP	2025-10-26T20:27:56.5647171Z  [32mâœ“[39m src/ui/components/ProQuotaDialog.test.tsx [2m([22m[2m3 tests[22m[2m)[22m[32m 64[2mms[22m[39m
release	UNKNOWN STEP	2025-10-26T20:27:56.6426000Z  [32mâœ“[39m src/ui/commands/statsCommand.test.ts [2m([22m[2m3 tests[22m[2m)[22m[32m 17[2mms[22m[39m
release	UNKNOWN STEP	2025-10-26T20:27:58.4994010Z  [32mâœ“[39m src/ui/components/shared/DescriptiveRadioButtonSelect.test.tsx [2m([22m[2m2 tests[22m[2m)[22m[32m 61[2mms[22m[39m
release	UNKNOWN STEP	2025-10-26T20:27:58.8356657Z  [32mâœ“[39m src/ui/utils/clipboardUtils.test.ts [2m([22m[2m6 tests[22m[2m)[22m[32m 9[2mms[22m[39m
release	UNKNOWN STEP	2025-10-26T20:27:59.2178151Z  [32mâœ“[39m src/ui/utils/markdownUtilities.test.ts [2m([22m[2m7 tests[22m[2m)[22m[32m 6[2mms[22m[39m
release	UNKNOWN STEP	2025-10-26T20:27:59.3623556Z  [32mâœ“[39m src/ui/hooks/useMemoryMonitor.test.tsx [2m([22m[2m3 tests[22m[2m)[22m[32m 33[2mms[22m[39m
release	UNKNOWN STEP	2025-10-26T20:27:59.5220445Z  [32mâœ“[39m src/ui/utils/formatters.test.ts [2m([22m[2m14 tests[22m[2m)[22m[32m 7[2mms[22m[39m
release	UNKNOWN STEP	2025-10-26T20:27:59.5617918Z  [32mâœ“[39m src/ui/components/SessionSummaryDisplay.test.tsx [2m([22m[2m1 test[22m[2m)[22m[32m 107[2mms[22m[39m
release	UNKNOWN STEP	2025-10-26T20:27:59.6525634Z  [32mâœ“[39m src/config/keyBindings.test.ts [2m([22m[2m3 tests[22m[2m)[22m[32m 13[2mms[22m[39m
release	UNKNOWN STEP	2025-10-26T20:27:59.7904374Z  [32mâœ“[39m src/test-utils/mockCommandContext.test.ts [2m([22m[2m3 tests[22m[2m)[22m[32m 9[2mms[22m[39m
release	UNKNOWN STEP	2025-10-26T20:27:59.9185514Z  [32mâœ“[39m src/utils/windowTitle.test.ts [2m([22m[2m7 tests[22m[2m)[22m[32m 7[2mms[22m[39m
release	UNKNOWN STEP	2025-10-26T20:28:02.5887802Z  [32mâœ“[39m src/utils/cleanup.test.ts [2m([22m[2m4 tests[22m[2m)[22m[33m 2516[2mms[22m[39m
release	UNKNOWN STEP	2025-10-26T20:28:02.5889672Z    [33m[2mâœ“[22m[39m cleanup[2m > [22mshould run a registered synchronous function [33m 1888[2mms[22m[39m
release	UNKNOWN STEP	2025-10-26T20:28:02.7745338Z  [32mâœ“[39m src/ui/components/ShellConfirmationDialog.test.tsx [2m([22m[2m4 tests[22m[2m)[22m[32m 140[2mms[22m[39m
release	UNKNOWN STEP	2025-10-26T20:28:03.1695364Z  [32mâœ“[39m src/ui/components/views/ToolsList.test.tsx [2m([22m[2m3 tests[22m[2m)[22m[32m 75[2mms[22m[39m
release	UNKNOWN STEP	2025-10-26T20:28:03.2705287Z  [32mâœ“[39m src/ui/commands/helpCommand.test.ts [2m([22m[2m2 tests[22m[2m)[22m[32m 12[2mms[22m[39m
release	UNKNOWN STEP	2025-10-26T20:28:03.5666887Z  [32mâœ“[39m src/ui/commands/quitCommand.test.ts [2m([22m[2m1 test[22m[2m)[22m[32m 12[2mms[22m[39m
release	UNKNOWN STEP	2025-10-26T20:28:05.8529448Z  [32mâœ“[39m src/ui/components/messages/GeminiMessage.test.tsx [2m([22m[2m4 tests[22m[2m)[22m[32m 110[2mms[22m[39m
release	UNKNOWN STEP	2025-10-26T20:28:06.3580799Z  [32mâœ“[39m src/ui/components/messages/ToolMessageRawMarkdown.test.tsx [2m([22m[2m2 tests[22m[2m)[22m[32m 74[2mms[22m[39m
release	UNKNOWN STEP	2025-10-26T20:28:06.4658708Z  [32mâœ“[39m src/ui/components/Header.test.tsx [2m([22m[2m4 tests[22m[2m)[22m[32m 136[2mms[22m[39m
release	UNKNOWN STEP	2025-10-26T20:28:07.5767118Z  [32mâœ“[39m src/ui/hooks/useModelCommand.test.tsx [2m([22m[2m3 tests[22m[2m)[22m[32m 31[2mms[22m[39m
release	UNKNOWN STEP	2025-10-26T20:28:07.9071956Z  [32mâœ“[39m src/ui/commands/privacyCommand.test.ts [2m([22m[2m2 tests[22m[2m)[22m[32m 8[2mms[22m[39m
release	UNKNOWN STEP	2025-10-26T20:28:08.1663495Z  [32mâœ“[39m src/services/prompt-processors/argumentProcessor.test.ts [2m([22m[2m2 tests[22m[2m)[22m[32m 9[2mms[22m[39m
release	UNKNOWN STEP	2025-10-26T20:28:08.2279968Z  [32mâœ“[39m src/ui/commands/themeCommand.test.ts [2m([22m[2m2 tests[22m[2m)[22m[32m 8[2mms[22m[39m
release	UNKNOWN STEP	2025-10-26T20:28:08.5477872Z  [32mâœ“[39m src/ui/commands/permissionsCommand.test.ts [2m([22m[2m3 tests[22m[2m)[22m[32m 10[2mms[22m[39m
release	UNKNOWN STEP	2025-10-26T20:28:08.8742789Z  [32mâœ“[39m src/ui/commands/settingsCommand.test.ts [2m([22m[2m2 tests[22m[2m)[22m[32m 9[2mms[22m[39m
release	UNKNOWN STEP	2025-10-26T20:28:09.2011986Z  [32mâœ“[39m src/ui/components/views/ChatList.test.tsx [2m([22m[2m3 tests[22m[2m)[22m[32m 48[2mms[22m[39m
release	UNKNOWN STEP	2025-10-26T20:28:09.2017964Z  [32mâœ“[39m src/ui/commands/modelCommand.test.ts [2m([22m[2m2 tests[22m[2m)[22m[32m 8[2mms[22m[39m
release	UNKNOWN STEP	2025-10-26T20:28:09.4935258Z  [32mâœ“[39m src/ui/commands/corgiCommand.test.ts [2m([22m[2m2 tests[22m[2m)[22m[32m 6[2mms[22m[39m
release	UNKNOWN STEP	2025-10-26T20:28:09.5983133Z  [32mâœ“[39m src/ui/commands/authCommand.test.ts [2m([22m[2m2 tests[22m[2m)[22m[32m 10[2mms[22m[39m
release	UNKNOWN STEP	2025-10-26T20:28:09.7811830Z  [32mâœ“[39m src/ui/commands/editorCommand.test.ts [2m([22m[2m2 tests[22m[2m)[22m[32m 9[2mms[22m[39m
release	UNKNOWN STEP	2025-10-26T20:28:11.1543883Z  [32mâœ“[39m src/ui/components/LoopDetectionConfirmation.test.tsx [2m([22m[2m2 tests[22m[2m)[22m[32m 111[2mms[22m[39m
release	UNKNOWN STEP	2025-10-26T20:28:11.7798016Z  [32mâœ“[39m src/utils/processUtils.test.ts [2m([22m[2m1 test[22m[2m)[22m[32m 7[2mms[22m[39m
release	UNKNOWN STEP	2025-10-26T20:28:12.2055361Z  [32mâœ“[39m src/commands/extensions/uninstall.test.ts [2m([22m[2m1 test[22m[2m)[22m[32m 15[2mms[22m[39m
release	UNKNOWN STEP	2025-10-26T20:28:13.0411866Z  [32mâœ“[39m src/config/extensions/variables.test.ts [2m([22m[2m1 test[22m[2m)[22m[32m 3[2mms[22m[39m
release	UNKNOWN STEP	2025-10-26T20:28:16.1944713Z 
release	UNKNOWN STEP	2025-10-26T20:28:16.1961929Z [2m Test Files [22m [1m[32m180 passed[39m[22m[90m (180)[39m
release	UNKNOWN STEP	2025-10-26T20:28:16.1971475Z [2m      Tests [22m [1m[32m2760 passed[39m[22m[2m | [22m[33m1 skipped[39m[90m (2761)[39m
release	UNKNOWN STEP	2025-10-26T20:28:16.1972456Z [2m   Start at [22m 20:25:45
release	UNKNOWN STEP	2025-10-26T20:28:16.1980666Z [2m   Duration [22m 150.28s[2m (transform 8.89s, setup 1.69s, collect 299.49s, tests 34.38s, environment 16.81s, prepare 20.67s)[22m
release	UNKNOWN STEP	2025-10-26T20:28:16.1981500Z 
release	UNKNOWN STEP	2025-10-26T20:28:16.7240575Z JUNIT report written to /home/runner/work/gemini-cli/gemini-cli/release/packages/cli/junit.xml
release	UNKNOWN STEP	2025-10-26T20:28:16.7276922Z [34m % [39m[2mCoverage report from [22m[33mv8[39m
release	UNKNOWN STEP	2025-10-26T20:28:17.5020214Z 
release	UNKNOWN STEP	2025-10-26T20:28:17.5021387Z > @google/gemini-cli-core@0.12.0-nightly.20251022.0542de95 test:ci
release	UNKNOWN STEP	2025-10-26T20:28:17.5022108Z > vitest run
release	UNKNOWN STEP	2025-10-26T20:28:17.5022323Z 
release	UNKNOWN STEP	2025-10-26T20:28:17.9415486Z 
release	UNKNOWN STEP	2025-10-26T20:28:17.9417931Z [1m[46m RUN [49m[22m [36mv3.2.4 [39m[90m/home/runner/work/gemini-cli/gemini-cli/release/packages/core[39m
release	UNKNOWN STEP	2025-10-26T20:28:17.9419193Z       [2mCoverage enabled with [22m[33mv8[39m
release	UNKNOWN STEP	2025-10-26T20:28:17.9419586Z 
release	UNKNOWN STEP	2025-10-26T20:28:22.6549011Z  [32mâœ“[39m src/core/client.test.ts [2m([22m[2m67 tests[22m[2m)[22m[32m 268[2mms[22m[39m
release	UNKNOWN STEP	2025-10-26T20:28:22.7424116Z  [32mâœ“[39m src/core/coreToolScheduler.test.ts [2m([22m[2m31 tests[22m[2m)[22m[33m 337[2mms[22m[39m
release	UNKNOWN STEP	2025-10-26T20:28:25.0429878Z  [32mâœ“[39m src/telemetry/loggers.test.ts [2m([22m[2m30 tests[22m[2m)[22m[32m 78[2mms[22m[39m
release	UNKNOWN STEP	2025-10-26T20:28:25.9110100Z  [32mâœ“[39m src/tools/ripGrep.test.ts [2m([22m[2m47 tests[22m[2m | [22m[33m1 skipped[39m[2m)[22m[33m 311[2mms[22m[39m
release	UNKNOWN STEP	2025-10-26T20:28:27.1411429Z  [32mâœ“[39m src/code_assist/oauth2.test.ts [2m([22m[2m24 tests[22m[2m)[22m[32m 81[2mms[22m[39m
release	UNKNOWN STEP	2025-10-26T20:28:27.5961906Z  [32mâœ“[39m src/telemetry/metrics.test.ts [2m([22m[2m57 tests[22m[2m)[22m[33m 2768[2mms[22m[39m
release	UNKNOWN STEP	2025-10-26T20:28:28.1124496Z  [32mâœ“[39m src/core/geminiChat.test.ts [2m([22m[2m30 tests[22m[2m)[22m[33m 5621[2mms[22m[39m
release	UNKNOWN STEP	2025-10-26T20:28:28.1127572Z    [33m[2mâœ“[22m[39m GeminiChat[2m > [22msendMessageStream[2m > [22mshould fail if the stream ends with an empty part and has no finishReason [33m 503[2mms[22m[39m
release	UNKNOWN STEP	2025-10-26T20:28:28.1129649Z    [33m[2mâœ“[22m[39m GeminiChat[2m > [22msendMessageStream[2m > [22mshould throw an error when a tool call is followed by an empty stream response [33m 504[2mms[22m[39m
release	UNKNOWN STEP	2025-10-26T20:28:28.1131668Z    [33m[2mâœ“[22m[39m GeminiChat[2m > [22msendMessageStream[2m > [22mshould throw InvalidStreamError when no tool call and no finish reason [33m 503[2mms[22m[39m
release	UNKNOWN STEP	2025-10-26T20:28:28.1133659Z    [33m[2mâœ“[22m[39m GeminiChat[2m > [22msendMessageStream[2m > [22mshould throw InvalidStreamError when no tool call and empty response text [33m 504[2mms[22m[39m
release	UNKNOWN STEP	2025-10-26T20:28:28.1135524Z    [33m[2mâœ“[22m[39m GeminiChat[2m > [22msendMessageStream with retries[2m > [22mshould yield a RETRY event when an invalid stream is encountered [33m 503[2mms[22m[39m
release	UNKNOWN STEP	2025-10-26T20:28:28.1137728Z    [33m[2mâœ“[22m[39m GeminiChat[2m > [22msendMessageStream with retries[2m > [22mshould retry on invalid content, succeed, and report metrics [33m 505[2mms[22m[39m
release	UNKNOWN STEP	2025-10-26T20:28:28.1140196Z    [33m[2mâœ“[22m[39m GeminiChat[2m > [22msendMessageStream with retries[2m > [22mshould set temperature to 1 on retry [33m 505[2mms[22m[39m
release	UNKNOWN STEP	2025-10-26T20:28:28.1142390Z    [33m[2mâœ“[22m[39m GeminiChat[2m > [22msendMessageStream with retries[2m > [22mshould fail after all retries on persistent invalid content and report metrics [33m 505[2mms[22m[39m
release	UNKNOWN STEP	2025-10-26T20:28:28.1144443Z    [33m[2mâœ“[22m[39m GeminiChat[2m > [22mshould correctly retry and append to an existing history mid-conversation [33m 505[2mms[22m[39m
release	UNKNOWN STEP	2025-10-26T20:28:28.1149012Z    [33m[2mâœ“[22m[39m GeminiChat[2m > [22mshould retry if the model returns a completely empty stream (no chunks) [33m 505[2mms[22m[39m
release	UNKNOWN STEP	2025-10-26T20:28:28.1150847Z    [33m[2mâœ“[22m[39m GeminiChat[2m > [22mshould discard valid partial content from a failed attempt upon retry [33m 505[2mms[22m[39m
release	UNKNOWN STEP	2025-10-26T20:28:28.7227469Z  [32mâœ“[39m src/mcp/oauth-provider.test.ts [2m([22m[2m21 tests[22m[2m)[22m[32m 205[2mms[22m[39m
release	UNKNOWN STEP	2025-10-26T20:28:29.9763508Z  [32mâœ“[39m src/tools/edit.test.ts [2m([22m[2m54 tests[22m[2m)[22m[32m 297[2mms[22m[39m
release	UNKNOWN STEP	2025-10-26T20:28:30.4269172Z  [32mâœ“[39m src/config/config.test.ts [2m([22m[2m69 tests[22m[2m)[22m[32m 104[2mms[22m[39m
release	UNKNOWN STEP	2025-10-26T20:28:30.8911388Z  [32mâœ“[39m src/utils/fileUtils.test.ts [2m([22m[2m66 tests[22m[2m)[22m[32m 150[2mms[22m[39m
release	UNKNOWN STEP	2025-10-26T20:28:31.5961053Z  [32mâœ“[39m src/tools/mcp-tool.test.ts [2m([22m[2m42 tests[22m[2m)[22m[32m 118[2mms[22m[39m
release	UNKNOWN STEP	2025-10-26T20:28:32.0359832Z  [32mâœ“[39m src/utils/memoryImportProcessor.test.ts [2m([22m[2m25 tests[22m[2m)[22m[32m 63[2mms[22m[39m
release	UNKNOWN STEP	2025-10-26T20:28:32.1174365Z  [32mâœ“[39m src/services/shellExecutionService.test.ts [2m([22m[2m43 tests[22m[2m)[22m[33m 572[2mms[22m[39m
release	UNKNOWN STEP	2025-10-26T20:28:33.2900937Z  [32mâœ“[39m src/tools/write-file.test.ts [2m([22m[2m30 tests[22m[2m)[22m[32m 199[2mms[22m[39m
release	UNKNOWN STEP	2025-10-26T20:28:34.9391989Z  [32mâœ“[39m src/agents/executor.test.ts [2m([22m[2m15 tests[22m[2m)[22m[32m 47[2mms[22m[39m
release	UNKNOWN STEP	2025-10-26T20:28:35.1357506Z  [32mâœ“[39m src/telemetry/clearcut-logger/clearcut-logger.test.ts [2m([22m[2m35 tests[22m[2m)[22m[33m 309[2mms[22m[39m
release	UNKNOWN STEP	2025-10-26T20:28:36.5188446Z  [32mâœ“[39m src/tools/read-many-files.test.ts [2m([22m[2m31 tests[22m[2m)[22m[33m 556[2mms[22m[39m
release	UNKNOWN STEP	2025-10-26T20:28:37.6039980Z  [32mâœ“[39m src/utils/editCorrector.test.ts [2m([22m[2m40 tests[22m[2m)[22m[32m 53[2mms[22m[39m
release	UNKNOWN STEP	2025-10-26T20:28:38.1722406Z  [32mâœ“[39m src/services/loopDetectionService.test.ts [2m([22m[2m38 tests[22m[2m)[22m[32m 242[2mms[22m[39m
release	UNKNOWN STEP	2025-10-26T20:28:38.2030236Z  [32mâœ“[39m src/core/logger.test.ts [2m([22m[2m38 tests[22m[2m)[22m[32m 181[2mms[22m[39m
release	UNKNOWN STEP	2025-10-26T20:28:39.3846289Z  [32mâœ“[39m src/core/turn.test.ts [2m([22m[2m21 tests[22m[2m)[22m[32m 30[2mms[22m[39m
release	UNKNOWN STEP	2025-10-26T20:28:40.0728305Z  [32mâœ“[39m src/ide/ide-client.test.ts [2m([22m[2m23 tests[22m[2m)[22m[32m 100[2mms[22m[39m
release	UNKNOWN STEP	2025-10-26T20:28:41.1045480Z  [32mâœ“[39m src/tools/web-fetch.test.ts [2m([22m[2m32 tests[22m[2m)[22m[32m 133[2mms[22m[39m
release	UNKNOWN STEP	2025-10-26T20:28:41.1376017Z  [32mâœ“[39m src/utils/shell-utils.test.ts [2m([22m[2m73 tests[22m[2m | [22m[33m2 skipped[39m[2m)[22m[32m 129[2mms[22m[39m
release	UNKNOWN STEP	2025-10-26T20:28:43.1036382Z  [32mâœ“[39m src/tools/smart-edit.test.ts [2m([22m[2m24 tests[22m[2m)[22m[32m 161[2mms[22m[39m
release	UNKNOWN STEP	2025-10-26T20:28:43.6082576Z  [32mâœ“[39m src/policy/policy-engine.test.ts [2m([22m[2m28 tests[22m[2m)[22m[32m 15[2mms[22m[39m
release	UNKNOWN STEP	2025-10-26T20:28:44.0951021Z  [32mâœ“[39m src/tools/mcp-client.test.ts [2m([22m[2m30 tests[22m[2m)[22m[32m 174[2mms[22m[39m
release	UNKNOWN STEP	2025-10-26T20:28:44.4871897Z (node:7930) MaxListenersExceededWarning: Possible EventTarget memory leak detected. 11 abort listeners added to [AbortSignal]. MaxListeners is 10. Use events.setMaxListeners() to increase limit
release	UNKNOWN STEP	2025-10-26T20:28:44.4874173Z (Use `node --trace-warnings ...` to show where the warning was created)
release	UNKNOWN STEP	2025-10-26T20:28:44.5648809Z  [32mâœ“[39m src/utils/filesearch/fileSearch.test.ts [2m([22m[2m27 tests[22m[2m)[22m[32m 106[2mms[22m[39m
release	UNKNOWN STEP	2025-10-26T20:28:44.7867855Z  [32mâœ“[39m src/telemetry/uiTelemetry.test.ts [2m([22m[2m19 tests[22m[2m)[22m[32m 13[2mms[22m[39m
release	UNKNOWN STEP	2025-10-26T20:28:44.8660235Z  [32mâœ“[39m src/telemetry/memory-monitor.test.ts [2m([22m[2m31 tests[22m[2m)[22m[32m 39[2mms[22m[39m
release	UNKNOWN STEP	2025-10-26T20:28:45.1284950Z  [32mâœ“[39m src/utils/editor.test.ts [2m([22m[2m113 tests[22m[2m)[22m[32m 54[2mms[22m[39m
release	UNKNOWN STEP	2025-10-26T20:28:45.4973723Z  [32mâœ“[39m src/utils/memoryDiscovery.test.ts [2m([22m[2m16 tests[22m[2m)[22m[32m 137[2mms[22m[39m
release	UNKNOWN STEP	2025-10-26T20:28:45.9492426Z  [32mâœ“[39m src/tools/glob.test.ts [2m([22m[2m38 tests[22m[2m)[22m[33m 1992[2mms[22m[39m
release	UNKNOWN STEP	2025-10-26T20:28:46.0636782Z  [32mâœ“[39m src/tools/read-file.test.ts [2m([22m[2m28 tests[22m[2m)[22m[32m 249[2mms[22m[39m
release	UNKNOWN STEP	2025-10-26T20:28:46.3759389Z  [32mâœ“[39m src/utils/paths.test.ts [2m([22m[2m88 tests[22m[2m | [22m[33m17 skipped[39m[2m)[22m[32m 26[2mms[22m[39m
release	UNKNOWN STEP	2025-10-26T20:28:46.8313631Z  [32mâœ“[39m src/utils/systemEncoding.test.ts [2m([22m[2m38 tests[22m[2m)[22m[32m 44[2mms[22m[39m
release	UNKNOWN STEP	2025-10-26T20:28:47.5612021Z  [32mâœ“[39m src/tools/memoryTool.test.ts [2m([22m[2m19 tests[22m[2m)[22m[32m 74[2mms[22m[39m
release	UNKNOWN STEP	2025-10-26T20:28:47.5821042Z  [32mâœ“[39m src/core/baseLlmClient.test.ts [2m([22m[2m21 tests[22m[2m)[22m[32m 30[2mms[22m[39m
release	UNKNOWN STEP	2025-10-26T20:28:48.2170067Z  [32mâœ“[39m src/output/stream-json-formatter.test.ts [2m([22m[2m19 tests[22m[2m)[22m[32m 20[2mms[22m[39m
release	UNKNOWN STEP	2025-10-26T20:28:48.4251666Z (node:8252) MaxListenersExceededWarning: Possible EventTarget memory leak detected. 11 abort listeners added to [AbortSignal]. MaxListeners is 10. Use events.setMaxListeners() to increase limit
release	UNKNOWN STEP	2025-10-26T20:28:48.4256867Z (Use `node --trace-warnings ...` to show where the warning was created)
release	UNKNOWN STEP	2025-10-26T20:28:48.5072244Z  [32mâœ“[39m src/tools/grep.test.ts [2m([22m[2m24 tests[22m[2m)[22m[33m 303[2mms[22m[39m
release	UNKNOWN STEP	2025-10-26T20:28:48.5974866Z  [32mâœ“[39m src/tools/shell.test.ts [2m([22m[2m26 tests[22m[2m | [22m[33m1 skipped[39m[2m)[22m[33m 332[2mms[22m[39m
release	UNKNOWN STEP	2025-10-26T20:28:48.7190130Z  [32mâœ“[39m src/utils/workspaceContext.test.ts [2m([22m[2m34 tests[22m[2m)[22m[32m 58[2mms[22m[39m
release	UNKNOWN STEP	2025-10-26T20:28:49.0347952Z  [32mâœ“[39m src/core/prompts.test.ts [2m([22m[2m39 tests[22m[2m)[22m[32m 49[2mms[22m[39m
release	UNKNOWN STEP	2025-10-26T20:28:49.0371135Z  [32mâœ“[39m src/mcp/oauth-token-storage.test.ts [2m([22m[2m28 tests[22m[2m)[22m[32m 29[2mms[22m[39m
release	UNKNOWN STEP	2025-10-26T20:28:49.5402753Z  [32mâœ“[39m src/utils/filesearch/crawler.test.ts [2m([22m[2m18 tests[22m[2m)[22m[32m 109[2mms[22m[39m
release	UNKNOWN STEP	2025-10-26T20:28:49.8964168Z  [32mâœ“[39m src/utils/googleErrors.test.ts [2m([22m[2m13 tests[22m[2m)[22m[32m 10[2mms[22m[39m
release	UNKNOWN STEP	2025-10-26T20:28:50.2030064Z  [32mâœ“[39m src/utils/retry.test.ts [2m([22m[2m22 tests[22m[2m)[22m[32m 72[2mms[22m[39m
release	UNKNOWN STEP	2025-10-26T20:28:50.6104219Z  [32mâœ“[39m src/utils/pathReader.test.ts [2m([22m[2m16 tests[22m[2m)[22m[32m 82[2mms[22m[39m
release	UNKNOWN STEP	2025-10-26T20:28:50.7081629Z  [32mâœ“[39m src/code_assist/converter.test.ts [2m([22m[2m24 tests[22m[2m)[22m[32m 14[2mms[22m[39m
release	UNKNOWN STEP	2025-10-26T20:28:51.0243351Z  [32mâœ“[39m src/mcp/token-storage/keychain-token-storage.test.ts [2m([22m[2m25 tests[22m[2m)[22m[32m 96[2mms[22m[39m
release	UNKNOWN STEP	2025-10-26T20:28:51.0569725Z  [32mâœ“[39m src/ide/ideContext.test.ts [2m([22m[2m23 tests[22m[2m)[22m[32m 21[2mms[22m[39m
release	UNKNOWN STEP	2025-10-26T20:28:51.3951286Z  [32mâœ“[39m src/mcp/oauth-utils.test.ts [2m([22m[2m29 tests[22m[2m)[22m[32m 34[2mms[22m[39m
release	UNKNOWN STEP	2025-10-26T20:28:51.8134758Z  [32mâœ“[39m src/tools/tool-registry.test.ts [2m([22m[2m9 tests[22m[2m)[22m[32m 91[2mms[22m[39m
release	UNKNOWN STEP	2025-10-26T20:28:51.8187669Z  [32mâœ“[39m src/tools/ls.test.ts [2m([22m[2m22 tests[22m[2m)[22m[32m 209[2mms[22m[39m
release	UNKNOWN STEP	2025-10-26T20:28:51.8734118Z  [32mâœ“[39m src/telemetry/gcp-exporters.test.ts [2m([22m[2m18 tests[22m[2m)[22m[32m 44[2mms[22m[39m
release	UNKNOWN STEP	2025-10-26T20:28:52.2171668Z  [32mâœ“[39m src/utils/userAccountManager.test.ts [2m([22m[2m23 tests[22m[2m)[22m[32m 53[2mms[22m[39m
release	UNKNOWN STEP	2025-10-26T20:28:52.3030497Z  [32mâœ“[39m src/utils/getFolderStructure.test.ts [2m([22m[2m15 tests[22m[2m)[22m[32m 99[2mms[22m[39m
release	UNKNOWN STEP	2025-10-26T20:28:52.5661610Z  [32mâœ“[39m src/utils/partUtils.test.ts [2m([22m[2m37 tests[22m[2m)[22m[32m 16[2mms[22m[39m
release	UNKNOWN STEP	2025-10-26T20:28:54.4598171Z  [32mâœ“[39m src/services/chatRecordingService.test.ts [2m([22m[2m10 tests[22m[2m)[22m[32m 26[2mms[22m[39m
release	UNKNOWN STEP	2025-10-26T20:28:54.8260100Z  [32mâœ“[39m src/utils/ignorePatterns.test.ts [2m([22m[2m28 tests[22m[2m)[22m[32m 19[2mms[22m[39m
release	UNKNOWN STEP	2025-10-26T20:28:54.9733649Z  [32mâœ“[39m src/core/nonInteractiveToolExecutor.test.ts [2m([22m[2m8 tests[22m[2m)[22m[32m 22[2mms[22m[39m
release	UNKNOWN STEP	2025-10-26T20:28:55.2750159Z  [32mâœ“[39m src/agents/invocation.test.ts [2m([22m[2m11 tests[22m[2m)[22m[32m 21[2mms[22m[39m
release	UNKNOWN STEP	2025-10-26T20:28:55.3346933Z  [32mâœ“[39m src/utils/googleQuotaErrors.test.ts [2m([22m[2m13 tests[22m[2m)[22m[32m 12[2mms[22m[39m
release	UNKNOWN STEP	2025-10-26T20:28:55.7309299Z  [32mâœ“[39m src/tools/modifiable-tool.test.ts [2m([22m[2m11 tests[22m[2m)[22m[32m 70[2mms[22m[39m
release	UNKNOWN STEP	2025-10-26T20:28:55.8078062Z  [32mâœ“[39m src/utils/generateContentResponseUtilities.test.ts [2m([22m[2m29 tests[22m[2m)[22m[32m 18[2mms[22m[39m
release	UNKNOWN STEP	2025-10-26T20:28:56.1398483Z  [32mâœ“[39m src/utils/llm-edit-fixer.test.ts [2m([22m[2m7 tests[22m[2m)[22m[32m 19[2mms[22m[39m
release	UNKNOWN STEP	2025-10-26T20:28:56.1628603Z  [32mâœ“[39m src/telemetry/activity-monitor.test.ts [2m([22m[2m22 tests[22m[2m)[22m[32m 21[2mms[22m[39m
release	UNKNOWN STEP	2025-10-26T20:28:56.4671161Z  [32mâœ“[39m src/output/json-formatter.test.ts [2m([22m[2m15 tests[22m[2m)[22m[32m 10[2mms[22m[39m
release	UNKNOWN STEP	2025-10-26T20:28:56.5069899Z  [32mâœ“[39m src/utils/gitIgnoreParser.test.ts [2m([22m[2m22 tests[22m[2m)[22m[32m 69[2mms[22m[39m
release	UNKNOWN STEP	2025-10-26T20:28:56.8530285Z  [32mâœ“[39m src/mcp/token-storage/file-token-storage.test.ts [2m([22m[2m16 tests[22m[2m)[22m[33m 820[2mms[22m[39m
release	UNKNOWN STEP	2025-10-26T20:28:56.9018471Z  [32mâœ“[39m src/services/gitService.test.ts [2m([22m[2m14 tests[22m[2m)[22m[32m 100[2mms[22m[39m
release	UNKNOWN STEP	2025-10-26T20:28:57.0699003Z  [32mâœ“[39m src/tools/message-bus-integration.test.ts [2m([22m[2m9 tests[22m[2m)[22m[32m 75[2mms[22m[39m
release	UNKNOWN STEP	2025-10-26T20:28:57.4251239Z  [32mâœ“[39m src/telemetry/rate-limiter.test.ts [2m([22m[2m24 tests[22m[2m)[22m[32m 19[2mms[22m[39m
release	UNKNOWN STEP	2025-10-26T20:28:57.8167079Z  [32mâœ“[39m src/mcp/token-storage/hybrid-token-storage.test.ts [2m([22m[2m11 tests[22m[2m)[22m[32m 24[2mms[22m[39m
release	UNKNOWN STEP	2025-10-26T20:28:58.3577223Z  [32mâœ“[39m src/telemetry/sdk.test.ts [2m([22m[2m9 tests[22m[2m)[22m[32m 31[2mms[22m[39m
release	UNKNOWN STEP	2025-10-26T20:28:59.2807124Z  [32mâœ“[39m src/utils/nextSpeakerChecker.test.ts [2m([22m[2m10 tests[22m[2m)[22m[32m 24[2mms[22m[39m
release	UNKNOWN STEP	2025-10-26T20:28:59.7348062Z  [32mâœ“[39m src/services/fileDiscoveryService.test.ts [2m([22m[2m15 tests[22m[2m)[22m[32m 86[2mms[22m[39m
release	UNKNOWN STEP	2025-10-26T20:28:59.8077570Z  [32mâœ“[39m src/routing/strategies/classifierStrategy.test.ts [2m([22m[2m8 tests[22m[2m)[22m[32m 21[2mms[22m[39m
release	UNKNOWN STEP	2025-10-26T20:29:00.1328404Z  [32mâœ“[39m src/utils/bfsFileSearch.test.ts [2m([22m[2m11 tests[22m[2m)[22m[32m 79[2mms[22m[39m
release	UNKNOWN STEP	2025-10-26T20:29:00.1439134Z  [32mâœ“[39m src/utils/secure-browser-launcher.test.ts [2m([22m[2m14 tests[22m[2m)[22m[32m 23[2mms[22m[39m
release	UNKNOWN STEP	2025-10-26T20:29:00.2608292Z  [32mâœ“[39m src/tools/web-search.test.ts [2m([22m[2m9 tests[22m[2m)[22m[32m 111[2mms[22m[39m
release	UNKNOWN STEP	2025-10-26T20:29:00.6405984Z  [32mâœ“[39m src/confirmation-bus/message-bus.test.ts [2m([22m[2m10 tests[22m[2m)[22m[32m 16[2mms[22m[39m
release	UNKNOWN STEP	2025-10-26T20:29:00.8231787Z  [32mâœ“[39m src/code_assist/oauth-credential-storage.test.ts [2m([22m[2m12 tests[22m[2m)[22m[32m 49[2mms[22m[39m
release	UNKNOWN STEP	2025-10-26T20:29:01.0063565Z  [32mâœ“[39m src/utils/errorReporting.test.ts [2m([22m[2m6 tests[22m[2m)[22m[32m 37[2mms[22m[39m
release	UNKNOWN STEP	2025-10-26T20:29:01.1415639Z  [32mâœ“[39m src/core/fakeContentGenerator.test.ts [2m([22m[2m14 tests[22m[2m)[22m[32m 12[2mms[22m[39m
release	UNKNOWN STEP	2025-10-26T20:29:01.4633138Z  [32mâœ“[39m src/telemetry/high-water-mark-tracker.test.ts [2m([22m[2m18 tests[22m[2m)[22m[32m 17[2mms[22m[39m
release	UNKNOWN STEP	2025-10-26T20:29:02.7355079Z  [32mâœ“[39m src/utils/summarizer.test.ts [2m([22m[2m8 tests[22m[2m)[22m[32m 96[2mms[22m[39m
release	UNKNOWN STEP	2025-10-26T20:29:02.8342490Z  [32mâœ“[39m src/fallback/handler.test.ts [2m([22m[2m10 tests[22m[2m)[22m[32m 16[2mms[22m[39m
release	UNKNOWN STEP	2025-10-26T20:29:03.4219293Z  [32mâœ“[39m src/tools/tools.test.ts [2m([22m[2m11 tests[22m[2m)[22m[32m 12[2mms[22m[39m
release	UNKNOWN STEP	2025-10-26T20:29:03.4688784Z  [32mâœ“[39m src/utils/terminalSerializer.test.ts [2m([22m[2m16 tests[22m[2m)[22m[32m 108[2mms[22m[39m
release	UNKNOWN STEP	2025-10-26T20:29:03.6229001Z  [32mâœ“[39m src/agents/registry.test.ts [2m([22m[2m12 tests[22m[2m)[22m[32m 28[2mms[22m[39m
release	UNKNOWN STEP	2025-10-26T20:29:03.9900544Z  [32mâœ“[39m src/code_assist/server.test.ts [2m([22m[2m8 tests[22m[2m)[22m[32m 48[2mms[22m[39m
release	UNKNOWN STEP	2025-10-26T20:29:04.0012342Z  [32mâœ“[39m src/routing/strategies/compositeStrategy.test.ts [2m([22m[2m6 tests[22m[2m)[22m[32m 15[2mms[22m[39m
release	UNKNOWN STEP	2025-10-26T20:29:04.3446453Z  [32mâœ“[39m src/ide/process-utils.test.ts [2m([22m[2m8 tests[22m[2m)[22m[32m 13[2mms[22m[39m
release	UNKNOWN STEP	2025-10-26T20:29:04.4825483Z  [32mâœ“[39m src/code_assist/setup.test.ts [2m([22m[2m7 tests[22m[2m)[22m[32m 12[2mms[22m[39m
release	UNKNOWN STEP	2025-10-26T20:29:04.7491307Z  [32mâœ“[39m src/ide/ide-installer.test.ts [2m([22m[2m11 tests[22m[2m)[22m[32m 25[2mms[22m[39m
release	UNKNOWN STEP	2025-10-26T20:29:04.9173168Z  [32mâœ“[39m src/core/contentGenerator.test.ts [2m([22m[2m9 tests[22m[2m)[22m[32m 14[2mms[22m[39m
release	UNKNOWN STEP	2025-10-26T20:29:05.2232578Z  [32mâœ“[39m src/mcp/sa-impersonation-provider.test.ts [2m([22m[2m8 tests[22m[2m)[22m[32m 27[2mms[22m[39m
release	UNKNOWN STEP	2025-10-26T20:29:05.3055003Z  [32mâœ“[39m src/utils/environmentContext.test.ts [2m([22m[2m6 tests[22m[2m)[22m[32m 43[2mms[22m[39m
release	UNKNOWN STEP	2025-10-26T20:29:05.6399204Z  [32mâœ“[39m src/tools/diffOptions.test.ts [2m([22m[2m9 tests[22m[2m)[22m[32m 9[2mms[22m[39m
release	UNKNOWN STEP	2025-10-26T20:29:05.6852525Z  [32mâœ“[39m src/mcp/google-auth-provider.test.ts [2m([22m[2m10 tests[22m[2m)[22m[32m 31[2mms[22m[39m
release	UNKNOWN STEP	2025-10-26T20:29:06.0723657Z  [32mâœ“[39m src/utils/events.test.ts [2m([22m[2m8 tests[22m[2m)[22m[32m 44[2mms[22m[39m
release	UNKNOWN STEP	2025-10-26T20:29:06.4178761Z  [32mâœ“[39m src/utils/filesearch/ignore.test.ts [2m([22m[2m12 tests[22m[2m)[22m[32m 23[2mms[22m[39m
release	UNKNOWN STEP	2025-10-26T20:29:07.2909297Z  [32mâœ“[39m src/agents/subagent-tool-wrapper.test.ts [2m([22m[2m7 tests[22m[2m)[22m[32m 63[2mms[22m[39m
release	UNKNOWN STEP	2025-10-26T20:29:07.6444469Z  [32mâœ“[39m src/mcp/token-storage/base-token-storage.test.ts [2m([22m[2m12 tests[22m[2m)[22m[32m 9[2mms[22m[39m
release	UNKNOWN STEP	2025-10-26T20:29:07.8113485Z  [32mâœ“[39m src/telemetry/config.test.ts [2m([22m[2m11 tests[22m[2m)[22m[32m 9[2mms[22m[39m
release	UNKNOWN STEP	2025-10-26T20:29:07.9389141Z  [32mâœ“[39m src/agents/schema-utils.test.ts [2m([22m[2m6 tests[22m[2m)[22m[32m 11[2mms[22m[39m
release	UNKNOWN STEP	2025-10-26T20:29:08.1266716Z  [32mâœ“[39m src/telemetry/activity-detector.test.ts [2m([22m[2m13 tests[22m[2m)[22m[32m 15[2mms[22m[39m
release	UNKNOWN STEP	2025-10-26T20:29:08.3331951Z  [32mâœ“[39m src/routing/modelRouterService.test.ts [2m([22m[2m5 tests[22m[2m)[22m[32m 44[2mms[22m[39m
release	UNKNOWN STEP	2025-10-26T20:29:08.4323541Z  [32mâœ“[39m src/agents/utils.test.ts [2m([22m[2m12 tests[22m[2m)[22m[32m 9[2mms[22m[39m
release	UNKNOWN STEP	2025-10-26T20:29:08.7798052Z  [32mâœ“[39m src/ide/detect-ide.test.ts [2m([22m[2m14 tests[22m[2m)[22m[32m 9[2mms[22m[39m
release	UNKNOWN STEP	2025-10-26T20:29:09.4652952Z  [32mâœ“[39m src/tools/write-todos.test.ts [2m([22m[2m9 tests[22m[2m)[22m[32m 71[2mms[22m[39m
release	UNKNOWN STEP	2025-10-26T20:29:09.6602237Z  [32mâœ“[39m src/utils/errorParsing.test.ts [2m([22m[2m10 tests[22m[2m)[22m[32m 7[2mms[22m[39m
release	UNKNOWN STEP	2025-10-26T20:29:09.7647153Z  [32mâœ“[39m src/utils/filesearch/crawlCache.test.ts [2m([22m[2m9 tests[22m[2m)[22m[32m 14[2mms[22m[39m
release	UNKNOWN STEP	2025-10-26T20:29:10.0219376Z  [32mâœ“[39m src/utils/pathCorrector.test.ts [2m([22m[2m4 tests[22m[2m)[22m[32m 26[2mms[22m[39m
release	UNKNOWN STEP	2025-10-26T20:29:10.3092247Z  [32mâœ“[39m src/utils/delay.test.ts [2m([22m[2m7 tests[22m[2m)[22m[32m 21[2mms[22m[39m
release	UNKNOWN STEP	2025-10-26T20:29:10.6200105Z  [32mâœ“[39m src/utils/flashFallback.test.ts [2m([22m[2m4 tests[22m[2m)[22m[32m 28[2mms[22m[39m
release	UNKNOWN STEP	2025-10-26T20:29:10.6618906Z  [32mâœ“[39m src/utils/installationManager.test.ts [2m([22m[2m4 tests[22m[2m)[22m[32m 10[2mms[22m[39m
release	UNKNOWN STEP	2025-10-26T20:29:11.1284810Z  [32mâœ“[39m src/utils/schemaValidator.test.ts [2m([22m[2m7 tests[22m[2m)[22m[32m 83[2mms[22m[39m
release	UNKNOWN STEP	2025-10-26T20:29:11.4510080Z  [32mâœ“[39m src/utils/debugLogger.test.ts [2m([22m[2m6 tests[22m[2m)[22m[32m 13[2mms[22m[39m
release	UNKNOWN STEP	2025-10-26T20:29:11.7475433Z  [32mâœ“[39m src/utils/textUtils.test.ts [2m([22m[2m12 tests[22m[2m)[22m[32m 6[2mms[22m[39m
release	UNKNOWN STEP	2025-10-26T20:29:12.0140726Z  [32mâœ“[39m src/config/models.test.ts [2m([22m[2m9 tests[22m[2m)[22m[32m 6[2mms[22m[39m
release	UNKNOWN STEP	2025-10-26T20:29:12.3397208Z  [32mâœ“[39m src/routing/strategies/fallbackStrategy.test.ts [2m([22m[2m4 tests[22m[2m)[22m[32m 4[2mms[22m[39m
release	UNKNOWN STEP	2025-10-26T20:29:12.4934276Z  [32mâœ“[39m src/config/flashFallback.test.ts [2m([22m[2m6 tests[22m[2m)[22m[32m 13[2mms[22m[39m
release	UNKNOWN STEP	2025-10-26T20:29:12.6185276Z  [32mâœ“[39m src/utils/thoughtUtils.test.ts [2m([22m[2m11 tests[22m[2m)[22m[32m 7[2mms[22m[39m
release	UNKNOWN STEP	2025-10-26T20:29:12.8172078Z  [32mâœ“[39m src/utils/safeJsonStringify.test.ts [2m([22m[2m8 tests[22m[2m)[22m[32m 6[2mms[22m[39m
release	UNKNOWN STEP	2025-10-26T20:29:13.1581356Z  [32mâœ“[39m src/utils/geminiIgnoreParser.test.ts [2m([22m[2m2 tests[22m[2m)[22m[32m 15[2mms[22m[39m
release	UNKNOWN STEP	2025-10-26T20:29:13.2087953Z  [32mâœ“[39m src/utils/tool-utils.test.ts [2m([22m[2m8 tests[22m[2m)[22m[32m 7[2mms[22m[39m
release	UNKNOWN STEP	2025-10-26T20:29:13.4734966Z  [32mâœ“[39m src/config/storage.test.ts [2m([22m[2m6 tests[22m[2m)[22m[32m 6[2mms[22m[39m
release	UNKNOWN STEP	2025-10-26T20:29:13.5593447Z  [32mâœ“[39m src/routing/strategies/overrideStrategy.test.ts [2m([22m[2m3 tests[22m[2m)[22m[32m 4[2mms[22m[39m
release	UNKNOWN STEP	2025-10-26T20:29:13.8548609Z  [32mâœ“[39m src/utils/filesearch/result-cache.test.ts [2m([22m[2m3 tests[22m[2m)[22m[32m 6[2mms[22m[39m
release	UNKNOWN STEP	2025-10-26T20:29:14.1618838Z  [32mâœ“[39m src/services/fileSystemService.test.ts [2m([22m[2m3 tests[22m[2m)[22m[32m 12[2mms[22m[39m
release	UNKNOWN STEP	2025-10-26T20:29:14.4687910Z  [32mâœ“[39m src/telemetry/telemetry-utils.test.ts [2m([22m[2m6 tests[22m[2m)[22m[32m 5[2mms[22m[39m
release	UNKNOWN STEP	2025-10-26T20:29:14.7465056Z  [32mâœ“[39m src/routing/strategies/defaultStrategy.test.ts [2m([22m[2m1 test[22m[2m)[22m[32m 4[2mms[22m[39m
release	UNKNOWN STEP	2025-10-26T20:29:15.0577012Z  [32mâœ“[39m src/utils/formatters.test.ts [2m([22m[2m4 tests[22m[2m)[22m[32m 7[2mms[22m[39m
release	UNKNOWN STEP	2025-10-26T20:29:15.1875166Z  [32mâœ“[39m src/tools/mcp-client-manager.test.ts [2m([22m[2m2 tests[22m[2m)[22m[32m 5[2mms[22m[39m
release	UNKNOWN STEP	2025-10-26T20:29:15.3394262Z  [32mâœ“[39m src/commands/extensions.test.ts [2m([22m[2m1 test[22m[2m)[22m[32m 6[2mms[22m[39m
release	UNKNOWN STEP	2025-10-26T20:29:15.4964664Z  [32mâœ“[39m src/index.test.ts [2m([22m[2m1 test[22m[2m)[22m[32m 3[2mms[22m[39m
release	UNKNOWN STEP	2025-10-26T20:29:15.9126996Z  [32mâœ“[39m src/telemetry/telemetry.test.ts [2m([22m[2m2 tests[22m[2m)[22m[32m 19[2mms[22m[39m
release	UNKNOWN STEP	2025-10-26T20:29:19.0433564Z 
release	UNKNOWN STEP	2025-10-26T20:29:19.0449563Z [2m  Snapshots [22m [1m[33m4 obsolete[39m[22m
release	UNKNOWN STEP	2025-10-26T20:29:19.0450661Z [2m            [22m [90mâ†³[39m [2msrc/core/[22m[1mprompts[22m[2m.test.ts[22m
release	UNKNOWN STEP	2025-10-26T20:29:19.0452281Z [2m            [22m   [90mÂ·[39m Core System Prompt (prompts.ts) > should return the base prompt when 'no userMemory is provided' 1
release	UNKNOWN STEP	2025-10-26T20:29:19.0454728Z [2m            [22m   [90mÂ·[39m Core System Prompt (prompts.ts) > should return the base prompt when 'userMemory is empty string' 1
release	UNKNOWN STEP	2025-10-26T20:29:19.0456898Z [2m            [22m   [90mÂ·[39m Core System Prompt (prompts.ts) > should return the base prompt when 'userMemory is whitespace only' 1
release	UNKNOWN STEP	2025-10-26T20:29:19.0458582Z [2m            [22m   [90mÂ·[39m Core System Prompt (prompts.ts) > should return the base prompt when no userMemory is provided 1
release	UNKNOWN STEP	2025-10-26T20:29:19.0459288Z 
release	UNKNOWN STEP	2025-10-26T20:29:19.0459894Z [2m Test Files [22m [1m[32m140 passed[39m[22m[90m (140)[39m
release	UNKNOWN STEP	2025-10-26T20:29:19.0462384Z [2m      Tests [22m [1m[32m2722 passed[39m[22m[2m | [22m[33m21 skipped[39m[90m (2743)[39m
release	UNKNOWN STEP	2025-10-26T20:29:19.0463211Z [2m   Start at [22m 20:28:17
release	UNKNOWN STEP	2025-10-26T20:29:19.0469326Z [2m   Duration [22m 61.10s[2m (transform 5.39s, setup 596ms, collect 101.96s, tests 20.80s, environment 49ms, prepare 15.03s)[22m
release	UNKNOWN STEP	2025-10-26T20:29:19.0470033Z 
release	UNKNOWN STEP	2025-10-26T20:29:19.4999078Z JUNIT report written to /home/runner/work/gemini-cli/gemini-cli/release/packages/core/junit.xml
release	UNKNOWN STEP	2025-10-26T20:29:19.5027999Z [34m % [39m[2mCoverage report from [22m[33mv8[39m
release	UNKNOWN STEP	2025-10-26T20:29:20.1243742Z 
release	UNKNOWN STEP	2025-10-26T20:29:20.1244709Z > gemini-cli-vscode-ide-companion@0.12.0-nightly.20251022.0542de95 test:ci
release	UNKNOWN STEP	2025-10-26T20:29:20.1245297Z > vitest run --coverage
release	UNKNOWN STEP	2025-10-26T20:29:20.1245486Z 
release	UNKNOWN STEP	2025-10-26T20:29:20.5761757Z 
release	UNKNOWN STEP	2025-10-26T20:29:20.5767976Z [1m[46m RUN [49m[22m [36mv3.2.4 [39m[90m/home/runner/work/gemini-cli/gemini-cli/release/packages/vscode-ide-companion[39m
release	UNKNOWN STEP	2025-10-26T20:29:20.5769439Z       [2mCoverage enabled with [22m[33mv8[39m
release	UNKNOWN STEP	2025-10-26T20:29:20.5769884Z 
release	UNKNOWN STEP	2025-10-26T20:29:21.0782300Z  [32mâœ“[39m src/open-files-manager.test.ts [2m([22m[2m17 tests[22m[2m)[22m[32m 43[2mms[22m[39m
release	UNKNOWN STEP	2025-10-26T20:29:21.4837843Z  [32mâœ“[39m src/ide-server.test.ts [2m([22m[2m13 tests[22m[2m | [22m[33m1 skipped[39m[2m)[22m[32m 138[2mms[22m[39m
release	UNKNOWN STEP	2025-10-26T20:29:21.4850346Z  [32mâœ“[39m src/extension.test.ts [2m([22m[2m11 tests[22m[2m)[22m[32m 109[2mms[22m[39m
release	UNKNOWN STEP	2025-10-26T20:29:21.7223370Z 
release	UNKNOWN STEP	2025-10-26T20:29:21.7228861Z [2m Test Files [22m [1m[32m3 passed[39m[22m[90m (3)[39m
release	UNKNOWN STEP	2025-10-26T20:29:21.7234535Z [2m      Tests [22m [1m[32m40 passed[39m[22m[2m | [22m[33m1 skipped[39m[90m (41)[39m
release	UNKNOWN STEP	2025-10-26T20:29:21.7236820Z [2m   Start at [22m 20:29:20
release	UNKNOWN STEP	2025-10-26T20:29:21.7238877Z [2m   Duration [22m 1.14s[2m (transform 417ms, setup 0ms, collect 1.17s, tests 290ms, environment 1ms, prepare 330ms)[22m
release	UNKNOWN STEP	2025-10-26T20:29:21.7239916Z 
release	UNKNOWN STEP	2025-10-26T20:29:21.7247677Z [34m % [39m[2mCoverage report from [22m[33mv8[39m
release	UNKNOWN STEP	2025-10-26T20:29:21.7292201Z -------------------|---------|----------|---------|---------|-------------------
release	UNKNOWN STEP	2025-10-26T20:29:21.7294853Z File               | % Stmts | % Branch | % Funcs | % Lines | Uncovered Line #s 
release	UNKNOWN STEP	2025-10-26T20:29:21.7295622Z -------------------|---------|----------|---------|---------|-------------------
release	UNKNOWN STEP	2025-10-26T20:29:21.7301568Z All files          |      48 |    76.63 |    55.1 |      48 |                   
release	UNKNOWN STEP	2025-10-26T20:29:21.7302329Z  ...-ide-companion |       0 |        0 |       0 |       0 |                   
release	UNKNOWN STEP	2025-10-26T20:29:21.7303906Z   esbuild.js       |       0 |        0 |       0 |       0 | 1-69              
release	UNKNOWN STEP	2025-10-26T20:29:21.7304606Z  ...panion/scripts |       0 |        0 |       0 |       0 |                   
release	UNKNOWN STEP	2025-10-26T20:29:21.7306066Z   ...de-release.js |       0 |        0 |       0 |       0 | 1-99              
release	UNKNOWN STEP	2025-10-26T20:29:21.7307223Z   ...te-notices.js |       0 |        0 |       0 |       0 | 1-160             
release	UNKNOWN STEP	2025-10-26T20:29:21.7307904Z  ...-companion/src |   61.57 |     79.2 |   57.77 |   61.57 |                   
release	UNKNOWN STEP	2025-10-26T20:29:21.7318627Z   diff-manager.ts  |   23.38 |       80 |      25 |   23.38 | ...37-238,241-266 
release	UNKNOWN STEP	2025-10-26T20:29:21.7320890Z   extension.ts     |   67.19 |       80 |      50 |   67.19 | ...04-208,213-227 
release	UNKNOWN STEP	2025-10-26T20:29:21.7324021Z   ide-server.ts    |   66.19 |    74.46 |   68.75 |   66.19 | ...60-463,472-489 
release	UNKNOWN STEP	2025-10-26T20:29:21.7332764Z   ...es-manager.ts |   94.36 |    85.29 |     100 |   94.36 | ...88,146-147,154 
release	UNKNOWN STEP	2025-10-26T20:29:21.7345156Z  ...nion/src/utils |   88.23 |    66.66 |     100 |   88.23 |                   
release	UNKNOWN STEP	2025-10-26T20:29:21.7346221Z   logger.ts        |   88.23 |    66.66 |     100 |   88.23 | 21-22             
release	UNKNOWN STEP	2025-10-26T20:29:21.7347063Z -------------------|---------|----------|---------|---------|-------------------
release	UNKNOWN STEP	2025-10-26T20:29:21.9259445Z 
release	UNKNOWN STEP	2025-10-26T20:29:21.9260378Z > @google/gemini-cli@0.12.0-nightly.20251022.0542de95 test:scripts
release	UNKNOWN STEP	2025-10-26T20:29:21.9261418Z > vitest run --config ./scripts/tests/vitest.config.ts
release	UNKNOWN STEP	2025-10-26T20:29:21.9261897Z 
release	UNKNOWN STEP	2025-10-26T20:29:22.2537876Z 
release	UNKNOWN STEP	2025-10-26T20:29:22.2540362Z [1m[46m RUN [49m[22m [36mv3.2.4 [39m[90m/home/runner/work/gemini-cli/gemini-cli/release[39m
release	UNKNOWN STEP	2025-10-26T20:29:22.2541314Z 
release	UNKNOWN STEP	2025-10-26T20:29:22.6870405Z [90mstderr[2m | scripts/tests/get-release-version.test.js[2m > [22m[2mgetVersion[2m > [22m[2mAdvanced Scenarios[2m > [22m[2mshould ignore a deprecated version and use the next highest
release	UNKNOWN STEP	2025-10-26T20:29:22.6871428Z [22m[39mIgnoring deprecated version: 0.9.0-nightly.20250917.deprecated
release	UNKNOWN STEP	2025-10-26T20:29:22.6871706Z 
release	UNKNOWN STEP	2025-10-26T20:29:22.6887615Z [90mstderr[2m | scripts/tests/get-release-version.test.js[2m > [22m[2mgetVersion[2m > [22m[2mAdvanced Scenarios[2m > [22m[2mshould auto-increment patch version if the calculated one already exists
release	UNKNOWN STEP	2025-10-26T20:29:22.6888996Z [22m[39mGit tag v0.7.0 already exists.
release	UNKNOWN STEP	2025-10-26T20:29:22.6889479Z Version 0.7.0 exists, incrementing.
release	UNKNOWN STEP	2025-10-26T20:29:22.6889654Z 
release	UNKNOWN STEP	2025-10-26T20:29:22.6905271Z [90mstderr[2m | scripts/tests/get-release-version.test.js[2m > [22m[2mgetVersion[2m > [22m[2mAdvanced Scenarios[2m > [22m[2mshould auto-increment preview number if the calculated one already exists
release	UNKNOWN STEP	2025-10-26T20:29:22.6908490Z [22m[39mVersion 0.8.0-preview.0 already exists on NPM.
release	UNKNOWN STEP	2025-10-26T20:29:22.6909237Z Version 0.8.0-preview.0 exists, incrementing.
release	UNKNOWN STEP	2025-10-26T20:29:22.6909616Z 
release	UNKNOWN STEP	2025-10-26T20:29:22.6930957Z  [32mâœ“[39m scripts/tests/get-release-version.test.js [2m([22m[2m8 tests[22m[2m)[22m[32m 31[2mms[22m[39m
release	UNKNOWN STEP	2025-10-26T20:29:23.6639353Z  [32mâœ“[39m scripts/tests/patch-create-comment.test.js [2m([22m[2m15 tests[22m[2m)[22m[33m 1086[2mms[22m[39m
release	UNKNOWN STEP	2025-10-26T20:29:23.6757963Z 
release	UNKNOWN STEP	2025-10-26T20:29:23.6764090Z [2m Test Files [22m [1m[32m2 passed[39m[22m[90m (2)[39m
release	UNKNOWN STEP	2025-10-26T20:29:23.6765400Z [2m      Tests [22m [1m[32m23 passed[39m[22m[90m (23)[39m
release	UNKNOWN STEP	2025-10-26T20:29:23.6766508Z [2m   Start at [22m 20:29:22
release	UNKNOWN STEP	2025-10-26T20:29:23.6768494Z [2m   Duration [22m 1.42s[2m (transform 123ms, setup 49ms, collect 220ms, tests 1.12s, environment 0ms, prepare 177ms)[22m
release	UNKNOWN STEP	2025-10-26T20:29:23.6769429Z 
release	UNKNOWN STEP	2025-10-26T20:29:23.7891920Z ##[endgroup]
release	UNKNOWN STEP	2025-10-26T20:29:23.7892650Z ##[group]Integration Tests (no sandbox)
release	UNKNOWN STEP	2025-10-26T20:29:23.9160919Z 
release	UNKNOWN STEP	2025-10-26T20:29:23.9161955Z > @google/gemini-cli@0.12.0-nightly.20251022.0542de95 test:integration:sandbox:none
release	UNKNOWN STEP	2025-10-26T20:29:23.9163191Z > cross-env GEMINI_SANDBOX=false vitest run --root ./integration-tests
release	UNKNOWN STEP	2025-10-26T20:29:23.9163739Z 
release	UNKNOWN STEP	2025-10-26T20:29:24.2550602Z 
release	UNKNOWN STEP	2025-10-26T20:29:24.2554376Z [1m[46m RUN [49m[22m [36mv3.2.4 [39m[90m/home/runner/work/gemini-cli/gemini-cli/release/integration-tests[39m
release	UNKNOWN STEP	2025-10-26T20:29:24.2555201Z 
release	UNKNOWN STEP	2025-10-26T20:29:24.3020374Z 
release	UNKNOWN STEP	2025-10-26T20:29:24.3021755Z Integration test output directory: /home/runner/work/gemini-cli/gemini-cli/release/.integration-tests/1761510564301
release	UNKNOWN STEP	2025-10-26T20:29:26.8017497Z [90mstderr[2m | run_shell_command.test.ts
release	UNKNOWN STEP	2025-10-26T20:29:26.8018872Z [22m[39mCurrent logger will be overwritten from Error: 
release	UNKNOWN STEP	2025-10-26T20:29:26.8061417Z     at DiagAPI.setLogger (/home/runner/work/gemini-cli/gemini-cli/release/node_modules/@opentelemetry/api/src/api/diag.ts:97:23)
release	UNKNOWN STEP	2025-10-26T20:29:26.8063002Z     at /home/runner/work/gemini-cli/gemini-cli/release/packages/core/src/telemetry/sdk.ts:49:6
release	UNKNOWN STEP	2025-10-26T20:29:26.8064037Z     at processTicksAndRejections (node:internal/process/task_queues:95:5)
release	UNKNOWN STEP	2025-10-26T20:29:26.8066085Z     at VitestExecutor.runModule (file:///home/runner/work/gemini-cli/gemini-cli/release/node_modules/vite-node/dist/client.mjs:397:4)
release	UNKNOWN STEP	2025-10-26T20:29:26.8067882Z     at VitestExecutor.directRequest (file:///home/runner/work/gemini-cli/gemini-cli/release/node_modules/vite-node/dist/client.mjs:375:3)
release	UNKNOWN STEP	2025-10-26T20:29:26.8069794Z     at VitestExecutor.cachedRequest (file:///home/runner/work/gemini-cli/gemini-cli/release/node_modules/vite-node/dist/client.mjs:189:11)
release	UNKNOWN STEP	2025-10-26T20:29:26.8071654Z     at VitestExecutor.dependencyRequest (file:///home/runner/work/gemini-cli/gemini-cli/release/node_modules/vite-node/dist/client.mjs:239:10)
release	UNKNOWN STEP	2025-10-26T20:29:26.8073237Z     at /home/runner/work/gemini-cli/gemini-cli/release/packages/core/src/telemetry/loggers.ts:67:1
release	UNKNOWN STEP	2025-10-26T20:29:26.8074648Z     at VitestExecutor.runModule (file:///home/runner/work/gemini-cli/gemini-cli/release/node_modules/vite-node/dist/client.mjs:397:4)
release	UNKNOWN STEP	2025-10-26T20:29:26.8076622Z     at VitestExecutor.directRequest (file:///home/runner/work/gemini-cli/gemini-cli/release/node_modules/vite-node/dist/client.mjs:375:3)
release	UNKNOWN STEP	2025-10-26T20:29:26.8078026Z Current logger will overwrite one already registered from Error: 
release	UNKNOWN STEP	2025-10-26T20:29:26.8079200Z     at DiagAPI.setLogger (/home/runner/work/gemini-cli/gemini-cli/release/node_modules/@opentelemetry/api/src/api/diag.ts:97:23)
release	UNKNOWN STEP	2025-10-26T20:29:26.8080375Z     at /home/runner/work/gemini-cli/gemini-cli/release/packages/core/src/telemetry/sdk.ts:49:6
release	UNKNOWN STEP	2025-10-26T20:29:26.8081452Z     at processTicksAndRejections (node:internal/process/task_queues:95:5)
release	UNKNOWN STEP	2025-10-26T20:29:26.8082828Z     at VitestExecutor.runModule (file:///home/runner/work/gemini-cli/gemini-cli/release/node_modules/vite-node/dist/client.mjs:397:4)
release	UNKNOWN STEP	2025-10-26T20:29:26.8084432Z     at VitestExecutor.directRequest (file:///home/runner/work/gemini-cli/gemini-cli/release/node_modules/vite-node/dist/client.mjs:375:3)
release	UNKNOWN STEP	2025-10-26T20:29:26.8086398Z     at VitestExecutor.cachedRequest (file:///home/runner/work/gemini-cli/gemini-cli/release/node_modules/vite-node/dist/client.mjs:189:11)
release	UNKNOWN STEP	2025-10-26T20:29:26.8088180Z     at VitestExecutor.dependencyRequest (file:///home/runner/work/gemini-cli/gemini-cli/release/node_modules/vite-node/dist/client.mjs:239:10)
release	UNKNOWN STEP	2025-10-26T20:29:26.8089965Z     at /home/runner/work/gemini-cli/gemini-cli/release/packages/core/src/telemetry/loggers.ts:67:1
release	UNKNOWN STEP	2025-10-26T20:29:26.8091379Z     at VitestExecutor.runModule (file:///home/runner/work/gemini-cli/gemini-cli/release/node_modules/vite-node/dist/client.mjs:397:4)
release	UNKNOWN STEP	2025-10-26T20:29:26.8093600Z     at VitestExecutor.directRequest (file:///home/runner/work/gemini-cli/gemini-cli/release/node_modules/vite-node/dist/client.mjs:375:3)
release	UNKNOWN STEP	2025-10-26T20:29:26.8094442Z 
release	UNKNOWN STEP	2025-10-26T20:29:56.1248011Z  [31mâ¯[39m simple-mcp-server.test.ts [2m([22m[2m1 test[22m[2m | [22m[31m1 failed[39m[2m)[22m[33m 31415[2mms[22m[39m
release	UNKNOWN STEP	2025-10-26T20:29:56.1256454Z [31m   [31mÃ—[31m simple-mcp-server[2m > [22mshould add two numbers[39m[33m 31410[2mms[22m[39m[33m (retry x2)[39m
release	UNKNOWN STEP	2025-10-26T20:29:56.1257504Z [31m     â†’ Process exited with code 1:
release	UNKNOWN STEP	2025-10-26T20:29:56.1258275Z YOLO mode is enabled. All tool calls will be automatically approved.
release	UNKNOWN STEP	2025-10-26T20:29:56.1259412Z GEMINI_API_KEY not found. Find your existing key or generate a new one at: https://aistudio.google.com/apikey
release	UNKNOWN STEP	2025-10-26T20:29:56.1260040Z 
release	UNKNOWN STEP	2025-10-26T20:29:56.1260532Z To continue, please set the GEMINI_API_KEY environment variable or add it to a .env file.
release	UNKNOWN STEP	2025-10-26T20:29:56.1261123Z [39m
release	UNKNOWN STEP	2025-10-26T20:29:56.1261552Z [31m     â†’ Process exited with code 1:
release	UNKNOWN STEP	2025-10-26T20:29:56.1262203Z YOLO mode is enabled. All tool calls will be automatically approved.
release	UNKNOWN STEP	2025-10-26T20:29:56.1263300Z GEMINI_API_KEY not found. Find your existing key or generate a new one at: https://aistudio.google.com/apikey
release	UNKNOWN STEP	2025-10-26T20:29:56.1263883Z 
release	UNKNOWN STEP	2025-10-26T20:29:56.1264451Z To continue, please set the GEMINI_API_KEY environment variable or add it to a .env file.
release	UNKNOWN STEP	2025-10-26T20:29:56.1265464Z [39m
release	UNKNOWN STEP	2025-10-26T20:29:56.1266073Z [31m     â†’ Process exited with code 1:
release	UNKNOWN STEP	2025-10-26T20:29:56.1266762Z YOLO mode is enabled. All tool calls will be automatically approved.
release	UNKNOWN STEP	2025-10-26T20:29:56.1267873Z GEMINI_API_KEY not found. Find your existing key or generate a new one at: https://aistudio.google.com/apikey
release	UNKNOWN STEP	2025-10-26T20:29:56.1268516Z 
release	UNKNOWN STEP	2025-10-26T20:29:56.1269147Z To continue, please set the GEMINI_API_KEY environment variable or add it to a .env file.
release	UNKNOWN STEP	2025-10-26T20:29:56.1269900Z [39m
release	UNKNOWN STEP	2025-10-26T20:30:35.0681991Z  [31mâ¯[39m file-system.test.ts [2m([22m[2m6 tests[22m[2m | [22m[31m5 failed[39m[2m | [22m[33m1 skipped[39m[2m)[22m[33m 70358[2mms[22m[39m
release	UNKNOWN STEP	2025-10-26T20:30:35.0683583Z [31m   [31mÃ—[31m file-system[2m > [22mshould be able to read a file[39m[33m 13708[2mms[22m[39m[33m (retry x2)[39m
release	UNKNOWN STEP	2025-10-26T20:30:35.0684516Z [31m     â†’ Process exited with code 1:
release	UNKNOWN STEP	2025-10-26T20:30:35.0685163Z YOLO mode is enabled. All tool calls will be automatically approved.
release	UNKNOWN STEP	2025-10-26T20:30:35.0689390Z GEMINI_API_KEY not found. Find your existing key or generate a new one at: https://aistudio.google.com/apikey
release	UNKNOWN STEP	2025-10-26T20:30:35.0690054Z 
release	UNKNOWN STEP	2025-10-26T20:30:35.0690617Z To continue, please set the GEMINI_API_KEY environment variable or add it to a .env file.
release	UNKNOWN STEP	2025-10-26T20:30:35.0691337Z [39m
release	UNKNOWN STEP	2025-10-26T20:30:35.0691799Z [31m     â†’ Process exited with code 1:
release	UNKNOWN STEP	2025-10-26T20:30:35.0692512Z YOLO mode is enabled. All tool calls will be automatically approved.
release	UNKNOWN STEP	2025-10-26T20:30:35.0693573Z GEMINI_API_KEY not found. Find your existing key or generate a new one at: https://aistudio.google.com/apikey
release	UNKNOWN STEP	2025-10-26T20:30:35.0693994Z 
release	UNKNOWN STEP	2025-10-26T20:30:35.0694349Z To continue, please set the GEMINI_API_KEY environment variable or add it to a .env file.
release	UNKNOWN STEP	2025-10-26T20:30:35.0694779Z [39m
release	UNKNOWN STEP	2025-10-26T20:30:35.0695064Z [31m     â†’ Process exited with code 1:
release	UNKNOWN STEP	2025-10-26T20:30:35.0695487Z YOLO mode is enabled. All tool calls will be automatically approved.
release	UNKNOWN STEP	2025-10-26T20:30:35.0696414Z GEMINI_API_KEY not found. Find your existing key or generate a new one at: https://aistudio.google.com/apikey
release	UNKNOWN STEP	2025-10-26T20:30:35.0696820Z 
release	UNKNOWN STEP	2025-10-26T20:30:35.0697155Z To continue, please set the GEMINI_API_KEY environment variable or add it to a .env file.
release	UNKNOWN STEP	2025-10-26T20:30:35.0697564Z [39m
release	UNKNOWN STEP	2025-10-26T20:30:35.0698586Z [31m   [31mÃ—[31m file-system[2m > [22mshould be able to write a file[39m[33m 15437[2mms[22m[39m[33m (retry x2)[39m
release	UNKNOWN STEP	2025-10-26T20:30:35.0699166Z [31m     â†’ Process exited with code 1:
release	UNKNOWN STEP	2025-10-26T20:30:35.0699584Z YOLO mode is enabled. All tool calls will be automatically approved.
release	UNKNOWN STEP	2025-10-26T20:30:35.0700258Z GEMINI_API_KEY not found. Find your existing key or generate a new one at: https://aistudio.google.com/apikey
release	UNKNOWN STEP	2025-10-26T20:30:35.0700641Z 
release	UNKNOWN STEP	2025-10-26T20:30:35.0700972Z To continue, please set the GEMINI_API_KEY environment variable or add it to a .env file.
release	UNKNOWN STEP	2025-10-26T20:30:35.0701457Z [39m
release	UNKNOWN STEP	2025-10-26T20:30:35.0701929Z [31m     â†’ Process exited with code 1:
release	UNKNOWN STEP	2025-10-26T20:30:35.0702634Z YOLO mode is enabled. All tool calls will be automatically approved.
release	UNKNOWN STEP	2025-10-26T20:30:35.0703733Z GEMINI_API_KEY not found. Find your existing key or generate a new one at: https://aistudio.google.com/apikey
release	UNKNOWN STEP	2025-10-26T20:30:35.0704271Z 
release	UNKNOWN STEP	2025-10-26T20:30:35.0704611Z To continue, please set the GEMINI_API_KEY environment variable or add it to a .env file.
release	UNKNOWN STEP	2025-10-26T20:30:35.0705064Z [39m
release	UNKNOWN STEP	2025-10-26T20:30:35.0705349Z [31m     â†’ Process exited with code 1:
release	UNKNOWN STEP	2025-10-26T20:30:35.0705774Z YOLO mode is enabled. All tool calls will be automatically approved.
release	UNKNOWN STEP	2025-10-26T20:30:35.0706722Z GEMINI_API_KEY not found. Find your existing key or generate a new one at: https://aistudio.google.com/apikey
release	UNKNOWN STEP	2025-10-26T20:30:35.0707113Z 
release	UNKNOWN STEP	2025-10-26T20:30:35.0707515Z To continue, please set the GEMINI_API_KEY environment variable or add it to a .env file.
release	UNKNOWN STEP	2025-10-26T20:30:35.0708266Z [39m
release	UNKNOWN STEP	2025-10-26T20:30:35.0709380Z [31m   [31mÃ—[31m file-system[2m > [22mshould correctly handle file paths with spaces[39m[33m 14521[2mms[22m[39m[33m (retry x2)[39m
release	UNKNOWN STEP	2025-10-26T20:30:35.0710947Z [31m     â†’ Process exited with code 1:
release	UNKNOWN STEP	2025-10-26T20:30:35.0711396Z YOLO mode is enabled. All tool calls will be automatically approved.
release	UNKNOWN STEP	2025-10-26T20:30:35.0712072Z GEMINI_API_KEY not found. Find your existing key or generate a new one at: https://aistudio.google.com/apikey
release	UNKNOWN STEP	2025-10-26T20:30:35.0712475Z 
release	UNKNOWN STEP	2025-10-26T20:30:35.0712819Z To continue, please set the GEMINI_API_KEY environment variable or add it to a .env file.
release	UNKNOWN STEP	2025-10-26T20:30:35.0713238Z [39m
release	UNKNOWN STEP	2025-10-26T20:30:35.0713521Z [31m     â†’ Process exited with code 1:
release	UNKNOWN STEP	2025-10-26T20:30:35.0713956Z YOLO mode is enabled. All tool calls will be automatically approved.
release	UNKNOWN STEP	2025-10-26T20:30:35.0714641Z GEMINI_API_KEY not found. Find your existing key or generate a new one at: https://aistudio.google.com/apikey
release	UNKNOWN STEP	2025-10-26T20:30:35.0715024Z 
release	UNKNOWN STEP	2025-10-26T20:30:35.0715340Z To continue, please set the GEMINI_API_KEY environment variable or add it to a .env file.
release	UNKNOWN STEP	2025-10-26T20:30:35.0715744Z [39m
release	UNKNOWN STEP	2025-10-26T20:30:35.0716305Z [31m     â†’ Process exited with code 1:
release	UNKNOWN STEP	2025-10-26T20:30:35.0716710Z YOLO mode is enabled. All tool calls will be automatically approved.
release	UNKNOWN STEP	2025-10-26T20:30:35.0717357Z GEMINI_API_KEY not found. Find your existing key or generate a new one at: https://aistudio.google.com/apikey
release	UNKNOWN STEP	2025-10-26T20:30:35.0717723Z 
release	UNKNOWN STEP	2025-10-26T20:30:35.0718047Z To continue, please set the GEMINI_API_KEY environment variable or add it to a .env file.
release	UNKNOWN STEP	2025-10-26T20:30:35.0718435Z [39m
release	UNKNOWN STEP	2025-10-26T20:30:35.0719092Z [31m   [31mÃ—[31m file-system[2m > [22mshould perform a read-then-write sequence[39m[33m 12946[2mms[22m[39m[33m (retry x2)[39m
release	UNKNOWN STEP	2025-10-26T20:30:35.0719669Z [31m     â†’ Process exited with code 1:
release	UNKNOWN STEP	2025-10-26T20:30:35.0720065Z YOLO mode is enabled. All tool calls will be automatically approved.
release	UNKNOWN STEP	2025-10-26T20:30:35.0720705Z GEMINI_API_KEY not found. Find your existing key or generate a new one at: https://aistudio.google.com/apikey
release	UNKNOWN STEP	2025-10-26T20:30:35.0721070Z 
release	UNKNOWN STEP	2025-10-26T20:30:35.0721389Z To continue, please set the GEMINI_API_KEY environment variable or add it to a .env file.
release	UNKNOWN STEP	2025-10-26T20:30:35.0721783Z [39m
release	UNKNOWN STEP	2025-10-26T20:30:35.0722044Z [31m     â†’ Process exited with code 1:
release	UNKNOWN STEP	2025-10-26T20:30:35.0722446Z YOLO mode is enabled. All tool calls will be automatically approved.
release	UNKNOWN STEP	2025-10-26T20:30:35.0723248Z GEMINI_API_KEY not found. Find your existing key or generate a new one at: https://aistudio.google.com/apikey
release	UNKNOWN STEP	2025-10-26T20:30:35.0723629Z 
release	UNKNOWN STEP	2025-10-26T20:30:35.0723952Z To continue, please set the GEMINI_API_KEY environment variable or add it to a .env file.
release	UNKNOWN STEP	2025-10-26T20:30:35.0724344Z [39m
release	UNKNOWN STEP	2025-10-26T20:30:35.0724598Z [31m     â†’ Process exited with code 1:
release	UNKNOWN STEP	2025-10-26T20:30:35.0724995Z YOLO mode is enabled. All tool calls will be automatically approved.
release	UNKNOWN STEP	2025-10-26T20:30:35.0725649Z GEMINI_API_KEY not found. Find your existing key or generate a new one at: https://aistudio.google.com/apikey
release	UNKNOWN STEP	2025-10-26T20:30:35.0726227Z 
release	UNKNOWN STEP	2025-10-26T20:30:35.0726540Z To continue, please set the GEMINI_API_KEY environment variable or add it to a .env file.
release	UNKNOWN STEP	2025-10-26T20:30:35.0726947Z [39m
release	UNKNOWN STEP	2025-10-26T20:30:35.0727358Z    [2m[90mâ†“[39m[22m file-system[2m > [22mshould replace multiple instances of a string
release	UNKNOWN STEP	2025-10-26T20:30:35.0728263Z [31m   [31mÃ—[31m file-system[2m > [22mshould fail safely when trying to edit a non-existent file[39m[33m 13744[2mms[22m[39m[33m (retry x2)[39m
release	UNKNOWN STEP	2025-10-26T20:30:35.0728884Z [31m     â†’ Process exited with code 1:
release	UNKNOWN STEP	2025-10-26T20:30:35.0729278Z YOLO mode is enabled. All tool calls will be automatically approved.
release	UNKNOWN STEP	2025-10-26T20:30:35.0729926Z GEMINI_API_KEY not found. Find your existing key or generate a new one at: https://aistudio.google.com/apikey
release	UNKNOWN STEP	2025-10-26T20:30:35.0730300Z 
release	UNKNOWN STEP	2025-10-26T20:30:35.0730614Z To continue, please set the GEMINI_API_KEY environment variable or add it to a .env file.
release	UNKNOWN STEP	2025-10-26T20:30:35.0730997Z [39m
release	UNKNOWN STEP	2025-10-26T20:30:35.0731251Z [31m     â†’ Process exited with code 1:
release	UNKNOWN STEP	2025-10-26T20:30:35.0731642Z YOLO mode is enabled. All tool calls will be automatically approved.
release	UNKNOWN STEP	2025-10-26T20:30:35.0732431Z GEMINI_API_KEY not found. Find your existing key or generate a new one at: https://aistudio.google.com/apikey
release	UNKNOWN STEP	2025-10-26T20:30:35.0732811Z 
release	UNKNOWN STEP	2025-10-26T20:30:35.0733116Z To continue, please set the GEMINI_API_KEY environment variable or add it to a .env file.
release	UNKNOWN STEP	2025-10-26T20:30:35.0733507Z [39m
release	UNKNOWN STEP	2025-10-26T20:30:35.0733760Z [31m     â†’ Process exited with code 1:
release	UNKNOWN STEP	2025-10-26T20:30:35.0734154Z YOLO mode is enabled. All tool calls will be automatically approved.
release	UNKNOWN STEP	2025-10-26T20:30:35.0734775Z GEMINI_API_KEY not found. Find your existing key or generate a new one at: https://aistudio.google.com/apikey
release	UNKNOWN STEP	2025-10-26T20:30:35.0735145Z 
release	UNKNOWN STEP	2025-10-26T20:30:35.0735447Z To continue, please set the GEMINI_API_KEY environment variable or add it to a .env file.
release	UNKNOWN STEP	2025-10-26T20:30:35.0736024Z [39m
release	UNKNOWN STEP	2025-10-26T20:30:52.1789036Z  [31mâ¯[39m json-output.test.ts [2m([22m[2m3 tests[22m[2m | [22m[31m1 failed[39m[2m | [22m[33m1 skipped[39m[2m)[22m[33m 16873[2mms[22m[39m
release	UNKNOWN STEP	2025-10-26T20:30:52.1790515Z [31m   [31mÃ—[31m JSON output[2m > [22mshould return a valid JSON with response and stats[39m[33m 12588[2mms[22m[39m[33m (retry x2)[39m
release	UNKNOWN STEP	2025-10-26T20:30:52.1791643Z [31m     â†’ Process exited with code 1:
release	UNKNOWN STEP	2025-10-26T20:30:52.1792459Z YOLO mode is enabled. All tool calls will be automatically approved.
release	UNKNOWN STEP	2025-10-26T20:30:52.1793087Z {
release	UNKNOWN STEP	2025-10-26T20:30:52.1793424Z   "error": {
release	UNKNOWN STEP	2025-10-26T20:30:52.1793765Z     "type": "Error",
release	UNKNOWN STEP	2025-10-26T20:30:52.1795139Z     "message": "GEMINI_API_KEY not found. Find your existing key or generate a new one at: https://aistudio.google.com/apikey\n\nTo continue, please set the GEMINI_API_KEY environment variable or add it to a .env file.",
release	UNKNOWN STEP	2025-10-26T20:30:52.1796327Z     "code": 1
release	UNKNOWN STEP	2025-10-26T20:30:52.1796525Z   }
release	UNKNOWN STEP	2025-10-26T20:30:52.1796697Z }
release	UNKNOWN STEP	2025-10-26T20:30:52.1796903Z [39m
release	UNKNOWN STEP	2025-10-26T20:30:52.1797201Z [31m     â†’ Process exited with code 1:
release	UNKNOWN STEP	2025-10-26T20:30:52.1797688Z YOLO mode is enabled. All tool calls will be automatically approved.
release	UNKNOWN STEP	2025-10-26T20:30:52.1798071Z {
release	UNKNOWN STEP	2025-10-26T20:30:52.1798241Z   "error": {
release	UNKNOWN STEP	2025-10-26T20:30:52.1798440Z     "type": "Error",
release	UNKNOWN STEP	2025-10-26T20:30:52.1799420Z     "message": "GEMINI_API_KEY not found. Find your existing key or generate a new one at: https://aistudio.google.com/apikey\n\nTo continue, please set the GEMINI_API_KEY environment variable or add it to a .env file.",
release	UNKNOWN STEP	2025-10-26T20:30:52.1800555Z     "code": 1
release	UNKNOWN STEP	2025-10-26T20:30:52.1800757Z   }
release	UNKNOWN STEP	2025-10-26T20:30:52.1800930Z }
release	UNKNOWN STEP	2025-10-26T20:30:52.1801115Z [39m
release	UNKNOWN STEP	2025-10-26T20:30:52.1801411Z [31m     â†’ Process exited with code 1:
release	UNKNOWN STEP	2025-10-26T20:30:52.1801871Z YOLO mode is enabled. All tool calls will be automatically approved.
release	UNKNOWN STEP	2025-10-26T20:30:52.1802232Z {
release	UNKNOWN STEP	2025-10-26T20:30:52.1802407Z   "error": {
release	UNKNOWN STEP	2025-10-26T20:30:52.1802600Z     "type": "Error",
release	UNKNOWN STEP	2025-10-26T20:30:52.1803566Z     "message": "GEMINI_API_KEY not found. Find your existing key or generate a new one at: https://aistudio.google.com/apikey\n\nTo continue, please set the GEMINI_API_KEY environment variable or add it to a .env file.",
release	UNKNOWN STEP	2025-10-26T20:30:52.1804546Z     "code": 1
release	UNKNOWN STEP	2025-10-26T20:30:52.1804842Z   }
release	UNKNOWN STEP	2025-10-26T20:30:52.1805116Z }
release	UNKNOWN STEP	2025-10-26T20:30:52.1805434Z [39m
release	UNKNOWN STEP	2025-10-26T20:30:52.1806682Z    [33m[2mâœ“[22m[39m JSON output[2m > [22mshould return a JSON error for sd auth mismatch before running [33m 4283[2mms[22m[39m
release	UNKNOWN STEP	2025-10-26T20:30:52.1808197Z    [2m[90mâ†“[39m[22m JSON output[2m > [22mshould not exit on tool errors and allow model to self-correct in JSON mode
release	UNKNOWN STEP	2025-10-26T20:31:09.5421471Z  [31mâ¯[39m run_shell_command.test.ts [2m([22m[2m13 tests[22m[2m | [22m[31m8 failed[39m[2m | [22m[33m5 skipped[39m[2m)[22m[33m 100400[2mms[22m[39m
release	UNKNOWN STEP	2025-10-26T20:31:09.5426514Z [31m   [31mÃ—[31m run_shell_command[2m > [22mshould be able to run a shell command[39m[33m 12772[2mms[22m[39m[33m (retry x2)[39m
release	UNKNOWN STEP	2025-10-26T20:31:09.5427638Z [31m     â†’ Process exited with code 1:
release	UNKNOWN STEP	2025-10-26T20:31:09.5428379Z YOLO mode is enabled. All tool calls will be automatically approved.
release	UNKNOWN STEP	2025-10-26T20:31:09.5429965Z GEMINI_API_KEY not found. Find your existing key or generate a new one at: https://aistudio.google.com/apikey
release	UNKNOWN STEP	2025-10-26T20:31:09.5430646Z 
release	UNKNOWN STEP	2025-10-26T20:31:09.5431268Z To continue, please set the GEMINI_API_KEY environment variable or add it to a .env file.
release	UNKNOWN STEP	2025-10-26T20:31:09.5431996Z [39m
release	UNKNOWN STEP	2025-10-26T20:31:09.5432529Z [31m     â†’ Process exited with code 1:
release	UNKNOWN STEP	2025-10-26T20:31:09.5433289Z YOLO mode is enabled. All tool calls will be automatically approved.
release	UNKNOWN STEP	2025-10-26T20:31:09.5434020Z GEMINI_API_KEY not found. Find your existing key or generate a new one at: https://aistudio.google.com/apikey
release	UNKNOWN STEP	2025-10-26T20:31:09.5434425Z 
release	UNKNOWN STEP	2025-10-26T20:31:09.5434767Z To continue, please set the GEMINI_API_KEY environment variable or add it to a .env file.
release	UNKNOWN STEP	2025-10-26T20:31:09.5435221Z [39m
release	UNKNOWN STEP	2025-10-26T20:31:09.5435496Z [31m     â†’ Process exited with code 1:
release	UNKNOWN STEP	2025-10-26T20:31:09.5436317Z YOLO mode is enabled. All tool calls will be automatically approved.
release	UNKNOWN STEP	2025-10-26T20:31:09.5437441Z GEMINI_API_KEY not found. Find your existing key or generate a new one at: https://aistudio.google.com/apikey
release	UNKNOWN STEP	2025-10-26T20:31:09.5438151Z 
release	UNKNOWN STEP	2025-10-26T20:31:09.5438751Z To continue, please set the GEMINI_API_KEY environment variable or add it to a .env file.
release	UNKNOWN STEP	2025-10-26T20:31:09.5439612Z [39m
release	UNKNOWN STEP	2025-10-26T20:31:09.5440375Z [31m   [31mÃ—[31m run_shell_command[2m > [22mshould be able to run a shell command via stdin[39m[33m 13853[2mms[22m[39m[33m (retry x2)[39m
release	UNKNOWN STEP	2025-10-26T20:31:09.5441064Z [31m     â†’ Process exited with code 1:
release	UNKNOWN STEP	2025-10-26T20:31:09.5441736Z YOLO mode is enabled. All tool calls will be automatically approved.
release	UNKNOWN STEP	2025-10-26T20:31:09.5442815Z GEMINI_API_KEY not found. Find your existing key or generate a new one at: https://aistudio.google.com/apikey
release	UNKNOWN STEP	2025-10-26T20:31:09.5443207Z 
release	UNKNOWN STEP	2025-10-26T20:31:09.5443525Z To continue, please set the GEMINI_API_KEY environment variable or add it to a .env file.
release	UNKNOWN STEP	2025-10-26T20:31:09.5443940Z [39m
release	UNKNOWN STEP	2025-10-26T20:31:09.5444194Z [31m     â†’ Process exited with code 1:
release	UNKNOWN STEP	2025-10-26T20:31:09.5444605Z YOLO mode is enabled. All tool calls will be automatically approved.
release	UNKNOWN STEP	2025-10-26T20:31:09.5445248Z GEMINI_API_KEY not found. Find your existing key or generate a new one at: https://aistudio.google.com/apikey
release	UNKNOWN STEP	2025-10-26T20:31:09.5445614Z 
release	UNKNOWN STEP	2025-10-26T20:31:09.5446217Z To continue, please set the GEMINI_API_KEY environment variable or add it to a .env file.
release	UNKNOWN STEP	2025-10-26T20:31:09.5446629Z [39m
release	UNKNOWN STEP	2025-10-26T20:31:09.5447133Z [31m     â†’ Process exited with code 1:
release	UNKNOWN STEP	2025-10-26T20:31:09.5447537Z YOLO mode is enabled. All tool calls will be automatically approved.
release	UNKNOWN STEP	2025-10-26T20:31:09.5448173Z GEMINI_API_KEY not found. Find your existing key or generate a new one at: https://aistudio.google.com/apikey
release	UNKNOWN STEP	2025-10-26T20:31:09.5448540Z 
release	UNKNOWN STEP	2025-10-26T20:31:09.5448849Z To continue, please set the GEMINI_API_KEY environment variable or add it to a .env file.
release	UNKNOWN STEP	2025-10-26T20:31:09.5449227Z [39m
release	UNKNOWN STEP	2025-10-26T20:31:09.5449699Z    [2m[90mâ†“[39m[22m run_shell_command[2m > [22mshould run allowed sub-command in non-interactive mode
release	UNKNOWN STEP	2025-10-26T20:31:09.5450654Z [31m   [31mÃ—[31m run_shell_command[2m > [22mshould succeed with no parens in non-interactive mode[39m[33m 12262[2mms[22m[39m[33m (retry x2)[39m
release	UNKNOWN STEP	2025-10-26T20:31:09.5451262Z [31m     â†’ Process exited with code 1:
release	UNKNOWN STEP	2025-10-26T20:31:09.5451829Z GEMINI_API_KEY not found. Find your existing key or generate a new one at: https://aistudio.google.com/apikey
release	UNKNOWN STEP	2025-10-26T20:31:09.5452208Z 
release	UNKNOWN STEP	2025-10-26T20:31:09.5452524Z To continue, please set the GEMINI_API_KEY environment variable or add it to a .env file.
release	UNKNOWN STEP	2025-10-26T20:31:09.5452905Z [39m
release	UNKNOWN STEP	2025-10-26T20:31:09.5453160Z [31m     â†’ Process exited with code 1:
release	UNKNOWN STEP	2025-10-26T20:31:09.5453715Z GEMINI_API_KEY not found. Find your existing key or generate a new one at: https://aistudio.google.com/apikey
release	UNKNOWN STEP	2025-10-26T20:31:09.5454093Z 
release	UNKNOWN STEP	2025-10-26T20:31:09.5454400Z To continue, please set the GEMINI_API_KEY environment variable or add it to a .env file.
release	UNKNOWN STEP	2025-10-26T20:31:09.5454779Z [39m
release	UNKNOWN STEP	2025-10-26T20:31:09.5455022Z [31m     â†’ Process exited with code 1:
release	UNKNOWN STEP	2025-10-26T20:31:09.5456228Z GEMINI_API_KEY not found. Find your existing key or generate a new one at: https://aistudio.google.com/apikey
release	UNKNOWN STEP	2025-10-26T20:31:09.5456620Z 
release	UNKNOWN STEP	2025-10-26T20:31:09.5456934Z To continue, please set the GEMINI_API_KEY environment variable or add it to a .env file.
release	UNKNOWN STEP	2025-10-26T20:31:09.5457327Z [39m
release	UNKNOWN STEP	2025-10-26T20:31:09.5457966Z [31m   [31mÃ—[31m run_shell_command[2m > [22mshould succeed with --yolo mode[39m[33m 11262[2mms[22m[39m[33m (retry x2)[39m
release	UNKNOWN STEP	2025-10-26T20:31:09.5458524Z [31m     â†’ Process exited with code 1:
release	UNKNOWN STEP	2025-10-26T20:31:09.5458915Z YOLO mode is enabled. All tool calls will be automatically approved.
release	UNKNOWN STEP	2025-10-26T20:31:09.5459558Z GEMINI_API_KEY not found. Find your existing key or generate a new one at: https://aistudio.google.com/apikey
release	UNKNOWN STEP	2025-10-26T20:31:09.5459921Z 
release	UNKNOWN STEP	2025-10-26T20:31:09.5460231Z To continue, please set the GEMINI_API_KEY environment variable or add it to a .env file.
release	UNKNOWN STEP	2025-10-26T20:31:09.5460611Z [39m
release	UNKNOWN STEP	2025-10-26T20:31:09.5460872Z [31m     â†’ Process exited with code 1:
release	UNKNOWN STEP	2025-10-26T20:31:09.5461266Z YOLO mode is enabled. All tool calls will be automatically approved.
release	UNKNOWN STEP	2025-10-26T20:31:09.5461888Z GEMINI_API_KEY not found. Find your existing key or generate a new one at: https://aistudio.google.com/apikey
release	UNKNOWN STEP	2025-10-26T20:31:09.5462257Z 
release	UNKNOWN STEP	2025-10-26T20:31:09.5462566Z To continue, please set the GEMINI_API_KEY environment variable or add it to a .env file.
release	UNKNOWN STEP	2025-10-26T20:31:09.5462951Z [39m
release	UNKNOWN STEP	2025-10-26T20:31:09.5463189Z [31m     â†’ Process exited with code 1:
release	UNKNOWN STEP	2025-10-26T20:31:09.5463573Z YOLO mode is enabled. All tool calls will be automatically approved.
release	UNKNOWN STEP	2025-10-26T20:31:09.5464190Z GEMINI_API_KEY not found. Find your existing key or generate a new one at: https://aistudio.google.com/apikey
release	UNKNOWN STEP	2025-10-26T20:31:09.5464558Z 
release	UNKNOWN STEP	2025-10-26T20:31:09.5464857Z To continue, please set the GEMINI_API_KEY environment variable or add it to a .env file.
release	UNKNOWN STEP	2025-10-26T20:31:09.5465235Z [39m
release	UNKNOWN STEP	2025-10-26T20:31:09.5465596Z    [2m[90mâ†“[39m[22m run_shell_command[2m > [22mshould work with ShellTool alias
release	UNKNOWN STEP	2025-10-26T20:31:09.5466447Z    [2m[90mâ†“[39m[22m run_shell_command[2m > [22mshould combine multiple --allowed-tools flags
release	UNKNOWN STEP	2025-10-26T20:31:09.5467358Z [31m   [31mÃ—[31m run_shell_command[2m > [22mshould reject commands not on the allowlist[39m[33m 12498[2mms[22m[39m[33m (retry x2)[39m
release	UNKNOWN STEP	2025-10-26T20:31:09.5468102Z [31m     â†’ Process exited with code 1:
release	UNKNOWN STEP	2025-10-26T20:31:09.5468673Z GEMINI_API_KEY not found. Find your existing key or generate a new one at: https://aistudio.google.com/apikey
release	UNKNOWN STEP	2025-10-26T20:31:09.5469050Z 
release	UNKNOWN STEP	2025-10-26T20:31:09.5469357Z To continue, please set the GEMINI_API_KEY environment variable or add it to a .env file.
release	UNKNOWN STEP	2025-10-26T20:31:09.5469737Z [39m
release	UNKNOWN STEP	2025-10-26T20:31:09.5469992Z [31m     â†’ Process exited with code 1:
release	UNKNOWN STEP	2025-10-26T20:31:09.5470537Z GEMINI_API_KEY not found. Find your existing key or generate a new one at: https://aistudio.google.com/apikey
release	UNKNOWN STEP	2025-10-26T20:31:09.5470906Z 
release	UNKNOWN STEP	2025-10-26T20:31:09.5471216Z To continue, please set the GEMINI_API_KEY environment variable or add it to a .env file.
release	UNKNOWN STEP	2025-10-26T20:31:09.5471605Z [39m
release	UNKNOWN STEP	2025-10-26T20:31:09.5471850Z [31m     â†’ Process exited with code 1:
release	UNKNOWN STEP	2025-10-26T20:31:09.5472392Z GEMINI_API_KEY not found. Find your existing key or generate a new one at: https://aistudio.google.com/apikey
release	UNKNOWN STEP	2025-10-26T20:31:09.5472763Z 
release	UNKNOWN STEP	2025-10-26T20:31:09.5473078Z To continue, please set the GEMINI_API_KEY environment variable or add it to a .env file.
release	UNKNOWN STEP	2025-10-26T20:31:09.5473464Z [39m
release	UNKNOWN STEP	2025-10-26T20:31:09.5474085Z    [2m[90mâ†“[39m[22m run_shell_command[2m > [22mshould reject chained commands when only the first segment is allowlisted in non-interactive mode
release	UNKNOWN STEP	2025-10-26T20:31:09.5475183Z [31m   [31mÃ—[31m run_shell_command[2m > [22mshould allow all with "ShellTool" and other specific tools[39m[33m 11292[2mms[22m[39m[33m (retry x2)[39m
release	UNKNOWN STEP	2025-10-26T20:31:09.5475983Z [31m     â†’ Process exited with code 1:
release	UNKNOWN STEP	2025-10-26T20:31:09.5476591Z GEMINI_API_KEY not found. Find your existing key or generate a new one at: https://aistudio.google.com/apikey
release	UNKNOWN STEP	2025-10-26T20:31:09.5477124Z 
release	UNKNOWN STEP	2025-10-26T20:31:09.5477435Z To continue, please set the GEMINI_API_KEY environment variable or add it to a .env file.
release	UNKNOWN STEP	2025-10-26T20:31:09.5477835Z [39m
release	UNKNOWN STEP	2025-10-26T20:31:09.5478076Z [31m     â†’ Process exited with code 1:
release	UNKNOWN STEP	2025-10-26T20:31:09.5478643Z GEMINI_API_KEY not found. Find your existing key or generate a new one at: https://aistudio.google.com/apikey
release	UNKNOWN STEP	2025-10-26T20:31:09.5479007Z 
release	UNKNOWN STEP	2025-10-26T20:31:09.5479315Z To continue, please set the GEMINI_API_KEY environment variable or add it to a .env file.
release	UNKNOWN STEP	2025-10-26T20:31:09.5479691Z [39m
release	UNKNOWN STEP	2025-10-26T20:31:09.5479932Z [31m     â†’ Process exited with code 1:
release	UNKNOWN STEP	2025-10-26T20:31:09.5480473Z GEMINI_API_KEY not found. Find your existing key or generate a new one at: https://aistudio.google.com/apikey
release	UNKNOWN STEP	2025-10-26T20:31:09.5480832Z 
release	UNKNOWN STEP	2025-10-26T20:31:09.5481133Z To continue, please set the GEMINI_API_KEY environment variable or add it to a .env file.
release	UNKNOWN STEP	2025-10-26T20:31:09.5481508Z [39m
release	UNKNOWN STEP	2025-10-26T20:31:09.5482269Z [31m   [31mÃ—[31m run_shell_command[2m > [22mshould propagate environment variables to the child process[39m[33m 12456[2mms[22m[39m[33m (retry x2)[39m
release	UNKNOWN STEP	2025-10-26T20:31:09.5482900Z [31m     â†’ Process exited with code 1:
release	UNKNOWN STEP	2025-10-26T20:31:09.5483295Z YOLO mode is enabled. All tool calls will be automatically approved.
release	UNKNOWN STEP	2025-10-26T20:31:09.5483937Z GEMINI_API_KEY not found. Find your existing key or generate a new one at: https://aistudio.google.com/apikey
release	UNKNOWN STEP	2025-10-26T20:31:09.5484310Z 
release	UNKNOWN STEP	2025-10-26T20:31:09.5484615Z To continue, please set the GEMINI_API_KEY environment variable or add it to a .env file.
release	UNKNOWN STEP	2025-10-26T20:31:09.5484999Z [39m
release	UNKNOWN STEP	2025-10-26T20:31:09.5485236Z [31m     â†’ Process exited with code 1:
release	UNKNOWN STEP	2025-10-26T20:31:09.5485625Z YOLO mode is enabled. All tool calls will be automatically approved.
release	UNKNOWN STEP	2025-10-26T20:31:09.5486482Z GEMINI_API_KEY not found. Find your existing key or generate a new one at: https://aistudio.google.com/apikey
release	UNKNOWN STEP	2025-10-26T20:31:09.5486852Z 
release	UNKNOWN STEP	2025-10-26T20:31:09.5487166Z To continue, please set the GEMINI_API_KEY environment variable or add it to a .env file.
release	UNKNOWN STEP	2025-10-26T20:31:09.5487555Z [39m
release	UNKNOWN STEP	2025-10-26T20:31:09.5487801Z [31m     â†’ Process exited with code 1:
release	UNKNOWN STEP	2025-10-26T20:31:09.5488179Z YOLO mode is enabled. All tool calls will be automatically approved.
release	UNKNOWN STEP	2025-10-26T20:31:09.5488964Z GEMINI_API_KEY not found. Find your existing key or generate a new one at: https://aistudio.google.com/apikey
release	UNKNOWN STEP	2025-10-26T20:31:09.5489342Z 
release	UNKNOWN STEP	2025-10-26T20:31:09.5489651Z To continue, please set the GEMINI_API_KEY environment variable or add it to a .env file.
release	UNKNOWN STEP	2025-10-26T20:31:09.5490029Z [39m
release	UNKNOWN STEP	2025-10-26T20:31:09.5490469Z    [2m[90mâ†“[39m[22m run_shell_command[2m > [22mshould run a platform-specific file listing command
release	UNKNOWN STEP	2025-10-26T20:31:09.5491316Z [31m   [31mÃ—[31m run_shell_command[2m > [22mrejects invalid shell expressions[39m[33m 14003[2mms[22m[39m[33m (retry x2)[39m
release	UNKNOWN STEP	2025-10-26T20:31:09.5491868Z [31m     â†’ Process exited with code 1:
release	UNKNOWN STEP	2025-10-26T20:31:09.5492274Z YOLO mode is enabled. All tool calls will be automatically approved.
release	UNKNOWN STEP	2025-10-26T20:31:09.5492919Z GEMINI_API_KEY not found. Find your existing key or generate a new one at: https://aistudio.google.com/apikey
release	UNKNOWN STEP	2025-10-26T20:31:09.5493290Z 
release	UNKNOWN STEP	2025-10-26T20:31:09.5493594Z To continue, please set the GEMINI_API_KEY environment variable or add it to a .env file.
release	UNKNOWN STEP	2025-10-26T20:31:09.5493981Z [39m
release	UNKNOWN STEP	2025-10-26T20:31:09.5494244Z [31m     â†’ Process exited with code 1:
release	UNKNOWN STEP	2025-10-26T20:31:09.5494631Z YOLO mode is enabled. All tool calls will be automatically approved.
release	UNKNOWN STEP	2025-10-26T20:31:09.5495266Z GEMINI_API_KEY not found. Find your existing key or generate a new one at: https://aistudio.google.com/apikey
release	UNKNOWN STEP	2025-10-26T20:31:09.5495630Z 
release	UNKNOWN STEP	2025-10-26T20:31:09.5496154Z To continue, please set the GEMINI_API_KEY environment variable or add it to a .env file.
release	UNKNOWN STEP	2025-10-26T20:31:09.5496556Z [39m
release	UNKNOWN STEP	2025-10-26T20:31:09.5496804Z [31m     â†’ Process exited with code 1:
release	UNKNOWN STEP	2025-10-26T20:31:09.5497184Z YOLO mode is enabled. All tool calls will be automatically approved.
release	UNKNOWN STEP	2025-10-26T20:31:09.5497956Z GEMINI_API_KEY not found. Find your existing key or generate a new one at: https://aistudio.google.com/apikey
release	UNKNOWN STEP	2025-10-26T20:31:09.5498322Z 
release	UNKNOWN STEP	2025-10-26T20:31:09.5498628Z To continue, please set the GEMINI_API_KEY environment variable or add it to a .env file.
release	UNKNOWN STEP	2025-10-26T20:31:09.5499004Z [39m
release	UNKNOWN STEP	2025-10-26T20:31:09.7770115Z  [2m[90mâ†“[39m[22m stdin-context.test.ts [2m([22m[2m2 tests[22m[2m | [22m[33m2 skipped[39m[2m)[22m
release	UNKNOWN STEP	2025-10-26T20:31:22.8722295Z  [31mâ¯[39m replace.test.ts [2m([22m[2m4 tests[22m[2m | [22m[31m1 failed[39m[2m | [22m[33m3 skipped[39m[2m)[22m[33m 12870[2mms[22m[39m
release	UNKNOWN STEP	2025-10-26T20:31:22.8724047Z [31m   [31mÃ—[31m replace[2m > [22mshould be able to replace content in a file[39m[33m 12868[2mms[22m[39m[33m (retry x2)[39m
release	UNKNOWN STEP	2025-10-26T20:31:22.8725047Z [31m     â†’ Process exited with code 1:
release	UNKNOWN STEP	2025-10-26T20:31:22.8726018Z YOLO mode is enabled. All tool calls will be automatically approved.
release	UNKNOWN STEP	2025-10-26T20:31:22.8727352Z GEMINI_API_KEY not found. Find your existing key or generate a new one at: https://aistudio.google.com/apikey
release	UNKNOWN STEP	2025-10-26T20:31:22.8728028Z 
release	UNKNOWN STEP	2025-10-26T20:31:22.8728602Z To continue, please set the GEMINI_API_KEY environment variable or add it to a .env file.
release	UNKNOWN STEP	2025-10-26T20:31:22.8729296Z [39m
release	UNKNOWN STEP	2025-10-26T20:31:22.8729755Z [31m     â†’ Process exited with code 1:
release	UNKNOWN STEP	2025-10-26T20:31:22.8730477Z YOLO mode is enabled. All tool calls will be automatically approved.
release	UNKNOWN STEP	2025-10-26T20:31:22.8731629Z GEMINI_API_KEY not found. Find your existing key or generate a new one at: https://aistudio.google.com/apikey
release	UNKNOWN STEP	2025-10-26T20:31:22.8732286Z 
release	UNKNOWN STEP	2025-10-26T20:31:22.8732846Z To continue, please set the GEMINI_API_KEY environment variable or add it to a .env file.
release	UNKNOWN STEP	2025-10-26T20:31:22.8733450Z [39m
release	UNKNOWN STEP	2025-10-26T20:31:22.8733832Z [31m     â†’ Process exited with code 1:
release	UNKNOWN STEP	2025-10-26T20:31:22.8734441Z YOLO mode is enabled. All tool calls will be automatically approved.
release	UNKNOWN STEP	2025-10-26T20:31:22.8735429Z GEMINI_API_KEY not found. Find your existing key or generate a new one at: https://aistudio.google.com/apikey
release	UNKNOWN STEP	2025-10-26T20:31:22.8736158Z 
release	UNKNOWN STEP	2025-10-26T20:31:22.8736640Z To continue, please set the GEMINI_API_KEY environment variable or add it to a .env file.
release	UNKNOWN STEP	2025-10-26T20:31:22.8737234Z [39m
release	UNKNOWN STEP	2025-10-26T20:31:22.8737914Z    [2m[90mâ†“[39m[22m replace[2m > [22mshould handle $ literally when replacing text ending with $
release	UNKNOWN STEP	2025-10-26T20:31:22.8739191Z    [2m[90mâ†“[39m[22m replace[2m > [22mshould insert a multi-line block of text
release	UNKNOWN STEP	2025-10-26T20:31:22.8739969Z    [2m[90mâ†“[39m[22m replace[2m > [22mshould delete a block of text
release	UNKNOWN STEP	2025-10-26T20:31:26.8353496Z  [31mâ¯[39m mcp_server_cyclic_schema.test.ts [2m([22m[2m1 test[22m[2m | [22m[31m1 failed[39m[2m)[22m[33m 90391[2mms[22m[39m
release	UNKNOWN STEP	2025-10-26T20:31:26.8360107Z [31m   [31mÃ—[31m mcp server with cyclic tool schema is detected[2m > [22mmcp tool list should include tool with cyclic tool schema[39m[33m 90387[2mms[22m[39m[33m (retry x2)[39m
release	UNKNOWN STEP	2025-10-26T20:31:26.8364409Z [31m     â†’ Did not find expected text: "Type your message": expected false to be true // Object.is equality[39m
release	UNKNOWN STEP	2025-10-26T20:31:26.8367417Z [31m     â†’ Did not find expected text: "Type your message": expected false to be true // Object.is equality[39m
release	UNKNOWN STEP	2025-10-26T20:31:26.8370789Z [31m     â†’ Did not find expected text: "Type your message": expected false to be true // Object.is equality[39m
release	UNKNOWN STEP	2025-10-26T20:31:40.2754545Z  [31mâ¯[39m google_web_search.test.ts [2m([22m[2m1 test[22m[2m | [22m[31m1 failed[39m[2m)[22m[33m 13084[2mms[22m[39m
release	UNKNOWN STEP	2025-10-26T20:31:40.2756335Z [31m   [31mÃ—[31m google_web_search[2m > [22mshould be able to search the web[39m[33m 13083[2mms[22m[39m[33m (retry x2)[39m
release	UNKNOWN STEP	2025-10-26T20:31:40.2757496Z [31m     â†’ Process exited with code 1:
release	UNKNOWN STEP	2025-10-26T20:31:40.2758408Z YOLO mode is enabled. All tool calls will be automatically approved.
release	UNKNOWN STEP	2025-10-26T20:31:40.2759818Z GEMINI_API_KEY not found. Find your existing key or generate a new one at: https://aistudio.google.com/apikey
release	UNKNOWN STEP	2025-10-26T20:31:40.2760770Z 
release	UNKNOWN STEP	2025-10-26T20:31:40.2761227Z To continue, please set the GEMINI_API_KEY environment variable or add it to a .env file.
release	UNKNOWN STEP	2025-10-26T20:31:40.2761810Z [39m
release	UNKNOWN STEP	2025-10-26T20:31:40.2762173Z [31m     â†’ Process exited with code 1:
release	UNKNOWN STEP	2025-10-26T20:31:40.2762731Z YOLO mode is enabled. All tool calls will be automatically approved.
release	UNKNOWN STEP	2025-10-26T20:31:40.2763662Z GEMINI_API_KEY not found. Find your existing key or generate a new one at: https://aistudio.google.com/apikey
release	UNKNOWN STEP	2025-10-26T20:31:40.2764195Z 
release	UNKNOWN STEP	2025-10-26T20:31:40.2764641Z To continue, please set the GEMINI_API_KEY environment variable or add it to a .env file.
release	UNKNOWN STEP	2025-10-26T20:31:40.2765182Z [39m
release	UNKNOWN STEP	2025-10-26T20:31:40.2765534Z [31m     â†’ Process exited with code 1:
release	UNKNOWN STEP	2025-10-26T20:31:40.2766276Z YOLO mode is enabled. All tool calls will be automatically approved.
release	UNKNOWN STEP	2025-10-26T20:31:40.2767189Z GEMINI_API_KEY not found. Find your existing key or generate a new one at: https://aistudio.google.com/apikey
release	UNKNOWN STEP	2025-10-26T20:31:40.2767711Z 
release	UNKNOWN STEP	2025-10-26T20:31:40.2768164Z To continue, please set the GEMINI_API_KEY environment variable or add it to a .env file.
release	UNKNOWN STEP	2025-10-26T20:31:40.2768698Z [39m
release	UNKNOWN STEP	2025-10-26T20:31:52.9691067Z  [31mâ¯[39m list_directory.test.ts [2m([22m[2m1 test[22m[2m | [22m[31m1 failed[39m[2m)[22m[33m 12509[2mms[22m[39m
release	UNKNOWN STEP	2025-10-26T20:31:52.9692851Z [31m   [31mÃ—[31m list_directory[2m > [22mshould be able to list a directory[39m[33m 12507[2mms[22m[39m[33m (retry x2)[39m
release	UNKNOWN STEP	2025-10-26T20:31:52.9693862Z [31m     â†’ Process exited with code 1:
release	UNKNOWN STEP	2025-10-26T20:31:52.9694381Z YOLO mode is enabled. All tool calls will be automatically approved.
release	UNKNOWN STEP	2025-10-26T20:31:52.9695115Z GEMINI_API_KEY not found. Find your existing key or generate a new one at: https://aistudio.google.com/apikey
release	UNKNOWN STEP	2025-10-26T20:31:52.9695543Z 
release	UNKNOWN STEP	2025-10-26T20:31:52.9696167Z To continue, please set the GEMINI_API_KEY environment variable or add it to a .env file.
release	UNKNOWN STEP	2025-10-26T20:31:52.9696646Z [39m
release	UNKNOWN STEP	2025-10-26T20:31:52.9696934Z [31m     â†’ Process exited with code 1:
release	UNKNOWN STEP	2025-10-26T20:31:52.9697403Z YOLO mode is enabled. All tool calls will be automatically approved.
release	UNKNOWN STEP	2025-10-26T20:31:52.9698127Z GEMINI_API_KEY not found. Find your existing key or generate a new one at: https://aistudio.google.com/apikey
release	UNKNOWN STEP	2025-10-26T20:31:52.9698540Z 
release	UNKNOWN STEP	2025-10-26T20:31:52.9698891Z To continue, please set the GEMINI_API_KEY environment variable or add it to a .env file.
release	UNKNOWN STEP	2025-10-26T20:31:52.9699717Z [39m
release	UNKNOWN STEP	2025-10-26T20:31:52.9700029Z [31m     â†’ Process exited with code 1:
release	UNKNOWN STEP	2025-10-26T20:31:52.9700489Z YOLO mode is enabled. All tool calls will be automatically approved.
release	UNKNOWN STEP	2025-10-26T20:31:52.9701207Z GEMINI_API_KEY not found. Find your existing key or generate a new one at: https://aistudio.google.com/apikey
release	UNKNOWN STEP	2025-10-26T20:31:52.9701617Z 
release	UNKNOWN STEP	2025-10-26T20:31:52.9701961Z To continue, please set the GEMINI_API_KEY environment variable or add it to a .env file.
release	UNKNOWN STEP	2025-10-26T20:31:52.9702430Z [39m
release	UNKNOWN STEP	2025-10-26T20:31:55.3305406Z  [32mâœ“[39m mixed-input-crash.test.ts [2m([22m[2m2 tests[22m[2m)[22m[33m 2177[2mms[22m[39m
release	UNKNOWN STEP	2025-10-26T20:31:55.3307454Z    [33m[2mâœ“[22m[39m mixed input crash prevention[2m > [22mshould not crash when using mixed prompt inputs [33m 1068[2mms[22m[39m
release	UNKNOWN STEP	2025-10-26T20:31:55.3309537Z    [33m[2mâœ“[22m[39m mixed input crash prevention[2m > [22mshould provide clear error message for mixed input [33m 1107[2mms[22m[39m
release	UNKNOWN STEP	2025-10-26T20:32:10.6201814Z  [31mâ¯[39m utf-bom-encoding.test.ts [2m([22m[2m6 tests[22m[2m | [22m[31m6 failed[39m[2m)[22m[33m 78242[2mms[22m[39m
release	UNKNOWN STEP	2025-10-26T20:32:10.6204439Z [31m   [31mÃ—[31m BOM end-to-end integraion[2m > [22mUTF-8 BOM[39m[33m 13893[2mms[22m[39m[33m (retry x2)[39m
release	UNKNOWN STEP	2025-10-26T20:32:10.6206303Z [31m     â†’ Process exited with code 1:
release	UNKNOWN STEP	2025-10-26T20:32:10.6207281Z YOLO mode is enabled. All tool calls will be automatically approved.
release	UNKNOWN STEP	2025-10-26T20:32:10.6209523Z GEMINI_API_KEY not found. Find your existing key or generate a new one at: https://aistudio.google.com/apikey
release	UNKNOWN STEP	2025-10-26T20:32:10.6210659Z 
release	UNKNOWN STEP	2025-10-26T20:32:10.6211761Z To continue, please set the GEMINI_API_KEY environment variable or add it to a .env file.
release	UNKNOWN STEP	2025-10-26T20:32:10.6212378Z [39m
release	UNKNOWN STEP	2025-10-26T20:32:10.6212746Z [31m     â†’ Process exited with code 1:
release	UNKNOWN STEP	2025-10-26T20:32:10.6213312Z YOLO mode is enabled. All tool calls will be automatically approved.
release	UNKNOWN STEP	2025-10-26T20:32:10.6214235Z GEMINI_API_KEY not found. Find your existing key or generate a new one at: https://aistudio.google.com/apikey
release	UNKNOWN STEP	2025-10-26T20:32:10.6214754Z 
release	UNKNOWN STEP	2025-10-26T20:32:10.6215197Z To continue, please set the GEMINI_API_KEY environment variable or add it to a .env file.
release	UNKNOWN STEP	2025-10-26T20:32:10.6215728Z [39m
release	UNKNOWN STEP	2025-10-26T20:32:10.6216506Z [31m     â†’ Process exited with code 1:
release	UNKNOWN STEP	2025-10-26T20:32:10.6217500Z YOLO mode is enabled. All tool calls will be automatically approved.
release	UNKNOWN STEP	2025-10-26T20:32:10.6219075Z GEMINI_API_KEY not found. Find your existing key or generate a new one at: https://aistudio.google.com/apikey
release	UNKNOWN STEP	2025-10-26T20:32:10.6219638Z 
release	UNKNOWN STEP	2025-10-26T20:32:10.6220058Z To continue, please set the GEMINI_API_KEY environment variable or add it to a .env file.
release	UNKNOWN STEP	2025-10-26T20:32:10.6220558Z [39m
release	UNKNOWN STEP	2025-10-26T20:32:10.6221282Z [31m   [31mÃ—[31m BOM end-to-end integraion[2m > [22mUTF-16 LE BOM[39m[33m 12662[2mms[22m[39m[33m (retry x2)[39m
release	UNKNOWN STEP	2025-10-26T20:32:10.6221931Z [31m     â†’ Process exited with code 1:
release	UNKNOWN STEP	2025-10-26T20:32:10.6222437Z YOLO mode is enabled. All tool calls will be automatically approved.
release	UNKNOWN STEP	2025-10-26T20:32:10.6223251Z GEMINI_API_KEY not found. Find your existing key or generate a new one at: https://aistudio.google.com/apikey
release	UNKNOWN STEP	2025-10-26T20:32:10.6223717Z 
release	UNKNOWN STEP	2025-10-26T20:32:10.6224117Z To continue, please set the GEMINI_API_KEY environment variable or add it to a .env file.
release	UNKNOWN STEP	2025-10-26T20:32:10.6224594Z [39m
release	UNKNOWN STEP	2025-10-26T20:32:10.6224904Z [31m     â†’ Process exited with code 1:
release	UNKNOWN STEP	2025-10-26T20:32:10.6225397Z YOLO mode is enabled. All tool calls will be automatically approved.
release	UNKNOWN STEP	2025-10-26T20:32:10.6226412Z GEMINI_API_KEY not found. Find your existing key or generate a new one at: https://aistudio.google.com/apikey
release	UNKNOWN STEP	2025-10-26T20:32:10.6227099Z 
release	UNKNOWN STEP	2025-10-26T20:32:10.6227681Z To continue, please set the GEMINI_API_KEY environment variable or add it to a .env file.
release	UNKNOWN STEP	2025-10-26T20:32:10.6228438Z [39m
release	UNKNOWN STEP	2025-10-26T20:32:10.6228938Z [31m     â†’ Process exited with code 1:
release	UNKNOWN STEP	2025-10-26T20:32:10.6229576Z YOLO mode is enabled. All tool calls will be automatically approved.
release	UNKNOWN STEP	2025-10-26T20:32:10.6230586Z GEMINI_API_KEY not found. Find your existing key or generate a new one at: https://aistudio.google.com/apikey
release	UNKNOWN STEP	2025-10-26T20:32:10.6231030Z 
release	UNKNOWN STEP	2025-10-26T20:32:10.6231447Z To continue, please set the GEMINI_API_KEY environment variable or add it to a .env file.
release	UNKNOWN STEP	2025-10-26T20:32:10.6232224Z [39m
release	UNKNOWN STEP	2025-10-26T20:32:10.6233284Z [31m   [31mÃ—[31m BOM end-to-end integraion[2m > [22mUTF-16 BE BOM[39m[33m 13392[2mms[22m[39m[33m (retry x2)[39m
release	UNKNOWN STEP	2025-10-26T20:32:10.6234176Z [31m     â†’ Process exited with code 1:
release	UNKNOWN STEP	2025-10-26T20:32:10.6234664Z YOLO mode is enabled. All tool calls will be automatically approved.
release	UNKNOWN STEP	2025-10-26T20:32:10.6235446Z GEMINI_API_KEY not found. Find your existing key or generate a new one at: https://aistudio.google.com/apikey
release	UNKNOWN STEP	2025-10-26T20:32:10.6236092Z 
release	UNKNOWN STEP	2025-10-26T20:32:10.6236467Z To continue, please set the GEMINI_API_KEY environment variable or add it to a .env file.
release	UNKNOWN STEP	2025-10-26T20:32:10.6236930Z [39m
release	UNKNOWN STEP	2025-10-26T20:32:10.6237226Z [31m     â†’ Process exited with code 1:
release	UNKNOWN STEP	2025-10-26T20:32:10.6237695Z YOLO mode is enabled. All tool calls will be automatically approved.
release	UNKNOWN STEP	2025-10-26T20:32:10.6238447Z GEMINI_API_KEY not found. Find your existing key or generate a new one at: https://aistudio.google.com/apikey
release	UNKNOWN STEP	2025-10-26T20:32:10.6238877Z 
release	UNKNOWN STEP	2025-10-26T20:32:10.6239276Z To continue, please set the GEMINI_API_KEY environment variable or add it to a .env file.
release	UNKNOWN STEP	2025-10-26T20:32:10.6239716Z [39m
release	UNKNOWN STEP	2025-10-26T20:32:10.6239994Z [31m     â†’ Process exited with code 1:
release	UNKNOWN STEP	2025-10-26T20:32:10.6240410Z YOLO mode is enabled. All tool calls will be automatically approved.
release	UNKNOWN STEP	2025-10-26T20:32:10.6241097Z GEMINI_API_KEY not found. Find your existing key or generate a new one at: https://aistudio.google.com/apikey
release	UNKNOWN STEP	2025-10-26T20:32:10.6241681Z 
release	UNKNOWN STEP	2025-10-26T20:32:10.6242027Z To continue, please set the GEMINI_API_KEY environment variable or add it to a .env file.
release	UNKNOWN STEP	2025-10-26T20:32:10.6242443Z [39m
release	UNKNOWN STEP	2025-10-26T20:32:10.6243065Z [31m   [31mÃ—[31m BOM end-to-end integraion[2m > [22mUTF-32 LE BOM[39m[33m 12518[2mms[22m[39m[33m (retry x2)[39m
release	UNKNOWN STEP	2025-10-26T20:32:10.6243623Z [31m     â†’ Process exited with code 1:
release	UNKNOWN STEP	2025-10-26T20:32:10.6244052Z YOLO mode is enabled. All tool calls will be automatically approved.
release	UNKNOWN STEP	2025-10-26T20:32:10.6244765Z GEMINI_API_KEY not found. Find your existing key or generate a new one at: https://aistudio.google.com/apikey
release	UNKNOWN STEP	2025-10-26T20:32:10.6245168Z 
release	UNKNOWN STEP	2025-10-26T20:32:10.6245511Z To continue, please set the GEMINI_API_KEY environment variable or add it to a .env file.
release	UNKNOWN STEP	2025-10-26T20:32:10.6246114Z [39m
release	UNKNOWN STEP	2025-10-26T20:32:10.6246389Z [31m     â†’ Process exited with code 1:
release	UNKNOWN STEP	2025-10-26T20:32:10.6246821Z YOLO mode is enabled. All tool calls will be automatically approved.
release	UNKNOWN STEP	2025-10-26T20:32:10.6247530Z GEMINI_API_KEY not found. Find your existing key or generate a new one at: https://aistudio.google.com/apikey
release	UNKNOWN STEP	2025-10-26T20:32:10.6247938Z 
release	UNKNOWN STEP	2025-10-26T20:32:10.6248277Z To continue, please set the GEMINI_API_KEY environment variable or add it to a .env file.
release	UNKNOWN STEP	2025-10-26T20:32:10.6248693Z [39m
release	UNKNOWN STEP	2025-10-26T20:32:10.6248968Z [31m     â†’ Process exited with code 1:
release	UNKNOWN STEP	2025-10-26T20:32:10.6249397Z YOLO mode is enabled. All tool calls will be automatically approved.
release	UNKNOWN STEP	2025-10-26T20:32:10.6250100Z GEMINI_API_KEY not found. Find your existing key or generate a new one at: https://aistudio.google.com/apikey
release	UNKNOWN STEP	2025-10-26T20:32:10.6250513Z 
release	UNKNOWN STEP	2025-10-26T20:32:10.6250853Z To continue, please set the GEMINI_API_KEY environment variable or add it to a .env file.
release	UNKNOWN STEP	2025-10-26T20:32:10.6251274Z [39m
release	UNKNOWN STEP	2025-10-26T20:32:10.6251880Z [31m   [31mÃ—[31m BOM end-to-end integraion[2m > [22mUTF-32 BE BOM[39m[33m 13792[2mms[22m[39m[33m (retry x2)[39m
release	UNKNOWN STEP	2025-10-26T20:32:10.6252443Z [31m     â†’ Process exited with code 1:
release	UNKNOWN STEP	2025-10-26T20:32:10.6252873Z YOLO mode is enabled. All tool calls will be automatically approved.
release	UNKNOWN STEP	2025-10-26T20:32:10.6253576Z GEMINI_API_KEY not found. Find your existing key or generate a new one at: https://aistudio.google.com/apikey
release	UNKNOWN STEP	2025-10-26T20:32:10.6253986Z 
release	UNKNOWN STEP	2025-10-26T20:32:10.6254461Z To continue, please set the GEMINI_API_KEY environment variable or add it to a .env file.
release	UNKNOWN STEP	2025-10-26T20:32:10.6254893Z [39m
release	UNKNOWN STEP	2025-10-26T20:32:10.6255158Z [31m     â†’ Process exited with code 1:
release	UNKNOWN STEP	2025-10-26T20:32:10.6255581Z YOLO mode is enabled. All tool calls will be automatically approved.
release	UNKNOWN STEP	2025-10-26T20:32:10.6256449Z GEMINI_API_KEY not found. Find your existing key or generate a new one at: https://aistudio.google.com/apikey
release	UNKNOWN STEP	2025-10-26T20:32:10.6256852Z 
release	UNKNOWN STEP	2025-10-26T20:32:10.6257186Z To continue, please set the GEMINI_API_KEY environment variable or add it to a .env file.
release	UNKNOWN STEP	2025-10-26T20:32:10.6257608Z [39m
release	UNKNOWN STEP	2025-10-26T20:32:10.6257872Z [31m     â†’ Process exited with code 1:
release	UNKNOWN STEP	2025-10-26T20:32:10.6258292Z YOLO mode is enabled. All tool calls will be automatically approved.
release	UNKNOWN STEP	2025-10-26T20:32:10.6258981Z GEMINI_API_KEY not found. Find your existing key or generate a new one at: https://aistudio.google.com/apikey
release	UNKNOWN STEP	2025-10-26T20:32:10.6259387Z 
release	UNKNOWN STEP	2025-10-26T20:32:10.6259739Z To continue, please set the GEMINI_API_KEY environment variable or add it to a .env file.
release	UNKNOWN STEP	2025-10-26T20:32:10.6260152Z [39m
release	UNKNOWN STEP	2025-10-26T20:32:10.6260825Z [31m   [31mÃ—[31m BOM end-to-end integraion[2m > [22mCan describe a PNG file[39m[33m 11981[2mms[22m[39m[33m (retry x2)[39m
release	UNKNOWN STEP	2025-10-26T20:32:10.6261412Z [31m     â†’ Process exited with code 1:
release	UNKNOWN STEP	2025-10-26T20:32:10.6261836Z YOLO mode is enabled. All tool calls will be automatically approved.
release	UNKNOWN STEP	2025-10-26T20:32:10.6262527Z GEMINI_API_KEY not found. Find your existing key or generate a new one at: https://aistudio.google.com/apikey
release	UNKNOWN STEP	2025-10-26T20:32:10.6262928Z 
release	UNKNOWN STEP	2025-10-26T20:32:10.6263259Z To continue, please set the GEMINI_API_KEY environment variable or add it to a .env file.
release	UNKNOWN STEP	2025-10-26T20:32:10.6263826Z [39m
release	UNKNOWN STEP	2025-10-26T20:32:10.6264099Z [31m     â†’ Process exited with code 1:
release	UNKNOWN STEP	2025-10-26T20:32:10.6264512Z YOLO mode is enabled. All tool calls will be automatically approved.
release	UNKNOWN STEP	2025-10-26T20:32:10.6265212Z GEMINI_API_KEY not found. Find your existing key or generate a new one at: https://aistudio.google.com/apikey
release	UNKNOWN STEP	2025-10-26T20:32:10.6266014Z 
release	UNKNOWN STEP	2025-10-26T20:32:10.6266557Z To continue, please set the GEMINI_API_KEY environment variable or add it to a .env file.
release	UNKNOWN STEP	2025-10-26T20:32:10.6267280Z [39m
release	UNKNOWN STEP	2025-10-26T20:32:10.6267772Z [31m     â†’ Process exited with code 1:
release	UNKNOWN STEP	2025-10-26T20:32:10.6268519Z YOLO mode is enabled. All tool calls will be automatically approved.
release	UNKNOWN STEP	2025-10-26T20:32:10.6269606Z GEMINI_API_KEY not found. Find your existing key or generate a new one at: https://aistudio.google.com/apikey
release	UNKNOWN STEP	2025-10-26T20:32:10.6270259Z 
release	UNKNOWN STEP	2025-10-26T20:32:10.6270898Z To continue, please set the GEMINI_API_KEY environment variable or add it to a .env file.
release	UNKNOWN STEP	2025-10-26T20:32:10.6271730Z [39m
release	UNKNOWN STEP	2025-10-26T20:32:21.9021985Z  [31mâ¯[39m write_file.test.ts [2m([22m[2m1 test[22m[2m | [22m[31m1 failed[39m[2m)[22m[33m 11099[2mms[22m[39m
release	UNKNOWN STEP	2025-10-26T20:32:21.9023196Z [31m   [31mÃ—[31m write_file[2m > [22mshould be able to write a file[39m[33m 11098[2mms[22m[39m[33m (retry x2)[39m
release	UNKNOWN STEP	2025-10-26T20:32:21.9023962Z [31m     â†’ Process exited with code 1:
release	UNKNOWN STEP	2025-10-26T20:32:21.9024541Z YOLO mode is enabled. All tool calls will be automatically approved.
release	UNKNOWN STEP	2025-10-26T20:32:21.9025464Z GEMINI_API_KEY not found. Find your existing key or generate a new one at: https://aistudio.google.com/apikey
release	UNKNOWN STEP	2025-10-26T20:32:21.9026188Z 
release	UNKNOWN STEP	2025-10-26T20:32:21.9026643Z To continue, please set the GEMINI_API_KEY environment variable or add it to a .env file.
release	UNKNOWN STEP	2025-10-26T20:32:21.9027200Z [39m
release	UNKNOWN STEP	2025-10-26T20:32:21.9027552Z [31m     â†’ Process exited with code 1:
release	UNKNOWN STEP	2025-10-26T20:32:21.9028111Z YOLO mode is enabled. All tool calls will be automatically approved.
release	UNKNOWN STEP	2025-10-26T20:32:21.9029012Z GEMINI_API_KEY not found. Find your existing key or generate a new one at: https://aistudio.google.com/apikey
release	UNKNOWN STEP	2025-10-26T20:32:21.9029554Z 
release	UNKNOWN STEP	2025-10-26T20:32:21.9029988Z To continue, please set the GEMINI_API_KEY environment variable or add it to a .env file.
release	UNKNOWN STEP	2025-10-26T20:32:21.9030523Z [39m
release	UNKNOWN STEP	2025-10-26T20:32:21.9030866Z [31m     â†’ Process exited with code 1:
release	UNKNOWN STEP	2025-10-26T20:32:21.9031806Z YOLO mode is enabled. All tool calls will be automatically approved.
release	UNKNOWN STEP	2025-10-26T20:32:21.9032568Z GEMINI_API_KEY not found. Find your existing key or generate a new one at: https://aistudio.google.com/apikey
release	UNKNOWN STEP	2025-10-26T20:32:21.9033001Z 
release	UNKNOWN STEP	2025-10-26T20:32:21.9033364Z To continue, please set the GEMINI_API_KEY environment variable or add it to a .env file.
release	UNKNOWN STEP	2025-10-26T20:32:21.9033815Z [39m
release	UNKNOWN STEP	2025-10-26T20:32:22.0867529Z  [2m[90mâ†“[39m[22m read_many_files.test.ts [2m([22m[2m1 test[22m[2m | [22m[33m1 skipped[39m[2m)[22m
release	UNKNOWN STEP	2025-10-26T20:33:25.9014271Z  [31mâ¯[39m ctrl-c-exit.test.ts [2m([22m[2m1 test[22m[2m | [22m[31m1 failed[39m[2m)[22m[33m 90306[2mms[22m[39m
release	UNKNOWN STEP	2025-10-26T20:33:25.9021121Z [31m   [31mÃ—[31m Ctrl+C exit[2m > [22mshould exit gracefully on second Ctrl+C[39m[33m 90304[2mms[22m[39m[33m (retry x2)[39m
release	UNKNOWN STEP	2025-10-26T20:33:25.9022692Z [31m     â†’ Did not find expected text: "Type your message": expected false to be true // Object.is equality[39m
release	UNKNOWN STEP	2025-10-26T20:33:25.9024153Z [31m     â†’ Did not find expected text: "Type your message": expected false to be true // Object.is equality[39m
release	UNKNOWN STEP	2025-10-26T20:33:25.9025566Z [31m     â†’ Did not find expected text: "Type your message": expected false to be true // Object.is equality[39m
release	UNKNOWN STEP	2025-10-26T20:33:37.9110471Z  [31mâ¯[39m save_memory.test.ts [2m([22m[2m1 test[22m[2m | [22m[31m1 failed[39m[2m)[22m[33m 11687[2mms[22m[39m
release	UNKNOWN STEP	2025-10-26T20:33:37.9112121Z [31m   [31mÃ—[31m save_memory[2m > [22mshould be able to save to memory[39m[33m 11686[2mms[22m[39m[33m (retry x2)[39m
release	UNKNOWN STEP	2025-10-26T20:33:37.9112877Z [31m     â†’ Process exited with code 1:
release	UNKNOWN STEP	2025-10-26T20:33:37.9113828Z YOLO mode is enabled. All tool calls will be automatically approved.
release	UNKNOWN STEP	2025-10-26T20:33:37.9114518Z GEMINI_API_KEY not found. Find your existing key or generate a new one at: https://aistudio.google.com/apikey
release	UNKNOWN STEP	2025-10-26T20:33:37.9114917Z 
release	UNKNOWN STEP	2025-10-26T20:33:37.9115253Z To continue, please set the GEMINI_API_KEY environment variable or add it to a .env file.
release	UNKNOWN STEP	2025-10-26T20:33:37.9115685Z [39m
release	UNKNOWN STEP	2025-10-26T20:33:37.9116313Z [31m     â†’ Process exited with code 1:
release	UNKNOWN STEP	2025-10-26T20:33:37.9116989Z YOLO mode is enabled. All tool calls will be automatically approved.
release	UNKNOWN STEP	2025-10-26T20:33:37.9118094Z GEMINI_API_KEY not found. Find your existing key or generate a new one at: https://aistudio.google.com/apikey
release	UNKNOWN STEP	2025-10-26T20:33:37.9118728Z 
release	UNKNOWN STEP	2025-10-26T20:33:37.9119227Z To continue, please set the GEMINI_API_KEY environment variable or add it to a .env file.
release	UNKNOWN STEP	2025-10-26T20:33:37.9119677Z [39m
release	UNKNOWN STEP	2025-10-26T20:33:37.9119957Z [31m     â†’ Process exited with code 1:
release	UNKNOWN STEP	2025-10-26T20:33:37.9120385Z YOLO mode is enabled. All tool calls will be automatically approved.
release	UNKNOWN STEP	2025-10-26T20:33:37.9121095Z GEMINI_API_KEY not found. Find your existing key or generate a new one at: https://aistudio.google.com/apikey
release	UNKNOWN STEP	2025-10-26T20:33:37.9121495Z 
release	UNKNOWN STEP	2025-10-26T20:33:37.9121839Z To continue, please set the GEMINI_API_KEY environment variable or add it to a .env file.
release	UNKNOWN STEP	2025-10-26T20:33:37.9122257Z [39m
release	UNKNOWN STEP	2025-10-26T20:33:42.1636122Z  [32mâœ“[39m extensions-install.test.ts [2m([22m[2m1 test[22m[2m)[22m[33m 4062[2mms[22m[39m
release	UNKNOWN STEP	2025-10-26T20:33:42.1637252Z    [33m[2mâœ“[22m[39m installs a local extension, verifies a command, and updates it [33m 4060[2mms[22m[39m
release	UNKNOWN STEP	2025-10-26T20:33:42.3571084Z  [2m[90mâ†“[39m[22m flicker.test.ts [2m([22m[2m1 test[22m[2m | [22m[33m1 skipped[39m[2m)[22m
release	UNKNOWN STEP	2025-10-26T20:33:52.5658959Z  [31mâ¯[39m file-system-interactive.test.ts [2m([22m[2m1 test[22m[2m | [22m[31m1 failed[39m[2m)[22m[33m 90293[2mms[22m[39m
release	UNKNOWN STEP	2025-10-26T20:33:52.5660768Z [31m   [31mÃ—[31m Interactive file system[2m > [22mshould perform a read-then-write sequence[39m[33m 90292[2mms[22m[39m[33m (retry x2)[39m
release	UNKNOWN STEP	2025-10-26T20:33:52.5662401Z [31m     â†’ Did not find expected text: "Type your message": expected false to be true // Object.is equality[39m
release	UNKNOWN STEP	2025-10-26T20:33:52.5663787Z [31m     â†’ Did not find expected text: "Type your message": expected false to be true // Object.is equality[39m
release	UNKNOWN STEP	2025-10-26T20:33:52.5665631Z [31m     â†’ Did not find expected text: "Type your message": expected false to be true // Object.is equality[39m
release	UNKNOWN STEP	2025-10-26T20:33:54.2661726Z  [31mâ¯[39m telemetry.test.ts [2m([22m[2m1 test[22m[2m | [22m[31m1 failed[39m[2m)[22m[33m 11712[2mms[22m[39m
release	UNKNOWN STEP	2025-10-26T20:33:54.2663624Z [31m   [31mÃ—[31m telemetry[2m > [22mshould emit a metric and a log event[39m[33m 11710[2mms[22m[39m[33m (retry x2)[39m
release	UNKNOWN STEP	2025-10-26T20:33:54.2664282Z [31m     â†’ Process exited with code 1:
release	UNKNOWN STEP	2025-10-26T20:33:54.2664723Z YOLO mode is enabled. All tool calls will be automatically approved.
release	UNKNOWN STEP	2025-10-26T20:33:54.2665467Z GEMINI_API_KEY not found. Find your existing key or generate a new one at: https://aistudio.google.com/apikey
release	UNKNOWN STEP	2025-10-26T20:33:54.2666118Z 
release	UNKNOWN STEP	2025-10-26T20:33:54.2666466Z To continue, please set the GEMINI_API_KEY environment variable or add it to a .env file.
release	UNKNOWN STEP	2025-10-26T20:33:54.2666887Z [39m
release	UNKNOWN STEP	2025-10-26T20:33:54.2667166Z [31m     â†’ Process exited with code 1:
release	UNKNOWN STEP	2025-10-26T20:33:54.2667608Z YOLO mode is enabled. All tool calls will be automatically approved.
release	UNKNOWN STEP	2025-10-26T20:33:54.2668285Z GEMINI_API_KEY not found. Find your existing key or generate a new one at: https://aistudio.google.com/apikey
release	UNKNOWN STEP	2025-10-26T20:33:54.2668668Z 
release	UNKNOWN STEP	2025-10-26T20:33:54.2668998Z To continue, please set the GEMINI_API_KEY environment variable or add it to a .env file.
release	UNKNOWN STEP	2025-10-26T20:33:54.2669393Z [39m
release	UNKNOWN STEP	2025-10-26T20:33:54.2669653Z [31m     â†’ Process exited with code 1:
release	UNKNOWN STEP	2025-10-26T20:33:54.2670090Z YOLO mode is enabled. All tool calls will be automatically approved.
release	UNKNOWN STEP	2025-10-26T20:33:54.2670739Z GEMINI_API_KEY not found. Find your existing key or generate a new one at: https://aistudio.google.com/apikey
release	UNKNOWN STEP	2025-10-26T20:33:54.2671583Z 
release	UNKNOWN STEP	2025-10-26T20:33:54.2671915Z To continue, please set the GEMINI_API_KEY environment variable or add it to a .env file.
release	UNKNOWN STEP	2025-10-26T20:33:54.2672335Z [39m
release	UNKNOWN STEP	2025-10-26T20:35:53.9142850Z  [31mâ¯[39m context-compress-interactive.test.ts [2m([22m[2m3 tests[22m[2m | [22m[31m3 failed[39m[2m)[22m[33m 270859[2mms[22m[39m
release	UNKNOWN STEP	2025-10-26T20:35:53.9144995Z [31m   [31mÃ—[31m Interactive Mode[2m > [22mshould trigger chat compression with /compress command[39m[33m 90333[2mms[22m[39m[33m (retry x2)[39m
release	UNKNOWN STEP	2025-10-26T20:35:53.9147359Z [31m     â†’ Did not find expected text: "Type your message": expected false to be true // Object.is equality[39m
release	UNKNOWN STEP	2025-10-26T20:35:53.9149122Z [31m     â†’ Did not find expected text: "Type your message": expected false to be true // Object.is equality[39m
release	UNKNOWN STEP	2025-10-26T20:35:53.9150858Z [31m     â†’ Did not find expected text: "Type your message": expected false to be true // Object.is equality[39m
release	UNKNOWN STEP	2025-10-26T20:35:53.9152845Z [31m   [31mÃ—[31m Interactive Mode[2m > [22mshould handle compression failure on token inflation[39m[33m 90267[2mms[22m[39m[33m (retry x2)[39m
release	UNKNOWN STEP	2025-10-26T20:35:53.9154079Z [31m     â†’ Did not find expected text: "Type your message": expected false to be true // Object.is equality[39m
release	UNKNOWN STEP	2025-10-26T20:35:53.9155118Z [31m     â†’ Did not find expected text: "Type your message": expected false to be true // Object.is equality[39m
release	UNKNOWN STEP	2025-10-26T20:35:53.9156471Z [31m     â†’ Did not find expected text: "Type your message": expected false to be true // Object.is equality[39m
release	UNKNOWN STEP	2025-10-26T20:35:53.9158239Z [31m   [31mÃ—[31m Interactive Mode[2m > [22mshould handle /compress command on empty history[39m[33m 90257[2mms[22m[39m[33m (retry x2)[39m
release	UNKNOWN STEP	2025-10-26T20:35:53.9159681Z [31m     â†’ Did not find expected text: "Type your message": expected false to be true // Object.is equality[39m
release	UNKNOWN STEP	2025-10-26T20:35:53.9160622Z [31m     â†’ Did not find expected text: "Type your message": expected false to be true // Object.is equality[39m
release	UNKNOWN STEP	2025-10-26T20:35:53.9161526Z [31m     â†’ Did not find expected text: "Type your message": expected false to be true // Object.is equality[39m
release	UNKNOWN STEP	2025-10-26T20:35:53.9262240Z 
release	UNKNOWN STEP	2025-10-26T20:35:53.9263662Z [31mâŽ¯âŽ¯âŽ¯âŽ¯âŽ¯âŽ¯[39m[1m[41m Failed Tests 33 [49m[22m[31mâŽ¯âŽ¯âŽ¯âŽ¯âŽ¯âŽ¯âŽ¯[39m
release	UNKNOWN STEP	2025-10-26T20:35:53.9264936Z 
release	UNKNOWN STEP	2025-10-26T20:35:53.9271635Z [41m[1m FAIL [22m[49m context-compress-interactive.test.ts[2m > [22mInteractive Mode[2m > [22mshould trigger chat compression with /compress command
release	UNKNOWN STEP	2025-10-26T20:35:53.9275720Z [41m[1m FAIL [22m[49m context-compress-interactive.test.ts[2m > [22mInteractive Mode[2m > [22mshould trigger chat compression with /compress command
release	UNKNOWN STEP	2025-10-26T20:35:53.9278888Z [41m[1m FAIL [22m[49m context-compress-interactive.test.ts[2m > [22mInteractive Mode[2m > [22mshould trigger chat compression with /compress command
release	UNKNOWN STEP	2025-10-26T20:35:53.9294332Z [31m[1mAssertionError[22m: Did not find expected text: "Type your message": expected false to be true // Object.is equality[39m
release	UNKNOWN STEP	2025-10-26T20:35:53.9295992Z 
release	UNKNOWN STEP	2025-10-26T20:35:53.9296350Z [32m- Expected[39m
release	UNKNOWN STEP	2025-10-26T20:35:53.9296910Z [31m+ Received[39m
release	UNKNOWN STEP	2025-10-26T20:35:53.9297217Z 
release	UNKNOWN STEP	2025-10-26T20:35:53.9297540Z [32m- true[39m
release	UNKNOWN STEP	2025-10-26T20:35:53.9298805Z [31m+ false[39m
release	UNKNOWN STEP	2025-10-26T20:35:53.9299028Z 
release	UNKNOWN STEP	2025-10-26T20:35:53.9299782Z [36m [2mâ¯[22m InteractiveRun.expectText test-helper.ts:[2m195:60[22m[39m
release	UNKNOWN STEP	2025-10-26T20:35:53.9581413Z     [90m193| [39m      [34m200[39m[33m,[39m
release	UNKNOWN STEP	2025-10-26T20:35:53.9582208Z     [90m194| [39m    )[33m;[39m
release	UNKNOWN STEP	2025-10-26T20:35:53.9583662Z     [90m195| [39m    [34mexpect[39m(found[33m,[39m [32m`Did not find expected text: "[39m[36m${[39mtext[36m}[39m[32m"`[39m)[33m.[39m[34mtoBe[39m([35mtrue[39m)[33m;[39m
release	UNKNOWN STEP	2025-10-26T20:35:53.9585002Z     [90m   | [39m                                                           [31m^[39m
release	UNKNOWN STEP	2025-10-26T20:35:53.9585588Z     [90m196| [39m  }
release	UNKNOWN STEP	2025-10-26T20:35:53.9586348Z     [90m197| [39m
release	UNKNOWN STEP	2025-10-26T20:35:53.9587167Z [90m [2mâ¯[22m TestRig.runInteractive test-helper.ts:[2m994:5[22m[39m
release	UNKNOWN STEP	2025-10-26T20:35:53.9588485Z [90m [2mâ¯[22m context-compress-interactive.test.ts:[2m30:17[22m[39m
release	UNKNOWN STEP	2025-10-26T20:35:53.9606526Z 
release	UNKNOWN STEP	2025-10-26T20:35:53.9607277Z [31m[2mâŽ¯âŽ¯âŽ¯âŽ¯âŽ¯âŽ¯âŽ¯âŽ¯âŽ¯âŽ¯âŽ¯âŽ¯âŽ¯âŽ¯âŽ¯âŽ¯âŽ¯âŽ¯âŽ¯âŽ¯âŽ¯âŽ¯âŽ¯[1/99]âŽ¯[22m[39m
release	UNKNOWN STEP	2025-10-26T20:35:53.9607779Z 
release	UNKNOWN STEP	2025-10-26T20:35:53.9664921Z [41m[1m FAIL [22m[49m context-compress-interactive.test.ts[2m > [22mInteractive Mode[2m > [22mshould handle compression failure on token inflation
release	UNKNOWN STEP	2025-10-26T20:35:53.9694572Z 
release	UNKNOWN STEP	2025-10-26T20:35:53.9697393Z [41m[1m FAIL [22m[49m context-compress-interactive.test.ts[2m > [22mInteractive Mode[2m > [22mshould handle compression failure on token inflation
release	UNKNOWN STEP	2025-10-26T20:35:53.9700727Z [41m[1m FAIL [22m[49m context-compress-interactive.test.ts[2m > [22mInteractive Mode[2m > [22mshould handle compression failure on token inflation
release	UNKNOWN STEP	2025-10-26T20:35:53.9702914Z [31m[1mAssertionError[22m: Did not find expected text: "Type your message": expected false to be true // Object.is equality[39m
release	UNKNOWN STEP	2025-10-26T20:35:53.9703995Z 
release	UNKNOWN STEP	2025-10-26T20:35:53.9704394Z [32m- Expected[39m
release	UNKNOWN STEP	2025-10-26T20:35:53.9704844Z [31m+ Received[39m
release	UNKNOWN STEP	2025-10-26T20:35:53.9705076Z 
release	UNKNOWN STEP	2025-10-26T20:35:53.9705244Z [32m- true[39m
release	UNKNOWN STEP	2025-10-26T20:35:53.9705598Z [31m+ false[39m
release	UNKNOWN STEP	2025-10-26T20:35:53.9705775Z 
release	UNKNOWN STEP	2025-10-26T20:35:53.9707008Z [36m [2mâ¯[22m InteractiveRun.expectText test-helper.ts:[2m195:60[22m[39m
release	UNKNOWN STEP	2025-10-26T20:35:53.9707867Z     [90m193| [39m      [34m200[39m[33m,[39m
release	UNKNOWN STEP	2025-10-26T20:35:53.9708398Z     [90m194| [39m    )[33m;[39m
release	UNKNOWN STEP	2025-10-26T20:35:53.9709816Z     [90m195| [39m    [34mexpect[39m(found[33m,[39m [32m`Did not find expected text: "[39m[36m${[39mtext[36m}[39m[32m"`[39m)[33m.[39m[34mtoBe[39m([35mtrue[39m)[33m;[39m
release	UNKNOWN STEP	2025-10-26T20:35:53.9711115Z     [90m   | [39m                                                           [31m^[39m
release	UNKNOWN STEP	2025-10-26T20:35:53.9711672Z     [90m196| [39m  }
release	UNKNOWN STEP	2025-10-26T20:35:53.9712097Z     [90m197| [39m
release	UNKNOWN STEP	2025-10-26T20:35:53.9712917Z [90m [2mâ¯[22m TestRig.runInteractive test-helper.ts:[2m994:5[22m[39m
release	UNKNOWN STEP	2025-10-26T20:35:53.9714021Z [90m [2mâ¯[22m context-compress-interactive.test.ts:[2m59:17[22m[39m
release	UNKNOWN STEP	2025-10-26T20:35:53.9714501Z 
release	UNKNOWN STEP	2025-10-26T20:35:53.9714901Z [31m[2mâŽ¯âŽ¯âŽ¯âŽ¯âŽ¯âŽ¯âŽ¯âŽ¯âŽ¯âŽ¯âŽ¯âŽ¯âŽ¯âŽ¯âŽ¯âŽ¯âŽ¯âŽ¯âŽ¯âŽ¯âŽ¯âŽ¯âŽ¯[2/99]âŽ¯[22m[39m
release	UNKNOWN STEP	2025-10-26T20:35:53.9715205Z 
release	UNKNOWN STEP	2025-10-26T20:35:53.9716550Z [41m[1m FAIL [22m[49m context-compress-interactive.test.ts[2m > [22mInteractive Mode[2m > [22mshould handle /compress command on empty history
release	UNKNOWN STEP	2025-10-26T20:35:53.9718534Z [41m[1m FAIL [22m[49m context-compress-interactive.test.ts[2m > [22mInteractive Mode[2m > [22mshould handle /compress command on empty history
release	UNKNOWN STEP	2025-10-26T20:35:53.9720528Z [41m[1m FAIL [22m[49m context-compress-interactive.test.ts[2m > [22mInteractive Mode[2m > [22mshould handle /compress command on empty history
release	UNKNOWN STEP	2025-10-26T20:35:53.9722385Z [31m[1mAssertionError[22m: Did not find expected text: "Type your message": expected false to be true // Object.is equality[39m
release	UNKNOWN STEP	2025-10-26T20:35:53.9723487Z 
release	UNKNOWN STEP	2025-10-26T20:35:53.9723758Z [32m- Expected[39m
release	UNKNOWN STEP	2025-10-26T20:35:53.9724273Z [31m+ Received[39m
release	UNKNOWN STEP	2025-10-26T20:35:53.9724487Z 
release	UNKNOWN STEP	2025-10-26T20:35:53.9724677Z [32m- true[39m
release	UNKNOWN STEP	2025-10-26T20:35:53.9725050Z [31m+ false[39m
release	UNKNOWN STEP	2025-10-26T20:35:53.9725244Z 
release	UNKNOWN STEP	2025-10-26T20:35:53.9726103Z [36m [2mâ¯[22m InteractiveRun.expectText test-helper.ts:[2m195:60[22m[39m
release	UNKNOWN STEP	2025-10-26T20:35:53.9726925Z     [90m193| [39m      [34m200[39m[33m,[39m
release	UNKNOWN STEP	2025-10-26T20:35:53.9727463Z     [90m194| [39m    )[33m;[39m
release	UNKNOWN STEP	2025-10-26T20:35:53.9728771Z     [90m195| [39m    [34mexpect[39m(found[33m,[39m [32m`Did not find expected text: "[39m[36m${[39mtext[36m}[39m[32m"`[39m)[33m.[39m[34mtoBe[39m([35mtrue[39m)[33m;[39m
release	UNKNOWN STEP	2025-10-26T20:35:53.9729922Z     [90m   | [39m                                                           [31m^[39m
release	UNKNOWN STEP	2025-10-26T20:35:53.9730423Z     [90m196| [39m  }
release	UNKNOWN STEP	2025-10-26T20:35:53.9730803Z     [90m197| [39m
release	UNKNOWN STEP	2025-10-26T20:35:53.9731563Z [90m [2mâ¯[22m TestRig.runInteractive test-helper.ts:[2m994:5[22m[39m
release	UNKNOWN STEP	2025-10-26T20:35:53.9732511Z [90m [2mâ¯[22m context-compress-interactive.test.ts:[2m89:17[22m[39m
release	UNKNOWN STEP	2025-10-26T20:35:53.9732943Z 
release	UNKNOWN STEP	2025-10-26T20:35:53.9733338Z [31m[2mâŽ¯âŽ¯âŽ¯âŽ¯âŽ¯âŽ¯âŽ¯âŽ¯âŽ¯âŽ¯âŽ¯âŽ¯âŽ¯âŽ¯âŽ¯âŽ¯âŽ¯âŽ¯âŽ¯âŽ¯âŽ¯âŽ¯âŽ¯[3/99]âŽ¯[22m[39m
release	UNKNOWN STEP	2025-10-26T20:35:53.9733667Z 
release	UNKNOWN STEP	2025-10-26T20:35:53.9734544Z [41m[1m FAIL [22m[49m ctrl-c-exit.test.ts[2m > [22mCtrl+C exit[2m > [22mshould exit gracefully on second Ctrl+C
release	UNKNOWN STEP	2025-10-26T20:35:53.9776428Z [41m[1m FAIL [22m[49m ctrl-c-exit.test.ts[2m > [22mCtrl+C exit[2m > [22mshould exit gracefully on second Ctrl+C
release	UNKNOWN STEP	2025-10-26T20:35:53.9778075Z [41m[1m FAIL [22m[49m ctrl-c-exit.test.ts[2m > [22mCtrl+C exit[2m > [22mshould exit gracefully on second Ctrl+C
release	UNKNOWN STEP	2025-10-26T20:35:53.9779712Z [31m[1mAssertionError[22m: Did not find expected text: "Type your message": expected false to be true // Object.is equality[39m
release	UNKNOWN STEP	2025-10-26T20:35:53.9780468Z 
release	UNKNOWN STEP	2025-10-26T20:35:53.9780771Z [32m- Expected[39m
release	UNKNOWN STEP	2025-10-26T20:35:53.9781203Z [31m+ Received[39m
release	UNKNOWN STEP	2025-10-26T20:35:53.9781406Z 
release	UNKNOWN STEP	2025-10-26T20:35:53.9781584Z [32m- true[39m
release	UNKNOWN STEP	2025-10-26T20:35:53.9781976Z [31m+ false[39m
release	UNKNOWN STEP	2025-10-26T20:35:53.9782181Z 
release	UNKNOWN STEP	2025-10-26T20:35:53.9782848Z [36m [2mâ¯[22m InteractiveRun.expectText test-helper.ts:[2m195:60[22m[39m
release	UNKNOWN STEP	2025-10-26T20:35:53.9783997Z     [90m193| [39m      [34m200[39m[33m,[39m
release	UNKNOWN STEP	2025-10-26T20:35:53.9784782Z     [90m194| [39m    )[33m;[39m
release	UNKNOWN STEP	2025-10-26T20:35:53.9816651Z     [90m195| [39m    [34mexpect[39m(found[33m,[39m [32m`Did not find expected text: "[39m[36m${[39mtext[36m}[39m[32m"`[39m)[33m.[39m[34mtoBe[39m([35mtrue[39m)[33m;[39m
release	UNKNOWN STEP	2025-10-26T20:35:54.0019289Z     [90m   | [39m                                                           [31m^[39m
release	UNKNOWN STEP	2025-10-26T20:35:54.0020027Z     [90m196| [39m  }
release	UNKNOWN STEP	2025-10-26T20:35:54.0020495Z     [90m197| [39m
release	UNKNOWN STEP	2025-10-26T20:35:54.0021371Z [90m [2mâ¯[22m TestRig.runInteractive test-helper.ts:[2m994:5[22m[39m
release	UNKNOWN STEP	2025-10-26T20:35:54.0022399Z [90m [2mâ¯[22m ctrl-c-exit.test.ts:[2m18:17[22m[39m
release	UNKNOWN STEP	2025-10-26T20:35:54.0022803Z 
release	UNKNOWN STEP	2025-10-26T20:35:54.0023269Z [31m[2mâŽ¯âŽ¯âŽ¯âŽ¯âŽ¯âŽ¯âŽ¯âŽ¯âŽ¯âŽ¯âŽ¯âŽ¯âŽ¯âŽ¯âŽ¯âŽ¯âŽ¯âŽ¯âŽ¯âŽ¯âŽ¯âŽ¯âŽ¯[4/99]âŽ¯[22m[39m
release	UNKNOWN STEP	2025-10-26T20:35:54.0023631Z 
release	UNKNOWN STEP	2025-10-26T20:35:54.0024725Z [41m[1m FAIL [22m[49m file-system-interactive.test.ts[2m > [22mInteractive file system[2m > [22mshould perform a read-then-write sequence
release	UNKNOWN STEP	2025-10-26T20:35:54.0029808Z [41m[1m FAIL [22m[49m file-system-interactive.test.ts[2m > [22mInteractive file system[2m > [22mshould perform a read-then-write sequence
release	UNKNOWN STEP	2025-10-26T20:35:54.0031819Z [41m[1m FAIL [22m[49m file-system-interactive.test.ts[2m > [22mInteractive file system[2m > [22mshould perform a read-then-write sequence
release	UNKNOWN STEP	2025-10-26T20:35:54.0033632Z [31m[1mAssertionError[22m: Did not find expected text: "Type your message": expected false to be true // Object.is equality[39m
release	UNKNOWN STEP	2025-10-26T20:35:54.0034365Z 
release	UNKNOWN STEP	2025-10-26T20:35:54.0034653Z [32m- Expected[39m
release	UNKNOWN STEP	2025-10-26T20:35:54.0035521Z [31m+ Received[39m
release	UNKNOWN STEP	2025-10-26T20:35:54.0035737Z 
release	UNKNOWN STEP	2025-10-26T20:35:54.0036250Z [32m- true[39m
release	UNKNOWN STEP	2025-10-26T20:35:54.0036677Z [31m+ false[39m
release	UNKNOWN STEP	2025-10-26T20:35:54.0036900Z 
release	UNKNOWN STEP	2025-10-26T20:35:54.0037561Z [36m [2mâ¯[22m InteractiveRun.expectText test-helper.ts:[2m195:60[22m[39m
release	UNKNOWN STEP	2025-10-26T20:35:54.0038423Z     [90m193| [39m      [34m200[39m[33m,[39m
release	UNKNOWN STEP	2025-10-26T20:35:54.0039056Z     [90m194| [39m    )[33m;[39m
release	UNKNOWN STEP	2025-10-26T20:35:54.0040538Z     [90m195| [39m    [34mexpect[39m(found[33m,[39m [32m`Did not find expected text: "[39m[36m${[39mtext[36m}[39m[32m"`[39m)[33m.[39m[34mtoBe[39m([35mtrue[39m)[33m;[39m
release	UNKNOWN STEP	2025-10-26T20:35:54.0041889Z     [90m   | [39m                                                           [31m^[39m
release	UNKNOWN STEP	2025-10-26T20:35:54.0042434Z     [90m196| [39m  }
release	UNKNOWN STEP	2025-10-26T20:35:54.0042810Z     [90m197| [39m
release	UNKNOWN STEP	2025-10-26T20:35:54.0043602Z [90m [2mâ¯[22m TestRig.runInteractive test-helper.ts:[2m994:5[22m[39m
release	UNKNOWN STEP	2025-10-26T20:35:54.0044603Z [90m [2mâ¯[22m file-system-interactive.test.ts:[2m35:17[22m[39m
release	UNKNOWN STEP	2025-10-26T20:35:54.0045077Z 
release	UNKNOWN STEP	2025-10-26T20:35:54.0045496Z [31m[2mâŽ¯âŽ¯âŽ¯âŽ¯âŽ¯âŽ¯âŽ¯âŽ¯âŽ¯âŽ¯âŽ¯âŽ¯âŽ¯âŽ¯âŽ¯âŽ¯âŽ¯âŽ¯âŽ¯âŽ¯âŽ¯âŽ¯âŽ¯[5/99]âŽ¯[22m[39m
release	UNKNOWN STEP	2025-10-26T20:35:54.0046023Z 
release	UNKNOWN STEP	2025-10-26T20:35:54.0047566Z [41m[1m FAIL [22m[49m file-system.test.ts[2m > [22mfile-system[2m > [22mshould be able to read a file
release	UNKNOWN STEP	2025-10-26T20:35:54.0049005Z [41m[1m FAIL [22m[49m file-system.test.ts[2m > [22mfile-system[2m > [22mshould be able to read a file
release	UNKNOWN STEP	2025-10-26T20:35:54.0050378Z [41m[1m FAIL [22m[49m file-system.test.ts[2m > [22mfile-system[2m > [22mshould be able to read a file
release	UNKNOWN STEP	2025-10-26T20:35:54.0051773Z [41m[1m FAIL [22m[49m file-system.test.ts[2m > [22mfile-system[2m > [22mshould be able to write a file
release	UNKNOWN STEP	2025-10-26T20:35:54.0053185Z [41m[1m FAIL [22m[49m file-system.test.ts[2m > [22mfile-system[2m > [22mshould be able to write a file
release	UNKNOWN STEP	2025-10-26T20:35:54.0054533Z [41m[1m FAIL [22m[49m file-system.test.ts[2m > [22mfile-system[2m > [22mshould be able to write a file
release	UNKNOWN STEP	2025-10-26T20:35:54.0056327Z [41m[1m FAIL [22m[49m file-system.test.ts[2m > [22mfile-system[2m > [22mshould correctly handle file paths with spaces
release	UNKNOWN STEP	2025-10-26T20:35:54.0057892Z [41m[1m FAIL [22m[49m file-system.test.ts[2m > [22mfile-system[2m > [22mshould correctly handle file paths with spaces
release	UNKNOWN STEP	2025-10-26T20:35:54.0059773Z [41m[1m FAIL [22m[49m file-system.test.ts[2m > [22mfile-system[2m > [22mshould correctly handle file paths with spaces
release	UNKNOWN STEP	2025-10-26T20:35:54.0061457Z [41m[1m FAIL [22m[49m file-system.test.ts[2m > [22mfile-system[2m > [22mshould perform a read-then-write sequence
release	UNKNOWN STEP	2025-10-26T20:35:54.0062993Z [41m[1m FAIL [22m[49m file-system.test.ts[2m > [22mfile-system[2m > [22mshould perform a read-then-write sequence
release	UNKNOWN STEP	2025-10-26T20:35:54.0064423Z [41m[1m FAIL [22m[49m file-system.test.ts[2m > [22mfile-system[2m > [22mshould perform a read-then-write sequence
release	UNKNOWN STEP	2025-10-26T20:35:54.0066240Z [41m[1m FAIL [22m[49m file-system.test.ts[2m > [22mfile-system[2m > [22mshould fail safely when trying to edit a non-existent file
release	UNKNOWN STEP	2025-10-26T20:35:54.0067962Z [41m[1m FAIL [22m[49m file-system.test.ts[2m > [22mfile-system[2m > [22mshould fail safely when trying to edit a non-existent file
release	UNKNOWN STEP	2025-10-26T20:35:54.0069595Z [41m[1m FAIL [22m[49m file-system.test.ts[2m > [22mfile-system[2m > [22mshould fail safely when trying to edit a non-existent file
release	UNKNOWN STEP	2025-10-26T20:35:54.0071153Z [41m[1m FAIL [22m[49m google_web_search.test.ts[2m > [22mgoogle_web_search[2m > [22mshould be able to search the web
release	UNKNOWN STEP	2025-10-26T20:35:54.0072584Z [41m[1m FAIL [22m[49m google_web_search.test.ts[2m > [22mgoogle_web_search[2m > [22mshould be able to search the web
release	UNKNOWN STEP	2025-10-26T20:35:54.0074006Z [41m[1m FAIL [22m[49m google_web_search.test.ts[2m > [22mgoogle_web_search[2m > [22mshould be able to search the web
release	UNKNOWN STEP	2025-10-26T20:35:54.0075377Z [41m[1m FAIL [22m[49m list_directory.test.ts[2m > [22mlist_directory[2m > [22mshould be able to list a directory
release	UNKNOWN STEP	2025-10-26T20:35:54.0077714Z [41m[1m FAIL [22m[49m list_directory.test.ts[2m > [22mlist_directory[2m > [22mshould be able to list a directory
release	UNKNOWN STEP	2025-10-26T20:35:54.0079006Z [41m[1m FAIL [22m[49m list_directory.test.ts[2m > [22mlist_directory[2m > [22mshould be able to list a directory
release	UNKNOWN STEP	2025-10-26T20:35:54.0080371Z [41m[1m FAIL [22m[49m replace.test.ts[2m > [22mreplace[2m > [22mshould be able to replace content in a file
release	UNKNOWN STEP	2025-10-26T20:35:54.0082370Z [41m[1m FAIL [22m[49m replace.test.ts[2m > [22mreplace[2m > [22mshould be able to replace content in a file
release	UNKNOWN STEP	2025-10-26T20:35:54.0083712Z [41m[1m FAIL [22m[49m replace.test.ts[2m > [22mreplace[2m > [22mshould be able to replace content in a file
release	UNKNOWN STEP	2025-10-26T20:35:54.0085190Z [41m[1m FAIL [22m[49m run_shell_command.test.ts[2m > [22mrun_shell_command[2m > [22mshould be able to run a shell command
release	UNKNOWN STEP	2025-10-26T20:35:54.0087177Z [41m[1m FAIL [22m[49m run_shell_command.test.ts[2m > [22mrun_shell_command[2m > [22mshould be able to run a shell command
release	UNKNOWN STEP	2025-10-26T20:35:54.0088701Z [41m[1m FAIL [22m[49m run_shell_command.test.ts[2m > [22mrun_shell_command[2m > [22mshould be able to run a shell command
release	UNKNOWN STEP	2025-10-26T20:35:54.0090343Z [41m[1m FAIL [22m[49m run_shell_command.test.ts[2m > [22mrun_shell_command[2m > [22mshould be able to run a shell command via stdin
release	UNKNOWN STEP	2025-10-26T20:35:54.0092061Z [41m[1m FAIL [22m[49m run_shell_command.test.ts[2m > [22mrun_shell_command[2m > [22mshould be able to run a shell command via stdin
release	UNKNOWN STEP	2025-10-26T20:35:54.0093784Z [41m[1m FAIL [22m[49m run_shell_command.test.ts[2m > [22mrun_shell_command[2m > [22mshould be able to run a shell command via stdin
release	UNKNOWN STEP	2025-10-26T20:35:54.0095380Z [41m[1m FAIL [22m[49m run_shell_command.test.ts[2m > [22mrun_shell_command[2m > [22mshould succeed with --yolo mode
release	UNKNOWN STEP	2025-10-26T20:35:54.0106327Z [41m[1m FAIL [22m[49m run_shell_command.test.ts[2m > [22mrun_shell_command[2m > [22mshould succeed with --yolo mode
release	UNKNOWN STEP	2025-10-26T20:35:54.0107933Z [41m[1m FAIL [22m[49m run_shell_command.test.ts[2m > [22mrun_shell_command[2m > [22mshould succeed with --yolo mode
release	UNKNOWN STEP	2025-10-26T20:35:54.0109695Z [41m[1m FAIL [22m[49m run_shell_command.test.ts[2m > [22mrun_shell_command[2m > [22mshould propagate environment variables to the child process
release	UNKNOWN STEP	2025-10-26T20:35:54.0111916Z [41m[1m FAIL [22m[49m run_shell_command.test.ts[2m > [22mrun_shell_command[2m > [22mshould propagate environment variables to the child process
release	UNKNOWN STEP	2025-10-26T20:35:54.0113674Z [41m[1m FAIL [22m[49m run_shell_command.test.ts[2m > [22mrun_shell_command[2m > [22mshould propagate environment variables to the child process
release	UNKNOWN STEP	2025-10-26T20:35:54.0115262Z [41m[1m FAIL [22m[49m run_shell_command.test.ts[2m > [22mrun_shell_command[2m > [22mrejects invalid shell expressions
release	UNKNOWN STEP	2025-10-26T20:35:54.0117009Z [41m[1m FAIL [22m[49m run_shell_command.test.ts[2m > [22mrun_shell_command[2m > [22mrejects invalid shell expressions
release	UNKNOWN STEP	2025-10-26T20:35:54.0118556Z [41m[1m FAIL [22m[49m run_shell_command.test.ts[2m > [22mrun_shell_command[2m > [22mrejects invalid shell expressions
release	UNKNOWN STEP	2025-10-26T20:35:54.0120041Z [41m[1m FAIL [22m[49m save_memory.test.ts[2m > [22msave_memory[2m > [22mshould be able to save to memory
release	UNKNOWN STEP	2025-10-26T20:35:54.0121474Z [41m[1m FAIL [22m[49m save_memory.test.ts[2m > [22msave_memory[2m > [22mshould be able to save to memory
release	UNKNOWN STEP	2025-10-26T20:35:54.0122787Z [41m[1m FAIL [22m[49m save_memory.test.ts[2m > [22msave_memory[2m > [22mshould be able to save to memory
release	UNKNOWN STEP	2025-10-26T20:35:54.0124240Z [41m[1m FAIL [22m[49m simple-mcp-server.test.ts[2m > [22msimple-mcp-server[2m > [22mshould add two numbers
release	UNKNOWN STEP	2025-10-26T20:35:54.0125705Z [41m[1m FAIL [22m[49m simple-mcp-server.test.ts[2m > [22msimple-mcp-server[2m > [22mshould add two numbers
release	UNKNOWN STEP	2025-10-26T20:35:54.0127841Z [41m[1m FAIL [22m[49m simple-mcp-server.test.ts[2m > [22msimple-mcp-server[2m > [22mshould add two numbers
release	UNKNOWN STEP	2025-10-26T20:35:54.0129275Z [41m[1m FAIL [22m[49m telemetry.test.ts[2m > [22mtelemetry[2m > [22mshould emit a metric and a log event
release	UNKNOWN STEP	2025-10-26T20:35:54.0131017Z [41m[1m FAIL [22m[49m telemetry.test.ts[2m > [22mtelemetry[2m > [22mshould emit a metric and a log event
release	UNKNOWN STEP	2025-10-26T20:35:54.0132410Z [41m[1m FAIL [22m[49m telemetry.test.ts[2m > [22mtelemetry[2m > [22mshould emit a metric and a log event
release	UNKNOWN STEP	2025-10-26T20:35:54.0133776Z [41m[1m FAIL [22m[49m utf-bom-encoding.test.ts[2m > [22mBOM end-to-end integraion[2m > [22mUTF-8 BOM
release	UNKNOWN STEP	2025-10-26T20:35:54.0135032Z [41m[1m FAIL [22m[49m utf-bom-encoding.test.ts[2m > [22mBOM end-to-end integraion[2m > [22mUTF-8 BOM
release	UNKNOWN STEP	2025-10-26T20:35:54.0136440Z [41m[1m FAIL [22m[49m utf-bom-encoding.test.ts[2m > [22mBOM end-to-end integraion[2m > [22mUTF-8 BOM
release	UNKNOWN STEP	2025-10-26T20:35:54.0137736Z [41m[1m FAIL [22m[49m utf-bom-encoding.test.ts[2m > [22mBOM end-to-end integraion[2m > [22mUTF-16 LE BOM
release	UNKNOWN STEP	2025-10-26T20:35:54.0139003Z [41m[1m FAIL [22m[49m utf-bom-encoding.test.ts[2m > [22mBOM end-to-end integraion[2m > [22mUTF-16 LE BOM
release	UNKNOWN STEP	2025-10-26T20:35:54.0140379Z [41m[1m FAIL [22m[49m utf-bom-encoding.test.ts[2m > [22mBOM end-to-end integraion[2m > [22mUTF-16 LE BOM
release	UNKNOWN STEP	2025-10-26T20:35:54.0141829Z [41m[1m FAIL [22m[49m utf-bom-encoding.test.ts[2m > [22mBOM end-to-end integraion[2m > [22mUTF-16 BE BOM
release	UNKNOWN STEP	2025-10-26T20:35:54.0143276Z [41m[1m FAIL [22m[49m utf-bom-encoding.test.ts[2m > [22mBOM end-to-end integraion[2m > [22mUTF-16 BE BOM
release	UNKNOWN STEP	2025-10-26T20:35:54.0144679Z [41m[1m FAIL [22m[49m utf-bom-encoding.test.ts[2m > [22mBOM end-to-end integraion[2m > [22mUTF-16 BE BOM
release	UNKNOWN STEP	2025-10-26T20:35:54.0146504Z [41m[1m FAIL [22m[49m utf-bom-encoding.test.ts[2m > [22mBOM end-to-end integraion[2m > [22mUTF-32 LE BOM
release	UNKNOWN STEP	2025-10-26T20:35:54.0147891Z [41m[1m FAIL [22m[49m utf-bom-encoding.test.ts[2m > [22mBOM end-to-end integraion[2m > [22mUTF-32 LE BOM
release	UNKNOWN STEP	2025-10-26T20:35:54.0149304Z [41m[1m FAIL [22m[49m utf-bom-encoding.test.ts[2m > [22mBOM end-to-end integraion[2m > [22mUTF-32 LE BOM
release	UNKNOWN STEP	2025-10-26T20:35:54.0151297Z [41m[1m FAIL [22m[49m utf-bom-encoding.test.ts[2m > [22mBOM end-to-end integraion[2m > [22mUTF-32 BE BOM
release	UNKNOWN STEP	2025-10-26T20:35:54.0152754Z [41m[1m FAIL [22m[49m utf-bom-encoding.test.ts[2m > [22mBOM end-to-end integraion[2m > [22mUTF-32 BE BOM
release	UNKNOWN STEP	2025-10-26T20:35:54.0154352Z [41m[1m FAIL [22m[49m utf-bom-encoding.test.ts[2m > [22mBOM end-to-end integraion[2m > [22mUTF-32 BE BOM
release	UNKNOWN STEP	2025-10-26T20:35:54.0156294Z [41m[1m FAIL [22m[49m utf-bom-encoding.test.ts[2m > [22mBOM end-to-end integraion[2m > [22mCan describe a PNG file
release	UNKNOWN STEP	2025-10-26T20:35:54.0158080Z [41m[1m FAIL [22m[49m utf-bom-encoding.test.ts[2m > [22mBOM end-to-end integraion[2m > [22mCan describe a PNG file
release	UNKNOWN STEP	2025-10-26T20:35:54.0159645Z [41m[1m FAIL [22m[49m utf-bom-encoding.test.ts[2m > [22mBOM end-to-end integraion[2m > [22mCan describe a PNG file
release	UNKNOWN STEP	2025-10-26T20:35:54.0161280Z [41m[1m FAIL [22m[49m write_file.test.ts[2m > [22mwrite_file[2m > [22mshould be able to write a file
release	UNKNOWN STEP	2025-10-26T20:35:54.0162676Z [41m[1m FAIL [22m[49m write_file.test.ts[2m > [22mwrite_file[2m > [22mshould be able to write a file
release	UNKNOWN STEP	2025-10-26T20:35:54.0164033Z [41m[1m FAIL [22m[49m write_file.test.ts[2m > [22mwrite_file[2m > [22mshould be able to write a file
release	UNKNOWN STEP	2025-10-26T20:35:54.0164999Z [31m[1mError[22m: Process exited with code 1:
release	UNKNOWN STEP	2025-10-26T20:35:54.0167308Z YOLO mode is enabled. All tool calls will be automatically approved.
release	UNKNOWN STEP	2025-10-26T20:35:54.0168605Z GEMINI_API_KEY not found. Find your existing key or generate a new one at: https://aistudio.google.com/apikey
release	UNKNOWN STEP	2025-10-26T20:35:54.0169315Z 
release	UNKNOWN STEP	2025-10-26T20:35:54.0169887Z To continue, please set the GEMINI_API_KEY environment variable or add it to a .env file.
release	UNKNOWN STEP	2025-10-26T20:35:54.0170559Z [39m
release	UNKNOWN STEP	2025-10-26T20:35:54.0171340Z [36m [2mâ¯[22m ChildProcess.<anonymous> test-helper.ts:[2m486:18[22m[39m
release	UNKNOWN STEP	2025-10-26T20:35:54.0172208Z     [90m484| [39m          [34mresolve[39m(result)[33m;[39m
release	UNKNOWN STEP	2025-10-26T20:35:54.0172867Z     [90m485| [39m        } [35melse[39m {
release	UNKNOWN STEP	2025-10-26T20:35:54.0174130Z     [90m486| [39m          reject(new Error(`Process exited with code ${code}:\n${stderâ€¦
release	UNKNOWN STEP	2025-10-26T20:35:54.0174919Z     [90m   | [39m                 [31m^[39m
release	UNKNOWN STEP	2025-10-26T20:35:54.0175438Z     [90m487| [39m        }
release	UNKNOWN STEP	2025-10-26T20:35:54.0176419Z     [90m488| [39m      })[33m;[39m
release	UNKNOWN STEP	2025-10-26T20:35:54.0176689Z 
release	UNKNOWN STEP	2025-10-26T20:35:54.0177107Z [31m[2mâŽ¯âŽ¯âŽ¯âŽ¯âŽ¯âŽ¯âŽ¯âŽ¯âŽ¯âŽ¯âŽ¯âŽ¯âŽ¯âŽ¯âŽ¯âŽ¯âŽ¯âŽ¯âŽ¯âŽ¯âŽ¯âŽ¯âŽ¯[6/99]âŽ¯[22m[39m
release	UNKNOWN STEP	2025-10-26T20:35:54.0177403Z 
release	UNKNOWN STEP	2025-10-26T20:35:54.0178266Z [41m[1m FAIL [22m[49m json-output.test.ts[2m > [22mJSON output[2m > [22mshould return a valid JSON with response and stats
release	UNKNOWN STEP	2025-10-26T20:35:54.0179726Z [41m[1m FAIL [22m[49m json-output.test.ts[2m > [22mJSON output[2m > [22mshould return a valid JSON with response and stats
release	UNKNOWN STEP	2025-10-26T20:35:54.0181175Z [41m[1m FAIL [22m[49m json-output.test.ts[2m > [22mJSON output[2m > [22mshould return a valid JSON with response and stats
release	UNKNOWN STEP	2025-10-26T20:35:54.0182114Z [31m[1mError[22m: Process exited with code 1:
release	UNKNOWN STEP	2025-10-26T20:35:54.0182831Z YOLO mode is enabled. All tool calls will be automatically approved.
release	UNKNOWN STEP	2025-10-26T20:35:54.0183347Z {
release	UNKNOWN STEP	2025-10-26T20:35:54.0183595Z   "error": {
release	UNKNOWN STEP	2025-10-26T20:35:54.0183879Z     "type": "Error",
release	UNKNOWN STEP	2025-10-26T20:35:54.0185279Z     "message": "GEMINI_API_KEY not found. Find your existing key or generate a new one at: https://aistudio.google.com/apikey\n\nTo continue, please set the GEMINI_API_KEY environment variable or add it to a .env file.",
release	UNKNOWN STEP	2025-10-26T20:35:54.0186686Z     "code": 1
release	UNKNOWN STEP	2025-10-26T20:35:54.0186960Z   }
release	UNKNOWN STEP	2025-10-26T20:35:54.0187189Z }
release	UNKNOWN STEP	2025-10-26T20:35:54.0187442Z [39m
release	UNKNOWN STEP	2025-10-26T20:35:54.0188089Z [36m [2mâ¯[22m ChildProcess.<anonymous> test-helper.ts:[2m486:18[22m[39m
release	UNKNOWN STEP	2025-10-26T20:35:54.0188853Z     [90m484| [39m          [34mresolve[39m(result)[33m;[39m
release	UNKNOWN STEP	2025-10-26T20:35:54.0189432Z     [90m485| [39m        } [35melse[39m {
release	UNKNOWN STEP	2025-10-26T20:35:54.0190202Z     [90m486| [39m          reject(new Error(`Process exited with code ${code}:\n${stderâ€¦
release	UNKNOWN STEP	2025-10-26T20:35:54.0190849Z     [90m   | [39m                 [31m^[39m
release	UNKNOWN STEP	2025-10-26T20:35:54.0191262Z     [90m487| [39m        }
release	UNKNOWN STEP	2025-10-26T20:35:54.0191670Z     [90m488| [39m      })[33m;[39m
release	UNKNOWN STEP	2025-10-26T20:35:54.0191897Z 
release	UNKNOWN STEP	2025-10-26T20:35:54.0192228Z [31m[2mâŽ¯âŽ¯âŽ¯âŽ¯âŽ¯âŽ¯âŽ¯âŽ¯âŽ¯âŽ¯âŽ¯âŽ¯âŽ¯âŽ¯âŽ¯âŽ¯âŽ¯âŽ¯âŽ¯âŽ¯âŽ¯âŽ¯âŽ¯[7/99]âŽ¯[22m[39m
release	UNKNOWN STEP	2025-10-26T20:35:54.0192494Z 
release	UNKNOWN STEP	2025-10-26T20:35:54.0193898Z [41m[1m FAIL [22m[49m mcp_server_cyclic_schema.test.ts[2m > [22mmcp server with cyclic tool schema is detected[2m > [22mmcp tool list should include tool with cyclic tool schema
release	UNKNOWN STEP	2025-10-26T20:35:54.0196160Z [41m[1m FAIL [22m[49m mcp_server_cyclic_schema.test.ts[2m > [22mmcp server with cyclic tool schema is detected[2m > [22mmcp tool list should include tool with cyclic tool schema
release	UNKNOWN STEP	2025-10-26T20:35:54.0198151Z [41m[1m FAIL [22m[49m mcp_server_cyclic_schema.test.ts[2m > [22mmcp server with cyclic tool schema is detected[2m > [22mmcp tool list should include tool with cyclic tool schema
release	UNKNOWN STEP	2025-10-26T20:35:54.0199962Z [31m[1mAssertionError[22m: Did not find expected text: "Type your message": expected false to be true // Object.is equality[39m
release	UNKNOWN STEP	2025-10-26T20:35:54.0200664Z 
release	UNKNOWN STEP	2025-10-26T20:35:54.0200851Z [32m- Expected[39m
release	UNKNOWN STEP	2025-10-26T20:35:54.0201214Z [31m+ Received[39m
release	UNKNOWN STEP	2025-10-26T20:35:54.0201403Z 
release	UNKNOWN STEP	2025-10-26T20:35:54.0201553Z [32m- true[39m
release	UNKNOWN STEP	2025-10-26T20:35:54.0201892Z [31m+ false[39m
release	UNKNOWN STEP	2025-10-26T20:35:54.0202071Z 
release	UNKNOWN STEP	2025-10-26T20:35:54.0202620Z [36m [2mâ¯[22m InteractiveRun.expectText test-helper.ts:[2m195:60[22m[39m
release	UNKNOWN STEP	2025-10-26T20:35:54.0203310Z     [90m193| [39m      [34m200[39m[33m,[39m
release	UNKNOWN STEP	2025-10-26T20:35:54.0203779Z     [90m194| [39m    )[33m;[39m
release	UNKNOWN STEP	2025-10-26T20:35:54.0205018Z     [90m195| [39m    [34mexpect[39m(found[33m,[39m [32m`Did not find expected text: "[39m[36m${[39mtext[36m}[39m[32m"`[39m)[33m.[39m[34mtoBe[39m([35mtrue[39m)[33m;[39m
release	UNKNOWN STEP	2025-10-26T20:35:54.0206651Z     [90m   | [39m                                                           [31m^[39m
release	UNKNOWN STEP	2025-10-26T20:35:54.0207468Z     [90m196| [39m  }
release	UNKNOWN STEP	2025-10-26T20:35:54.0207859Z     [90m197| [39m
release	UNKNOWN STEP	2025-10-26T20:35:54.0208634Z [90m [2mâ¯[22m TestRig.runInteractive test-helper.ts:[2m994:5[22m[39m
release	UNKNOWN STEP	2025-10-26T20:35:54.0209605Z [90m [2mâ¯[22m mcp_server_cyclic_schema.test.ts:[2m196:17[22m[39m
release	UNKNOWN STEP	2025-10-26T20:35:54.0210023Z 
release	UNKNOWN STEP	2025-10-26T20:35:54.0210468Z [31m[2mâŽ¯âŽ¯âŽ¯âŽ¯âŽ¯âŽ¯âŽ¯âŽ¯âŽ¯âŽ¯âŽ¯âŽ¯âŽ¯âŽ¯âŽ¯âŽ¯âŽ¯âŽ¯âŽ¯âŽ¯âŽ¯âŽ¯âŽ¯[8/99]âŽ¯[22m[39m
release	UNKNOWN STEP	2025-10-26T20:35:54.0210826Z 
release	UNKNOWN STEP	2025-10-26T20:35:54.0211942Z [41m[1m FAIL [22m[49m run_shell_command.test.ts[2m > [22mrun_shell_command[2m > [22mshould succeed with no parens in non-interactive mode
release	UNKNOWN STEP	2025-10-26T20:35:54.0213818Z [41m[1m FAIL [22m[49m run_shell_command.test.ts[2m > [22mrun_shell_command[2m > [22mshould succeed with no parens in non-interactive mode
release	UNKNOWN STEP	2025-10-26T20:35:54.0215672Z [41m[1m FAIL [22m[49m run_shell_command.test.ts[2m > [22mrun_shell_command[2m > [22mshould succeed with no parens in non-interactive mode
release	UNKNOWN STEP	2025-10-26T20:35:54.0217882Z [41m[1m FAIL [22m[49m run_shell_command.test.ts[2m > [22mrun_shell_command[2m > [22mshould reject commands not on the allowlist
release	UNKNOWN STEP	2025-10-26T20:35:54.0219626Z [41m[1m FAIL [22m[49m run_shell_command.test.ts[2m > [22mrun_shell_command[2m > [22mshould reject commands not on the allowlist
release	UNKNOWN STEP	2025-10-26T20:35:54.0221341Z [41m[1m FAIL [22m[49m run_shell_command.test.ts[2m > [22mrun_shell_command[2m > [22mshould reject commands not on the allowlist
release	UNKNOWN STEP	2025-10-26T20:35:54.0223140Z [41m[1m FAIL [22m[49m run_shell_command.test.ts[2m > [22mrun_shell_command[2m > [22mshould allow all with "ShellTool" and other specific tools
release	UNKNOWN STEP	2025-10-26T20:35:54.0224995Z [41m[1m FAIL [22m[49m run_shell_command.test.ts[2m > [22mrun_shell_command[2m > [22mshould allow all with "ShellTool" and other specific tools
release	UNKNOWN STEP	2025-10-26T20:35:54.0227408Z [41m[1m FAIL [22m[49m run_shell_command.test.ts[2m > [22mrun_shell_command[2m > [22mshould allow all with "ShellTool" and other specific tools
release	UNKNOWN STEP	2025-10-26T20:35:54.0228577Z [31m[1mError[22m: Process exited with code 1:
release	UNKNOWN STEP	2025-10-26T20:35:54.0229643Z GEMINI_API_KEY not found. Find your existing key or generate a new one at: https://aistudio.google.com/apikey
release	UNKNOWN STEP	2025-10-26T20:35:54.0230307Z 
release	UNKNOWN STEP	2025-10-26T20:35:54.0230898Z To continue, please set the GEMINI_API_KEY environment variable or add it to a .env file.
release	UNKNOWN STEP	2025-10-26T20:35:54.0231633Z [39m
release	UNKNOWN STEP	2025-10-26T20:35:54.0232719Z [36m [2mâ¯[22m ChildProcess.<anonymous> test-helper.ts:[2m486:18[22m[39m
release	UNKNOWN STEP	2025-10-26T20:35:54.0233681Z     [90m484| [39m          [34mresolve[39m(result)[33m;[39m
release	UNKNOWN STEP	2025-10-26T20:35:54.0234366Z     [90m485| [39m        } [35melse[39m {
release	UNKNOWN STEP	2025-10-26T20:35:54.0235249Z     [90m486| [39m          reject(new Error(`Process exited with code ${code}:\n${stderâ€¦
release	UNKNOWN STEP	2025-10-26T20:35:54.0236393Z     [90m   | [39m                 [31m^[39m
release	UNKNOWN STEP	2025-10-26T20:35:54.0236882Z     [90m487| [39m        }
release	UNKNOWN STEP	2025-10-26T20:35:54.0237332Z     [90m488| [39m      })[33m;[39m
release	UNKNOWN STEP	2025-10-26T20:35:54.0237602Z 
release	UNKNOWN STEP	2025-10-26T20:35:54.0237996Z [31m[2mâŽ¯âŽ¯âŽ¯âŽ¯âŽ¯âŽ¯âŽ¯âŽ¯âŽ¯âŽ¯âŽ¯âŽ¯âŽ¯âŽ¯âŽ¯âŽ¯âŽ¯âŽ¯âŽ¯âŽ¯âŽ¯âŽ¯âŽ¯[9/99]âŽ¯[22m[39m
release	UNKNOWN STEP	2025-10-26T20:35:54.0238334Z 
release	UNKNOWN STEP	2025-10-26T20:35:54.0239304Z [2m Test Files [22m [1m[31m15 failed[39m[22m[2m | [22m[1m[32m2 passed[39m[22m[2m | [22m[33m3 skipped[39m[90m (20)[39m
release	UNKNOWN STEP	2025-10-26T20:35:54.0243417Z [2m      Tests [22m [1m[31m33 failed[39m[22m[2m | [22m[1m[32m4 passed[39m[22m[2m | [22m[33m14 skipped[39m[90m (51)[39m
release	UNKNOWN STEP	2025-10-26T20:35:54.0244336Z [2m   Start at [22m 20:29:24
release	UNKNOWN STEP	2025-10-26T20:35:54.0245536Z [2m   Duration [22m 389.67s[2m (transform 2.55s, setup 0ms, collect 5.61s, tests 918.34s, environment 4ms, prepare 1.53s)[22m
release	UNKNOWN STEP	2025-10-26T20:35:54.0246732Z 
release	UNKNOWN STEP	2025-10-26T20:35:54.0864635Z ##[error]Process completed with exit code 1.
release	UNKNOWN STEP	2025-10-26T20:35:54.0970654Z ##[group]Run gh issue create \
release	UNKNOWN STEP	2025-10-26T20:35:54.0970996Z [36;1mgh issue create \[0m
release	UNKNOWN STEP	2025-10-26T20:35:54.0971404Z [36;1m  --title "Nightly Release Failed for ${RELEASE_TAG} on $(date +'%Y-%m-%d')" \[0m
release	UNKNOWN STEP	2025-10-26T20:35:54.0972045Z [36;1m  --body "The nightly-release workflow failed. See the full run for details: ${DETAILS_URL}" \[0m
release	UNKNOWN STEP	2025-10-26T20:35:54.0972802Z [36;1m  --label 'kind/bug,release-failure,priority/p0'[0m
release	UNKNOWN STEP	2025-10-26T20:35:54.1011786Z shell: /usr/bin/bash -e {0}
release	UNKNOWN STEP	2025-10-26T20:35:54.1012206Z env:
release	UNKNOWN STEP	2025-10-26T20:35:54.1012870Z   GITHUB_TOKEN: ***
release	UNKNOWN STEP	2025-10-26T20:35:54.1013206Z   RELEASE_TAG: 
release	UNKNOWN STEP	2025-10-26T20:35:54.1013821Z   DETAILS_URL: https://github.com/hebenezer-m/gemini-cli/actions/runs/18823270291
release	UNKNOWN STEP	2025-10-26T20:35:54.1014511Z ##[endgroup]
release	UNKNOWN STEP	2025-10-26T20:35:57.0589225Z could not add label: 'kind/bug' not found
release	UNKNOWN STEP	2025-10-26T20:35:57.0629487Z ##[error]Process completed with exit code 1.
release	UNKNOWN STEP	2025-10-26T20:35:57.0700258Z Post job cleanup.
release	UNKNOWN STEP	2025-10-26T20:35:57.1517596Z [command]/usr/bin/git version
release	UNKNOWN STEP	2025-10-26T20:35:57.1556512Z git version 2.51.0
release	UNKNOWN STEP	2025-10-26T20:35:57.1593582Z Temporarily overriding HOME='/home/runner/work/_temp/3984c350-3160-444a-9f8e-2d84ddfd0975' before making global git config changes
release	UNKNOWN STEP	2025-10-26T20:35:57.1596203Z Adding repository directory to the temporary git global config as a safe directory
release	UNKNOWN STEP	2025-10-26T20:35:57.1599041Z [command]/usr/bin/git config --global --add safe.directory /home/runner/work/gemini-cli/gemini-cli/release
release	UNKNOWN STEP	2025-10-26T20:35:57.1637166Z [command]/usr/bin/git config --local --name-only --get-regexp core\.sshCommand
release	UNKNOWN STEP	2025-10-26T20:35:57.1696310Z [command]/usr/bin/git submodule foreach --recursive sh -c "git config --local --name-only --get-regexp 'core\.sshCommand' && git config --local --unset-all 'core.sshCommand' || :"
release	UNKNOWN STEP	2025-10-26T20:35:57.1929167Z [command]/usr/bin/git config --local --name-only --get-regexp http\.https\:\/\/github\.com\/\.extraheader
release	UNKNOWN STEP	2025-10-26T20:35:57.1953576Z http.https://github.com/.extraheader
release	UNKNOWN STEP	2025-10-26T20:35:57.1964243Z [command]/usr/bin/git config --local --unset-all http.https://github.com/.extraheader
release	UNKNOWN STEP	2025-10-26T20:35:57.1998229Z [command]/usr/bin/git submodule foreach --recursive sh -c "git config --local --name-only --get-regexp 'http\.https\:\/\/github\.com\/\.extraheader' && git config --local --unset-all 'http.https://github.com/.extraheader' || :"
release	UNKNOWN STEP	2025-10-26T20:35:57.2369510Z Post job cleanup.
release	UNKNOWN STEP	2025-10-26T20:35:57.3160392Z [command]/usr/bin/git version
release	UNKNOWN STEP	2025-10-26T20:35:57.3202478Z git version 2.51.0
release	UNKNOWN STEP	2025-10-26T20:35:57.3275330Z Temporarily overriding HOME='/home/runner/work/_temp/f8b7f6b3-41d2-41ec-bc3e-f85fbd50f9a6' before making global git config changes
release	UNKNOWN STEP	2025-10-26T20:35:57.3278027Z Adding repository directory to the temporary git global config as a safe directory
release	UNKNOWN STEP	2025-10-26T20:35:57.3282651Z [command]/usr/bin/git config --global --add safe.directory /home/runner/work/gemini-cli/gemini-cli
release	UNKNOWN STEP	2025-10-26T20:35:57.3325312Z [command]/usr/bin/git config --local --name-only --get-regexp core\.sshCommand
release	UNKNOWN STEP	2025-10-26T20:35:57.3363291Z [command]/usr/bin/git submodule foreach --recursive sh -c "git config --local --name-only --get-regexp 'core\.sshCommand' && git config --local --unset-all 'core.sshCommand' || :"
release	UNKNOWN STEP	2025-10-26T20:35:57.3608132Z [command]/usr/bin/git config --local --name-only --get-regexp http\.https\:\/\/github\.com\/\.extraheader
release	UNKNOWN STEP	2025-10-26T20:35:57.3632019Z http.https://github.com/.extraheader
release	UNKNOWN STEP	2025-10-26T20:35:57.3642371Z [command]/usr/bin/git config --local --unset-all http.https://github.com/.extraheader
release	UNKNOWN STEP	2025-10-26T20:35:57.3674398Z [command]/usr/bin/git submodule foreach --recursive sh -c "git config --local --name-only --get-regexp 'http\.https\:\/\/github\.com\/\.extraheader' && git config --local --unset-all 'http.https://github.com/.extraheader' || :"
release	UNKNOWN STEP	2025-10-26T20:35:57.4033902Z Cleaning up orphan processes
