release	UNKNOWN STEP	ï»¿2025-10-27T20:23:34.7149629Z Current runner version: '2.328.0'
release	UNKNOWN STEP	2025-10-27T20:23:34.7186809Z ##[group]Runner Image Provisioner
release	UNKNOWN STEP	2025-10-27T20:23:34.7188316Z Hosted Compute Agent
release	UNKNOWN STEP	2025-10-27T20:23:34.7189224Z Version: 20250912.392
release	UNKNOWN STEP	2025-10-27T20:23:34.7190552Z Commit: d921fda672a98b64f4f82364647e2f10b2267d0b
release	UNKNOWN STEP	2025-10-27T20:23:34.7191880Z Build Date: 2025-09-12T15:23:14Z
release	UNKNOWN STEP	2025-10-27T20:23:34.7192836Z ##[endgroup]
release	UNKNOWN STEP	2025-10-27T20:23:34.7193664Z ##[group]Operating System
release	UNKNOWN STEP	2025-10-27T20:23:34.7194653Z Ubuntu
release	UNKNOWN STEP	2025-10-27T20:23:34.7195528Z 24.04.3
release	UNKNOWN STEP	2025-10-27T20:23:34.7196281Z LTS
release	UNKNOWN STEP	2025-10-27T20:23:34.7197150Z ##[endgroup]
release	UNKNOWN STEP	2025-10-27T20:23:34.7197983Z ##[group]Runner Image
release	UNKNOWN STEP	2025-10-27T20:23:34.7198941Z Image: ubuntu-24.04
release	UNKNOWN STEP	2025-10-27T20:23:34.7200192Z Version: 20250929.60.1
release	UNKNOWN STEP	2025-10-27T20:23:34.7202005Z Included Software: https://github.com/actions/runner-images/blob/ubuntu24/20250929.60/images/ubuntu/Ubuntu2404-Readme.md
release	UNKNOWN STEP	2025-10-27T20:23:34.7204971Z Image Release: https://github.com/actions/runner-images/releases/tag/ubuntu24%2F20250929.60
release	UNKNOWN STEP	2025-10-27T20:23:34.7206659Z ##[endgroup]
release	UNKNOWN STEP	2025-10-27T20:23:34.7209043Z ##[group]GITHUB_TOKEN Permissions
release	UNKNOWN STEP	2025-10-27T20:23:34.7212256Z Contents: write
release	UNKNOWN STEP	2025-10-27T20:23:34.7213225Z Issues: write
release	UNKNOWN STEP	2025-10-27T20:23:34.7214044Z Metadata: read
release	UNKNOWN STEP	2025-10-27T20:23:34.7214819Z Packages: write
release	UNKNOWN STEP	2025-10-27T20:23:34.7215765Z PullRequests: write
release	UNKNOWN STEP	2025-10-27T20:23:34.7216557Z ##[endgroup]
release	UNKNOWN STEP	2025-10-27T20:23:34.7219573Z Secret source: Actions
release	UNKNOWN STEP	2025-10-27T20:23:34.7220975Z Prepare workflow directory
release	UNKNOWN STEP	2025-10-27T20:23:34.7709325Z Prepare all required actions
release	UNKNOWN STEP	2025-10-27T20:23:34.7768158Z Getting action download info
release	UNKNOWN STEP	2025-10-27T20:23:35.0162123Z Download action repository 'actions/checkout@08c6903cd8c0fde910a37f88322edcfb5dd907a8' (SHA:08c6903cd8c0fde910a37f88322edcfb5dd907a8)
release	UNKNOWN STEP	2025-10-27T20:23:35.2155703Z Download action repository 'actions/setup-node@49933ea5288caeca8642d1e84afbd3f7d6820020' (SHA:49933ea5288caeca8642d1e84afbd3f7d6820020)
release	UNKNOWN STEP	2025-10-27T20:23:35.3960226Z Complete job name: release
release	UNKNOWN STEP	2025-10-27T20:23:35.4848928Z ##[group]Run actions/checkout@08c6903cd8c0fde910a37f88322edcfb5dd907a8
release	UNKNOWN STEP	2025-10-27T20:23:35.4850773Z with:
release	UNKNOWN STEP	2025-10-27T20:23:35.4851377Z   fetch-depth: 0
release	UNKNOWN STEP	2025-10-27T20:23:35.4852062Z   repository: hebenezer-m/gemini-cli
release	UNKNOWN STEP	2025-10-27T20:23:35.4853141Z   token: ***
release	UNKNOWN STEP	2025-10-27T20:23:35.4853746Z   ssh-strict: true
release	UNKNOWN STEP	2025-10-27T20:23:35.4854369Z   ssh-user: git
release	UNKNOWN STEP	2025-10-27T20:23:35.4854998Z   persist-credentials: true
release	UNKNOWN STEP	2025-10-27T20:23:35.4855715Z   clean: true
release	UNKNOWN STEP	2025-10-27T20:23:35.4856350Z   sparse-checkout-cone-mode: true
release	UNKNOWN STEP	2025-10-27T20:23:35.4856843Z   fetch-tags: false
release	UNKNOWN STEP	2025-10-27T20:23:35.4857241Z   show-progress: true
release	UNKNOWN STEP	2025-10-27T20:23:35.4857654Z   lfs: false
release	UNKNOWN STEP	2025-10-27T20:23:35.4858024Z   submodules: false
release	UNKNOWN STEP	2025-10-27T20:23:35.4858434Z   set-safe-directory: true
release	UNKNOWN STEP	2025-10-27T20:23:35.4859183Z ##[endgroup]
release	UNKNOWN STEP	2025-10-27T20:23:35.5901452Z Syncing repository: hebenezer-m/gemini-cli
release	UNKNOWN STEP	2025-10-27T20:23:35.5903210Z ##[group]Getting Git version info
release	UNKNOWN STEP	2025-10-27T20:23:35.5904012Z Working directory is '/home/runner/work/gemini-cli/gemini-cli'
release	UNKNOWN STEP	2025-10-27T20:23:35.5905033Z [command]/usr/bin/git version
release	UNKNOWN STEP	2025-10-27T20:23:35.8283387Z git version 2.51.0
release	UNKNOWN STEP	2025-10-27T20:23:35.8304405Z ##[endgroup]
release	UNKNOWN STEP	2025-10-27T20:23:35.8321762Z Temporarily overriding HOME='/home/runner/work/_temp/b8537149-769a-4125-8499-c1e0aa1be4cd' before making global git config changes
release	UNKNOWN STEP	2025-10-27T20:23:35.8324092Z Adding repository directory to the temporary git global config as a safe directory
release	UNKNOWN STEP	2025-10-27T20:23:35.8327963Z [command]/usr/bin/git config --global --add safe.directory /home/runner/work/gemini-cli/gemini-cli
release	UNKNOWN STEP	2025-10-27T20:23:35.8368615Z Deleting the contents of '/home/runner/work/gemini-cli/gemini-cli'
release	UNKNOWN STEP	2025-10-27T20:23:35.8372505Z ##[group]Initializing the repository
release	UNKNOWN STEP	2025-10-27T20:23:35.8377281Z [command]/usr/bin/git init /home/runner/work/gemini-cli/gemini-cli
release	UNKNOWN STEP	2025-10-27T20:23:35.8488885Z hint: Using 'master' as the name for the initial branch. This default branch name
release	UNKNOWN STEP	2025-10-27T20:23:35.8490790Z hint: is subject to change. To configure the initial branch name to use in all
release	UNKNOWN STEP	2025-10-27T20:23:35.8492664Z hint: of your new repositories, which will suppress this warning, call:
release	UNKNOWN STEP	2025-10-27T20:23:35.8493877Z hint:
release	UNKNOWN STEP	2025-10-27T20:23:35.8494648Z hint: 	git config --global init.defaultBranch <name>
release	UNKNOWN STEP	2025-10-27T20:23:35.8495451Z hint:
release	UNKNOWN STEP	2025-10-27T20:23:35.8496297Z hint: Names commonly chosen instead of 'master' are 'main', 'trunk' and
release	UNKNOWN STEP	2025-10-27T20:23:35.8497426Z hint: 'development'. The just-created branch can be renamed via this command:
release	UNKNOWN STEP	2025-10-27T20:23:35.8498154Z hint:
release	UNKNOWN STEP	2025-10-27T20:23:35.8498525Z hint: 	git branch -m <name>
release	UNKNOWN STEP	2025-10-27T20:23:35.8498972Z hint:
release	UNKNOWN STEP	2025-10-27T20:23:35.8499560Z hint: Disable this message with "git config set advice.defaultBranchName false"
release	UNKNOWN STEP	2025-10-27T20:23:35.8501222Z Initialized empty Git repository in /home/runner/work/gemini-cli/gemini-cli/.git/
release	UNKNOWN STEP	2025-10-27T20:23:35.8505726Z [command]/usr/bin/git remote add origin https://github.com/hebenezer-m/gemini-cli
release	UNKNOWN STEP	2025-10-27T20:23:35.8548007Z ##[endgroup]
release	UNKNOWN STEP	2025-10-27T20:23:35.8549195Z ##[group]Disabling automatic garbage collection
release	UNKNOWN STEP	2025-10-27T20:23:35.8552876Z [command]/usr/bin/git config --local gc.auto 0
release	UNKNOWN STEP	2025-10-27T20:23:35.8581608Z ##[endgroup]
release	UNKNOWN STEP	2025-10-27T20:23:35.8582254Z ##[group]Setting up auth
release	UNKNOWN STEP	2025-10-27T20:23:35.8588648Z [command]/usr/bin/git config --local --name-only --get-regexp core\.sshCommand
release	UNKNOWN STEP	2025-10-27T20:23:35.8621417Z [command]/usr/bin/git submodule foreach --recursive sh -c "git config --local --name-only --get-regexp 'core\.sshCommand' && git config --local --unset-all 'core.sshCommand' || :"
release	UNKNOWN STEP	2025-10-27T20:23:35.8964616Z [command]/usr/bin/git config --local --name-only --get-regexp http\.https\:\/\/github\.com\/\.extraheader
release	UNKNOWN STEP	2025-10-27T20:23:35.8997110Z [command]/usr/bin/git submodule foreach --recursive sh -c "git config --local --name-only --get-regexp 'http\.https\:\/\/github\.com\/\.extraheader' && git config --local --unset-all 'http.https://github.com/.extraheader' || :"
release	UNKNOWN STEP	2025-10-27T20:23:35.9231418Z [command]/usr/bin/git config --local http.https://github.com/.extraheader AUTHORIZATION: basic ***
release	UNKNOWN STEP	2025-10-27T20:23:35.9270622Z ##[endgroup]
release	UNKNOWN STEP	2025-10-27T20:23:35.9271829Z ##[group]Fetching the repository
release	UNKNOWN STEP	2025-10-27T20:23:35.9281064Z [command]/usr/bin/git -c protocol.version=2 fetch --prune --no-recurse-submodules origin +refs/heads/*:refs/remotes/origin/* +refs/tags/*:refs/tags/*
release	UNKNOWN STEP	2025-10-27T20:23:37.3831359Z From https://github.com/hebenezer-m/gemini-cli
release	UNKNOWN STEP	2025-10-27T20:23:37.3833157Z  * [new branch]        It's-OK                -> origin/It's-OK
release	UNKNOWN STEP	2025-10-27T20:23:37.3834455Z  * [new branch]        backup-minhas-modificacoes -> origin/backup-minhas-modificacoes
release	UNKNOWN STEP	2025-10-27T20:23:37.3835937Z  * [new branch]        docs-github-mcp-pat-final-fix -> origin/docs-github-mcp-pat-final-fix
release	UNKNOWN STEP	2025-10-27T20:23:37.3837273Z  * [new branch]        fix-github-mcp-env     -> origin/fix-github-mcp-env
release	UNKNOWN STEP	2025-10-27T20:23:37.3838437Z  * [new branch]        fix/docker-build-issue -> origin/fix/docker-build-issue
release	UNKNOWN STEP	2025-10-27T20:23:37.3839698Z  * [new branch]        local-ci-enhancements  -> origin/local-ci-enhancements
release	UNKNOWN STEP	2025-10-27T20:23:37.3841136Z  * [new branch]        main                   -> origin/main
release	UNKNOWN STEP	2025-10-27T20:23:37.3880798Z [command]/usr/bin/git branch --list --remote origin/main
release	UNKNOWN STEP	2025-10-27T20:23:37.3905666Z   origin/main
release	UNKNOWN STEP	2025-10-27T20:23:37.3914992Z [command]/usr/bin/git rev-parse refs/remotes/origin/main
release	UNKNOWN STEP	2025-10-27T20:23:37.3936955Z 4b6f5214f7f3107ed2b890ecb895e09d80dc3716
release	UNKNOWN STEP	2025-10-27T20:23:37.3943202Z ##[endgroup]
release	UNKNOWN STEP	2025-10-27T20:23:37.3945024Z ##[group]Determining the checkout info
release	UNKNOWN STEP	2025-10-27T20:23:37.3946640Z ##[endgroup]
release	UNKNOWN STEP	2025-10-27T20:23:37.3947890Z [command]/usr/bin/git sparse-checkout disable
release	UNKNOWN STEP	2025-10-27T20:23:37.3987789Z [command]/usr/bin/git config --local --unset-all extensions.worktreeConfig
release	UNKNOWN STEP	2025-10-27T20:23:37.4014503Z ##[group]Checking out the ref
release	UNKNOWN STEP	2025-10-27T20:23:37.4017547Z [command]/usr/bin/git checkout --progress --force -B main refs/remotes/origin/main
release	UNKNOWN STEP	2025-10-27T20:23:37.4999495Z Switched to a new branch 'main'
release	UNKNOWN STEP	2025-10-27T20:23:37.5001540Z branch 'main' set up to track 'origin/main'.
release	UNKNOWN STEP	2025-10-27T20:23:37.5016609Z ##[endgroup]
release	UNKNOWN STEP	2025-10-27T20:23:37.5056666Z [command]/usr/bin/git log -1 --format=%H
release	UNKNOWN STEP	2025-10-27T20:23:37.5081650Z 4b6f5214f7f3107ed2b890ecb895e09d80dc3716
release	UNKNOWN STEP	2025-10-27T20:23:37.5391260Z ##[group]Run actions/checkout@08c6903cd8c0fde910a37f88322edcfb5dd907a8
release	UNKNOWN STEP	2025-10-27T20:23:37.5392763Z with:
release	UNKNOWN STEP	2025-10-27T20:23:37.5393480Z   path: release
release	UNKNOWN STEP	2025-10-27T20:23:37.5394234Z   fetch-depth: 0
release	UNKNOWN STEP	2025-10-27T20:23:37.5395059Z   repository: hebenezer-m/gemini-cli
release	UNKNOWN STEP	2025-10-27T20:23:37.5396388Z   token: ***
release	UNKNOWN STEP	2025-10-27T20:23:37.5397150Z   ssh-strict: true
release	UNKNOWN STEP	2025-10-27T20:23:37.5397928Z   ssh-user: git
release	UNKNOWN STEP	2025-10-27T20:23:37.5398725Z   persist-credentials: true
release	UNKNOWN STEP	2025-10-27T20:23:37.5399631Z   clean: true
release	UNKNOWN STEP	2025-10-27T20:23:37.5400616Z   sparse-checkout-cone-mode: true
release	UNKNOWN STEP	2025-10-27T20:23:37.5401604Z   fetch-tags: false
release	UNKNOWN STEP	2025-10-27T20:23:37.5402377Z   show-progress: true
release	UNKNOWN STEP	2025-10-27T20:23:37.5403165Z   lfs: false
release	UNKNOWN STEP	2025-10-27T20:23:37.5403867Z   submodules: false
release	UNKNOWN STEP	2025-10-27T20:23:37.5404658Z   set-safe-directory: true
release	UNKNOWN STEP	2025-10-27T20:23:37.5405502Z ##[endgroup]
release	UNKNOWN STEP	2025-10-27T20:23:37.6192974Z Syncing repository: hebenezer-m/gemini-cli
release	UNKNOWN STEP	2025-10-27T20:23:37.6199236Z ##[group]Getting Git version info
release	UNKNOWN STEP	2025-10-27T20:23:37.6200985Z Working directory is '/home/runner/work/gemini-cli/gemini-cli/release'
release	UNKNOWN STEP	2025-10-27T20:23:37.6232538Z [command]/usr/bin/git version
release	UNKNOWN STEP	2025-10-27T20:23:37.6269735Z git version 2.51.0
release	UNKNOWN STEP	2025-10-27T20:23:37.6291264Z ##[endgroup]
release	UNKNOWN STEP	2025-10-27T20:23:37.6304676Z Temporarily overriding HOME='/home/runner/work/_temp/14a680b0-38c2-4f9a-b433-8f7d24a79368' before making global git config changes
release	UNKNOWN STEP	2025-10-27T20:23:37.6308427Z Adding repository directory to the temporary git global config as a safe directory
release	UNKNOWN STEP	2025-10-27T20:23:37.6311035Z [command]/usr/bin/git config --global --add safe.directory /home/runner/work/gemini-cli/gemini-cli/release
release	UNKNOWN STEP	2025-10-27T20:23:37.6342835Z ##[group]Initializing the repository
release	UNKNOWN STEP	2025-10-27T20:23:37.6348376Z [command]/usr/bin/git init /home/runner/work/gemini-cli/gemini-cli/release
release	UNKNOWN STEP	2025-10-27T20:23:37.6387340Z hint: Using 'master' as the name for the initial branch. This default branch name
release	UNKNOWN STEP	2025-10-27T20:23:37.6390283Z hint: is subject to change. To configure the initial branch name to use in all
release	UNKNOWN STEP	2025-10-27T20:23:37.6392787Z hint: of your new repositories, which will suppress this warning, call:
release	UNKNOWN STEP	2025-10-27T20:23:37.6394645Z hint:
release	UNKNOWN STEP	2025-10-27T20:23:37.6395545Z hint: 	git config --global init.defaultBranch <name>
release	UNKNOWN STEP	2025-10-27T20:23:37.6396778Z hint:
release	UNKNOWN STEP	2025-10-27T20:23:37.6398465Z hint: Names commonly chosen instead of 'master' are 'main', 'trunk' and
release	UNKNOWN STEP	2025-10-27T20:23:37.6400679Z hint: 'development'. The just-created branch can be renamed via this command:
release	UNKNOWN STEP	2025-10-27T20:23:37.6402138Z hint:
release	UNKNOWN STEP	2025-10-27T20:23:37.6402801Z hint: 	git branch -m <name>
release	UNKNOWN STEP	2025-10-27T20:23:37.6403614Z hint:
release	UNKNOWN STEP	2025-10-27T20:23:37.6404780Z hint: Disable this message with "git config set advice.defaultBranchName false"
release	UNKNOWN STEP	2025-10-27T20:23:37.6406951Z Initialized empty Git repository in /home/runner/work/gemini-cli/gemini-cli/release/.git/
release	UNKNOWN STEP	2025-10-27T20:23:37.6410708Z [command]/usr/bin/git remote add origin https://github.com/hebenezer-m/gemini-cli
release	UNKNOWN STEP	2025-10-27T20:23:37.6434933Z ##[endgroup]
release	UNKNOWN STEP	2025-10-27T20:23:37.6437172Z ##[group]Disabling automatic garbage collection
release	UNKNOWN STEP	2025-10-27T20:23:37.6439135Z [command]/usr/bin/git config --local gc.auto 0
release	UNKNOWN STEP	2025-10-27T20:23:37.6466460Z ##[endgroup]
release	UNKNOWN STEP	2025-10-27T20:23:37.6468606Z ##[group]Setting up auth
release	UNKNOWN STEP	2025-10-27T20:23:37.6474126Z [command]/usr/bin/git config --local --name-only --get-regexp core\.sshCommand
release	UNKNOWN STEP	2025-10-27T20:23:37.6506710Z [command]/usr/bin/git submodule foreach --recursive sh -c "git config --local --name-only --get-regexp 'core\.sshCommand' && git config --local --unset-all 'core.sshCommand' || :"
release	UNKNOWN STEP	2025-10-27T20:23:37.6731816Z [command]/usr/bin/git config --local --name-only --get-regexp http\.https\:\/\/github\.com\/\.extraheader
release	UNKNOWN STEP	2025-10-27T20:23:37.6763255Z [command]/usr/bin/git submodule foreach --recursive sh -c "git config --local --name-only --get-regexp 'http\.https\:\/\/github\.com\/\.extraheader' && git config --local --unset-all 'http.https://github.com/.extraheader' || :"
release	UNKNOWN STEP	2025-10-27T20:23:37.6994043Z [command]/usr/bin/git config --local http.https://github.com/.extraheader AUTHORIZATION: basic ***
release	UNKNOWN STEP	2025-10-27T20:23:37.7030323Z ##[endgroup]
release	UNKNOWN STEP	2025-10-27T20:23:37.7032612Z ##[group]Fetching the repository
release	UNKNOWN STEP	2025-10-27T20:23:37.7041891Z [command]/usr/bin/git -c protocol.version=2 fetch --prune --no-recurse-submodules origin +refs/heads/*:refs/remotes/origin/* +refs/tags/*:refs/tags/*
release	UNKNOWN STEP	2025-10-27T20:23:40.3771535Z From https://github.com/hebenezer-m/gemini-cli
release	UNKNOWN STEP	2025-10-27T20:23:40.3772668Z  * [new branch]        It's-OK                -> origin/It's-OK
release	UNKNOWN STEP	2025-10-27T20:23:40.3773777Z  * [new branch]        backup-minhas-modificacoes -> origin/backup-minhas-modificacoes
release	UNKNOWN STEP	2025-10-27T20:23:40.3775105Z  * [new branch]        docs-github-mcp-pat-final-fix -> origin/docs-github-mcp-pat-final-fix
release	UNKNOWN STEP	2025-10-27T20:23:40.3776213Z  * [new branch]        fix-github-mcp-env     -> origin/fix-github-mcp-env
release	UNKNOWN STEP	2025-10-27T20:23:40.3777048Z  * [new branch]        fix/docker-build-issue -> origin/fix/docker-build-issue
release	UNKNOWN STEP	2025-10-27T20:23:40.3778047Z  * [new branch]        local-ci-enhancements  -> origin/local-ci-enhancements
release	UNKNOWN STEP	2025-10-27T20:23:40.3778854Z  * [new branch]        main                   -> origin/main
release	UNKNOWN STEP	2025-10-27T20:23:40.3823979Z [command]/usr/bin/git branch --list --remote origin/main
release	UNKNOWN STEP	2025-10-27T20:23:40.3851678Z   origin/main
release	UNKNOWN STEP	2025-10-27T20:23:40.3863037Z [command]/usr/bin/git rev-parse refs/remotes/origin/main
release	UNKNOWN STEP	2025-10-27T20:23:40.3886200Z 4b6f5214f7f3107ed2b890ecb895e09d80dc3716
release	UNKNOWN STEP	2025-10-27T20:23:40.3891661Z ##[endgroup]
release	UNKNOWN STEP	2025-10-27T20:23:40.3892750Z ##[group]Determining the checkout info
release	UNKNOWN STEP	2025-10-27T20:23:40.3893707Z ##[endgroup]
release	UNKNOWN STEP	2025-10-27T20:23:40.3898321Z [command]/usr/bin/git sparse-checkout disable
release	UNKNOWN STEP	2025-10-27T20:23:40.3937121Z [command]/usr/bin/git config --local --unset-all extensions.worktreeConfig
release	UNKNOWN STEP	2025-10-27T20:23:40.3966047Z ##[group]Checking out the ref
release	UNKNOWN STEP	2025-10-27T20:23:40.3970711Z [command]/usr/bin/git checkout --progress --force -B main refs/remotes/origin/main
release	UNKNOWN STEP	2025-10-27T20:23:40.5015927Z Switched to a new branch 'main'
release	UNKNOWN STEP	2025-10-27T20:23:40.5017265Z branch 'main' set up to track 'origin/main'.
release	UNKNOWN STEP	2025-10-27T20:23:40.5064578Z ##[endgroup]
release	UNKNOWN STEP	2025-10-27T20:23:40.5107413Z [command]/usr/bin/git log -1 --format=%H
release	UNKNOWN STEP	2025-10-27T20:23:40.5141770Z 4b6f5214f7f3107ed2b890ecb895e09d80dc3716
release	UNKNOWN STEP	2025-10-27T20:23:40.5392884Z ##[group]Run actions/setup-node@49933ea5288caeca8642d1e84afbd3f7d6820020
release	UNKNOWN STEP	2025-10-27T20:23:40.5393289Z with:
release	UNKNOWN STEP	2025-10-27T20:23:40.5393497Z   node-version-file: ./release/.nvmrc
release	UNKNOWN STEP	2025-10-27T20:23:40.5393736Z   cache: npm
release	UNKNOWN STEP	2025-10-27T20:23:40.5393937Z   always-auth: false
release	UNKNOWN STEP	2025-10-27T20:23:40.5394155Z   check-latest: false
release	UNKNOWN STEP	2025-10-27T20:23:40.5394516Z   token: ***
release	UNKNOWN STEP	2025-10-27T20:23:40.5394699Z ##[endgroup]
release	UNKNOWN STEP	2025-10-27T20:23:40.7107799Z Resolved ./release/.nvmrc as 20
release	UNKNOWN STEP	2025-10-27T20:23:40.7179582Z Found in cache @ /opt/hostedtoolcache/node/20.19.5/x64
release	UNKNOWN STEP	2025-10-27T20:23:40.7185995Z ##[group]Environment details
release	UNKNOWN STEP	2025-10-27T20:23:41.2190480Z node: v20.19.5
release	UNKNOWN STEP	2025-10-27T20:23:41.2190956Z npm: 10.8.2
release	UNKNOWN STEP	2025-10-27T20:23:41.2191311Z yarn: 1.22.22
release	UNKNOWN STEP	2025-10-27T20:23:41.2192085Z ##[endgroup]
release	UNKNOWN STEP	2025-10-27T20:23:41.2216044Z [command]/opt/hostedtoolcache/node/20.19.5/x64/bin/npm config get cache
release	UNKNOWN STEP	2025-10-27T20:23:41.3749100Z /home/runner/.npm
release	UNKNOWN STEP	2025-10-27T20:23:41.5075743Z npm cache is not found
release	UNKNOWN STEP	2025-10-27T20:23:41.5187175Z ##[group]Run npm ci
release	UNKNOWN STEP	2025-10-27T20:23:41.5187458Z [36;1mnpm ci[0m
release	UNKNOWN STEP	2025-10-27T20:23:41.5229744Z shell: /usr/bin/bash -e {0}
release	UNKNOWN STEP	2025-10-27T20:23:41.5230174Z ##[endgroup]
release	UNKNOWN STEP	2025-10-27T20:24:01.9694954Z 
release	UNKNOWN STEP	2025-10-27T20:24:01.9701120Z > @google/gemini-cli@0.12.0-nightly.20251022.0542de95 prepare
release	UNKNOWN STEP	2025-10-27T20:24:01.9701586Z > husky && npm run bundle
release	UNKNOWN STEP	2025-10-27T20:24:01.9701764Z 
release	UNKNOWN STEP	2025-10-27T20:24:02.1379571Z 
release	UNKNOWN STEP	2025-10-27T20:24:02.1380398Z > @google/gemini-cli@0.12.0-nightly.20251022.0542de95 bundle
release	UNKNOWN STEP	2025-10-27T20:24:02.1381034Z > npm run generate && node esbuild.config.js && node scripts/copy_bundle_assets.js
release	UNKNOWN STEP	2025-10-27T20:24:02.1381335Z 
release	UNKNOWN STEP	2025-10-27T20:24:02.2700281Z 
release	UNKNOWN STEP	2025-10-27T20:24:02.2701434Z > @google/gemini-cli@0.12.0-nightly.20251022.0542de95 generate
release	UNKNOWN STEP	2025-10-27T20:24:02.2710754Z > node scripts/generate-git-commit-info.js
release	UNKNOWN STEP	2025-10-27T20:24:02.2711012Z 
release	UNKNOWN STEP	2025-10-27T20:24:04.2420995Z Assets copied to bundle/
release	UNKNOWN STEP	2025-10-27T20:24:04.2701864Z 
release	UNKNOWN STEP	2025-10-27T20:24:04.2702894Z added 1303 packages, and audited 1309 packages in 23s
release	UNKNOWN STEP	2025-10-27T20:24:04.2703289Z 
release	UNKNOWN STEP	2025-10-27T20:24:04.2703557Z 334 packages are looking for funding
release	UNKNOWN STEP	2025-10-27T20:24:04.2704013Z   run `npm fund` for details
release	UNKNOWN STEP	2025-10-27T20:24:04.2718480Z 
release	UNKNOWN STEP	2025-10-27T20:24:04.2718811Z found 0 vulnerabilities
release	UNKNOWN STEP	2025-10-27T20:24:04.3123905Z ##[group]Run echo "$JSON_INPUTS"
release	UNKNOWN STEP	2025-10-27T20:24:04.3124219Z [36;1mecho "$JSON_INPUTS"[0m
release	UNKNOWN STEP	2025-10-27T20:24:04.3162118Z shell: /usr/bin/bash --noprofile --norc -e -o pipefail {0}
release	UNKNOWN STEP	2025-10-27T20:24:04.3162455Z env:
release	UNKNOWN STEP	2025-10-27T20:24:04.3162625Z   JSON_INPUTS: null
release	UNKNOWN STEP	2025-10-27T20:24:04.3162811Z ##[endgroup]
release	UNKNOWN STEP	2025-10-27T20:24:04.3226941Z null
release	UNKNOWN STEP	2025-10-27T20:24:04.3344839Z Prepare all required actions
release	UNKNOWN STEP	2025-10-27T20:24:04.3381756Z ##[group]Run ./.github/actions/calculate-vars
release	UNKNOWN STEP	2025-10-27T20:24:04.3382048Z with:
release	UNKNOWN STEP	2025-10-27T20:24:04.3382218Z ##[endgroup]
release	UNKNOWN STEP	2025-10-27T20:24:04.3474448Z ##[group]Run echo "$JSON_INPUTS"
release	UNKNOWN STEP	2025-10-27T20:24:04.3474706Z [36;1mecho "$JSON_INPUTS"[0m
release	UNKNOWN STEP	2025-10-27T20:24:04.3508451Z shell: /usr/bin/bash --noprofile --norc -e -o pipefail {0}
release	UNKNOWN STEP	2025-10-27T20:24:04.3508767Z env:
release	UNKNOWN STEP	2025-10-27T20:24:04.3508943Z   JSON_INPUTS: {
release	UNKNOWN STEP	  "dry_run": ""
release	UNKNOWN STEP	}
release	UNKNOWN STEP	2025-10-27T20:24:04.3509170Z ##[endgroup]
release	UNKNOWN STEP	2025-10-27T20:24:04.3567475Z {
release	UNKNOWN STEP	2025-10-27T20:24:04.3568220Z   "dry_run": ""
release	UNKNOWN STEP	2025-10-27T20:24:04.3568612Z }
release	UNKNOWN STEP	2025-10-27T20:24:04.3593544Z ##[group]Run is_dry_run="true"
release	UNKNOWN STEP	2025-10-27T20:24:04.3593803Z [36;1mis_dry_run="true"[0m
release	UNKNOWN STEP	2025-10-27T20:24:04.3594109Z [36;1mif [[ "${DRY_RUN_INPUT}" == "" || "${DRY_RUN_INPUT}" == "false" ]]; then[0m
release	UNKNOWN STEP	2025-10-27T20:24:04.3594445Z [36;1m  is_dry_run="false"[0m
release	UNKNOWN STEP	2025-10-27T20:24:04.3594647Z [36;1mfi[0m
release	UNKNOWN STEP	2025-10-27T20:24:04.3594915Z [36;1mecho "is_dry_run=${is_dry_run}" >> "${GITHUB_OUTPUT}"[0m
release	UNKNOWN STEP	2025-10-27T20:24:04.3627950Z shell: /usr/bin/bash --noprofile --norc -e -o pipefail {0}
release	UNKNOWN STEP	2025-10-27T20:24:04.3628286Z env:
release	UNKNOWN STEP	2025-10-27T20:24:04.3628454Z   DRY_RUN_INPUT: 
release	UNKNOWN STEP	2025-10-27T20:24:04.3628631Z ##[endgroup]
release	UNKNOWN STEP	2025-10-27T20:24:04.3754496Z ##[group]Run echo "$JSON_VARS"
release	UNKNOWN STEP	2025-10-27T20:24:04.3754778Z [36;1mecho "$JSON_VARS"[0m
release	UNKNOWN STEP	2025-10-27T20:24:04.3789087Z shell: /usr/bin/bash --noprofile --norc -e -o pipefail {0}
release	UNKNOWN STEP	2025-10-27T20:24:04.3789407Z env:
release	UNKNOWN STEP	2025-10-27T20:24:04.3789597Z   JSON_VARS: {
release	UNKNOWN STEP	  "is_dry_run": "false"
release	UNKNOWN STEP	}
release	UNKNOWN STEP	2025-10-27T20:24:04.3790070Z ##[endgroup]
release	UNKNOWN STEP	2025-10-27T20:24:04.3847802Z {
release	UNKNOWN STEP	2025-10-27T20:24:04.3848039Z   "is_dry_run": "false"
release	UNKNOWN STEP	2025-10-27T20:24:04.3848254Z }
release	UNKNOWN STEP	2025-10-27T20:24:04.3882638Z Prepare all required actions
release	UNKNOWN STEP	2025-10-27T20:24:04.3911063Z ##[group]Run ./.github/actions/run-tests
release	UNKNOWN STEP	2025-10-27T20:24:04.3911309Z with:
release	UNKNOWN STEP	2025-10-27T20:24:04.3911493Z   working-directory: ./release
release	UNKNOWN STEP	2025-10-27T20:24:04.3911701Z ##[endgroup]
release	UNKNOWN STEP	2025-10-27T20:24:04.3925459Z ##[group]Run echo "$JSON_INPUTS"
release	UNKNOWN STEP	2025-10-27T20:24:04.3925708Z [36;1mecho "$JSON_INPUTS"[0m
release	UNKNOWN STEP	2025-10-27T20:24:04.3960214Z shell: /usr/bin/bash --noprofile --norc -e -o pipefail {0}
release	UNKNOWN STEP	2025-10-27T20:24:04.3960524Z env:
release	UNKNOWN STEP	2025-10-27T20:24:04.3960789Z   JSON_INPUTS: {
release	UNKNOWN STEP	  "gemini_api_key": "",
release	UNKNOWN STEP	  "working-directory": "./release"
release	UNKNOWN STEP	}
release	UNKNOWN STEP	2025-10-27T20:24:04.3961109Z ##[endgroup]
release	UNKNOWN STEP	2025-10-27T20:24:04.4016660Z {
release	UNKNOWN STEP	2025-10-27T20:24:04.4017034Z   "gemini_api_key": "",
release	UNKNOWN STEP	2025-10-27T20:24:04.4017472Z   "working-directory": "./release"
release	UNKNOWN STEP	2025-10-27T20:24:04.4017897Z }
release	UNKNOWN STEP	2025-10-27T20:24:04.4036656Z ##[group]Run echo "::group::Build"
release	UNKNOWN STEP	2025-10-27T20:24:04.4036930Z [36;1mecho "::group::Build"[0m
release	UNKNOWN STEP	2025-10-27T20:24:04.4037141Z [36;1mnpm run build[0m
release	UNKNOWN STEP	2025-10-27T20:24:04.4037384Z [36;1mecho "::endgroup::"[0m
release	UNKNOWN STEP	2025-10-27T20:24:04.4037604Z [36;1mecho "::group::Unit Tests"[0m
release	UNKNOWN STEP	2025-10-27T20:24:04.4037838Z [36;1mnpm run test:ci[0m
release	UNKNOWN STEP	2025-10-27T20:24:04.4038059Z [36;1mecho "::endgroup::"[0m
release	UNKNOWN STEP	2025-10-27T20:24:04.4038393Z [36;1mecho "::group::Integration Tests (no sandbox)"[0m
release	UNKNOWN STEP	2025-10-27T20:24:04.4038701Z [36;1mnpm run test:integration:sandbox:none[0m
release	UNKNOWN STEP	2025-10-27T20:24:04.4039145Z [36;1mecho "::endgroup::"[0m
release	UNKNOWN STEP	2025-10-27T20:24:04.4039406Z [36;1mecho "::group::Integration Tests (docker sandbox)"[0m
release	UNKNOWN STEP	2025-10-27T20:24:04.4039717Z [36;1mnpm run test:integration:sandbox:docker[0m
release	UNKNOWN STEP	2025-10-27T20:24:04.4040261Z [36;1mecho "::endgroup::"[0m
release	UNKNOWN STEP	2025-10-27T20:24:04.4073311Z shell: /usr/bin/bash --noprofile --norc -e -o pipefail {0}
release	UNKNOWN STEP	2025-10-27T20:24:04.4073620Z env:
release	UNKNOWN STEP	2025-10-27T20:24:04.4073791Z   GEMINI_API_KEY: 
release	UNKNOWN STEP	2025-10-27T20:24:04.4073965Z ##[endgroup]
release	UNKNOWN STEP	2025-10-27T20:24:04.4152625Z ##[group]Build
release	UNKNOWN STEP	2025-10-27T20:24:04.5467690Z 
release	UNKNOWN STEP	2025-10-27T20:24:04.5468521Z > @google/gemini-cli@0.12.0-nightly.20251022.0542de95 build
release	UNKNOWN STEP	2025-10-27T20:24:04.5469168Z > node scripts/build.js
release	UNKNOWN STEP	2025-10-27T20:24:04.5469404Z 
release	UNKNOWN STEP	2025-10-27T20:24:04.7176929Z 
release	UNKNOWN STEP	2025-10-27T20:24:04.7177716Z > @google/gemini-cli@0.12.0-nightly.20251022.0542de95 generate
release	UNKNOWN STEP	2025-10-27T20:24:04.7178511Z > node scripts/generate-git-commit-info.js
release	UNKNOWN STEP	2025-10-27T20:24:04.7178917Z 
release	UNKNOWN STEP	2025-10-27T20:24:04.9608573Z 
release	UNKNOWN STEP	2025-10-27T20:24:04.9609345Z > @google/gemini-cli-a2a-server@0.12.0-nightly.20251022.0542de95 build
release	UNKNOWN STEP	2025-10-27T20:24:04.9610021Z > node ../../scripts/build_package.js
release	UNKNOWN STEP	2025-10-27T20:24:04.9610221Z 
release	UNKNOWN STEP	2025-10-27T20:24:11.3965477Z Successfully copied files.
release	UNKNOWN STEP	2025-10-27T20:24:11.4046266Z 
release	UNKNOWN STEP	2025-10-27T20:24:11.4047040Z > @google/gemini-cli@0.12.0-nightly.20251022.0542de95 build
release	UNKNOWN STEP	2025-10-27T20:24:11.4047769Z > node ../../scripts/build_package.js
release	UNKNOWN STEP	2025-10-27T20:24:11.4048069Z 
release	UNKNOWN STEP	2025-10-27T20:24:33.2764032Z Successfully copied files.
release	UNKNOWN STEP	2025-10-27T20:24:33.2843334Z 
release	UNKNOWN STEP	2025-10-27T20:24:33.2844050Z > @google/gemini-cli-core@0.12.0-nightly.20251022.0542de95 build
release	UNKNOWN STEP	2025-10-27T20:24:33.2844945Z > node ../../scripts/build_package.js
release	UNKNOWN STEP	2025-10-27T20:24:33.2845254Z 
release	UNKNOWN STEP	2025-10-27T20:24:33.5990434Z Successfully copied files.
release	UNKNOWN STEP	2025-10-27T20:24:33.6068345Z 
release	UNKNOWN STEP	2025-10-27T20:24:33.6069143Z > @google/gemini-cli-test-utils@0.12.0-nightly.20251022.0542de95 build
release	UNKNOWN STEP	2025-10-27T20:24:33.6070120Z > node ../../scripts/build_package.js
release	UNKNOWN STEP	2025-10-27T20:24:33.6070483Z 
release	UNKNOWN STEP	2025-10-27T20:24:34.8371239Z Successfully copied files.
release	UNKNOWN STEP	2025-10-27T20:24:34.8447922Z 
release	UNKNOWN STEP	2025-10-27T20:24:34.8448649Z > gemini-cli-vscode-ide-companion@0.12.0-nightly.20251022.0542de95 build
release	UNKNOWN STEP	2025-10-27T20:24:34.8449376Z > npm run build:dev
release	UNKNOWN STEP	2025-10-27T20:24:34.8449594Z 
release	UNKNOWN STEP	2025-10-27T20:24:34.9793401Z 
release	UNKNOWN STEP	2025-10-27T20:24:34.9794497Z > gemini-cli-vscode-ide-companion@0.12.0-nightly.20251022.0542de95 build:dev
release	UNKNOWN STEP	2025-10-27T20:24:34.9795444Z > npm run check-types && npm run lint && node esbuild.js
release	UNKNOWN STEP	2025-10-27T20:24:34.9795821Z 
release	UNKNOWN STEP	2025-10-27T20:24:35.1146377Z 
release	UNKNOWN STEP	2025-10-27T20:24:35.1147805Z > gemini-cli-vscode-ide-companion@0.12.0-nightly.20251022.0542de95 check-types
release	UNKNOWN STEP	2025-10-27T20:24:35.1148688Z > tsc --noEmit
release	UNKNOWN STEP	2025-10-27T20:24:35.1148926Z 
release	UNKNOWN STEP	2025-10-27T20:24:38.0253128Z 
release	UNKNOWN STEP	2025-10-27T20:24:38.0253893Z > gemini-cli-vscode-ide-companion@0.12.0-nightly.20251022.0542de95 lint
release	UNKNOWN STEP	2025-10-27T20:24:38.0254357Z > eslint src
release	UNKNOWN STEP	2025-10-27T20:24:38.0254478Z 
release	UNKNOWN STEP	2025-10-27T20:24:39.3021902Z [watch] build started
release	UNKNOWN STEP	2025-10-27T20:24:39.4200176Z [watch] build finished
release	UNKNOWN STEP	2025-10-27T20:24:40.4757980Z ##[endgroup]
release	UNKNOWN STEP	2025-10-27T20:24:40.4758419Z ##[group]Unit Tests
release	UNKNOWN STEP	2025-10-27T20:24:40.6051722Z 
release	UNKNOWN STEP	2025-10-27T20:24:40.6052493Z > @google/gemini-cli@0.12.0-nightly.20251022.0542de95 test:ci
release	UNKNOWN STEP	2025-10-27T20:24:40.6053333Z > npm run test:ci --workspaces --if-present && npm run test:scripts
release	UNKNOWN STEP	2025-10-27T20:24:40.6053753Z 
release	UNKNOWN STEP	2025-10-27T20:24:40.7464715Z 
release	UNKNOWN STEP	2025-10-27T20:24:40.7465642Z > @google/gemini-cli-a2a-server@0.12.0-nightly.20251022.0542de95 test:ci
release	UNKNOWN STEP	2025-10-27T20:24:40.7466395Z > vitest run --coverage
release	UNKNOWN STEP	2025-10-27T20:24:40.7466644Z 
release	UNKNOWN STEP	2025-10-27T20:24:41.1806844Z 
release	UNKNOWN STEP	2025-10-27T20:24:41.1809186Z [1m[46m RUN [49m[22m [36mv3.2.4 [39m[90m/home/runner/work/gemini-cli/gemini-cli/release/packages/a2a-server[39m
release	UNKNOWN STEP	2025-10-27T20:24:41.1810571Z       [2mCoverage enabled with [22m[33mv8[39m
release	UNKNOWN STEP	2025-10-27T20:24:41.1810935Z 
release	UNKNOWN STEP	2025-10-27T20:24:42.6446459Z  [32mâœ“[39m src/persistence/gcs.test.ts [2m([22m[2m12 tests[22m[2m)[22m[32m 47[2mms[22m[39m
release	UNKNOWN STEP	2025-10-27T20:24:45.4245298Z  [32mâœ“[39m src/http/endpoints.test.ts [2m([22m[2m5 tests[22m[2m)[22m[32m 75[2mms[22m[39m
release	UNKNOWN STEP	2025-10-27T20:24:45.4367578Z  [32mâœ“[39m src/agent/task.test.ts [2m([22m[2m2 tests[22m[2m)[22m[32m 24[2mms[22m[39m
release	UNKNOWN STEP	2025-10-27T20:24:45.8541987Z  [32mâœ“[39m src/http/app.test.ts [2m([22m[2m10 tests[22m[2m)[22m[32m 134[2mms[22m[39m
release	UNKNOWN STEP	2025-10-27T20:24:46.3451080Z  [32mâœ“[39m src/commands/command-registry.test.ts [2m([22m[2m3 tests[22m[2m)[22m[32m 11[2mms[22m[39m
release	UNKNOWN STEP	2025-10-27T20:24:47.6016315Z  [32mâœ“[39m src/commands/list-extensions.test.ts [2m([22m[2m2 tests[22m[2m)[22m[32m 5[2mms[22m[39m
release	UNKNOWN STEP	2025-10-27T20:24:47.9196465Z 
release	UNKNOWN STEP	2025-10-27T20:24:47.9200569Z [2m Test Files [22m [1m[32m6 passed[39m[22m[90m (6)[39m
release	UNKNOWN STEP	2025-10-27T20:24:47.9201626Z [2m      Tests [22m [1m[32m34 passed[39m[22m[90m (34)[39m
release	UNKNOWN STEP	2025-10-27T20:24:47.9202315Z [2m   Start at [22m 20:24:41
release	UNKNOWN STEP	2025-10-27T20:24:47.9206447Z [2m   Duration [22m 6.74s[2m (transform 1.48s, setup 0ms, collect 9.78s, tests 295ms, environment 3.54s, prepare 676ms)[22m
release	UNKNOWN STEP	2025-10-27T20:24:47.9207184Z 
release	UNKNOWN STEP	2025-10-27T20:24:47.9424687Z JUNIT report written to /home/runner/work/gemini-cli/gemini-cli/release/packages/a2a-server/junit.xml
release	UNKNOWN STEP	2025-10-27T20:24:47.9435015Z [34m % [39m[2mCoverage report from [22m[33mv8[39m
release	UNKNOWN STEP	2025-10-27T20:24:48.0495892Z 
release	UNKNOWN STEP	2025-10-27T20:24:48.0496631Z > @google/gemini-cli@0.12.0-nightly.20251022.0542de95 test:ci
release	UNKNOWN STEP	2025-10-27T20:24:48.0497056Z > vitest run
release	UNKNOWN STEP	2025-10-27T20:24:48.0497173Z 
release	UNKNOWN STEP	2025-10-27T20:24:48.4764145Z 
release	UNKNOWN STEP	2025-10-27T20:24:48.4766889Z [1m[46m RUN [49m[22m [36mv3.2.4 [39m[90m/home/runner/work/gemini-cli/gemini-cli/release/packages/cli[39m
release	UNKNOWN STEP	2025-10-27T20:24:48.4768016Z       [2mCoverage enabled with [22m[33mv8[39m
release	UNKNOWN STEP	2025-10-27T20:24:48.4768385Z 
release	UNKNOWN STEP	2025-10-27T20:24:52.8447223Z  [32mâœ“[39m src/ui/components/shared/text-buffer.test.ts [2m([22m[2m117 tests[22m[2m)[22m[32m 256[2mms[22m[39m
release	UNKNOWN STEP	2025-10-27T20:24:53.2640998Z  [32mâœ“[39m src/config/extension.test.ts [2m([22m[2m64 tests[22m[2m)[22m[32m 257[2mms[22m[39m
release	UNKNOWN STEP	2025-10-27T20:24:53.2873244Z  [32mâœ“[39m src/ui/hooks/useGeminiStream.test.tsx [2m([22m[2m44 tests[22m[2m)[22m[33m 629[2mms[22m[39m
release	UNKNOWN STEP	2025-10-27T20:24:56.4518654Z  [32mâœ“[39m src/ui/hooks/useToolScheduler.test.ts [2m([22m[2m21 tests[22m[2m)[22m[32m 160[2mms[22m[39m
release	UNKNOWN STEP	2025-10-27T20:24:57.2329216Z  [32mâœ“[39m src/ui/contexts/KeypressContext.test.tsx [2m([22m[2m70 tests[22m[2m)[22m[32m 250[2mms[22m[39m
release	UNKNOWN STEP	2025-10-27T20:24:59.6563234Z  [32mâœ“[39m src/ui/hooks/useSlashCompletion.test.ts [2m([22m[2m21 tests[22m[2m)[22m[33m 372[2mms[22m[39m
release	UNKNOWN STEP	2025-10-27T20:25:00.5007569Z  [32mâœ“[39m src/ui/hooks/useAutoAcceptIndicator.test.ts [2m([22m[2m17 tests[22m[2m)[22m[32m 102[2mms[22m[39m
release	UNKNOWN STEP	2025-10-27T20:25:02.2353943Z  [32mâœ“[39m src/ui/components/SettingsDialog.test.tsx [2m([22m[2m54 tests[22m[2m)[22m[33m 5383[2mms[22m[39m
release	UNKNOWN STEP	2025-10-27T20:25:02.2360764Z    [33m[2mâœ“[22m[39m SettingsDialog[2m > [22mRace Condition Regression Tests[2m > [22mshould not reset sibling settings when toggling a nested setting multiple times [33m 359[2mms[22m[39m
release	UNKNOWN STEP	2025-10-27T20:25:02.2367164Z    [33m[2mâœ“[22m[39m SettingsDialog[2m > [22mString Settings Editing[2m > [22mshould allow editing and committing a string setting [33m 649[2mms[22m[39m
release	UNKNOWN STEP	2025-10-27T20:25:03.4153902Z  [32mâœ“[39m src/ui/components/shared/BaseSelectionList.test.tsx [2m([22m[2m26 tests[22m[2m)[22m[33m 530[2mms[22m[39m
release	UNKNOWN STEP	2025-10-27T20:25:04.9800715Z  [32mâœ“[39m src/ui/hooks/useAtCompletion.test.ts [2m([22m[2m14 tests[22m[2m)[22m[33m 1112[2mms[22m[39m
release	UNKNOWN STEP	2025-10-27T20:25:05.4844052Z  [32mâœ“[39m src/config/extensions/update.test.ts [2m([22m[2m8 tests[22m[2m)[22m[32m 211[2mms[22m[39m
release	UNKNOWN STEP	2025-10-27T20:25:06.2517120Z  [32mâœ“[39m src/ui/hooks/useQuotaAndFallback.test.ts [2m([22m[2m12 tests[22m[2m)[22m[32m 55[2mms[22m[39m
release	UNKNOWN STEP	2025-10-27T20:25:07.9848262Z  [32mâœ“[39m src/ui/hooks/useInputHistoryStore.test.ts [2m([22m[2m14 tests[22m[2m)[22m[32m 78[2mms[22m[39m
release	UNKNOWN STEP	2025-10-27T20:25:09.1601306Z  [32mâœ“[39m src/ui/hooks/useReverseSearchCompletion.test.tsx [2m([22m[2m10 tests[22m[2m)[22m[32m 71[2mms[22m[39m
release	UNKNOWN STEP	2025-10-27T20:25:09.1611585Z  [32mâœ“[39m src/ui/hooks/useInputHistory.test.ts [2m([22m[2m11 tests[22m[2m)[22m[32m 38[2mms[22m[39m
release	UNKNOWN STEP	2025-10-27T20:25:10.0078500Z  [32mâœ“[39m src/ui/hooks/useShellHistory.test.ts [2m([22m[2m7 tests[22m[2m)[22m[33m 573[2mms[22m[39m
release	UNKNOWN STEP	2025-10-27T20:25:10.2171010Z  [32mâœ“[39m src/ui/hooks/usePermissionsModifyTrust.test.ts [2m([22m[2m8 tests[22m[2m)[22m[32m 52[2mms[22m[39m
release	UNKNOWN STEP	2025-10-27T20:25:11.3040925Z  [32mâœ“[39m src/ui/hooks/usePhraseCycler.test.ts [2m([22m[2m9 tests[22m[2m)[22m[32m 58[2mms[22m[39m
release	UNKNOWN STEP	2025-10-27T20:25:12.6095129Z  [32mâœ“[39m src/ui/hooks/useFolderTrust.test.ts [2m([22m[2m11 tests[22m[2m)[22m[32m 67[2mms[22m[39m
release	UNKNOWN STEP	2025-10-27T20:25:13.9182454Z  [32mâœ“[39m src/ui/hooks/useHistoryManager.test.ts [2m([22m[2m8 tests[22m[2m)[22m[32m 50[2mms[22m[39m
release	UNKNOWN STEP	2025-10-27T20:25:13.9535971Z  [32mâœ“[39m src/ui/components/PermissionsModifyTrustDialog.test.tsx [2m([22m[2m7 tests[22m[2m)[22m[32m 256[2mms[22m[39m
release	UNKNOWN STEP	2025-10-27T20:25:14.8639521Z  [32mâœ“[39m src/ui/components/ModelDialog.test.tsx [2m([22m[2m9 tests[22m[2m)[22m[32m 133[2mms[22m[39m
release	UNKNOWN STEP	2025-10-27T20:25:15.7613241Z  [32mâœ“[39m src/ui/hooks/useFlickerDetector.test.ts [2m([22m[2m6 tests[22m[2m)[22m[32m 36[2mms[22m[39m
release	UNKNOWN STEP	2025-10-27T20:25:17.4884942Z  [32mâœ“[39m src/ui/contexts/SessionContext.test.tsx [2m([22m[2m4 tests[22m[2m)[22m[32m 58[2mms[22m[39m
release	UNKNOWN STEP	2025-10-27T20:25:18.6667071Z  [32mâœ“[39m src/ui/hooks/useReactToolScheduler.test.ts [2m([22m[2m1 test[22m[2m)[22m[32m 25[2mms[22m[39m
release	UNKNOWN STEP	2025-10-27T20:25:18.7111953Z  [32mâœ“[39m src/ui/components/FolderTrustDialog.test.tsx [2m([22m[2m8 tests[22m[2m)[22m[32m 300[2mms[22m[39m
release	UNKNOWN STEP	2025-10-27T20:25:21.1530188Z  [32mâœ“[39m src/ui/components/Help.test.tsx [2m([22m[2m2 tests[22m[2m)[22m[32m 155[2mms[22m[39m
release	UNKNOWN STEP	2025-10-27T20:25:22.6912071Z  [32mâœ“[39m src/config/settings.test.ts [2m([22m[2m81 tests[22m[2m)[22m[32m 95[2mms[22m[39m
release	UNKNOWN STEP	2025-10-27T20:25:23.5826501Z  [32mâœ“[39m src/config/config.test.ts [2m([22m[2m147 tests[22m[2m | [22m[33m1 skipped[39m[2m)[22m[33m 834[2mms[22m[39m
release	UNKNOWN STEP	2025-10-27T20:25:25.9005750Z  [32mâœ“[39m src/ui/hooks/vim.test.tsx [2m([22m[2m87 tests[22m[2m)[22m[33m 520[2mms[22m[39m
release	UNKNOWN STEP	2025-10-27T20:25:26.6507862Z  [32mâœ“[39m src/ui/components/InputPrompt.test.tsx [2m([22m[2m97 tests[22m[2m)[22m[33m 2159[2mms[22m[39m
release	UNKNOWN STEP	2025-10-27T20:25:26.8464205Z  [32mâœ“[39m src/utils/sessionCleanup.test.ts [2m([22m[2m70 tests[22m[2m)[22m[32m 83[2mms[22m[39m
release	UNKNOWN STEP	2025-10-27T20:25:29.0242106Z  [32mâœ“[39m src/ui/components/shared/vim-buffer-actions.test.ts [2m([22m[2m74 tests[22m[2m)[22m[32m 38[2mms[22m[39m
release	UNKNOWN STEP	2025-10-27T20:25:29.0882736Z (node:3830) MaxListenersExceededWarning: Possible EventTarget memory leak detected. 11 abort listeners added to [AbortSignal]. MaxListeners is 10. Use events.setMaxListeners() to increase limit
release	UNKNOWN STEP	2025-10-27T20:25:29.0885912Z (Use `node --trace-warnings ...` to show where the warning was created)
release	UNKNOWN STEP	2025-10-27T20:25:29.3627453Z  [32mâœ“[39m src/services/FileCommandLoader.test.ts [2m([22m[2m38 tests[22m[2m)[22m[32m 147[2mms[22m[39m
release	UNKNOWN STEP	2025-10-27T20:25:30.7032297Z  [32mâœ“[39m src/ui/AppContainer.test.tsx [2m([22m[2m41 tests[22m[2m)[22m[33m 551[2mms[22m[39m
release	UNKNOWN STEP	2025-10-27T20:25:31.4165788Z  [32mâœ“[39m src/utils/settingsUtils.test.ts [2m([22m[2m73 tests[22m[2m)[22m[32m 37[2mms[22m[39m
release	UNKNOWN STEP	2025-10-27T20:25:31.7811310Z (node:3877) MaxListenersExceededWarning: Possible EventEmitter memory leak detected. 11 error listeners added to [Socket]. MaxListeners is 10. Use emitter.setMaxListeners() to increase limit
release	UNKNOWN STEP	2025-10-27T20:25:31.7813075Z (Use `node --trace-warnings ...` to show where the warning was created)
release	UNKNOWN STEP	2025-10-27T20:25:31.9557628Z  [32mâœ“[39m src/nonInteractiveCli.test.ts [2m([22m[2m23 tests[22m[2m)[22m[32m 102[2mms[22m[39m
release	UNKNOWN STEP	2025-10-27T20:25:33.5682892Z  [32mâœ“[39m src/ui/hooks/atCommandProcessor.test.ts [2m([22m[2m39 tests[22m[2m)[22m[33m 463[2mms[22m[39m
release	UNKNOWN STEP	2025-10-27T20:25:35.1525474Z  [32mâœ“[39m src/ui/hooks/useSelectionList.test.tsx [2m([22m[2m44 tests[22m[2m)[22m[33m 547[2mms[22m[39m
release	UNKNOWN STEP	2025-10-27T20:25:35.5017694Z  [32mâœ“[39m src/services/prompt-processors/shellProcessor.test.ts [2m([22m[2m33 tests[22m[2m)[22m[32m 55[2mms[22m[39m
release	UNKNOWN STEP	2025-10-27T20:25:36.1887006Z  [32mâœ“[39m src/ui/hooks/slashCommandProcessor.test.tsx [2m([22m[2m35 tests[22m[2m)[22m[33m 2034[2mms[22m[39m
release	UNKNOWN STEP	2025-10-27T20:25:36.4471799Z  [32mâœ“[39m src/ui/hooks/shellCommandProcessor.test.tsx [2m([22m[2m20 tests[22m[2m)[22m[33m 387[2mms[22m[39m
release	UNKNOWN STEP	2025-10-27T20:25:38.0354742Z  [32mâœ“[39m src/ui/commands/chatCommand.test.ts [2m([22m[2m28 tests[22m[2m)[22m[32m 65[2mms[22m[39m
release	UNKNOWN STEP	2025-10-27T20:25:38.9191093Z  [32mâœ“[39m src/config/extensions/github.test.ts [2m([22m[2m30 tests[22m[2m)[22m[32m 103[2mms[22m[39m
release	UNKNOWN STEP	2025-10-27T20:25:39.9457449Z  [32mâœ“[39m src/ui/hooks/useCommandCompletion.test.tsx [2m([22m[2m21 tests[22m[2m)[22m[33m 637[2mms[22m[39m
release	UNKNOWN STEP	2025-10-27T20:25:40.2863492Z  [32mâœ“[39m src/ui/utils/commandUtils.test.ts [2m([22m[2m28 tests[22m[2m)[22m[32m 57[2mms[22m[39m
release	UNKNOWN STEP	2025-10-27T20:25:42.6669637Z  [32mâœ“[39m src/config/extensions/extensionEnablement.test.ts [2m([22m[2m43 tests[22m[2m)[22m[32m 46[2mms[22m[39m
release	UNKNOWN STEP	2025-10-27T20:25:43.0363456Z  [32mâœ“[39m src/validateNonInterActiveAuth.test.ts [2m([22m[2m17 tests[22m[2m)[22m[32m 36[2mms[22m[39m
release	UNKNOWN STEP	2025-10-27T20:25:43.7523054Z [?7l]2;Gemini - cli[?7l]2;Gemini - root[?7l]2;Gemini - root [32mâœ“[39m src/gemini.test.tsx [2m([22m[2m11 tests[22m[2m)[22m[33m 544[2mms[22m[39m
release	UNKNOWN STEP	2025-10-27T20:25:43.7528868Z    [33m[2mâœ“[22m[39m gemini.tsx main function[2m > [22mverifies that we dont load the config before relaunchAppInChildProcess [33m 515[2mms[22m[39m
release	UNKNOWN STEP	2025-10-27T20:25:44.5425440Z  [32mâœ“[39m src/config/policy.test.ts [2m([22m[2m17 tests[22m[2m)[22m[32m 11[2mms[22m[39m
release	UNKNOWN STEP	2025-10-27T20:25:45.0050625Z  [32mâœ“[39m src/services/McpPromptLoader.test.ts [2m([22m[2m25 tests[22m[2m)[22m[32m 20[2mms[22m[39m
release	UNKNOWN STEP	2025-10-27T20:25:46.8676194Z  [32mâœ“[39m src/utils/errors.test.ts [2m([22m[2m22 tests[22m[2m)[22m[32m 19[2mms[22m[39m
release	UNKNOWN STEP	2025-10-27T20:25:47.3180659Z (node:4255) MaxListenersExceededWarning: Possible EventEmitter memory leak detected. 11 mcp-client-update listeners added to [EventEmitter]. MaxListeners is 10. Use emitter.setMaxListeners() to increase limit
release	UNKNOWN STEP	2025-10-27T20:25:47.3183269Z  [32mâœ“[39m src/ui/components/Composer.test.tsx [2m([22m[2m20 tests[22m[2m)[22m[32m 207[2mms[22m[39m
release	UNKNOWN STEP	2025-10-27T20:25:47.3211330Z (Use `node --trace-warnings ...` to show where the warning was created)
release	UNKNOWN STEP	2025-10-27T20:25:47.4248805Z  [32mâœ“[39m src/config/policy-engine.integration.test.ts [2m([22m[2m12 tests[22m[2m)[22m[32m 8[2mms[22m[39m
release	UNKNOWN STEP	2025-10-27T20:25:47.8158550Z  [32mâœ“[39m src/ui/keyMatchers.test.ts [2m([22m[2m35 tests[22m[2m)[22m[32m 22[2mms[22m[39m
release	UNKNOWN STEP	2025-10-27T20:25:49.1863492Z  [32mâœ“[39m src/config/trustedFolders.test.ts [2m([22m[2m21 tests[22m[2m)[22m[32m 25[2mms[22m[39m
release	UNKNOWN STEP	2025-10-27T20:25:49.9414196Z  [32mâœ“[39m src/services/CommandService.test.ts [2m([22m[2m11 tests[22m[2m)[22m[32m 25[2mms[22m[39m
release	UNKNOWN STEP	2025-10-27T20:25:50.2811130Z  [32mâœ“[39m src/ui/commands/memoryCommand.test.ts [2m([22m[2m10 tests[22m[2m)[22m[32m 18[2mms[22m[39m
release	UNKNOWN STEP	2025-10-27T20:25:52.0608913Z  [32mâœ“[39m src/ui/components/shared/MaxSizedBox.test.tsx [2m([22m[2m21 tests[22m[2m)[22m[32m 175[2mms[22m[39m
release	UNKNOWN STEP	2025-10-27T20:25:52.3146613Z  [32mâœ“[39m src/config/settingsSchema.test.ts [2m([22m[2m15 tests[22m[2m)[22m[32m 27[2mms[22m[39m
release	UNKNOWN STEP	2025-10-27T20:25:52.4682846Z  [32mâœ“[39m src/utils/installationInfo.test.ts [2m([22m[2m16 tests[22m[2m)[22m[32m 20[2mms[22m[39m
release	UNKNOWN STEP	2025-10-27T20:25:52.6945943Z  [32mâœ“[39m src/utils/commentJson.test.ts [2m([22m[2m12 tests[22m[2m)[22m[32m 33[2mms[22m[39m
release	UNKNOWN STEP	2025-10-27T20:25:53.0224774Z  [32mâœ“[39m src/config/config.integration.test.ts [2m([22m[2m16 tests[22m[2m)[22m[33m 345[2mms[22m[39m
release	UNKNOWN STEP	2025-10-27T20:25:55.2694743Z  [32mâœ“[39m src/ui/components/messages/ToolGroupMessage.test.tsx [2m([22m[2m14 tests[22m[2m)[22m[32m 139[2mms[22m[39m
release	UNKNOWN STEP	2025-10-27T20:25:55.3325351Z  [32mâœ“[39m src/commands/mcp/add.test.ts [2m([22m[2m18 tests[22m[2m)[22m[32m 143[2mms[22m[39m
release	UNKNOWN STEP	2025-10-27T20:25:56.2852609Z  [32mâœ“[39m src/ui/components/StatsDisplay.test.tsx [2m([22m[2m12 tests[22m[2m)[22m[33m 399[2mms[22m[39m
release	UNKNOWN STEP	2025-10-27T20:25:56.4411170Z  [32mâœ“[39m src/ui/hooks/useMessageQueue.test.tsx [2m([22m[2m14 tests[22m[2m)[22m[32m 164[2mms[22m[39m
release	UNKNOWN STEP	2025-10-27T20:25:58.7409671Z  [32mâœ“[39m src/ui/components/messages/DiffRenderer.test.tsx [2m([22m[2m13 tests[22m[2m)[22m[33m 456[2mms[22m[39m
release	UNKNOWN STEP	2025-10-27T20:25:58.7697360Z  [32mâœ“[39m src/utils/relaunch.test.ts [2m([22m[2m8 tests[22m[2m)[22m[32m 18[2mms[22m[39m
release	UNKNOWN STEP	2025-10-27T20:25:59.3316654Z  [32mâœ“[39m src/ui/components/LoadingIndicator.test.tsx [2m([22m[2m16 tests[22m[2m)[22m[32m 156[2mms[22m[39m
release	UNKNOWN STEP	2025-10-27T20:26:01.0588488Z  [32mâœ“[39m src/ui/commands/extensionsCommand.test.ts [2m([22m[2m11 tests[22m[2m)[22m[32m 23[2mms[22m[39m
release	UNKNOWN STEP	2025-10-27T20:26:01.6699603Z  [32mâœ“[39m src/utils/handleAutoUpdate.test.ts [2m([22m[2m13 tests[22m[2m)[22m[32m 18[2mms[22m[39m
release	UNKNOWN STEP	2025-10-27T20:26:01.8571372Z  [32mâœ“[39m src/ui/hooks/useExtensionUpdates.test.tsx [2m([22m[2m4 tests[22m[2m)[22m[33m 303[2mms[22m[39m
release	UNKNOWN STEP	2025-10-27T20:26:04.0415399Z  [32mâœ“[39m src/ui/auth/AuthDialog.test.tsx [2m([22m[2m14 tests[22m[2m)[22m[32m 264[2mms[22m[39m
release	UNKNOWN STEP	2025-10-27T20:26:04.0659621Z  [32mâœ“[39m src/ui/commands/restoreCommand.test.ts [2m([22m[2m13 tests[22m[2m)[22m[32m 62[2mms[22m[39m
release	UNKNOWN STEP	2025-10-27T20:26:04.2255431Z  [32mâœ“[39m src/ui/commands/ideCommand.test.ts [2m([22m[2m8 tests[22m[2m)[22m[32m 23[2mms[22m[39m
release	UNKNOWN STEP	2025-10-27T20:26:06.5334045Z  [32mâœ“[39m src/ui/themes/color-utils.test.ts [2m([22m[2m16 tests[22m[2m)[22m[32m 15[2mms[22m[39m
release	UNKNOWN STEP	2025-10-27T20:26:06.8441972Z  [32mâœ“[39m src/services/BuiltinCommandLoader.test.ts [2m([22m[2m10 tests[22m[2m)[22m[33m 465[2mms[22m[39m
release	UNKNOWN STEP	2025-10-27T20:26:07.0128987Z  [32mâœ“[39m src/ui/components/Footer.test.tsx [2m([22m[2m17 tests[22m[2m)[22m[32m 113[2mms[22m[39m
release	UNKNOWN STEP	2025-10-27T20:26:07.4242551Z  [32mâœ“[39m src/utils/envVarResolver.test.ts [2m([22m[2m16 tests[22m[2m)[22m[32m 17[2mms[22m[39m
release	UNKNOWN STEP	2025-10-27T20:26:07.7164099Z  [32mâœ“[39m src/services/prompt-processors/injectionParser.test.ts [2m([22m[2m21 tests[22m[2m)[22m[32m 13[2mms[22m[39m
release	UNKNOWN STEP	2025-10-27T20:26:08.8696649Z  [32mâœ“[39m src/ui/commands/copyCommand.test.ts [2m([22m[2m11 tests[22m[2m)[22m[32m 22[2mms[22m[39m
release	UNKNOWN STEP	2025-10-27T20:26:09.7686779Z  [32mâœ“[39m src/ui/hooks/useKeypress.test.tsx [2m([22m[2m23 tests[22m[2m)[22m[33m 383[2mms[22m[39m
release	UNKNOWN STEP	2025-10-27T20:26:09.8456678Z  [32mâœ“[39m src/utils/sessionCleanup.integration.test.ts [2m([22m[2m5 tests[22m[2m)[22m[32m 24[2mms[22m[39m
release	UNKNOWN STEP	2025-10-27T20:26:11.1224721Z  [32mâœ“[39m src/services/prompt-processors/atFileProcessor.test.ts [2m([22m[2m11 tests[22m[2m)[22m[32m 28[2mms[22m[39m
release	UNKNOWN STEP	2025-10-27T20:26:12.6309631Z  [32mâœ“[39m src/ui/components/ModelStatsDisplay.test.tsx [2m([22m[2m6 tests[22m[2m)[22m[32m 197[2mms[22m[39m
release	UNKNOWN STEP	2025-10-27T20:26:12.8692069Z  [32mâœ“[39m src/ui/components/messages/ToolMessage.test.tsx [2m([22m[2m12 tests[22m[2m)[22m[32m 128[2mms[22m[39m
release	UNKNOWN STEP	2025-10-27T20:26:14.0613695Z  [32mâœ“[39m src/ui/hooks/useIdeTrustListener.test.tsx [2m([22m[2m5 tests[22m[2m)[22m[32m 53[2mms[22m[39m
release	UNKNOWN STEP	2025-10-27T20:26:14.3807646Z  [32mâœ“[39m src/ui/utils/computeStats.test.ts [2m([22m[2m12 tests[22m[2m)[22m[32m 10[2mms[22m[39m
release	UNKNOWN STEP	2025-10-27T20:26:14.9653960Z  [32mâœ“[39m src/ui/commands/setupGithubCommand.test.ts [2m([22m[2m8 tests[22m[2m)[22m[32m 75[2mms[22m[39m
release	UNKNOWN STEP	2025-10-27T20:26:16.3191677Z  [32mâœ“[39m src/ui/components/HistoryItemDisplay.test.tsx [2m([22m[2m13 tests[22m[2m)[22m[33m 382[2mms[22m[39m
release	UNKNOWN STEP	2025-10-27T20:26:17.1343369Z  [32mâœ“[39m src/ui/hooks/useGitBranchName.test.tsx [2m([22m[2m7 tests[22m[2m)[22m[32m 59[2mms[22m[39m
release	UNKNOWN STEP	2025-10-27T20:26:17.7748214Z  [32mâœ“[39m src/ui/hooks/useEditorSettings.test.tsx [2m([22m[2m10 tests[22m[2m)[22m[32m 46[2mms[22m[39m
release	UNKNOWN STEP	2025-10-27T20:26:18.7834040Z  [32mâœ“[39m src/commands/mcp/remove.test.ts [2m([22m[2m6 tests[22m[2m)[22m[32m 66[2mms[22m[39m
release	UNKNOWN STEP	2025-10-27T20:26:19.1362067Z  [32mâœ“[39m src/config/extensions/github_fetch.test.ts [2m([22m[2m8 tests[22m[2m)[22m[32m 14[2mms[22m[39m
release	UNKNOWN STEP	2025-10-27T20:26:19.4634181Z  [32mâœ“[39m src/ui/utils/textUtils.test.ts [2m([22m[2m9 tests[22m[2m)[22m[32m 8[2mms[22m[39m
release	UNKNOWN STEP	2025-10-27T20:26:19.6939017Z  [32mâœ“[39m src/ui/components/messages/CompressionMessage.test.tsx [2m([22m[2m8 tests[22m[2m)[22m[32m 100[2mms[22m[39m
release	UNKNOWN STEP	2025-10-27T20:26:19.9314578Z  [32mâœ“[39m src/ui/commands/directoryCommand.test.tsx [2m([22m[2m7 tests[22m[2m)[22m[32m 16[2mms[22m[39m
release	UNKNOWN STEP	2025-10-27T20:26:21.7398065Z  [32mâœ“[39m src/ui/commands/mcpCommand.test.ts [2m([22m[2m5 tests[22m[2m)[22m[32m 21[2mms[22m[39m
release	UNKNOWN STEP	2025-10-27T20:26:22.7315888Z  [32mâœ“[39m src/ui/components/ToolStatsDisplay.test.tsx [2m([22m[2m5 tests[22m[2m)[22m[32m 166[2mms[22m[39m
release	UNKNOWN STEP	2025-10-27T20:26:23.3598592Z  [32mâœ“[39m src/ui/utils/MarkdownDisplay.test.tsx [2m([22m[2m30 tests[22m[2m)[22m[33m 440[2mms[22m[39m
release	UNKNOWN STEP	2025-10-27T20:26:24.1347876Z  [32mâœ“[39m src/ui/themes/theme-manager.test.ts [2m([22m[2m12 tests[22m[2m)[22m[32m 25[2mms[22m[39m
release	UNKNOWN STEP	2025-10-27T20:26:24.7565298Z  [32mâœ“[39m src/commands/mcp/list.test.ts [2m([22m[2m4 tests[22m[2m)[22m[32m 15[2mms[22m[39m
release	UNKNOWN STEP	2025-10-27T20:26:24.9669364Z  [32mâœ“[39m src/utils/deepMerge.test.ts [2m([22m[2m13 tests[22m[2m)[22m[32m 10[2mms[22m[39m
release	UNKNOWN STEP	2025-10-27T20:26:26.2857729Z  [32mâœ“[39m src/ui/components/shared/RadioButtonSelect.test.tsx [2m([22m[2m5 tests[22m[2m)[22m[32m 30[2mms[22m[39m
release	UNKNOWN STEP	2025-10-27T20:26:27.1871386Z  [32mâœ“[39m src/ui/hooks/useLoadingIndicator.test.tsx [2m([22m[2m5 tests[22m[2m)[22m[32m 60[2mms[22m[39m
release	UNKNOWN STEP	2025-10-27T20:26:27.3674137Z  [32mâœ“[39m src/config/extensions/extensionSettings.test.ts [2m([22m[2m6 tests[22m[2m)[22m[32m 22[2mms[22m[39m
release	UNKNOWN STEP	2025-10-27T20:26:27.3816368Z  [32mâœ“[39m src/ui/components/DebugProfiler.test.tsx [2m([22m[2m10 tests[22m[2m)[22m[32m 13[2mms[22m[39m
release	UNKNOWN STEP	2025-10-27T20:26:29.6450347Z  [32mâœ“[39m src/ui/commands/aboutCommand.test.ts [2m([22m[2m5 tests[22m[2m)[22m[32m 17[2mms[22m[39m
release	UNKNOWN STEP	2025-10-27T20:26:29.7486258Z  [32mâœ“[39m src/ui/utils/updateCheck.test.ts [2m([22m[2m10 tests[22m[2m)[22m[32m 18[2mms[22m[39m
release	UNKNOWN STEP	2025-10-27T20:26:29.9901325Z  [32mâœ“[39m src/ui/utils/highlight.test.ts [2m([22m[2m16 tests[22m[2m)[22m[32m 12[2mms[22m[39m
release	UNKNOWN STEP	2025-10-27T20:26:30.3615292Z  [32mâœ“[39m src/ui/components/messages/ToolConfirmationMessage.test.tsx [2m([22m[2m10 tests[22m[2m)[22m[32m 179[2mms[22m[39m
release	UNKNOWN STEP	2025-10-27T20:26:30.7761139Z  [32mâœ“[39m src/utils/commands.test.ts [2m([22m[2m12 tests[22m[2m)[22m[32m 7[2mms[22m[39m
release	UNKNOWN STEP	2025-10-27T20:26:32.6424865Z  [32mâœ“[39m src/ui/components/messages/Todo.test.tsx [2m([22m[2m11 tests[22m[2m)[22m[32m 148[2mms[22m[39m
release	UNKNOWN STEP	2025-10-27T20:26:32.8131856Z  [32mâœ“[39m src/ui/App.test.tsx [2m([22m[2m7 tests[22m[2m)[22m[32m 65[2mms[22m[39m
release	UNKNOWN STEP	2025-10-27T20:26:33.1223162Z  [32mâœ“[39m src/commands/extensions/install.test.ts [2m([22m[2m8 tests[22m[2m)[22m[32m 30[2mms[22m[39m
release	UNKNOWN STEP	2025-10-27T20:26:34.0956100Z  [32mâœ“[39m src/ui/hooks/useConsoleMessages.test.tsx [2m([22m[2m7 tests[22m[2m)[22m[32m 60[2mms[22m[39m
release	UNKNOWN STEP	2025-10-27T20:26:35.4589714Z  [32mâœ“[39m src/ui/hooks/useFocus.test.tsx [2m([22m[2m6 tests[22m[2m)[22m[32m 51[2mms[22m[39m
release	UNKNOWN STEP	2025-10-27T20:26:35.7316222Z  [32mâœ“[39m src/ui/components/views/McpStatus.test.tsx [2m([22m[2m11 tests[22m[2m)[22m[32m 152[2mms[22m[39m
release	UNKNOWN STEP	2025-10-27T20:26:36.8395228Z  [32mâœ“[39m src/ui/components/shared/EnumSelector.test.tsx [2m([22m[2m9 tests[22m[2m)[22m[32m 73[2mms[22m[39m
release	UNKNOWN STEP	2025-10-27T20:26:37.7456292Z  [32mâœ“[39m src/ui/hooks/useTimer.test.tsx [2m([22m[2m8 tests[22m[2m)[22m[32m 48[2mms[22m[39m
release	UNKNOWN STEP	2025-10-27T20:26:38.0536636Z  [32mâœ“[39m src/ui/commands/compressCommand.test.ts [2m([22m[2m5 tests[22m[2m)[22m[32m 13[2mms[22m[39m
release	UNKNOWN STEP	2025-10-27T20:26:38.3760381Z  [32mâœ“[39m src/ui/hooks/usePrivacySettings.test.tsx [2m([22m[2m4 tests[22m[2m)[22m[32m 292[2mms[22m[39m
release	UNKNOWN STEP	2025-10-27T20:26:38.9835292Z  [32mâœ“[39m src/ui/components/AnsiOutput.test.tsx [2m([22m[2m6 tests[22m[2m)[22m[32m 81[2mms[22m[39m
release	UNKNOWN STEP	2025-10-27T20:26:39.3554767Z  [32mâœ“[39m src/ui/commands/toolsCommand.test.ts [2m([22m[2m4 tests[22m[2m)[22m[32m 19[2mms[22m[39m
release	UNKNOWN STEP	2025-10-27T20:26:39.9504227Z  [32mâœ“[39m src/utils/gitUtils.test.ts [2m([22m[2m12 tests[22m[2m)[22m[32m 27[2mms[22m[39m
release	UNKNOWN STEP	2025-10-27T20:26:41.6757190Z  [32mâœ“[39m src/ui/commands/bugCommand.test.ts [2m([22m[2m2 tests[22m[2m)[22m[32m 14[2mms[22m[39m
release	UNKNOWN STEP	2025-10-27T20:26:41.9641936Z  [32mâœ“[39m src/ui/components/ThemeDialog.test.tsx [2m([22m[2m3 tests[22m[2m)[22m[33m 652[2mms[22m[39m
release	UNKNOWN STEP	2025-10-27T20:26:41.9647549Z    [33m[2mâœ“[22m[39m ThemeDialog Snapshots[2m > [22mshould render correctly in theme selection mode [33m 361[2mms[22m[39m
release	UNKNOWN STEP	2025-10-27T20:26:42.7422725Z  [32mâœ“[39m src/ui/components/PrepareLabel.test.tsx [2m([22m[2m6 tests[22m[2m)[22m[32m 119[2mms[22m[39m
release	UNKNOWN STEP	2025-10-27T20:26:43.1310154Z  [32mâœ“[39m src/ui/commands/initCommand.test.ts [2m([22m[2m3 tests[22m[2m)[22m[32m 15[2mms[22m[39m
release	UNKNOWN STEP	2025-10-27T20:26:43.8543674Z  [32mâœ“[39m src/ui/commands/clearCommand.test.ts [2m([22m[2m2 tests[22m[2m)[22m[32m 7[2mms[22m[39m
release	UNKNOWN STEP	2025-10-27T20:26:44.7167934Z  [32mâœ“[39m src/ui/components/views/ExtensionsList.test.tsx [2m([22m[2m9 tests[22m[2m)[22m[32m 114[2mms[22m[39m
release	UNKNOWN STEP	2025-10-27T20:26:45.4561246Z  [32mâœ“[39m src/ui/themes/theme.test.ts [2m([22m[2m5 tests[22m[2m)[22m[32m 9[2mms[22m[39m
release	UNKNOWN STEP	2025-10-27T20:26:46.1648275Z  [32mâœ“[39m src/commands/extensions/new.test.ts [2m([22m[2m4 tests[22m[2m)[22m[32m 37[2mms[22m[39m
release	UNKNOWN STEP	2025-10-27T20:26:46.5075820Z  [32mâœ“[39m src/utils/userStartupWarnings.test.ts [2m([22m[2m5 tests[22m[2m)[22m[32m 18[2mms[22m[39m
release	UNKNOWN STEP	2025-10-27T20:26:46.8462136Z  [32mâœ“[39m src/ui/commands/docsCommand.test.ts [2m([22m[2m3 tests[22m[2m)[22m[32m 15[2mms[22m[39m
release	UNKNOWN STEP	2025-10-27T20:26:47.5234445Z  [32mâœ“[39m src/ui/components/ConsentPrompt.test.tsx [2m([22m[2m5 tests[22m[2m)[22m[32m 73[2mms[22m[39m
release	UNKNOWN STEP	2025-10-27T20:26:47.6677963Z  [32mâœ“[39m src/config/auth.test.ts [2m([22m[2m8 tests[22m[2m)[22m[32m 13[2mms[22m[39m
release	UNKNOWN STEP	2025-10-27T20:26:49.6952582Z  [32mâœ“[39m src/ui/components/IdeTrustChangeDialog.test.tsx [2m([22m[2m6 tests[22m[2m)[22m[32m 177[2mms[22m[39m
release	UNKNOWN STEP	2025-10-27T20:26:49.8260578Z  [32mâœ“[39m src/utils/readStdin.test.ts [2m([22m[2m4 tests[22m[2m)[22m[32m 13[2mms[22m[39m
release	UNKNOWN STEP	2025-10-27T20:26:50.4519031Z  [32mâœ“[39m src/ui/components/ContextSummaryDisplay.test.tsx [2m([22m[2m4 tests[22m[2m)[22m[32m 59[2mms[22m[39m
release	UNKNOWN STEP	2025-10-27T20:26:51.9930259Z  [32mâœ“[39m src/ui/utils/displayUtils.test.ts [2m([22m[2m8 tests[22m[2m)[22m[32m 8[2mms[22m[39m
release	UNKNOWN STEP	2025-10-27T20:26:52.1021022Z  [32mâœ“[39m src/ui/commands/terminalSetupCommand.test.ts [2m([22m[2m5 tests[22m[2m)[22m[32m 9[2mms[22m[39m
release	UNKNOWN STEP	2025-10-27T20:26:52.9337336Z  [32mâœ“[39m src/commands/mcp.test.ts [2m([22m[2m3 tests[22m[2m)[22m[32m 39[2mms[22m[39m
release	UNKNOWN STEP	2025-10-27T20:26:53.8435039Z  [32mâœ“[39m src/ui/components/QueuedMessageDisplay.test.tsx [2m([22m[2m5 tests[22m[2m)[22m[32m 56[2mms[22m[39m
release	UNKNOWN STEP	2025-10-27T20:26:54.4116201Z  [32mâœ“[39m src/utils/startupWarnings.test.ts [2m([22m[2m4 tests[22m[2m)[22m[32m 8[2mms[22m[39m
release	UNKNOWN STEP	2025-10-27T20:26:54.7760482Z  [32mâœ“[39m src/ui/components/ProQuotaDialog.test.tsx [2m([22m[2m3 tests[22m[2m)[22m[32m 54[2mms[22m[39m
release	UNKNOWN STEP	2025-10-27T20:26:54.7958924Z  [32mâœ“[39m src/ui/commands/statsCommand.test.ts [2m([22m[2m3 tests[22m[2m)[22m[32m 14[2mms[22m[39m
release	UNKNOWN STEP	2025-10-27T20:26:56.6317638Z  [32mâœ“[39m src/ui/components/shared/DescriptiveRadioButtonSelect.test.tsx [2m([22m[2m2 tests[22m[2m)[22m[32m 72[2mms[22m[39m
release	UNKNOWN STEP	2025-10-27T20:26:57.0090342Z  [32mâœ“[39m src/ui/utils/clipboardUtils.test.ts [2m([22m[2m6 tests[22m[2m)[22m[32m 7[2mms[22m[39m
release	UNKNOWN STEP	2025-10-27T20:26:57.3688065Z  [32mâœ“[39m src/ui/utils/markdownUtilities.test.ts [2m([22m[2m7 tests[22m[2m)[22m[32m 6[2mms[22m[39m
release	UNKNOWN STEP	2025-10-27T20:26:57.4692485Z  [32mâœ“[39m src/ui/hooks/useMemoryMonitor.test.tsx [2m([22m[2m3 tests[22m[2m)[22m[32m 34[2mms[22m[39m
release	UNKNOWN STEP	2025-10-27T20:26:57.5362517Z  [32mâœ“[39m src/ui/components/SessionSummaryDisplay.test.tsx [2m([22m[2m1 test[22m[2m)[22m[32m 104[2mms[22m[39m
release	UNKNOWN STEP	2025-10-27T20:26:57.6039262Z  [32mâœ“[39m src/ui/utils/formatters.test.ts [2m([22m[2m14 tests[22m[2m)[22m[32m 7[2mms[22m[39m
release	UNKNOWN STEP	2025-10-27T20:26:57.7679394Z  [32mâœ“[39m src/config/keyBindings.test.ts [2m([22m[2m3 tests[22m[2m)[22m[32m 15[2mms[22m[39m
release	UNKNOWN STEP	2025-10-27T20:26:57.8483358Z  [32mâœ“[39m src/test-utils/mockCommandContext.test.ts [2m([22m[2m3 tests[22m[2m)[22m[32m 8[2mms[22m[39m
release	UNKNOWN STEP	2025-10-27T20:26:57.8745498Z  [32mâœ“[39m src/utils/windowTitle.test.ts [2m([22m[2m7 tests[22m[2m)[22m[32m 5[2mms[22m[39m
release	UNKNOWN STEP	2025-10-27T20:27:00.6342610Z  [32mâœ“[39m src/utils/cleanup.test.ts [2m([22m[2m4 tests[22m[2m)[22m[33m 2429[2mms[22m[39m
release	UNKNOWN STEP	2025-10-27T20:27:00.6344277Z    [33m[2mâœ“[22m[39m cleanup[2m > [22mshould run a registered synchronous function [33m 1782[2mms[22m[39m
release	UNKNOWN STEP	2025-10-27T20:27:00.7457393Z  [32mâœ“[39m src/ui/components/ShellConfirmationDialog.test.tsx [2m([22m[2m4 tests[22m[2m)[22m[32m 136[2mms[22m[39m
release	UNKNOWN STEP	2025-10-27T20:27:00.8846973Z  [32mâœ“[39m src/ui/components/views/ToolsList.test.tsx [2m([22m[2m3 tests[22m[2m)[22m[32m 80[2mms[22m[39m
release	UNKNOWN STEP	2025-10-27T20:27:01.1110047Z  [32mâœ“[39m src/ui/commands/helpCommand.test.ts [2m([22m[2m2 tests[22m[2m)[22m[32m 12[2mms[22m[39m
release	UNKNOWN STEP	2025-10-27T20:27:01.2743581Z  [32mâœ“[39m src/ui/commands/quitCommand.test.ts [2m([22m[2m1 test[22m[2m)[22m[32m 10[2mms[22m[39m
release	UNKNOWN STEP	2025-10-27T20:27:03.6575711Z  [32mâœ“[39m src/ui/components/messages/GeminiMessage.test.tsx [2m([22m[2m4 tests[22m[2m)[22m[32m 97[2mms[22m[39m
release	UNKNOWN STEP	2025-10-27T20:27:04.0685267Z  [32mâœ“[39m src/ui/components/Header.test.tsx [2m([22m[2m4 tests[22m[2m)[22m[32m 126[2mms[22m[39m
release	UNKNOWN STEP	2025-10-27T20:27:04.1799503Z  [32mâœ“[39m src/ui/components/messages/ToolMessageRawMarkdown.test.tsx [2m([22m[2m2 tests[22m[2m)[22m[32m 111[2mms[22m[39m
release	UNKNOWN STEP	2025-10-27T20:27:05.1297292Z  [32mâœ“[39m src/ui/hooks/useModelCommand.test.tsx [2m([22m[2m3 tests[22m[2m)[22m[32m 33[2mms[22m[39m
release	UNKNOWN STEP	2025-10-27T20:27:05.3869364Z  [32mâœ“[39m src/ui/commands/privacyCommand.test.ts [2m([22m[2m2 tests[22m[2m)[22m[32m 6[2mms[22m[39m
release	UNKNOWN STEP	2025-10-27T20:27:05.6761264Z  [32mâœ“[39m src/ui/commands/themeCommand.test.ts [2m([22m[2m2 tests[22m[2m)[22m[32m 6[2mms[22m[39m
release	UNKNOWN STEP	2025-10-27T20:27:05.9343204Z  [32mâœ“[39m src/services/prompt-processors/argumentProcessor.test.ts [2m([22m[2m2 tests[22m[2m)[22m[32m 9[2mms[22m[39m
release	UNKNOWN STEP	2025-10-27T20:27:06.2687071Z  [32mâœ“[39m src/ui/commands/permissionsCommand.test.ts [2m([22m[2m3 tests[22m[2m)[22m[32m 9[2mms[22m[39m
release	UNKNOWN STEP	2025-10-27T20:27:06.5773957Z  [32mâœ“[39m src/ui/commands/settingsCommand.test.ts [2m([22m[2m2 tests[22m[2m)[22m[32m 9[2mms[22m[39m
release	UNKNOWN STEP	2025-10-27T20:27:06.7610388Z  [32mâœ“[39m src/ui/components/views/ChatList.test.tsx [2m([22m[2m3 tests[22m[2m)[22m[32m 50[2mms[22m[39m
release	UNKNOWN STEP	2025-10-27T20:27:06.8831082Z  [32mâœ“[39m src/ui/commands/modelCommand.test.ts [2m([22m[2m2 tests[22m[2m)[22m[32m 9[2mms[22m[39m
release	UNKNOWN STEP	2025-10-27T20:27:07.0987207Z  [32mâœ“[39m src/ui/commands/corgiCommand.test.ts [2m([22m[2m2 tests[22m[2m)[22m[32m 11[2mms[22m[39m
release	UNKNOWN STEP	2025-10-27T20:27:07.1634386Z  [32mâœ“[39m src/ui/commands/authCommand.test.ts [2m([22m[2m2 tests[22m[2m)[22m[32m 6[2mms[22m[39m
release	UNKNOWN STEP	2025-10-27T20:27:07.3835769Z  [32mâœ“[39m src/ui/commands/editorCommand.test.ts [2m([22m[2m2 tests[22m[2m)[22m[32m 8[2mms[22m[39m
release	UNKNOWN STEP	2025-10-27T20:27:08.4243636Z  [32mâœ“[39m src/ui/components/LoopDetectionConfirmation.test.tsx [2m([22m[2m2 tests[22m[2m)[22m[32m 119[2mms[22m[39m
release	UNKNOWN STEP	2025-10-27T20:27:09.3132878Z  [32mâœ“[39m src/utils/processUtils.test.ts [2m([22m[2m1 test[22m[2m)[22m[32m 8[2mms[22m[39m
release	UNKNOWN STEP	2025-10-27T20:27:09.6629052Z  [32mâœ“[39m src/commands/extensions/uninstall.test.ts [2m([22m[2m1 test[22m[2m)[22m[32m 20[2mms[22m[39m
release	UNKNOWN STEP	2025-10-27T20:27:10.2595633Z  [32mâœ“[39m src/config/extensions/variables.test.ts [2m([22m[2m1 test[22m[2m)[22m[32m 3[2mms[22m[39m
release	UNKNOWN STEP	2025-10-27T20:27:13.2345269Z 
release	UNKNOWN STEP	2025-10-27T20:27:13.2359037Z [2m Test Files [22m [1m[32m180 passed[39m[22m[90m (180)[39m
release	UNKNOWN STEP	2025-10-27T20:27:13.2366240Z [2m      Tests [22m [1m[32m2760 passed[39m[22m[2m | [22m[33m1 skipped[39m[90m (2761)[39m
release	UNKNOWN STEP	2025-10-27T20:27:13.2368723Z [2m   Start at [22m 20:24:48
release	UNKNOWN STEP	2025-10-27T20:27:13.2375249Z [2m   Duration [22m 144.75s[2m (transform 8.36s, setup 1.91s, collect 290.33s, tests 33.34s, environment 16.10s, prepare 19.56s)[22m
release	UNKNOWN STEP	2025-10-27T20:27:13.2375957Z 
release	UNKNOWN STEP	2025-10-27T20:27:13.7572768Z JUNIT report written to /home/runner/work/gemini-cli/gemini-cli/release/packages/cli/junit.xml
release	UNKNOWN STEP	2025-10-27T20:27:13.7602046Z [34m % [39m[2mCoverage report from [22m[33mv8[39m
release	UNKNOWN STEP	2025-10-27T20:27:14.4751366Z 
release	UNKNOWN STEP	2025-10-27T20:27:14.4752099Z > @google/gemini-cli-core@0.12.0-nightly.20251022.0542de95 test:ci
release	UNKNOWN STEP	2025-10-27T20:27:14.4753604Z > vitest run
release	UNKNOWN STEP	2025-10-27T20:27:14.4753797Z 
release	UNKNOWN STEP	2025-10-27T20:27:14.9077824Z 
release	UNKNOWN STEP	2025-10-27T20:27:14.9080357Z [1m[46m RUN [49m[22m [36mv3.2.4 [39m[90m/home/runner/work/gemini-cli/gemini-cli/release/packages/core[39m
release	UNKNOWN STEP	2025-10-27T20:27:14.9081082Z       [2mCoverage enabled with [22m[33mv8[39m
release	UNKNOWN STEP	2025-10-27T20:27:14.9081284Z 
release	UNKNOWN STEP	2025-10-27T20:27:19.2337502Z  [32mâœ“[39m src/core/client.test.ts [2m([22m[2m67 tests[22m[2m)[22m[32m 249[2mms[22m[39m
release	UNKNOWN STEP	2025-10-27T20:27:19.3100347Z  [32mâœ“[39m src/core/coreToolScheduler.test.ts [2m([22m[2m31 tests[22m[2m)[22m[33m 312[2mms[22m[39m
release	UNKNOWN STEP	2025-10-27T20:27:21.4582346Z  [32mâœ“[39m src/telemetry/loggers.test.ts [2m([22m[2m30 tests[22m[2m)[22m[32m 71[2mms[22m[39m
release	UNKNOWN STEP	2025-10-27T20:27:22.3735456Z  [32mâœ“[39m src/tools/ripGrep.test.ts [2m([22m[2m47 tests[22m[2m | [22m[33m1 skipped[39m[2m)[22m[33m 306[2mms[22m[39m
release	UNKNOWN STEP	2025-10-27T20:27:23.6130308Z  [32mâœ“[39m src/code_assist/oauth2.test.ts [2m([22m[2m24 tests[22m[2m)[22m[32m 72[2mms[22m[39m
release	UNKNOWN STEP	2025-10-27T20:27:24.0791777Z  [32mâœ“[39m src/telemetry/metrics.test.ts [2m([22m[2m57 tests[22m[2m)[22m[33m 2721[2mms[22m[39m
release	UNKNOWN STEP	2025-10-27T20:27:24.6378681Z  [32mâœ“[39m src/core/geminiChat.test.ts [2m([22m[2m30 tests[22m[2m)[22m[33m 5613[2mms[22m[39m
release	UNKNOWN STEP	2025-10-27T20:27:24.6386158Z    [33m[2mâœ“[22m[39m GeminiChat[2m > [22msendMessageStream[2m > [22mshould fail if the stream ends with an empty part and has no finishReason [33m 504[2mms[22m[39m
release	UNKNOWN STEP	2025-10-27T20:27:24.6388456Z    [33m[2mâœ“[22m[39m GeminiChat[2m > [22msendMessageStream[2m > [22mshould throw an error when a tool call is followed by an empty stream response [33m 503[2mms[22m[39m
release	UNKNOWN STEP	2025-10-27T20:27:24.6390831Z    [33m[2mâœ“[22m[39m GeminiChat[2m > [22msendMessageStream[2m > [22mshould throw InvalidStreamError when no tool call and no finish reason [33m 503[2mms[22m[39m
release	UNKNOWN STEP	2025-10-27T20:27:24.6392991Z    [33m[2mâœ“[22m[39m GeminiChat[2m > [22msendMessageStream[2m > [22mshould throw InvalidStreamError when no tool call and empty response text [33m 505[2mms[22m[39m
release	UNKNOWN STEP	2025-10-27T20:27:24.6395283Z    [33m[2mâœ“[22m[39m GeminiChat[2m > [22msendMessageStream with retries[2m > [22mshould yield a RETRY event when an invalid stream is encountered [33m 504[2mms[22m[39m
release	UNKNOWN STEP	2025-10-27T20:27:24.6397550Z    [33m[2mâœ“[22m[39m GeminiChat[2m > [22msendMessageStream with retries[2m > [22mshould retry on invalid content, succeed, and report metrics [33m 506[2mms[22m[39m
release	UNKNOWN STEP	2025-10-27T20:27:24.6400303Z    [33m[2mâœ“[22m[39m GeminiChat[2m > [22msendMessageStream with retries[2m > [22mshould set temperature to 1 on retry [33m 506[2mms[22m[39m
release	UNKNOWN STEP	2025-10-27T20:27:24.6402569Z    [33m[2mâœ“[22m[39m GeminiChat[2m > [22msendMessageStream with retries[2m > [22mshould fail after all retries on persistent invalid content and report metrics [33m 504[2mms[22m[39m
release	UNKNOWN STEP	2025-10-27T20:27:24.6404595Z    [33m[2mâœ“[22m[39m GeminiChat[2m > [22mshould correctly retry and append to an existing history mid-conversation [33m 504[2mms[22m[39m
release	UNKNOWN STEP	2025-10-27T20:27:24.6406392Z    [33m[2mâœ“[22m[39m GeminiChat[2m > [22mshould retry if the model returns a completely empty stream (no chunks) [33m 504[2mms[22m[39m
release	UNKNOWN STEP	2025-10-27T20:27:24.6408195Z    [33m[2mâœ“[22m[39m GeminiChat[2m > [22mshould discard valid partial content from a failed attempt upon retry [33m 507[2mms[22m[39m
release	UNKNOWN STEP	2025-10-27T20:27:25.2290994Z  [32mâœ“[39m src/mcp/oauth-provider.test.ts [2m([22m[2m21 tests[22m[2m)[22m[32m 176[2mms[22m[39m
release	UNKNOWN STEP	2025-10-27T20:27:26.2513608Z  [32mâœ“[39m src/tools/edit.test.ts [2m([22m[2m54 tests[22m[2m)[22m[32m 296[2mms[22m[39m
release	UNKNOWN STEP	2025-10-27T20:27:26.7210376Z  [32mâœ“[39m src/config/config.test.ts [2m([22m[2m69 tests[22m[2m)[22m[32m 118[2mms[22m[39m
release	UNKNOWN STEP	2025-10-27T20:27:27.0564503Z  [32mâœ“[39m src/utils/fileUtils.test.ts [2m([22m[2m66 tests[22m[2m)[22m[32m 133[2mms[22m[39m
release	UNKNOWN STEP	2025-10-27T20:27:27.8206341Z  [32mâœ“[39m src/tools/mcp-tool.test.ts [2m([22m[2m42 tests[22m[2m)[22m[32m 132[2mms[22m[39m
release	UNKNOWN STEP	2025-10-27T20:27:28.2066751Z  [32mâœ“[39m src/utils/memoryImportProcessor.test.ts [2m([22m[2m25 tests[22m[2m)[22m[32m 70[2mms[22m[39m
release	UNKNOWN STEP	2025-10-27T20:27:28.4434852Z  [32mâœ“[39m src/services/shellExecutionService.test.ts [2m([22m[2m43 tests[22m[2m)[22m[33m 509[2mms[22m[39m
release	UNKNOWN STEP	2025-10-27T20:27:29.5622263Z  [32mâœ“[39m src/tools/write-file.test.ts [2m([22m[2m30 tests[22m[2m)[22m[32m 190[2mms[22m[39m
release	UNKNOWN STEP	2025-10-27T20:27:31.0997728Z  [32mâœ“[39m src/agents/executor.test.ts [2m([22m[2m15 tests[22m[2m)[22m[32m 50[2mms[22m[39m
release	UNKNOWN STEP	2025-10-27T20:27:31.2367251Z  [32mâœ“[39m src/telemetry/clearcut-logger/clearcut-logger.test.ts [2m([22m[2m35 tests[22m[2m)[22m[32m 253[2mms[22m[39m
release	UNKNOWN STEP	2025-10-27T20:27:32.7237776Z  [32mâœ“[39m src/tools/read-many-files.test.ts [2m([22m[2m31 tests[22m[2m)[22m[33m 524[2mms[22m[39m
release	UNKNOWN STEP	2025-10-27T20:27:33.6645931Z  [32mâœ“[39m src/utils/editCorrector.test.ts [2m([22m[2m40 tests[22m[2m)[22m[32m 45[2mms[22m[39m
release	UNKNOWN STEP	2025-10-27T20:27:34.1287325Z  [32mâœ“[39m src/services/loopDetectionService.test.ts [2m([22m[2m38 tests[22m[2m)[22m[33m 346[2mms[22m[39m
release	UNKNOWN STEP	2025-10-27T20:27:34.1304678Z  [32mâœ“[39m src/core/logger.test.ts [2m([22m[2m38 tests[22m[2m)[22m[32m 135[2mms[22m[39m
release	UNKNOWN STEP	2025-10-27T20:27:35.3947499Z  [32mâœ“[39m src/core/turn.test.ts [2m([22m[2m21 tests[22m[2m)[22m[32m 19[2mms[22m[39m
release	UNKNOWN STEP	2025-10-27T20:27:36.0341803Z  [32mâœ“[39m src/ide/ide-client.test.ts [2m([22m[2m23 tests[22m[2m)[22m[32m 79[2mms[22m[39m
release	UNKNOWN STEP	2025-10-27T20:27:36.8837557Z  [32mâœ“[39m src/tools/web-fetch.test.ts [2m([22m[2m32 tests[22m[2m)[22m[32m 149[2mms[22m[39m
release	UNKNOWN STEP	2025-10-27T20:27:36.9288659Z  [32mâœ“[39m src/utils/shell-utils.test.ts [2m([22m[2m73 tests[22m[2m | [22m[33m2 skipped[39m[2m)[22m[32m 183[2mms[22m[39m
release	UNKNOWN STEP	2025-10-27T20:27:38.8889032Z  [32mâœ“[39m src/tools/smart-edit.test.ts [2m([22m[2m24 tests[22m[2m)[22m[32m 172[2mms[22m[39m
release	UNKNOWN STEP	2025-10-27T20:27:39.3855162Z  [32mâœ“[39m src/policy/policy-engine.test.ts [2m([22m[2m28 tests[22m[2m)[22m[32m 18[2mms[22m[39m
release	UNKNOWN STEP	2025-10-27T20:27:39.6179175Z  [32mâœ“[39m src/tools/mcp-client.test.ts [2m([22m[2m30 tests[22m[2m)[22m[32m 129[2mms[22m[39m
release	UNKNOWN STEP	2025-10-27T20:27:40.0485080Z (node:7939) MaxListenersExceededWarning: Possible EventTarget memory leak detected. 11 abort listeners added to [AbortSignal]. MaxListeners is 10. Use events.setMaxListeners() to increase limit
release	UNKNOWN STEP	2025-10-27T20:27:40.0487203Z (Use `node --trace-warnings ...` to show where the warning was created)
release	UNKNOWN STEP	2025-10-27T20:27:40.0699030Z  [32mâœ“[39m src/utils/filesearch/fileSearch.test.ts [2m([22m[2m27 tests[22m[2m)[22m[32m 111[2mms[22m[39m
release	UNKNOWN STEP	2025-10-27T20:27:40.3721764Z  [32mâœ“[39m src/telemetry/memory-monitor.test.ts [2m([22m[2m31 tests[22m[2m)[22m[32m 38[2mms[22m[39m
release	UNKNOWN STEP	2025-10-27T20:27:40.5010289Z  [32mâœ“[39m src/telemetry/uiTelemetry.test.ts [2m([22m[2m19 tests[22m[2m)[22m[32m 18[2mms[22m[39m
release	UNKNOWN STEP	2025-10-27T20:27:40.6947430Z  [32mâœ“[39m src/utils/editor.test.ts [2m([22m[2m113 tests[22m[2m)[22m[32m 46[2mms[22m[39m
release	UNKNOWN STEP	2025-10-27T20:27:41.1217532Z  [32mâœ“[39m src/utils/memoryDiscovery.test.ts [2m([22m[2m16 tests[22m[2m)[22m[32m 117[2mms[22m[39m
release	UNKNOWN STEP	2025-10-27T20:27:41.4773431Z  [32mâœ“[39m src/tools/glob.test.ts [2m([22m[2m38 tests[22m[2m)[22m[33m 1909[2mms[22m[39m
release	UNKNOWN STEP	2025-10-27T20:27:41.5258837Z  [32mâœ“[39m src/tools/read-file.test.ts [2m([22m[2m28 tests[22m[2m)[22m[32m 232[2mms[22m[39m
release	UNKNOWN STEP	2025-10-27T20:27:41.8528524Z  [32mâœ“[39m src/utils/paths.test.ts [2m([22m[2m88 tests[22m[2m | [22m[33m17 skipped[39m[2m)[22m[32m 27[2mms[22m[39m
release	UNKNOWN STEP	2025-10-27T20:27:42.2638620Z  [32mâœ“[39m src/utils/systemEncoding.test.ts [2m([22m[2m38 tests[22m[2m)[22m[32m 41[2mms[22m[39m
release	UNKNOWN STEP	2025-10-27T20:27:42.9187609Z  [32mâœ“[39m src/tools/memoryTool.test.ts [2m([22m[2m19 tests[22m[2m)[22m[32m 77[2mms[22m[39m
release	UNKNOWN STEP	2025-10-27T20:27:42.9942172Z  [32mâœ“[39m src/core/baseLlmClient.test.ts [2m([22m[2m21 tests[22m[2m)[22m[32m 20[2mms[22m[39m
release	UNKNOWN STEP	2025-10-27T20:27:43.6110970Z  [32mâœ“[39m src/output/stream-json-formatter.test.ts [2m([22m[2m19 tests[22m[2m)[22m[32m 16[2mms[22m[39m
release	UNKNOWN STEP	2025-10-27T20:27:43.6695233Z (node:8261) MaxListenersExceededWarning: Possible EventTarget memory leak detected. 11 abort listeners added to [AbortSignal]. MaxListeners is 10. Use events.setMaxListeners() to increase limit
release	UNKNOWN STEP	2025-10-27T20:27:43.6697506Z (Use `node --trace-warnings ...` to show where the warning was created)
release	UNKNOWN STEP	2025-10-27T20:27:43.8540378Z  [32mâœ“[39m src/tools/grep.test.ts [2m([22m[2m24 tests[22m[2m)[22m[33m 302[2mms[22m[39m
release	UNKNOWN STEP	2025-10-27T20:27:43.9936806Z  [32mâœ“[39m src/tools/shell.test.ts [2m([22m[2m26 tests[22m[2m | [22m[33m1 skipped[39m[2m)[22m[32m 212[2mms[22m[39m
release	UNKNOWN STEP	2025-10-27T20:27:44.0861729Z  [32mâœ“[39m src/utils/workspaceContext.test.ts [2m([22m[2m34 tests[22m[2m)[22m[32m 53[2mms[22m[39m
release	UNKNOWN STEP	2025-10-27T20:27:44.3335941Z  [32mâœ“[39m src/core/prompts.test.ts [2m([22m[2m39 tests[22m[2m)[22m[32m 54[2mms[22m[39m
release	UNKNOWN STEP	2025-10-27T20:27:44.4211925Z  [32mâœ“[39m src/mcp/oauth-token-storage.test.ts [2m([22m[2m28 tests[22m[2m)[22m[32m 26[2mms[22m[39m
release	UNKNOWN STEP	2025-10-27T20:27:44.8693445Z  [32mâœ“[39m src/utils/filesearch/crawler.test.ts [2m([22m[2m18 tests[22m[2m)[22m[32m 90[2mms[22m[39m
release	UNKNOWN STEP	2025-10-27T20:27:45.1569179Z  [32mâœ“[39m src/utils/googleErrors.test.ts [2m([22m[2m13 tests[22m[2m)[22m[32m 13[2mms[22m[39m
release	UNKNOWN STEP	2025-10-27T20:27:45.5502014Z  [32mâœ“[39m src/utils/retry.test.ts [2m([22m[2m22 tests[22m[2m)[22m[32m 68[2mms[22m[39m
release	UNKNOWN STEP	2025-10-27T20:27:45.8292765Z  [32mâœ“[39m src/utils/pathReader.test.ts [2m([22m[2m16 tests[22m[2m)[22m[32m 70[2mms[22m[39m
release	UNKNOWN STEP	2025-10-27T20:27:46.0580196Z  [32mâœ“[39m src/code_assist/converter.test.ts [2m([22m[2m24 tests[22m[2m)[22m[32m 13[2mms[22m[39m
release	UNKNOWN STEP	2025-10-27T20:27:46.2292173Z  [32mâœ“[39m src/mcp/token-storage/keychain-token-storage.test.ts [2m([22m[2m25 tests[22m[2m)[22m[32m 97[2mms[22m[39m
release	UNKNOWN STEP	2025-10-27T20:27:46.3870065Z  [32mâœ“[39m src/ide/ideContext.test.ts [2m([22m[2m23 tests[22m[2m)[22m[32m 24[2mms[22m[39m
release	UNKNOWN STEP	2025-10-27T20:27:46.7458179Z  [32mâœ“[39m src/mcp/oauth-utils.test.ts [2m([22m[2m29 tests[22m[2m)[22m[32m 29[2mms[22m[39m
release	UNKNOWN STEP	2025-10-27T20:27:46.9344655Z  [32mâœ“[39m src/tools/tool-registry.test.ts [2m([22m[2m9 tests[22m[2m)[22m[32m 88[2mms[22m[39m
release	UNKNOWN STEP	2025-10-27T20:27:46.9362755Z  [32mâœ“[39m src/tools/ls.test.ts [2m([22m[2m22 tests[22m[2m)[22m[32m 168[2mms[22m[39m
release	UNKNOWN STEP	2025-10-27T20:27:47.1578421Z  [32mâœ“[39m src/telemetry/gcp-exporters.test.ts [2m([22m[2m18 tests[22m[2m)[22m[32m 54[2mms[22m[39m
release	UNKNOWN STEP	2025-10-27T20:27:47.3221375Z  [32mâœ“[39m src/utils/userAccountManager.test.ts [2m([22m[2m23 tests[22m[2m)[22m[32m 41[2mms[22m[39m
release	UNKNOWN STEP	2025-10-27T20:27:47.5670960Z  [32mâœ“[39m src/utils/getFolderStructure.test.ts [2m([22m[2m15 tests[22m[2m)[22m[32m 91[2mms[22m[39m
release	UNKNOWN STEP	2025-10-27T20:27:47.6245446Z  [32mâœ“[39m src/utils/partUtils.test.ts [2m([22m[2m37 tests[22m[2m)[22m[32m 11[2mms[22m[39m
release	UNKNOWN STEP	2025-10-27T20:27:49.4359934Z  [32mâœ“[39m src/services/chatRecordingService.test.ts [2m([22m[2m10 tests[22m[2m)[22m[32m 21[2mms[22m[39m
release	UNKNOWN STEP	2025-10-27T20:27:49.7732033Z  [32mâœ“[39m src/utils/ignorePatterns.test.ts [2m([22m[2m28 tests[22m[2m)[22m[32m 20[2mms[22m[39m
release	UNKNOWN STEP	2025-10-27T20:27:50.0001555Z  [32mâœ“[39m src/core/nonInteractiveToolExecutor.test.ts [2m([22m[2m8 tests[22m[2m)[22m[32m 17[2mms[22m[39m
release	UNKNOWN STEP	2025-10-27T20:27:50.1683494Z  [32mâœ“[39m src/agents/invocation.test.ts [2m([22m[2m11 tests[22m[2m)[22m[32m 21[2mms[22m[39m
release	UNKNOWN STEP	2025-10-27T20:27:50.3313359Z  [32mâœ“[39m src/utils/googleQuotaErrors.test.ts [2m([22m[2m13 tests[22m[2m)[22m[32m 11[2mms[22m[39m
release	UNKNOWN STEP	2025-10-27T20:27:50.5430141Z  [32mâœ“[39m src/tools/modifiable-tool.test.ts [2m([22m[2m11 tests[22m[2m)[22m[32m 36[2mms[22m[39m
release	UNKNOWN STEP	2025-10-27T20:27:50.7856952Z  [32mâœ“[39m src/utils/generateContentResponseUtilities.test.ts [2m([22m[2m29 tests[22m[2m)[22m[32m 14[2mms[22m[39m
release	UNKNOWN STEP	2025-10-27T20:27:51.0377983Z  [32mâœ“[39m src/utils/llm-edit-fixer.test.ts [2m([22m[2m7 tests[22m[2m)[22m[32m 12[2mms[22m[39m
release	UNKNOWN STEP	2025-10-27T20:27:51.0754956Z  [32mâœ“[39m src/telemetry/activity-monitor.test.ts [2m([22m[2m22 tests[22m[2m)[22m[32m 12[2mms[22m[39m
release	UNKNOWN STEP	2025-10-27T20:27:51.3277427Z  [32mâœ“[39m src/output/json-formatter.test.ts [2m([22m[2m15 tests[22m[2m)[22m[32m 11[2mms[22m[39m
release	UNKNOWN STEP	2025-10-27T20:27:51.3848717Z  [32mâœ“[39m src/utils/gitIgnoreParser.test.ts [2m([22m[2m22 tests[22m[2m)[22m[32m 64[2mms[22m[39m
release	UNKNOWN STEP	2025-10-27T20:27:51.6886716Z  [32mâœ“[39m src/mcp/token-storage/file-token-storage.test.ts [2m([22m[2m16 tests[22m[2m)[22m[33m 810[2mms[22m[39m
release	UNKNOWN STEP	2025-10-27T20:27:51.7465451Z  [32mâœ“[39m src/services/gitService.test.ts [2m([22m[2m14 tests[22m[2m)[22m[32m 57[2mms[22m[39m
release	UNKNOWN STEP	2025-10-27T20:27:51.9256582Z  [32mâœ“[39m src/tools/message-bus-integration.test.ts [2m([22m[2m9 tests[22m[2m)[22m[32m 70[2mms[22m[39m
release	UNKNOWN STEP	2025-10-27T20:27:52.2513791Z  [32mâœ“[39m src/telemetry/rate-limiter.test.ts [2m([22m[2m24 tests[22m[2m)[22m[32m 18[2mms[22m[39m
release	UNKNOWN STEP	2025-10-27T20:27:52.5754423Z  [32mâœ“[39m src/mcp/token-storage/hybrid-token-storage.test.ts [2m([22m[2m11 tests[22m[2m)[22m[32m 22[2mms[22m[39m
release	UNKNOWN STEP	2025-10-27T20:27:53.1160049Z  [32mâœ“[39m src/telemetry/sdk.test.ts [2m([22m[2m9 tests[22m[2m)[22m[32m 35[2mms[22m[39m
release	UNKNOWN STEP	2025-10-27T20:27:53.9526634Z  [32mâœ“[39m src/utils/nextSpeakerChecker.test.ts [2m([22m[2m10 tests[22m[2m)[22m[32m 21[2mms[22m[39m
release	UNKNOWN STEP	2025-10-27T20:27:54.3274648Z  [32mâœ“[39m src/services/fileDiscoveryService.test.ts [2m([22m[2m15 tests[22m[2m)[22m[32m 50[2mms[22m[39m
release	UNKNOWN STEP	2025-10-27T20:27:54.4593594Z  [32mâœ“[39m src/routing/strategies/classifierStrategy.test.ts [2m([22m[2m8 tests[22m[2m)[22m[32m 19[2mms[22m[39m
release	UNKNOWN STEP	2025-10-27T20:27:54.6985712Z  [32mâœ“[39m src/utils/bfsFileSearch.test.ts [2m([22m[2m11 tests[22m[2m)[22m[32m 87[2mms[22m[39m
release	UNKNOWN STEP	2025-10-27T20:27:54.7942777Z  [32mâœ“[39m src/utils/secure-browser-launcher.test.ts [2m([22m[2m14 tests[22m[2m)[22m[32m 30[2mms[22m[39m
release	UNKNOWN STEP	2025-10-27T20:27:54.8354220Z  [32mâœ“[39m src/tools/web-search.test.ts [2m([22m[2m9 tests[22m[2m)[22m[32m 96[2mms[22m[39m
release	UNKNOWN STEP	2025-10-27T20:27:55.1624877Z  [32mâœ“[39m src/confirmation-bus/message-bus.test.ts [2m([22m[2m10 tests[22m[2m)[22m[32m 19[2mms[22m[39m
release	UNKNOWN STEP	2025-10-27T20:27:55.3420206Z  [32mâœ“[39m src/code_assist/oauth-credential-storage.test.ts [2m([22m[2m12 tests[22m[2m)[22m[32m 36[2mms[22m[39m
release	UNKNOWN STEP	2025-10-27T20:27:55.5031641Z  [32mâœ“[39m src/utils/errorReporting.test.ts [2m([22m[2m6 tests[22m[2m)[22m[32m 37[2mms[22m[39m
release	UNKNOWN STEP	2025-10-27T20:27:55.6388873Z  [32mâœ“[39m src/core/fakeContentGenerator.test.ts [2m([22m[2m14 tests[22m[2m)[22m[32m 13[2mms[22m[39m
release	UNKNOWN STEP	2025-10-27T20:27:55.9073454Z  [32mâœ“[39m src/telemetry/high-water-mark-tracker.test.ts [2m([22m[2m18 tests[22m[2m)[22m[32m 15[2mms[22m[39m
release	UNKNOWN STEP	2025-10-27T20:27:57.1869984Z  [32mâœ“[39m src/fallback/handler.test.ts [2m([22m[2m10 tests[22m[2m)[22m[32m 15[2mms[22m[39m
release	UNKNOWN STEP	2025-10-27T20:27:57.3938688Z  [32mâœ“[39m src/utils/summarizer.test.ts [2m([22m[2m8 tests[22m[2m)[22m[32m 62[2mms[22m[39m
release	UNKNOWN STEP	2025-10-27T20:27:57.6881604Z  [32mâœ“[39m src/tools/tools.test.ts [2m([22m[2m11 tests[22m[2m)[22m[32m 14[2mms[22m[39m
release	UNKNOWN STEP	2025-10-27T20:27:57.9171907Z  [32mâœ“[39m src/utils/terminalSerializer.test.ts [2m([22m[2m16 tests[22m[2m)[22m[32m 116[2mms[22m[39m
release	UNKNOWN STEP	2025-10-27T20:27:58.1311711Z  [32mâœ“[39m src/agents/registry.test.ts [2m([22m[2m12 tests[22m[2m)[22m[32m 14[2mms[22m[39m
release	UNKNOWN STEP	2025-10-27T20:27:58.2270939Z  [32mâœ“[39m src/code_assist/server.test.ts [2m([22m[2m8 tests[22m[2m)[22m[32m 40[2mms[22m[39m
release	UNKNOWN STEP	2025-10-27T20:27:58.4611127Z  [32mâœ“[39m src/routing/strategies/compositeStrategy.test.ts [2m([22m[2m6 tests[22m[2m)[22m[32m 17[2mms[22m[39m
release	UNKNOWN STEP	2025-10-27T20:27:58.6842738Z  [32mâœ“[39m src/code_assist/setup.test.ts [2m([22m[2m7 tests[22m[2m)[22m[32m 15[2mms[22m[39m
release	UNKNOWN STEP	2025-10-27T20:27:58.7804232Z  [32mâœ“[39m src/ide/process-utils.test.ts [2m([22m[2m8 tests[22m[2m)[22m[32m 11[2mms[22m[39m
release	UNKNOWN STEP	2025-10-27T20:27:59.0501401Z  [32mâœ“[39m src/ide/ide-installer.test.ts [2m([22m[2m11 tests[22m[2m)[22m[32m 18[2mms[22m[39m
release	UNKNOWN STEP	2025-10-27T20:27:59.2166574Z  [32mâœ“[39m src/core/contentGenerator.test.ts [2m([22m[2m9 tests[22m[2m)[22m[32m 14[2mms[22m[39m
release	UNKNOWN STEP	2025-10-27T20:27:59.4541902Z  [32mâœ“[39m src/mcp/sa-impersonation-provider.test.ts [2m([22m[2m8 tests[22m[2m)[22m[32m 24[2mms[22m[39m
release	UNKNOWN STEP	2025-10-27T20:27:59.5592079Z  [32mâœ“[39m src/utils/environmentContext.test.ts [2m([22m[2m6 tests[22m[2m)[22m[32m 31[2mms[22m[39m
release	UNKNOWN STEP	2025-10-27T20:27:59.8774142Z  [32mâœ“[39m src/tools/diffOptions.test.ts [2m([22m[2m9 tests[22m[2m)[22m[32m 11[2mms[22m[39m
release	UNKNOWN STEP	2025-10-27T20:27:59.8950918Z  [32mâœ“[39m src/mcp/google-auth-provider.test.ts [2m([22m[2m10 tests[22m[2m)[22m[32m 31[2mms[22m[39m
release	UNKNOWN STEP	2025-10-27T20:28:00.2618088Z  [32mâœ“[39m src/utils/events.test.ts [2m([22m[2m8 tests[22m[2m)[22m[32m 62[2mms[22m[39m
release	UNKNOWN STEP	2025-10-27T20:28:00.6125360Z  [32mâœ“[39m src/utils/filesearch/ignore.test.ts [2m([22m[2m12 tests[22m[2m)[22m[32m 21[2mms[22m[39m
release	UNKNOWN STEP	2025-10-27T20:28:01.3082394Z  [32mâœ“[39m src/agents/subagent-tool-wrapper.test.ts [2m([22m[2m7 tests[22m[2m)[22m[32m 61[2mms[22m[39m
release	UNKNOWN STEP	2025-10-27T20:28:01.6234850Z  [32mâœ“[39m src/mcp/token-storage/base-token-storage.test.ts [2m([22m[2m12 tests[22m[2m)[22m[32m 10[2mms[22m[39m
release	UNKNOWN STEP	2025-10-27T20:28:01.8655630Z  [32mâœ“[39m src/telemetry/config.test.ts [2m([22m[2m11 tests[22m[2m)[22m[32m 12[2mms[22m[39m
release	UNKNOWN STEP	2025-10-27T20:28:01.9066096Z  [32mâœ“[39m src/agents/schema-utils.test.ts [2m([22m[2m6 tests[22m[2m)[22m[32m 10[2mms[22m[39m
release	UNKNOWN STEP	2025-10-27T20:28:02.1567645Z  [32mâœ“[39m src/telemetry/activity-detector.test.ts [2m([22m[2m13 tests[22m[2m)[22m[32m 14[2mms[22m[39m
release	UNKNOWN STEP	2025-10-27T20:28:02.3537454Z  [32mâœ“[39m src/routing/modelRouterService.test.ts [2m([22m[2m5 tests[22m[2m)[22m[32m 49[2mms[22m[39m
release	UNKNOWN STEP	2025-10-27T20:28:02.4309220Z  [32mâœ“[39m src/agents/utils.test.ts [2m([22m[2m12 tests[22m[2m)[22m[32m 6[2mms[22m[39m
release	UNKNOWN STEP	2025-10-27T20:28:02.7114448Z  [32mâœ“[39m src/ide/detect-ide.test.ts [2m([22m[2m14 tests[22m[2m)[22m[32m 10[2mms[22m[39m
release	UNKNOWN STEP	2025-10-27T20:28:03.3939622Z  [32mâœ“[39m src/tools/write-todos.test.ts [2m([22m[2m9 tests[22m[2m)[22m[32m 101[2mms[22m[39m
release	UNKNOWN STEP	2025-10-27T20:28:03.6961464Z  [32mâœ“[39m src/utils/errorParsing.test.ts [2m([22m[2m10 tests[22m[2m)[22m[32m 5[2mms[22m[39m
release	UNKNOWN STEP	2025-10-27T20:28:03.7068481Z  [32mâœ“[39m src/utils/filesearch/crawlCache.test.ts [2m([22m[2m9 tests[22m[2m)[22m[32m 14[2mms[22m[39m
release	UNKNOWN STEP	2025-10-27T20:28:04.0455791Z  [32mâœ“[39m src/utils/pathCorrector.test.ts [2m([22m[2m4 tests[22m[2m)[22m[32m 32[2mms[22m[39m
release	UNKNOWN STEP	2025-10-27T20:28:04.3853800Z  [32mâœ“[39m src/utils/delay.test.ts [2m([22m[2m7 tests[22m[2m)[22m[32m 21[2mms[22m[39m
release	UNKNOWN STEP	2025-10-27T20:28:04.5164904Z  [32mâœ“[39m src/utils/flashFallback.test.ts [2m([22m[2m4 tests[22m[2m)[22m[32m 17[2mms[22m[39m
release	UNKNOWN STEP	2025-10-27T20:28:04.7056685Z  [32mâœ“[39m src/utils/installationManager.test.ts [2m([22m[2m4 tests[22m[2m)[22m[32m 12[2mms[22m[39m
release	UNKNOWN STEP	2025-10-27T20:28:04.9811491Z  [32mâœ“[39m src/utils/schemaValidator.test.ts [2m([22m[2m7 tests[22m[2m)[22m[32m 59[2mms[22m[39m
release	UNKNOWN STEP	2025-10-27T20:28:05.3275256Z  [32mâœ“[39m src/utils/debugLogger.test.ts [2m([22m[2m6 tests[22m[2m)[22m[32m 13[2mms[22m[39m
release	UNKNOWN STEP	2025-10-27T20:28:05.6174539Z  [32mâœ“[39m src/utils/textUtils.test.ts [2m([22m[2m12 tests[22m[2m)[22m[32m 7[2mms[22m[39m
release	UNKNOWN STEP	2025-10-27T20:28:05.8809737Z  [32mâœ“[39m src/config/models.test.ts [2m([22m[2m9 tests[22m[2m)[22m[32m 6[2mms[22m[39m
release	UNKNOWN STEP	2025-10-27T20:28:06.1447051Z  [32mâœ“[39m src/routing/strategies/fallbackStrategy.test.ts [2m([22m[2m4 tests[22m[2m)[22m[32m 5[2mms[22m[39m
release	UNKNOWN STEP	2025-10-27T20:28:06.2344269Z  [32mâœ“[39m src/config/flashFallback.test.ts [2m([22m[2m6 tests[22m[2m)[22m[32m 6[2mms[22m[39m
release	UNKNOWN STEP	2025-10-27T20:28:06.3847463Z  [32mâœ“[39m src/utils/thoughtUtils.test.ts [2m([22m[2m11 tests[22m[2m)[22m[32m 7[2mms[22m[39m
release	UNKNOWN STEP	2025-10-27T20:28:06.5394665Z  [32mâœ“[39m src/utils/safeJsonStringify.test.ts [2m([22m[2m8 tests[22m[2m)[22m[32m 6[2mms[22m[39m
release	UNKNOWN STEP	2025-10-27T20:28:06.8749144Z  [32mâœ“[39m src/utils/geminiIgnoreParser.test.ts [2m([22m[2m2 tests[22m[2m)[22m[32m 28[2mms[22m[39m
release	UNKNOWN STEP	2025-10-27T20:28:07.1177439Z  [32mâœ“[39m src/utils/tool-utils.test.ts [2m([22m[2m8 tests[22m[2m)[22m[32m 5[2mms[22m[39m
release	UNKNOWN STEP	2025-10-27T20:28:07.1885682Z  [32mâœ“[39m src/config/storage.test.ts [2m([22m[2m6 tests[22m[2m)[22m[32m 5[2mms[22m[39m
release	UNKNOWN STEP	2025-10-27T20:28:07.4100774Z  [32mâœ“[39m src/routing/strategies/overrideStrategy.test.ts [2m([22m[2m3 tests[22m[2m)[22m[32m 6[2mms[22m[39m
release	UNKNOWN STEP	2025-10-27T20:28:07.7144688Z  [32mâœ“[39m src/utils/filesearch/result-cache.test.ts [2m([22m[2m3 tests[22m[2m)[22m[32m 6[2mms[22m[39m
release	UNKNOWN STEP	2025-10-27T20:28:08.0628766Z  [32mâœ“[39m src/services/fileSystemService.test.ts [2m([22m[2m3 tests[22m[2m)[22m[32m 11[2mms[22m[39m
release	UNKNOWN STEP	2025-10-27T20:28:08.3376590Z  [32mâœ“[39m src/telemetry/telemetry-utils.test.ts [2m([22m[2m6 tests[22m[2m)[22m[32m 4[2mms[22m[39m
release	UNKNOWN STEP	2025-10-27T20:28:08.6439648Z  [32mâœ“[39m src/routing/strategies/defaultStrategy.test.ts [2m([22m[2m1 test[22m[2m)[22m[32m 5[2mms[22m[39m
release	UNKNOWN STEP	2025-10-27T20:28:08.8368970Z  [32mâœ“[39m src/tools/mcp-client-manager.test.ts [2m([22m[2m2 tests[22m[2m)[22m[32m 6[2mms[22m[39m
release	UNKNOWN STEP	2025-10-27T20:28:08.9233989Z  [32mâœ“[39m src/utils/formatters.test.ts [2m([22m[2m4 tests[22m[2m)[22m[32m 4[2mms[22m[39m
release	UNKNOWN STEP	2025-10-27T20:28:09.1664199Z  [32mâœ“[39m src/commands/extensions.test.ts [2m([22m[2m1 test[22m[2m)[22m[32m 6[2mms[22m[39m
release	UNKNOWN STEP	2025-10-27T20:28:09.1784200Z  [32mâœ“[39m src/index.test.ts [2m([22m[2m1 test[22m[2m)[22m[32m 5[2mms[22m[39m
release	UNKNOWN STEP	2025-10-27T20:28:09.5236947Z  [32mâœ“[39m src/telemetry/telemetry.test.ts [2m([22m[2m2 tests[22m[2m)[22m[32m 16[2mms[22m[39m
release	UNKNOWN STEP	2025-10-27T20:28:12.5197918Z 
release	UNKNOWN STEP	2025-10-27T20:28:12.5218084Z [2m  Snapshots [22m [1m[33m4 obsolete[39m[22m
release	UNKNOWN STEP	2025-10-27T20:28:12.5219193Z [2m            [22m [90mâ†³[39m [2msrc/core/[22m[1mprompts[22m[2m.test.ts[22m
release	UNKNOWN STEP	2025-10-27T20:28:12.5222725Z [2m            [22m   [90mÂ·[39m Core System Prompt (prompts.ts) > should return the base prompt when 'no userMemory is provided' 1
release	UNKNOWN STEP	2025-10-27T20:28:12.5224185Z [2m            [22m   [90mÂ·[39m Core System Prompt (prompts.ts) > should return the base prompt when 'userMemory is empty string' 1
release	UNKNOWN STEP	2025-10-27T20:28:12.5226103Z [2m            [22m   [90mÂ·[39m Core System Prompt (prompts.ts) > should return the base prompt when 'userMemory is whitespace only' 1
release	UNKNOWN STEP	2025-10-27T20:28:12.5227569Z [2m            [22m   [90mÂ·[39m Core System Prompt (prompts.ts) > should return the base prompt when no userMemory is provided 1
release	UNKNOWN STEP	2025-10-27T20:28:12.5228193Z 
release	UNKNOWN STEP	2025-10-27T20:28:12.5228682Z [2m Test Files [22m [1m[32m140 passed[39m[22m[90m (140)[39m
release	UNKNOWN STEP	2025-10-27T20:28:12.5232753Z [2m      Tests [22m [1m[32m2722 passed[39m[22m[2m | [22m[33m21 skipped[39m[90m (2743)[39m
release	UNKNOWN STEP	2025-10-27T20:28:12.5233614Z [2m   Start at [22m 20:27:14
release	UNKNOWN STEP	2025-10-27T20:28:12.5238915Z [2m   Duration [22m 57.61s[2m (transform 4.91s, setup 502ms, collect 96.36s, tests 20.00s, environment 48ms, prepare 14.03s)[22m
release	UNKNOWN STEP	2025-10-27T20:28:12.5239627Z 
release	UNKNOWN STEP	2025-10-27T20:28:12.9989695Z JUNIT report written to /home/runner/work/gemini-cli/gemini-cli/release/packages/core/junit.xml
release	UNKNOWN STEP	2025-10-27T20:28:13.0014941Z [34m % [39m[2mCoverage report from [22m[33mv8[39m
release	UNKNOWN STEP	2025-10-27T20:28:13.5865445Z 
release	UNKNOWN STEP	2025-10-27T20:28:13.5866281Z > gemini-cli-vscode-ide-companion@0.12.0-nightly.20251022.0542de95 test:ci
release	UNKNOWN STEP	2025-10-27T20:28:13.5866750Z > vitest run --coverage
release	UNKNOWN STEP	2025-10-27T20:28:13.5866891Z 
release	UNKNOWN STEP	2025-10-27T20:28:13.9838129Z 
release	UNKNOWN STEP	2025-10-27T20:28:13.9843619Z [1m[46m RUN [49m[22m [36mv3.2.4 [39m[90m/home/runner/work/gemini-cli/gemini-cli/release/packages/vscode-ide-companion[39m
release	UNKNOWN STEP	2025-10-27T20:28:13.9844820Z       [2mCoverage enabled with [22m[33mv8[39m
release	UNKNOWN STEP	2025-10-27T20:28:13.9845207Z 
release	UNKNOWN STEP	2025-10-27T20:28:14.4735524Z  [32mâœ“[39m src/open-files-manager.test.ts [2m([22m[2m17 tests[22m[2m)[22m[32m 41[2mms[22m[39m
release	UNKNOWN STEP	2025-10-27T20:28:14.8548420Z  [32mâœ“[39m src/ide-server.test.ts [2m([22m[2m13 tests[22m[2m | [22m[33m1 skipped[39m[2m)[22m[32m 159[2mms[22m[39m
release	UNKNOWN STEP	2025-10-27T20:28:14.8771869Z  [32mâœ“[39m src/extension.test.ts [2m([22m[2m11 tests[22m[2m)[22m[32m 119[2mms[22m[39m
release	UNKNOWN STEP	2025-10-27T20:28:15.1138448Z 
release	UNKNOWN STEP	2025-10-27T20:28:15.1142298Z [2m Test Files [22m [1m[32m3 passed[39m[22m[90m (3)[39m
release	UNKNOWN STEP	2025-10-27T20:28:15.1143564Z [2m      Tests [22m [1m[32m40 passed[39m[22m[2m | [22m[33m1 skipped[39m[90m (41)[39m
release	UNKNOWN STEP	2025-10-27T20:28:15.1144450Z [2m   Start at [22m 20:28:13
release	UNKNOWN STEP	2025-10-27T20:28:15.1147787Z [2m   Duration [22m 1.13s[2m (transform 347ms, setup 0ms, collect 1.11s, tests 319ms, environment 1ms, prepare 316ms)[22m
release	UNKNOWN STEP	2025-10-27T20:28:15.1148507Z 
release	UNKNOWN STEP	2025-10-27T20:28:15.1159384Z [34m % [39m[2mCoverage report from [22m[33mv8[39m
release	UNKNOWN STEP	2025-10-27T20:28:15.1197300Z -------------------|---------|----------|---------|---------|-------------------
release	UNKNOWN STEP	2025-10-27T20:28:15.1198596Z File               | % Stmts | % Branch | % Funcs | % Lines | Uncovered Line #s 
release	UNKNOWN STEP	2025-10-27T20:28:15.1199684Z -------------------|---------|----------|---------|---------|-------------------
release	UNKNOWN STEP	2025-10-27T20:28:15.1204458Z All files          |      48 |    76.63 |    55.1 |      48 |                   
release	UNKNOWN STEP	2025-10-27T20:28:15.1205786Z  ...-ide-companion |       0 |        0 |       0 |       0 |                   
release	UNKNOWN STEP	2025-10-27T20:28:15.1206780Z   esbuild.js       |       0 |        0 |       0 |       0 | 1-69              
release	UNKNOWN STEP	2025-10-27T20:28:15.1207654Z  ...panion/scripts |       0 |        0 |       0 |       0 |                   
release	UNKNOWN STEP	2025-10-27T20:28:15.1208608Z   ...de-release.js |       0 |        0 |       0 |       0 | 1-99              
release	UNKNOWN STEP	2025-10-27T20:28:15.1209657Z   ...te-notices.js |       0 |        0 |       0 |       0 | 1-160             
release	UNKNOWN STEP	2025-10-27T20:28:15.1210847Z  ...-companion/src |   61.57 |     79.2 |   57.77 |   61.57 |                   
release	UNKNOWN STEP	2025-10-27T20:28:15.1211653Z   diff-manager.ts  |   23.38 |       80 |      25 |   23.38 | ...37-238,241-266 
release	UNKNOWN STEP	2025-10-27T20:28:15.1213260Z   extension.ts     |   67.19 |       80 |      50 |   67.19 | ...04-208,213-227 
release	UNKNOWN STEP	2025-10-27T20:28:15.1215877Z   ide-server.ts    |   66.19 |    74.46 |   68.75 |   66.19 | ...60-463,472-489 
release	UNKNOWN STEP	2025-10-27T20:28:15.1217098Z   ...es-manager.ts |   94.36 |    85.29 |     100 |   94.36 | ...88,146-147,154 
release	UNKNOWN STEP	2025-10-27T20:28:15.1220803Z  ...nion/src/utils |   88.23 |    66.66 |     100 |   88.23 |                   
release	UNKNOWN STEP	2025-10-27T20:28:15.1222454Z   logger.ts        |   88.23 |    66.66 |     100 |   88.23 | 21-22             
release	UNKNOWN STEP	2025-10-27T20:28:15.1223404Z -------------------|---------|----------|---------|---------|-------------------
release	UNKNOWN STEP	2025-10-27T20:28:15.3070203Z 
release	UNKNOWN STEP	2025-10-27T20:28:15.3070911Z > @google/gemini-cli@0.12.0-nightly.20251022.0542de95 test:scripts
release	UNKNOWN STEP	2025-10-27T20:28:15.3071506Z > vitest run --config ./scripts/tests/vitest.config.ts
release	UNKNOWN STEP	2025-10-27T20:28:15.3071740Z 
release	UNKNOWN STEP	2025-10-27T20:28:15.6047397Z 
release	UNKNOWN STEP	2025-10-27T20:28:15.6050317Z [1m[46m RUN [49m[22m [36mv3.2.4 [39m[90m/home/runner/work/gemini-cli/gemini-cli/release[39m
release	UNKNOWN STEP	2025-10-27T20:28:15.6050936Z 
release	UNKNOWN STEP	2025-10-27T20:28:16.0192339Z [90mstderr[2m | scripts/tests/get-release-version.test.js[2m > [22m[2mgetVersion[2m > [22m[2mAdvanced Scenarios[2m > [22m[2mshould ignore a deprecated version and use the next highest
release	UNKNOWN STEP	2025-10-27T20:28:16.0195412Z [22m[39mIgnoring deprecated version: 0.9.0-nightly.20250917.deprecated
release	UNKNOWN STEP	2025-10-27T20:28:16.0195928Z 
release	UNKNOWN STEP	2025-10-27T20:28:16.0205741Z [90mstderr[2m | scripts/tests/get-release-version.test.js[2m > [22m[2mgetVersion[2m > [22m[2mAdvanced Scenarios[2m > [22m[2mshould auto-increment patch version if the calculated one already exists
release	UNKNOWN STEP	2025-10-27T20:28:16.0207725Z [22m[39mGit tag v0.7.0 already exists.
release	UNKNOWN STEP	2025-10-27T20:28:16.0208653Z Version 0.7.0 exists, incrementing.
release	UNKNOWN STEP	2025-10-27T20:28:16.0210845Z 
release	UNKNOWN STEP	2025-10-27T20:28:16.0223808Z [90mstderr[2m | scripts/tests/get-release-version.test.js[2m > [22m[2mgetVersion[2m > [22m[2mAdvanced Scenarios[2m > [22m[2mshould auto-increment preview number if the calculated one already exists
release	UNKNOWN STEP	2025-10-27T20:28:16.0225875Z [22m[39mVersion 0.8.0-preview.0 already exists on NPM.
release	UNKNOWN STEP	2025-10-27T20:28:16.0226965Z Version 0.8.0-preview.0 exists, incrementing.
release	UNKNOWN STEP	2025-10-27T20:28:16.0231707Z 
release	UNKNOWN STEP	2025-10-27T20:28:16.0255072Z  [32mâœ“[39m scripts/tests/get-release-version.test.js [2m([22m[2m8 tests[22m[2m)[22m[32m 30[2mms[22m[39m
release	UNKNOWN STEP	2025-10-27T20:28:16.9214988Z  [32mâœ“[39m scripts/tests/patch-create-comment.test.js [2m([22m[2m15 tests[22m[2m)[22m[33m 1036[2mms[22m[39m
release	UNKNOWN STEP	2025-10-27T20:28:16.9319066Z 
release	UNKNOWN STEP	2025-10-27T20:28:16.9323685Z [2m Test Files [22m [1m[32m2 passed[39m[22m[90m (2)[39m
release	UNKNOWN STEP	2025-10-27T20:28:16.9324605Z [2m      Tests [22m [1m[32m23 passed[39m[22m[90m (23)[39m
release	UNKNOWN STEP	2025-10-27T20:28:16.9325252Z [2m   Start at [22m 20:28:15
release	UNKNOWN STEP	2025-10-27T20:28:16.9328309Z [2m   Duration [22m 1.33s[2m (transform 122ms, setup 38ms, collect 215ms, tests 1.07s, environment 0ms, prepare 154ms)[22m
release	UNKNOWN STEP	2025-10-27T20:28:16.9329255Z 
release	UNKNOWN STEP	2025-10-27T20:28:17.0366563Z ##[endgroup]
release	UNKNOWN STEP	2025-10-27T20:28:17.0366987Z ##[group]Integration Tests (no sandbox)
release	UNKNOWN STEP	2025-10-27T20:28:17.1645423Z 
release	UNKNOWN STEP	2025-10-27T20:28:17.1646321Z > @google/gemini-cli@0.12.0-nightly.20251022.0542de95 test:integration:sandbox:none
release	UNKNOWN STEP	2025-10-27T20:28:17.1646973Z > cross-env GEMINI_SANDBOX=false vitest run --root ./integration-tests
release	UNKNOWN STEP	2025-10-27T20:28:17.1647260Z 
release	UNKNOWN STEP	2025-10-27T20:28:17.4826556Z 
release	UNKNOWN STEP	2025-10-27T20:28:17.4828787Z [1m[46m RUN [49m[22m [36mv3.2.4 [39m[90m/home/runner/work/gemini-cli/gemini-cli/release/integration-tests[39m
release	UNKNOWN STEP	2025-10-27T20:28:17.4829501Z 
release	UNKNOWN STEP	2025-10-27T20:28:17.5259040Z 
release	UNKNOWN STEP	2025-10-27T20:28:17.5260263Z Integration test output directory: /home/runner/work/gemini-cli/gemini-cli/release/.integration-tests/1761596897525
release	UNKNOWN STEP	2025-10-27T20:28:19.7841457Z [90mstderr[2m | run_shell_command.test.ts
release	UNKNOWN STEP	2025-10-27T20:28:19.7873986Z [22m[39mCurrent logger will be overwritten from Error: 
release	UNKNOWN STEP	2025-10-27T20:28:19.7875298Z     at DiagAPI.setLogger (/home/runner/work/gemini-cli/gemini-cli/release/node_modules/@opentelemetry/api/src/api/diag.ts:97:23)
release	UNKNOWN STEP	2025-10-27T20:28:19.7876874Z     at /home/runner/work/gemini-cli/gemini-cli/release/packages/core/src/telemetry/sdk.ts:49:6
release	UNKNOWN STEP	2025-10-27T20:28:19.7877924Z     at processTicksAndRejections (node:internal/process/task_queues:95:5)
release	UNKNOWN STEP	2025-10-27T20:28:19.7879725Z     at VitestExecutor.runModule (file:///home/runner/work/gemini-cli/gemini-cli/release/node_modules/vite-node/dist/client.mjs:397:4)
release	UNKNOWN STEP	2025-10-27T20:28:19.7881787Z     at VitestExecutor.directRequest (file:///home/runner/work/gemini-cli/gemini-cli/release/node_modules/vite-node/dist/client.mjs:375:3)
release	UNKNOWN STEP	2025-10-27T20:28:19.7883618Z     at VitestExecutor.cachedRequest (file:///home/runner/work/gemini-cli/gemini-cli/release/node_modules/vite-node/dist/client.mjs:189:11)
release	UNKNOWN STEP	2025-10-27T20:28:19.7886876Z     at VitestExecutor.dependencyRequest (file:///home/runner/work/gemini-cli/gemini-cli/release/node_modules/vite-node/dist/client.mjs:239:10)
release	UNKNOWN STEP	2025-10-27T20:28:19.7888340Z     at /home/runner/work/gemini-cli/gemini-cli/release/packages/core/src/telemetry/loggers.ts:67:1
release	UNKNOWN STEP	2025-10-27T20:28:19.7889805Z     at VitestExecutor.runModule (file:///home/runner/work/gemini-cli/gemini-cli/release/node_modules/vite-node/dist/client.mjs:397:4)
release	UNKNOWN STEP	2025-10-27T20:28:19.7891696Z     at VitestExecutor.directRequest (file:///home/runner/work/gemini-cli/gemini-cli/release/node_modules/vite-node/dist/client.mjs:375:3)
release	UNKNOWN STEP	2025-10-27T20:28:19.7893000Z Current logger will overwrite one already registered from Error: 
release	UNKNOWN STEP	2025-10-27T20:28:19.7894262Z     at DiagAPI.setLogger (/home/runner/work/gemini-cli/gemini-cli/release/node_modules/@opentelemetry/api/src/api/diag.ts:97:23)
release	UNKNOWN STEP	2025-10-27T20:28:19.7895610Z     at /home/runner/work/gemini-cli/gemini-cli/release/packages/core/src/telemetry/sdk.ts:49:6
release	UNKNOWN STEP	2025-10-27T20:28:19.7896681Z     at processTicksAndRejections (node:internal/process/task_queues:95:5)
release	UNKNOWN STEP	2025-10-27T20:28:19.7898027Z     at VitestExecutor.runModule (file:///home/runner/work/gemini-cli/gemini-cli/release/node_modules/vite-node/dist/client.mjs:397:4)
release	UNKNOWN STEP	2025-10-27T20:28:19.7899777Z     at VitestExecutor.directRequest (file:///home/runner/work/gemini-cli/gemini-cli/release/node_modules/vite-node/dist/client.mjs:375:3)
release	UNKNOWN STEP	2025-10-27T20:28:19.7901726Z     at VitestExecutor.cachedRequest (file:///home/runner/work/gemini-cli/gemini-cli/release/node_modules/vite-node/dist/client.mjs:189:11)
release	UNKNOWN STEP	2025-10-27T20:28:19.7903559Z     at VitestExecutor.dependencyRequest (file:///home/runner/work/gemini-cli/gemini-cli/release/node_modules/vite-node/dist/client.mjs:239:10)
release	UNKNOWN STEP	2025-10-27T20:28:19.7905131Z     at /home/runner/work/gemini-cli/gemini-cli/release/packages/core/src/telemetry/loggers.ts:67:1
release	UNKNOWN STEP	2025-10-27T20:28:19.7906561Z     at VitestExecutor.runModule (file:///home/runner/work/gemini-cli/gemini-cli/release/node_modules/vite-node/dist/client.mjs:397:4)
release	UNKNOWN STEP	2025-10-27T20:28:19.7908578Z     at VitestExecutor.directRequest (file:///home/runner/work/gemini-cli/gemini-cli/release/node_modules/vite-node/dist/client.mjs:375:3)
release	UNKNOWN STEP	2025-10-27T20:28:19.7909498Z 
release	UNKNOWN STEP	2025-10-27T20:28:33.1983500Z  [31mâ¯[39m simple-mcp-server.test.ts [2m([22m[2m1 test[22m[2m | [22m[31m1 failed[39m[2m)[22m[33m 15291[2mms[22m[39m
release	UNKNOWN STEP	2025-10-27T20:28:33.1985313Z [31m   [31mÃ—[31m simple-mcp-server[2m > [22mshould add two numbers[39m[33m 15288[2mms[22m[39m[33m (retry x2)[39m
release	UNKNOWN STEP	2025-10-27T20:28:33.1986386Z [31m     â†’ Process exited with code 1:
release	UNKNOWN STEP	2025-10-27T20:28:33.1987173Z YOLO mode is enabled. All tool calls will be automatically approved.
release	UNKNOWN STEP	2025-10-27T20:28:33.1988433Z GEMINI_API_KEY not found. Find your existing key or generate a new one at: https://aistudio.google.com/apikey
release	UNKNOWN STEP	2025-10-27T20:28:33.1989146Z 
release	UNKNOWN STEP	2025-10-27T20:28:33.1989750Z To continue, please set the GEMINI_API_KEY environment variable or add it to a .env file.
release	UNKNOWN STEP	2025-10-27T20:28:33.1990691Z [39m
release	UNKNOWN STEP	2025-10-27T20:28:33.1991179Z [31m     â†’ Process exited with code 1:
release	UNKNOWN STEP	2025-10-27T20:28:33.1991957Z YOLO mode is enabled. All tool calls will be automatically approved.
release	UNKNOWN STEP	2025-10-27T20:28:33.1993203Z GEMINI_API_KEY not found. Find your existing key or generate a new one at: https://aistudio.google.com/apikey
release	UNKNOWN STEP	2025-10-27T20:28:33.1993904Z 
release	UNKNOWN STEP	2025-10-27T20:28:33.1994511Z To continue, please set the GEMINI_API_KEY environment variable or add it to a .env file.
release	UNKNOWN STEP	2025-10-27T20:28:33.1995640Z [39m
release	UNKNOWN STEP	2025-10-27T20:28:33.1996130Z [31m     â†’ Process exited with code 1:
release	UNKNOWN STEP	2025-10-27T20:28:33.1996904Z YOLO mode is enabled. All tool calls will be automatically approved.
release	UNKNOWN STEP	2025-10-27T20:28:33.1998132Z GEMINI_API_KEY not found. Find your existing key or generate a new one at: https://aistudio.google.com/apikey
release	UNKNOWN STEP	2025-10-27T20:28:33.1998833Z 
release	UNKNOWN STEP	2025-10-27T20:28:33.1999436Z To continue, please set the GEMINI_API_KEY environment variable or add it to a .env file.
release	UNKNOWN STEP	2025-10-27T20:28:33.2000331Z [39m
release	UNKNOWN STEP	2025-10-27T20:29:22.6703324Z  [31mâ¯[39m file-system.test.ts [2m([22m[2m6 tests[22m[2m | [22m[31m5 failed[39m[2m | [22m[33m1 skipped[39m[2m)[22m[33m 64766[2mms[22m[39m
release	UNKNOWN STEP	2025-10-27T20:29:22.6708488Z [31m   [31mÃ—[31m file-system[2m > [22mshould be able to read a file[39m[33m 15578[2mms[22m[39m[33m (retry x2)[39m
release	UNKNOWN STEP	2025-10-27T20:29:22.6709609Z [31m     â†’ Process exited with code 1:
release	UNKNOWN STEP	2025-10-27T20:29:22.6717278Z YOLO mode is enabled. All tool calls will be automatically approved.
release	UNKNOWN STEP	2025-10-27T20:29:22.6718558Z GEMINI_API_KEY not found. Find your existing key or generate a new one at: https://aistudio.google.com/apikey
release	UNKNOWN STEP	2025-10-27T20:29:22.6719249Z 
release	UNKNOWN STEP	2025-10-27T20:29:22.6720018Z To continue, please set the GEMINI_API_KEY environment variable or add it to a .env file.
release	UNKNOWN STEP	2025-10-27T20:29:22.6720781Z [39m
release	UNKNOWN STEP	2025-10-27T20:29:22.6721278Z [31m     â†’ Process exited with code 1:
release	UNKNOWN STEP	2025-10-27T20:29:22.6722037Z YOLO mode is enabled. All tool calls will be automatically approved.
release	UNKNOWN STEP	2025-10-27T20:29:22.6723237Z GEMINI_API_KEY not found. Find your existing key or generate a new one at: https://aistudio.google.com/apikey
release	UNKNOWN STEP	2025-10-27T20:29:22.6723936Z 
release	UNKNOWN STEP	2025-10-27T20:29:22.6724514Z To continue, please set the GEMINI_API_KEY environment variable or add it to a .env file.
release	UNKNOWN STEP	2025-10-27T20:29:22.6725213Z [39m
release	UNKNOWN STEP	2025-10-27T20:29:22.6725676Z [31m     â†’ Process exited with code 1:
release	UNKNOWN STEP	2025-10-27T20:29:22.6726417Z YOLO mode is enabled. All tool calls will be automatically approved.
release	UNKNOWN STEP	2025-10-27T20:29:22.6727617Z GEMINI_API_KEY not found. Find your existing key or generate a new one at: https://aistudio.google.com/apikey
release	UNKNOWN STEP	2025-10-27T20:29:22.6728318Z 
release	UNKNOWN STEP	2025-10-27T20:29:22.6728910Z To continue, please set the GEMINI_API_KEY environment variable or add it to a .env file.
release	UNKNOWN STEP	2025-10-27T20:29:22.6729639Z [39m
release	UNKNOWN STEP	2025-10-27T20:29:22.6730912Z [31m   [31mÃ—[31m file-system[2m > [22mshould be able to write a file[39m[33m 12892[2mms[22m[39m[33m (retry x2)[39m
release	UNKNOWN STEP	2025-10-27T20:29:22.6731901Z [31m     â†’ Process exited with code 1:
release	UNKNOWN STEP	2025-10-27T20:29:22.6732658Z YOLO mode is enabled. All tool calls will be automatically approved.
release	UNKNOWN STEP	2025-10-27T20:29:22.6734262Z GEMINI_API_KEY not found. Find your existing key or generate a new one at: https://aistudio.google.com/apikey
release	UNKNOWN STEP	2025-10-27T20:29:22.6734984Z 
release	UNKNOWN STEP	2025-10-27T20:29:22.6735575Z To continue, please set the GEMINI_API_KEY environment variable or add it to a .env file.
release	UNKNOWN STEP	2025-10-27T20:29:22.6736309Z [39m
release	UNKNOWN STEP	2025-10-27T20:29:22.6736777Z [31m     â†’ Process exited with code 1:
release	UNKNOWN STEP	2025-10-27T20:29:22.6737517Z YOLO mode is enabled. All tool calls will be automatically approved.
release	UNKNOWN STEP	2025-10-27T20:29:22.6738747Z GEMINI_API_KEY not found. Find your existing key or generate a new one at: https://aistudio.google.com/apikey
release	UNKNOWN STEP	2025-10-27T20:29:22.6739438Z 
release	UNKNOWN STEP	2025-10-27T20:29:22.6740202Z To continue, please set the GEMINI_API_KEY environment variable or add it to a .env file.
release	UNKNOWN STEP	2025-10-27T20:29:22.6740944Z [39m
release	UNKNOWN STEP	2025-10-27T20:29:22.6741412Z [31m     â†’ Process exited with code 1:
release	UNKNOWN STEP	2025-10-27T20:29:22.6742144Z YOLO mode is enabled. All tool calls will be automatically approved.
release	UNKNOWN STEP	2025-10-27T20:29:22.6743353Z GEMINI_API_KEY not found. Find your existing key or generate a new one at: https://aistudio.google.com/apikey
release	UNKNOWN STEP	2025-10-27T20:29:22.6744038Z 
release	UNKNOWN STEP	2025-10-27T20:29:22.6744620Z To continue, please set the GEMINI_API_KEY environment variable or add it to a .env file.
release	UNKNOWN STEP	2025-10-27T20:29:22.6745339Z [39m
release	UNKNOWN STEP	2025-10-27T20:29:22.6746613Z [31m   [31mÃ—[31m file-system[2m > [22mshould correctly handle file paths with spaces[39m[33m 11741[2mms[22m[39m[33m (retry x2)[39m
release	UNKNOWN STEP	2025-10-27T20:29:22.6748052Z [31m     â†’ Process exited with code 1:
release	UNKNOWN STEP	2025-10-27T20:29:22.6748800Z YOLO mode is enabled. All tool calls will be automatically approved.
release	UNKNOWN STEP	2025-10-27T20:29:22.6750183Z GEMINI_API_KEY not found. Find your existing key or generate a new one at: https://aistudio.google.com/apikey
release	UNKNOWN STEP	2025-10-27T20:29:22.6750872Z 
release	UNKNOWN STEP	2025-10-27T20:29:22.6751471Z To continue, please set the GEMINI_API_KEY environment variable or add it to a .env file.
release	UNKNOWN STEP	2025-10-27T20:29:22.6752214Z [39m
release	UNKNOWN STEP	2025-10-27T20:29:22.6752688Z [31m     â†’ Process exited with code 1:
release	UNKNOWN STEP	2025-10-27T20:29:22.6753436Z YOLO mode is enabled. All tool calls will be automatically approved.
release	UNKNOWN STEP	2025-10-27T20:29:22.6754627Z GEMINI_API_KEY not found. Find your existing key or generate a new one at: https://aistudio.google.com/apikey
release	UNKNOWN STEP	2025-10-27T20:29:22.6755312Z 
release	UNKNOWN STEP	2025-10-27T20:29:22.6755898Z To continue, please set the GEMINI_API_KEY environment variable or add it to a .env file.
release	UNKNOWN STEP	2025-10-27T20:29:22.6756626Z [39m
release	UNKNOWN STEP	2025-10-27T20:29:22.6757130Z [31m     â†’ Process exited with code 1:
release	UNKNOWN STEP	2025-10-27T20:29:22.6757862Z YOLO mode is enabled. All tool calls will be automatically approved.
release	UNKNOWN STEP	2025-10-27T20:29:22.6759035Z GEMINI_API_KEY not found. Find your existing key or generate a new one at: https://aistudio.google.com/apikey
release	UNKNOWN STEP	2025-10-27T20:29:22.6759723Z 
release	UNKNOWN STEP	2025-10-27T20:29:22.6760486Z To continue, please set the GEMINI_API_KEY environment variable or add it to a .env file.
release	UNKNOWN STEP	2025-10-27T20:29:22.6761234Z [39m
release	UNKNOWN STEP	2025-10-27T20:29:22.6762460Z [31m   [31mÃ—[31m file-system[2m > [22mshould perform a read-then-write sequence[39m[33m 12819[2mms[22m[39m[33m (retry x2)[39m
release	UNKNOWN STEP	2025-10-27T20:29:22.6763538Z [31m     â†’ Process exited with code 1:
release	UNKNOWN STEP	2025-10-27T20:29:22.6764294Z YOLO mode is enabled. All tool calls will be automatically approved.
release	UNKNOWN STEP	2025-10-27T20:29:22.6765483Z GEMINI_API_KEY not found. Find your existing key or generate a new one at: https://aistudio.google.com/apikey
release	UNKNOWN STEP	2025-10-27T20:29:22.6766167Z 
release	UNKNOWN STEP	2025-10-27T20:29:22.6766752Z To continue, please set the GEMINI_API_KEY environment variable or add it to a .env file.
release	UNKNOWN STEP	2025-10-27T20:29:22.6767500Z [39m
release	UNKNOWN STEP	2025-10-27T20:29:22.6767961Z [31m     â†’ Process exited with code 1:
release	UNKNOWN STEP	2025-10-27T20:29:22.6768702Z YOLO mode is enabled. All tool calls will be automatically approved.
release	UNKNOWN STEP	2025-10-27T20:29:22.6770051Z GEMINI_API_KEY not found. Find your existing key or generate a new one at: https://aistudio.google.com/apikey
release	UNKNOWN STEP	2025-10-27T20:29:22.6770775Z 
release	UNKNOWN STEP	2025-10-27T20:29:22.6771364Z To continue, please set the GEMINI_API_KEY environment variable or add it to a .env file.
release	UNKNOWN STEP	2025-10-27T20:29:22.6772107Z [39m
release	UNKNOWN STEP	2025-10-27T20:29:22.6772803Z [31m     â†’ Process exited with code 1:
release	UNKNOWN STEP	2025-10-27T20:29:22.6773561Z YOLO mode is enabled. All tool calls will be automatically approved.
release	UNKNOWN STEP	2025-10-27T20:29:22.6774772Z GEMINI_API_KEY not found. Find your existing key or generate a new one at: https://aistudio.google.com/apikey
release	UNKNOWN STEP	2025-10-27T20:29:22.6775459Z 
release	UNKNOWN STEP	2025-10-27T20:29:22.6776041Z To continue, please set the GEMINI_API_KEY environment variable or add it to a .env file.
release	UNKNOWN STEP	2025-10-27T20:29:22.6776802Z [39m
release	UNKNOWN STEP	2025-10-27T20:29:22.6777566Z    [2m[90mâ†“[39m[22m file-system[2m > [22mshould replace multiple instances of a string
release	UNKNOWN STEP	2025-10-27T20:29:22.6779248Z [31m   [31mÃ—[31m file-system[2m > [22mshould fail safely when trying to edit a non-existent file[39m[33m 11735[2mms[22m[39m[33m (retry x2)[39m
release	UNKNOWN STEP	2025-10-27T20:29:22.6780653Z [31m     â†’ Process exited with code 1:
release	UNKNOWN STEP	2025-10-27T20:29:22.6781463Z YOLO mode is enabled. All tool calls will be automatically approved.
release	UNKNOWN STEP	2025-10-27T20:29:22.6782670Z GEMINI_API_KEY not found. Find your existing key or generate a new one at: https://aistudio.google.com/apikey
release	UNKNOWN STEP	2025-10-27T20:29:22.6783369Z 
release	UNKNOWN STEP	2025-10-27T20:29:22.6783953Z To continue, please set the GEMINI_API_KEY environment variable or add it to a .env file.
release	UNKNOWN STEP	2025-10-27T20:29:22.6784685Z [39m
release	UNKNOWN STEP	2025-10-27T20:29:22.6785151Z [31m     â†’ Process exited with code 1:
release	UNKNOWN STEP	2025-10-27T20:29:22.6785893Z YOLO mode is enabled. All tool calls will be automatically approved.
release	UNKNOWN STEP	2025-10-27T20:29:22.6787333Z GEMINI_API_KEY not found. Find your existing key or generate a new one at: https://aistudio.google.com/apikey
release	UNKNOWN STEP	2025-10-27T20:29:22.6788013Z 
release	UNKNOWN STEP	2025-10-27T20:29:22.6788608Z To continue, please set the GEMINI_API_KEY environment variable or add it to a .env file.
release	UNKNOWN STEP	2025-10-27T20:29:22.6789344Z [39m
release	UNKNOWN STEP	2025-10-27T20:29:22.6789997Z [31m     â†’ Process exited with code 1:
release	UNKNOWN STEP	2025-10-27T20:29:22.6790735Z YOLO mode is enabled. All tool calls will be automatically approved.
release	UNKNOWN STEP	2025-10-27T20:29:22.6791922Z GEMINI_API_KEY not found. Find your existing key or generate a new one at: https://aistudio.google.com/apikey
release	UNKNOWN STEP	2025-10-27T20:29:22.6792618Z 
release	UNKNOWN STEP	2025-10-27T20:29:22.6793196Z To continue, please set the GEMINI_API_KEY environment variable or add it to a .env file.
release	UNKNOWN STEP	2025-10-27T20:29:22.6793938Z [39m
release	UNKNOWN STEP	2025-10-27T20:29:39.8181694Z  [31mâ¯[39m json-output.test.ts [2m([22m[2m3 tests[22m[2m | [22m[31m1 failed[39m[2m | [22m[33m1 skipped[39m[2m)[22m[33m 16937[2mms[22m[39m
release	UNKNOWN STEP	2025-10-27T20:29:39.8182856Z [31m   [31mÃ—[31m JSON output[2m > [22mshould return a valid JSON with response and stats[39m[33m 12137[2mms[22m[39m[33m (retry x2)[39m
release	UNKNOWN STEP	2025-10-27T20:29:39.8183466Z [31m     â†’ Process exited with code 1:
release	UNKNOWN STEP	2025-10-27T20:29:39.8183883Z YOLO mode is enabled. All tool calls will be automatically approved.
release	UNKNOWN STEP	2025-10-27T20:29:39.8184201Z {
release	UNKNOWN STEP	2025-10-27T20:29:39.8184365Z   "error": {
release	UNKNOWN STEP	2025-10-27T20:29:39.8184540Z     "type": "Error",
release	UNKNOWN STEP	2025-10-27T20:29:39.8185377Z     "message": "GEMINI_API_KEY not found. Find your existing key or generate a new one at: https://aistudio.google.com/apikey\n\nTo continue, please set the GEMINI_API_KEY environment variable or add it to a .env file.",
release	UNKNOWN STEP	2025-10-27T20:29:39.8186111Z     "code": 1
release	UNKNOWN STEP	2025-10-27T20:29:39.8186269Z   }
release	UNKNOWN STEP	2025-10-27T20:29:39.8186415Z }
release	UNKNOWN STEP	2025-10-27T20:29:39.8186581Z [39m
release	UNKNOWN STEP	2025-10-27T20:29:39.8186838Z [31m     â†’ Process exited with code 1:
release	UNKNOWN STEP	2025-10-27T20:29:39.8187246Z YOLO mode is enabled. All tool calls will be automatically approved.
release	UNKNOWN STEP	2025-10-27T20:29:39.8187556Z {
release	UNKNOWN STEP	2025-10-27T20:29:39.8187706Z   "error": {
release	UNKNOWN STEP	2025-10-27T20:29:39.8187878Z     "type": "Error",
release	UNKNOWN STEP	2025-10-27T20:29:39.8188680Z     "message": "GEMINI_API_KEY not found. Find your existing key or generate a new one at: https://aistudio.google.com/apikey\n\nTo continue, please set the GEMINI_API_KEY environment variable or add it to a .env file.",
release	UNKNOWN STEP	2025-10-27T20:29:39.8189403Z     "code": 1
release	UNKNOWN STEP	2025-10-27T20:29:39.8189560Z   }
release	UNKNOWN STEP	2025-10-27T20:29:39.8189698Z }
release	UNKNOWN STEP	2025-10-27T20:29:39.8190065Z [39m
release	UNKNOWN STEP	2025-10-27T20:29:39.8190499Z [31m     â†’ Process exited with code 1:
release	UNKNOWN STEP	2025-10-27T20:29:39.8191487Z YOLO mode is enabled. All tool calls will be automatically approved.
release	UNKNOWN STEP	2025-10-27T20:29:39.8192012Z {
release	UNKNOWN STEP	2025-10-27T20:29:39.8192255Z   "error": {
release	UNKNOWN STEP	2025-10-27T20:29:39.8192535Z     "type": "Error",
release	UNKNOWN STEP	2025-10-27T20:29:39.8193527Z     "message": "GEMINI_API_KEY not found. Find your existing key or generate a new one at: https://aistudio.google.com/apikey\n\nTo continue, please set the GEMINI_API_KEY environment variable or add it to a .env file.",
release	UNKNOWN STEP	2025-10-27T20:29:39.8194303Z     "code": 1
release	UNKNOWN STEP	2025-10-27T20:29:39.8194463Z   }
release	UNKNOWN STEP	2025-10-27T20:29:39.8194606Z }
release	UNKNOWN STEP	2025-10-27T20:29:39.8194779Z [39m
release	UNKNOWN STEP	2025-10-27T20:29:39.8195363Z    [33m[2mâœ“[22m[39m JSON output[2m > [22mshould return a JSON error for sd auth mismatch before running [33m 4798[2mms[22m[39m
release	UNKNOWN STEP	2025-10-27T20:29:39.8196870Z    [2m[90mâ†“[39m[22m JSON output[2m > [22mshould not exit on tool errors and allow model to self-correct in JSON mode
release	UNKNOWN STEP	2025-10-27T20:29:54.1370825Z  [31mâ¯[39m run_shell_command.test.ts [2m([22m[2m13 tests[22m[2m | [22m[31m8 failed[39m[2m | [22m[33m5 skipped[39m[2m)[22m[33m 91728[2mms[22m[39m
release	UNKNOWN STEP	2025-10-27T20:29:54.1372754Z [31m   [31mÃ—[31m run_shell_command[2m > [22mshould be able to run a shell command[39m[33m 14389[2mms[22m[39m[33m (retry x2)[39m
release	UNKNOWN STEP	2025-10-27T20:29:54.1373882Z [31m     â†’ Process exited with code 1:
release	UNKNOWN STEP	2025-10-27T20:29:54.1374635Z YOLO mode is enabled. All tool calls will be automatically approved.
release	UNKNOWN STEP	2025-10-27T20:29:54.1376417Z GEMINI_API_KEY not found. Find your existing key or generate a new one at: https://aistudio.google.com/apikey
release	UNKNOWN STEP	2025-10-27T20:29:54.1377023Z 
release	UNKNOWN STEP	2025-10-27T20:29:54.1377353Z To continue, please set the GEMINI_API_KEY environment variable or add it to a .env file.
release	UNKNOWN STEP	2025-10-27T20:29:54.1377822Z [39m
release	UNKNOWN STEP	2025-10-27T20:29:54.1378108Z [31m     â†’ Process exited with code 1:
release	UNKNOWN STEP	2025-10-27T20:29:54.1378528Z YOLO mode is enabled. All tool calls will be automatically approved.
release	UNKNOWN STEP	2025-10-27T20:29:54.1379193Z GEMINI_API_KEY not found. Find your existing key or generate a new one at: https://aistudio.google.com/apikey
release	UNKNOWN STEP	2025-10-27T20:29:54.1379570Z 
release	UNKNOWN STEP	2025-10-27T20:29:54.1380151Z To continue, please set the GEMINI_API_KEY environment variable or add it to a .env file.
release	UNKNOWN STEP	2025-10-27T20:29:54.1380599Z [39m
release	UNKNOWN STEP	2025-10-27T20:29:54.1380872Z [31m     â†’ Process exited with code 1:
release	UNKNOWN STEP	2025-10-27T20:29:54.1381267Z YOLO mode is enabled. All tool calls will be automatically approved.
release	UNKNOWN STEP	2025-10-27T20:29:54.1381902Z GEMINI_API_KEY not found. Find your existing key or generate a new one at: https://aistudio.google.com/apikey
release	UNKNOWN STEP	2025-10-27T20:29:54.1382276Z 
release	UNKNOWN STEP	2025-10-27T20:29:54.1382592Z To continue, please set the GEMINI_API_KEY environment variable or add it to a .env file.
release	UNKNOWN STEP	2025-10-27T20:29:54.1382967Z [39m
release	UNKNOWN STEP	2025-10-27T20:29:54.1383687Z [31m   [31mÃ—[31m run_shell_command[2m > [22mshould be able to run a shell command via stdin[39m[33m 10543[2mms[22m[39m[33m (retry x2)[39m
release	UNKNOWN STEP	2025-10-27T20:29:54.1384281Z [31m     â†’ Process exited with code 1:
release	UNKNOWN STEP	2025-10-27T20:29:54.1384668Z YOLO mode is enabled. All tool calls will be automatically approved.
release	UNKNOWN STEP	2025-10-27T20:29:54.1385321Z GEMINI_API_KEY not found. Find your existing key or generate a new one at: https://aistudio.google.com/apikey
release	UNKNOWN STEP	2025-10-27T20:29:54.1385691Z 
release	UNKNOWN STEP	2025-10-27T20:29:54.1386174Z To continue, please set the GEMINI_API_KEY environment variable or add it to a .env file.
release	UNKNOWN STEP	2025-10-27T20:29:54.1386913Z [39m
release	UNKNOWN STEP	2025-10-27T20:29:54.1387417Z [31m     â†’ Process exited with code 1:
release	UNKNOWN STEP	2025-10-27T20:29:54.1388151Z YOLO mode is enabled. All tool calls will be automatically approved.
release	UNKNOWN STEP	2025-10-27T20:29:54.1389302Z GEMINI_API_KEY not found. Find your existing key or generate a new one at: https://aistudio.google.com/apikey
release	UNKNOWN STEP	2025-10-27T20:29:54.1390175Z 
release	UNKNOWN STEP	2025-10-27T20:29:54.1390522Z To continue, please set the GEMINI_API_KEY environment variable or add it to a .env file.
release	UNKNOWN STEP	2025-10-27T20:29:54.1390968Z [39m
release	UNKNOWN STEP	2025-10-27T20:29:54.1391254Z [31m     â†’ Process exited with code 1:
release	UNKNOWN STEP	2025-10-27T20:29:54.1391666Z YOLO mode is enabled. All tool calls will be automatically approved.
release	UNKNOWN STEP	2025-10-27T20:29:54.1392716Z GEMINI_API_KEY not found. Find your existing key or generate a new one at: https://aistudio.google.com/apikey
release	UNKNOWN STEP	2025-10-27T20:29:54.1393408Z 
release	UNKNOWN STEP	2025-10-27T20:29:54.1393994Z To continue, please set the GEMINI_API_KEY environment variable or add it to a .env file.
release	UNKNOWN STEP	2025-10-27T20:29:54.1394785Z [39m
release	UNKNOWN STEP	2025-10-27T20:29:54.1395682Z    [2m[90mâ†“[39m[22m run_shell_command[2m > [22mshould run allowed sub-command in non-interactive mode
release	UNKNOWN STEP	2025-10-27T20:29:54.1396880Z [31m   [31mÃ—[31m run_shell_command[2m > [22mshould succeed with no parens in non-interactive mode[39m[33m 10293[2mms[22m[39m[33m (retry x2)[39m
release	UNKNOWN STEP	2025-10-27T20:29:54.1397788Z [31m     â†’ Process exited with code 1:
release	UNKNOWN STEP	2025-10-27T20:29:54.1399498Z GEMINI_API_KEY not found. Find your existing key or generate a new one at: https://aistudio.google.com/apikey
release	UNKNOWN STEP	2025-10-27T20:29:54.1400361Z 
release	UNKNOWN STEP	2025-10-27T20:29:54.1400898Z To continue, please set the GEMINI_API_KEY environment variable or add it to a .env file.
release	UNKNOWN STEP	2025-10-27T20:29:54.1401566Z [39m
release	UNKNOWN STEP	2025-10-27T20:29:54.1401988Z [31m     â†’ Process exited with code 1:
release	UNKNOWN STEP	2025-10-27T20:29:54.1402945Z GEMINI_API_KEY not found. Find your existing key or generate a new one at: https://aistudio.google.com/apikey
release	UNKNOWN STEP	2025-10-27T20:29:54.1403561Z 
release	UNKNOWN STEP	2025-10-27T20:29:54.1404088Z To continue, please set the GEMINI_API_KEY environment variable or add it to a .env file.
release	UNKNOWN STEP	2025-10-27T20:29:54.1404736Z [39m
release	UNKNOWN STEP	2025-10-27T20:29:54.1405149Z [31m     â†’ Process exited with code 1:
release	UNKNOWN STEP	2025-10-27T20:29:54.1406314Z GEMINI_API_KEY not found. Find your existing key or generate a new one at: https://aistudio.google.com/apikey
release	UNKNOWN STEP	2025-10-27T20:29:54.1406946Z 
release	UNKNOWN STEP	2025-10-27T20:29:54.1407459Z To continue, please set the GEMINI_API_KEY environment variable or add it to a .env file.
release	UNKNOWN STEP	2025-10-27T20:29:54.1408096Z [39m
release	UNKNOWN STEP	2025-10-27T20:29:54.1409124Z [31m   [31mÃ—[31m run_shell_command[2m > [22mshould succeed with --yolo mode[39m[33m 11294[2mms[22m[39m[33m (retry x2)[39m
release	UNKNOWN STEP	2025-10-27T20:29:54.1410203Z [31m     â†’ Process exited with code 1:
release	UNKNOWN STEP	2025-10-27T20:29:54.1410862Z YOLO mode is enabled. All tool calls will be automatically approved.
release	UNKNOWN STEP	2025-10-27T20:29:54.1411916Z GEMINI_API_KEY not found. Find your existing key or generate a new one at: https://aistudio.google.com/apikey
release	UNKNOWN STEP	2025-10-27T20:29:54.1412528Z 
release	UNKNOWN STEP	2025-10-27T20:29:54.1413059Z To continue, please set the GEMINI_API_KEY environment variable or add it to a .env file.
release	UNKNOWN STEP	2025-10-27T20:29:54.1413722Z [39m
release	UNKNOWN STEP	2025-10-27T20:29:54.1414138Z [31m     â†’ Process exited with code 1:
release	UNKNOWN STEP	2025-10-27T20:29:54.1414792Z YOLO mode is enabled. All tool calls will be automatically approved.
release	UNKNOWN STEP	2025-10-27T20:29:54.1415789Z GEMINI_API_KEY not found. Find your existing key or generate a new one at: https://aistudio.google.com/apikey
release	UNKNOWN STEP	2025-10-27T20:29:54.1416353Z 
release	UNKNOWN STEP	2025-10-27T20:29:54.1416840Z To continue, please set the GEMINI_API_KEY environment variable or add it to a .env file.
release	UNKNOWN STEP	2025-10-27T20:29:54.1417462Z [39m
release	UNKNOWN STEP	2025-10-27T20:29:54.1417867Z [31m     â†’ Process exited with code 1:
release	UNKNOWN STEP	2025-10-27T20:29:54.1418507Z YOLO mode is enabled. All tool calls will be automatically approved.
release	UNKNOWN STEP	2025-10-27T20:29:54.1419560Z GEMINI_API_KEY not found. Find your existing key or generate a new one at: https://aistudio.google.com/apikey
release	UNKNOWN STEP	2025-10-27T20:29:54.1420337Z 
release	UNKNOWN STEP	2025-10-27T20:29:54.1420837Z To continue, please set the GEMINI_API_KEY environment variable or add it to a .env file.
release	UNKNOWN STEP	2025-10-27T20:29:54.1421459Z [39m
release	UNKNOWN STEP	2025-10-27T20:29:54.1422075Z    [2m[90mâ†“[39m[22m run_shell_command[2m > [22mshould work with ShellTool alias
release	UNKNOWN STEP	2025-10-27T20:29:54.1423051Z    [2m[90mâ†“[39m[22m run_shell_command[2m > [22mshould combine multiple --allowed-tools flags
release	UNKNOWN STEP	2025-10-27T20:29:54.1424449Z [31m   [31mÃ—[31m run_shell_command[2m > [22mshould reject commands not on the allowlist[39m[33m 10101[2mms[22m[39m[33m (retry x2)[39m
release	UNKNOWN STEP	2025-10-27T20:29:54.1425375Z [31m     â†’ Process exited with code 1:
release	UNKNOWN STEP	2025-10-27T20:29:54.1426269Z GEMINI_API_KEY not found. Find your existing key or generate a new one at: https://aistudio.google.com/apikey
release	UNKNOWN STEP	2025-10-27T20:29:54.1426866Z 
release	UNKNOWN STEP	2025-10-27T20:29:54.1427552Z To continue, please set the GEMINI_API_KEY environment variable or add it to a .env file.
release	UNKNOWN STEP	2025-10-27T20:29:54.1428187Z [39m
release	UNKNOWN STEP	2025-10-27T20:29:54.1428577Z [31m     â†’ Process exited with code 1:
release	UNKNOWN STEP	2025-10-27T20:29:54.1429465Z GEMINI_API_KEY not found. Find your existing key or generate a new one at: https://aistudio.google.com/apikey
release	UNKNOWN STEP	2025-10-27T20:29:54.1430208Z 
release	UNKNOWN STEP	2025-10-27T20:29:54.1430744Z To continue, please set the GEMINI_API_KEY environment variable or add it to a .env file.
release	UNKNOWN STEP	2025-10-27T20:29:54.1431415Z [39m
release	UNKNOWN STEP	2025-10-27T20:29:54.1431824Z [31m     â†’ Process exited with code 1:
release	UNKNOWN STEP	2025-10-27T20:29:54.1432760Z GEMINI_API_KEY not found. Find your existing key or generate a new one at: https://aistudio.google.com/apikey
release	UNKNOWN STEP	2025-10-27T20:29:54.1433376Z 
release	UNKNOWN STEP	2025-10-27T20:29:54.1433863Z To continue, please set the GEMINI_API_KEY environment variable or add it to a .env file.
release	UNKNOWN STEP	2025-10-27T20:29:54.1434471Z [39m
release	UNKNOWN STEP	2025-10-27T20:29:54.1435550Z    [2m[90mâ†“[39m[22m run_shell_command[2m > [22mshould reject chained commands when only the first segment is allowlisted in non-interactive mode
release	UNKNOWN STEP	2025-10-27T20:29:54.1437416Z [31m   [31mÃ—[31m run_shell_command[2m > [22mshould allow all with "ShellTool" and other specific tools[39m[33m 10123[2mms[22m[39m[33m (retry x2)[39m
release	UNKNOWN STEP	2025-10-27T20:29:54.1438428Z [31m     â†’ Process exited with code 1:
release	UNKNOWN STEP	2025-10-27T20:29:54.1439306Z GEMINI_API_KEY not found. Find your existing key or generate a new one at: https://aistudio.google.com/apikey
release	UNKNOWN STEP	2025-10-27T20:29:54.1440303Z 
release	UNKNOWN STEP	2025-10-27T20:29:54.1440839Z To continue, please set the GEMINI_API_KEY environment variable or add it to a .env file.
release	UNKNOWN STEP	2025-10-27T20:29:54.1441507Z [39m
release	UNKNOWN STEP	2025-10-27T20:29:54.1441928Z [31m     â†’ Process exited with code 1:
release	UNKNOWN STEP	2025-10-27T20:29:54.1442879Z GEMINI_API_KEY not found. Find your existing key or generate a new one at: https://aistudio.google.com/apikey
release	UNKNOWN STEP	2025-10-27T20:29:54.1443509Z 
release	UNKNOWN STEP	2025-10-27T20:29:54.1444037Z To continue, please set the GEMINI_API_KEY environment variable or add it to a .env file.
release	UNKNOWN STEP	2025-10-27T20:29:54.1444660Z [39m
release	UNKNOWN STEP	2025-10-27T20:29:54.1445113Z [31m     â†’ Process exited with code 1:
release	UNKNOWN STEP	2025-10-27T20:29:54.1445994Z GEMINI_API_KEY not found. Find your existing key or generate a new one at: https://aistudio.google.com/apikey
release	UNKNOWN STEP	2025-10-27T20:29:54.1446582Z 
release	UNKNOWN STEP	2025-10-27T20:29:54.1447109Z To continue, please set the GEMINI_API_KEY environment variable or add it to a .env file.
release	UNKNOWN STEP	2025-10-27T20:29:54.1447754Z [39m
release	UNKNOWN STEP	2025-10-27T20:29:54.1449069Z [31m   [31mÃ—[31m run_shell_command[2m > [22mshould propagate environment variables to the child process[39m[33m 13045[2mms[22m[39m[33m (retry x2)[39m
release	UNKNOWN STEP	2025-10-27T20:29:54.1450331Z [31m     â†’ Process exited with code 1:
release	UNKNOWN STEP	2025-10-27T20:29:54.1450996Z YOLO mode is enabled. All tool calls will be automatically approved.
release	UNKNOWN STEP	2025-10-27T20:29:54.1452037Z GEMINI_API_KEY not found. Find your existing key or generate a new one at: https://aistudio.google.com/apikey
release	UNKNOWN STEP	2025-10-27T20:29:54.1452633Z 
release	UNKNOWN STEP	2025-10-27T20:29:54.1453132Z To continue, please set the GEMINI_API_KEY environment variable or add it to a .env file.
release	UNKNOWN STEP	2025-10-27T20:29:54.1453770Z [39m
release	UNKNOWN STEP	2025-10-27T20:29:54.1454192Z [31m     â†’ Process exited with code 1:
release	UNKNOWN STEP	2025-10-27T20:29:54.1454858Z YOLO mode is enabled. All tool calls will be automatically approved.
release	UNKNOWN STEP	2025-10-27T20:29:54.1455935Z GEMINI_API_KEY not found. Find your existing key or generate a new one at: https://aistudio.google.com/apikey
release	UNKNOWN STEP	2025-10-27T20:29:54.1456580Z 
release	UNKNOWN STEP	2025-10-27T20:29:54.1457097Z To continue, please set the GEMINI_API_KEY environment variable or add it to a .env file.
release	UNKNOWN STEP	2025-10-27T20:29:54.1457715Z [39m
release	UNKNOWN STEP	2025-10-27T20:29:54.1458105Z [31m     â†’ Process exited with code 1:
release	UNKNOWN STEP	2025-10-27T20:29:54.1458734Z YOLO mode is enabled. All tool calls will be automatically approved.
release	UNKNOWN STEP	2025-10-27T20:29:54.1459747Z GEMINI_API_KEY not found. Find your existing key or generate a new one at: https://aistudio.google.com/apikey
release	UNKNOWN STEP	2025-10-27T20:29:54.1460520Z 
release	UNKNOWN STEP	2025-10-27T20:29:54.1461014Z To continue, please set the GEMINI_API_KEY environment variable or add it to a .env file.
release	UNKNOWN STEP	2025-10-27T20:29:54.1461634Z [39m
release	UNKNOWN STEP	2025-10-27T20:29:54.1462519Z    [2m[90mâ†“[39m[22m run_shell_command[2m > [22mshould run a platform-specific file listing command
release	UNKNOWN STEP	2025-10-27T20:29:54.1463914Z [31m   [31mÃ—[31m run_shell_command[2m > [22mrejects invalid shell expressions[39m[33m 11938[2mms[22m[39m[33m (retry x2)[39m
release	UNKNOWN STEP	2025-10-27T20:29:54.1464823Z [31m     â†’ Process exited with code 1:
release	UNKNOWN STEP	2025-10-27T20:29:54.1465450Z YOLO mode is enabled. All tool calls will be automatically approved.
release	UNKNOWN STEP	2025-10-27T20:29:54.1466507Z GEMINI_API_KEY not found. Find your existing key or generate a new one at: https://aistudio.google.com/apikey
release	UNKNOWN STEP	2025-10-27T20:29:54.1467095Z 
release	UNKNOWN STEP	2025-10-27T20:29:54.1467597Z To continue, please set the GEMINI_API_KEY environment variable or add it to a .env file.
release	UNKNOWN STEP	2025-10-27T20:29:54.1468208Z [39m
release	UNKNOWN STEP	2025-10-27T20:29:54.1468607Z [31m     â†’ Process exited with code 1:
release	UNKNOWN STEP	2025-10-27T20:29:54.1469254Z YOLO mode is enabled. All tool calls will be automatically approved.
release	UNKNOWN STEP	2025-10-27T20:29:54.1470461Z GEMINI_API_KEY not found. Find your existing key or generate a new one at: https://aistudio.google.com/apikey
release	UNKNOWN STEP	2025-10-27T20:29:54.1471062Z 
release	UNKNOWN STEP	2025-10-27T20:29:54.1471564Z To continue, please set the GEMINI_API_KEY environment variable or add it to a .env file.
release	UNKNOWN STEP	2025-10-27T20:29:54.1472185Z [39m
release	UNKNOWN STEP	2025-10-27T20:29:54.1472578Z [31m     â†’ Process exited with code 1:
release	UNKNOWN STEP	2025-10-27T20:29:54.1473198Z YOLO mode is enabled. All tool calls will be automatically approved.
release	UNKNOWN STEP	2025-10-27T20:29:54.1474400Z GEMINI_API_KEY not found. Find your existing key or generate a new one at: https://aistudio.google.com/apikey
release	UNKNOWN STEP	2025-10-27T20:29:54.1474987Z 
release	UNKNOWN STEP	2025-10-27T20:29:54.1475491Z To continue, please set the GEMINI_API_KEY environment variable or add it to a .env file.
release	UNKNOWN STEP	2025-10-27T20:29:54.1476115Z [39m
release	UNKNOWN STEP	2025-10-27T20:29:54.3667608Z  [2m[90mâ†“[39m[22m stdin-context.test.ts [2m([22m[2m2 tests[22m[2m | [22m[33m2 skipped[39m[2m)[22m
release	UNKNOWN STEP	2025-10-27T20:30:03.7711343Z  [31mâ¯[39m mcp_server_cyclic_schema.test.ts [2m([22m[2m1 test[22m[2m | [22m[31m1 failed[39m[2m)[22m[33m 90371[2mms[22m[39m
release	UNKNOWN STEP	2025-10-27T20:30:03.7713970Z [31m   [31mÃ—[31m mcp server with cyclic tool schema is detected[2m > [22mmcp tool list should include tool with cyclic tool schema[39m[33m 90368[2mms[22m[39m[33m (retry x2)[39m
release	UNKNOWN STEP	2025-10-27T20:30:03.7716794Z [31m     â†’ Did not find expected text: "Type your message": expected false to be true // Object.is equality[39m
release	UNKNOWN STEP	2025-10-27T20:30:03.7718365Z [31m     â†’ Did not find expected text: "Type your message": expected false to be true // Object.is equality[39m
release	UNKNOWN STEP	2025-10-27T20:30:03.7720006Z [31m     â†’ Did not find expected text: "Type your message": expected false to be true // Object.is equality[39m
release	UNKNOWN STEP	2025-10-27T20:30:07.6976717Z  [31mâ¯[39m replace.test.ts [2m([22m[2m4 tests[22m[2m | [22m[31m1 failed[39m[2m | [22m[33m3 skipped[39m[2m)[22m[33m 13043[2mms[22m[39m
release	UNKNOWN STEP	2025-10-27T20:30:07.6979722Z [31m   [31mÃ—[31m replace[2m > [22mshould be able to replace content in a file[39m[33m 13042[2mms[22m[39m[33m (retry x2)[39m
release	UNKNOWN STEP	2025-10-27T20:30:07.6995406Z [31m     â†’ Process exited with code 1:
release	UNKNOWN STEP	2025-10-27T20:30:07.6996195Z YOLO mode is enabled. All tool calls will be automatically approved.
release	UNKNOWN STEP	2025-10-27T20:30:07.6997320Z GEMINI_API_KEY not found. Find your existing key or generate a new one at: https://aistudio.google.com/apikey
release	UNKNOWN STEP	2025-10-27T20:30:07.6997968Z 
release	UNKNOWN STEP	2025-10-27T20:30:07.6998512Z To continue, please set the GEMINI_API_KEY environment variable or add it to a .env file.
release	UNKNOWN STEP	2025-10-27T20:30:07.6999238Z [39m
release	UNKNOWN STEP	2025-10-27T20:30:07.6999672Z [31m     â†’ Process exited with code 1:
release	UNKNOWN STEP	2025-10-27T20:30:07.7011170Z YOLO mode is enabled. All tool calls will be automatically approved.
release	UNKNOWN STEP	2025-10-27T20:30:07.7012183Z GEMINI_API_KEY not found. Find your existing key or generate a new one at: https://aistudio.google.com/apikey
release	UNKNOWN STEP	2025-10-27T20:30:07.7012784Z 
release	UNKNOWN STEP	2025-10-27T20:30:07.7013267Z To continue, please set the GEMINI_API_KEY environment variable or add it to a .env file.
release	UNKNOWN STEP	2025-10-27T20:30:07.7013988Z [39m
release	UNKNOWN STEP	2025-10-27T20:30:07.7014441Z [31m     â†’ Process exited with code 1:
release	UNKNOWN STEP	2025-10-27T20:30:07.7015556Z YOLO mode is enabled. All tool calls will be automatically approved.
release	UNKNOWN STEP	2025-10-27T20:30:07.7016686Z GEMINI_API_KEY not found. Find your existing key or generate a new one at: https://aistudio.google.com/apikey
release	UNKNOWN STEP	2025-10-27T20:30:07.7017329Z 
release	UNKNOWN STEP	2025-10-27T20:30:07.7017866Z To continue, please set the GEMINI_API_KEY environment variable or add it to a .env file.
release	UNKNOWN STEP	2025-10-27T20:30:07.7018548Z [39m
release	UNKNOWN STEP	2025-10-27T20:30:07.7019319Z    [2m[90mâ†“[39m[22m replace[2m > [22mshould handle $ literally when replacing text ending with $
release	UNKNOWN STEP	2025-10-27T20:30:07.7020653Z    [2m[90mâ†“[39m[22m replace[2m > [22mshould insert a multi-line block of text
release	UNKNOWN STEP	2025-10-27T20:30:07.7021515Z    [2m[90mâ†“[39m[22m replace[2m > [22mshould delete a block of text
release	UNKNOWN STEP	2025-10-27T20:30:20.5101040Z  [31mâ¯[39m google_web_search.test.ts [2m([22m[2m1 test[22m[2m | [22m[31m1 failed[39m[2m)[22m[33m 12451[2mms[22m[39m
release	UNKNOWN STEP	2025-10-27T20:30:20.5102741Z [31m   [31mÃ—[31m google_web_search[2m > [22mshould be able to search the web[39m[33m 12449[2mms[22m[39m[33m (retry x2)[39m
release	UNKNOWN STEP	2025-10-27T20:30:20.5103676Z [31m     â†’ Process exited with code 1:
release	UNKNOWN STEP	2025-10-27T20:30:20.5104113Z YOLO mode is enabled. All tool calls will be automatically approved.
release	UNKNOWN STEP	2025-10-27T20:30:20.5104774Z GEMINI_API_KEY not found. Find your existing key or generate a new one at: https://aistudio.google.com/apikey
release	UNKNOWN STEP	2025-10-27T20:30:20.5105548Z 
release	UNKNOWN STEP	2025-10-27T20:30:20.5105868Z To continue, please set the GEMINI_API_KEY environment variable or add it to a .env file.
release	UNKNOWN STEP	2025-10-27T20:30:20.5106273Z [39m
release	UNKNOWN STEP	2025-10-27T20:30:20.5106543Z [31m     â†’ Process exited with code 1:
release	UNKNOWN STEP	2025-10-27T20:30:20.5106961Z YOLO mode is enabled. All tool calls will be automatically approved.
release	UNKNOWN STEP	2025-10-27T20:30:20.5107605Z GEMINI_API_KEY not found. Find your existing key or generate a new one at: https://aistudio.google.com/apikey
release	UNKNOWN STEP	2025-10-27T20:30:20.5107971Z 
release	UNKNOWN STEP	2025-10-27T20:30:20.5108280Z To continue, please set the GEMINI_API_KEY environment variable or add it to a .env file.
release	UNKNOWN STEP	2025-10-27T20:30:20.5108672Z [39m
release	UNKNOWN STEP	2025-10-27T20:30:20.5108928Z [31m     â†’ Process exited with code 1:
release	UNKNOWN STEP	2025-10-27T20:30:20.5109318Z YOLO mode is enabled. All tool calls will be automatically approved.
release	UNKNOWN STEP	2025-10-27T20:30:20.5110203Z GEMINI_API_KEY not found. Find your existing key or generate a new one at: https://aistudio.google.com/apikey
release	UNKNOWN STEP	2025-10-27T20:30:20.5110581Z 
release	UNKNOWN STEP	2025-10-27T20:30:20.5110904Z To continue, please set the GEMINI_API_KEY environment variable or add it to a .env file.
release	UNKNOWN STEP	2025-10-27T20:30:20.5111289Z [39m
release	UNKNOWN STEP	2025-10-27T20:30:32.8114868Z  [31mâ¯[39m list_directory.test.ts [2m([22m[2m1 test[22m[2m | [22m[31m1 failed[39m[2m)[22m[33m 12088[2mms[22m[39m
release	UNKNOWN STEP	2025-10-27T20:30:32.8116542Z [31m   [31mÃ—[31m list_directory[2m > [22mshould be able to list a directory[39m[33m 12086[2mms[22m[39m[33m (retry x2)[39m
release	UNKNOWN STEP	2025-10-27T20:30:32.8117574Z [31m     â†’ Process exited with code 1:
release	UNKNOWN STEP	2025-10-27T20:30:32.8118288Z YOLO mode is enabled. All tool calls will be automatically approved.
release	UNKNOWN STEP	2025-10-27T20:30:32.8119358Z GEMINI_API_KEY not found. Find your existing key or generate a new one at: https://aistudio.google.com/apikey
release	UNKNOWN STEP	2025-10-27T20:30:32.8119767Z 
release	UNKNOWN STEP	2025-10-27T20:30:32.8120359Z To continue, please set the GEMINI_API_KEY environment variable or add it to a .env file.
release	UNKNOWN STEP	2025-10-27T20:30:32.8120781Z [39m
release	UNKNOWN STEP	2025-10-27T20:30:32.8121045Z [31m     â†’ Process exited with code 1:
release	UNKNOWN STEP	2025-10-27T20:30:32.8121470Z YOLO mode is enabled. All tool calls will be automatically approved.
release	UNKNOWN STEP	2025-10-27T20:30:32.8122108Z GEMINI_API_KEY not found. Find your existing key or generate a new one at: https://aistudio.google.com/apikey
release	UNKNOWN STEP	2025-10-27T20:30:32.8122482Z 
release	UNKNOWN STEP	2025-10-27T20:30:32.8122783Z To continue, please set the GEMINI_API_KEY environment variable or add it to a .env file.
release	UNKNOWN STEP	2025-10-27T20:30:32.8123165Z [39m
release	UNKNOWN STEP	2025-10-27T20:30:32.8123412Z [31m     â†’ Process exited with code 1:
release	UNKNOWN STEP	2025-10-27T20:30:32.8124069Z YOLO mode is enabled. All tool calls will be automatically approved.
release	UNKNOWN STEP	2025-10-27T20:30:32.8125740Z GEMINI_API_KEY not found. Find your existing key or generate a new one at: https://aistudio.google.com/apikey
release	UNKNOWN STEP	2025-10-27T20:30:32.8126432Z 
release	UNKNOWN STEP	2025-10-27T20:30:32.8127010Z To continue, please set the GEMINI_API_KEY environment variable or add it to a .env file.
release	UNKNOWN STEP	2025-10-27T20:30:32.8127841Z [39m
release	UNKNOWN STEP	2025-10-27T20:30:34.8831614Z  [32mâœ“[39m mixed-input-crash.test.ts [2m([22m[2m2 tests[22m[2m)[22m[33m 1848[2mms[22m[39m
release	UNKNOWN STEP	2025-10-27T20:30:34.8836335Z    [33m[2mâœ“[22m[39m mixed input crash prevention[2m > [22mshould not crash when using mixed prompt inputs [33m 833[2mms[22m[39m
release	UNKNOWN STEP	2025-10-27T20:30:34.8838017Z    [33m[2mâœ“[22m[39m mixed input crash prevention[2m > [22mshould provide clear error message for mixed input [33m 1014[2mms[22m[39m
release	UNKNOWN STEP	2025-10-27T20:30:54.6151989Z  [31mâ¯[39m utf-bom-encoding.test.ts [2m([22m[2m6 tests[22m[2m | [22m[31m6 failed[39m[2m)[22m[33m 74569[2mms[22m[39m
release	UNKNOWN STEP	2025-10-27T20:30:54.6153453Z [31m   [31mÃ—[31m BOM end-to-end integraion[2m > [22mUTF-8 BOM[39m[33m 11944[2mms[22m[39m[33m (retry x2)[39m
release	UNKNOWN STEP	2025-10-27T20:30:54.6154502Z [31m     â†’ Process exited with code 1:
release	UNKNOWN STEP	2025-10-27T20:30:54.6155275Z YOLO mode is enabled. All tool calls will be automatically approved.
release	UNKNOWN STEP	2025-10-27T20:30:54.6156056Z GEMINI_API_KEY not found. Find your existing key or generate a new one at: https://aistudio.google.com/apikey
release	UNKNOWN STEP	2025-10-27T20:30:54.6156446Z 
release	UNKNOWN STEP	2025-10-27T20:30:54.6156773Z To continue, please set the GEMINI_API_KEY environment variable or add it to a .env file.
release	UNKNOWN STEP	2025-10-27T20:30:54.6157527Z [39m
release	UNKNOWN STEP	2025-10-27T20:30:54.6157808Z [31m     â†’ Process exited with code 1:
release	UNKNOWN STEP	2025-10-27T20:30:54.6158233Z YOLO mode is enabled. All tool calls will be automatically approved.
release	UNKNOWN STEP	2025-10-27T20:30:54.6158872Z GEMINI_API_KEY not found. Find your existing key or generate a new one at: https://aistudio.google.com/apikey
release	UNKNOWN STEP	2025-10-27T20:30:54.6159235Z 
release	UNKNOWN STEP	2025-10-27T20:30:54.6159554Z To continue, please set the GEMINI_API_KEY environment variable or add it to a .env file.
release	UNKNOWN STEP	2025-10-27T20:30:54.6160506Z [39m
release	UNKNOWN STEP	2025-10-27T20:30:54.6160803Z [31m     â†’ Process exited with code 1:
release	UNKNOWN STEP	2025-10-27T20:30:54.6161214Z YOLO mode is enabled. All tool calls will be automatically approved.
release	UNKNOWN STEP	2025-10-27T20:30:54.6161843Z GEMINI_API_KEY not found. Find your existing key or generate a new one at: https://aistudio.google.com/apikey
release	UNKNOWN STEP	2025-10-27T20:30:54.6162210Z 
release	UNKNOWN STEP	2025-10-27T20:30:54.6162519Z To continue, please set the GEMINI_API_KEY environment variable or add it to a .env file.
release	UNKNOWN STEP	2025-10-27T20:30:54.6162920Z [39m
release	UNKNOWN STEP	2025-10-27T20:30:54.6163510Z [31m   [31mÃ—[31m BOM end-to-end integraion[2m > [22mUTF-16 LE BOM[39m[33m 12460[2mms[22m[39m[33m (retry x2)[39m
release	UNKNOWN STEP	2025-10-27T20:30:54.6164016Z [31m     â†’ Process exited with code 1:
release	UNKNOWN STEP	2025-10-27T20:30:54.6164415Z YOLO mode is enabled. All tool calls will be automatically approved.
release	UNKNOWN STEP	2025-10-27T20:30:54.6165037Z GEMINI_API_KEY not found. Find your existing key or generate a new one at: https://aistudio.google.com/apikey
release	UNKNOWN STEP	2025-10-27T20:30:54.6165400Z 
release	UNKNOWN STEP	2025-10-27T20:30:54.6165709Z To continue, please set the GEMINI_API_KEY environment variable or add it to a .env file.
release	UNKNOWN STEP	2025-10-27T20:30:54.6166326Z [39m
release	UNKNOWN STEP	2025-10-27T20:30:54.6166818Z [31m     â†’ Process exited with code 1:
release	UNKNOWN STEP	2025-10-27T20:30:54.6167561Z YOLO mode is enabled. All tool calls will be automatically approved.
release	UNKNOWN STEP	2025-10-27T20:30:54.6168709Z GEMINI_API_KEY not found. Find your existing key or generate a new one at: https://aistudio.google.com/apikey
release	UNKNOWN STEP	2025-10-27T20:30:54.6169458Z 
release	UNKNOWN STEP	2025-10-27T20:30:54.6169797Z To continue, please set the GEMINI_API_KEY environment variable or add it to a .env file.
release	UNKNOWN STEP	2025-10-27T20:30:54.6170449Z [39m
release	UNKNOWN STEP	2025-10-27T20:30:54.6170718Z [31m     â†’ Process exited with code 1:
release	UNKNOWN STEP	2025-10-27T20:30:54.6171110Z YOLO mode is enabled. All tool calls will be automatically approved.
release	UNKNOWN STEP	2025-10-27T20:30:54.6172257Z GEMINI_API_KEY not found. Find your existing key or generate a new one at: https://aistudio.google.com/apikey
release	UNKNOWN STEP	2025-10-27T20:30:54.6172954Z 
release	UNKNOWN STEP	2025-10-27T20:30:54.6173565Z To continue, please set the GEMINI_API_KEY environment variable or add it to a .env file.
release	UNKNOWN STEP	2025-10-27T20:30:54.6174606Z [39m
release	UNKNOWN STEP	2025-10-27T20:30:54.6175238Z [31m   [31mÃ—[31m BOM end-to-end integraion[2m > [22mUTF-16 BE BOM[39m[33m 13386[2mms[22m[39m[33m (retry x2)[39m
release	UNKNOWN STEP	2025-10-27T20:30:54.6176639Z [31m     â†’ Process exited with code 1:
release	UNKNOWN STEP	2025-10-27T20:30:54.6177076Z YOLO mode is enabled. All tool calls will be automatically approved.
release	UNKNOWN STEP	2025-10-27T20:30:54.6177760Z GEMINI_API_KEY not found. Find your existing key or generate a new one at: https://aistudio.google.com/apikey
release	UNKNOWN STEP	2025-10-27T20:30:54.6178139Z 
release	UNKNOWN STEP	2025-10-27T20:30:54.6178461Z To continue, please set the GEMINI_API_KEY environment variable or add it to a .env file.
release	UNKNOWN STEP	2025-10-27T20:30:54.6178850Z [39m
release	UNKNOWN STEP	2025-10-27T20:30:54.6179113Z [31m     â†’ Process exited with code 1:
release	UNKNOWN STEP	2025-10-27T20:30:54.6179509Z YOLO mode is enabled. All tool calls will be automatically approved.
release	UNKNOWN STEP	2025-10-27T20:30:54.6180429Z GEMINI_API_KEY not found. Find your existing key or generate a new one at: https://aistudio.google.com/apikey
release	UNKNOWN STEP	2025-10-27T20:30:54.6180809Z 
release	UNKNOWN STEP	2025-10-27T20:30:54.6181138Z To continue, please set the GEMINI_API_KEY environment variable or add it to a .env file.
release	UNKNOWN STEP	2025-10-27T20:30:54.6181534Z [39m
release	UNKNOWN STEP	2025-10-27T20:30:54.6181793Z [31m     â†’ Process exited with code 1:
release	UNKNOWN STEP	2025-10-27T20:30:54.6182189Z YOLO mode is enabled. All tool calls will be automatically approved.
release	UNKNOWN STEP	2025-10-27T20:30:54.6182815Z GEMINI_API_KEY not found. Find your existing key or generate a new one at: https://aistudio.google.com/apikey
release	UNKNOWN STEP	2025-10-27T20:30:54.6183503Z 
release	UNKNOWN STEP	2025-10-27T20:30:54.6183811Z To continue, please set the GEMINI_API_KEY environment variable or add it to a .env file.
release	UNKNOWN STEP	2025-10-27T20:30:54.6184202Z [39m
release	UNKNOWN STEP	2025-10-27T20:30:54.6184756Z [31m   [31mÃ—[31m BOM end-to-end integraion[2m > [22mUTF-32 LE BOM[39m[33m 12255[2mms[22m[39m[33m (retry x2)[39m
release	UNKNOWN STEP	2025-10-27T20:30:54.6185268Z [31m     â†’ Process exited with code 1:
release	UNKNOWN STEP	2025-10-27T20:30:54.6185662Z YOLO mode is enabled. All tool calls will be automatically approved.
release	UNKNOWN STEP	2025-10-27T20:30:54.6186293Z GEMINI_API_KEY not found. Find your existing key or generate a new one at: https://aistudio.google.com/apikey
release	UNKNOWN STEP	2025-10-27T20:30:54.6186662Z 
release	UNKNOWN STEP	2025-10-27T20:30:54.6186959Z To continue, please set the GEMINI_API_KEY environment variable or add it to a .env file.
release	UNKNOWN STEP	2025-10-27T20:30:54.6187337Z [39m
release	UNKNOWN STEP	2025-10-27T20:30:54.6187574Z [31m     â†’ Process exited with code 1:
release	UNKNOWN STEP	2025-10-27T20:30:54.6187954Z YOLO mode is enabled. All tool calls will be automatically approved.
release	UNKNOWN STEP	2025-10-27T20:30:54.6188575Z GEMINI_API_KEY not found. Find your existing key or generate a new one at: https://aistudio.google.com/apikey
release	UNKNOWN STEP	2025-10-27T20:30:54.6188941Z 
release	UNKNOWN STEP	2025-10-27T20:30:54.6189236Z To continue, please set the GEMINI_API_KEY environment variable or add it to a .env file.
release	UNKNOWN STEP	2025-10-27T20:30:54.6189611Z [39m
release	UNKNOWN STEP	2025-10-27T20:30:54.6190063Z [31m     â†’ Process exited with code 1:
release	UNKNOWN STEP	2025-10-27T20:30:54.6190526Z YOLO mode is enabled. All tool calls will be automatically approved.
release	UNKNOWN STEP	2025-10-27T20:30:54.6191161Z GEMINI_API_KEY not found. Find your existing key or generate a new one at: https://aistudio.google.com/apikey
release	UNKNOWN STEP	2025-10-27T20:30:54.6191524Z 
release	UNKNOWN STEP	2025-10-27T20:30:54.6191823Z To continue, please set the GEMINI_API_KEY environment variable or add it to a .env file.
release	UNKNOWN STEP	2025-10-27T20:30:54.6192210Z [39m
release	UNKNOWN STEP	2025-10-27T20:30:54.6192761Z [31m   [31mÃ—[31m BOM end-to-end integraion[2m > [22mUTF-32 BE BOM[39m[33m 13453[2mms[22m[39m[33m (retry x2)[39m
release	UNKNOWN STEP	2025-10-27T20:30:54.6193271Z [31m     â†’ Process exited with code 1:
release	UNKNOWN STEP	2025-10-27T20:30:54.6193654Z YOLO mode is enabled. All tool calls will be automatically approved.
release	UNKNOWN STEP	2025-10-27T20:30:54.6194269Z GEMINI_API_KEY not found. Find your existing key or generate a new one at: https://aistudio.google.com/apikey
release	UNKNOWN STEP	2025-10-27T20:30:54.6194630Z 
release	UNKNOWN STEP	2025-10-27T20:30:54.6194930Z To continue, please set the GEMINI_API_KEY environment variable or add it to a .env file.
release	UNKNOWN STEP	2025-10-27T20:30:54.6195305Z [39m
release	UNKNOWN STEP	2025-10-27T20:30:54.6195547Z [31m     â†’ Process exited with code 1:
release	UNKNOWN STEP	2025-10-27T20:30:54.6195920Z YOLO mode is enabled. All tool calls will be automatically approved.
release	UNKNOWN STEP	2025-10-27T20:30:54.6196708Z GEMINI_API_KEY not found. Find your existing key or generate a new one at: https://aistudio.google.com/apikey
release	UNKNOWN STEP	2025-10-27T20:30:54.6197073Z 
release	UNKNOWN STEP	2025-10-27T20:30:54.6197379Z To continue, please set the GEMINI_API_KEY environment variable or add it to a .env file.
release	UNKNOWN STEP	2025-10-27T20:30:54.6197757Z [39m
release	UNKNOWN STEP	2025-10-27T20:30:54.6198002Z [31m     â†’ Process exited with code 1:
release	UNKNOWN STEP	2025-10-27T20:30:54.6198387Z YOLO mode is enabled. All tool calls will be automatically approved.
release	UNKNOWN STEP	2025-10-27T20:30:54.6198999Z GEMINI_API_KEY not found. Find your existing key or generate a new one at: https://aistudio.google.com/apikey
release	UNKNOWN STEP	2025-10-27T20:30:54.6199356Z 
release	UNKNOWN STEP	2025-10-27T20:30:54.6199663Z To continue, please set the GEMINI_API_KEY environment variable or add it to a .env file.
release	UNKNOWN STEP	2025-10-27T20:30:54.6200381Z [39m
release	UNKNOWN STEP	2025-10-27T20:30:54.6201005Z [31m   [31mÃ—[31m BOM end-to-end integraion[2m > [22mCan describe a PNG file[39m[33m 11067[2mms[22m[39m[33m (retry x2)[39m
release	UNKNOWN STEP	2025-10-27T20:30:54.6201557Z [31m     â†’ Process exited with code 1:
release	UNKNOWN STEP	2025-10-27T20:30:54.6201940Z YOLO mode is enabled. All tool calls will be automatically approved.
release	UNKNOWN STEP	2025-10-27T20:30:54.6202562Z GEMINI_API_KEY not found. Find your existing key or generate a new one at: https://aistudio.google.com/apikey
release	UNKNOWN STEP	2025-10-27T20:30:54.6202925Z 
release	UNKNOWN STEP	2025-10-27T20:30:54.6203225Z To continue, please set the GEMINI_API_KEY environment variable or add it to a .env file.
release	UNKNOWN STEP	2025-10-27T20:30:54.6203756Z [39m
release	UNKNOWN STEP	2025-10-27T20:30:54.6204005Z [31m     â†’ Process exited with code 1:
release	UNKNOWN STEP	2025-10-27T20:30:54.6204384Z YOLO mode is enabled. All tool calls will be automatically approved.
release	UNKNOWN STEP	2025-10-27T20:30:54.6204992Z GEMINI_API_KEY not found. Find your existing key or generate a new one at: https://aistudio.google.com/apikey
release	UNKNOWN STEP	2025-10-27T20:30:54.6205354Z 
release	UNKNOWN STEP	2025-10-27T20:30:54.6205649Z To continue, please set the GEMINI_API_KEY environment variable or add it to a .env file.
release	UNKNOWN STEP	2025-10-27T20:30:54.6206025Z [39m
release	UNKNOWN STEP	2025-10-27T20:30:54.6206264Z [31m     â†’ Process exited with code 1:
release	UNKNOWN STEP	2025-10-27T20:30:54.6206652Z YOLO mode is enabled. All tool calls will be automatically approved.
release	UNKNOWN STEP	2025-10-27T20:30:54.6207259Z GEMINI_API_KEY not found. Find your existing key or generate a new one at: https://aistudio.google.com/apikey
release	UNKNOWN STEP	2025-10-27T20:30:54.6207625Z 
release	UNKNOWN STEP	2025-10-27T20:30:54.6207916Z To continue, please set the GEMINI_API_KEY environment variable or add it to a .env file.
release	UNKNOWN STEP	2025-10-27T20:30:54.6208300Z [39m
release	UNKNOWN STEP	2025-10-27T20:31:06.0247475Z  [31mâ¯[39m write_file.test.ts [2m([22m[2m1 test[22m[2m | [22m[31m1 failed[39m[2m)[22m[33m 11225[2mms[22m[39m
release	UNKNOWN STEP	2025-10-27T20:31:06.0249235Z [31m   [31mÃ—[31m write_file[2m > [22mshould be able to write a file[39m[33m 11224[2mms[22m[39m[33m (retry x2)[39m
release	UNKNOWN STEP	2025-10-27T20:31:06.0251148Z [31m     â†’ Process exited with code 1:
release	UNKNOWN STEP	2025-10-27T20:31:06.0251589Z YOLO mode is enabled. All tool calls will be automatically approved.
release	UNKNOWN STEP	2025-10-27T20:31:06.0252267Z GEMINI_API_KEY not found. Find your existing key or generate a new one at: https://aistudio.google.com/apikey
release	UNKNOWN STEP	2025-10-27T20:31:06.0252677Z 
release	UNKNOWN STEP	2025-10-27T20:31:06.0253011Z To continue, please set the GEMINI_API_KEY environment variable or add it to a .env file.
release	UNKNOWN STEP	2025-10-27T20:31:06.0253415Z [39m
release	UNKNOWN STEP	2025-10-27T20:31:06.0253691Z [31m     â†’ Process exited with code 1:
release	UNKNOWN STEP	2025-10-27T20:31:06.0254099Z YOLO mode is enabled. All tool calls will be automatically approved.
release	UNKNOWN STEP	2025-10-27T20:31:06.0254749Z GEMINI_API_KEY not found. Find your existing key or generate a new one at: https://aistudio.google.com/apikey
release	UNKNOWN STEP	2025-10-27T20:31:06.0255183Z 
release	UNKNOWN STEP	2025-10-27T20:31:06.0255751Z To continue, please set the GEMINI_API_KEY environment variable or add it to a .env file.
release	UNKNOWN STEP	2025-10-27T20:31:06.0256445Z [39m
release	UNKNOWN STEP	2025-10-27T20:31:06.0256903Z [31m     â†’ Process exited with code 1:
release	UNKNOWN STEP	2025-10-27T20:31:06.0257600Z YOLO mode is enabled. All tool calls will be automatically approved.
release	UNKNOWN STEP	2025-10-27T20:31:06.0258631Z GEMINI_API_KEY not found. Find your existing key or generate a new one at: https://aistudio.google.com/apikey
release	UNKNOWN STEP	2025-10-27T20:31:06.0259329Z 
release	UNKNOWN STEP	2025-10-27T20:31:06.0260446Z To continue, please set the GEMINI_API_KEY environment variable or add it to a .env file.
release	UNKNOWN STEP	2025-10-27T20:31:06.0261196Z [39m
release	UNKNOWN STEP	2025-10-27T20:31:06.2418172Z  [2m[90mâ†“[39m[22m read_many_files.test.ts [2m([22m[2m1 test[22m[2m | [22m[33m1 skipped[39m[2m)[22m
release	UNKNOWN STEP	2025-10-27T20:32:05.4610283Z  [31mâ¯[39m ctrl-c-exit.test.ts [2m([22m[2m1 test[22m[2m | [22m[31m1 failed[39m[2m)[22m[33m 90290[2mms[22m[39m
release	UNKNOWN STEP	2025-10-27T20:32:05.4612137Z [31m   [31mÃ—[31m Ctrl+C exit[2m > [22mshould exit gracefully on second Ctrl+C[39m[33m 90288[2mms[22m[39m[33m (retry x2)[39m
release	UNKNOWN STEP	2025-10-27T20:32:05.4613779Z [31m     â†’ Did not find expected text: "Type your message": expected false to be true // Object.is equality[39m
release	UNKNOWN STEP	2025-10-27T20:32:05.4615329Z [31m     â†’ Did not find expected text: "Type your message": expected false to be true // Object.is equality[39m
release	UNKNOWN STEP	2025-10-27T20:32:05.4616844Z [31m     â†’ Did not find expected text: "Type your message": expected false to be true // Object.is equality[39m
release	UNKNOWN STEP	2025-10-27T20:32:17.5035706Z  [31mâ¯[39m save_memory.test.ts [2m([22m[2m1 test[22m[2m | [22m[31m1 failed[39m[2m)[22m[33m 11821[2mms[22m[39m
release	UNKNOWN STEP	2025-10-27T20:32:17.5036952Z [31m   [31mÃ—[31m save_memory[2m > [22mshould be able to save to memory[39m[33m 11819[2mms[22m[39m[33m (retry x2)[39m
release	UNKNOWN STEP	2025-10-27T20:32:17.5037510Z [31m     â†’ Process exited with code 1:
release	UNKNOWN STEP	2025-10-27T20:32:17.5038249Z YOLO mode is enabled. All tool calls will be automatically approved.
release	UNKNOWN STEP	2025-10-27T20:32:17.5038908Z GEMINI_API_KEY not found. Find your existing key or generate a new one at: https://aistudio.google.com/apikey
release	UNKNOWN STEP	2025-10-27T20:32:17.5039286Z 
release	UNKNOWN STEP	2025-10-27T20:32:17.5039593Z To continue, please set the GEMINI_API_KEY environment variable or add it to a .env file.
release	UNKNOWN STEP	2025-10-27T20:32:17.5040252Z [39m
release	UNKNOWN STEP	2025-10-27T20:32:17.5040529Z [31m     â†’ Process exited with code 1:
release	UNKNOWN STEP	2025-10-27T20:32:17.5040937Z YOLO mode is enabled. All tool calls will be automatically approved.
release	UNKNOWN STEP	2025-10-27T20:32:17.5041585Z GEMINI_API_KEY not found. Find your existing key or generate a new one at: https://aistudio.google.com/apikey
release	UNKNOWN STEP	2025-10-27T20:32:17.5041957Z 
release	UNKNOWN STEP	2025-10-27T20:32:17.5042264Z To continue, please set the GEMINI_API_KEY environment variable or add it to a .env file.
release	UNKNOWN STEP	2025-10-27T20:32:17.5042658Z [39m
release	UNKNOWN STEP	2025-10-27T20:32:17.5042912Z [31m     â†’ Process exited with code 1:
release	UNKNOWN STEP	2025-10-27T20:32:17.5043301Z YOLO mode is enabled. All tool calls will be automatically approved.
release	UNKNOWN STEP	2025-10-27T20:32:17.5043931Z GEMINI_API_KEY not found. Find your existing key or generate a new one at: https://aistudio.google.com/apikey
release	UNKNOWN STEP	2025-10-27T20:32:17.5044300Z 
release	UNKNOWN STEP	2025-10-27T20:32:17.5044599Z To continue, please set the GEMINI_API_KEY environment variable or add it to a .env file.
release	UNKNOWN STEP	2025-10-27T20:32:17.5044980Z [39m
release	UNKNOWN STEP	2025-10-27T20:32:21.4104116Z  [32mâœ“[39m extensions-install.test.ts [2m([22m[2m1 test[22m[2m)[22m[33m 3726[2mms[22m[39m
release	UNKNOWN STEP	2025-10-27T20:32:21.4105001Z    [33m[2mâœ“[22m[39m installs a local extension, verifies a command, and updates it [33m 3725[2mms[22m[39m
release	UNKNOWN STEP	2025-10-27T20:32:21.5960638Z  [2m[90mâ†“[39m[22m flicker.test.ts [2m([22m[2m1 test[22m[2m | [22m[33m1 skipped[39m[2m)[22m
release	UNKNOWN STEP	2025-10-27T20:32:32.4295087Z  [31mâ¯[39m telemetry.test.ts [2m([22m[2m1 test[22m[2m | [22m[31m1 failed[39m[2m)[22m[33m 10646[2mms[22m[39m
release	UNKNOWN STEP	2025-10-27T20:32:32.4296705Z [31m   [31mÃ—[31m telemetry[2m > [22mshould emit a metric and a log event[39m[33m 10644[2mms[22m[39m[33m (retry x2)[39m
release	UNKNOWN STEP	2025-10-27T20:32:32.4297687Z [31m     â†’ Process exited with code 1:
release	UNKNOWN STEP	2025-10-27T20:32:32.4298431Z YOLO mode is enabled. All tool calls will be automatically approved.
release	UNKNOWN STEP	2025-10-27T20:32:32.4299121Z GEMINI_API_KEY not found. Find your existing key or generate a new one at: https://aistudio.google.com/apikey
release	UNKNOWN STEP	2025-10-27T20:32:32.4299507Z 
release	UNKNOWN STEP	2025-10-27T20:32:32.4300010Z To continue, please set the GEMINI_API_KEY environment variable or add it to a .env file.
release	UNKNOWN STEP	2025-10-27T20:32:32.4300435Z [39m
release	UNKNOWN STEP	2025-10-27T20:32:32.4300701Z [31m     â†’ Process exited with code 1:
release	UNKNOWN STEP	2025-10-27T20:32:32.4301453Z YOLO mode is enabled. All tool calls will be automatically approved.
release	UNKNOWN STEP	2025-10-27T20:32:32.4302102Z GEMINI_API_KEY not found. Find your existing key or generate a new one at: https://aistudio.google.com/apikey
release	UNKNOWN STEP	2025-10-27T20:32:32.4302466Z 
release	UNKNOWN STEP	2025-10-27T20:32:32.4302774Z To continue, please set the GEMINI_API_KEY environment variable or add it to a .env file.
release	UNKNOWN STEP	2025-10-27T20:32:32.4303166Z [39m
release	UNKNOWN STEP	2025-10-27T20:32:32.4303419Z [31m     â†’ Process exited with code 1:
release	UNKNOWN STEP	2025-10-27T20:32:32.4303796Z YOLO mode is enabled. All tool calls will be automatically approved.
release	UNKNOWN STEP	2025-10-27T20:32:32.4304419Z GEMINI_API_KEY not found. Find your existing key or generate a new one at: https://aistudio.google.com/apikey
release	UNKNOWN STEP	2025-10-27T20:32:32.4304777Z 
release	UNKNOWN STEP	2025-10-27T20:32:32.4305095Z To continue, please set the GEMINI_API_KEY environment variable or add it to a .env file.
release	UNKNOWN STEP	2025-10-27T20:32:32.4305469Z [39m
release	UNKNOWN STEP	2025-10-27T20:32:36.7483877Z  [31mâ¯[39m file-system-interactive.test.ts [2m([22m[2m1 test[22m[2m | [22m[31m1 failed[39m[2m)[22m[33m 90291[2mms[22m[39m
release	UNKNOWN STEP	2025-10-27T20:32:36.7485611Z [31m   [31mÃ—[31m Interactive file system[2m > [22mshould perform a read-then-write sequence[39m[33m 90289[2mms[22m[39m[33m (retry x2)[39m
release	UNKNOWN STEP	2025-10-27T20:32:36.7486563Z [31m     â†’ Did not find expected text: "Type your message": expected false to be true // Object.is equality[39m
release	UNKNOWN STEP	2025-10-27T20:32:36.7487679Z [31m     â†’ Did not find expected text: "Type your message": expected false to be true // Object.is equality[39m
release	UNKNOWN STEP	2025-10-27T20:32:36.7488463Z [31m     â†’ Did not find expected text: "Type your message": expected false to be true // Object.is equality[39m
release	UNKNOWN STEP	2025-10-27T20:34:34.8760918Z  [31mâ¯[39m context-compress-interactive.test.ts [2m([22m[2m3 tests[22m[2m | [22m[31m3 failed[39m[2m)[22m[33m 270800[2mms[22m[39m
release	UNKNOWN STEP	2025-10-27T20:34:34.8762976Z [31m   [31mÃ—[31m Interactive Mode[2m > [22mshould trigger chat compression with /compress command[39m[33m 90335[2mms[22m[39m[33m (retry x2)[39m
release	UNKNOWN STEP	2025-10-27T20:34:34.8764099Z [31m     â†’ Did not find expected text: "Type your message": expected false to be true // Object.is equality[39m
release	UNKNOWN STEP	2025-10-27T20:34:34.8764957Z [31m     â†’ Did not find expected text: "Type your message": expected false to be true // Object.is equality[39m
release	UNKNOWN STEP	2025-10-27T20:34:34.8765803Z [31m     â†’ Did not find expected text: "Type your message": expected false to be true // Object.is equality[39m
release	UNKNOWN STEP	2025-10-27T20:34:34.8766858Z [31m   [31mÃ—[31m Interactive Mode[2m > [22mshould handle compression failure on token inflation[39m[33m 90231[2mms[22m[39m[33m (retry x2)[39m
release	UNKNOWN STEP	2025-10-27T20:34:34.8767814Z [31m     â†’ Did not find expected text: "Type your message": expected false to be true // Object.is equality[39m
release	UNKNOWN STEP	2025-10-27T20:34:34.8768637Z [31m     â†’ Did not find expected text: "Type your message": expected false to be true // Object.is equality[39m
release	UNKNOWN STEP	2025-10-27T20:34:34.8769466Z [31m     â†’ Did not find expected text: "Type your message": expected false to be true // Object.is equality[39m
release	UNKNOWN STEP	2025-10-27T20:34:34.8770782Z [31m   [31mÃ—[31m Interactive Mode[2m > [22mshould handle /compress command on empty history[39m[33m 90232[2mms[22m[39m[33m (retry x2)[39m
release	UNKNOWN STEP	2025-10-27T20:34:34.8771653Z [31m     â†’ Did not find expected text: "Type your message": expected false to be true // Object.is equality[39m
release	UNKNOWN STEP	2025-10-27T20:34:34.8772413Z [31m     â†’ Did not find expected text: "Type your message": expected false to be true // Object.is equality[39m
release	UNKNOWN STEP	2025-10-27T20:34:34.8773176Z [31m     â†’ Did not find expected text: "Type your message": expected false to be true // Object.is equality[39m
release	UNKNOWN STEP	2025-10-27T20:34:34.8885201Z 
release	UNKNOWN STEP	2025-10-27T20:34:34.8887041Z [31mâŽ¯âŽ¯âŽ¯âŽ¯âŽ¯âŽ¯[39m[1m[41m Failed Tests 33 [49m[22m[31mâŽ¯âŽ¯âŽ¯âŽ¯âŽ¯âŽ¯âŽ¯[39m
release	UNKNOWN STEP	2025-10-27T20:34:34.8887508Z 
release	UNKNOWN STEP	2025-10-27T20:34:34.8893701Z [41m[1m FAIL [22m[49m context-compress-interactive.test.ts[2m > [22mInteractive Mode[2m > [22mshould trigger chat compression with /compress command
release	UNKNOWN STEP	2025-10-27T20:34:34.8896707Z [41m[1m FAIL [22m[49m context-compress-interactive.test.ts[2m > [22mInteractive Mode[2m > [22mshould trigger chat compression with /compress command
release	UNKNOWN STEP	2025-10-27T20:34:34.8899354Z [41m[1m FAIL [22m[49m context-compress-interactive.test.ts[2m > [22mInteractive Mode[2m > [22mshould trigger chat compression with /compress command
release	UNKNOWN STEP	2025-10-27T20:34:34.8916490Z [31m[1mAssertionError[22m: Did not find expected text: "Type your message": expected false to be true // Object.is equality[39m
release	UNKNOWN STEP	2025-10-27T20:34:34.8917819Z 
release	UNKNOWN STEP	2025-10-27T20:34:34.8918239Z [32m- Expected[39m
release	UNKNOWN STEP	2025-10-27T20:34:34.8918916Z [31m+ Received[39m
release	UNKNOWN STEP	2025-10-27T20:34:34.8919281Z 
release	UNKNOWN STEP	2025-10-27T20:34:34.8919631Z [32m- true[39m
release	UNKNOWN STEP	2025-10-27T20:34:34.8921077Z [31m+ false[39m
release	UNKNOWN STEP	2025-10-27T20:34:34.8921414Z 
release	UNKNOWN STEP	2025-10-27T20:34:34.8922131Z [36m [2mâ¯[22m InteractiveRun.expectText test-helper.ts:[2m195:60[22m[39m
release	UNKNOWN STEP	2025-10-27T20:34:34.9144747Z     [90m193| [39m      [34m200[39m[33m,[39m
release	UNKNOWN STEP	2025-10-27T20:34:34.9145920Z     [90m194| [39m    )[33m;[39m
release	UNKNOWN STEP	2025-10-27T20:34:34.9147775Z     [90m195| [39m    [34mexpect[39m(found[33m,[39m [32m`Did not find expected text: "[39m[36m${[39mtext[36m}[39m[32m"`[39m)[33m.[39m[34mtoBe[39m([35mtrue[39m)[33m;[39m
release	UNKNOWN STEP	2025-10-27T20:34:34.9165043Z     [90m   | [39m                                                           [31m^[39m
release	UNKNOWN STEP	2025-10-27T20:34:34.9166392Z     [90m196| [39m  }
release	UNKNOWN STEP	2025-10-27T20:34:34.9166791Z     [90m197| [39m
release	UNKNOWN STEP	2025-10-27T20:34:34.9167531Z [90m [2mâ¯[22m TestRig.runInteractive test-helper.ts:[2m994:5[22m[39m
release	UNKNOWN STEP	2025-10-27T20:34:34.9168508Z [90m [2mâ¯[22m context-compress-interactive.test.ts:[2m30:17[22m[39m
release	UNKNOWN STEP	2025-10-27T20:34:34.9168951Z 
release	UNKNOWN STEP	2025-10-27T20:34:34.9169338Z [31m[2mâŽ¯âŽ¯âŽ¯âŽ¯âŽ¯âŽ¯âŽ¯âŽ¯âŽ¯âŽ¯âŽ¯âŽ¯âŽ¯âŽ¯âŽ¯âŽ¯âŽ¯âŽ¯âŽ¯âŽ¯âŽ¯âŽ¯âŽ¯[1/99]âŽ¯[22m[39m
release	UNKNOWN STEP	2025-10-27T20:34:34.9169639Z 
release	UNKNOWN STEP	2025-10-27T20:34:34.9170980Z [41m[1m FAIL [22m[49m context-compress-interactive.test.ts[2m > [22mInteractive Mode[2m > [22mshould handle compression failure on token inflation
release	UNKNOWN STEP	2025-10-27T20:34:34.9172979Z [41m[1m FAIL [22m[49m context-compress-interactive.test.ts[2m > [22mInteractive Mode[2m > [22mshould handle compression failure on token inflation
release	UNKNOWN STEP	2025-10-27T20:34:34.9174921Z [41m[1m FAIL [22m[49m context-compress-interactive.test.ts[2m > [22mInteractive Mode[2m > [22mshould handle compression failure on token inflation
release	UNKNOWN STEP	2025-10-27T20:34:34.9196325Z [31m[1mAssertionError[22m: Did not find expected text: "Type your message": expected false to be true // Object.is equality[39m
release	UNKNOWN STEP	2025-10-27T20:34:34.9198017Z 
release	UNKNOWN STEP	2025-10-27T20:34:34.9198286Z [32m- Expected[39m
release	UNKNOWN STEP	2025-10-27T20:34:34.9198699Z [31m+ Received[39m
release	UNKNOWN STEP	2025-10-27T20:34:34.9198898Z 
release	UNKNOWN STEP	2025-10-27T20:34:34.9199066Z [32m- true[39m
release	UNKNOWN STEP	2025-10-27T20:34:34.9199576Z [31m+ false[39m
release	UNKNOWN STEP	2025-10-27T20:34:34.9199770Z 
release	UNKNOWN STEP	2025-10-27T20:34:34.9201991Z [36m [2mâ¯[22m InteractiveRun.expectText test-helper.ts:[2m195:60[22m[39m
release	UNKNOWN STEP	2025-10-27T20:34:34.9204424Z     [90m193| [39m      [34m200[39m[33m,[39m
release	UNKNOWN STEP	2025-10-27T20:34:34.9204968Z     [90m194| [39m    )[33m;[39m
release	UNKNOWN STEP	2025-10-27T20:34:34.9207092Z     [90m195| [39m    [34mexpect[39m(found[33m,[39m [32m`Did not find expected text: "[39m[36m${[39mtext[36m}[39m[32m"`[39m)[33m.[39m[34mtoBe[39m([35mtrue[39m)[33m;[39m
release	UNKNOWN STEP	2025-10-27T20:34:34.9208369Z     [90m   | [39m                                                           [31m^[39m
release	UNKNOWN STEP	2025-10-27T20:34:34.9208885Z     [90m196| [39m  }
release	UNKNOWN STEP	2025-10-27T20:34:34.9209251Z     [90m197| [39m
release	UNKNOWN STEP	2025-10-27T20:34:34.9210197Z [90m [2mâ¯[22m TestRig.runInteractive test-helper.ts:[2m994:5[22m[39m
release	UNKNOWN STEP	2025-10-27T20:34:34.9211186Z [90m [2mâ¯[22m context-compress-interactive.test.ts:[2m59:17[22m[39m
release	UNKNOWN STEP	2025-10-27T20:34:34.9211641Z 
release	UNKNOWN STEP	2025-10-27T20:34:34.9212018Z [31m[2mâŽ¯âŽ¯âŽ¯âŽ¯âŽ¯âŽ¯âŽ¯âŽ¯âŽ¯âŽ¯âŽ¯âŽ¯âŽ¯âŽ¯âŽ¯âŽ¯âŽ¯âŽ¯âŽ¯âŽ¯âŽ¯âŽ¯âŽ¯[2/99]âŽ¯[22m[39m
release	UNKNOWN STEP	2025-10-27T20:34:34.9212323Z 
release	UNKNOWN STEP	2025-10-27T20:34:34.9213446Z [41m[1m FAIL [22m[49m context-compress-interactive.test.ts[2m > [22mInteractive Mode[2m > [22mshould handle /compress command on empty history
release	UNKNOWN STEP	2025-10-27T20:34:34.9215354Z [41m[1m FAIL [22m[49m context-compress-interactive.test.ts[2m > [22mInteractive Mode[2m > [22mshould handle /compress command on empty history
release	UNKNOWN STEP	2025-10-27T20:34:34.9217235Z [41m[1m FAIL [22m[49m context-compress-interactive.test.ts[2m > [22mInteractive Mode[2m > [22mshould handle /compress command on empty history
release	UNKNOWN STEP	2025-10-27T20:34:34.9219012Z [31m[1mAssertionError[22m: Did not find expected text: "Type your message": expected false to be true // Object.is equality[39m
release	UNKNOWN STEP	2025-10-27T20:34:34.9220139Z 
release	UNKNOWN STEP	2025-10-27T20:34:34.9220340Z [32m- Expected[39m
release	UNKNOWN STEP	2025-10-27T20:34:34.9220718Z [31m+ Received[39m
release	UNKNOWN STEP	2025-10-27T20:34:34.9220905Z 
release	UNKNOWN STEP	2025-10-27T20:34:34.9221062Z [32m- true[39m
release	UNKNOWN STEP	2025-10-27T20:34:34.9221402Z [31m+ false[39m
release	UNKNOWN STEP	2025-10-27T20:34:34.9221583Z 
release	UNKNOWN STEP	2025-10-27T20:34:34.9222157Z [36m [2mâ¯[22m InteractiveRun.expectText test-helper.ts:[2m195:60[22m[39m
release	UNKNOWN STEP	2025-10-27T20:34:34.9229443Z     [90m193| [39m      [34m200[39m[33m,[39m
release	UNKNOWN STEP	2025-10-27T20:34:34.9231027Z     [90m194| [39m    )[33m;[39m
release	UNKNOWN STEP	2025-10-27T20:34:34.9232390Z     [90m195| [39m    [34mexpect[39m(found[33m,[39m [32m`Did not find expected text: "[39m[36m${[39mtext[36m}[39m[32m"`[39m)[33m.[39m[34mtoBe[39m([35mtrue[39m)[33m;[39m
release	UNKNOWN STEP	2025-10-27T20:34:34.9233584Z     [90m   | [39m                                                           [31m^[39m
release	UNKNOWN STEP	2025-10-27T20:34:34.9234078Z     [90m196| [39m  }
release	UNKNOWN STEP	2025-10-27T20:34:34.9234426Z     [90m197| [39m
release	UNKNOWN STEP	2025-10-27T20:34:34.9247440Z [90m [2mâ¯[22m TestRig.runInteractive test-helper.ts:[2m994:5[22m[39m
release	UNKNOWN STEP	2025-10-27T20:34:34.9248455Z [90m [2mâ¯[22m context-compress-interactive.test.ts:[2m89:17[22m[39m
release	UNKNOWN STEP	2025-10-27T20:34:34.9248922Z 
release	UNKNOWN STEP	2025-10-27T20:34:34.9249305Z [31m[2mâŽ¯âŽ¯âŽ¯âŽ¯âŽ¯âŽ¯âŽ¯âŽ¯âŽ¯âŽ¯âŽ¯âŽ¯âŽ¯âŽ¯âŽ¯âŽ¯âŽ¯âŽ¯âŽ¯âŽ¯âŽ¯âŽ¯âŽ¯[3/99]âŽ¯[22m[39m
release	UNKNOWN STEP	2025-10-27T20:34:34.9249619Z 
release	UNKNOWN STEP	2025-10-27T20:34:34.9250610Z [41m[1m FAIL [22m[49m ctrl-c-exit.test.ts[2m > [22mCtrl+C exit[2m > [22mshould exit gracefully on second Ctrl+C
release	UNKNOWN STEP	2025-10-27T20:34:34.9251985Z [41m[1m FAIL [22m[49m ctrl-c-exit.test.ts[2m > [22mCtrl+C exit[2m > [22mshould exit gracefully on second Ctrl+C
release	UNKNOWN STEP	2025-10-27T20:34:34.9253345Z [41m[1m FAIL [22m[49m ctrl-c-exit.test.ts[2m > [22mCtrl+C exit[2m > [22mshould exit gracefully on second Ctrl+C
release	UNKNOWN STEP	2025-10-27T20:34:34.9254902Z [31m[1mAssertionError[22m: Did not find expected text: "Type your message": expected false to be true // Object.is equality[39m
release	UNKNOWN STEP	2025-10-27T20:34:34.9255623Z 
release	UNKNOWN STEP	2025-10-27T20:34:34.9255819Z [32m- Expected[39m
release	UNKNOWN STEP	2025-10-27T20:34:34.9256201Z [31m+ Received[39m
release	UNKNOWN STEP	2025-10-27T20:34:34.9256391Z 
release	UNKNOWN STEP	2025-10-27T20:34:34.9256541Z [32m- true[39m
release	UNKNOWN STEP	2025-10-27T20:34:34.9256878Z [31m+ false[39m
release	UNKNOWN STEP	2025-10-27T20:34:34.9257083Z 
release	UNKNOWN STEP	2025-10-27T20:34:34.9257654Z [36m [2mâ¯[22m InteractiveRun.expectText test-helper.ts:[2m195:60[22m[39m
release	UNKNOWN STEP	2025-10-27T20:34:34.9311037Z     [90m193| [39m      [34m200[39m[33m,[39m
release	UNKNOWN STEP	2025-10-27T20:34:34.9311985Z     [90m194| [39m    )[33m;[39m
release	UNKNOWN STEP	2025-10-27T20:34:34.9314147Z     [90m195| [39m    [34mexpect[39m(found[33m,[39m [32m`Did not find expected text: "[39m[36m${[39mtext[36m}[39m[32m"`[39m)[33m.[39m[34mtoBe[39m([35mtrue[39m)[33m;[39m
release	UNKNOWN STEP	2025-10-27T20:34:34.9315871Z     [90m   | [39m                                                           [31m^[39m
release	UNKNOWN STEP	2025-10-27T20:34:34.9316615Z     [90m196| [39m  }
release	UNKNOWN STEP	2025-10-27T20:34:34.9318298Z     [90m197| [39m
release	UNKNOWN STEP	2025-10-27T20:34:34.9319160Z [90m [2mâ¯[22m TestRig.runInteractive test-helper.ts:[2m994:5[22m[39m
release	UNKNOWN STEP	2025-10-27T20:34:34.9320227Z [90m [2mâ¯[22m ctrl-c-exit.test.ts:[2m18:17[22m[39m
release	UNKNOWN STEP	2025-10-27T20:34:34.9320606Z 
release	UNKNOWN STEP	2025-10-27T20:34:34.9321010Z [31m[2mâŽ¯âŽ¯âŽ¯âŽ¯âŽ¯âŽ¯âŽ¯âŽ¯âŽ¯âŽ¯âŽ¯âŽ¯âŽ¯âŽ¯âŽ¯âŽ¯âŽ¯âŽ¯âŽ¯âŽ¯âŽ¯âŽ¯âŽ¯[4/99]âŽ¯[22m[39m
release	UNKNOWN STEP	2025-10-27T20:34:34.9321336Z 
release	UNKNOWN STEP	2025-10-27T20:34:34.9322450Z [41m[1m FAIL [22m[49m file-system-interactive.test.ts[2m > [22mInteractive file system[2m > [22mshould perform a read-then-write sequence
release	UNKNOWN STEP	2025-10-27T20:34:34.9324374Z [41m[1m FAIL [22m[49m file-system-interactive.test.ts[2m > [22mInteractive file system[2m > [22mshould perform a read-then-write sequence
release	UNKNOWN STEP	2025-10-27T20:34:34.9326336Z [41m[1m FAIL [22m[49m file-system-interactive.test.ts[2m > [22mInteractive file system[2m > [22mshould perform a read-then-write sequence
release	UNKNOWN STEP	2025-10-27T20:34:34.9363908Z [31m[1mAssertionError[22m: Did not find expected text: "Type your message": expected false to be true // Object.is equality[39m
release	UNKNOWN STEP	2025-10-27T20:34:34.9364701Z 
release	UNKNOWN STEP	2025-10-27T20:34:34.9365011Z [32m- Expected[39m
release	UNKNOWN STEP	2025-10-27T20:34:34.9365454Z [31m+ Received[39m
release	UNKNOWN STEP	2025-10-27T20:34:34.9366011Z 
release	UNKNOWN STEP	2025-10-27T20:34:34.9366206Z [32m- true[39m
release	UNKNOWN STEP	2025-10-27T20:34:34.9366578Z [31m+ false[39m
release	UNKNOWN STEP	2025-10-27T20:34:34.9366773Z 
release	UNKNOWN STEP	2025-10-27T20:34:34.9367401Z [36m [2mâ¯[22m InteractiveRun.expectText test-helper.ts:[2m195:60[22m[39m
release	UNKNOWN STEP	2025-10-27T20:34:34.9368196Z     [90m193| [39m      [34m200[39m[33m,[39m
release	UNKNOWN STEP	2025-10-27T20:34:34.9368711Z     [90m194| [39m    )[33m;[39m
release	UNKNOWN STEP	2025-10-27T20:34:34.9370301Z     [90m195| [39m    [34mexpect[39m(found[33m,[39m [32m`Did not find expected text: "[39m[36m${[39mtext[36m}[39m[32m"`[39m)[33m.[39m[34mtoBe[39m([35mtrue[39m)[33m;[39m
release	UNKNOWN STEP	2025-10-27T20:34:34.9371684Z     [90m   | [39m                                                           [31m^[39m
release	UNKNOWN STEP	2025-10-27T20:34:34.9372257Z     [90m196| [39m  }
release	UNKNOWN STEP	2025-10-27T20:34:34.9372609Z     [90m197| [39m
release	UNKNOWN STEP	2025-10-27T20:34:34.9373340Z [90m [2mâ¯[22m TestRig.runInteractive test-helper.ts:[2m994:5[22m[39m
release	UNKNOWN STEP	2025-10-27T20:34:34.9374277Z [90m [2mâ¯[22m file-system-interactive.test.ts:[2m35:17[22m[39m
release	UNKNOWN STEP	2025-10-27T20:34:34.9374700Z 
release	UNKNOWN STEP	2025-10-27T20:34:34.9375082Z [31m[2mâŽ¯âŽ¯âŽ¯âŽ¯âŽ¯âŽ¯âŽ¯âŽ¯âŽ¯âŽ¯âŽ¯âŽ¯âŽ¯âŽ¯âŽ¯âŽ¯âŽ¯âŽ¯âŽ¯âŽ¯âŽ¯âŽ¯âŽ¯[5/99]âŽ¯[22m[39m
release	UNKNOWN STEP	2025-10-27T20:34:34.9375391Z 
release	UNKNOWN STEP	2025-10-27T20:34:34.9376158Z [41m[1m FAIL [22m[49m file-system.test.ts[2m > [22mfile-system[2m > [22mshould be able to read a file
release	UNKNOWN STEP	2025-10-27T20:34:34.9377540Z [41m[1m FAIL [22m[49m file-system.test.ts[2m > [22mfile-system[2m > [22mshould be able to read a file
release	UNKNOWN STEP	2025-10-27T20:34:34.9378978Z [41m[1m FAIL [22m[49m file-system.test.ts[2m > [22mfile-system[2m > [22mshould be able to read a file
release	UNKNOWN STEP	2025-10-27T20:34:34.9380661Z [41m[1m FAIL [22m[49m file-system.test.ts[2m > [22mfile-system[2m > [22mshould be able to write a file
release	UNKNOWN STEP	2025-10-27T20:34:34.9382117Z [41m[1m FAIL [22m[49m file-system.test.ts[2m > [22mfile-system[2m > [22mshould be able to write a file
release	UNKNOWN STEP	2025-10-27T20:34:34.9383517Z [41m[1m FAIL [22m[49m file-system.test.ts[2m > [22mfile-system[2m > [22mshould be able to write a file
release	UNKNOWN STEP	2025-10-27T20:34:34.9384989Z [41m[1m FAIL [22m[49m file-system.test.ts[2m > [22mfile-system[2m > [22mshould correctly handle file paths with spaces
release	UNKNOWN STEP	2025-10-27T20:34:34.9386517Z [41m[1m FAIL [22m[49m file-system.test.ts[2m > [22mfile-system[2m > [22mshould correctly handle file paths with spaces
release	UNKNOWN STEP	2025-10-27T20:34:34.9387840Z [41m[1m FAIL [22m[49m file-system.test.ts[2m > [22mfile-system[2m > [22mshould correctly handle file paths with spaces
release	UNKNOWN STEP	2025-10-27T20:34:34.9389312Z [41m[1m FAIL [22m[49m file-system.test.ts[2m > [22mfile-system[2m > [22mshould perform a read-then-write sequence
release	UNKNOWN STEP	2025-10-27T20:34:34.9421455Z [41m[1m FAIL [22m[49m file-system.test.ts[2m > [22mfile-system[2m > [22mshould perform a read-then-write sequence
release	UNKNOWN STEP	2025-10-27T20:34:34.9423067Z [41m[1m FAIL [22m[49m file-system.test.ts[2m > [22mfile-system[2m > [22mshould perform a read-then-write sequence
release	UNKNOWN STEP	2025-10-27T20:34:34.9424703Z [41m[1m FAIL [22m[49m file-system.test.ts[2m > [22mfile-system[2m > [22mshould fail safely when trying to edit a non-existent file
release	UNKNOWN STEP	2025-10-27T20:34:34.9426358Z [41m[1m FAIL [22m[49m file-system.test.ts[2m > [22mfile-system[2m > [22mshould fail safely when trying to edit a non-existent file
release	UNKNOWN STEP	2025-10-27T20:34:34.9428030Z [41m[1m FAIL [22m[49m file-system.test.ts[2m > [22mfile-system[2m > [22mshould fail safely when trying to edit a non-existent file
release	UNKNOWN STEP	2025-10-27T20:34:34.9429599Z [41m[1m FAIL [22m[49m google_web_search.test.ts[2m > [22mgoogle_web_search[2m > [22mshould be able to search the web
release	UNKNOWN STEP	2025-10-27T20:34:34.9431457Z [41m[1m FAIL [22m[49m google_web_search.test.ts[2m > [22mgoogle_web_search[2m > [22mshould be able to search the web
release	UNKNOWN STEP	2025-10-27T20:34:34.9432980Z [41m[1m FAIL [22m[49m google_web_search.test.ts[2m > [22mgoogle_web_search[2m > [22mshould be able to search the web
release	UNKNOWN STEP	2025-10-27T20:34:34.9434585Z [41m[1m FAIL [22m[49m list_directory.test.ts[2m > [22mlist_directory[2m > [22mshould be able to list a directory
release	UNKNOWN STEP	2025-10-27T20:34:34.9436102Z [41m[1m FAIL [22m[49m list_directory.test.ts[2m > [22mlist_directory[2m > [22mshould be able to list a directory
release	UNKNOWN STEP	2025-10-27T20:34:34.9437894Z [41m[1m FAIL [22m[49m list_directory.test.ts[2m > [22mlist_directory[2m > [22mshould be able to list a directory
release	UNKNOWN STEP	2025-10-27T20:34:34.9439339Z [41m[1m FAIL [22m[49m replace.test.ts[2m > [22mreplace[2m > [22mshould be able to replace content in a file
release	UNKNOWN STEP	2025-10-27T20:34:34.9441085Z [41m[1m FAIL [22m[49m replace.test.ts[2m > [22mreplace[2m > [22mshould be able to replace content in a file
release	UNKNOWN STEP	2025-10-27T20:34:34.9442496Z [41m[1m FAIL [22m[49m replace.test.ts[2m > [22mreplace[2m > [22mshould be able to replace content in a file
release	UNKNOWN STEP	2025-10-27T20:34:34.9444027Z [41m[1m FAIL [22m[49m run_shell_command.test.ts[2m > [22mrun_shell_command[2m > [22mshould be able to run a shell command
release	UNKNOWN STEP	2025-10-27T20:34:34.9445777Z [41m[1m FAIL [22m[49m run_shell_command.test.ts[2m > [22mrun_shell_command[2m > [22mshould be able to run a shell command
release	UNKNOWN STEP	2025-10-27T20:34:34.9447320Z [41m[1m FAIL [22m[49m run_shell_command.test.ts[2m > [22mrun_shell_command[2m > [22mshould be able to run a shell command
release	UNKNOWN STEP	2025-10-27T20:34:34.9448918Z [41m[1m FAIL [22m[49m run_shell_command.test.ts[2m > [22mrun_shell_command[2m > [22mshould be able to run a shell command via stdin
release	UNKNOWN STEP	2025-10-27T20:34:34.9460376Z [41m[1m FAIL [22m[49m run_shell_command.test.ts[2m > [22mrun_shell_command[2m > [22mshould be able to run a shell command via stdin
release	UNKNOWN STEP	2025-10-27T20:34:34.9462098Z [41m[1m FAIL [22m[49m run_shell_command.test.ts[2m > [22mrun_shell_command[2m > [22mshould be able to run a shell command via stdin
release	UNKNOWN STEP	2025-10-27T20:34:34.9463636Z [41m[1m FAIL [22m[49m run_shell_command.test.ts[2m > [22mrun_shell_command[2m > [22mshould succeed with --yolo mode
release	UNKNOWN STEP	2025-10-27T20:34:34.9465093Z [41m[1m FAIL [22m[49m run_shell_command.test.ts[2m > [22mrun_shell_command[2m > [22mshould succeed with --yolo mode
release	UNKNOWN STEP	2025-10-27T20:34:34.9466536Z [41m[1m FAIL [22m[49m run_shell_command.test.ts[2m > [22mrun_shell_command[2m > [22mshould succeed with --yolo mode
release	UNKNOWN STEP	2025-10-27T20:34:34.9468221Z [41m[1m FAIL [22m[49m run_shell_command.test.ts[2m > [22mrun_shell_command[2m > [22mshould propagate environment variables to the child process
release	UNKNOWN STEP	2025-10-27T20:34:34.9470213Z [41m[1m FAIL [22m[49m run_shell_command.test.ts[2m > [22mrun_shell_command[2m > [22mshould propagate environment variables to the child process
release	UNKNOWN STEP	2025-10-27T20:34:34.9472026Z [41m[1m FAIL [22m[49m run_shell_command.test.ts[2m > [22mrun_shell_command[2m > [22mshould propagate environment variables to the child process
release	UNKNOWN STEP	2025-10-27T20:34:34.9474006Z [41m[1m FAIL [22m[49m run_shell_command.test.ts[2m > [22mrun_shell_command[2m > [22mrejects invalid shell expressions
release	UNKNOWN STEP	2025-10-27T20:34:34.9475516Z [41m[1m FAIL [22m[49m run_shell_command.test.ts[2m > [22mrun_shell_command[2m > [22mrejects invalid shell expressions
release	UNKNOWN STEP	2025-10-27T20:34:34.9476981Z [41m[1m FAIL [22m[49m run_shell_command.test.ts[2m > [22mrun_shell_command[2m > [22mrejects invalid shell expressions
release	UNKNOWN STEP	2025-10-27T20:34:34.9478343Z [41m[1m FAIL [22m[49m save_memory.test.ts[2m > [22msave_memory[2m > [22mshould be able to save to memory
release	UNKNOWN STEP	2025-10-27T20:34:34.9479626Z [41m[1m FAIL [22m[49m save_memory.test.ts[2m > [22msave_memory[2m > [22mshould be able to save to memory
release	UNKNOWN STEP	2025-10-27T20:34:34.9481048Z [41m[1m FAIL [22m[49m save_memory.test.ts[2m > [22msave_memory[2m > [22mshould be able to save to memory
release	UNKNOWN STEP	2025-10-27T20:34:34.9482376Z [41m[1m FAIL [22m[49m simple-mcp-server.test.ts[2m > [22msimple-mcp-server[2m > [22mshould add two numbers
release	UNKNOWN STEP	2025-10-27T20:34:34.9483752Z [41m[1m FAIL [22m[49m simple-mcp-server.test.ts[2m > [22msimple-mcp-server[2m > [22mshould add two numbers
release	UNKNOWN STEP	2025-10-27T20:34:34.9485110Z [41m[1m FAIL [22m[49m simple-mcp-server.test.ts[2m > [22msimple-mcp-server[2m > [22mshould add two numbers
release	UNKNOWN STEP	2025-10-27T20:34:34.9486441Z [41m[1m FAIL [22m[49m telemetry.test.ts[2m > [22mtelemetry[2m > [22mshould emit a metric and a log event
release	UNKNOWN STEP	2025-10-27T20:34:34.9487933Z [41m[1m FAIL [22m[49m telemetry.test.ts[2m > [22mtelemetry[2m > [22mshould emit a metric and a log event
release	UNKNOWN STEP	2025-10-27T20:34:34.9489217Z [41m[1m FAIL [22m[49m telemetry.test.ts[2m > [22mtelemetry[2m > [22mshould emit a metric and a log event
release	UNKNOWN STEP	2025-10-27T20:34:34.9491018Z [41m[1m FAIL [22m[49m utf-bom-encoding.test.ts[2m > [22mBOM end-to-end integraion[2m > [22mUTF-8 BOM
release	UNKNOWN STEP	2025-10-27T20:34:34.9492328Z [41m[1m FAIL [22m[49m utf-bom-encoding.test.ts[2m > [22mBOM end-to-end integraion[2m > [22mUTF-8 BOM
release	UNKNOWN STEP	2025-10-27T20:34:34.9493602Z [41m[1m FAIL [22m[49m utf-bom-encoding.test.ts[2m > [22mBOM end-to-end integraion[2m > [22mUTF-8 BOM
release	UNKNOWN STEP	2025-10-27T20:34:34.9494898Z [41m[1m FAIL [22m[49m utf-bom-encoding.test.ts[2m > [22mBOM end-to-end integraion[2m > [22mUTF-16 LE BOM
release	UNKNOWN STEP	2025-10-27T20:34:34.9496209Z [41m[1m FAIL [22m[49m utf-bom-encoding.test.ts[2m > [22mBOM end-to-end integraion[2m > [22mUTF-16 LE BOM
release	UNKNOWN STEP	2025-10-27T20:34:34.9497522Z [41m[1m FAIL [22m[49m utf-bom-encoding.test.ts[2m > [22mBOM end-to-end integraion[2m > [22mUTF-16 LE BOM
release	UNKNOWN STEP	2025-10-27T20:34:34.9498815Z [41m[1m FAIL [22m[49m utf-bom-encoding.test.ts[2m > [22mBOM end-to-end integraion[2m > [22mUTF-16 BE BOM
release	UNKNOWN STEP	2025-10-27T20:34:34.9500284Z [41m[1m FAIL [22m[49m utf-bom-encoding.test.ts[2m > [22mBOM end-to-end integraion[2m > [22mUTF-16 BE BOM
release	UNKNOWN STEP	2025-10-27T20:34:34.9501600Z [41m[1m FAIL [22m[49m utf-bom-encoding.test.ts[2m > [22mBOM end-to-end integraion[2m > [22mUTF-16 BE BOM
release	UNKNOWN STEP	2025-10-27T20:34:34.9502899Z [41m[1m FAIL [22m[49m utf-bom-encoding.test.ts[2m > [22mBOM end-to-end integraion[2m > [22mUTF-32 LE BOM
release	UNKNOWN STEP	2025-10-27T20:34:34.9504196Z [41m[1m FAIL [22m[49m utf-bom-encoding.test.ts[2m > [22mBOM end-to-end integraion[2m > [22mUTF-32 LE BOM
release	UNKNOWN STEP	2025-10-27T20:34:34.9505491Z [41m[1m FAIL [22m[49m utf-bom-encoding.test.ts[2m > [22mBOM end-to-end integraion[2m > [22mUTF-32 LE BOM
release	UNKNOWN STEP	2025-10-27T20:34:34.9506787Z [41m[1m FAIL [22m[49m utf-bom-encoding.test.ts[2m > [22mBOM end-to-end integraion[2m > [22mUTF-32 BE BOM
release	UNKNOWN STEP	2025-10-27T20:34:34.9508101Z [41m[1m FAIL [22m[49m utf-bom-encoding.test.ts[2m > [22mBOM end-to-end integraion[2m > [22mUTF-32 BE BOM
release	UNKNOWN STEP	2025-10-27T20:34:34.9509403Z [41m[1m FAIL [22m[49m utf-bom-encoding.test.ts[2m > [22mBOM end-to-end integraion[2m > [22mUTF-32 BE BOM
release	UNKNOWN STEP	2025-10-27T20:34:34.9511205Z [41m[1m FAIL [22m[49m utf-bom-encoding.test.ts[2m > [22mBOM end-to-end integraion[2m > [22mCan describe a PNG file
release	UNKNOWN STEP	2025-10-27T20:34:34.9512851Z [41m[1m FAIL [22m[49m utf-bom-encoding.test.ts[2m > [22mBOM end-to-end integraion[2m > [22mCan describe a PNG file
release	UNKNOWN STEP	2025-10-27T20:34:34.9514313Z [41m[1m FAIL [22m[49m utf-bom-encoding.test.ts[2m > [22mBOM end-to-end integraion[2m > [22mCan describe a PNG file
release	UNKNOWN STEP	2025-10-27T20:34:34.9515645Z [41m[1m FAIL [22m[49m write_file.test.ts[2m > [22mwrite_file[2m > [22mshould be able to write a file
release	UNKNOWN STEP	2025-10-27T20:34:34.9516876Z [41m[1m FAIL [22m[49m write_file.test.ts[2m > [22mwrite_file[2m > [22mshould be able to write a file
release	UNKNOWN STEP	2025-10-27T20:34:34.9518111Z [41m[1m FAIL [22m[49m write_file.test.ts[2m > [22mwrite_file[2m > [22mshould be able to write a file
release	UNKNOWN STEP	2025-10-27T20:34:34.9518981Z [31m[1mError[22m: Process exited with code 1:
release	UNKNOWN STEP	2025-10-27T20:34:34.9519708Z YOLO mode is enabled. All tool calls will be automatically approved.
release	UNKNOWN STEP	2025-10-27T20:34:34.9520998Z GEMINI_API_KEY not found. Find your existing key or generate a new one at: https://aistudio.google.com/apikey
release	UNKNOWN STEP	2025-10-27T20:34:34.9521630Z 
release	UNKNOWN STEP	2025-10-27T20:34:34.9522202Z To continue, please set the GEMINI_API_KEY environment variable or add it to a .env file.
release	UNKNOWN STEP	2025-10-27T20:34:34.9522871Z [39m
release	UNKNOWN STEP	2025-10-27T20:34:34.9523621Z [36m [2mâ¯[22m ChildProcess.<anonymous> test-helper.ts:[2m486:18[22m[39m
release	UNKNOWN STEP	2025-10-27T20:34:34.9524439Z     [90m484| [39m          [34mresolve[39m(result)[33m;[39m
release	UNKNOWN STEP	2025-10-27T20:34:34.9525060Z     [90m485| [39m        } [35melse[39m {
release	UNKNOWN STEP	2025-10-27T20:34:34.9526100Z     [90m486| [39m          reject(new Error(`Process exited with code ${code}:\n${stderâ€¦
release	UNKNOWN STEP	2025-10-27T20:34:34.9526812Z     [90m   | [39m                 [31m^[39m
release	UNKNOWN STEP	2025-10-27T20:34:34.9527272Z     [90m487| [39m        }
release	UNKNOWN STEP	2025-10-27T20:34:34.9527721Z     [90m488| [39m      })[33m;[39m
release	UNKNOWN STEP	2025-10-27T20:34:34.9527979Z 
release	UNKNOWN STEP	2025-10-27T20:34:34.9528342Z [31m[2mâŽ¯âŽ¯âŽ¯âŽ¯âŽ¯âŽ¯âŽ¯âŽ¯âŽ¯âŽ¯âŽ¯âŽ¯âŽ¯âŽ¯âŽ¯âŽ¯âŽ¯âŽ¯âŽ¯âŽ¯âŽ¯âŽ¯âŽ¯[6/99]âŽ¯[22m[39m
release	UNKNOWN STEP	2025-10-27T20:34:34.9528647Z 
release	UNKNOWN STEP	2025-10-27T20:34:34.9529552Z [41m[1m FAIL [22m[49m json-output.test.ts[2m > [22mJSON output[2m > [22mshould return a valid JSON with response and stats
release	UNKNOWN STEP	2025-10-27T20:34:34.9531257Z [41m[1m FAIL [22m[49m json-output.test.ts[2m > [22mJSON output[2m > [22mshould return a valid JSON with response and stats
release	UNKNOWN STEP	2025-10-27T20:34:34.9532773Z [41m[1m FAIL [22m[49m json-output.test.ts[2m > [22mJSON output[2m > [22mshould return a valid JSON with response and stats
release	UNKNOWN STEP	2025-10-27T20:34:34.9533757Z [31m[1mError[22m: Process exited with code 1:
release	UNKNOWN STEP	2025-10-27T20:34:34.9534490Z YOLO mode is enabled. All tool calls will be automatically approved.
release	UNKNOWN STEP	2025-10-27T20:34:34.9535018Z {
release	UNKNOWN STEP	2025-10-27T20:34:34.9535275Z   "error": {
release	UNKNOWN STEP	2025-10-27T20:34:34.9535557Z     "type": "Error",
release	UNKNOWN STEP	2025-10-27T20:34:34.9536987Z     "message": "GEMINI_API_KEY not found. Find your existing key or generate a new one at: https://aistudio.google.com/apikey\n\nTo continue, please set the GEMINI_API_KEY environment variable or add it to a .env file.",
release	UNKNOWN STEP	2025-10-27T20:34:34.9538261Z     "code": 1
release	UNKNOWN STEP	2025-10-27T20:34:34.9538546Z   }
release	UNKNOWN STEP	2025-10-27T20:34:34.9538791Z }
release	UNKNOWN STEP	2025-10-27T20:34:34.9539086Z [39m
release	UNKNOWN STEP	2025-10-27T20:34:34.9539800Z [36m [2mâ¯[22m ChildProcess.<anonymous> test-helper.ts:[2m486:18[22m[39m
release	UNKNOWN STEP	2025-10-27T20:34:34.9540807Z     [90m484| [39m          [34mresolve[39m(result)[33m;[39m
release	UNKNOWN STEP	2025-10-27T20:34:34.9541427Z     [90m485| [39m        } [35melse[39m {
release	UNKNOWN STEP	2025-10-27T20:34:34.9542228Z     [90m486| [39m          reject(new Error(`Process exited with code ${code}:\n${stderâ€¦
release	UNKNOWN STEP	2025-10-27T20:34:34.9542966Z     [90m   | [39m                 [31m^[39m
release	UNKNOWN STEP	2025-10-27T20:34:34.9543444Z     [90m487| [39m        }
release	UNKNOWN STEP	2025-10-27T20:34:34.9543962Z     [90m488| [39m      })[33m;[39m
release	UNKNOWN STEP	2025-10-27T20:34:34.9544248Z 
release	UNKNOWN STEP	2025-10-27T20:34:34.9544646Z [31m[2mâŽ¯âŽ¯âŽ¯âŽ¯âŽ¯âŽ¯âŽ¯âŽ¯âŽ¯âŽ¯âŽ¯âŽ¯âŽ¯âŽ¯âŽ¯âŽ¯âŽ¯âŽ¯âŽ¯âŽ¯âŽ¯âŽ¯âŽ¯[7/99]âŽ¯[22m[39m
release	UNKNOWN STEP	2025-10-27T20:34:34.9545028Z 
release	UNKNOWN STEP	2025-10-27T20:34:34.9546491Z [41m[1m FAIL [22m[49m mcp_server_cyclic_schema.test.ts[2m > [22mmcp server with cyclic tool schema is detected[2m > [22mmcp tool list should include tool with cyclic tool schema
release	UNKNOWN STEP	2025-10-27T20:34:34.9549107Z [41m[1m FAIL [22m[49m mcp_server_cyclic_schema.test.ts[2m > [22mmcp server with cyclic tool schema is detected[2m > [22mmcp tool list should include tool with cyclic tool schema
release	UNKNOWN STEP	2025-10-27T20:34:34.9551676Z [41m[1m FAIL [22m[49m mcp_server_cyclic_schema.test.ts[2m > [22mmcp server with cyclic tool schema is detected[2m > [22mmcp tool list should include tool with cyclic tool schema
release	UNKNOWN STEP	2025-10-27T20:34:34.9553550Z [31m[1mAssertionError[22m: Did not find expected text: "Type your message": expected false to be true // Object.is equality[39m
release	UNKNOWN STEP	2025-10-27T20:34:34.9554252Z 
release	UNKNOWN STEP	2025-10-27T20:34:34.9554476Z [32m- Expected[39m
release	UNKNOWN STEP	2025-10-27T20:34:34.9554878Z [31m+ Received[39m
release	UNKNOWN STEP	2025-10-27T20:34:34.9555074Z 
release	UNKNOWN STEP	2025-10-27T20:34:34.9555250Z [32m- true[39m
release	UNKNOWN STEP	2025-10-27T20:34:34.9555604Z [31m+ false[39m
release	UNKNOWN STEP	2025-10-27T20:34:34.9555793Z 
release	UNKNOWN STEP	2025-10-27T20:34:34.9556393Z [36m [2mâ¯[22m InteractiveRun.expectText test-helper.ts:[2m195:60[22m[39m
release	UNKNOWN STEP	2025-10-27T20:34:34.9557184Z     [90m193| [39m      [34m200[39m[33m,[39m
release	UNKNOWN STEP	2025-10-27T20:34:34.9557739Z     [90m194| [39m    )[33m;[39m
release	UNKNOWN STEP	2025-10-27T20:34:34.9559123Z     [90m195| [39m    [34mexpect[39m(found[33m,[39m [32m`Did not find expected text: "[39m[36m${[39mtext[36m}[39m[32m"`[39m)[33m.[39m[34mtoBe[39m([35mtrue[39m)[33m;[39m
release	UNKNOWN STEP	2025-10-27T20:34:34.9560648Z     [90m   | [39m                                                           [31m^[39m
release	UNKNOWN STEP	2025-10-27T20:34:34.9561236Z     [90m196| [39m  }
release	UNKNOWN STEP	2025-10-27T20:34:34.9561911Z     [90m197| [39m
release	UNKNOWN STEP	2025-10-27T20:34:34.9562688Z [90m [2mâ¯[22m TestRig.runInteractive test-helper.ts:[2m994:5[22m[39m
release	UNKNOWN STEP	2025-10-27T20:34:34.9563617Z [90m [2mâ¯[22m mcp_server_cyclic_schema.test.ts:[2m196:17[22m[39m
release	UNKNOWN STEP	2025-10-27T20:34:34.9564025Z 
release	UNKNOWN STEP	2025-10-27T20:34:34.9564448Z [31m[2mâŽ¯âŽ¯âŽ¯âŽ¯âŽ¯âŽ¯âŽ¯âŽ¯âŽ¯âŽ¯âŽ¯âŽ¯âŽ¯âŽ¯âŽ¯âŽ¯âŽ¯âŽ¯âŽ¯âŽ¯âŽ¯âŽ¯âŽ¯[8/99]âŽ¯[22m[39m
release	UNKNOWN STEP	2025-10-27T20:34:34.9564778Z 
release	UNKNOWN STEP	2025-10-27T20:34:34.9565868Z [41m[1m FAIL [22m[49m run_shell_command.test.ts[2m > [22mrun_shell_command[2m > [22mshould succeed with no parens in non-interactive mode
release	UNKNOWN STEP	2025-10-27T20:34:34.9567734Z [41m[1m FAIL [22m[49m run_shell_command.test.ts[2m > [22mrun_shell_command[2m > [22mshould succeed with no parens in non-interactive mode
release	UNKNOWN STEP	2025-10-27T20:34:34.9569610Z [41m[1m FAIL [22m[49m run_shell_command.test.ts[2m > [22mrun_shell_command[2m > [22mshould succeed with no parens in non-interactive mode
release	UNKNOWN STEP	2025-10-27T20:34:34.9571611Z [41m[1m FAIL [22m[49m run_shell_command.test.ts[2m > [22mrun_shell_command[2m > [22mshould reject commands not on the allowlist
release	UNKNOWN STEP	2025-10-27T20:34:34.9573372Z [41m[1m FAIL [22m[49m run_shell_command.test.ts[2m > [22mrun_shell_command[2m > [22mshould reject commands not on the allowlist
release	UNKNOWN STEP	2025-10-27T20:34:34.9575100Z [41m[1m FAIL [22m[49m run_shell_command.test.ts[2m > [22mrun_shell_command[2m > [22mshould reject commands not on the allowlist
release	UNKNOWN STEP	2025-10-27T20:34:34.9576962Z [41m[1m FAIL [22m[49m run_shell_command.test.ts[2m > [22mrun_shell_command[2m > [22mshould allow all with "ShellTool" and other specific tools
release	UNKNOWN STEP	2025-10-27T20:34:34.9578943Z [41m[1m FAIL [22m[49m run_shell_command.test.ts[2m > [22mrun_shell_command[2m > [22mshould allow all with "ShellTool" and other specific tools
release	UNKNOWN STEP	2025-10-27T20:34:34.9581053Z [41m[1m FAIL [22m[49m run_shell_command.test.ts[2m > [22mrun_shell_command[2m > [22mshould allow all with "ShellTool" and other specific tools
release	UNKNOWN STEP	2025-10-27T20:34:34.9582263Z [31m[1mError[22m: Process exited with code 1:
release	UNKNOWN STEP	2025-10-27T20:34:34.9583375Z GEMINI_API_KEY not found. Find your existing key or generate a new one at: https://aistudio.google.com/apikey
release	UNKNOWN STEP	2025-10-27T20:34:34.9584042Z 
release	UNKNOWN STEP	2025-10-27T20:34:34.9584582Z To continue, please set the GEMINI_API_KEY environment variable or add it to a .env file.
release	UNKNOWN STEP	2025-10-27T20:34:34.9585285Z [39m
release	UNKNOWN STEP	2025-10-27T20:34:34.9585987Z [36m [2mâ¯[22m ChildProcess.<anonymous> test-helper.ts:[2m486:18[22m[39m
release	UNKNOWN STEP	2025-10-27T20:34:34.9586767Z     [90m484| [39m          [34mresolve[39m(result)[33m;[39m
release	UNKNOWN STEP	2025-10-27T20:34:34.9587351Z     [90m485| [39m        } [35melse[39m {
release	UNKNOWN STEP	2025-10-27T20:34:34.9588343Z     [90m486| [39m          reject(new Error(`Process exited with code ${code}:\n${stderâ€¦
release	UNKNOWN STEP	2025-10-27T20:34:34.9589057Z     [90m   | [39m                 [31m^[39m
release	UNKNOWN STEP	2025-10-27T20:34:34.9589506Z     [90m487| [39m        }
release	UNKNOWN STEP	2025-10-27T20:34:34.9590159Z     [90m488| [39m      })[33m;[39m
release	UNKNOWN STEP	2025-10-27T20:34:34.9590424Z 
release	UNKNOWN STEP	2025-10-27T20:34:34.9590784Z [31m[2mâŽ¯âŽ¯âŽ¯âŽ¯âŽ¯âŽ¯âŽ¯âŽ¯âŽ¯âŽ¯âŽ¯âŽ¯âŽ¯âŽ¯âŽ¯âŽ¯âŽ¯âŽ¯âŽ¯âŽ¯âŽ¯âŽ¯âŽ¯[9/99]âŽ¯[22m[39m
release	UNKNOWN STEP	2025-10-27T20:34:34.9591091Z 
release	UNKNOWN STEP	2025-10-27T20:34:34.9591133Z 
release	UNKNOWN STEP	2025-10-27T20:34:34.9592010Z [2m Test Files [22m [1m[31m15 failed[39m[22m[2m | [22m[1m[32m2 passed[39m[22m[2m | [22m[33m3 skipped[39m[90m (20)[39m
release	UNKNOWN STEP	2025-10-27T20:34:34.9593411Z [2m      Tests [22m [1m[31m33 failed[39m[22m[2m | [22m[1m[32m4 passed[39m[22m[2m | [22m[33m14 skipped[39m[90m (51)[39m
release	UNKNOWN STEP	2025-10-27T20:34:34.9594346Z [2m   Start at [22m 20:28:17
release	UNKNOWN STEP	2025-10-27T20:34:34.9595464Z [2m   Duration [22m 377.40s[2m (transform 2.54s, setup 0ms, collect 5.62s, tests 881.89s, environment 4ms, prepare 1.54s)[22m
release	UNKNOWN STEP	2025-10-27T20:34:34.9596111Z 
release	UNKNOWN STEP	2025-10-27T20:34:35.0555201Z ##[error]Process completed with exit code 1.
release	UNKNOWN STEP	2025-10-27T20:34:35.0677776Z ##[group]Run gh issue create \
release	UNKNOWN STEP	2025-10-27T20:34:35.0678195Z [36;1mgh issue create \[0m
release	UNKNOWN STEP	2025-10-27T20:34:35.0678734Z [36;1m  --title "Nightly Release Failed for ${RELEASE_TAG} on $(date +'%Y-%m-%d')" \[0m
release	UNKNOWN STEP	2025-10-27T20:34:35.0679599Z [36;1m  --body "The nightly-release workflow failed. See the full run for details: ${DETAILS_URL}" \[0m
release	UNKNOWN STEP	2025-10-27T20:34:35.0680974Z [36;1m  --label 'kind/bug,release-failure,priority/p0'[0m
release	UNKNOWN STEP	2025-10-27T20:34:35.0714800Z shell: /usr/bin/bash -e {0}
release	UNKNOWN STEP	2025-10-27T20:34:35.0715132Z env:
release	UNKNOWN STEP	2025-10-27T20:34:35.0715711Z   GITHUB_TOKEN: ***
release	UNKNOWN STEP	2025-10-27T20:34:35.0716013Z   RELEASE_TAG: 
release	UNKNOWN STEP	2025-10-27T20:34:35.0716510Z   DETAILS_URL: https://github.com/hebenezer-m/gemini-cli/actions/runs/18854859516
release	UNKNOWN STEP	2025-10-27T20:34:35.0717113Z ##[endgroup]
release	UNKNOWN STEP	2025-10-27T20:34:35.8933316Z could not add label: 'kind/bug' not found
release	UNKNOWN STEP	2025-10-27T20:34:35.8972278Z ##[error]Process completed with exit code 1.
release	UNKNOWN STEP	2025-10-27T20:34:35.9027903Z Post job cleanup.
release	UNKNOWN STEP	2025-10-27T20:34:35.9821835Z [command]/usr/bin/git version
release	UNKNOWN STEP	2025-10-27T20:34:35.9858409Z git version 2.51.0
release	UNKNOWN STEP	2025-10-27T20:34:35.9895738Z Temporarily overriding HOME='/home/runner/work/_temp/67f387f1-e53b-4eaf-b49a-d727298b53fe' before making global git config changes
release	UNKNOWN STEP	2025-10-27T20:34:35.9897192Z Adding repository directory to the temporary git global config as a safe directory
release	UNKNOWN STEP	2025-10-27T20:34:35.9900993Z [command]/usr/bin/git config --global --add safe.directory /home/runner/work/gemini-cli/gemini-cli/release
release	UNKNOWN STEP	2025-10-27T20:34:35.9937809Z [command]/usr/bin/git config --local --name-only --get-regexp core\.sshCommand
release	UNKNOWN STEP	2025-10-27T20:34:35.9970918Z [command]/usr/bin/git submodule foreach --recursive sh -c "git config --local --name-only --get-regexp 'core\.sshCommand' && git config --local --unset-all 'core.sshCommand' || :"
release	UNKNOWN STEP	2025-10-27T20:34:36.0208289Z [command]/usr/bin/git config --local --name-only --get-regexp http\.https\:\/\/github\.com\/\.extraheader
release	UNKNOWN STEP	2025-10-27T20:34:36.0235368Z http.https://github.com/.extraheader
release	UNKNOWN STEP	2025-10-27T20:34:36.0245580Z [command]/usr/bin/git config --local --unset-all http.https://github.com/.extraheader
release	UNKNOWN STEP	2025-10-27T20:34:36.0278851Z [command]/usr/bin/git submodule foreach --recursive sh -c "git config --local --name-only --get-regexp 'http\.https\:\/\/github\.com\/\.extraheader' && git config --local --unset-all 'http.https://github.com/.extraheader' || :"
release	UNKNOWN STEP	2025-10-27T20:34:36.0632344Z Post job cleanup.
release	UNKNOWN STEP	2025-10-27T20:34:36.1451807Z [command]/usr/bin/git version
release	UNKNOWN STEP	2025-10-27T20:34:36.1523113Z git version 2.51.0
release	UNKNOWN STEP	2025-10-27T20:34:36.1561458Z Temporarily overriding HOME='/home/runner/work/_temp/fbf9dd10-52e4-4102-a763-ee86435e86b7' before making global git config changes
release	UNKNOWN STEP	2025-10-27T20:34:36.1562887Z Adding repository directory to the temporary git global config as a safe directory
release	UNKNOWN STEP	2025-10-27T20:34:36.1567023Z [command]/usr/bin/git config --global --add safe.directory /home/runner/work/gemini-cli/gemini-cli
release	UNKNOWN STEP	2025-10-27T20:34:36.1605879Z [command]/usr/bin/git config --local --name-only --get-regexp core\.sshCommand
release	UNKNOWN STEP	2025-10-27T20:34:36.1640069Z [command]/usr/bin/git submodule foreach --recursive sh -c "git config --local --name-only --get-regexp 'core\.sshCommand' && git config --local --unset-all 'core.sshCommand' || :"
release	UNKNOWN STEP	2025-10-27T20:34:36.1871893Z [command]/usr/bin/git config --local --name-only --get-regexp http\.https\:\/\/github\.com\/\.extraheader
release	UNKNOWN STEP	2025-10-27T20:34:36.1896150Z http.https://github.com/.extraheader
release	UNKNOWN STEP	2025-10-27T20:34:36.1906156Z [command]/usr/bin/git config --local --unset-all http.https://github.com/.extraheader
release	UNKNOWN STEP	2025-10-27T20:34:36.1938191Z [command]/usr/bin/git submodule foreach --recursive sh -c "git config --local --name-only --get-regexp 'http\.https\:\/\/github\.com\/\.extraheader' && git config --local --unset-all 'http.https://github.com/.extraheader' || :"
release	UNKNOWN STEP	2025-10-27T20:34:36.2315210Z Cleaning up orphan processes
