release	UNKNOWN STEP	ï»¿2025-10-28T20:27:14.4409107Z Current runner version: '2.328.0'
release	UNKNOWN STEP	2025-10-28T20:27:14.4432650Z ##[group]Runner Image Provisioner
release	UNKNOWN STEP	2025-10-28T20:27:14.4433451Z Hosted Compute Agent
release	UNKNOWN STEP	2025-10-28T20:27:14.4433931Z Version: 20250912.392
release	UNKNOWN STEP	2025-10-28T20:27:14.4434622Z Commit: d921fda672a98b64f4f82364647e2f10b2267d0b
release	UNKNOWN STEP	2025-10-28T20:27:14.4435293Z Build Date: 2025-09-12T15:23:14Z
release	UNKNOWN STEP	2025-10-28T20:27:14.4435816Z ##[endgroup]
release	UNKNOWN STEP	2025-10-28T20:27:14.4436441Z ##[group]Operating System
release	UNKNOWN STEP	2025-10-28T20:27:14.4436971Z Ubuntu
release	UNKNOWN STEP	2025-10-28T20:27:14.4437423Z 24.04.3
release	UNKNOWN STEP	2025-10-28T20:27:14.4437916Z LTS
release	UNKNOWN STEP	2025-10-28T20:27:14.4438359Z ##[endgroup]
release	UNKNOWN STEP	2025-10-28T20:27:14.4438807Z ##[group]Runner Image
release	UNKNOWN STEP	2025-10-28T20:27:14.4439432Z Image: ubuntu-24.04
release	UNKNOWN STEP	2025-10-28T20:27:14.4439927Z Version: 20250929.60.1
release	UNKNOWN STEP	2025-10-28T20:27:14.4441076Z Included Software: https://github.com/actions/runner-images/blob/ubuntu24/20250929.60/images/ubuntu/Ubuntu2404-Readme.md
release	UNKNOWN STEP	2025-10-28T20:27:14.4442667Z Image Release: https://github.com/actions/runner-images/releases/tag/ubuntu24%2F20250929.60
release	UNKNOWN STEP	2025-10-28T20:27:14.4443556Z ##[endgroup]
release	UNKNOWN STEP	2025-10-28T20:27:14.4444886Z ##[group]GITHUB_TOKEN Permissions
release	UNKNOWN STEP	2025-10-28T20:27:14.4446796Z Contents: write
release	UNKNOWN STEP	2025-10-28T20:27:14.4447744Z Issues: write
release	UNKNOWN STEP	2025-10-28T20:27:14.4448260Z Metadata: read
release	UNKNOWN STEP	2025-10-28T20:27:14.4448715Z Packages: write
release	UNKNOWN STEP	2025-10-28T20:27:14.4449256Z PullRequests: write
release	UNKNOWN STEP	2025-10-28T20:27:14.4449740Z ##[endgroup]
release	UNKNOWN STEP	2025-10-28T20:27:14.4452270Z Secret source: Actions
release	UNKNOWN STEP	2025-10-28T20:27:14.4453242Z Prepare workflow directory
release	UNKNOWN STEP	2025-10-28T20:27:14.4770859Z Prepare all required actions
release	UNKNOWN STEP	2025-10-28T20:27:14.4827504Z Getting action download info
release	UNKNOWN STEP	2025-10-28T20:27:14.9854415Z Download action repository 'actions/checkout@08c6903cd8c0fde910a37f88322edcfb5dd907a8' (SHA:08c6903cd8c0fde910a37f88322edcfb5dd907a8)
release	UNKNOWN STEP	2025-10-28T20:27:15.1252177Z Download action repository 'actions/setup-node@49933ea5288caeca8642d1e84afbd3f7d6820020' (SHA:49933ea5288caeca8642d1e84afbd3f7d6820020)
release	UNKNOWN STEP	2025-10-28T20:27:15.2988871Z Complete job name: release
release	UNKNOWN STEP	2025-10-28T20:27:15.3696905Z ##[group]Run actions/checkout@08c6903cd8c0fde910a37f88322edcfb5dd907a8
release	UNKNOWN STEP	2025-10-28T20:27:15.3697921Z with:
release	UNKNOWN STEP	2025-10-28T20:27:15.3698288Z   fetch-depth: 0
release	UNKNOWN STEP	2025-10-28T20:27:15.3698708Z   repository: hebenezer-m/gemini-cli
release	UNKNOWN STEP	2025-10-28T20:27:15.3699362Z   token: ***
release	UNKNOWN STEP	2025-10-28T20:27:15.3699730Z   ssh-strict: true
release	UNKNOWN STEP	2025-10-28T20:27:15.3700113Z   ssh-user: git
release	UNKNOWN STEP	2025-10-28T20:27:15.3700663Z   persist-credentials: true
release	UNKNOWN STEP	2025-10-28T20:27:15.3701114Z   clean: true
release	UNKNOWN STEP	2025-10-28T20:27:15.3701501Z   sparse-checkout-cone-mode: true
release	UNKNOWN STEP	2025-10-28T20:27:15.3701973Z   fetch-tags: false
release	UNKNOWN STEP	2025-10-28T20:27:15.3702363Z   show-progress: true
release	UNKNOWN STEP	2025-10-28T20:27:15.3702764Z   lfs: false
release	UNKNOWN STEP	2025-10-28T20:27:15.3703135Z   submodules: false
release	UNKNOWN STEP	2025-10-28T20:27:15.3703531Z   set-safe-directory: true
release	UNKNOWN STEP	2025-10-28T20:27:15.3704210Z ##[endgroup]
release	UNKNOWN STEP	2025-10-28T20:27:15.4612195Z Syncing repository: hebenezer-m/gemini-cli
release	UNKNOWN STEP	2025-10-28T20:27:15.4613907Z ##[group]Getting Git version info
release	UNKNOWN STEP	2025-10-28T20:27:15.4614665Z Working directory is '/home/runner/work/gemini-cli/gemini-cli'
release	UNKNOWN STEP	2025-10-28T20:27:15.4615718Z [command]/usr/bin/git version
release	UNKNOWN STEP	2025-10-28T20:27:15.4669569Z git version 2.51.0
release	UNKNOWN STEP	2025-10-28T20:27:15.4689298Z ##[endgroup]
release	UNKNOWN STEP	2025-10-28T20:27:15.4703168Z Temporarily overriding HOME='/home/runner/work/_temp/35c187b4-6322-47ee-9c60-5e2d6a5f197c' before making global git config changes
release	UNKNOWN STEP	2025-10-28T20:27:15.4704525Z Adding repository directory to the temporary git global config as a safe directory
release	UNKNOWN STEP	2025-10-28T20:27:15.4707913Z [command]/usr/bin/git config --global --add safe.directory /home/runner/work/gemini-cli/gemini-cli
release	UNKNOWN STEP	2025-10-28T20:27:15.4743057Z Deleting the contents of '/home/runner/work/gemini-cli/gemini-cli'
release	UNKNOWN STEP	2025-10-28T20:27:15.4746415Z ##[group]Initializing the repository
release	UNKNOWN STEP	2025-10-28T20:27:15.4750987Z [command]/usr/bin/git init /home/runner/work/gemini-cli/gemini-cli
release	UNKNOWN STEP	2025-10-28T20:27:15.4858529Z hint: Using 'master' as the name for the initial branch. This default branch name
release	UNKNOWN STEP	2025-10-28T20:27:15.4859841Z hint: is subject to change. To configure the initial branch name to use in all
release	UNKNOWN STEP	2025-10-28T20:27:15.4861674Z hint: of your new repositories, which will suppress this warning, call:
release	UNKNOWN STEP	2025-10-28T20:27:15.4862710Z hint:
release	UNKNOWN STEP	2025-10-28T20:27:15.4863455Z hint: 	git config --global init.defaultBranch <name>
release	UNKNOWN STEP	2025-10-28T20:27:15.4864854Z hint:
release	UNKNOWN STEP	2025-10-28T20:27:15.4866039Z hint: Names commonly chosen instead of 'master' are 'main', 'trunk' and
release	UNKNOWN STEP	2025-10-28T20:27:15.4867875Z hint: 'development'. The just-created branch can be renamed via this command:
release	UNKNOWN STEP	2025-10-28T20:27:15.4869145Z hint:
release	UNKNOWN STEP	2025-10-28T20:27:15.4869769Z hint: 	git branch -m <name>
release	UNKNOWN STEP	2025-10-28T20:27:15.4870692Z hint:
release	UNKNOWN STEP	2025-10-28T20:27:15.4871668Z hint: Disable this message with "git config set advice.defaultBranchName false"
release	UNKNOWN STEP	2025-10-28T20:27:15.4873457Z Initialized empty Git repository in /home/runner/work/gemini-cli/gemini-cli/.git/
release	UNKNOWN STEP	2025-10-28T20:27:15.4876182Z [command]/usr/bin/git remote add origin https://github.com/hebenezer-m/gemini-cli
release	UNKNOWN STEP	2025-10-28T20:27:15.4911197Z ##[endgroup]
release	UNKNOWN STEP	2025-10-28T20:27:15.4912371Z ##[group]Disabling automatic garbage collection
release	UNKNOWN STEP	2025-10-28T20:27:15.4915501Z [command]/usr/bin/git config --local gc.auto 0
release	UNKNOWN STEP	2025-10-28T20:27:15.4943269Z ##[endgroup]
release	UNKNOWN STEP	2025-10-28T20:27:15.4944421Z ##[group]Setting up auth
release	UNKNOWN STEP	2025-10-28T20:27:15.4949986Z [command]/usr/bin/git config --local --name-only --get-regexp core\.sshCommand
release	UNKNOWN STEP	2025-10-28T20:27:15.4980793Z [command]/usr/bin/git submodule foreach --recursive sh -c "git config --local --name-only --get-regexp 'core\.sshCommand' && git config --local --unset-all 'core.sshCommand' || :"
release	UNKNOWN STEP	2025-10-28T20:27:15.5316224Z [command]/usr/bin/git config --local --name-only --get-regexp http\.https\:\/\/github\.com\/\.extraheader
release	UNKNOWN STEP	2025-10-28T20:27:15.5347592Z [command]/usr/bin/git submodule foreach --recursive sh -c "git config --local --name-only --get-regexp 'http\.https\:\/\/github\.com\/\.extraheader' && git config --local --unset-all 'http.https://github.com/.extraheader' || :"
release	UNKNOWN STEP	2025-10-28T20:27:15.5591370Z [command]/usr/bin/git config --local http.https://github.com/.extraheader AUTHORIZATION: basic ***
release	UNKNOWN STEP	2025-10-28T20:27:15.5628170Z ##[endgroup]
release	UNKNOWN STEP	2025-10-28T20:27:15.5628931Z ##[group]Fetching the repository
release	UNKNOWN STEP	2025-10-28T20:27:15.5638578Z [command]/usr/bin/git -c protocol.version=2 fetch --prune --no-recurse-submodules origin +refs/heads/*:refs/remotes/origin/* +refs/tags/*:refs/tags/*
release	UNKNOWN STEP	2025-10-28T20:27:17.7054574Z From https://github.com/hebenezer-m/gemini-cli
release	UNKNOWN STEP	2025-10-28T20:27:17.7056548Z  * [new branch]        It's-OK                -> origin/It's-OK
release	UNKNOWN STEP	2025-10-28T20:27:17.7057845Z  * [new branch]        backup-minhas-modificacoes -> origin/backup-minhas-modificacoes
release	UNKNOWN STEP	2025-10-28T20:27:17.7059549Z  * [new branch]        docs-github-mcp-pat-final-fix -> origin/docs-github-mcp-pat-final-fix
release	UNKNOWN STEP	2025-10-28T20:27:17.7061224Z  * [new branch]        fix-github-mcp-env     -> origin/fix-github-mcp-env
release	UNKNOWN STEP	2025-10-28T20:27:17.7062462Z  * [new branch]        fix/docker-build-issue -> origin/fix/docker-build-issue
release	UNKNOWN STEP	2025-10-28T20:27:17.7063784Z  * [new branch]        local-ci-enhancements  -> origin/local-ci-enhancements
release	UNKNOWN STEP	2025-10-28T20:27:17.7065012Z  * [new branch]        main                   -> origin/main
release	UNKNOWN STEP	2025-10-28T20:27:17.7090643Z [command]/usr/bin/git branch --list --remote origin/main
release	UNKNOWN STEP	2025-10-28T20:27:17.7114393Z   origin/main
release	UNKNOWN STEP	2025-10-28T20:27:17.7122816Z [command]/usr/bin/git rev-parse refs/remotes/origin/main
release	UNKNOWN STEP	2025-10-28T20:27:17.7143828Z 4b6f5214f7f3107ed2b890ecb895e09d80dc3716
release	UNKNOWN STEP	2025-10-28T20:27:17.7149210Z ##[endgroup]
release	UNKNOWN STEP	2025-10-28T20:27:17.7150950Z ##[group]Determining the checkout info
release	UNKNOWN STEP	2025-10-28T20:27:17.7152536Z ##[endgroup]
release	UNKNOWN STEP	2025-10-28T20:27:17.7153986Z [command]/usr/bin/git sparse-checkout disable
release	UNKNOWN STEP	2025-10-28T20:27:17.7194027Z [command]/usr/bin/git config --local --unset-all extensions.worktreeConfig
release	UNKNOWN STEP	2025-10-28T20:27:17.7220851Z ##[group]Checking out the ref
release	UNKNOWN STEP	2025-10-28T20:27:17.7223385Z [command]/usr/bin/git checkout --progress --force -B main refs/remotes/origin/main
release	UNKNOWN STEP	2025-10-28T20:27:17.8193000Z Switched to a new branch 'main'
release	UNKNOWN STEP	2025-10-28T20:27:17.8194960Z branch 'main' set up to track 'origin/main'.
release	UNKNOWN STEP	2025-10-28T20:27:17.8210045Z ##[endgroup]
release	UNKNOWN STEP	2025-10-28T20:27:17.8249749Z [command]/usr/bin/git log -1 --format=%H
release	UNKNOWN STEP	2025-10-28T20:27:17.8274858Z 4b6f5214f7f3107ed2b890ecb895e09d80dc3716
release	UNKNOWN STEP	2025-10-28T20:27:17.8595098Z ##[group]Run actions/checkout@08c6903cd8c0fde910a37f88322edcfb5dd907a8
release	UNKNOWN STEP	2025-10-28T20:27:17.8596767Z with:
release	UNKNOWN STEP	2025-10-28T20:27:17.8597583Z   path: release
release	UNKNOWN STEP	2025-10-28T20:27:17.8598461Z   fetch-depth: 0
release	UNKNOWN STEP	2025-10-28T20:27:17.8599465Z   repository: hebenezer-m/gemini-cli
release	UNKNOWN STEP	2025-10-28T20:27:17.8601117Z   token: ***
release	UNKNOWN STEP	2025-10-28T20:27:17.8601984Z   ssh-strict: true
release	UNKNOWN STEP	2025-10-28T20:27:17.8602853Z   ssh-user: git
release	UNKNOWN STEP	2025-10-28T20:27:17.8603732Z   persist-credentials: true
release	UNKNOWN STEP	2025-10-28T20:27:17.8604708Z   clean: true
release	UNKNOWN STEP	2025-10-28T20:27:17.8605570Z   sparse-checkout-cone-mode: true
release	UNKNOWN STEP	2025-10-28T20:27:17.8606621Z   fetch-tags: false
release	UNKNOWN STEP	2025-10-28T20:27:17.8607469Z   show-progress: true
release	UNKNOWN STEP	2025-10-28T20:27:17.8608330Z   lfs: false
release	UNKNOWN STEP	2025-10-28T20:27:17.8609104Z   submodules: false
release	UNKNOWN STEP	2025-10-28T20:27:17.8609977Z   set-safe-directory: true
release	UNKNOWN STEP	2025-10-28T20:27:17.8611014Z ##[endgroup]
release	UNKNOWN STEP	2025-10-28T20:27:17.9368393Z Syncing repository: hebenezer-m/gemini-cli
release	UNKNOWN STEP	2025-10-28T20:27:17.9374060Z ##[group]Getting Git version info
release	UNKNOWN STEP	2025-10-28T20:27:17.9375694Z Working directory is '/home/runner/work/gemini-cli/gemini-cli/release'
release	UNKNOWN STEP	2025-10-28T20:27:17.9407383Z [command]/usr/bin/git version
release	UNKNOWN STEP	2025-10-28T20:27:17.9442689Z git version 2.51.0
release	UNKNOWN STEP	2025-10-28T20:27:17.9462877Z ##[endgroup]
release	UNKNOWN STEP	2025-10-28T20:27:17.9475640Z Temporarily overriding HOME='/home/runner/work/_temp/ce404f8a-8fe8-41a4-9261-7dd6448b1fcc' before making global git config changes
release	UNKNOWN STEP	2025-10-28T20:27:17.9479523Z Adding repository directory to the temporary git global config as a safe directory
release	UNKNOWN STEP	2025-10-28T20:27:17.9483329Z [command]/usr/bin/git config --global --add safe.directory /home/runner/work/gemini-cli/gemini-cli/release
release	UNKNOWN STEP	2025-10-28T20:27:17.9512845Z ##[group]Initializing the repository
release	UNKNOWN STEP	2025-10-28T20:27:17.9517863Z [command]/usr/bin/git init /home/runner/work/gemini-cli/gemini-cli/release
release	UNKNOWN STEP	2025-10-28T20:27:17.9555049Z hint: Using 'master' as the name for the initial branch. This default branch name
release	UNKNOWN STEP	2025-10-28T20:27:17.9557666Z hint: is subject to change. To configure the initial branch name to use in all
release	UNKNOWN STEP	2025-10-28T20:27:17.9559641Z hint: of your new repositories, which will suppress this warning, call:
release	UNKNOWN STEP	2025-10-28T20:27:17.9561569Z hint:
release	UNKNOWN STEP	2025-10-28T20:27:17.9562650Z hint: 	git config --global init.defaultBranch <name>
release	UNKNOWN STEP	2025-10-28T20:27:17.9563818Z hint:
release	UNKNOWN STEP	2025-10-28T20:27:17.9565647Z hint: Names commonly chosen instead of 'master' are 'main', 'trunk' and
release	UNKNOWN STEP	2025-10-28T20:27:17.9567717Z hint: 'development'. The just-created branch can be renamed via this command:
release	UNKNOWN STEP	2025-10-28T20:27:17.9569221Z hint:
release	UNKNOWN STEP	2025-10-28T20:27:17.9569955Z hint: 	git branch -m <name>
release	UNKNOWN STEP	2025-10-28T20:27:17.9571172Z hint:
release	UNKNOWN STEP	2025-10-28T20:27:17.9572424Z hint: Disable this message with "git config set advice.defaultBranchName false"
release	UNKNOWN STEP	2025-10-28T20:27:17.9574681Z Initialized empty Git repository in /home/runner/work/gemini-cli/gemini-cli/release/.git/
release	UNKNOWN STEP	2025-10-28T20:27:17.9578125Z [command]/usr/bin/git remote add origin https://github.com/hebenezer-m/gemini-cli
release	UNKNOWN STEP	2025-10-28T20:27:17.9596923Z ##[endgroup]
release	UNKNOWN STEP	2025-10-28T20:27:17.9598555Z ##[group]Disabling automatic garbage collection
release	UNKNOWN STEP	2025-10-28T20:27:17.9600975Z [command]/usr/bin/git config --local gc.auto 0
release	UNKNOWN STEP	2025-10-28T20:27:17.9629544Z ##[endgroup]
release	UNKNOWN STEP	2025-10-28T20:27:17.9632073Z ##[group]Setting up auth
release	UNKNOWN STEP	2025-10-28T20:27:17.9636595Z [command]/usr/bin/git config --local --name-only --get-regexp core\.sshCommand
release	UNKNOWN STEP	2025-10-28T20:27:17.9669449Z [command]/usr/bin/git submodule foreach --recursive sh -c "git config --local --name-only --get-regexp 'core\.sshCommand' && git config --local --unset-all 'core.sshCommand' || :"
release	UNKNOWN STEP	2025-10-28T20:27:17.9886237Z [command]/usr/bin/git config --local --name-only --get-regexp http\.https\:\/\/github\.com\/\.extraheader
release	UNKNOWN STEP	2025-10-28T20:27:17.9917169Z [command]/usr/bin/git submodule foreach --recursive sh -c "git config --local --name-only --get-regexp 'http\.https\:\/\/github\.com\/\.extraheader' && git config --local --unset-all 'http.https://github.com/.extraheader' || :"
release	UNKNOWN STEP	2025-10-28T20:27:18.0134047Z [command]/usr/bin/git config --local http.https://github.com/.extraheader AUTHORIZATION: basic ***
release	UNKNOWN STEP	2025-10-28T20:27:18.0167888Z ##[endgroup]
release	UNKNOWN STEP	2025-10-28T20:27:18.0170334Z ##[group]Fetching the repository
release	UNKNOWN STEP	2025-10-28T20:27:18.0179226Z [command]/usr/bin/git -c protocol.version=2 fetch --prune --no-recurse-submodules origin +refs/heads/*:refs/remotes/origin/* +refs/tags/*:refs/tags/*
release	UNKNOWN STEP	2025-10-28T20:27:20.1068279Z From https://github.com/hebenezer-m/gemini-cli
release	UNKNOWN STEP	2025-10-28T20:27:20.1069548Z  * [new branch]        It's-OK                -> origin/It's-OK
release	UNKNOWN STEP	2025-10-28T20:27:20.1070407Z  * [new branch]        backup-minhas-modificacoes -> origin/backup-minhas-modificacoes
release	UNKNOWN STEP	2025-10-28T20:27:20.1071677Z  * [new branch]        docs-github-mcp-pat-final-fix -> origin/docs-github-mcp-pat-final-fix
release	UNKNOWN STEP	2025-10-28T20:27:20.1072557Z  * [new branch]        fix-github-mcp-env     -> origin/fix-github-mcp-env
release	UNKNOWN STEP	2025-10-28T20:27:20.1073397Z  * [new branch]        fix/docker-build-issue -> origin/fix/docker-build-issue
release	UNKNOWN STEP	2025-10-28T20:27:20.1074272Z  * [new branch]        local-ci-enhancements  -> origin/local-ci-enhancements
release	UNKNOWN STEP	2025-10-28T20:27:20.1074986Z  * [new branch]        main                   -> origin/main
release	UNKNOWN STEP	2025-10-28T20:27:20.1116105Z [command]/usr/bin/git branch --list --remote origin/main
release	UNKNOWN STEP	2025-10-28T20:27:20.1139306Z   origin/main
release	UNKNOWN STEP	2025-10-28T20:27:20.1147728Z [command]/usr/bin/git rev-parse refs/remotes/origin/main
release	UNKNOWN STEP	2025-10-28T20:27:20.1168605Z 4b6f5214f7f3107ed2b890ecb895e09d80dc3716
release	UNKNOWN STEP	2025-10-28T20:27:20.1173204Z ##[endgroup]
release	UNKNOWN STEP	2025-10-28T20:27:20.1173638Z ##[group]Determining the checkout info
release	UNKNOWN STEP	2025-10-28T20:27:20.1174591Z ##[endgroup]
release	UNKNOWN STEP	2025-10-28T20:27:20.1178631Z [command]/usr/bin/git sparse-checkout disable
release	UNKNOWN STEP	2025-10-28T20:27:20.1213066Z [command]/usr/bin/git config --local --unset-all extensions.worktreeConfig
release	UNKNOWN STEP	2025-10-28T20:27:20.1237646Z ##[group]Checking out the ref
release	UNKNOWN STEP	2025-10-28T20:27:20.1242874Z [command]/usr/bin/git checkout --progress --force -B main refs/remotes/origin/main
release	UNKNOWN STEP	2025-10-28T20:27:20.2212326Z Switched to a new branch 'main'
release	UNKNOWN STEP	2025-10-28T20:27:20.2220873Z branch 'main' set up to track 'origin/main'.
release	UNKNOWN STEP	2025-10-28T20:27:20.2229706Z ##[endgroup]
release	UNKNOWN STEP	2025-10-28T20:27:20.2280039Z [command]/usr/bin/git log -1 --format=%H
release	UNKNOWN STEP	2025-10-28T20:27:20.2308930Z 4b6f5214f7f3107ed2b890ecb895e09d80dc3716
release	UNKNOWN STEP	2025-10-28T20:27:20.2575648Z ##[group]Run actions/setup-node@49933ea5288caeca8642d1e84afbd3f7d6820020
release	UNKNOWN STEP	2025-10-28T20:27:20.2576059Z with:
release	UNKNOWN STEP	2025-10-28T20:27:20.2576266Z   node-version-file: ./release/.nvmrc
release	UNKNOWN STEP	2025-10-28T20:27:20.2576498Z   cache: npm
release	UNKNOWN STEP	2025-10-28T20:27:20.2576673Z   always-auth: false
release	UNKNOWN STEP	2025-10-28T20:27:20.2576877Z   check-latest: false
release	UNKNOWN STEP	2025-10-28T20:27:20.2577282Z   token: ***
release	UNKNOWN STEP	2025-10-28T20:27:20.2577464Z ##[endgroup]
release	UNKNOWN STEP	2025-10-28T20:27:20.4246744Z Resolved ./release/.nvmrc as 20
release	UNKNOWN STEP	2025-10-28T20:27:20.4317432Z Found in cache @ /opt/hostedtoolcache/node/20.19.5/x64
release	UNKNOWN STEP	2025-10-28T20:27:20.4323723Z ##[group]Environment details
release	UNKNOWN STEP	2025-10-28T20:27:20.9420329Z node: v20.19.5
release	UNKNOWN STEP	2025-10-28T20:27:20.9421765Z npm: 10.8.2
release	UNKNOWN STEP	2025-10-28T20:27:20.9422092Z yarn: 1.22.22
release	UNKNOWN STEP	2025-10-28T20:27:20.9423120Z ##[endgroup]
release	UNKNOWN STEP	2025-10-28T20:27:20.9446610Z [command]/opt/hostedtoolcache/node/20.19.5/x64/bin/npm config get cache
release	UNKNOWN STEP	2025-10-28T20:27:21.0723579Z /home/runner/.npm
release	UNKNOWN STEP	2025-10-28T20:27:21.3846107Z npm cache is not found
release	UNKNOWN STEP	2025-10-28T20:27:21.3948635Z ##[group]Run npm ci
release	UNKNOWN STEP	2025-10-28T20:27:21.3948896Z [36;1mnpm ci[0m
release	UNKNOWN STEP	2025-10-28T20:27:21.3992045Z shell: /usr/bin/bash -e {0}
release	UNKNOWN STEP	2025-10-28T20:27:21.3992278Z ##[endgroup]
release	UNKNOWN STEP	2025-10-28T20:27:40.8836831Z 
release	UNKNOWN STEP	2025-10-28T20:27:40.8844000Z > @google/gemini-cli@0.12.0-nightly.20251022.0542de95 prepare
release	UNKNOWN STEP	2025-10-28T20:27:40.8844458Z > husky && npm run bundle
release	UNKNOWN STEP	2025-10-28T20:27:40.8844635Z 
release	UNKNOWN STEP	2025-10-28T20:27:41.0534790Z 
release	UNKNOWN STEP	2025-10-28T20:27:41.0535511Z > @google/gemini-cli@0.12.0-nightly.20251022.0542de95 bundle
release	UNKNOWN STEP	2025-10-28T20:27:41.0536280Z > npm run generate && node esbuild.config.js && node scripts/copy_bundle_assets.js
release	UNKNOWN STEP	2025-10-28T20:27:41.0536683Z 
release	UNKNOWN STEP	2025-10-28T20:27:41.1802640Z 
release	UNKNOWN STEP	2025-10-28T20:27:41.1803726Z > @google/gemini-cli@0.12.0-nightly.20251022.0542de95 generate
release	UNKNOWN STEP	2025-10-28T20:27:41.1805024Z > node scripts/generate-git-commit-info.js
release	UNKNOWN STEP	2025-10-28T20:27:41.1805383Z 
release	UNKNOWN STEP	2025-10-28T20:27:43.1641130Z Assets copied to bundle/
release	UNKNOWN STEP	2025-10-28T20:27:43.1902081Z 
release	UNKNOWN STEP	2025-10-28T20:27:43.1902866Z added 1303 packages, and audited 1309 packages in 22s
release	UNKNOWN STEP	2025-10-28T20:27:43.1903141Z 
release	UNKNOWN STEP	2025-10-28T20:27:43.1903309Z 334 packages are looking for funding
release	UNKNOWN STEP	2025-10-28T20:27:43.1903616Z   run `npm fund` for details
release	UNKNOWN STEP	2025-10-28T20:27:43.1916704Z 
release	UNKNOWN STEP	2025-10-28T20:27:43.1916886Z found 0 vulnerabilities
release	UNKNOWN STEP	2025-10-28T20:27:43.2341187Z ##[group]Run echo "$JSON_INPUTS"
release	UNKNOWN STEP	2025-10-28T20:27:43.2341504Z [36;1mecho "$JSON_INPUTS"[0m
release	UNKNOWN STEP	2025-10-28T20:27:43.2376840Z shell: /usr/bin/bash --noprofile --norc -e -o pipefail {0}
release	UNKNOWN STEP	2025-10-28T20:27:43.2377139Z env:
release	UNKNOWN STEP	2025-10-28T20:27:43.2377303Z   JSON_INPUTS: null
release	UNKNOWN STEP	2025-10-28T20:27:43.2377477Z ##[endgroup]
release	UNKNOWN STEP	2025-10-28T20:27:43.2455107Z null
release	UNKNOWN STEP	2025-10-28T20:27:43.2580723Z Prepare all required actions
release	UNKNOWN STEP	2025-10-28T20:27:43.2670754Z ##[group]Run ./.github/actions/calculate-vars
release	UNKNOWN STEP	2025-10-28T20:27:43.2671047Z with:
release	UNKNOWN STEP	2025-10-28T20:27:43.2671222Z ##[endgroup]
release	UNKNOWN STEP	2025-10-28T20:27:43.2756778Z ##[group]Run echo "$JSON_INPUTS"
release	UNKNOWN STEP	2025-10-28T20:27:43.2757032Z [36;1mecho "$JSON_INPUTS"[0m
release	UNKNOWN STEP	2025-10-28T20:27:43.2789591Z shell: /usr/bin/bash --noprofile --norc -e -o pipefail {0}
release	UNKNOWN STEP	2025-10-28T20:27:43.2789899Z env:
release	UNKNOWN STEP	2025-10-28T20:27:43.2790067Z   JSON_INPUTS: {
release	UNKNOWN STEP	  "dry_run": ""
release	UNKNOWN STEP	}
release	UNKNOWN STEP	2025-10-28T20:27:43.2790292Z ##[endgroup]
release	UNKNOWN STEP	2025-10-28T20:27:43.2843548Z {
release	UNKNOWN STEP	2025-10-28T20:27:43.2844240Z   "dry_run": ""
release	UNKNOWN STEP	2025-10-28T20:27:43.2844558Z }
release	UNKNOWN STEP	2025-10-28T20:27:43.2867854Z ##[group]Run is_dry_run="true"
release	UNKNOWN STEP	2025-10-28T20:27:43.2868095Z [36;1mis_dry_run="true"[0m
release	UNKNOWN STEP	2025-10-28T20:27:43.2868388Z [36;1mif [[ "${DRY_RUN_INPUT}" == "" || "${DRY_RUN_INPUT}" == "false" ]]; then[0m
release	UNKNOWN STEP	2025-10-28T20:27:43.2868716Z [36;1m  is_dry_run="false"[0m
release	UNKNOWN STEP	2025-10-28T20:27:43.2868912Z [36;1mfi[0m
release	UNKNOWN STEP	2025-10-28T20:27:43.2869173Z [36;1mecho "is_dry_run=${is_dry_run}" >> "${GITHUB_OUTPUT}"[0m
release	UNKNOWN STEP	2025-10-28T20:27:43.2899095Z shell: /usr/bin/bash --noprofile --norc -e -o pipefail {0}
release	UNKNOWN STEP	2025-10-28T20:27:43.2899408Z env:
release	UNKNOWN STEP	2025-10-28T20:27:43.2899567Z   DRY_RUN_INPUT: 
release	UNKNOWN STEP	2025-10-28T20:27:43.2899735Z ##[endgroup]
release	UNKNOWN STEP	2025-10-28T20:27:43.3015250Z ##[group]Run echo "$JSON_VARS"
release	UNKNOWN STEP	2025-10-28T20:27:43.3015509Z [36;1mecho "$JSON_VARS"[0m
release	UNKNOWN STEP	2025-10-28T20:27:43.3046805Z shell: /usr/bin/bash --noprofile --norc -e -o pipefail {0}
release	UNKNOWN STEP	2025-10-28T20:27:43.3047116Z env:
release	UNKNOWN STEP	2025-10-28T20:27:43.3047294Z   JSON_VARS: {
release	UNKNOWN STEP	  "is_dry_run": "false"
release	UNKNOWN STEP	}
release	UNKNOWN STEP	2025-10-28T20:27:43.3047530Z ##[endgroup]
release	UNKNOWN STEP	2025-10-28T20:27:43.3099367Z {
release	UNKNOWN STEP	2025-10-28T20:27:43.3099688Z   "is_dry_run": "false"
release	UNKNOWN STEP	2025-10-28T20:27:43.3099905Z }
release	UNKNOWN STEP	2025-10-28T20:27:43.3132471Z Prepare all required actions
release	UNKNOWN STEP	2025-10-28T20:27:43.3159444Z ##[group]Run ./.github/actions/run-tests
release	UNKNOWN STEP	2025-10-28T20:27:43.3159680Z with:
release	UNKNOWN STEP	2025-10-28T20:27:43.3159857Z   working-directory: ./release
release	UNKNOWN STEP	2025-10-28T20:27:43.3160062Z ##[endgroup]
release	UNKNOWN STEP	2025-10-28T20:27:43.3174316Z ##[group]Run echo "$JSON_INPUTS"
release	UNKNOWN STEP	2025-10-28T20:27:43.3174554Z [36;1mecho "$JSON_INPUTS"[0m
release	UNKNOWN STEP	2025-10-28T20:27:43.3205935Z shell: /usr/bin/bash --noprofile --norc -e -o pipefail {0}
release	UNKNOWN STEP	2025-10-28T20:27:43.3206238Z env:
release	UNKNOWN STEP	2025-10-28T20:27:43.3206497Z   JSON_INPUTS: {
release	UNKNOWN STEP	  "gemini_api_key": "",
release	UNKNOWN STEP	  "working-directory": "./release"
release	UNKNOWN STEP	}
release	UNKNOWN STEP	2025-10-28T20:27:43.3206813Z ##[endgroup]
release	UNKNOWN STEP	2025-10-28T20:27:43.3258657Z {
release	UNKNOWN STEP	2025-10-28T20:27:43.3258992Z   "gemini_api_key": "",
release	UNKNOWN STEP	2025-10-28T20:27:43.3259265Z   "working-directory": "./release"
release	UNKNOWN STEP	2025-10-28T20:27:43.3259493Z }
release	UNKNOWN STEP	2025-10-28T20:27:43.3276734Z ##[group]Run echo "::group::Build"
release	UNKNOWN STEP	2025-10-28T20:27:43.3276991Z [36;1mecho "::group::Build"[0m
release	UNKNOWN STEP	2025-10-28T20:27:43.3277200Z [36;1mnpm run build[0m
release	UNKNOWN STEP	2025-10-28T20:27:43.3277433Z [36;1mecho "::endgroup::"[0m
release	UNKNOWN STEP	2025-10-28T20:27:43.3277651Z [36;1mecho "::group::Unit Tests"[0m
release	UNKNOWN STEP	2025-10-28T20:27:43.3277880Z [36;1mnpm run test:ci[0m
release	UNKNOWN STEP	2025-10-28T20:27:43.3278089Z [36;1mecho "::endgroup::"[0m
release	UNKNOWN STEP	2025-10-28T20:27:43.3278396Z [36;1mecho "::group::Integration Tests (no sandbox)"[0m
release	UNKNOWN STEP	2025-10-28T20:27:43.3278708Z [36;1mnpm run test:integration:sandbox:none[0m
release	UNKNOWN STEP	2025-10-28T20:27:43.3279127Z [36;1mecho "::endgroup::"[0m
release	UNKNOWN STEP	2025-10-28T20:27:43.3279385Z [36;1mecho "::group::Integration Tests (docker sandbox)"[0m
release	UNKNOWN STEP	2025-10-28T20:27:43.3279690Z [36;1mnpm run test:integration:sandbox:docker[0m
release	UNKNOWN STEP	2025-10-28T20:27:43.3279950Z [36;1mecho "::endgroup::"[0m
release	UNKNOWN STEP	2025-10-28T20:27:43.3310985Z shell: /usr/bin/bash --noprofile --norc -e -o pipefail {0}
release	UNKNOWN STEP	2025-10-28T20:27:43.3311286Z env:
release	UNKNOWN STEP	2025-10-28T20:27:43.3311448Z   GEMINI_API_KEY: 
release	UNKNOWN STEP	2025-10-28T20:27:43.3311620Z ##[endgroup]
release	UNKNOWN STEP	2025-10-28T20:27:43.3363638Z ##[group]Build
release	UNKNOWN STEP	2025-10-28T20:27:43.4629269Z 
release	UNKNOWN STEP	2025-10-28T20:27:43.4630156Z > @google/gemini-cli@0.12.0-nightly.20251022.0542de95 build
release	UNKNOWN STEP	2025-10-28T20:27:43.4630854Z > node scripts/build.js
release	UNKNOWN STEP	2025-10-28T20:27:43.4631054Z 
release	UNKNOWN STEP	2025-10-28T20:27:43.6268881Z 
release	UNKNOWN STEP	2025-10-28T20:27:43.6269615Z > @google/gemini-cli@0.12.0-nightly.20251022.0542de95 generate
release	UNKNOWN STEP	2025-10-28T20:27:43.6270116Z > node scripts/generate-git-commit-info.js
release	UNKNOWN STEP	2025-10-28T20:27:43.6270337Z 
release	UNKNOWN STEP	2025-10-28T20:27:43.8498007Z 
release	UNKNOWN STEP	2025-10-28T20:27:43.8499438Z > @google/gemini-cli-a2a-server@0.12.0-nightly.20251022.0542de95 build
release	UNKNOWN STEP	2025-10-28T20:27:43.8501560Z > node ../../scripts/build_package.js
release	UNKNOWN STEP	2025-10-28T20:27:43.8501902Z 
release	UNKNOWN STEP	2025-10-28T20:27:49.9938960Z Successfully copied files.
release	UNKNOWN STEP	2025-10-28T20:27:50.0014569Z 
release	UNKNOWN STEP	2025-10-28T20:27:50.0015728Z > @google/gemini-cli@0.12.0-nightly.20251022.0542de95 build
release	UNKNOWN STEP	2025-10-28T20:27:50.0016441Z > node ../../scripts/build_package.js
release	UNKNOWN STEP	2025-10-28T20:27:50.0016737Z 
release	UNKNOWN STEP	2025-10-28T20:28:09.8124372Z Successfully copied files.
release	UNKNOWN STEP	2025-10-28T20:28:09.8205041Z 
release	UNKNOWN STEP	2025-10-28T20:28:09.8205615Z > @google/gemini-cli-core@0.12.0-nightly.20251022.0542de95 build
release	UNKNOWN STEP	2025-10-28T20:28:09.8207639Z > node ../../scripts/build_package.js
release	UNKNOWN STEP	2025-10-28T20:28:09.8207940Z 
release	UNKNOWN STEP	2025-10-28T20:28:10.1315264Z Successfully copied files.
release	UNKNOWN STEP	2025-10-28T20:28:10.1388150Z 
release	UNKNOWN STEP	2025-10-28T20:28:10.1388784Z > @google/gemini-cli-test-utils@0.12.0-nightly.20251022.0542de95 build
release	UNKNOWN STEP	2025-10-28T20:28:10.1389338Z > node ../../scripts/build_package.js
release	UNKNOWN STEP	2025-10-28T20:28:10.1389550Z 
release	UNKNOWN STEP	2025-10-28T20:28:11.3738032Z Successfully copied files.
release	UNKNOWN STEP	2025-10-28T20:28:11.3815911Z 
release	UNKNOWN STEP	2025-10-28T20:28:11.3816484Z > gemini-cli-vscode-ide-companion@0.12.0-nightly.20251022.0542de95 build
release	UNKNOWN STEP	2025-10-28T20:28:11.3816926Z > npm run build:dev
release	UNKNOWN STEP	2025-10-28T20:28:11.3817053Z 
release	UNKNOWN STEP	2025-10-28T20:28:11.5194237Z 
release	UNKNOWN STEP	2025-10-28T20:28:11.5195168Z > gemini-cli-vscode-ide-companion@0.12.0-nightly.20251022.0542de95 build:dev
release	UNKNOWN STEP	2025-10-28T20:28:11.5195850Z > npm run check-types && npm run lint && node esbuild.js
release	UNKNOWN STEP	2025-10-28T20:28:11.5196134Z 
release	UNKNOWN STEP	2025-10-28T20:28:11.6561956Z 
release	UNKNOWN STEP	2025-10-28T20:28:11.6563198Z > gemini-cli-vscode-ide-companion@0.12.0-nightly.20251022.0542de95 check-types
release	UNKNOWN STEP	2025-10-28T20:28:11.6563991Z > tsc --noEmit
release	UNKNOWN STEP	2025-10-28T20:28:11.6564214Z 
release	UNKNOWN STEP	2025-10-28T20:28:14.5097913Z 
release	UNKNOWN STEP	2025-10-28T20:28:14.5098821Z > gemini-cli-vscode-ide-companion@0.12.0-nightly.20251022.0542de95 lint
release	UNKNOWN STEP	2025-10-28T20:28:14.5099333Z > eslint src
release	UNKNOWN STEP	2025-10-28T20:28:14.5099467Z 
release	UNKNOWN STEP	2025-10-28T20:28:15.7952778Z [watch] build started
release	UNKNOWN STEP	2025-10-28T20:28:15.9174728Z [watch] build finished
release	UNKNOWN STEP	2025-10-28T20:28:16.9642031Z ##[endgroup]
release	UNKNOWN STEP	2025-10-28T20:28:16.9642569Z ##[group]Unit Tests
release	UNKNOWN STEP	2025-10-28T20:28:17.0915268Z 
release	UNKNOWN STEP	2025-10-28T20:28:17.0916245Z > @google/gemini-cli@0.12.0-nightly.20251022.0542de95 test:ci
release	UNKNOWN STEP	2025-10-28T20:28:17.0917039Z > npm run test:ci --workspaces --if-present && npm run test:scripts
release	UNKNOWN STEP	2025-10-28T20:28:17.0917450Z 
release	UNKNOWN STEP	2025-10-28T20:28:17.2280296Z 
release	UNKNOWN STEP	2025-10-28T20:28:17.2281287Z > @google/gemini-cli-a2a-server@0.12.0-nightly.20251022.0542de95 test:ci
release	UNKNOWN STEP	2025-10-28T20:28:17.2283566Z > vitest run --coverage
release	UNKNOWN STEP	2025-10-28T20:28:17.2283847Z 
release	UNKNOWN STEP	2025-10-28T20:28:17.6541013Z 
release	UNKNOWN STEP	2025-10-28T20:28:17.6543224Z [1m[46m RUN [49m[22m [36mv3.2.4 [39m[90m/home/runner/work/gemini-cli/gemini-cli/release/packages/a2a-server[39m
release	UNKNOWN STEP	2025-10-28T20:28:17.6543968Z       [2mCoverage enabled with [22m[33mv8[39m
release	UNKNOWN STEP	2025-10-28T20:28:17.6544307Z 
release	UNKNOWN STEP	2025-10-28T20:28:19.0184085Z  [32mâœ“[39m src/persistence/gcs.test.ts [2m([22m[2m12 tests[22m[2m)[22m[32m 41[2mms[22m[39m
release	UNKNOWN STEP	2025-10-28T20:28:21.6897382Z  [32mâœ“[39m src/agent/task.test.ts [2m([22m[2m2 tests[22m[2m)[22m[32m 18[2mms[22m[39m
release	UNKNOWN STEP	2025-10-28T20:28:21.7862307Z  [32mâœ“[39m src/http/endpoints.test.ts [2m([22m[2m5 tests[22m[2m)[22m[32m 75[2mms[22m[39m
release	UNKNOWN STEP	2025-10-28T20:28:22.0981299Z  [32mâœ“[39m src/http/app.test.ts [2m([22m[2m10 tests[22m[2m)[22m[32m 140[2mms[22m[39m
release	UNKNOWN STEP	2025-10-28T20:28:22.5635951Z  [32mâœ“[39m src/commands/command-registry.test.ts [2m([22m[2m3 tests[22m[2m)[22m[32m 10[2mms[22m[39m
release	UNKNOWN STEP	2025-10-28T20:28:23.8222559Z  [32mâœ“[39m src/commands/list-extensions.test.ts [2m([22m[2m2 tests[22m[2m)[22m[32m 5[2mms[22m[39m
release	UNKNOWN STEP	2025-10-28T20:28:24.1210175Z 
release	UNKNOWN STEP	2025-10-28T20:28:24.1214104Z [2m Test Files [22m [1m[32m6 passed[39m[22m[90m (6)[39m
release	UNKNOWN STEP	2025-10-28T20:28:24.1215093Z [2m      Tests [22m [1m[32m34 passed[39m[22m[90m (34)[39m
release	UNKNOWN STEP	2025-10-28T20:28:24.1215751Z [2m   Start at [22m 20:28:17
release	UNKNOWN STEP	2025-10-28T20:28:24.1219428Z [2m   Duration [22m 6.47s[2m (transform 1.39s, setup 0ms, collect 9.28s, tests 290ms, environment 3.51s, prepare 666ms)[22m
release	UNKNOWN STEP	2025-10-28T20:28:24.1220158Z 
release	UNKNOWN STEP	2025-10-28T20:28:24.1432427Z JUNIT report written to /home/runner/work/gemini-cli/gemini-cli/release/packages/a2a-server/junit.xml
release	UNKNOWN STEP	2025-10-28T20:28:24.1442305Z [34m % [39m[2mCoverage report from [22m[33mv8[39m
release	UNKNOWN STEP	2025-10-28T20:28:24.2433727Z 
release	UNKNOWN STEP	2025-10-28T20:28:24.2434410Z > @google/gemini-cli@0.12.0-nightly.20251022.0542de95 test:ci
release	UNKNOWN STEP	2025-10-28T20:28:24.2434835Z > vitest run
release	UNKNOWN STEP	2025-10-28T20:28:24.2434962Z 
release	UNKNOWN STEP	2025-10-28T20:28:24.6786786Z 
release	UNKNOWN STEP	2025-10-28T20:28:24.6789234Z [1m[46m RUN [49m[22m [36mv3.2.4 [39m[90m/home/runner/work/gemini-cli/gemini-cli/release/packages/cli[39m
release	UNKNOWN STEP	2025-10-28T20:28:24.6790017Z       [2mCoverage enabled with [22m[33mv8[39m
release	UNKNOWN STEP	2025-10-28T20:28:24.6790224Z 
release	UNKNOWN STEP	2025-10-28T20:28:28.8504988Z  [32mâœ“[39m src/ui/components/shared/text-buffer.test.ts [2m([22m[2m117 tests[22m[2m)[22m[32m 244[2mms[22m[39m
release	UNKNOWN STEP	2025-10-28T20:28:29.2305206Z  [32mâœ“[39m src/ui/hooks/useGeminiStream.test.tsx [2m([22m[2m44 tests[22m[2m)[22m[33m 614[2mms[22m[39m
release	UNKNOWN STEP	2025-10-28T20:28:29.2650631Z  [32mâœ“[39m src/config/extension.test.ts [2m([22m[2m64 tests[22m[2m)[22m[32m 247[2mms[22m[39m
release	UNKNOWN STEP	2025-10-28T20:28:32.5446223Z  [32mâœ“[39m src/ui/hooks/useToolScheduler.test.ts [2m([22m[2m21 tests[22m[2m)[22m[32m 159[2mms[22m[39m
release	UNKNOWN STEP	2025-10-28T20:28:32.9485530Z  [32mâœ“[39m src/ui/contexts/KeypressContext.test.tsx [2m([22m[2m70 tests[22m[2m)[22m[32m 275[2mms[22m[39m
release	UNKNOWN STEP	2025-10-28T20:28:35.8022961Z  [32mâœ“[39m src/ui/hooks/useSlashCompletion.test.ts [2m([22m[2m21 tests[22m[2m)[22m[33m 436[2mms[22m[39m
release	UNKNOWN STEP	2025-10-28T20:28:36.0633150Z  [32mâœ“[39m src/ui/hooks/useAutoAcceptIndicator.test.ts [2m([22m[2m17 tests[22m[2m)[22m[32m 81[2mms[22m[39m
release	UNKNOWN STEP	2025-10-28T20:28:37.7919808Z  [32mâœ“[39m src/ui/components/SettingsDialog.test.tsx [2m([22m[2m54 tests[22m[2m)[22m[33m 5240[2mms[22m[39m
release	UNKNOWN STEP	2025-10-28T20:28:37.7926958Z    [33m[2mâœ“[22m[39m SettingsDialog[2m > [22mRace Condition Regression Tests[2m > [22mshould not reset sibling settings when toggling a nested setting multiple times [33m 372[2mms[22m[39m
release	UNKNOWN STEP	2025-10-28T20:28:37.7933904Z    [33m[2mâœ“[22m[39m SettingsDialog[2m > [22mString Settings Editing[2m > [22mshould allow editing and committing a string setting [33m 654[2mms[22m[39m
release	UNKNOWN STEP	2025-10-28T20:28:39.5934127Z  [32mâœ“[39m src/ui/components/shared/BaseSelectionList.test.tsx [2m([22m[2m26 tests[22m[2m)[22m[33m 469[2mms[22m[39m
release	UNKNOWN STEP	2025-10-28T20:28:40.4335821Z  [32mâœ“[39m src/ui/hooks/useAtCompletion.test.ts [2m([22m[2m14 tests[22m[2m)[22m[33m 1104[2mms[22m[39m
release	UNKNOWN STEP	2025-10-28T20:28:41.5072674Z  [32mâœ“[39m src/config/extensions/update.test.ts [2m([22m[2m8 tests[22m[2m)[22m[33m 457[2mms[22m[39m
release	UNKNOWN STEP	2025-10-28T20:28:41.5079359Z    [33m[2mâœ“[22m[39m update tests[2m > [22mupdateExtension[2m > [22mshould update a git-installed extension [33m 419[2mms[22m[39m
release	UNKNOWN STEP	2025-10-28T20:28:42.4008448Z  [32mâœ“[39m src/ui/hooks/useQuotaAndFallback.test.ts [2m([22m[2m12 tests[22m[2m)[22m[32m 77[2mms[22m[39m
release	UNKNOWN STEP	2025-10-28T20:28:43.2474781Z  [32mâœ“[39m src/ui/hooks/useInputHistoryStore.test.ts [2m([22m[2m14 tests[22m[2m)[22m[32m 53[2mms[22m[39m
release	UNKNOWN STEP	2025-10-28T20:28:44.5764245Z  [32mâœ“[39m src/ui/hooks/useInputHistory.test.ts [2m([22m[2m11 tests[22m[2m)[22m[32m 47[2mms[22m[39m
release	UNKNOWN STEP	2025-10-28T20:28:45.0783257Z  [32mâœ“[39m src/ui/hooks/useReverseSearchCompletion.test.tsx [2m([22m[2m10 tests[22m[2m)[22m[32m 63[2mms[22m[39m
release	UNKNOWN STEP	2025-10-28T20:28:45.9150665Z  [32mâœ“[39m src/ui/hooks/useShellHistory.test.ts [2m([22m[2m7 tests[22m[2m)[22m[33m 566[2mms[22m[39m
release	UNKNOWN STEP	2025-10-28T20:28:46.2002652Z  [32mâœ“[39m src/ui/hooks/usePermissionsModifyTrust.test.ts [2m([22m[2m8 tests[22m[2m)[22m[32m 52[2mms[22m[39m
release	UNKNOWN STEP	2025-10-28T20:28:47.1110697Z  [32mâœ“[39m src/ui/hooks/usePhraseCycler.test.ts [2m([22m[2m9 tests[22m[2m)[22m[32m 57[2mms[22m[39m
release	UNKNOWN STEP	2025-10-28T20:28:48.0583319Z  [32mâœ“[39m src/ui/hooks/useFolderTrust.test.ts [2m([22m[2m11 tests[22m[2m)[22m[32m 46[2mms[22m[39m
release	UNKNOWN STEP	2025-10-28T20:28:49.2256104Z  [32mâœ“[39m src/ui/hooks/useHistoryManager.test.ts [2m([22m[2m8 tests[22m[2m)[22m[32m 39[2mms[22m[39m
release	UNKNOWN STEP	2025-10-28T20:28:49.9948163Z  [32mâœ“[39m src/ui/components/PermissionsModifyTrustDialog.test.tsx [2m([22m[2m7 tests[22m[2m)[22m[32m 245[2mms[22m[39m
release	UNKNOWN STEP	2025-10-28T20:28:50.6496377Z  [32mâœ“[39m src/ui/components/ModelDialog.test.tsx [2m([22m[2m9 tests[22m[2m)[22m[32m 134[2mms[22m[39m
release	UNKNOWN STEP	2025-10-28T20:28:51.8669080Z  [32mâœ“[39m src/ui/hooks/useFlickerDetector.test.ts [2m([22m[2m6 tests[22m[2m)[22m[32m 37[2mms[22m[39m
release	UNKNOWN STEP	2025-10-28T20:28:52.8204930Z  [32mâœ“[39m src/ui/contexts/SessionContext.test.tsx [2m([22m[2m4 tests[22m[2m)[22m[32m 82[2mms[22m[39m
release	UNKNOWN STEP	2025-10-28T20:28:54.6677397Z  [32mâœ“[39m src/ui/components/FolderTrustDialog.test.tsx [2m([22m[2m8 tests[22m[2m)[22m[33m 349[2mms[22m[39m
release	UNKNOWN STEP	2025-10-28T20:28:54.7745206Z  [32mâœ“[39m src/ui/hooks/useReactToolScheduler.test.ts [2m([22m[2m1 test[22m[2m)[22m[32m 36[2mms[22m[39m
release	UNKNOWN STEP	2025-10-28T20:28:56.3436363Z  [32mâœ“[39m src/ui/components/Help.test.tsx [2m([22m[2m2 tests[22m[2m)[22m[32m 126[2mms[22m[39m
release	UNKNOWN STEP	2025-10-28T20:28:58.2981863Z  [32mâœ“[39m src/config/settings.test.ts [2m([22m[2m81 tests[22m[2m)[22m[32m 78[2mms[22m[39m
release	UNKNOWN STEP	2025-10-28T20:28:59.1536596Z  [32mâœ“[39m src/config/config.test.ts [2m([22m[2m147 tests[22m[2m | [22m[33m1 skipped[39m[2m)[22m[33m 798[2mms[22m[39m
release	UNKNOWN STEP	2025-10-28T20:29:01.3235564Z  [32mâœ“[39m src/ui/hooks/vim.test.tsx [2m([22m[2m87 tests[22m[2m)[22m[33m 558[2mms[22m[39m
release	UNKNOWN STEP	2025-10-28T20:29:01.4427259Z  [32mâœ“[39m src/ui/components/InputPrompt.test.tsx [2m([22m[2m97 tests[22m[2m)[22m[33m 1866[2mms[22m[39m
release	UNKNOWN STEP	2025-10-28T20:29:02.4416275Z  [32mâœ“[39m src/utils/sessionCleanup.test.ts [2m([22m[2m70 tests[22m[2m)[22m[32m 86[2mms[22m[39m
release	UNKNOWN STEP	2025-10-28T20:29:03.8664961Z  [32mâœ“[39m src/ui/components/shared/vim-buffer-actions.test.ts [2m([22m[2m74 tests[22m[2m)[22m[32m 43[2mms[22m[39m
release	UNKNOWN STEP	2025-10-28T20:29:04.6287904Z (node:3811) MaxListenersExceededWarning: Possible EventTarget memory leak detected. 11 abort listeners added to [AbortSignal]. MaxListeners is 10. Use events.setMaxListeners() to increase limit
release	UNKNOWN STEP	2025-10-28T20:29:04.6292482Z (Use `node --trace-warnings ...` to show where the warning was created)
release	UNKNOWN STEP	2025-10-28T20:29:04.9009666Z  [32mâœ“[39m src/services/FileCommandLoader.test.ts [2m([22m[2m38 tests[22m[2m)[22m[32m 145[2mms[22m[39m
release	UNKNOWN STEP	2025-10-28T20:29:05.7583168Z  [32mâœ“[39m src/ui/AppContainer.test.tsx [2m([22m[2m41 tests[22m[2m)[22m[33m 517[2mms[22m[39m
release	UNKNOWN STEP	2025-10-28T20:29:06.3098812Z  [32mâœ“[39m src/utils/settingsUtils.test.ts [2m([22m[2m73 tests[22m[2m)[22m[32m 35[2mms[22m[39m
release	UNKNOWN STEP	2025-10-28T20:29:07.2953313Z (node:3857) MaxListenersExceededWarning: Possible EventEmitter memory leak detected. 11 error listeners added to [Socket]. MaxListeners is 10. Use emitter.setMaxListeners() to increase limit
release	UNKNOWN STEP	2025-10-28T20:29:07.2955216Z (Use `node --trace-warnings ...` to show where the warning was created)
release	UNKNOWN STEP	2025-10-28T20:29:07.4585838Z  [32mâœ“[39m src/nonInteractiveCli.test.ts [2m([22m[2m23 tests[22m[2m)[22m[32m 103[2mms[22m[39m
release	UNKNOWN STEP	2025-10-28T20:29:08.8395899Z  [32mâœ“[39m src/ui/hooks/atCommandProcessor.test.ts [2m([22m[2m39 tests[22m[2m)[22m[33m 460[2mms[22m[39m
release	UNKNOWN STEP	2025-10-28T20:29:10.5115717Z  [32mâœ“[39m src/ui/hooks/useSelectionList.test.tsx [2m([22m[2m44 tests[22m[2m)[22m[33m 546[2mms[22m[39m
release	UNKNOWN STEP	2025-10-28T20:29:10.6226428Z  [32mâœ“[39m src/services/prompt-processors/shellProcessor.test.ts [2m([22m[2m33 tests[22m[2m)[22m[32m 43[2mms[22m[39m
release	UNKNOWN STEP	2025-10-28T20:29:11.0795236Z  [32mâœ“[39m src/ui/hooks/slashCommandProcessor.test.tsx [2m([22m[2m35 tests[22m[2m)[22m[33m 2019[2mms[22m[39m
release	UNKNOWN STEP	2025-10-28T20:29:11.9702929Z  [32mâœ“[39m src/ui/hooks/shellCommandProcessor.test.tsx [2m([22m[2m20 tests[22m[2m)[22m[33m 414[2mms[22m[39m
release	UNKNOWN STEP	2025-10-28T20:29:13.1938776Z  [32mâœ“[39m src/ui/commands/chatCommand.test.ts [2m([22m[2m28 tests[22m[2m)[22m[32m 73[2mms[22m[39m
release	UNKNOWN STEP	2025-10-28T20:29:13.7399943Z  [32mâœ“[39m src/config/extensions/github.test.ts [2m([22m[2m30 tests[22m[2m)[22m[32m 99[2mms[22m[39m
release	UNKNOWN STEP	2025-10-28T20:29:15.3573783Z  [32mâœ“[39m src/ui/utils/commandUtils.test.ts [2m([22m[2m28 tests[22m[2m)[22m[32m 60[2mms[22m[39m
release	UNKNOWN STEP	2025-10-28T20:29:15.3959576Z  [32mâœ“[39m src/ui/hooks/useCommandCompletion.test.tsx [2m([22m[2m21 tests[22m[2m)[22m[33m 633[2mms[22m[39m
release	UNKNOWN STEP	2025-10-28T20:29:17.7089995Z  [32mâœ“[39m src/config/extensions/extensionEnablement.test.ts [2m([22m[2m43 tests[22m[2m)[22m[32m 53[2mms[22m[39m
release	UNKNOWN STEP	2025-10-28T20:29:18.3302125Z  [32mâœ“[39m src/validateNonInterActiveAuth.test.ts [2m([22m[2m17 tests[22m[2m)[22m[32m 22[2mms[22m[39m
release	UNKNOWN STEP	2025-10-28T20:29:18.5959007Z [?7l]2;Gemini - cli[?7l]2;Gemini - root[?7l]2;Gemini - root [32mâœ“[39m src/gemini.test.tsx [2m([22m[2m11 tests[22m[2m)[22m[33m 546[2mms[22m[39m
release	UNKNOWN STEP	2025-10-28T20:29:18.5964493Z    [33m[2mâœ“[22m[39m gemini.tsx main function[2m > [22mverifies that we dont load the config before relaunchAppInChildProcess [33m 516[2mms[22m[39m
release	UNKNOWN STEP	2025-10-28T20:29:19.5477499Z  [32mâœ“[39m src/config/policy.test.ts [2m([22m[2m17 tests[22m[2m)[22m[32m 11[2mms[22m[39m
release	UNKNOWN STEP	2025-10-28T20:29:20.3239285Z  [32mâœ“[39m src/services/McpPromptLoader.test.ts [2m([22m[2m25 tests[22m[2m)[22m[32m 24[2mms[22m[39m
release	UNKNOWN STEP	2025-10-28T20:29:21.9377996Z  [32mâœ“[39m src/utils/errors.test.ts [2m([22m[2m22 tests[22m[2m)[22m[32m 26[2mms[22m[39m
release	UNKNOWN STEP	2025-10-28T20:29:22.4239821Z (node:4233) MaxListenersExceededWarning: Possible EventEmitter memory leak detected. 11 mcp-client-update listeners added to [EventEmitter]. MaxListeners is 10. Use emitter.setMaxListeners() to increase limit
release	UNKNOWN STEP	2025-10-28T20:29:22.4245568Z (Use `node --trace-warnings ...` to show where the warning was created)
release	UNKNOWN STEP	2025-10-28T20:29:22.4404446Z  [32mâœ“[39m src/ui/components/Composer.test.tsx [2m([22m[2m20 tests[22m[2m)[22m[32m 190[2mms[22m[39m
release	UNKNOWN STEP	2025-10-28T20:29:22.4571731Z  [32mâœ“[39m src/config/policy-engine.integration.test.ts [2m([22m[2m12 tests[22m[2m)[22m[32m 19[2mms[22m[39m
release	UNKNOWN STEP	2025-10-28T20:29:22.8263642Z  [32mâœ“[39m src/ui/keyMatchers.test.ts [2m([22m[2m35 tests[22m[2m)[22m[32m 28[2mms[22m[39m
release	UNKNOWN STEP	2025-10-28T20:29:24.1778298Z  [32mâœ“[39m src/config/trustedFolders.test.ts [2m([22m[2m21 tests[22m[2m)[22m[32m 23[2mms[22m[39m
release	UNKNOWN STEP	2025-10-28T20:29:24.8513234Z  [32mâœ“[39m src/services/CommandService.test.ts [2m([22m[2m11 tests[22m[2m)[22m[32m 22[2mms[22m[39m
release	UNKNOWN STEP	2025-10-28T20:29:25.4666441Z  [32mâœ“[39m src/ui/commands/memoryCommand.test.ts [2m([22m[2m10 tests[22m[2m)[22m[32m 26[2mms[22m[39m
release	UNKNOWN STEP	2025-10-28T20:29:26.9833412Z  [32mâœ“[39m src/ui/components/shared/MaxSizedBox.test.tsx [2m([22m[2m21 tests[22m[2m)[22m[32m 153[2mms[22m[39m
release	UNKNOWN STEP	2025-10-28T20:29:27.1094688Z  [32mâœ“[39m src/config/settingsSchema.test.ts [2m([22m[2m15 tests[22m[2m)[22m[32m 25[2mms[22m[39m
release	UNKNOWN STEP	2025-10-28T20:29:27.3635268Z  [32mâœ“[39m src/utils/installationInfo.test.ts [2m([22m[2m16 tests[22m[2m)[22m[32m 18[2mms[22m[39m
release	UNKNOWN STEP	2025-10-28T20:29:27.4831064Z  [32mâœ“[39m src/utils/commentJson.test.ts [2m([22m[2m12 tests[22m[2m)[22m[32m 45[2mms[22m[39m
release	UNKNOWN STEP	2025-10-28T20:29:28.1815608Z  [32mâœ“[39m src/config/config.integration.test.ts [2m([22m[2m16 tests[22m[2m)[22m[33m 376[2mms[22m[39m
release	UNKNOWN STEP	2025-10-28T20:29:30.0039521Z  [32mâœ“[39m src/commands/mcp/add.test.ts [2m([22m[2m18 tests[22m[2m)[22m[32m 152[2mms[22m[39m
release	UNKNOWN STEP	2025-10-28T20:29:30.1691609Z  [32mâœ“[39m src/ui/components/messages/ToolGroupMessage.test.tsx [2m([22m[2m14 tests[22m[2m)[22m[32m 178[2mms[22m[39m
release	UNKNOWN STEP	2025-10-28T20:29:31.0737326Z  [32mâœ“[39m src/ui/hooks/useMessageQueue.test.tsx [2m([22m[2m14 tests[22m[2m)[22m[32m 173[2mms[22m[39m
release	UNKNOWN STEP	2025-10-28T20:29:31.3448231Z  [32mâœ“[39m src/ui/components/StatsDisplay.test.tsx [2m([22m[2m12 tests[22m[2m)[22m[33m 323[2mms[22m[39m
release	UNKNOWN STEP	2025-10-28T20:29:33.4115650Z  [32mâœ“[39m src/utils/relaunch.test.ts [2m([22m[2m8 tests[22m[2m)[22m[32m 15[2mms[22m[39m
release	UNKNOWN STEP	2025-10-28T20:29:33.5723859Z  [32mâœ“[39m src/ui/components/messages/DiffRenderer.test.tsx [2m([22m[2m13 tests[22m[2m)[22m[33m 434[2mms[22m[39m
release	UNKNOWN STEP	2025-10-28T20:29:34.3324391Z  [32mâœ“[39m src/ui/components/LoadingIndicator.test.tsx [2m([22m[2m16 tests[22m[2m)[22m[32m 132[2mms[22m[39m
release	UNKNOWN STEP	2025-10-28T20:29:35.6225464Z  [32mâœ“[39m src/ui/commands/extensionsCommand.test.ts [2m([22m[2m11 tests[22m[2m)[22m[32m 22[2mms[22m[39m
release	UNKNOWN STEP	2025-10-28T20:29:36.5785145Z  [32mâœ“[39m src/utils/handleAutoUpdate.test.ts [2m([22m[2m13 tests[22m[2m)[22m[32m 15[2mms[22m[39m
release	UNKNOWN STEP	2025-10-28T20:29:36.7498246Z  [32mâœ“[39m src/ui/hooks/useExtensionUpdates.test.tsx [2m([22m[2m4 tests[22m[2m)[22m[33m 306[2mms[22m[39m
release	UNKNOWN STEP	2025-10-28T20:29:38.5563386Z  [32mâœ“[39m src/ui/auth/AuthDialog.test.tsx [2m([22m[2m14 tests[22m[2m)[22m[32m 276[2mms[22m[39m
release	UNKNOWN STEP	2025-10-28T20:29:38.8712578Z  [32mâœ“[39m src/ui/commands/restoreCommand.test.ts [2m([22m[2m13 tests[22m[2m)[22m[32m 73[2mms[22m[39m
release	UNKNOWN STEP	2025-10-28T20:29:39.1119885Z  [32mâœ“[39m src/ui/commands/ideCommand.test.ts [2m([22m[2m8 tests[22m[2m)[22m[32m 28[2mms[22m[39m
release	UNKNOWN STEP	2025-10-28T20:29:41.4020179Z  [32mâœ“[39m src/ui/themes/color-utils.test.ts [2m([22m[2m16 tests[22m[2m)[22m[32m 17[2mms[22m[39m
release	UNKNOWN STEP	2025-10-28T20:29:41.4604768Z  [32mâœ“[39m src/services/BuiltinCommandLoader.test.ts [2m([22m[2m10 tests[22m[2m)[22m[33m 486[2mms[22m[39m
release	UNKNOWN STEP	2025-10-28T20:29:41.7934556Z  [32mâœ“[39m src/ui/components/Footer.test.tsx [2m([22m[2m17 tests[22m[2m)[22m[32m 123[2mms[22m[39m
release	UNKNOWN STEP	2025-10-28T20:29:42.2223102Z  [32mâœ“[39m src/utils/envVarResolver.test.ts [2m([22m[2m16 tests[22m[2m)[22m[32m 18[2mms[22m[39m
release	UNKNOWN STEP	2025-10-28T20:29:42.5462474Z  [32mâœ“[39m src/services/prompt-processors/injectionParser.test.ts [2m([22m[2m21 tests[22m[2m)[22m[32m 15[2mms[22m[39m
release	UNKNOWN STEP	2025-10-28T20:29:43.6168781Z  [32mâœ“[39m src/ui/commands/copyCommand.test.ts [2m([22m[2m11 tests[22m[2m)[22m[32m 27[2mms[22m[39m
release	UNKNOWN STEP	2025-10-28T20:29:44.4924355Z  [32mâœ“[39m src/ui/hooks/useKeypress.test.tsx [2m([22m[2m23 tests[22m[2m)[22m[33m 381[2mms[22m[39m
release	UNKNOWN STEP	2025-10-28T20:29:44.5782780Z  [32mâœ“[39m src/utils/sessionCleanup.integration.test.ts [2m([22m[2m5 tests[22m[2m)[22m[32m 28[2mms[22m[39m
release	UNKNOWN STEP	2025-10-28T20:29:45.8539426Z  [32mâœ“[39m src/services/prompt-processors/atFileProcessor.test.ts [2m([22m[2m11 tests[22m[2m)[22m[32m 27[2mms[22m[39m
release	UNKNOWN STEP	2025-10-28T20:29:47.4409579Z  [32mâœ“[39m src/ui/components/ModelStatsDisplay.test.tsx [2m([22m[2m6 tests[22m[2m)[22m[32m 196[2mms[22m[39m
release	UNKNOWN STEP	2025-10-28T20:29:47.4955458Z  [32mâœ“[39m src/ui/components/messages/ToolMessage.test.tsx [2m([22m[2m12 tests[22m[2m)[22m[32m 111[2mms[22m[39m
release	UNKNOWN STEP	2025-10-28T20:29:48.6479699Z  [32mâœ“[39m src/ui/hooks/useIdeTrustListener.test.tsx [2m([22m[2m5 tests[22m[2m)[22m[32m 44[2mms[22m[39m
release	UNKNOWN STEP	2025-10-28T20:29:49.0250745Z  [32mâœ“[39m src/ui/utils/computeStats.test.ts [2m([22m[2m12 tests[22m[2m)[22m[32m 10[2mms[22m[39m
release	UNKNOWN STEP	2025-10-28T20:29:49.8119781Z  [32mâœ“[39m src/ui/commands/setupGithubCommand.test.ts [2m([22m[2m8 tests[22m[2m)[22m[32m 65[2mms[22m[39m
release	UNKNOWN STEP	2025-10-28T20:29:51.0148574Z  [32mâœ“[39m src/ui/components/HistoryItemDisplay.test.tsx [2m([22m[2m13 tests[22m[2m)[22m[33m 356[2mms[22m[39m
release	UNKNOWN STEP	2025-10-28T20:29:51.7409283Z  [32mâœ“[39m src/ui/hooks/useGitBranchName.test.tsx [2m([22m[2m7 tests[22m[2m)[22m[32m 64[2mms[22m[39m
release	UNKNOWN STEP	2025-10-28T20:29:52.5641831Z  [32mâœ“[39m src/ui/hooks/useEditorSettings.test.tsx [2m([22m[2m10 tests[22m[2m)[22m[32m 49[2mms[22m[39m
release	UNKNOWN STEP	2025-10-28T20:29:53.5380331Z  [32mâœ“[39m src/commands/mcp/remove.test.ts [2m([22m[2m6 tests[22m[2m)[22m[32m 71[2mms[22m[39m
release	UNKNOWN STEP	2025-10-28T20:29:53.8849793Z  [32mâœ“[39m src/config/extensions/github_fetch.test.ts [2m([22m[2m8 tests[22m[2m)[22m[32m 14[2mms[22m[39m
release	UNKNOWN STEP	2025-10-28T20:29:54.2592379Z  [32mâœ“[39m src/ui/utils/textUtils.test.ts [2m([22m[2m9 tests[22m[2m)[22m[32m 7[2mms[22m[39m
release	UNKNOWN STEP	2025-10-28T20:29:54.4594478Z  [32mâœ“[39m src/ui/components/messages/CompressionMessage.test.tsx [2m([22m[2m8 tests[22m[2m)[22m[32m 101[2mms[22m[39m
release	UNKNOWN STEP	2025-10-28T20:29:54.7466311Z  [32mâœ“[39m src/ui/commands/directoryCommand.test.tsx [2m([22m[2m7 tests[22m[2m)[22m[32m 17[2mms[22m[39m
release	UNKNOWN STEP	2025-10-28T20:29:56.4960794Z  [32mâœ“[39m src/ui/commands/mcpCommand.test.ts [2m([22m[2m5 tests[22m[2m)[22m[32m 21[2mms[22m[39m
release	UNKNOWN STEP	2025-10-28T20:29:57.3343024Z  [32mâœ“[39m src/ui/components/ToolStatsDisplay.test.tsx [2m([22m[2m5 tests[22m[2m)[22m[32m 158[2mms[22m[39m
release	UNKNOWN STEP	2025-10-28T20:29:58.3281328Z  [32mâœ“[39m src/ui/utils/MarkdownDisplay.test.tsx [2m([22m[2m30 tests[22m[2m)[22m[33m 484[2mms[22m[39m
release	UNKNOWN STEP	2025-10-28T20:29:58.6842440Z  [32mâœ“[39m src/ui/themes/theme-manager.test.ts [2m([22m[2m12 tests[22m[2m)[22m[32m 26[2mms[22m[39m
release	UNKNOWN STEP	2025-10-28T20:29:59.3382763Z  [32mâœ“[39m src/commands/mcp/list.test.ts [2m([22m[2m4 tests[22m[2m)[22m[32m 18[2mms[22m[39m
release	UNKNOWN STEP	2025-10-28T20:29:59.7154829Z  [32mâœ“[39m src/utils/deepMerge.test.ts [2m([22m[2m13 tests[22m[2m)[22m[32m 10[2mms[22m[39m
release	UNKNOWN STEP	2025-10-28T20:30:01.2224437Z  [32mâœ“[39m src/ui/components/shared/RadioButtonSelect.test.tsx [2m([22m[2m5 tests[22m[2m)[22m[32m 35[2mms[22m[39m
release	UNKNOWN STEP	2025-10-28T20:30:01.9890847Z  [32mâœ“[39m src/ui/components/DebugProfiler.test.tsx [2m([22m[2m10 tests[22m[2m)[22m[32m 17[2mms[22m[39m
release	UNKNOWN STEP	2025-10-28T20:30:02.0067281Z  [32mâœ“[39m src/config/extensions/extensionSettings.test.ts [2m([22m[2m6 tests[22m[2m)[22m[32m 22[2mms[22m[39m
release	UNKNOWN STEP	2025-10-28T20:30:02.1437948Z  [32mâœ“[39m src/ui/hooks/useLoadingIndicator.test.tsx [2m([22m[2m5 tests[22m[2m)[22m[32m 59[2mms[22m[39m
release	UNKNOWN STEP	2025-10-28T20:30:04.2675556Z  [32mâœ“[39m src/ui/commands/aboutCommand.test.ts [2m([22m[2m5 tests[22m[2m)[22m[32m 17[2mms[22m[39m
release	UNKNOWN STEP	2025-10-28T20:30:04.3310415Z  [32mâœ“[39m src/ui/utils/updateCheck.test.ts [2m([22m[2m10 tests[22m[2m)[22m[32m 17[2mms[22m[39m
release	UNKNOWN STEP	2025-10-28T20:30:04.6412284Z  [32mâœ“[39m src/ui/utils/highlight.test.ts [2m([22m[2m16 tests[22m[2m)[22m[32m 9[2mms[22m[39m
release	UNKNOWN STEP	2025-10-28T20:30:05.2377281Z  [32mâœ“[39m src/ui/components/messages/ToolConfirmationMessage.test.tsx [2m([22m[2m10 tests[22m[2m)[22m[32m 178[2mms[22m[39m
release	UNKNOWN STEP	2025-10-28T20:30:05.6587411Z  [32mâœ“[39m src/utils/commands.test.ts [2m([22m[2m12 tests[22m[2m)[22m[32m 7[2mms[22m[39m
release	UNKNOWN STEP	2025-10-28T20:30:07.1892551Z  [32mâœ“[39m src/ui/components/messages/Todo.test.tsx [2m([22m[2m11 tests[22m[2m)[22m[32m 148[2mms[22m[39m
release	UNKNOWN STEP	2025-10-28T20:30:07.4239129Z  [32mâœ“[39m src/ui/App.test.tsx [2m([22m[2m7 tests[22m[2m)[22m[32m 56[2mms[22m[39m
release	UNKNOWN STEP	2025-10-28T20:30:07.9901873Z  [32mâœ“[39m src/commands/extensions/install.test.ts [2m([22m[2m8 tests[22m[2m)[22m[32m 35[2mms[22m[39m
release	UNKNOWN STEP	2025-10-28T20:30:08.9395520Z  [32mâœ“[39m src/ui/hooks/useConsoleMessages.test.tsx [2m([22m[2m7 tests[22m[2m)[22m[32m 57[2mms[22m[39m
release	UNKNOWN STEP	2025-10-28T20:30:09.9061046Z  [32mâœ“[39m src/ui/hooks/useFocus.test.tsx [2m([22m[2m6 tests[22m[2m)[22m[32m 53[2mms[22m[39m
release	UNKNOWN STEP	2025-10-28T20:30:10.3703785Z  [32mâœ“[39m src/ui/components/views/McpStatus.test.tsx [2m([22m[2m11 tests[22m[2m)[22m[32m 139[2mms[22m[39m
release	UNKNOWN STEP	2025-10-28T20:30:11.7851451Z  [32mâœ“[39m src/ui/components/shared/EnumSelector.test.tsx [2m([22m[2m9 tests[22m[2m)[22m[32m 57[2mms[22m[39m
release	UNKNOWN STEP	2025-10-28T20:30:12.5851644Z  [32mâœ“[39m src/ui/commands/compressCommand.test.ts [2m([22m[2m5 tests[22m[2m)[22m[32m 12[2mms[22m[39m
release	UNKNOWN STEP	2025-10-28T20:30:12.6243115Z  [32mâœ“[39m src/ui/hooks/useTimer.test.tsx [2m([22m[2m8 tests[22m[2m)[22m[32m 40[2mms[22m[39m
release	UNKNOWN STEP	2025-10-28T20:30:12.8134721Z  [32mâœ“[39m src/ui/hooks/usePrivacySettings.test.tsx [2m([22m[2m4 tests[22m[2m)[22m[32m 284[2mms[22m[39m
release	UNKNOWN STEP	2025-10-28T20:30:13.6226622Z  [32mâœ“[39m src/ui/components/AnsiOutput.test.tsx [2m([22m[2m6 tests[22m[2m)[22m[32m 110[2mms[22m[39m
release	UNKNOWN STEP	2025-10-28T20:30:13.9696446Z  [32mâœ“[39m src/ui/commands/toolsCommand.test.ts [2m([22m[2m4 tests[22m[2m)[22m[32m 14[2mms[22m[39m
release	UNKNOWN STEP	2025-10-28T20:30:14.9095233Z  [32mâœ“[39m src/utils/gitUtils.test.ts [2m([22m[2m12 tests[22m[2m)[22m[32m 27[2mms[22m[39m
release	UNKNOWN STEP	2025-10-28T20:30:16.1101020Z  [32mâœ“[39m src/ui/commands/bugCommand.test.ts [2m([22m[2m2 tests[22m[2m)[22m[32m 9[2mms[22m[39m
release	UNKNOWN STEP	2025-10-28T20:30:16.5555359Z  [32mâœ“[39m src/ui/components/ThemeDialog.test.tsx [2m([22m[2m3 tests[22m[2m)[22m[33m 733[2mms[22m[39m
release	UNKNOWN STEP	2025-10-28T20:30:16.5559268Z    [33m[2mâœ“[22m[39m ThemeDialog Snapshots[2m > [22mshould render correctly in theme selection mode [33m 395[2mms[22m[39m
release	UNKNOWN STEP	2025-10-28T20:30:17.6529462Z  [32mâœ“[39m src/ui/components/PrepareLabel.test.tsx [2m([22m[2m6 tests[22m[2m)[22m[32m 80[2mms[22m[39m
release	UNKNOWN STEP	2025-10-28T20:30:17.9772593Z  [32mâœ“[39m src/ui/commands/initCommand.test.ts [2m([22m[2m3 tests[22m[2m)[22m[32m 13[2mms[22m[39m
release	UNKNOWN STEP	2025-10-28T20:30:18.3624883Z  [32mâœ“[39m src/ui/commands/clearCommand.test.ts [2m([22m[2m2 tests[22m[2m)[22m[32m 10[2mms[22m[39m
release	UNKNOWN STEP	2025-10-28T20:30:19.2402885Z  [32mâœ“[39m src/ui/components/views/ExtensionsList.test.tsx [2m([22m[2m9 tests[22m[2m)[22m[32m 97[2mms[22m[39m
release	UNKNOWN STEP	2025-10-28T20:30:20.2345259Z  [32mâœ“[39m src/ui/themes/theme.test.ts [2m([22m[2m5 tests[22m[2m)[22m[32m 6[2mms[22m[39m
release	UNKNOWN STEP	2025-10-28T20:30:20.6539288Z  [32mâœ“[39m src/commands/extensions/new.test.ts [2m([22m[2m4 tests[22m[2m)[22m[32m 34[2mms[22m[39m
release	UNKNOWN STEP	2025-10-28T20:30:21.0147730Z  [32mâœ“[39m src/utils/userStartupWarnings.test.ts [2m([22m[2m5 tests[22m[2m)[22m[32m 16[2mms[22m[39m
release	UNKNOWN STEP	2025-10-28T20:30:21.3544770Z  [32mâœ“[39m src/ui/commands/docsCommand.test.ts [2m([22m[2m3 tests[22m[2m)[22m[32m 14[2mms[22m[39m
release	UNKNOWN STEP	2025-10-28T20:30:21.9744503Z  [32mâœ“[39m src/ui/components/ConsentPrompt.test.tsx [2m([22m[2m5 tests[22m[2m)[22m[32m 62[2mms[22m[39m
release	UNKNOWN STEP	2025-10-28T20:30:22.4293730Z  [32mâœ“[39m src/config/auth.test.ts [2m([22m[2m8 tests[22m[2m)[22m[32m 14[2mms[22m[39m
release	UNKNOWN STEP	2025-10-28T20:30:24.1645878Z  [32mâœ“[39m src/utils/readStdin.test.ts [2m([22m[2m4 tests[22m[2m)[22m[32m 8[2mms[22m[39m
release	UNKNOWN STEP	2025-10-28T20:30:24.1826279Z  [32mâœ“[39m src/ui/components/IdeTrustChangeDialog.test.tsx [2m([22m[2m6 tests[22m[2m)[22m[32m 186[2mms[22m[39m
release	UNKNOWN STEP	2025-10-28T20:30:25.1037039Z  [32mâœ“[39m src/ui/components/ContextSummaryDisplay.test.tsx [2m([22m[2m4 tests[22m[2m)[22m[32m 56[2mms[22m[39m
release	UNKNOWN STEP	2025-10-28T20:30:26.4856497Z  [32mâœ“[39m src/ui/utils/displayUtils.test.ts [2m([22m[2m8 tests[22m[2m)[22m[32m 5[2mms[22m[39m
release	UNKNOWN STEP	2025-10-28T20:30:26.5108813Z  [32mâœ“[39m src/ui/commands/terminalSetupCommand.test.ts [2m([22m[2m5 tests[22m[2m)[22m[32m 8[2mms[22m[39m
release	UNKNOWN STEP	2025-10-28T20:30:27.5375419Z  [32mâœ“[39m src/commands/mcp.test.ts [2m([22m[2m3 tests[22m[2m)[22m[32m 33[2mms[22m[39m
release	UNKNOWN STEP	2025-10-28T20:30:28.4714925Z  [32mâœ“[39m src/ui/components/QueuedMessageDisplay.test.tsx [2m([22m[2m5 tests[22m[2m)[22m[32m 72[2mms[22m[39m
release	UNKNOWN STEP	2025-10-28T20:30:28.7825967Z  [32mâœ“[39m src/utils/startupWarnings.test.ts [2m([22m[2m4 tests[22m[2m)[22m[32m 6[2mms[22m[39m
release	UNKNOWN STEP	2025-10-28T20:30:29.1521996Z  [32mâœ“[39m src/ui/commands/statsCommand.test.ts [2m([22m[2m3 tests[22m[2m)[22m[32m 15[2mms[22m[39m
release	UNKNOWN STEP	2025-10-28T20:30:29.2715152Z  [32mâœ“[39m src/ui/components/ProQuotaDialog.test.tsx [2m([22m[2m3 tests[22m[2m)[22m[32m 73[2mms[22m[39m
release	UNKNOWN STEP	2025-10-28T20:30:31.1856838Z  [32mâœ“[39m src/ui/components/shared/DescriptiveRadioButtonSelect.test.tsx [2m([22m[2m2 tests[22m[2m)[22m[32m 65[2mms[22m[39m
release	UNKNOWN STEP	2025-10-28T20:30:31.3662242Z  [32mâœ“[39m src/ui/utils/clipboardUtils.test.ts [2m([22m[2m6 tests[22m[2m)[22m[32m 6[2mms[22m[39m
release	UNKNOWN STEP	2025-10-28T20:30:31.7175444Z  [32mâœ“[39m src/ui/utils/markdownUtilities.test.ts [2m([22m[2m7 tests[22m[2m)[22m[32m 5[2mms[22m[39m
release	UNKNOWN STEP	2025-10-28T20:30:32.0141153Z  [32mâœ“[39m src/ui/utils/formatters.test.ts [2m([22m[2m14 tests[22m[2m)[22m[32m 5[2mms[22m[39m
release	UNKNOWN STEP	2025-10-28T20:30:32.0248748Z  [32mâœ“[39m src/ui/hooks/useMemoryMonitor.test.tsx [2m([22m[2m3 tests[22m[2m)[22m[32m 35[2mms[22m[39m
release	UNKNOWN STEP	2025-10-28T20:30:32.0423951Z  [32mâœ“[39m src/ui/components/SessionSummaryDisplay.test.tsx [2m([22m[2m1 test[22m[2m)[22m[32m 118[2mms[22m[39m
release	UNKNOWN STEP	2025-10-28T20:30:32.3022575Z  [32mâœ“[39m src/config/keyBindings.test.ts [2m([22m[2m3 tests[22m[2m)[22m[32m 13[2mms[22m[39m
release	UNKNOWN STEP	2025-10-28T20:30:32.3362697Z  [32mâœ“[39m src/test-utils/mockCommandContext.test.ts [2m([22m[2m3 tests[22m[2m)[22m[32m 8[2mms[22m[39m
release	UNKNOWN STEP	2025-10-28T20:30:32.3615872Z  [32mâœ“[39m src/utils/windowTitle.test.ts [2m([22m[2m7 tests[22m[2m)[22m[32m 5[2mms[22m[39m
release	UNKNOWN STEP	2025-10-28T20:30:35.1825742Z  [32mâœ“[39m src/utils/cleanup.test.ts [2m([22m[2m4 tests[22m[2m)[22m[33m 2446[2mms[22m[39m
release	UNKNOWN STEP	2025-10-28T20:30:35.1837190Z    [33m[2mâœ“[22m[39m cleanup[2m > [22mshould run a registered synchronous function [33m 1839[2mms[22m[39m
release	UNKNOWN STEP	2025-10-28T20:30:35.2500127Z  [32mâœ“[39m src/ui/components/ShellConfirmationDialog.test.tsx [2m([22m[2m4 tests[22m[2m)[22m[32m 135[2mms[22m[39m
release	UNKNOWN STEP	2025-10-28T20:30:35.3150321Z  [32mâœ“[39m src/ui/components/views/ToolsList.test.tsx [2m([22m[2m3 tests[22m[2m)[22m[32m 95[2mms[22m[39m
release	UNKNOWN STEP	2025-10-28T20:30:35.6507143Z  [32mâœ“[39m src/ui/commands/helpCommand.test.ts [2m([22m[2m2 tests[22m[2m)[22m[32m 12[2mms[22m[39m
release	UNKNOWN STEP	2025-10-28T20:30:35.7033148Z  [32mâœ“[39m src/ui/commands/quitCommand.test.ts [2m([22m[2m1 test[22m[2m)[22m[32m 11[2mms[22m[39m
release	UNKNOWN STEP	2025-10-28T20:30:38.1930705Z  [32mâœ“[39m src/ui/components/messages/GeminiMessage.test.tsx [2m([22m[2m4 tests[22m[2m)[22m[32m 110[2mms[22m[39m
release	UNKNOWN STEP	2025-10-28T20:30:38.4656945Z  [32mâœ“[39m src/ui/components/Header.test.tsx [2m([22m[2m4 tests[22m[2m)[22m[32m 129[2mms[22m[39m
release	UNKNOWN STEP	2025-10-28T20:30:38.6778295Z  [32mâœ“[39m src/ui/components/messages/ToolMessageRawMarkdown.test.tsx [2m([22m[2m2 tests[22m[2m)[22m[32m 75[2mms[22m[39m
release	UNKNOWN STEP	2025-10-28T20:30:39.6104840Z  [32mâœ“[39m src/ui/hooks/useModelCommand.test.tsx [2m([22m[2m3 tests[22m[2m)[22m[32m 32[2mms[22m[39m
release	UNKNOWN STEP	2025-10-28T20:30:39.9023397Z  [32mâœ“[39m src/ui/commands/privacyCommand.test.ts [2m([22m[2m2 tests[22m[2m)[22m[32m 8[2mms[22m[39m
release	UNKNOWN STEP	2025-10-28T20:30:40.2024383Z  [32mâœ“[39m src/ui/commands/themeCommand.test.ts [2m([22m[2m2 tests[22m[2m)[22m[32m 6[2mms[22m[39m
release	UNKNOWN STEP	2025-10-28T20:30:40.4362298Z  [32mâœ“[39m src/services/prompt-processors/argumentProcessor.test.ts [2m([22m[2m2 tests[22m[2m)[22m[32m 8[2mms[22m[39m
release	UNKNOWN STEP	2025-10-28T20:30:40.8162588Z  [32mâœ“[39m src/ui/commands/permissionsCommand.test.ts [2m([22m[2m3 tests[22m[2m)[22m[32m 16[2mms[22m[39m
release	UNKNOWN STEP	2025-10-28T20:30:41.1087280Z  [32mâœ“[39m src/ui/commands/settingsCommand.test.ts [2m([22m[2m2 tests[22m[2m)[22m[32m 8[2mms[22m[39m
release	UNKNOWN STEP	2025-10-28T20:30:41.2730363Z  [32mâœ“[39m src/ui/components/views/ChatList.test.tsx [2m([22m[2m3 tests[22m[2m)[22m[32m 51[2mms[22m[39m
release	UNKNOWN STEP	2025-10-28T20:30:41.4285576Z  [32mâœ“[39m src/ui/commands/modelCommand.test.ts [2m([22m[2m2 tests[22m[2m)[22m[32m 8[2mms[22m[39m
release	UNKNOWN STEP	2025-10-28T20:30:41.5948227Z  [32mâœ“[39m src/ui/commands/corgiCommand.test.ts [2m([22m[2m2 tests[22m[2m)[22m[32m 8[2mms[22m[39m
release	UNKNOWN STEP	2025-10-28T20:30:41.7083989Z  [32mâœ“[39m src/ui/commands/authCommand.test.ts [2m([22m[2m2 tests[22m[2m)[22m[32m 7[2mms[22m[39m
release	UNKNOWN STEP	2025-10-28T20:30:41.8709439Z  [32mâœ“[39m src/ui/commands/editorCommand.test.ts [2m([22m[2m2 tests[22m[2m)[22m[32m 7[2mms[22m[39m
release	UNKNOWN STEP	2025-10-28T20:30:42.9214473Z  [32mâœ“[39m src/ui/components/LoopDetectionConfirmation.test.tsx [2m([22m[2m2 tests[22m[2m)[22m[32m 93[2mms[22m[39m
release	UNKNOWN STEP	2025-10-28T20:30:43.9059558Z  [32mâœ“[39m src/utils/processUtils.test.ts [2m([22m[2m1 test[22m[2m)[22m[32m 7[2mms[22m[39m
release	UNKNOWN STEP	2025-10-28T20:30:44.2143121Z  [32mâœ“[39m src/commands/extensions/uninstall.test.ts [2m([22m[2m1 test[22m[2m)[22m[32m 15[2mms[22m[39m
release	UNKNOWN STEP	2025-10-28T20:30:44.7554855Z  [32mâœ“[39m src/config/extensions/variables.test.ts [2m([22m[2m1 test[22m[2m)[22m[32m 3[2mms[22m[39m
release	UNKNOWN STEP	2025-10-28T20:30:47.6644365Z 
release	UNKNOWN STEP	2025-10-28T20:30:47.6661917Z [2m Test Files [22m [1m[32m180 passed[39m[22m[90m (180)[39m
release	UNKNOWN STEP	2025-10-28T20:30:47.6673078Z [2m      Tests [22m [1m[32m2760 passed[39m[22m[2m | [22m[33m1 skipped[39m[90m (2761)[39m
release	UNKNOWN STEP	2025-10-28T20:30:47.6673852Z [2m   Start at [22m 20:28:24
release	UNKNOWN STEP	2025-10-28T20:30:47.6681853Z [2m   Duration [22m 142.98s[2m (transform 8.01s, setup 1.61s, collect 286.69s, tests 33.08s, environment 15.92s, prepare 19.52s)[22m
release	UNKNOWN STEP	2025-10-28T20:30:47.6682570Z 
release	UNKNOWN STEP	2025-10-28T20:30:48.1514316Z JUNIT report written to /home/runner/work/gemini-cli/gemini-cli/release/packages/cli/junit.xml
release	UNKNOWN STEP	2025-10-28T20:30:48.1546538Z [34m % [39m[2mCoverage report from [22m[33mv8[39m
release	UNKNOWN STEP	2025-10-28T20:30:48.8747715Z 
release	UNKNOWN STEP	2025-10-28T20:30:48.8748839Z > @google/gemini-cli-core@0.12.0-nightly.20251022.0542de95 test:ci
release	UNKNOWN STEP	2025-10-28T20:30:48.8749473Z > vitest run
release	UNKNOWN STEP	2025-10-28T20:30:48.8749675Z 
release	UNKNOWN STEP	2025-10-28T20:30:49.3056791Z 
release	UNKNOWN STEP	2025-10-28T20:30:49.3058895Z [1m[46m RUN [49m[22m [36mv3.2.4 [39m[90m/home/runner/work/gemini-cli/gemini-cli/release/packages/core[39m
release	UNKNOWN STEP	2025-10-28T20:30:49.3059862Z       [2mCoverage enabled with [22m[33mv8[39m
release	UNKNOWN STEP	2025-10-28T20:30:49.3060168Z 
release	UNKNOWN STEP	2025-10-28T20:30:53.7234518Z  [32mâœ“[39m src/core/client.test.ts [2m([22m[2m67 tests[22m[2m)[22m[32m 250[2mms[22m[39m
release	UNKNOWN STEP	2025-10-28T20:30:53.8384238Z  [32mâœ“[39m src/core/coreToolScheduler.test.ts [2m([22m[2m31 tests[22m[2m)[22m[33m 326[2mms[22m[39m
release	UNKNOWN STEP	2025-10-28T20:30:56.0817727Z  [32mâœ“[39m src/telemetry/loggers.test.ts [2m([22m[2m30 tests[22m[2m)[22m[32m 77[2mms[22m[39m
release	UNKNOWN STEP	2025-10-28T20:30:56.9396622Z  [32mâœ“[39m src/tools/ripGrep.test.ts [2m([22m[2m47 tests[22m[2m | [22m[33m1 skipped[39m[2m)[22m[33m 301[2mms[22m[39m
release	UNKNOWN STEP	2025-10-28T20:30:58.1722798Z  [32mâœ“[39m src/code_assist/oauth2.test.ts [2m([22m[2m24 tests[22m[2m)[22m[32m 79[2mms[22m[39m
release	UNKNOWN STEP	2025-10-28T20:30:58.4958498Z  [32mâœ“[39m src/telemetry/metrics.test.ts [2m([22m[2m57 tests[22m[2m)[22m[33m 2650[2mms[22m[39m
release	UNKNOWN STEP	2025-10-28T20:30:59.1127991Z  [32mâœ“[39m src/core/geminiChat.test.ts [2m([22m[2m30 tests[22m[2m)[22m[33m 5596[2mms[22m[39m
release	UNKNOWN STEP	2025-10-28T20:30:59.1132249Z    [33m[2mâœ“[22m[39m GeminiChat[2m > [22msendMessageStream[2m > [22mshould fail if the stream ends with an empty part and has no finishReason [33m 503[2mms[22m[39m
release	UNKNOWN STEP	2025-10-28T20:30:59.1134081Z    [33m[2mâœ“[22m[39m GeminiChat[2m > [22msendMessageStream[2m > [22mshould throw an error when a tool call is followed by an empty stream response [33m 503[2mms[22m[39m
release	UNKNOWN STEP	2025-10-28T20:30:59.1135917Z    [33m[2mâœ“[22m[39m GeminiChat[2m > [22msendMessageStream[2m > [22mshould throw InvalidStreamError when no tool call and no finish reason [33m 503[2mms[22m[39m
release	UNKNOWN STEP	2025-10-28T20:30:59.1137732Z    [33m[2mâœ“[22m[39m GeminiChat[2m > [22msendMessageStream[2m > [22mshould throw InvalidStreamError when no tool call and empty response text [33m 503[2mms[22m[39m
release	UNKNOWN STEP	2025-10-28T20:30:59.1139566Z    [33m[2mâœ“[22m[39m GeminiChat[2m > [22msendMessageStream with retries[2m > [22mshould yield a RETRY event when an invalid stream is encountered [33m 504[2mms[22m[39m
release	UNKNOWN STEP	2025-10-28T20:30:59.1142022Z    [33m[2mâœ“[22m[39m GeminiChat[2m > [22msendMessageStream with retries[2m > [22mshould retry on invalid content, succeed, and report metrics [33m 505[2mms[22m[39m
release	UNKNOWN STEP	2025-10-28T20:30:59.1143851Z    [33m[2mâœ“[22m[39m GeminiChat[2m > [22msendMessageStream with retries[2m > [22mshould set temperature to 1 on retry [33m 507[2mms[22m[39m
release	UNKNOWN STEP	2025-10-28T20:30:59.1145866Z    [33m[2mâœ“[22m[39m GeminiChat[2m > [22msendMessageStream with retries[2m > [22mshould fail after all retries on persistent invalid content and report metrics [33m 504[2mms[22m[39m
release	UNKNOWN STEP	2025-10-28T20:30:59.1147842Z    [33m[2mâœ“[22m[39m GeminiChat[2m > [22mshould correctly retry and append to an existing history mid-conversation [33m 505[2mms[22m[39m
release	UNKNOWN STEP	2025-10-28T20:30:59.1149582Z    [33m[2mâœ“[22m[39m GeminiChat[2m > [22mshould retry if the model returns a completely empty stream (no chunks) [33m 503[2mms[22m[39m
release	UNKNOWN STEP	2025-10-28T20:30:59.1171737Z    [33m[2mâœ“[22m[39m GeminiChat[2m > [22mshould discard valid partial content from a failed attempt upon retry [33m 506[2mms[22m[39m
release	UNKNOWN STEP	2025-10-28T20:30:59.7226068Z  [32mâœ“[39m src/mcp/oauth-provider.test.ts [2m([22m[2m21 tests[22m[2m)[22m[32m 204[2mms[22m[39m
release	UNKNOWN STEP	2025-10-28T20:31:00.8892488Z  [32mâœ“[39m src/tools/edit.test.ts [2m([22m[2m54 tests[22m[2m)[22m[32m 262[2mms[22m[39m
release	UNKNOWN STEP	2025-10-28T20:31:01.2297725Z  [32mâœ“[39m src/config/config.test.ts [2m([22m[2m69 tests[22m[2m)[22m[32m 103[2mms[22m[39m
release	UNKNOWN STEP	2025-10-28T20:31:01.7304917Z  [32mâœ“[39m src/utils/fileUtils.test.ts [2m([22m[2m66 tests[22m[2m)[22m[32m 126[2mms[22m[39m
release	UNKNOWN STEP	2025-10-28T20:31:02.4396242Z  [32mâœ“[39m src/tools/mcp-tool.test.ts [2m([22m[2m42 tests[22m[2m)[22m[32m 117[2mms[22m[39m
release	UNKNOWN STEP	2025-10-28T20:31:02.8253646Z  [32mâœ“[39m src/utils/memoryImportProcessor.test.ts [2m([22m[2m25 tests[22m[2m)[22m[32m 67[2mms[22m[39m
release	UNKNOWN STEP	2025-10-28T20:31:02.9948030Z  [32mâœ“[39m src/services/shellExecutionService.test.ts [2m([22m[2m43 tests[22m[2m)[22m[33m 503[2mms[22m[39m
release	UNKNOWN STEP	2025-10-28T20:31:04.1888630Z  [32mâœ“[39m src/tools/write-file.test.ts [2m([22m[2m30 tests[22m[2m)[22m[32m 204[2mms[22m[39m
release	UNKNOWN STEP	2025-10-28T20:31:05.7129058Z  [32mâœ“[39m src/agents/executor.test.ts [2m([22m[2m15 tests[22m[2m)[22m[32m 57[2mms[22m[39m
release	UNKNOWN STEP	2025-10-28T20:31:05.8372400Z  [32mâœ“[39m src/telemetry/clearcut-logger/clearcut-logger.test.ts [2m([22m[2m35 tests[22m[2m)[22m[33m 330[2mms[22m[39m
release	UNKNOWN STEP	2025-10-28T20:31:07.3160968Z  [32mâœ“[39m src/tools/read-many-files.test.ts [2m([22m[2m31 tests[22m[2m)[22m[33m 499[2mms[22m[39m
release	UNKNOWN STEP	2025-10-28T20:31:08.3245327Z  [32mâœ“[39m src/utils/editCorrector.test.ts [2m([22m[2m40 tests[22m[2m)[22m[32m 57[2mms[22m[39m
release	UNKNOWN STEP	2025-10-28T20:31:08.8590981Z  [32mâœ“[39m src/services/loopDetectionService.test.ts [2m([22m[2m38 tests[22m[2m)[22m[33m 319[2mms[22m[39m
release	UNKNOWN STEP	2025-10-28T20:31:08.8610413Z  [32mâœ“[39m src/core/logger.test.ts [2m([22m[2m38 tests[22m[2m)[22m[32m 156[2mms[22m[39m
release	UNKNOWN STEP	2025-10-28T20:31:09.9156921Z  [32mâœ“[39m src/core/turn.test.ts [2m([22m[2m21 tests[22m[2m)[22m[32m 28[2mms[22m[39m
release	UNKNOWN STEP	2025-10-28T20:31:10.6002131Z  [32mâœ“[39m src/ide/ide-client.test.ts [2m([22m[2m23 tests[22m[2m)[22m[32m 84[2mms[22m[39m
release	UNKNOWN STEP	2025-10-28T20:31:11.6342609Z  [32mâœ“[39m src/tools/web-fetch.test.ts [2m([22m[2m32 tests[22m[2m)[22m[32m 105[2mms[22m[39m
release	UNKNOWN STEP	2025-10-28T20:31:11.7182014Z  [32mâœ“[39m src/utils/shell-utils.test.ts [2m([22m[2m73 tests[22m[2m | [22m[33m2 skipped[39m[2m)[22m[32m 186[2mms[22m[39m
release	UNKNOWN STEP	2025-10-28T20:31:13.4313931Z  [32mâœ“[39m src/tools/smart-edit.test.ts [2m([22m[2m24 tests[22m[2m)[22m[32m 170[2mms[22m[39m
release	UNKNOWN STEP	2025-10-28T20:31:13.9245020Z  [32mâœ“[39m src/policy/policy-engine.test.ts [2m([22m[2m28 tests[22m[2m)[22m[32m 19[2mms[22m[39m
release	UNKNOWN STEP	2025-10-28T20:31:14.4668010Z  [32mâœ“[39m src/tools/mcp-client.test.ts [2m([22m[2m30 tests[22m[2m)[22m[32m 160[2mms[22m[39m
release	UNKNOWN STEP	2025-10-28T20:31:14.8349779Z (node:7962) MaxListenersExceededWarning: Possible EventTarget memory leak detected. 11 abort listeners added to [AbortSignal]. MaxListeners is 10. Use events.setMaxListeners() to increase limit
release	UNKNOWN STEP	2025-10-28T20:31:14.8351840Z (Use `node --trace-warnings ...` to show where the warning was created)
release	UNKNOWN STEP	2025-10-28T20:31:14.9493458Z  [32mâœ“[39m src/utils/filesearch/fileSearch.test.ts [2m([22m[2m27 tests[22m[2m)[22m[32m 132[2mms[22m[39m
release	UNKNOWN STEP	2025-10-28T20:31:15.0061334Z  [32mâœ“[39m src/telemetry/uiTelemetry.test.ts [2m([22m[2m19 tests[22m[2m)[22m[32m 12[2mms[22m[39m
release	UNKNOWN STEP	2025-10-28T20:31:15.2547169Z  [32mâœ“[39m src/telemetry/memory-monitor.test.ts [2m([22m[2m31 tests[22m[2m)[22m[32m 40[2mms[22m[39m
release	UNKNOWN STEP	2025-10-28T20:31:15.3547355Z  [32mâœ“[39m src/utils/editor.test.ts [2m([22m[2m113 tests[22m[2m)[22m[32m 45[2mms[22m[39m
release	UNKNOWN STEP	2025-10-28T20:31:15.8627745Z  [32mâœ“[39m src/utils/memoryDiscovery.test.ts [2m([22m[2m16 tests[22m[2m)[22m[32m 115[2mms[22m[39m
release	UNKNOWN STEP	2025-10-28T20:31:16.1692362Z  [32mâœ“[39m src/tools/read-file.test.ts [2m([22m[2m28 tests[22m[2m)[22m[32m 187[2mms[22m[39m
release	UNKNOWN STEP	2025-10-28T20:31:16.2351787Z  [32mâœ“[39m src/tools/glob.test.ts [2m([22m[2m38 tests[22m[2m)[22m[33m 1958[2mms[22m[39m
release	UNKNOWN STEP	2025-10-28T20:31:16.5326097Z  [32mâœ“[39m src/utils/paths.test.ts [2m([22m[2m88 tests[22m[2m | [22m[33m17 skipped[39m[2m)[22m[32m 25[2mms[22m[39m
release	UNKNOWN STEP	2025-10-28T20:31:16.9373543Z  [32mâœ“[39m src/utils/systemEncoding.test.ts [2m([22m[2m38 tests[22m[2m)[22m[32m 40[2mms[22m[39m
release	UNKNOWN STEP	2025-10-28T20:31:17.6560845Z  [32mâœ“[39m src/tools/memoryTool.test.ts [2m([22m[2m19 tests[22m[2m)[22m[32m 118[2mms[22m[39m
release	UNKNOWN STEP	2025-10-28T20:31:17.7267913Z  [32mâœ“[39m src/core/baseLlmClient.test.ts [2m([22m[2m21 tests[22m[2m)[22m[32m 28[2mms[22m[39m
release	UNKNOWN STEP	2025-10-28T20:31:18.3268498Z  [32mâœ“[39m src/output/stream-json-formatter.test.ts [2m([22m[2m19 tests[22m[2m)[22m[32m 21[2mms[22m[39m
release	UNKNOWN STEP	2025-10-28T20:31:18.3740190Z (node:8291) MaxListenersExceededWarning: Possible EventTarget memory leak detected. 11 abort listeners added to [AbortSignal]. MaxListeners is 10. Use events.setMaxListeners() to increase limit
release	UNKNOWN STEP	2025-10-28T20:31:18.3744951Z (Use `node --trace-warnings ...` to show where the warning was created)
release	UNKNOWN STEP	2025-10-28T20:31:18.4835851Z  [32mâœ“[39m src/tools/grep.test.ts [2m([22m[2m24 tests[22m[2m)[22m[32m 226[2mms[22m[39m
release	UNKNOWN STEP	2025-10-28T20:31:18.7904942Z  [32mâœ“[39m src/utils/workspaceContext.test.ts [2m([22m[2m34 tests[22m[2m)[22m[32m 70[2mms[22m[39m
release	UNKNOWN STEP	2025-10-28T20:31:18.8412843Z  [32mâœ“[39m src/tools/shell.test.ts [2m([22m[2m26 tests[22m[2m | [22m[33m1 skipped[39m[2m)[22m[32m 237[2mms[22m[39m
release	UNKNOWN STEP	2025-10-28T20:31:19.0254780Z  [32mâœ“[39m src/core/prompts.test.ts [2m([22m[2m39 tests[22m[2m)[22m[32m 53[2mms[22m[39m
release	UNKNOWN STEP	2025-10-28T20:31:19.1483639Z  [32mâœ“[39m src/mcp/oauth-token-storage.test.ts [2m([22m[2m28 tests[22m[2m)[22m[32m 29[2mms[22m[39m
release	UNKNOWN STEP	2025-10-28T20:31:19.6313282Z  [32mâœ“[39m src/utils/filesearch/crawler.test.ts [2m([22m[2m18 tests[22m[2m)[22m[32m 95[2mms[22m[39m
release	UNKNOWN STEP	2025-10-28T20:31:19.9882464Z  [32mâœ“[39m src/utils/googleErrors.test.ts [2m([22m[2m13 tests[22m[2m)[22m[32m 12[2mms[22m[39m
release	UNKNOWN STEP	2025-10-28T20:31:20.2257948Z  [32mâœ“[39m src/utils/retry.test.ts [2m([22m[2m22 tests[22m[2m)[22m[32m 65[2mms[22m[39m
release	UNKNOWN STEP	2025-10-28T20:31:20.6652468Z  [32mâœ“[39m src/utils/pathReader.test.ts [2m([22m[2m16 tests[22m[2m)[22m[32m 80[2mms[22m[39m
release	UNKNOWN STEP	2025-10-28T20:31:20.7253886Z  [32mâœ“[39m src/code_assist/converter.test.ts [2m([22m[2m24 tests[22m[2m)[22m[32m 15[2mms[22m[39m
release	UNKNOWN STEP	2025-10-28T20:31:21.0507434Z  [32mâœ“[39m src/ide/ideContext.test.ts [2m([22m[2m23 tests[22m[2m)[22m[32m 26[2mms[22m[39m
release	UNKNOWN STEP	2025-10-28T20:31:21.0686439Z  [32mâœ“[39m src/mcp/token-storage/keychain-token-storage.test.ts [2m([22m[2m25 tests[22m[2m)[22m[32m 103[2mms[22m[39m
release	UNKNOWN STEP	2025-10-28T20:31:21.3853282Z  [32mâœ“[39m src/mcp/oauth-utils.test.ts [2m([22m[2m29 tests[22m[2m)[22m[32m 32[2mms[22m[39m
release	UNKNOWN STEP	2025-10-28T20:31:21.7583268Z  [32mâœ“[39m src/tools/tool-registry.test.ts [2m([22m[2m9 tests[22m[2m)[22m[32m 87[2mms[22m[39m
release	UNKNOWN STEP	2025-10-28T20:31:21.7907096Z  [32mâœ“[39m src/tools/ls.test.ts [2m([22m[2m22 tests[22m[2m)[22m[32m 182[2mms[22m[39m
release	UNKNOWN STEP	2025-10-28T20:31:21.8360740Z  [32mâœ“[39m src/telemetry/gcp-exporters.test.ts [2m([22m[2m18 tests[22m[2m)[22m[32m 49[2mms[22m[39m
release	UNKNOWN STEP	2025-10-28T20:31:22.1212647Z  [32mâœ“[39m src/utils/userAccountManager.test.ts [2m([22m[2m23 tests[22m[2m)[22m[32m 43[2mms[22m[39m
release	UNKNOWN STEP	2025-10-28T20:31:22.2464807Z  [32mâœ“[39m src/utils/getFolderStructure.test.ts [2m([22m[2m15 tests[22m[2m)[22m[32m 90[2mms[22m[39m
release	UNKNOWN STEP	2025-10-28T20:31:22.4338850Z  [32mâœ“[39m src/utils/partUtils.test.ts [2m([22m[2m37 tests[22m[2m)[22m[32m 15[2mms[22m[39m
release	UNKNOWN STEP	2025-10-28T20:31:24.3417389Z  [32mâœ“[39m src/services/chatRecordingService.test.ts [2m([22m[2m10 tests[22m[2m)[22m[32m 29[2mms[22m[39m
release	UNKNOWN STEP	2025-10-28T20:31:24.7092775Z  [32mâœ“[39m src/utils/ignorePatterns.test.ts [2m([22m[2m28 tests[22m[2m)[22m[32m 24[2mms[22m[39m
release	UNKNOWN STEP	2025-10-28T20:31:24.8259785Z  [32mâœ“[39m src/core/nonInteractiveToolExecutor.test.ts [2m([22m[2m8 tests[22m[2m)[22m[32m 23[2mms[22m[39m
release	UNKNOWN STEP	2025-10-28T20:31:25.0628099Z  [32mâœ“[39m src/agents/invocation.test.ts [2m([22m[2m11 tests[22m[2m)[22m[32m 17[2mms[22m[39m
release	UNKNOWN STEP	2025-10-28T20:31:25.1640713Z  [32mâœ“[39m src/utils/googleQuotaErrors.test.ts [2m([22m[2m13 tests[22m[2m)[22m[32m 13[2mms[22m[39m
release	UNKNOWN STEP	2025-10-28T20:31:25.4670317Z  [32mâœ“[39m src/tools/modifiable-tool.test.ts [2m([22m[2m11 tests[22m[2m)[22m[32m 46[2mms[22m[39m
release	UNKNOWN STEP	2025-10-28T20:31:25.6112232Z  [32mâœ“[39m src/utils/generateContentResponseUtilities.test.ts [2m([22m[2m29 tests[22m[2m)[22m[32m 14[2mms[22m[39m
release	UNKNOWN STEP	2025-10-28T20:31:25.9340660Z  [32mâœ“[39m src/telemetry/activity-monitor.test.ts [2m([22m[2m22 tests[22m[2m)[22m[32m 16[2mms[22m[39m
release	UNKNOWN STEP	2025-10-28T20:31:25.9443687Z  [32mâœ“[39m src/utils/llm-edit-fixer.test.ts [2m([22m[2m7 tests[22m[2m)[22m[32m 16[2mms[22m[39m
release	UNKNOWN STEP	2025-10-28T20:31:26.2455334Z  [32mâœ“[39m src/output/json-formatter.test.ts [2m([22m[2m15 tests[22m[2m)[22m[32m 13[2mms[22m[39m
release	UNKNOWN STEP	2025-10-28T20:31:26.2811260Z  [32mâœ“[39m src/utils/gitIgnoreParser.test.ts [2m([22m[2m22 tests[22m[2m)[22m[32m 72[2mms[22m[39m
release	UNKNOWN STEP	2025-10-28T20:31:26.6366557Z  [32mâœ“[39m src/services/gitService.test.ts [2m([22m[2m14 tests[22m[2m)[22m[32m 49[2mms[22m[39m
release	UNKNOWN STEP	2025-10-28T20:31:26.6424728Z  [32mâœ“[39m src/mcp/token-storage/file-token-storage.test.ts [2m([22m[2m16 tests[22m[2m)[22m[33m 843[2mms[22m[39m
release	UNKNOWN STEP	2025-10-28T20:31:26.7712145Z  [32mâœ“[39m src/tools/message-bus-integration.test.ts [2m([22m[2m9 tests[22m[2m)[22m[32m 71[2mms[22m[39m
release	UNKNOWN STEP	2025-10-28T20:31:27.0844265Z  [32mâœ“[39m src/telemetry/rate-limiter.test.ts [2m([22m[2m24 tests[22m[2m)[22m[32m 17[2mms[22m[39m
release	UNKNOWN STEP	2025-10-28T20:31:27.4269759Z  [32mâœ“[39m src/mcp/token-storage/hybrid-token-storage.test.ts [2m([22m[2m11 tests[22m[2m)[22m[32m 30[2mms[22m[39m
release	UNKNOWN STEP	2025-10-28T20:31:27.9925204Z  [32mâœ“[39m src/telemetry/sdk.test.ts [2m([22m[2m9 tests[22m[2m)[22m[32m 29[2mms[22m[39m
release	UNKNOWN STEP	2025-10-28T20:31:29.0262596Z  [32mâœ“[39m src/utils/nextSpeakerChecker.test.ts [2m([22m[2m10 tests[22m[2m)[22m[32m 24[2mms[22m[39m
release	UNKNOWN STEP	2025-10-28T20:31:29.4129164Z  [32mâœ“[39m src/services/fileDiscoveryService.test.ts [2m([22m[2m15 tests[22m[2m)[22m[32m 68[2mms[22m[39m
release	UNKNOWN STEP	2025-10-28T20:31:29.5251312Z  [32mâœ“[39m src/routing/strategies/classifierStrategy.test.ts [2m([22m[2m8 tests[22m[2m)[22m[32m 20[2mms[22m[39m
release	UNKNOWN STEP	2025-10-28T20:31:29.8074124Z  [32mâœ“[39m src/utils/bfsFileSearch.test.ts [2m([22m[2m11 tests[22m[2m)[22m[32m 87[2mms[22m[39m
release	UNKNOWN STEP	2025-10-28T20:31:29.8823958Z  [32mâœ“[39m src/tools/web-search.test.ts [2m([22m[2m9 tests[22m[2m)[22m[32m 93[2mms[22m[39m
release	UNKNOWN STEP	2025-10-28T20:31:29.8968949Z  [32mâœ“[39m src/utils/secure-browser-launcher.test.ts [2m([22m[2m14 tests[22m[2m)[22m[32m 28[2mms[22m[39m
release	UNKNOWN STEP	2025-10-28T20:31:30.2605353Z  [32mâœ“[39m src/confirmation-bus/message-bus.test.ts [2m([22m[2m10 tests[22m[2m)[22m[32m 19[2mms[22m[39m
release	UNKNOWN STEP	2025-10-28T20:31:30.3862603Z  [32mâœ“[39m src/code_assist/oauth-credential-storage.test.ts [2m([22m[2m12 tests[22m[2m)[22m[32m 36[2mms[22m[39m
release	UNKNOWN STEP	2025-10-28T20:31:30.6260330Z  [32mâœ“[39m src/utils/errorReporting.test.ts [2m([22m[2m6 tests[22m[2m)[22m[32m 40[2mms[22m[39m
release	UNKNOWN STEP	2025-10-28T20:31:30.7487307Z  [32mâœ“[39m src/core/fakeContentGenerator.test.ts [2m([22m[2m14 tests[22m[2m)[22m[32m 12[2mms[22m[39m
release	UNKNOWN STEP	2025-10-28T20:31:31.0731584Z  [32mâœ“[39m src/telemetry/high-water-mark-tracker.test.ts [2m([22m[2m18 tests[22m[2m)[22m[32m 15[2mms[22m[39m
release	UNKNOWN STEP	2025-10-28T20:31:32.3346168Z  [32mâœ“[39m src/fallback/handler.test.ts [2m([22m[2m10 tests[22m[2m)[22m[32m 16[2mms[22m[39m
release	UNKNOWN STEP	2025-10-28T20:31:32.5180959Z  [32mâœ“[39m src/utils/summarizer.test.ts [2m([22m[2m8 tests[22m[2m)[22m[32m 50[2mms[22m[39m
release	UNKNOWN STEP	2025-10-28T20:31:32.9257943Z  [32mâœ“[39m src/tools/tools.test.ts [2m([22m[2m11 tests[22m[2m)[22m[32m 13[2mms[22m[39m
release	UNKNOWN STEP	2025-10-28T20:31:33.0414316Z  [32mâœ“[39m src/utils/terminalSerializer.test.ts [2m([22m[2m16 tests[22m[2m)[22m[32m 111[2mms[22m[39m
release	UNKNOWN STEP	2025-10-28T20:31:33.2289727Z  [32mâœ“[39m src/agents/registry.test.ts [2m([22m[2m12 tests[22m[2m)[22m[32m 26[2mms[22m[39m
release	UNKNOWN STEP	2025-10-28T20:31:33.4340337Z  [32mâœ“[39m src/code_assist/server.test.ts [2m([22m[2m8 tests[22m[2m)[22m[32m 62[2mms[22m[39m
release	UNKNOWN STEP	2025-10-28T20:31:33.5952700Z  [32mâœ“[39m src/routing/strategies/compositeStrategy.test.ts [2m([22m[2m6 tests[22m[2m)[22m[32m 17[2mms[22m[39m
release	UNKNOWN STEP	2025-10-28T20:31:33.8980024Z  [32mâœ“[39m src/code_assist/setup.test.ts [2m([22m[2m7 tests[22m[2m)[22m[32m 15[2mms[22m[39m
release	UNKNOWN STEP	2025-10-28T20:31:33.9378677Z  [32mâœ“[39m src/ide/process-utils.test.ts [2m([22m[2m8 tests[22m[2m)[22m[32m 13[2mms[22m[39m
release	UNKNOWN STEP	2025-10-28T20:31:34.2728447Z  [32mâœ“[39m src/ide/ide-installer.test.ts [2m([22m[2m11 tests[22m[2m)[22m[32m 29[2mms[22m[39m
release	UNKNOWN STEP	2025-10-28T20:31:34.3088639Z  [32mâœ“[39m src/core/contentGenerator.test.ts [2m([22m[2m9 tests[22m[2m)[22m[32m 13[2mms[22m[39m
release	UNKNOWN STEP	2025-10-28T20:31:34.6964237Z  [32mâœ“[39m src/utils/environmentContext.test.ts [2m([22m[2m6 tests[22m[2m)[22m[32m 42[2mms[22m[39m
release	UNKNOWN STEP	2025-10-28T20:31:34.7645717Z  [32mâœ“[39m src/mcp/sa-impersonation-provider.test.ts [2m([22m[2m8 tests[22m[2m)[22m[32m 31[2mms[22m[39m
release	UNKNOWN STEP	2025-10-28T20:31:35.0556525Z  [32mâœ“[39m src/tools/diffOptions.test.ts [2m([22m[2m9 tests[22m[2m)[22m[32m 10[2mms[22m[39m
release	UNKNOWN STEP	2025-10-28T20:31:35.1428217Z  [32mâœ“[39m src/mcp/google-auth-provider.test.ts [2m([22m[2m10 tests[22m[2m)[22m[32m 28[2mms[22m[39m
release	UNKNOWN STEP	2025-10-28T20:31:35.4995227Z  [32mâœ“[39m src/utils/events.test.ts [2m([22m[2m8 tests[22m[2m)[22m[32m 54[2mms[22m[39m
release	UNKNOWN STEP	2025-10-28T20:31:35.8363761Z  [32mâœ“[39m src/utils/filesearch/ignore.test.ts [2m([22m[2m12 tests[22m[2m)[22m[32m 24[2mms[22m[39m
release	UNKNOWN STEP	2025-10-28T20:31:36.5149086Z  [32mâœ“[39m src/agents/subagent-tool-wrapper.test.ts [2m([22m[2m7 tests[22m[2m)[22m[32m 52[2mms[22m[39m
release	UNKNOWN STEP	2025-10-28T20:31:36.8406357Z  [32mâœ“[39m src/mcp/token-storage/base-token-storage.test.ts [2m([22m[2m12 tests[22m[2m)[22m[32m 6[2mms[22m[39m
release	UNKNOWN STEP	2025-10-28T20:31:37.0497048Z  [32mâœ“[39m src/telemetry/config.test.ts [2m([22m[2m11 tests[22m[2m)[22m[32m 11[2mms[22m[39m
release	UNKNOWN STEP	2025-10-28T20:31:37.1156715Z  [32mâœ“[39m src/agents/schema-utils.test.ts [2m([22m[2m6 tests[22m[2m)[22m[32m 8[2mms[22m[39m
release	UNKNOWN STEP	2025-10-28T20:31:37.3582878Z  [32mâœ“[39m src/telemetry/activity-detector.test.ts [2m([22m[2m13 tests[22m[2m)[22m[32m 19[2mms[22m[39m
release	UNKNOWN STEP	2025-10-28T20:31:37.6500319Z  [32mâœ“[39m src/routing/modelRouterService.test.ts [2m([22m[2m5 tests[22m[2m)[22m[32m 41[2mms[22m[39m
release	UNKNOWN STEP	2025-10-28T20:31:37.6720318Z  [32mâœ“[39m src/agents/utils.test.ts [2m([22m[2m12 tests[22m[2m)[22m[32m 7[2mms[22m[39m
release	UNKNOWN STEP	2025-10-28T20:31:38.0038863Z  [32mâœ“[39m src/ide/detect-ide.test.ts [2m([22m[2m14 tests[22m[2m)[22m[32m 17[2mms[22m[39m
release	UNKNOWN STEP	2025-10-28T20:31:38.6408937Z  [32mâœ“[39m src/tools/write-todos.test.ts [2m([22m[2m9 tests[22m[2m)[22m[32m 72[2mms[22m[39m
release	UNKNOWN STEP	2025-10-28T20:31:38.9501960Z  [32mâœ“[39m src/utils/errorParsing.test.ts [2m([22m[2m10 tests[22m[2m)[22m[32m 5[2mms[22m[39m
release	UNKNOWN STEP	2025-10-28T20:31:38.9520117Z  [32mâœ“[39m src/utils/filesearch/crawlCache.test.ts [2m([22m[2m9 tests[22m[2m)[22m[32m 15[2mms[22m[39m
release	UNKNOWN STEP	2025-10-28T20:31:39.2785920Z  [32mâœ“[39m src/utils/pathCorrector.test.ts [2m([22m[2m4 tests[22m[2m)[22m[32m 28[2mms[22m[39m
release	UNKNOWN STEP	2025-10-28T20:31:39.5689400Z  [32mâœ“[39m src/utils/delay.test.ts [2m([22m[2m7 tests[22m[2m)[22m[32m 20[2mms[22m[39m
release	UNKNOWN STEP	2025-10-28T20:31:39.7122163Z  [32mâœ“[39m src/utils/flashFallback.test.ts [2m([22m[2m4 tests[22m[2m)[22m[32m 18[2mms[22m[39m
release	UNKNOWN STEP	2025-10-28T20:31:39.8910825Z  [32mâœ“[39m src/utils/installationManager.test.ts [2m([22m[2m4 tests[22m[2m)[22m[32m 9[2mms[22m[39m
release	UNKNOWN STEP	2025-10-28T20:31:40.2509365Z  [32mâœ“[39m src/utils/schemaValidator.test.ts [2m([22m[2m7 tests[22m[2m)[22m[32m 79[2mms[22m[39m
release	UNKNOWN STEP	2025-10-28T20:31:40.5573988Z  [32mâœ“[39m src/utils/debugLogger.test.ts [2m([22m[2m6 tests[22m[2m)[22m[32m 13[2mms[22m[39m
release	UNKNOWN STEP	2025-10-28T20:31:40.8288694Z  [32mâœ“[39m src/utils/textUtils.test.ts [2m([22m[2m12 tests[22m[2m)[22m[32m 7[2mms[22m[39m
release	UNKNOWN STEP	2025-10-28T20:31:41.1458395Z  [32mâœ“[39m src/config/models.test.ts [2m([22m[2m9 tests[22m[2m)[22m[32m 6[2mms[22m[39m
release	UNKNOWN STEP	2025-10-28T20:31:41.4207380Z  [32mâœ“[39m src/routing/strategies/fallbackStrategy.test.ts [2m([22m[2m4 tests[22m[2m)[22m[32m 7[2mms[22m[39m
release	UNKNOWN STEP	2025-10-28T20:31:41.4513719Z  [32mâœ“[39m src/config/flashFallback.test.ts [2m([22m[2m6 tests[22m[2m)[22m[32m 9[2mms[22m[39m
release	UNKNOWN STEP	2025-10-28T20:31:41.7011211Z  [32mâœ“[39m src/utils/thoughtUtils.test.ts [2m([22m[2m11 tests[22m[2m)[22m[32m 7[2mms[22m[39m
release	UNKNOWN STEP	2025-10-28T20:31:41.7872597Z  [32mâœ“[39m src/utils/safeJsonStringify.test.ts [2m([22m[2m8 tests[22m[2m)[22m[32m 6[2mms[22m[39m
release	UNKNOWN STEP	2025-10-28T20:31:42.0917615Z  [32mâœ“[39m src/utils/geminiIgnoreParser.test.ts [2m([22m[2m2 tests[22m[2m)[22m[32m 16[2mms[22m[39m
release	UNKNOWN STEP	2025-10-28T20:31:42.3506620Z  [32mâœ“[39m src/utils/tool-utils.test.ts [2m([22m[2m8 tests[22m[2m)[22m[32m 6[2mms[22m[39m
release	UNKNOWN STEP	2025-10-28T20:31:42.4296171Z  [32mâœ“[39m src/config/storage.test.ts [2m([22m[2m6 tests[22m[2m)[22m[32m 6[2mms[22m[39m
release	UNKNOWN STEP	2025-10-28T20:31:42.6900026Z  [32mâœ“[39m src/routing/strategies/overrideStrategy.test.ts [2m([22m[2m3 tests[22m[2m)[22m[32m 7[2mms[22m[39m
release	UNKNOWN STEP	2025-10-28T20:31:43.0042170Z  [32mâœ“[39m src/utils/filesearch/result-cache.test.ts [2m([22m[2m3 tests[22m[2m)[22m[32m 6[2mms[22m[39m
release	UNKNOWN STEP	2025-10-28T20:31:43.3433366Z  [32mâœ“[39m src/services/fileSystemService.test.ts [2m([22m[2m3 tests[22m[2m)[22m[32m 13[2mms[22m[39m
release	UNKNOWN STEP	2025-10-28T20:31:43.6175536Z  [32mâœ“[39m src/telemetry/telemetry-utils.test.ts [2m([22m[2m6 tests[22m[2m)[22m[32m 4[2mms[22m[39m
release	UNKNOWN STEP	2025-10-28T20:31:43.8965727Z  [32mâœ“[39m src/routing/strategies/defaultStrategy.test.ts [2m([22m[2m1 test[22m[2m)[22m[32m 4[2mms[22m[39m
release	UNKNOWN STEP	2025-10-28T20:31:44.1420358Z  [32mâœ“[39m src/utils/formatters.test.ts [2m([22m[2m4 tests[22m[2m)[22m[32m 4[2mms[22m[39m
release	UNKNOWN STEP	2025-10-28T20:31:44.2307029Z  [32mâœ“[39m src/tools/mcp-client-manager.test.ts [2m([22m[2m2 tests[22m[2m)[22m[32m 8[2mms[22m[39m
release	UNKNOWN STEP	2025-10-28T20:31:44.3998464Z  [32mâœ“[39m src/commands/extensions.test.ts [2m([22m[2m1 test[22m[2m)[22m[32m 7[2mms[22m[39m
release	UNKNOWN STEP	2025-10-28T20:31:44.5736008Z  [32mâœ“[39m src/index.test.ts [2m([22m[2m1 test[22m[2m)[22m[32m 4[2mms[22m[39m
release	UNKNOWN STEP	2025-10-28T20:31:44.8560015Z  [32mâœ“[39m src/telemetry/telemetry.test.ts [2m([22m[2m2 tests[22m[2m)[22m[32m 17[2mms[22m[39m
release	UNKNOWN STEP	2025-10-28T20:31:47.7832948Z 
release	UNKNOWN STEP	2025-10-28T20:31:47.7853658Z [2m  Snapshots [22m [1m[33m4 obsolete[39m[22m
release	UNKNOWN STEP	2025-10-28T20:31:47.7854608Z [2m            [22m [90mâ†³[39m [2msrc/core/[22m[1mprompts[22m[2m.test.ts[22m
release	UNKNOWN STEP	2025-10-28T20:31:47.7855985Z [2m            [22m   [90mÂ·[39m Core System Prompt (prompts.ts) > should return the base prompt when 'no userMemory is provided' 1
release	UNKNOWN STEP	2025-10-28T20:31:47.7858004Z [2m            [22m   [90mÂ·[39m Core System Prompt (prompts.ts) > should return the base prompt when 'userMemory is empty string' 1
release	UNKNOWN STEP	2025-10-28T20:31:47.7859550Z [2m            [22m   [90mÂ·[39m Core System Prompt (prompts.ts) > should return the base prompt when 'userMemory is whitespace only' 1
release	UNKNOWN STEP	2025-10-28T20:31:47.7863287Z [2m            [22m   [90mÂ·[39m Core System Prompt (prompts.ts) > should return the base prompt when no userMemory is provided 1
release	UNKNOWN STEP	2025-10-28T20:31:47.7863947Z 
release	UNKNOWN STEP	2025-10-28T20:31:47.7864436Z [2m Test Files [22m [1m[32m140 passed[39m[22m[90m (140)[39m
release	UNKNOWN STEP	2025-10-28T20:31:47.7868644Z [2m      Tests [22m [1m[32m2722 passed[39m[22m[2m | [22m[33m21 skipped[39m[90m (2743)[39m
release	UNKNOWN STEP	2025-10-28T20:31:47.7869403Z [2m   Start at [22m 20:30:49
release	UNKNOWN STEP	2025-10-28T20:31:47.7880116Z [2m   Duration [22m 58.47s[2m (transform 5.05s, setup 501ms, collect 98.04s, tests 20.15s, environment 44ms, prepare 14.37s)[22m
release	UNKNOWN STEP	2025-10-28T20:31:47.7881045Z 
release	UNKNOWN STEP	2025-10-28T20:31:48.2411817Z JUNIT report written to /home/runner/work/gemini-cli/gemini-cli/release/packages/core/junit.xml
release	UNKNOWN STEP	2025-10-28T20:31:48.2436444Z [34m % [39m[2mCoverage report from [22m[33mv8[39m
release	UNKNOWN STEP	2025-10-28T20:31:48.8154423Z 
release	UNKNOWN STEP	2025-10-28T20:31:48.8155235Z > gemini-cli-vscode-ide-companion@0.12.0-nightly.20251022.0542de95 test:ci
release	UNKNOWN STEP	2025-10-28T20:31:48.8155857Z > vitest run --coverage
release	UNKNOWN STEP	2025-10-28T20:31:48.8156016Z 
release	UNKNOWN STEP	2025-10-28T20:31:49.2375268Z 
release	UNKNOWN STEP	2025-10-28T20:31:49.2380876Z [1m[46m RUN [49m[22m [36mv3.2.4 [39m[90m/home/runner/work/gemini-cli/gemini-cli/release/packages/vscode-ide-companion[39m
release	UNKNOWN STEP	2025-10-28T20:31:49.2382080Z       [2mCoverage enabled with [22m[33mv8[39m
release	UNKNOWN STEP	2025-10-28T20:31:49.2382417Z 
release	UNKNOWN STEP	2025-10-28T20:31:49.7099728Z  [32mâœ“[39m src/open-files-manager.test.ts [2m([22m[2m17 tests[22m[2m)[22m[32m 33[2mms[22m[39m
release	UNKNOWN STEP	2025-10-28T20:31:50.0693231Z  [32mâœ“[39m src/ide-server.test.ts [2m([22m[2m13 tests[22m[2m | [22m[33m1 skipped[39m[2m)[22m[32m 142[2mms[22m[39m
release	UNKNOWN STEP	2025-10-28T20:31:50.1076357Z  [32mâœ“[39m src/extension.test.ts [2m([22m[2m11 tests[22m[2m)[22m[32m 113[2mms[22m[39m
release	UNKNOWN STEP	2025-10-28T20:31:50.3222344Z 
release	UNKNOWN STEP	2025-10-28T20:31:50.3227072Z [2m Test Files [22m [1m[32m3 passed[39m[22m[90m (3)[39m
release	UNKNOWN STEP	2025-10-28T20:31:50.3229360Z [2m      Tests [22m [1m[32m40 passed[39m[22m[2m | [22m[33m1 skipped[39m[90m (41)[39m
release	UNKNOWN STEP	2025-10-28T20:31:50.3230132Z [2m   Start at [22m 20:31:49
release	UNKNOWN STEP	2025-10-28T20:31:50.3234408Z [2m   Duration [22m 1.08s[2m (transform 435ms, setup 0ms, collect 1.08s, tests 288ms, environment 1ms, prepare 316ms)[22m
release	UNKNOWN STEP	2025-10-28T20:31:50.3235050Z 
release	UNKNOWN STEP	2025-10-28T20:31:50.3249943Z [34m % [39m[2mCoverage report from [22m[33mv8[39m
release	UNKNOWN STEP	2025-10-28T20:31:50.3306863Z -------------------|---------|----------|---------|---------|-------------------
release	UNKNOWN STEP	2025-10-28T20:31:50.3307841Z File               | % Stmts | % Branch | % Funcs | % Lines | Uncovered Line #s 
release	UNKNOWN STEP	2025-10-28T20:31:50.3308765Z -------------------|---------|----------|---------|---------|-------------------
release	UNKNOWN STEP	2025-10-28T20:31:50.3315261Z All files          |      48 |    76.63 |    55.1 |      48 |                   
release	UNKNOWN STEP	2025-10-28T20:31:50.3315997Z  ...-ide-companion |       0 |        0 |       0 |       0 |                   
release	UNKNOWN STEP	2025-10-28T20:31:50.3317843Z   esbuild.js       |       0 |        0 |       0 |       0 | 1-69              
release	UNKNOWN STEP	2025-10-28T20:31:50.3318546Z  ...panion/scripts |       0 |        0 |       0 |       0 |                   
release	UNKNOWN STEP	2025-10-28T20:31:50.3320161Z   ...de-release.js |       0 |        0 |       0 |       0 | 1-99              
release	UNKNOWN STEP	2025-10-28T20:31:50.3321505Z   ...te-notices.js |       0 |        0 |       0 |       0 | 1-160             
release	UNKNOWN STEP	2025-10-28T20:31:50.3322185Z  ...-companion/src |   61.57 |     79.2 |   57.77 |   61.57 |                   
release	UNKNOWN STEP	2025-10-28T20:31:50.3323439Z   diff-manager.ts  |   23.38 |       80 |      25 |   23.38 | ...37-238,241-266 
release	UNKNOWN STEP	2025-10-28T20:31:50.3325126Z   extension.ts     |   67.19 |       80 |      50 |   67.19 | ...04-208,213-227 
release	UNKNOWN STEP	2025-10-28T20:31:50.3327941Z   ide-server.ts    |   66.19 |    74.46 |   68.75 |   66.19 | ...60-463,472-489 
release	UNKNOWN STEP	2025-10-28T20:31:50.3329302Z   ...es-manager.ts |   94.36 |    85.29 |     100 |   94.36 | ...88,146-147,154 
release	UNKNOWN STEP	2025-10-28T20:31:50.3329983Z  ...nion/src/utils |   88.23 |    66.66 |     100 |   88.23 |                   
release	UNKNOWN STEP	2025-10-28T20:31:50.3330807Z   logger.ts        |   88.23 |    66.66 |     100 |   88.23 | 21-22             
release	UNKNOWN STEP	2025-10-28T20:31:50.3331513Z -------------------|---------|----------|---------|---------|-------------------
release	UNKNOWN STEP	2025-10-28T20:31:50.5287167Z 
release	UNKNOWN STEP	2025-10-28T20:31:50.5287805Z > @google/gemini-cli@0.12.0-nightly.20251022.0542de95 test:scripts
release	UNKNOWN STEP	2025-10-28T20:31:50.5288385Z > vitest run --config ./scripts/tests/vitest.config.ts
release	UNKNOWN STEP	2025-10-28T20:31:50.5288639Z 
release	UNKNOWN STEP	2025-10-28T20:31:50.8569176Z 
release	UNKNOWN STEP	2025-10-28T20:31:50.8571647Z [1m[46m RUN [49m[22m [36mv3.2.4 [39m[90m/home/runner/work/gemini-cli/gemini-cli/release[39m
release	UNKNOWN STEP	2025-10-28T20:31:50.8572097Z 
release	UNKNOWN STEP	2025-10-28T20:31:51.2580671Z [90mstderr[2m | scripts/tests/get-release-version.test.js[2m > [22m[2mgetVersion[2m > [22m[2mAdvanced Scenarios[2m > [22m[2mshould ignore a deprecated version and use the next highest
release	UNKNOWN STEP	2025-10-28T20:31:51.2582469Z [22m[39mIgnoring deprecated version: 0.9.0-nightly.20250917.deprecated
release	UNKNOWN STEP	2025-10-28T20:31:51.2582964Z 
release	UNKNOWN STEP	2025-10-28T20:31:51.2584785Z [90mstderr[2m | scripts/tests/get-release-version.test.js[2m > [22m[2mgetVersion[2m > [22m[2mAdvanced Scenarios[2m > [22m[2mshould auto-increment patch version if the calculated one already exists
release	UNKNOWN STEP	2025-10-28T20:31:51.2588930Z [22m[39mGit tag v0.7.0 already exists.
release	UNKNOWN STEP	2025-10-28T20:31:51.2590970Z Version 0.7.0 exists, incrementing.
release	UNKNOWN STEP	2025-10-28T20:31:51.2591272Z 
release	UNKNOWN STEP	2025-10-28T20:31:51.2592931Z [90mstderr[2m | scripts/tests/get-release-version.test.js[2m > [22m[2mgetVersion[2m > [22m[2mAdvanced Scenarios[2m > [22m[2mshould auto-increment preview number if the calculated one already exists
release	UNKNOWN STEP	2025-10-28T20:31:51.2610686Z [22m[39mVersion 0.8.0-preview.0 already exists on NPM.
release	UNKNOWN STEP	2025-10-28T20:31:51.2613355Z Version 0.8.0-preview.0 exists, incrementing.
release	UNKNOWN STEP	2025-10-28T20:31:51.2613729Z 
release	UNKNOWN STEP	2025-10-28T20:31:51.2616852Z  [32mâœ“[39m scripts/tests/get-release-version.test.js [2m([22m[2m8 tests[22m[2m)[22m[32m 29[2mms[22m[39m
release	UNKNOWN STEP	2025-10-28T20:31:52.1766806Z  [32mâœ“[39m scripts/tests/patch-create-comment.test.js [2m([22m[2m15 tests[22m[2m)[22m[33m 1024[2mms[22m[39m
release	UNKNOWN STEP	2025-10-28T20:31:52.1870893Z 
release	UNKNOWN STEP	2025-10-28T20:31:52.1875639Z [2m Test Files [22m [1m[32m2 passed[39m[22m[90m (2)[39m
release	UNKNOWN STEP	2025-10-28T20:31:52.1876997Z [2m      Tests [22m [1m[32m23 passed[39m[22m[90m (23)[39m
release	UNKNOWN STEP	2025-10-28T20:31:52.1877763Z [2m   Start at [22m 20:31:50
release	UNKNOWN STEP	2025-10-28T20:31:52.1879791Z [2m   Duration [22m 1.33s[2m (transform 117ms, setup 30ms, collect 213ms, tests 1.05s, environment 0ms, prepare 154ms)[22m
release	UNKNOWN STEP	2025-10-28T20:31:52.1880714Z 
release	UNKNOWN STEP	2025-10-28T20:31:52.2927774Z ##[endgroup]
release	UNKNOWN STEP	2025-10-28T20:31:52.2928398Z ##[group]Integration Tests (no sandbox)
release	UNKNOWN STEP	2025-10-28T20:31:52.4207591Z 
release	UNKNOWN STEP	2025-10-28T20:31:52.4208446Z > @google/gemini-cli@0.12.0-nightly.20251022.0542de95 test:integration:sandbox:none
release	UNKNOWN STEP	2025-10-28T20:31:52.4209273Z > cross-env GEMINI_SANDBOX=false vitest run --root ./integration-tests
release	UNKNOWN STEP	2025-10-28T20:31:52.4209600Z 
release	UNKNOWN STEP	2025-10-28T20:31:52.7491564Z 
release	UNKNOWN STEP	2025-10-28T20:31:52.7494395Z [1m[46m RUN [49m[22m [36mv3.2.4 [39m[90m/home/runner/work/gemini-cli/gemini-cli/release/integration-tests[39m
release	UNKNOWN STEP	2025-10-28T20:31:52.7495108Z 
release	UNKNOWN STEP	2025-10-28T20:31:52.7933662Z 
release	UNKNOWN STEP	2025-10-28T20:31:52.7934883Z Integration test output directory: /home/runner/work/gemini-cli/gemini-cli/release/.integration-tests/1761683512792
release	UNKNOWN STEP	2025-10-28T20:31:55.0481995Z [90mstderr[2m | run_shell_command.test.ts
release	UNKNOWN STEP	2025-10-28T20:31:55.0551996Z [22m[39mCurrent logger will be overwritten from Error: 
release	UNKNOWN STEP	2025-10-28T20:31:55.0553304Z     at DiagAPI.setLogger (/home/runner/work/gemini-cli/gemini-cli/release/node_modules/@opentelemetry/api/src/api/diag.ts:97:23)
release	UNKNOWN STEP	2025-10-28T20:31:55.0555005Z     at /home/runner/work/gemini-cli/gemini-cli/release/packages/core/src/telemetry/sdk.ts:49:6
release	UNKNOWN STEP	2025-10-28T20:31:55.0556058Z     at processTicksAndRejections (node:internal/process/task_queues:95:5)
release	UNKNOWN STEP	2025-10-28T20:31:55.0557401Z     at VitestExecutor.runModule (file:///home/runner/work/gemini-cli/gemini-cli/release/node_modules/vite-node/dist/client.mjs:397:4)
release	UNKNOWN STEP	2025-10-28T20:31:55.0558997Z     at VitestExecutor.directRequest (file:///home/runner/work/gemini-cli/gemini-cli/release/node_modules/vite-node/dist/client.mjs:375:3)
release	UNKNOWN STEP	2025-10-28T20:31:55.0560801Z     at VitestExecutor.cachedRequest (file:///home/runner/work/gemini-cli/gemini-cli/release/node_modules/vite-node/dist/client.mjs:189:11)
release	UNKNOWN STEP	2025-10-28T20:31:55.0562571Z     at VitestExecutor.dependencyRequest (file:///home/runner/work/gemini-cli/gemini-cli/release/node_modules/vite-node/dist/client.mjs:239:10)
release	UNKNOWN STEP	2025-10-28T20:31:55.0564159Z     at /home/runner/work/gemini-cli/gemini-cli/release/packages/core/src/telemetry/loggers.ts:67:1
release	UNKNOWN STEP	2025-10-28T20:31:55.0565831Z     at VitestExecutor.runModule (file:///home/runner/work/gemini-cli/gemini-cli/release/node_modules/vite-node/dist/client.mjs:397:4)
release	UNKNOWN STEP	2025-10-28T20:31:55.0567658Z     at VitestExecutor.directRequest (file:///home/runner/work/gemini-cli/gemini-cli/release/node_modules/vite-node/dist/client.mjs:375:3)
release	UNKNOWN STEP	2025-10-28T20:31:55.0569127Z Current logger will overwrite one already registered from Error: 
release	UNKNOWN STEP	2025-10-28T20:31:55.0695137Z     at DiagAPI.setLogger (/home/runner/work/gemini-cli/gemini-cli/release/node_modules/@opentelemetry/api/src/api/diag.ts:97:23)
release	UNKNOWN STEP	2025-10-28T20:31:55.0696740Z     at /home/runner/work/gemini-cli/gemini-cli/release/packages/core/src/telemetry/sdk.ts:49:6
release	UNKNOWN STEP	2025-10-28T20:31:55.0697727Z     at processTicksAndRejections (node:internal/process/task_queues:95:5)
release	UNKNOWN STEP	2025-10-28T20:31:55.0699004Z     at VitestExecutor.runModule (file:///home/runner/work/gemini-cli/gemini-cli/release/node_modules/vite-node/dist/client.mjs:397:4)
release	UNKNOWN STEP	2025-10-28T20:31:55.0700807Z     at VitestExecutor.directRequest (file:///home/runner/work/gemini-cli/gemini-cli/release/node_modules/vite-node/dist/client.mjs:375:3)
release	UNKNOWN STEP	2025-10-28T20:31:55.0702553Z     at VitestExecutor.cachedRequest (file:///home/runner/work/gemini-cli/gemini-cli/release/node_modules/vite-node/dist/client.mjs:189:11)
release	UNKNOWN STEP	2025-10-28T20:31:55.0704298Z     at VitestExecutor.dependencyRequest (file:///home/runner/work/gemini-cli/gemini-cli/release/node_modules/vite-node/dist/client.mjs:239:10)
release	UNKNOWN STEP	2025-10-28T20:31:55.0705743Z     at /home/runner/work/gemini-cli/gemini-cli/release/packages/core/src/telemetry/loggers.ts:67:1
release	UNKNOWN STEP	2025-10-28T20:31:55.0707462Z     at VitestExecutor.runModule (file:///home/runner/work/gemini-cli/gemini-cli/release/node_modules/vite-node/dist/client.mjs:397:4)
release	UNKNOWN STEP	2025-10-28T20:31:55.0709180Z     at VitestExecutor.directRequest (file:///home/runner/work/gemini-cli/gemini-cli/release/node_modules/vite-node/dist/client.mjs:375:3)
release	UNKNOWN STEP	2025-10-28T20:31:55.0710034Z 
release	UNKNOWN STEP	2025-10-28T20:32:08.3913239Z  [31mâ¯[39m simple-mcp-server.test.ts [2m([22m[2m1 test[22m[2m | [22m[31m1 failed[39m[2m)[22m[33m 15229[2mms[22m[39m
release	UNKNOWN STEP	2025-10-28T20:32:08.3915432Z [31m   [31mÃ—[31m simple-mcp-server[2m > [22mshould add two numbers[39m[33m 15224[2mms[22m[39m[33m (retry x2)[39m
release	UNKNOWN STEP	2025-10-28T20:32:08.3917274Z [31m     â†’ Process exited with code 1:
release	UNKNOWN STEP	2025-10-28T20:32:08.3918051Z YOLO mode is enabled. All tool calls will be automatically approved.
release	UNKNOWN STEP	2025-10-28T20:32:08.3919247Z GEMINI_API_KEY not found. Find your existing key or generate a new one at: https://aistudio.google.com/apikey
release	UNKNOWN STEP	2025-10-28T20:32:08.3919913Z 
release	UNKNOWN STEP	2025-10-28T20:32:08.3920695Z To continue, please set the GEMINI_API_KEY environment variable or add it to a .env file.
release	UNKNOWN STEP	2025-10-28T20:32:08.3921410Z [39m
release	UNKNOWN STEP	2025-10-28T20:32:08.3921885Z [31m     â†’ Process exited with code 1:
release	UNKNOWN STEP	2025-10-28T20:32:08.3922584Z YOLO mode is enabled. All tool calls will be automatically approved.
release	UNKNOWN STEP	2025-10-28T20:32:08.3923551Z GEMINI_API_KEY not found. Find your existing key or generate a new one at: https://aistudio.google.com/apikey
release	UNKNOWN STEP	2025-10-28T20:32:08.3924542Z 
release	UNKNOWN STEP	2025-10-28T20:32:08.3925063Z To continue, please set the GEMINI_API_KEY environment variable or add it to a .env file.
release	UNKNOWN STEP	2025-10-28T20:32:08.3925678Z [39m
release	UNKNOWN STEP	2025-10-28T20:32:08.3926132Z [31m     â†’ Process exited with code 1:
release	UNKNOWN STEP	2025-10-28T20:32:08.3926818Z YOLO mode is enabled. All tool calls will be automatically approved.
release	UNKNOWN STEP	2025-10-28T20:32:08.3927922Z GEMINI_API_KEY not found. Find your existing key or generate a new one at: https://aistudio.google.com/apikey
release	UNKNOWN STEP	2025-10-28T20:32:08.3928569Z 
release	UNKNOWN STEP	2025-10-28T20:32:08.3929121Z To continue, please set the GEMINI_API_KEY environment variable or add it to a .env file.
release	UNKNOWN STEP	2025-10-28T20:32:08.3929841Z [39m
release	UNKNOWN STEP	2025-10-28T20:32:59.8692562Z  [31mâ¯[39m file-system.test.ts [2m([22m[2m6 tests[22m[2m | [22m[31m5 failed[39m[2m | [22m[33m1 skipped[39m[2m)[22m[33m 66707[2mms[22m[39m
release	UNKNOWN STEP	2025-10-28T20:32:59.8694441Z [31m   [31mÃ—[31m file-system[2m > [22mshould be able to read a file[39m[33m 15582[2mms[22m[39m[33m (retry x2)[39m
release	UNKNOWN STEP	2025-10-28T20:32:59.8695533Z [31m     â†’ Process exited with code 1:
release	UNKNOWN STEP	2025-10-28T20:32:59.8696285Z YOLO mode is enabled. All tool calls will be automatically approved.
release	UNKNOWN STEP	2025-10-28T20:32:59.8697473Z GEMINI_API_KEY not found. Find your existing key or generate a new one at: https://aistudio.google.com/apikey
release	UNKNOWN STEP	2025-10-28T20:32:59.8697936Z 
release	UNKNOWN STEP	2025-10-28T20:32:59.8698278Z To continue, please set the GEMINI_API_KEY environment variable or add it to a .env file.
release	UNKNOWN STEP	2025-10-28T20:32:59.8698721Z [39m
release	UNKNOWN STEP	2025-10-28T20:32:59.8698995Z [31m     â†’ Process exited with code 1:
release	UNKNOWN STEP	2025-10-28T20:32:59.8699442Z YOLO mode is enabled. All tool calls will be automatically approved.
release	UNKNOWN STEP	2025-10-28T20:32:59.8700076Z GEMINI_API_KEY not found. Find your existing key or generate a new one at: https://aistudio.google.com/apikey
release	UNKNOWN STEP	2025-10-28T20:32:59.8700673Z 
release	UNKNOWN STEP	2025-10-28T20:32:59.8701031Z To continue, please set the GEMINI_API_KEY environment variable or add it to a .env file.
release	UNKNOWN STEP	2025-10-28T20:32:59.8701440Z [39m
release	UNKNOWN STEP	2025-10-28T20:32:59.8701695Z [31m     â†’ Process exited with code 1:
release	UNKNOWN STEP	2025-10-28T20:32:59.8702106Z YOLO mode is enabled. All tool calls will be automatically approved.
release	UNKNOWN STEP	2025-10-28T20:32:59.8702742Z GEMINI_API_KEY not found. Find your existing key or generate a new one at: https://aistudio.google.com/apikey
release	UNKNOWN STEP	2025-10-28T20:32:59.8703111Z 
release	UNKNOWN STEP	2025-10-28T20:32:59.8703412Z To continue, please set the GEMINI_API_KEY environment variable or add it to a .env file.
release	UNKNOWN STEP	2025-10-28T20:32:59.8703793Z [39m
release	UNKNOWN STEP	2025-10-28T20:32:59.8704376Z [31m   [31mÃ—[31m file-system[2m > [22mshould be able to write a file[39m[33m 13263[2mms[22m[39m[33m (retry x2)[39m
release	UNKNOWN STEP	2025-10-28T20:32:59.8705330Z [31m     â†’ Process exited with code 1:
release	UNKNOWN STEP	2025-10-28T20:32:59.8705738Z YOLO mode is enabled. All tool calls will be automatically approved.
release	UNKNOWN STEP	2025-10-28T20:32:59.8706360Z GEMINI_API_KEY not found. Find your existing key or generate a new one at: https://aistudio.google.com/apikey
release	UNKNOWN STEP	2025-10-28T20:32:59.8706721Z 
release	UNKNOWN STEP	2025-10-28T20:32:59.8707024Z To continue, please set the GEMINI_API_KEY environment variable or add it to a .env file.
release	UNKNOWN STEP	2025-10-28T20:32:59.8707420Z [39m
release	UNKNOWN STEP	2025-10-28T20:32:59.8707661Z [31m     â†’ Process exited with code 1:
release	UNKNOWN STEP	2025-10-28T20:32:59.8708107Z YOLO mode is enabled. All tool calls will be automatically approved.
release	UNKNOWN STEP	2025-10-28T20:32:59.8709245Z GEMINI_API_KEY not found. Find your existing key or generate a new one at: https://aistudio.google.com/apikey
release	UNKNOWN STEP	2025-10-28T20:32:59.8709911Z 
release	UNKNOWN STEP	2025-10-28T20:32:59.8710620Z To continue, please set the GEMINI_API_KEY environment variable or add it to a .env file.
release	UNKNOWN STEP	2025-10-28T20:32:59.8711393Z [39m
release	UNKNOWN STEP	2025-10-28T20:32:59.8711911Z [31m     â†’ Process exited with code 1:
release	UNKNOWN STEP	2025-10-28T20:32:59.8712449Z YOLO mode is enabled. All tool calls will be automatically approved.
release	UNKNOWN STEP	2025-10-28T20:32:59.8713091Z GEMINI_API_KEY not found. Find your existing key or generate a new one at: https://aistudio.google.com/apikey
release	UNKNOWN STEP	2025-10-28T20:32:59.8713453Z 
release	UNKNOWN STEP	2025-10-28T20:32:59.8713753Z To continue, please set the GEMINI_API_KEY environment variable or add it to a .env file.
release	UNKNOWN STEP	2025-10-28T20:32:59.8714450Z [39m
release	UNKNOWN STEP	2025-10-28T20:32:59.8715188Z [31m   [31mÃ—[31m file-system[2m > [22mshould correctly handle file paths with spaces[39m[33m 12345[2mms[22m[39m[33m (retry x2)[39m
release	UNKNOWN STEP	2025-10-28T20:32:59.8716260Z [31m     â†’ Process exited with code 1:
release	UNKNOWN STEP	2025-10-28T20:32:59.8717021Z YOLO mode is enabled. All tool calls will be automatically approved.
release	UNKNOWN STEP	2025-10-28T20:32:59.8718211Z GEMINI_API_KEY not found. Find your existing key or generate a new one at: https://aistudio.google.com/apikey
release	UNKNOWN STEP	2025-10-28T20:32:59.8718794Z 
release	UNKNOWN STEP	2025-10-28T20:32:59.8719118Z To continue, please set the GEMINI_API_KEY environment variable or add it to a .env file.
release	UNKNOWN STEP	2025-10-28T20:32:59.8719575Z [39m
release	UNKNOWN STEP	2025-10-28T20:32:59.8719842Z [31m     â†’ Process exited with code 1:
release	UNKNOWN STEP	2025-10-28T20:32:59.8720226Z YOLO mode is enabled. All tool calls will be automatically approved.
release	UNKNOWN STEP	2025-10-28T20:32:59.8721817Z GEMINI_API_KEY not found. Find your existing key or generate a new one at: https://aistudio.google.com/apikey
release	UNKNOWN STEP	2025-10-28T20:32:59.8722410Z 
release	UNKNOWN STEP	2025-10-28T20:32:59.8722785Z To continue, please set the GEMINI_API_KEY environment variable or add it to a .env file.
release	UNKNOWN STEP	2025-10-28T20:32:59.8723192Z [39m
release	UNKNOWN STEP	2025-10-28T20:32:59.8723453Z [31m     â†’ Process exited with code 1:
release	UNKNOWN STEP	2025-10-28T20:32:59.8723846Z YOLO mode is enabled. All tool calls will be automatically approved.
release	UNKNOWN STEP	2025-10-28T20:32:59.8724466Z GEMINI_API_KEY not found. Find your existing key or generate a new one at: https://aistudio.google.com/apikey
release	UNKNOWN STEP	2025-10-28T20:32:59.8724829Z 
release	UNKNOWN STEP	2025-10-28T20:32:59.8725127Z To continue, please set the GEMINI_API_KEY environment variable or add it to a .env file.
release	UNKNOWN STEP	2025-10-28T20:32:59.8725503Z [39m
release	UNKNOWN STEP	2025-10-28T20:32:59.8726152Z [31m   [31mÃ—[31m file-system[2m > [22mshould perform a read-then-write sequence[39m[33m 13341[2mms[22m[39m[33m (retry x2)[39m
release	UNKNOWN STEP	2025-10-28T20:32:59.8726730Z [31m     â†’ Process exited with code 1:
release	UNKNOWN STEP	2025-10-28T20:32:59.8727121Z YOLO mode is enabled. All tool calls will be automatically approved.
release	UNKNOWN STEP	2025-10-28T20:32:59.8727748Z GEMINI_API_KEY not found. Find your existing key or generate a new one at: https://aistudio.google.com/apikey
release	UNKNOWN STEP	2025-10-28T20:32:59.8728117Z 
release	UNKNOWN STEP	2025-10-28T20:32:59.8728421Z To continue, please set the GEMINI_API_KEY environment variable or add it to a .env file.
release	UNKNOWN STEP	2025-10-28T20:32:59.8728796Z [39m
release	UNKNOWN STEP	2025-10-28T20:32:59.8729044Z [31m     â†’ Process exited with code 1:
release	UNKNOWN STEP	2025-10-28T20:32:59.8729425Z YOLO mode is enabled. All tool calls will be automatically approved.
release	UNKNOWN STEP	2025-10-28T20:32:59.8730032Z GEMINI_API_KEY not found. Find your existing key or generate a new one at: https://aistudio.google.com/apikey
release	UNKNOWN STEP	2025-10-28T20:32:59.8730393Z 
release	UNKNOWN STEP	2025-10-28T20:32:59.8731180Z To continue, please set the GEMINI_API_KEY environment variable or add it to a .env file.
release	UNKNOWN STEP	2025-10-28T20:32:59.8731599Z [39m
release	UNKNOWN STEP	2025-10-28T20:32:59.8731867Z [31m     â†’ Process exited with code 1:
release	UNKNOWN STEP	2025-10-28T20:32:59.8732250Z YOLO mode is enabled. All tool calls will be automatically approved.
release	UNKNOWN STEP	2025-10-28T20:32:59.8732859Z GEMINI_API_KEY not found. Find your existing key or generate a new one at: https://aistudio.google.com/apikey
release	UNKNOWN STEP	2025-10-28T20:32:59.8733225Z 
release	UNKNOWN STEP	2025-10-28T20:32:59.8733516Z To continue, please set the GEMINI_API_KEY environment variable or add it to a .env file.
release	UNKNOWN STEP	2025-10-28T20:32:59.8733890Z [39m
release	UNKNOWN STEP	2025-10-28T20:32:59.8734293Z    [2m[90mâ†“[39m[22m file-system[2m > [22mshould replace multiple instances of a string
release	UNKNOWN STEP	2025-10-28T20:32:59.8735159Z [31m   [31mÃ—[31m file-system[2m > [22mshould fail safely when trying to edit a non-existent file[39m[33m 12173[2mms[22m[39m[33m (retry x2)[39m
release	UNKNOWN STEP	2025-10-28T20:32:59.8735744Z [31m     â†’ Process exited with code 1:
release	UNKNOWN STEP	2025-10-28T20:32:59.8736131Z YOLO mode is enabled. All tool calls will be automatically approved.
release	UNKNOWN STEP	2025-10-28T20:32:59.8736739Z GEMINI_API_KEY not found. Find your existing key or generate a new one at: https://aistudio.google.com/apikey
release	UNKNOWN STEP	2025-10-28T20:32:59.8737102Z 
release	UNKNOWN STEP	2025-10-28T20:32:59.8737394Z To continue, please set the GEMINI_API_KEY environment variable or add it to a .env file.
release	UNKNOWN STEP	2025-10-28T20:32:59.8737767Z [39m
release	UNKNOWN STEP	2025-10-28T20:32:59.8738171Z [31m     â†’ Process exited with code 1:
release	UNKNOWN STEP	2025-10-28T20:32:59.8738550Z YOLO mode is enabled. All tool calls will be automatically approved.
release	UNKNOWN STEP	2025-10-28T20:32:59.8739152Z GEMINI_API_KEY not found. Find your existing key or generate a new one at: https://aistudio.google.com/apikey
release	UNKNOWN STEP	2025-10-28T20:32:59.8739512Z 
release	UNKNOWN STEP	2025-10-28T20:32:59.8739805Z To continue, please set the GEMINI_API_KEY environment variable or add it to a .env file.
release	UNKNOWN STEP	2025-10-28T20:32:59.8740175Z [39m
release	UNKNOWN STEP	2025-10-28T20:32:59.8740411Z [31m     â†’ Process exited with code 1:
release	UNKNOWN STEP	2025-10-28T20:32:59.8741012Z YOLO mode is enabled. All tool calls will be automatically approved.
release	UNKNOWN STEP	2025-10-28T20:32:59.8741629Z GEMINI_API_KEY not found. Find your existing key or generate a new one at: https://aistudio.google.com/apikey
release	UNKNOWN STEP	2025-10-28T20:32:59.8741984Z 
release	UNKNOWN STEP	2025-10-28T20:32:59.8742276Z To continue, please set the GEMINI_API_KEY environment variable or add it to a .env file.
release	UNKNOWN STEP	2025-10-28T20:32:59.8742655Z [39m
release	UNKNOWN STEP	2025-10-28T20:33:17.5747501Z  [31mâ¯[39m json-output.test.ts [2m([22m[2m3 tests[22m[2m | [22m[31m1 failed[39m[2m | [22m[33m1 skipped[39m[2m)[22m[33m 17484[2mms[22m[39m
release	UNKNOWN STEP	2025-10-28T20:33:17.5749485Z [31m   [31mÃ—[31m JSON output[2m > [22mshould return a valid JSON with response and stats[39m[33m 13208[2mms[22m[39m[33m (retry x2)[39m
release	UNKNOWN STEP	2025-10-28T20:33:17.5753380Z [31m     â†’ Process exited with code 1:
release	UNKNOWN STEP	2025-10-28T20:33:17.5754093Z YOLO mode is enabled. All tool calls will be automatically approved.
release	UNKNOWN STEP	2025-10-28T20:33:17.5754447Z {
release	UNKNOWN STEP	2025-10-28T20:33:17.5754624Z   "error": {
release	UNKNOWN STEP	2025-10-28T20:33:17.5754805Z     "type": "Error",
release	UNKNOWN STEP	2025-10-28T20:33:17.5755666Z     "message": "GEMINI_API_KEY not found. Find your existing key or generate a new one at: https://aistudio.google.com/apikey\n\nTo continue, please set the GEMINI_API_KEY environment variable or add it to a .env file.",
release	UNKNOWN STEP	2025-10-28T20:33:17.5756405Z     "code": 1
release	UNKNOWN STEP	2025-10-28T20:33:17.5756575Z   }
release	UNKNOWN STEP	2025-10-28T20:33:17.5756711Z }
release	UNKNOWN STEP	2025-10-28T20:33:17.5756915Z [39m
release	UNKNOWN STEP	2025-10-28T20:33:17.5757181Z [31m     â†’ Process exited with code 1:
release	UNKNOWN STEP	2025-10-28T20:33:17.5757578Z YOLO mode is enabled. All tool calls will be automatically approved.
release	UNKNOWN STEP	2025-10-28T20:33:17.5757880Z {
release	UNKNOWN STEP	2025-10-28T20:33:17.5758021Z   "error": {
release	UNKNOWN STEP	2025-10-28T20:33:17.5758188Z     "type": "Error",
release	UNKNOWN STEP	2025-10-28T20:33:17.5759002Z     "message": "GEMINI_API_KEY not found. Find your existing key or generate a new one at: https://aistudio.google.com/apikey\n\nTo continue, please set the GEMINI_API_KEY environment variable or add it to a .env file.",
release	UNKNOWN STEP	2025-10-28T20:33:17.5759711Z     "code": 1
release	UNKNOWN STEP	2025-10-28T20:33:17.5759861Z   }
release	UNKNOWN STEP	2025-10-28T20:33:17.5760000Z }
release	UNKNOWN STEP	2025-10-28T20:33:17.5760618Z [39m
release	UNKNOWN STEP	2025-10-28T20:33:17.5760956Z [31m     â†’ Process exited with code 1:
release	UNKNOWN STEP	2025-10-28T20:33:17.5761359Z YOLO mode is enabled. All tool calls will be automatically approved.
release	UNKNOWN STEP	2025-10-28T20:33:17.5761859Z {
release	UNKNOWN STEP	2025-10-28T20:33:17.5762119Z   "error": {
release	UNKNOWN STEP	2025-10-28T20:33:17.5762414Z     "type": "Error",
release	UNKNOWN STEP	2025-10-28T20:33:17.5763736Z     "message": "GEMINI_API_KEY not found. Find your existing key or generate a new one at: https://aistudio.google.com/apikey\n\nTo continue, please set the GEMINI_API_KEY environment variable or add it to a .env file.",
release	UNKNOWN STEP	2025-10-28T20:33:17.5765015Z     "code": 1
release	UNKNOWN STEP	2025-10-28T20:33:17.5765264Z   }
release	UNKNOWN STEP	2025-10-28T20:33:17.5765486Z }
release	UNKNOWN STEP	2025-10-28T20:33:17.5765782Z [39m
release	UNKNOWN STEP	2025-10-28T20:33:17.5766707Z    [33m[2mâœ“[22m[39m JSON output[2m > [22mshould return a JSON error for sd auth mismatch before running [33m 4274[2mms[22m[39m
release	UNKNOWN STEP	2025-10-28T20:33:17.5768044Z    [2m[90mâ†“[39m[22m JSON output[2m > [22mshould not exit on tool errors and allow model to self-correct in JSON mode
release	UNKNOWN STEP	2025-10-28T20:33:32.1627437Z  [31mâ¯[39m run_shell_command.test.ts [2m([22m[2m13 tests[22m[2m | [22m[31m8 failed[39m[2m | [22m[33m5 skipped[39m[2m)[22m[33m 94545[2mms[22m[39m
release	UNKNOWN STEP	2025-10-28T20:33:32.1629241Z [31m   [31mÃ—[31m run_shell_command[2m > [22mshould be able to run a shell command[39m[33m 14925[2mms[22m[39m[33m (retry x2)[39m
release	UNKNOWN STEP	2025-10-28T20:33:32.1630215Z [31m     â†’ Process exited with code 1:
release	UNKNOWN STEP	2025-10-28T20:33:32.1631508Z YOLO mode is enabled. All tool calls will be automatically approved.
release	UNKNOWN STEP	2025-10-28T20:33:32.1632632Z GEMINI_API_KEY not found. Find your existing key or generate a new one at: https://aistudio.google.com/apikey
release	UNKNOWN STEP	2025-10-28T20:33:32.1633262Z 
release	UNKNOWN STEP	2025-10-28T20:33:32.1633803Z To continue, please set the GEMINI_API_KEY environment variable or add it to a .env file.
release	UNKNOWN STEP	2025-10-28T20:33:32.1634473Z [39m
release	UNKNOWN STEP	2025-10-28T20:33:32.1634922Z [31m     â†’ Process exited with code 1:
release	UNKNOWN STEP	2025-10-28T20:33:32.1635592Z YOLO mode is enabled. All tool calls will be automatically approved.
release	UNKNOWN STEP	2025-10-28T20:33:32.1636706Z GEMINI_API_KEY not found. Find your existing key or generate a new one at: https://aistudio.google.com/apikey
release	UNKNOWN STEP	2025-10-28T20:33:32.1637335Z 
release	UNKNOWN STEP	2025-10-28T20:33:32.1637873Z To continue, please set the GEMINI_API_KEY environment variable or add it to a .env file.
release	UNKNOWN STEP	2025-10-28T20:33:32.1638522Z [39m
release	UNKNOWN STEP	2025-10-28T20:33:32.1638957Z [31m     â†’ Process exited with code 1:
release	UNKNOWN STEP	2025-10-28T20:33:32.1639628Z YOLO mode is enabled. All tool calls will be automatically approved.
release	UNKNOWN STEP	2025-10-28T20:33:32.1640866Z GEMINI_API_KEY not found. Find your existing key or generate a new one at: https://aistudio.google.com/apikey
release	UNKNOWN STEP	2025-10-28T20:33:32.1641487Z 
release	UNKNOWN STEP	2025-10-28T20:33:32.1642023Z To continue, please set the GEMINI_API_KEY environment variable or add it to a .env file.
release	UNKNOWN STEP	2025-10-28T20:33:32.1642675Z [39m
release	UNKNOWN STEP	2025-10-28T20:33:32.1643859Z [31m   [31mÃ—[31m run_shell_command[2m > [22mshould be able to run a shell command via stdin[39m[33m 10655[2mms[22m[39m[33m (retry x2)[39m
release	UNKNOWN STEP	2025-10-28T20:33:32.1644869Z [31m     â†’ Process exited with code 1:
release	UNKNOWN STEP	2025-10-28T20:33:32.1645534Z YOLO mode is enabled. All tool calls will be automatically approved.
release	UNKNOWN STEP	2025-10-28T20:33:32.1646624Z GEMINI_API_KEY not found. Find your existing key or generate a new one at: https://aistudio.google.com/apikey
release	UNKNOWN STEP	2025-10-28T20:33:32.1647246Z 
release	UNKNOWN STEP	2025-10-28T20:33:32.1647777Z To continue, please set the GEMINI_API_KEY environment variable or add it to a .env file.
release	UNKNOWN STEP	2025-10-28T20:33:32.1648428Z [39m
release	UNKNOWN STEP	2025-10-28T20:33:32.1648854Z [31m     â†’ Process exited with code 1:
release	UNKNOWN STEP	2025-10-28T20:33:32.1649520Z YOLO mode is enabled. All tool calls will be automatically approved.
release	UNKNOWN STEP	2025-10-28T20:33:32.1650754Z GEMINI_API_KEY not found. Find your existing key or generate a new one at: https://aistudio.google.com/apikey
release	UNKNOWN STEP	2025-10-28T20:33:32.1651380Z 
release	UNKNOWN STEP	2025-10-28T20:33:32.1651908Z To continue, please set the GEMINI_API_KEY environment variable or add it to a .env file.
release	UNKNOWN STEP	2025-10-28T20:33:32.1652557Z [39m
release	UNKNOWN STEP	2025-10-28T20:33:32.1652977Z [31m     â†’ Process exited with code 1:
release	UNKNOWN STEP	2025-10-28T20:33:32.1653851Z YOLO mode is enabled. All tool calls will be automatically approved.
release	UNKNOWN STEP	2025-10-28T20:33:32.1654941Z GEMINI_API_KEY not found. Find your existing key or generate a new one at: https://aistudio.google.com/apikey
release	UNKNOWN STEP	2025-10-28T20:33:32.1655563Z 
release	UNKNOWN STEP	2025-10-28T20:33:32.1656087Z To continue, please set the GEMINI_API_KEY environment variable or add it to a .env file.
release	UNKNOWN STEP	2025-10-28T20:33:32.1656747Z [39m
release	UNKNOWN STEP	2025-10-28T20:33:32.1657532Z    [2m[90mâ†“[39m[22m run_shell_command[2m > [22mshould run allowed sub-command in non-interactive mode
release	UNKNOWN STEP	2025-10-28T20:33:32.1659186Z [31m   [31mÃ—[31m run_shell_command[2m > [22mshould succeed with no parens in non-interactive mode[39m[33m 10754[2mms[22m[39m[33m (retry x2)[39m
release	UNKNOWN STEP	2025-10-28T20:33:32.1660243Z [31m     â†’ Process exited with code 1:
release	UNKNOWN STEP	2025-10-28T20:33:32.1661367Z GEMINI_API_KEY not found. Find your existing key or generate a new one at: https://aistudio.google.com/apikey
release	UNKNOWN STEP	2025-10-28T20:33:32.1662006Z 
release	UNKNOWN STEP	2025-10-28T20:33:32.1662537Z To continue, please set the GEMINI_API_KEY environment variable or add it to a .env file.
release	UNKNOWN STEP	2025-10-28T20:33:32.1663221Z [39m
release	UNKNOWN STEP	2025-10-28T20:33:32.1663652Z [31m     â†’ Process exited with code 1:
release	UNKNOWN STEP	2025-10-28T20:33:32.1664622Z GEMINI_API_KEY not found. Find your existing key or generate a new one at: https://aistudio.google.com/apikey
release	UNKNOWN STEP	2025-10-28T20:33:32.1665243Z 
release	UNKNOWN STEP	2025-10-28T20:33:32.1665783Z To continue, please set the GEMINI_API_KEY environment variable or add it to a .env file.
release	UNKNOWN STEP	2025-10-28T20:33:32.1666617Z [39m
release	UNKNOWN STEP	2025-10-28T20:33:32.1667047Z [31m     â†’ Process exited with code 1:
release	UNKNOWN STEP	2025-10-28T20:33:32.1667997Z GEMINI_API_KEY not found. Find your existing key or generate a new one at: https://aistudio.google.com/apikey
release	UNKNOWN STEP	2025-10-28T20:33:32.1668619Z 
release	UNKNOWN STEP	2025-10-28T20:33:32.1669147Z To continue, please set the GEMINI_API_KEY environment variable or add it to a .env file.
release	UNKNOWN STEP	2025-10-28T20:33:32.1669815Z [39m
release	UNKNOWN STEP	2025-10-28T20:33:32.1671129Z [31m   [31mÃ—[31m run_shell_command[2m > [22mshould succeed with --yolo mode[39m[33m 11892[2mms[22m[39m[33m (retry x2)[39m
release	UNKNOWN STEP	2025-10-28T20:33:32.1672073Z [31m     â†’ Process exited with code 1:
release	UNKNOWN STEP	2025-10-28T20:33:32.1672744Z YOLO mode is enabled. All tool calls will be automatically approved.
release	UNKNOWN STEP	2025-10-28T20:33:32.1673847Z GEMINI_API_KEY not found. Find your existing key or generate a new one at: https://aistudio.google.com/apikey
release	UNKNOWN STEP	2025-10-28T20:33:32.1674474Z 
release	UNKNOWN STEP	2025-10-28T20:33:32.1675006Z To continue, please set the GEMINI_API_KEY environment variable or add it to a .env file.
release	UNKNOWN STEP	2025-10-28T20:33:32.1675674Z [39m
release	UNKNOWN STEP	2025-10-28T20:33:32.1676155Z [31m     â†’ Process exited with code 1:
release	UNKNOWN STEP	2025-10-28T20:33:32.1676823Z YOLO mode is enabled. All tool calls will be automatically approved.
release	UNKNOWN STEP	2025-10-28T20:33:32.1677918Z GEMINI_API_KEY not found. Find your existing key or generate a new one at: https://aistudio.google.com/apikey
release	UNKNOWN STEP	2025-10-28T20:33:32.1678540Z 
release	UNKNOWN STEP	2025-10-28T20:33:32.1679080Z To continue, please set the GEMINI_API_KEY environment variable or add it to a .env file.
release	UNKNOWN STEP	2025-10-28T20:33:32.1679726Z [39m
release	UNKNOWN STEP	2025-10-28T20:33:32.1680168Z [31m     â†’ Process exited with code 1:
release	UNKNOWN STEP	2025-10-28T20:33:32.1681001Z YOLO mode is enabled. All tool calls will be automatically approved.
release	UNKNOWN STEP	2025-10-28T20:33:32.1682093Z GEMINI_API_KEY not found. Find your existing key or generate a new one at: https://aistudio.google.com/apikey
release	UNKNOWN STEP	2025-10-28T20:33:32.1682723Z 
release	UNKNOWN STEP	2025-10-28T20:33:32.1683270Z To continue, please set the GEMINI_API_KEY environment variable or add it to a .env file.
release	UNKNOWN STEP	2025-10-28T20:33:32.1683964Z [39m
release	UNKNOWN STEP	2025-10-28T20:33:32.1684604Z    [2m[90mâ†“[39m[22m run_shell_command[2m > [22mshould work with ShellTool alias
release	UNKNOWN STEP	2025-10-28T20:33:32.1685637Z    [2m[90mâ†“[39m[22m run_shell_command[2m > [22mshould combine multiple --allowed-tools flags
release	UNKNOWN STEP	2025-10-28T20:33:32.1687173Z [31m   [31mÃ—[31m run_shell_command[2m > [22mshould reject commands not on the allowlist[39m[33m 10543[2mms[22m[39m[33m (retry x2)[39m
release	UNKNOWN STEP	2025-10-28T20:33:32.1688174Z [31m     â†’ Process exited with code 1:
release	UNKNOWN STEP	2025-10-28T20:33:32.1689313Z GEMINI_API_KEY not found. Find your existing key or generate a new one at: https://aistudio.google.com/apikey
release	UNKNOWN STEP	2025-10-28T20:33:32.1689982Z 
release	UNKNOWN STEP	2025-10-28T20:33:32.1690706Z To continue, please set the GEMINI_API_KEY environment variable or add it to a .env file.
release	UNKNOWN STEP	2025-10-28T20:33:32.1691409Z [39m
release	UNKNOWN STEP	2025-10-28T20:33:32.1691858Z [31m     â†’ Process exited with code 1:
release	UNKNOWN STEP	2025-10-28T20:33:32.1692846Z GEMINI_API_KEY not found. Find your existing key or generate a new one at: https://aistudio.google.com/apikey
release	UNKNOWN STEP	2025-10-28T20:33:32.1693496Z 
release	UNKNOWN STEP	2025-10-28T20:33:32.1694038Z To continue, please set the GEMINI_API_KEY environment variable or add it to a .env file.
release	UNKNOWN STEP	2025-10-28T20:33:32.1694703Z [39m
release	UNKNOWN STEP	2025-10-28T20:33:32.1695135Z [31m     â†’ Process exited with code 1:
release	UNKNOWN STEP	2025-10-28T20:33:32.1696099Z GEMINI_API_KEY not found. Find your existing key or generate a new one at: https://aistudio.google.com/apikey
release	UNKNOWN STEP	2025-10-28T20:33:32.1696748Z 
release	UNKNOWN STEP	2025-10-28T20:33:32.1697303Z To continue, please set the GEMINI_API_KEY environment variable or add it to a .env file.
release	UNKNOWN STEP	2025-10-28T20:33:32.1697965Z [39m
release	UNKNOWN STEP	2025-10-28T20:33:32.1699086Z    [2m[90mâ†“[39m[22m run_shell_command[2m > [22mshould reject chained commands when only the first segment is allowlisted in non-interactive mode
release	UNKNOWN STEP	2025-10-28T20:33:32.1701162Z [31m   [31mÃ—[31m run_shell_command[2m > [22mshould allow all with "ShellTool" and other specific tools[39m[33m 10737[2mms[22m[39m[33m (retry x2)[39m
release	UNKNOWN STEP	2025-10-28T20:33:32.1702435Z [31m     â†’ Process exited with code 1:
release	UNKNOWN STEP	2025-10-28T20:33:32.1703423Z GEMINI_API_KEY not found. Find your existing key or generate a new one at: https://aistudio.google.com/apikey
release	UNKNOWN STEP	2025-10-28T20:33:32.1704131Z 
release	UNKNOWN STEP	2025-10-28T20:33:32.1704673Z To continue, please set the GEMINI_API_KEY environment variable or add it to a .env file.
release	UNKNOWN STEP	2025-10-28T20:33:32.1705342Z [39m
release	UNKNOWN STEP	2025-10-28T20:33:32.1705775Z [31m     â†’ Process exited with code 1:
release	UNKNOWN STEP	2025-10-28T20:33:32.1706746Z GEMINI_API_KEY not found. Find your existing key or generate a new one at: https://aistudio.google.com/apikey
release	UNKNOWN STEP	2025-10-28T20:33:32.1707384Z 
release	UNKNOWN STEP	2025-10-28T20:33:32.1707933Z To continue, please set the GEMINI_API_KEY environment variable or add it to a .env file.
release	UNKNOWN STEP	2025-10-28T20:33:32.1708593Z [39m
release	UNKNOWN STEP	2025-10-28T20:33:32.1709011Z [31m     â†’ Process exited with code 1:
release	UNKNOWN STEP	2025-10-28T20:33:32.1709930Z GEMINI_API_KEY not found. Find your existing key or generate a new one at: https://aistudio.google.com/apikey
release	UNKNOWN STEP	2025-10-28T20:33:32.1710707Z 
release	UNKNOWN STEP	2025-10-28T20:33:32.1711236Z To continue, please set the GEMINI_API_KEY environment variable or add it to a .env file.
release	UNKNOWN STEP	2025-10-28T20:33:32.1711879Z [39m
release	UNKNOWN STEP	2025-10-28T20:33:32.1713145Z [31m   [31mÃ—[31m run_shell_command[2m > [22mshould propagate environment variables to the child process[39m[33m 13127[2mms[22m[39m[33m (retry x2)[39m
release	UNKNOWN STEP	2025-10-28T20:33:32.1714234Z [31m     â†’ Process exited with code 1:
release	UNKNOWN STEP	2025-10-28T20:33:32.1714891Z YOLO mode is enabled. All tool calls will be automatically approved.
release	UNKNOWN STEP	2025-10-28T20:33:32.1715961Z GEMINI_API_KEY not found. Find your existing key or generate a new one at: https://aistudio.google.com/apikey
release	UNKNOWN STEP	2025-10-28T20:33:32.1716596Z 
release	UNKNOWN STEP	2025-10-28T20:33:32.1717119Z To continue, please set the GEMINI_API_KEY environment variable or add it to a .env file.
release	UNKNOWN STEP	2025-10-28T20:33:32.1717758Z [39m
release	UNKNOWN STEP	2025-10-28T20:33:32.1718160Z [31m     â†’ Process exited with code 1:
release	UNKNOWN STEP	2025-10-28T20:33:32.1718812Z YOLO mode is enabled. All tool calls will be automatically approved.
release	UNKNOWN STEP	2025-10-28T20:33:32.1719868Z GEMINI_API_KEY not found. Find your existing key or generate a new one at: https://aistudio.google.com/apikey
release	UNKNOWN STEP	2025-10-28T20:33:32.1720639Z 
release	UNKNOWN STEP	2025-10-28T20:33:32.1721159Z To continue, please set the GEMINI_API_KEY environment variable or add it to a .env file.
release	UNKNOWN STEP	2025-10-28T20:33:32.1721802Z [39m
release	UNKNOWN STEP	2025-10-28T20:33:32.1722203Z [31m     â†’ Process exited with code 1:
release	UNKNOWN STEP	2025-10-28T20:33:32.1722849Z YOLO mode is enabled. All tool calls will be automatically approved.
release	UNKNOWN STEP	2025-10-28T20:33:32.1723919Z GEMINI_API_KEY not found. Find your existing key or generate a new one at: https://aistudio.google.com/apikey
release	UNKNOWN STEP	2025-10-28T20:33:32.1724533Z 
release	UNKNOWN STEP	2025-10-28T20:33:32.1725234Z To continue, please set the GEMINI_API_KEY environment variable or add it to a .env file.
release	UNKNOWN STEP	2025-10-28T20:33:32.1725884Z [39m
release	UNKNOWN STEP	2025-10-28T20:33:32.1726623Z    [2m[90mâ†“[39m[22m run_shell_command[2m > [22mshould run a platform-specific file listing command
release	UNKNOWN STEP	2025-10-28T20:33:32.1728077Z [31m   [31mÃ—[31m run_shell_command[2m > [22mrejects invalid shell expressions[39m[33m 11909[2mms[22m[39m[33m (retry x2)[39m
release	UNKNOWN STEP	2025-10-28T20:33:32.1729035Z [31m     â†’ Process exited with code 1:
release	UNKNOWN STEP	2025-10-28T20:33:32.1729695Z YOLO mode is enabled. All tool calls will be automatically approved.
release	UNKNOWN STEP	2025-10-28T20:33:32.1730913Z GEMINI_API_KEY not found. Find your existing key or generate a new one at: https://aistudio.google.com/apikey
release	UNKNOWN STEP	2025-10-28T20:33:32.1731532Z 
release	UNKNOWN STEP	2025-10-28T20:33:32.1732076Z To continue, please set the GEMINI_API_KEY environment variable or add it to a .env file.
release	UNKNOWN STEP	2025-10-28T20:33:32.1732738Z [39m
release	UNKNOWN STEP	2025-10-28T20:33:32.1751764Z [31m     â†’ Process exited with code 1:
release	UNKNOWN STEP	2025-10-28T20:33:32.1752563Z YOLO mode is enabled. All tool calls will be automatically approved.
release	UNKNOWN STEP	2025-10-28T20:33:32.1753681Z GEMINI_API_KEY not found. Find your existing key or generate a new one at: https://aistudio.google.com/apikey
release	UNKNOWN STEP	2025-10-28T20:33:32.1754320Z 
release	UNKNOWN STEP	2025-10-28T20:33:32.1754862Z To continue, please set the GEMINI_API_KEY environment variable or add it to a .env file.
release	UNKNOWN STEP	2025-10-28T20:33:32.1755802Z [39m
release	UNKNOWN STEP	2025-10-28T20:33:32.1756235Z [31m     â†’ Process exited with code 1:
release	UNKNOWN STEP	2025-10-28T20:33:32.1756897Z YOLO mode is enabled. All tool calls will be automatically approved.
release	UNKNOWN STEP	2025-10-28T20:33:32.1757978Z GEMINI_API_KEY not found. Find your existing key or generate a new one at: https://aistudio.google.com/apikey
release	UNKNOWN STEP	2025-10-28T20:33:32.1758594Z 
release	UNKNOWN STEP	2025-10-28T20:33:32.1759123Z To continue, please set the GEMINI_API_KEY environment variable or add it to a .env file.
release	UNKNOWN STEP	2025-10-28T20:33:32.1759759Z [39m
release	UNKNOWN STEP	2025-10-28T20:33:32.3958894Z  [2m[90mâ†“[39m[22m stdin-context.test.ts [2m([22m[2m2 tests[22m[2m | [22m[33m2 skipped[39m[2m)[22m
release	UNKNOWN STEP	2025-10-28T20:33:38.9872792Z  [31mâ¯[39m mcp_server_cyclic_schema.test.ts [2m([22m[2m1 test[22m[2m | [22m[31m1 failed[39m[2m)[22m[33m 90378[2mms[22m[39m
release	UNKNOWN STEP	2025-10-28T20:33:38.9875286Z [31m   [31mÃ—[31m mcp server with cyclic tool schema is detected[2m > [22mmcp tool list should include tool with cyclic tool schema[39m[33m 90376[2mms[22m[39m[33m (retry x2)[39m
release	UNKNOWN STEP	2025-10-28T20:33:38.9877994Z [31m     â†’ Did not find expected text: "Type your message": expected false to be true // Object.is equality[39m
release	UNKNOWN STEP	2025-10-28T20:33:38.9879457Z [31m     â†’ Did not find expected text: "Type your message": expected false to be true // Object.is equality[39m
release	UNKNOWN STEP	2025-10-28T20:33:38.9881121Z [31m     â†’ Did not find expected text: "Type your message": expected false to be true // Object.is equality[39m
release	UNKNOWN STEP	2025-10-28T20:33:45.9151458Z  [31mâ¯[39m replace.test.ts [2m([22m[2m4 tests[22m[2m | [22m[31m1 failed[39m[2m | [22m[33m3 skipped[39m[2m)[22m[33m 13242[2mms[22m[39m
release	UNKNOWN STEP	2025-10-28T20:33:45.9153252Z [31m   [31mÃ—[31m replace[2m > [22mshould be able to replace content in a file[39m[33m 13240[2mms[22m[39m[33m (retry x2)[39m
release	UNKNOWN STEP	2025-10-28T20:33:45.9154220Z [31m     â†’ Process exited with code 1:
release	UNKNOWN STEP	2025-10-28T20:33:45.9154908Z YOLO mode is enabled. All tool calls will be automatically approved.
release	UNKNOWN STEP	2025-10-28T20:33:45.9156042Z GEMINI_API_KEY not found. Find your existing key or generate a new one at: https://aistudio.google.com/apikey
release	UNKNOWN STEP	2025-10-28T20:33:45.9156688Z 
release	UNKNOWN STEP	2025-10-28T20:33:45.9157256Z To continue, please set the GEMINI_API_KEY environment variable or add it to a .env file.
release	UNKNOWN STEP	2025-10-28T20:33:45.9157908Z [39m
release	UNKNOWN STEP	2025-10-28T20:33:45.9158359Z [31m     â†’ Process exited with code 1:
release	UNKNOWN STEP	2025-10-28T20:33:45.9159044Z YOLO mode is enabled. All tool calls will be automatically approved.
release	UNKNOWN STEP	2025-10-28T20:33:45.9160146Z GEMINI_API_KEY not found. Find your existing key or generate a new one at: https://aistudio.google.com/apikey
release	UNKNOWN STEP	2025-10-28T20:33:45.9160959Z 
release	UNKNOWN STEP	2025-10-28T20:33:45.9161907Z To continue, please set the GEMINI_API_KEY environment variable or add it to a .env file.
release	UNKNOWN STEP	2025-10-28T20:33:45.9162593Z [39m
release	UNKNOWN STEP	2025-10-28T20:33:45.9163027Z [31m     â†’ Process exited with code 1:
release	UNKNOWN STEP	2025-10-28T20:33:45.9163702Z YOLO mode is enabled. All tool calls will be automatically approved.
release	UNKNOWN STEP	2025-10-28T20:33:45.9164785Z GEMINI_API_KEY not found. Find your existing key or generate a new one at: https://aistudio.google.com/apikey
release	UNKNOWN STEP	2025-10-28T20:33:45.9165435Z 
release	UNKNOWN STEP	2025-10-28T20:33:45.9165966Z To continue, please set the GEMINI_API_KEY environment variable or add it to a .env file.
release	UNKNOWN STEP	2025-10-28T20:33:45.9166615Z [39m
release	UNKNOWN STEP	2025-10-28T20:33:45.9167365Z    [2m[90mâ†“[39m[22m replace[2m > [22mshould handle $ literally when replacing text ending with $
release	UNKNOWN STEP	2025-10-28T20:33:45.9168336Z    [2m[90mâ†“[39m[22m replace[2m > [22mshould insert a multi-line block of text
release	UNKNOWN STEP	2025-10-28T20:33:45.9169819Z    [2m[90mâ†“[39m[22m replace[2m > [22mshould delete a block of text
release	UNKNOWN STEP	2025-10-28T20:33:58.2046969Z  [31mâ¯[39m google_web_search.test.ts [2m([22m[2m1 test[22m[2m | [22m[31m1 failed[39m[2m)[22m[33m 12078[2mms[22m[39m
release	UNKNOWN STEP	2025-10-28T20:33:58.2048616Z [31m   [31mÃ—[31m google_web_search[2m > [22mshould be able to search the web[39m[33m 12077[2mms[22m[39m[33m (retry x2)[39m
release	UNKNOWN STEP	2025-10-28T20:33:58.2049603Z [31m     â†’ Process exited with code 1:
release	UNKNOWN STEP	2025-10-28T20:33:58.2050304Z YOLO mode is enabled. All tool calls will be automatically approved.
release	UNKNOWN STEP	2025-10-28T20:33:58.2052158Z GEMINI_API_KEY not found. Find your existing key or generate a new one at: https://aistudio.google.com/apikey
release	UNKNOWN STEP	2025-10-28T20:33:58.2052786Z 
release	UNKNOWN STEP	2025-10-28T20:33:58.2053330Z To continue, please set the GEMINI_API_KEY environment variable or add it to a .env file.
release	UNKNOWN STEP	2025-10-28T20:33:58.2054022Z [39m
release	UNKNOWN STEP	2025-10-28T20:33:58.2054472Z [31m     â†’ Process exited with code 1:
release	UNKNOWN STEP	2025-10-28T20:33:58.2055141Z YOLO mode is enabled. All tool calls will be automatically approved.
release	UNKNOWN STEP	2025-10-28T20:33:58.2056274Z GEMINI_API_KEY not found. Find your existing key or generate a new one at: https://aistudio.google.com/apikey
release	UNKNOWN STEP	2025-10-28T20:33:58.2056907Z 
release	UNKNOWN STEP	2025-10-28T20:33:58.2057477Z To continue, please set the GEMINI_API_KEY environment variable or add it to a .env file.
release	UNKNOWN STEP	2025-10-28T20:33:58.2058233Z [39m
release	UNKNOWN STEP	2025-10-28T20:33:58.2058735Z [31m     â†’ Process exited with code 1:
release	UNKNOWN STEP	2025-10-28T20:33:58.2059482Z YOLO mode is enabled. All tool calls will be automatically approved.
release	UNKNOWN STEP	2025-10-28T20:33:58.2060309Z GEMINI_API_KEY not found. Find your existing key or generate a new one at: https://aistudio.google.com/apikey
release	UNKNOWN STEP	2025-10-28T20:33:58.2061100Z 
release	UNKNOWN STEP	2025-10-28T20:33:58.2061637Z To continue, please set the GEMINI_API_KEY environment variable or add it to a .env file.
release	UNKNOWN STEP	2025-10-28T20:33:58.2062320Z [39m
release	UNKNOWN STEP	2025-10-28T20:34:10.3357520Z  [31mâ¯[39m list_directory.test.ts [2m([22m[2m1 test[22m[2m | [22m[31m1 failed[39m[2m)[22m[33m 11924[2mms[22m[39m
release	UNKNOWN STEP	2025-10-28T20:34:10.3360730Z [31m   [31mÃ—[31m list_directory[2m > [22mshould be able to list a directory[39m[33m 11923[2mms[22m[39m[33m (retry x2)[39m
release	UNKNOWN STEP	2025-10-28T20:34:10.3361881Z [31m     â†’ Process exited with code 1:
release	UNKNOWN STEP	2025-10-28T20:34:10.3362644Z YOLO mode is enabled. All tool calls will be automatically approved.
release	UNKNOWN STEP	2025-10-28T20:34:10.3363869Z GEMINI_API_KEY not found. Find your existing key or generate a new one at: https://aistudio.google.com/apikey
release	UNKNOWN STEP	2025-10-28T20:34:10.3364516Z 
release	UNKNOWN STEP	2025-10-28T20:34:10.3365096Z To continue, please set the GEMINI_API_KEY environment variable or add it to a .env file.
release	UNKNOWN STEP	2025-10-28T20:34:10.3366055Z [39m
release	UNKNOWN STEP	2025-10-28T20:34:10.3366569Z [31m     â†’ Process exited with code 1:
release	UNKNOWN STEP	2025-10-28T20:34:10.3367290Z YOLO mode is enabled. All tool calls will be automatically approved.
release	UNKNOWN STEP	2025-10-28T20:34:10.3368390Z GEMINI_API_KEY not found. Find your existing key or generate a new one at: https://aistudio.google.com/apikey
release	UNKNOWN STEP	2025-10-28T20:34:10.3369020Z 
release	UNKNOWN STEP	2025-10-28T20:34:10.3369605Z To continue, please set the GEMINI_API_KEY environment variable or add it to a .env file.
release	UNKNOWN STEP	2025-10-28T20:34:10.3370307Z [39m
release	UNKNOWN STEP	2025-10-28T20:34:10.3371130Z [31m     â†’ Process exited with code 1:
release	UNKNOWN STEP	2025-10-28T20:34:10.3372295Z YOLO mode is enabled. All tool calls will be automatically approved.
release	UNKNOWN STEP	2025-10-28T20:34:10.3373507Z GEMINI_API_KEY not found. Find your existing key or generate a new one at: https://aistudio.google.com/apikey
release	UNKNOWN STEP	2025-10-28T20:34:10.3374182Z 
release	UNKNOWN STEP	2025-10-28T20:34:10.3374776Z To continue, please set the GEMINI_API_KEY environment variable or add it to a .env file.
release	UNKNOWN STEP	2025-10-28T20:34:10.3375549Z [39m
release	UNKNOWN STEP	2025-10-28T20:34:12.6049538Z  [32mâœ“[39m mixed-input-crash.test.ts [2m([22m[2m2 tests[22m[2m)[22m[33m 2015[2mms[22m[39m
release	UNKNOWN STEP	2025-10-28T20:34:12.6051371Z    [33m[2mâœ“[22m[39m mixed input crash prevention[2m > [22mshould not crash when using mixed prompt inputs [33m 1006[2mms[22m[39m
release	UNKNOWN STEP	2025-10-28T20:34:12.6053115Z    [33m[2mâœ“[22m[39m mixed input crash prevention[2m > [22mshould provide clear error message for mixed input [33m 1007[2mms[22m[39m
release	UNKNOWN STEP	2025-10-28T20:34:31.0420748Z  [31mâ¯[39m utf-bom-encoding.test.ts [2m([22m[2m6 tests[22m[2m | [22m[31m6 failed[39m[2m)[22m[33m 73246[2mms[22m[39m
release	UNKNOWN STEP	2025-10-28T20:34:31.0424614Z [31m   [31mÃ—[31m BOM end-to-end integraion[2m > [22mUTF-8 BOM[39m[33m 12196[2mms[22m[39m[33m (retry x2)[39m
release	UNKNOWN STEP	2025-10-28T20:34:31.0425511Z [31m     â†’ Process exited with code 1:
release	UNKNOWN STEP	2025-10-28T20:34:31.0426208Z YOLO mode is enabled. All tool calls will be automatically approved.
release	UNKNOWN STEP	2025-10-28T20:34:31.0427109Z GEMINI_API_KEY not found. Find your existing key or generate a new one at: https://aistudio.google.com/apikey
release	UNKNOWN STEP	2025-10-28T20:34:31.0427823Z 
release	UNKNOWN STEP	2025-10-28T20:34:31.0428141Z To continue, please set the GEMINI_API_KEY environment variable or add it to a .env file.
release	UNKNOWN STEP	2025-10-28T20:34:31.0428561Z [39m
release	UNKNOWN STEP	2025-10-28T20:34:31.0428820Z [31m     â†’ Process exited with code 1:
release	UNKNOWN STEP	2025-10-28T20:34:31.0429216Z YOLO mode is enabled. All tool calls will be automatically approved.
release	UNKNOWN STEP	2025-10-28T20:34:31.0429843Z GEMINI_API_KEY not found. Find your existing key or generate a new one at: https://aistudio.google.com/apikey
release	UNKNOWN STEP	2025-10-28T20:34:31.0430202Z 
release	UNKNOWN STEP	2025-10-28T20:34:31.0431195Z To continue, please set the GEMINI_API_KEY environment variable or add it to a .env file.
release	UNKNOWN STEP	2025-10-28T20:34:31.0431615Z [39m
release	UNKNOWN STEP	2025-10-28T20:34:31.0431869Z [31m     â†’ Process exited with code 1:
release	UNKNOWN STEP	2025-10-28T20:34:31.0432261Z YOLO mode is enabled. All tool calls will be automatically approved.
release	UNKNOWN STEP	2025-10-28T20:34:31.0432885Z GEMINI_API_KEY not found. Find your existing key or generate a new one at: https://aistudio.google.com/apikey
release	UNKNOWN STEP	2025-10-28T20:34:31.0433253Z 
release	UNKNOWN STEP	2025-10-28T20:34:31.0433555Z To continue, please set the GEMINI_API_KEY environment variable or add it to a .env file.
release	UNKNOWN STEP	2025-10-28T20:34:31.0433928Z [39m
release	UNKNOWN STEP	2025-10-28T20:34:31.0434484Z [31m   [31mÃ—[31m BOM end-to-end integraion[2m > [22mUTF-16 LE BOM[39m[33m 12777[2mms[22m[39m[33m (retry x2)[39m
release	UNKNOWN STEP	2025-10-28T20:34:31.0434989Z [31m     â†’ Process exited with code 1:
release	UNKNOWN STEP	2025-10-28T20:34:31.0435365Z YOLO mode is enabled. All tool calls will be automatically approved.
release	UNKNOWN STEP	2025-10-28T20:34:31.0435991Z GEMINI_API_KEY not found. Find your existing key or generate a new one at: https://aistudio.google.com/apikey
release	UNKNOWN STEP	2025-10-28T20:34:31.0436349Z 
release	UNKNOWN STEP	2025-10-28T20:34:31.0436660Z To continue, please set the GEMINI_API_KEY environment variable or add it to a .env file.
release	UNKNOWN STEP	2025-10-28T20:34:31.0437031Z [39m
release	UNKNOWN STEP	2025-10-28T20:34:31.0437284Z [31m     â†’ Process exited with code 1:
release	UNKNOWN STEP	2025-10-28T20:34:31.0437651Z YOLO mode is enabled. All tool calls will be automatically approved.
release	UNKNOWN STEP	2025-10-28T20:34:31.0438269Z GEMINI_API_KEY not found. Find your existing key or generate a new one at: https://aistudio.google.com/apikey
release	UNKNOWN STEP	2025-10-28T20:34:31.0438618Z 
release	UNKNOWN STEP	2025-10-28T20:34:31.0438914Z To continue, please set the GEMINI_API_KEY environment variable or add it to a .env file.
release	UNKNOWN STEP	2025-10-28T20:34:31.0439284Z [39m
release	UNKNOWN STEP	2025-10-28T20:34:31.0439521Z [31m     â†’ Process exited with code 1:
release	UNKNOWN STEP	2025-10-28T20:34:31.0439890Z YOLO mode is enabled. All tool calls will be automatically approved.
release	UNKNOWN STEP	2025-10-28T20:34:31.0440874Z GEMINI_API_KEY not found. Find your existing key or generate a new one at: https://aistudio.google.com/apikey
release	UNKNOWN STEP	2025-10-28T20:34:31.0441302Z 
release	UNKNOWN STEP	2025-10-28T20:34:31.0441609Z To continue, please set the GEMINI_API_KEY environment variable or add it to a .env file.
release	UNKNOWN STEP	2025-10-28T20:34:31.0441995Z [39m
release	UNKNOWN STEP	2025-10-28T20:34:31.0442542Z [31m   [31mÃ—[31m BOM end-to-end integraion[2m > [22mUTF-16 BE BOM[39m[33m 12454[2mms[22m[39m[33m (retry x2)[39m
release	UNKNOWN STEP	2025-10-28T20:34:31.0443046Z [31m     â†’ Process exited with code 1:
release	UNKNOWN STEP	2025-10-28T20:34:31.0443426Z YOLO mode is enabled. All tool calls will be automatically approved.
release	UNKNOWN STEP	2025-10-28T20:34:31.0444038Z GEMINI_API_KEY not found. Find your existing key or generate a new one at: https://aistudio.google.com/apikey
release	UNKNOWN STEP	2025-10-28T20:34:31.0444395Z 
release	UNKNOWN STEP	2025-10-28T20:34:31.0444689Z To continue, please set the GEMINI_API_KEY environment variable or add it to a .env file.
release	UNKNOWN STEP	2025-10-28T20:34:31.0445070Z [39m
release	UNKNOWN STEP	2025-10-28T20:34:31.0445303Z [31m     â†’ Process exited with code 1:
release	UNKNOWN STEP	2025-10-28T20:34:31.0446342Z YOLO mode is enabled. All tool calls will be automatically approved.
release	UNKNOWN STEP	2025-10-28T20:34:31.0447040Z GEMINI_API_KEY not found. Find your existing key or generate a new one at: https://aistudio.google.com/apikey
release	UNKNOWN STEP	2025-10-28T20:34:31.0447415Z 
release	UNKNOWN STEP	2025-10-28T20:34:31.0447712Z To continue, please set the GEMINI_API_KEY environment variable or add it to a .env file.
release	UNKNOWN STEP	2025-10-28T20:34:31.0448124Z [39m
release	UNKNOWN STEP	2025-10-28T20:34:31.0448366Z [31m     â†’ Process exited with code 1:
release	UNKNOWN STEP	2025-10-28T20:34:31.0449000Z YOLO mode is enabled. All tool calls will be automatically approved.
release	UNKNOWN STEP	2025-10-28T20:34:31.0449624Z GEMINI_API_KEY not found. Find your existing key or generate a new one at: https://aistudio.google.com/apikey
release	UNKNOWN STEP	2025-10-28T20:34:31.0449976Z 
release	UNKNOWN STEP	2025-10-28T20:34:31.0450267Z To continue, please set the GEMINI_API_KEY environment variable or add it to a .env file.
release	UNKNOWN STEP	2025-10-28T20:34:31.0451122Z [39m
release	UNKNOWN STEP	2025-10-28T20:34:31.0451673Z [31m   [31mÃ—[31m BOM end-to-end integraion[2m > [22mUTF-32 LE BOM[39m[33m 12119[2mms[22m[39m[33m (retry x2)[39m
release	UNKNOWN STEP	2025-10-28T20:34:31.0452156Z [31m     â†’ Process exited with code 1:
release	UNKNOWN STEP	2025-10-28T20:34:31.0452554Z YOLO mode is enabled. All tool calls will be automatically approved.
release	UNKNOWN STEP	2025-10-28T20:34:31.0453169Z GEMINI_API_KEY not found. Find your existing key or generate a new one at: https://aistudio.google.com/apikey
release	UNKNOWN STEP	2025-10-28T20:34:31.0453527Z 
release	UNKNOWN STEP	2025-10-28T20:34:31.0453823Z To continue, please set the GEMINI_API_KEY environment variable or add it to a .env file.
release	UNKNOWN STEP	2025-10-28T20:34:31.0454213Z [39m
release	UNKNOWN STEP	2025-10-28T20:34:31.0454454Z [31m     â†’ Process exited with code 1:
release	UNKNOWN STEP	2025-10-28T20:34:31.0454829Z YOLO mode is enabled. All tool calls will be automatically approved.
release	UNKNOWN STEP	2025-10-28T20:34:31.0455438Z GEMINI_API_KEY not found. Find your existing key or generate a new one at: https://aistudio.google.com/apikey
release	UNKNOWN STEP	2025-10-28T20:34:31.0455790Z 
release	UNKNOWN STEP	2025-10-28T20:34:31.0456090Z To continue, please set the GEMINI_API_KEY environment variable or add it to a .env file.
release	UNKNOWN STEP	2025-10-28T20:34:31.0456453Z [39m
release	UNKNOWN STEP	2025-10-28T20:34:31.0456689Z [31m     â†’ Process exited with code 1:
release	UNKNOWN STEP	2025-10-28T20:34:31.0457059Z YOLO mode is enabled. All tool calls will be automatically approved.
release	UNKNOWN STEP	2025-10-28T20:34:31.0457661Z GEMINI_API_KEY not found. Find your existing key or generate a new one at: https://aistudio.google.com/apikey
release	UNKNOWN STEP	2025-10-28T20:34:31.0458011Z 
release	UNKNOWN STEP	2025-10-28T20:34:31.0458304Z To continue, please set the GEMINI_API_KEY environment variable or add it to a .env file.
release	UNKNOWN STEP	2025-10-28T20:34:31.0458666Z [39m
release	UNKNOWN STEP	2025-10-28T20:34:31.0459202Z [31m   [31mÃ—[31m BOM end-to-end integraion[2m > [22mUTF-32 BE BOM[39m[33m 12884[2mms[22m[39m[33m (retry x2)[39m
release	UNKNOWN STEP	2025-10-28T20:34:31.0459688Z [31m     â†’ Process exited with code 1:
release	UNKNOWN STEP	2025-10-28T20:34:31.0460057Z YOLO mode is enabled. All tool calls will be automatically approved.
release	UNKNOWN STEP	2025-10-28T20:34:31.0460870Z GEMINI_API_KEY not found. Find your existing key or generate a new one at: https://aistudio.google.com/apikey
release	UNKNOWN STEP	2025-10-28T20:34:31.0461224Z 
release	UNKNOWN STEP	2025-10-28T20:34:31.0461520Z To continue, please set the GEMINI_API_KEY environment variable or add it to a .env file.
release	UNKNOWN STEP	2025-10-28T20:34:31.0461888Z [39m
release	UNKNOWN STEP	2025-10-28T20:34:31.0462278Z [31m     â†’ Process exited with code 1:
release	UNKNOWN STEP	2025-10-28T20:34:31.0462660Z YOLO mode is enabled. All tool calls will be automatically approved.
release	UNKNOWN STEP	2025-10-28T20:34:31.0463259Z GEMINI_API_KEY not found. Find your existing key or generate a new one at: https://aistudio.google.com/apikey
release	UNKNOWN STEP	2025-10-28T20:34:31.0463614Z 
release	UNKNOWN STEP	2025-10-28T20:34:31.0463904Z To continue, please set the GEMINI_API_KEY environment variable or add it to a .env file.
release	UNKNOWN STEP	2025-10-28T20:34:31.0464280Z [39m
release	UNKNOWN STEP	2025-10-28T20:34:31.0464510Z [31m     â†’ Process exited with code 1:
release	UNKNOWN STEP	2025-10-28T20:34:31.0464879Z YOLO mode is enabled. All tool calls will be automatically approved.
release	UNKNOWN STEP	2025-10-28T20:34:31.0465474Z GEMINI_API_KEY not found. Find your existing key or generate a new one at: https://aistudio.google.com/apikey
release	UNKNOWN STEP	2025-10-28T20:34:31.0465831Z 
release	UNKNOWN STEP	2025-10-28T20:34:31.0466123Z To continue, please set the GEMINI_API_KEY environment variable or add it to a .env file.
release	UNKNOWN STEP	2025-10-28T20:34:31.0466496Z [39m
release	UNKNOWN STEP	2025-10-28T20:34:31.0467095Z [31m   [31mÃ—[31m BOM end-to-end integraion[2m > [22mCan describe a PNG file[39m[33m 10810[2mms[22m[39m[33m (retry x2)[39m
release	UNKNOWN STEP	2025-10-28T20:34:31.0467625Z [31m     â†’ Process exited with code 1:
release	UNKNOWN STEP	2025-10-28T20:34:31.0468000Z YOLO mode is enabled. All tool calls will be automatically approved.
release	UNKNOWN STEP	2025-10-28T20:34:31.0468601Z GEMINI_API_KEY not found. Find your existing key or generate a new one at: https://aistudio.google.com/apikey
release	UNKNOWN STEP	2025-10-28T20:34:31.0469096Z 
release	UNKNOWN STEP	2025-10-28T20:34:31.0469389Z To continue, please set the GEMINI_API_KEY environment variable or add it to a .env file.
release	UNKNOWN STEP	2025-10-28T20:34:31.0469759Z [39m
release	UNKNOWN STEP	2025-10-28T20:34:31.0469991Z [31m     â†’ Process exited with code 1:
release	UNKNOWN STEP	2025-10-28T20:34:31.0470356Z YOLO mode is enabled. All tool calls will be automatically approved.
release	UNKNOWN STEP	2025-10-28T20:34:31.0471214Z GEMINI_API_KEY not found. Find your existing key or generate a new one at: https://aistudio.google.com/apikey
release	UNKNOWN STEP	2025-10-28T20:34:31.0471567Z 
release	UNKNOWN STEP	2025-10-28T20:34:31.0471868Z To continue, please set the GEMINI_API_KEY environment variable or add it to a .env file.
release	UNKNOWN STEP	2025-10-28T20:34:31.0472242Z [39m
release	UNKNOWN STEP	2025-10-28T20:34:31.0472487Z [31m     â†’ Process exited with code 1:
release	UNKNOWN STEP	2025-10-28T20:34:31.0472852Z YOLO mode is enabled. All tool calls will be automatically approved.
release	UNKNOWN STEP	2025-10-28T20:34:31.0473450Z GEMINI_API_KEY not found. Find your existing key or generate a new one at: https://aistudio.google.com/apikey
release	UNKNOWN STEP	2025-10-28T20:34:31.0473809Z 
release	UNKNOWN STEP	2025-10-28T20:34:31.0474101Z To continue, please set the GEMINI_API_KEY environment variable or add it to a .env file.
release	UNKNOWN STEP	2025-10-28T20:34:31.0474460Z [39m
release	UNKNOWN STEP	2025-10-28T20:34:42.4659138Z  [31mâ¯[39m write_file.test.ts [2m([22m[2m1 test[22m[2m | [22m[31m1 failed[39m[2m)[22m[33m 11227[2mms[22m[39m
release	UNKNOWN STEP	2025-10-28T20:34:42.4661103Z [31m   [31mÃ—[31m write_file[2m > [22mshould be able to write a file[39m[33m 11226[2mms[22m[39m[33m (retry x2)[39m
release	UNKNOWN STEP	2025-10-28T20:34:42.4662162Z [31m     â†’ Process exited with code 1:
release	UNKNOWN STEP	2025-10-28T20:34:42.4663015Z YOLO mode is enabled. All tool calls will be automatically approved.
release	UNKNOWN STEP	2025-10-28T20:34:42.4664240Z GEMINI_API_KEY not found. Find your existing key or generate a new one at: https://aistudio.google.com/apikey
release	UNKNOWN STEP	2025-10-28T20:34:42.4664972Z 
release	UNKNOWN STEP	2025-10-28T20:34:42.4691536Z To continue, please set the GEMINI_API_KEY environment variable or add it to a .env file.
release	UNKNOWN STEP	2025-10-28T20:34:42.4692428Z [39m
release	UNKNOWN STEP	2025-10-28T20:34:42.4692986Z [31m     â†’ Process exited with code 1:
release	UNKNOWN STEP	2025-10-28T20:34:42.4693812Z YOLO mode is enabled. All tool calls will be automatically approved.
release	UNKNOWN STEP	2025-10-28T20:34:42.4695043Z GEMINI_API_KEY not found. Find your existing key or generate a new one at: https://aistudio.google.com/apikey
release	UNKNOWN STEP	2025-10-28T20:34:42.4695786Z 
release	UNKNOWN STEP	2025-10-28T20:34:42.4696514Z To continue, please set the GEMINI_API_KEY environment variable or add it to a .env file.
release	UNKNOWN STEP	2025-10-28T20:34:42.4697214Z [39m
release	UNKNOWN STEP	2025-10-28T20:34:42.4697655Z [31m     â†’ Process exited with code 1:
release	UNKNOWN STEP	2025-10-28T20:34:42.4698327Z YOLO mode is enabled. All tool calls will be automatically approved.
release	UNKNOWN STEP	2025-10-28T20:34:42.4699877Z GEMINI_API_KEY not found. Find your existing key or generate a new one at: https://aistudio.google.com/apikey
release	UNKNOWN STEP	2025-10-28T20:34:42.4700752Z 
release	UNKNOWN STEP	2025-10-28T20:34:42.4701300Z To continue, please set the GEMINI_API_KEY environment variable or add it to a .env file.
release	UNKNOWN STEP	2025-10-28T20:34:42.4701966Z [39m
release	UNKNOWN STEP	2025-10-28T20:34:42.6817527Z  [2m[90mâ†“[39m[22m read_many_files.test.ts [2m([22m[2m1 test[22m[2m | [22m[33m1 skipped[39m[2m)[22m
release	UNKNOWN STEP	2025-10-28T20:35:43.2485900Z  [31mâ¯[39m ctrl-c-exit.test.ts [2m([22m[2m1 test[22m[2m | [22m[31m1 failed[39m[2m)[22m[33m 90304[2mms[22m[39m
release	UNKNOWN STEP	2025-10-28T20:35:43.2487966Z [31m   [31mÃ—[31m Ctrl+C exit[2m > [22mshould exit gracefully on second Ctrl+C[39m[33m 90302[2mms[22m[39m[33m (retry x2)[39m
release	UNKNOWN STEP	2025-10-28T20:35:43.2494490Z [31m     â†’ Did not find expected text: "Type your message": expected false to be true // Object.is equality[39m
release	UNKNOWN STEP	2025-10-28T20:35:43.2496809Z [31m     â†’ Did not find expected text: "Type your message": expected false to be true // Object.is equality[39m
release	UNKNOWN STEP	2025-10-28T20:35:43.2498243Z [31m     â†’ Did not find expected text: "Type your message": expected false to be true // Object.is equality[39m
release	UNKNOWN STEP	2025-10-28T20:35:54.7876097Z  [31mâ¯[39m save_memory.test.ts [2m([22m[2m1 test[22m[2m | [22m[31m1 failed[39m[2m)[22m[33m 11256[2mms[22m[39m
release	UNKNOWN STEP	2025-10-28T20:35:54.7877597Z [31m   [31mÃ—[31m save_memory[2m > [22mshould be able to save to memory[39m[33m 11255[2mms[22m[39m[33m (retry x2)[39m
release	UNKNOWN STEP	2025-10-28T20:35:54.7878642Z [31m     â†’ Process exited with code 1:
release	UNKNOWN STEP	2025-10-28T20:35:54.7879060Z YOLO mode is enabled. All tool calls will be automatically approved.
release	UNKNOWN STEP	2025-10-28T20:35:54.7879723Z GEMINI_API_KEY not found. Find your existing key or generate a new one at: https://aistudio.google.com/apikey
release	UNKNOWN STEP	2025-10-28T20:35:54.7880094Z 
release	UNKNOWN STEP	2025-10-28T20:35:54.7880423Z To continue, please set the GEMINI_API_KEY environment variable or add it to a .env file.
release	UNKNOWN STEP	2025-10-28T20:35:54.7881063Z [39m
release	UNKNOWN STEP	2025-10-28T20:35:54.7881326Z [31m     â†’ Process exited with code 1:
release	UNKNOWN STEP	2025-10-28T20:35:54.7881733Z YOLO mode is enabled. All tool calls will be automatically approved.
release	UNKNOWN STEP	2025-10-28T20:35:54.7882358Z GEMINI_API_KEY not found. Find your existing key or generate a new one at: https://aistudio.google.com/apikey
release	UNKNOWN STEP	2025-10-28T20:35:54.7882715Z 
release	UNKNOWN STEP	2025-10-28T20:35:54.7883015Z To continue, please set the GEMINI_API_KEY environment variable or add it to a .env file.
release	UNKNOWN STEP	2025-10-28T20:35:54.7883398Z [39m
release	UNKNOWN STEP	2025-10-28T20:35:54.7883642Z [31m     â†’ Process exited with code 1:
release	UNKNOWN STEP	2025-10-28T20:35:54.7884021Z YOLO mode is enabled. All tool calls will be automatically approved.
release	UNKNOWN STEP	2025-10-28T20:35:54.7884625Z GEMINI_API_KEY not found. Find your existing key or generate a new one at: https://aistudio.google.com/apikey
release	UNKNOWN STEP	2025-10-28T20:35:54.7884981Z 
release	UNKNOWN STEP	2025-10-28T20:35:54.7885275Z To continue, please set the GEMINI_API_KEY environment variable or add it to a .env file.
release	UNKNOWN STEP	2025-10-28T20:35:54.7885643Z [39m
release	UNKNOWN STEP	2025-10-28T20:35:58.8118284Z  [32mâœ“[39m extensions-install.test.ts [2m([22m[2m1 test[22m[2m)[22m[33m 3848[2mms[22m[39m
release	UNKNOWN STEP	2025-10-28T20:35:58.8119185Z    [33m[2mâœ“[22m[39m installs a local extension, verifies a command, and updates it [33m 3847[2mms[22m[39m
release	UNKNOWN STEP	2025-10-28T20:35:58.9856838Z  [2m[90mâ†“[39m[22m flicker.test.ts [2m([22m[2m1 test[22m[2m | [22m[33m1 skipped[39m[2m)[22m
release	UNKNOWN STEP	2025-10-28T20:36:10.0917999Z  [31mâ¯[39m telemetry.test.ts [2m([22m[2m1 test[22m[2m | [22m[31m1 failed[39m[2m)[22m[33m 10923[2mms[22m[39m
release	UNKNOWN STEP	2025-10-28T20:36:10.0919736Z [31m   [31mÃ—[31m telemetry[2m > [22mshould emit a metric and a log event[39m[33m 10922[2mms[22m[39m[33m (retry x2)[39m
release	UNKNOWN STEP	2025-10-28T20:36:10.0920694Z [31m     â†’ Process exited with code 1:
release	UNKNOWN STEP	2025-10-28T20:36:10.0921132Z YOLO mode is enabled. All tool calls will be automatically approved.
release	UNKNOWN STEP	2025-10-28T20:36:10.0921772Z GEMINI_API_KEY not found. Find your existing key or generate a new one at: https://aistudio.google.com/apikey
release	UNKNOWN STEP	2025-10-28T20:36:10.0922136Z 
release	UNKNOWN STEP	2025-10-28T20:36:10.0922835Z To continue, please set the GEMINI_API_KEY environment variable or add it to a .env file.
release	UNKNOWN STEP	2025-10-28T20:36:10.0923263Z [39m
release	UNKNOWN STEP	2025-10-28T20:36:10.0923523Z [31m     â†’ Process exited with code 1:
release	UNKNOWN STEP	2025-10-28T20:36:10.0923933Z YOLO mode is enabled. All tool calls will be automatically approved.
release	UNKNOWN STEP	2025-10-28T20:36:10.0924562Z GEMINI_API_KEY not found. Find your existing key or generate a new one at: https://aistudio.google.com/apikey
release	UNKNOWN STEP	2025-10-28T20:36:10.0924936Z 
release	UNKNOWN STEP	2025-10-28T20:36:10.0925234Z To continue, please set the GEMINI_API_KEY environment variable or add it to a .env file.
release	UNKNOWN STEP	2025-10-28T20:36:10.0925622Z [39m
release	UNKNOWN STEP	2025-10-28T20:36:10.0925872Z [31m     â†’ Process exited with code 1:
release	UNKNOWN STEP	2025-10-28T20:36:10.0926256Z YOLO mode is enabled. All tool calls will be automatically approved.
release	UNKNOWN STEP	2025-10-28T20:36:10.0926901Z GEMINI_API_KEY not found. Find your existing key or generate a new one at: https://aistudio.google.com/apikey
release	UNKNOWN STEP	2025-10-28T20:36:10.0927262Z 
release	UNKNOWN STEP	2025-10-28T20:36:10.0927759Z To continue, please set the GEMINI_API_KEY environment variable or add it to a .env file.
release	UNKNOWN STEP	2025-10-28T20:36:10.0928442Z [39m
release	UNKNOWN STEP	2025-10-28T20:36:13.1943068Z  [31mâ¯[39m file-system-interactive.test.ts [2m([22m[2m1 test[22m[2m | [22m[31m1 failed[39m[2m)[22m[33m 90301[2mms[22m[39m
release	UNKNOWN STEP	2025-10-28T20:36:13.1944932Z [31m   [31mÃ—[31m Interactive file system[2m > [22mshould perform a read-then-write sequence[39m[33m 90299[2mms[22m[39m[33m (retry x2)[39m
release	UNKNOWN STEP	2025-10-28T20:36:13.1946895Z [31m     â†’ Did not find expected text: "Type your message": expected false to be true // Object.is equality[39m
release	UNKNOWN STEP	2025-10-28T20:36:13.1948278Z [31m     â†’ Did not find expected text: "Type your message": expected false to be true // Object.is equality[39m
release	UNKNOWN STEP	2025-10-28T20:36:13.1949638Z [31m     â†’ Did not find expected text: "Type your message": expected false to be true // Object.is equality[39m
release	UNKNOWN STEP	2025-10-28T20:38:10.1361454Z  [31mâ¯[39m context-compress-interactive.test.ts [2m([22m[2m3 tests[22m[2m | [22m[31m3 failed[39m[2m)[22m[33m 270818[2mms[22m[39m
release	UNKNOWN STEP	2025-10-28T20:38:10.1363368Z [31m   [31mÃ—[31m Interactive Mode[2m > [22mshould trigger chat compression with /compress command[39m[33m 90332[2mms[22m[39m[33m (retry x2)[39m
release	UNKNOWN STEP	2025-10-28T20:38:10.1364337Z [31m     â†’ Did not find expected text: "Type your message": expected false to be true // Object.is equality[39m
release	UNKNOWN STEP	2025-10-28T20:38:10.1365133Z [31m     â†’ Did not find expected text: "Type your message": expected false to be true // Object.is equality[39m
release	UNKNOWN STEP	2025-10-28T20:38:10.1365927Z [31m     â†’ Did not find expected text: "Type your message": expected false to be true // Object.is equality[39m
release	UNKNOWN STEP	2025-10-28T20:38:10.1366888Z [31m   [31mÃ—[31m Interactive Mode[2m > [22mshould handle compression failure on token inflation[39m[33m 90259[2mms[22m[39m[33m (retry x2)[39m
release	UNKNOWN STEP	2025-10-28T20:38:10.1367759Z [31m     â†’ Did not find expected text: "Type your message": expected false to be true // Object.is equality[39m
release	UNKNOWN STEP	2025-10-28T20:38:10.1368521Z [31m     â†’ Did not find expected text: "Type your message": expected false to be true // Object.is equality[39m
release	UNKNOWN STEP	2025-10-28T20:38:10.1369280Z [31m     â†’ Did not find expected text: "Type your message": expected false to be true // Object.is equality[39m
release	UNKNOWN STEP	2025-10-28T20:38:10.1370174Z [31m   [31mÃ—[31m Interactive Mode[2m > [22mshould handle /compress command on empty history[39m[33m 90226[2mms[22m[39m[33m (retry x2)[39m
release	UNKNOWN STEP	2025-10-28T20:38:10.1371322Z [31m     â†’ Did not find expected text: "Type your message": expected false to be true // Object.is equality[39m
release	UNKNOWN STEP	2025-10-28T20:38:10.1372084Z [31m     â†’ Did not find expected text: "Type your message": expected false to be true // Object.is equality[39m
release	UNKNOWN STEP	2025-10-28T20:38:10.1372826Z [31m     â†’ Did not find expected text: "Type your message": expected false to be true // Object.is equality[39m
release	UNKNOWN STEP	2025-10-28T20:38:10.1474865Z 
release	UNKNOWN STEP	2025-10-28T20:38:10.1475970Z [31mâŽ¯âŽ¯âŽ¯âŽ¯âŽ¯âŽ¯[39m[1m[41m Failed Tests 33 [49m[22m[31mâŽ¯âŽ¯âŽ¯âŽ¯âŽ¯âŽ¯âŽ¯[39m
release	UNKNOWN STEP	2025-10-28T20:38:10.1476772Z 
release	UNKNOWN STEP	2025-10-28T20:38:10.1484660Z [41m[1m FAIL [22m[49m context-compress-interactive.test.ts[2m > [22mInteractive Mode[2m > [22mshould trigger chat compression with /compress command
release	UNKNOWN STEP	2025-10-28T20:38:10.1486934Z [41m[1m FAIL [22m[49m context-compress-interactive.test.ts[2m > [22mInteractive Mode[2m > [22mshould trigger chat compression with /compress command
release	UNKNOWN STEP	2025-10-28T20:38:10.1491702Z [41m[1m FAIL [22m[49m context-compress-interactive.test.ts[2m > [22mInteractive Mode[2m > [22mshould trigger chat compression with /compress command
release	UNKNOWN STEP	2025-10-28T20:38:10.1512993Z [31m[1mAssertionError[22m: Did not find expected text: "Type your message": expected false to be true // Object.is equality[39m
release	UNKNOWN STEP	2025-10-28T20:38:10.1513786Z 
release	UNKNOWN STEP	2025-10-28T20:38:10.1514048Z [32m- Expected[39m
release	UNKNOWN STEP	2025-10-28T20:38:10.1514475Z [31m+ Received[39m
release	UNKNOWN STEP	2025-10-28T20:38:10.1514672Z 
release	UNKNOWN STEP	2025-10-28T20:38:10.1514848Z [32m- true[39m
release	UNKNOWN STEP	2025-10-28T20:38:10.1515217Z [31m+ false[39m
release	UNKNOWN STEP	2025-10-28T20:38:10.1515420Z 
release	UNKNOWN STEP	2025-10-28T20:38:10.1516079Z [36m [2mâ¯[22m InteractiveRun.expectText test-helper.ts:[2m195:60[22m[39m
release	UNKNOWN STEP	2025-10-28T20:38:10.1819648Z     [90m193| [39m      [34m200[39m[33m,[39m
release	UNKNOWN STEP	2025-10-28T20:38:10.1820805Z     [90m194| [39m    )[33m;[39m
release	UNKNOWN STEP	2025-10-28T20:38:10.1822425Z     [90m195| [39m    [34mexpect[39m(found[33m,[39m [32m`Did not find expected text: "[39m[36m${[39mtext[36m}[39m[32m"`[39m)[33m.[39m[34mtoBe[39m([35mtrue[39m)[33m;[39m
release	UNKNOWN STEP	2025-10-28T20:38:10.1823828Z     [90m   | [39m                                                           [31m^[39m
release	UNKNOWN STEP	2025-10-28T20:38:10.1824500Z     [90m196| [39m  }
release	UNKNOWN STEP	2025-10-28T20:38:10.1825102Z     [90m197| [39m
release	UNKNOWN STEP	2025-10-28T20:38:10.1825972Z [90m [2mâ¯[22m TestRig.runInteractive test-helper.ts:[2m994:5[22m[39m
release	UNKNOWN STEP	2025-10-28T20:38:10.1827083Z [90m [2mâ¯[22m context-compress-interactive.test.ts:[2m30:17[22m[39m
release	UNKNOWN STEP	2025-10-28T20:38:10.1827689Z 
release	UNKNOWN STEP	2025-10-28T20:38:10.1828211Z [31m[2mâŽ¯âŽ¯âŽ¯âŽ¯âŽ¯âŽ¯âŽ¯âŽ¯âŽ¯âŽ¯âŽ¯âŽ¯âŽ¯âŽ¯âŽ¯âŽ¯âŽ¯âŽ¯âŽ¯âŽ¯âŽ¯âŽ¯âŽ¯[1/99]âŽ¯[22m[39m
release	UNKNOWN STEP	2025-10-28T20:38:10.1828678Z 
release	UNKNOWN STEP	2025-10-28T20:38:10.1829990Z [41m[1m FAIL [22m[49m context-compress-interactive.test.ts[2m > [22mInteractive Mode[2m > [22mshould handle compression failure on token inflation
release	UNKNOWN STEP	2025-10-28T20:38:10.1832473Z [41m[1m FAIL [22m[49m context-compress-interactive.test.ts[2m > [22mInteractive Mode[2m > [22mshould handle compression failure on token inflation
release	UNKNOWN STEP	2025-10-28T20:38:10.1834495Z [41m[1m FAIL [22m[49m context-compress-interactive.test.ts[2m > [22mInteractive Mode[2m > [22mshould handle compression failure on token inflation
release	UNKNOWN STEP	2025-10-28T20:38:10.1836521Z [31m[1mAssertionError[22m: Did not find expected text: "Type your message": expected false to be true // Object.is equality[39m
release	UNKNOWN STEP	2025-10-28T20:38:10.1837329Z 
release	UNKNOWN STEP	2025-10-28T20:38:10.1837602Z [32m- Expected[39m
release	UNKNOWN STEP	2025-10-28T20:38:10.1838042Z [31m+ Received[39m
release	UNKNOWN STEP	2025-10-28T20:38:10.1838262Z 
release	UNKNOWN STEP	2025-10-28T20:38:10.1838462Z [32m- true[39m
release	UNKNOWN STEP	2025-10-28T20:38:10.1838858Z [31m+ false[39m
release	UNKNOWN STEP	2025-10-28T20:38:10.1839058Z 
release	UNKNOWN STEP	2025-10-28T20:38:10.1839721Z [36m [2mâ¯[22m InteractiveRun.expectText test-helper.ts:[2m195:60[22m[39m
release	UNKNOWN STEP	2025-10-28T20:38:10.1851176Z     [90m193| [39m      [34m200[39m[33m,[39m
release	UNKNOWN STEP	2025-10-28T20:38:10.1851888Z     [90m194| [39m    )[33m;[39m
release	UNKNOWN STEP	2025-10-28T20:38:10.1853243Z     [90m195| [39m    [34mexpect[39m(found[33m,[39m [32m`Did not find expected text: "[39m[36m${[39mtext[36m}[39m[32m"`[39m)[33m.[39m[34mtoBe[39m([35mtrue[39m)[33m;[39m
release	UNKNOWN STEP	2025-10-28T20:38:10.1854411Z     [90m   | [39m                                                           [31m^[39m
release	UNKNOWN STEP	2025-10-28T20:38:10.1854928Z     [90m196| [39m  }
release	UNKNOWN STEP	2025-10-28T20:38:10.1855287Z     [90m197| [39m
release	UNKNOWN STEP	2025-10-28T20:38:10.1856035Z [90m [2mâ¯[22m TestRig.runInteractive test-helper.ts:[2m994:5[22m[39m
release	UNKNOWN STEP	2025-10-28T20:38:10.1857015Z [90m [2mâ¯[22m context-compress-interactive.test.ts:[2m59:17[22m[39m
release	UNKNOWN STEP	2025-10-28T20:38:10.1857462Z 
release	UNKNOWN STEP	2025-10-28T20:38:10.1857847Z [31m[2mâŽ¯âŽ¯âŽ¯âŽ¯âŽ¯âŽ¯âŽ¯âŽ¯âŽ¯âŽ¯âŽ¯âŽ¯âŽ¯âŽ¯âŽ¯âŽ¯âŽ¯âŽ¯âŽ¯âŽ¯âŽ¯âŽ¯âŽ¯[2/99]âŽ¯[22m[39m
release	UNKNOWN STEP	2025-10-28T20:38:10.1858156Z 
release	UNKNOWN STEP	2025-10-28T20:38:10.1859302Z [41m[1m FAIL [22m[49m context-compress-interactive.test.ts[2m > [22mInteractive Mode[2m > [22mshould handle /compress command on empty history
release	UNKNOWN STEP	2025-10-28T20:38:10.1861374Z [41m[1m FAIL [22m[49m context-compress-interactive.test.ts[2m > [22mInteractive Mode[2m > [22mshould handle /compress command on empty history
release	UNKNOWN STEP	2025-10-28T20:38:10.1863315Z [41m[1m FAIL [22m[49m context-compress-interactive.test.ts[2m > [22mInteractive Mode[2m > [22mshould handle /compress command on empty history
release	UNKNOWN STEP	2025-10-28T20:38:10.1865311Z [31m[1mAssertionError[22m: Did not find expected text: "Type your message": expected false to be true // Object.is equality[39m
release	UNKNOWN STEP	2025-10-28T20:38:10.1866037Z 
release	UNKNOWN STEP	2025-10-28T20:38:10.1866301Z [32m- Expected[39m
release	UNKNOWN STEP	2025-10-28T20:38:10.1866740Z [31m+ Received[39m
release	UNKNOWN STEP	2025-10-28T20:38:10.1866946Z 
release	UNKNOWN STEP	2025-10-28T20:38:10.1867115Z [32m- true[39m
release	UNKNOWN STEP	2025-10-28T20:38:10.1867453Z [31m+ false[39m
release	UNKNOWN STEP	2025-10-28T20:38:10.1867630Z 
release	UNKNOWN STEP	2025-10-28T20:38:10.1868233Z [36m [2mâ¯[22m InteractiveRun.expectText test-helper.ts:[2m195:60[22m[39m
release	UNKNOWN STEP	2025-10-28T20:38:10.1868988Z     [90m193| [39m      [34m200[39m[33m,[39m
release	UNKNOWN STEP	2025-10-28T20:38:10.1869489Z     [90m194| [39m    )[33m;[39m
release	UNKNOWN STEP	2025-10-28T20:38:10.1888245Z     [90m195| [39m    [34mexpect[39m(found[33m,[39m [32m`Did not find expected text: "[39m[36m${[39mtext[36m}[39m[32m"`[39m)[33m.[39m[34mtoBe[39m([35mtrue[39m)[33m;[39m
release	UNKNOWN STEP	2025-10-28T20:38:10.1889551Z     [90m   | [39m                                                           [31m^[39m
release	UNKNOWN STEP	2025-10-28T20:38:10.1890082Z     [90m196| [39m  }
release	UNKNOWN STEP	2025-10-28T20:38:10.1890619Z     [90m197| [39m
release	UNKNOWN STEP	2025-10-28T20:38:10.1891369Z [90m [2mâ¯[22m TestRig.runInteractive test-helper.ts:[2m994:5[22m[39m
release	UNKNOWN STEP	2025-10-28T20:38:10.1892344Z [90m [2mâ¯[22m context-compress-interactive.test.ts:[2m89:17[22m[39m
release	UNKNOWN STEP	2025-10-28T20:38:10.1892792Z 
release	UNKNOWN STEP	2025-10-28T20:38:10.1893160Z [31m[2mâŽ¯âŽ¯âŽ¯âŽ¯âŽ¯âŽ¯âŽ¯âŽ¯âŽ¯âŽ¯âŽ¯âŽ¯âŽ¯âŽ¯âŽ¯âŽ¯âŽ¯âŽ¯âŽ¯âŽ¯âŽ¯âŽ¯âŽ¯[3/99]âŽ¯[22m[39m
release	UNKNOWN STEP	2025-10-28T20:38:10.1893457Z 
release	UNKNOWN STEP	2025-10-28T20:38:10.1894268Z [41m[1m FAIL [22m[49m ctrl-c-exit.test.ts[2m > [22mCtrl+C exit[2m > [22mshould exit gracefully on second Ctrl+C
release	UNKNOWN STEP	2025-10-28T20:38:10.1895637Z [41m[1m FAIL [22m[49m ctrl-c-exit.test.ts[2m > [22mCtrl+C exit[2m > [22mshould exit gracefully on second Ctrl+C
release	UNKNOWN STEP	2025-10-28T20:38:10.1896985Z [41m[1m FAIL [22m[49m ctrl-c-exit.test.ts[2m > [22mCtrl+C exit[2m > [22mshould exit gracefully on second Ctrl+C
release	UNKNOWN STEP	2025-10-28T20:38:10.1898525Z [31m[1mAssertionError[22m: Did not find expected text: "Type your message": expected false to be true // Object.is equality[39m
release	UNKNOWN STEP	2025-10-28T20:38:10.1899251Z 
release	UNKNOWN STEP	2025-10-28T20:38:10.1899442Z [32m- Expected[39m
release	UNKNOWN STEP	2025-10-28T20:38:10.1899811Z [31m+ Received[39m
release	UNKNOWN STEP	2025-10-28T20:38:10.1899993Z 
release	UNKNOWN STEP	2025-10-28T20:38:10.1900147Z [32m- true[39m
release	UNKNOWN STEP	2025-10-28T20:38:10.1900619Z [31m+ false[39m
release	UNKNOWN STEP	2025-10-28T20:38:10.1900801Z 
release	UNKNOWN STEP	2025-10-28T20:38:10.1901382Z [36m [2mâ¯[22m InteractiveRun.expectText test-helper.ts:[2m195:60[22m[39m
release	UNKNOWN STEP	2025-10-28T20:38:10.1902099Z     [90m193| [39m      [34m200[39m[33m,[39m
release	UNKNOWN STEP	2025-10-28T20:38:10.1902607Z     [90m194| [39m    )[33m;[39m
release	UNKNOWN STEP	2025-10-28T20:38:10.1904102Z     [90m195| [39m    [34mexpect[39m(found[33m,[39m [32m`Did not find expected text: "[39m[36m${[39mtext[36m}[39m[32m"`[39m)[33m.[39m[34mtoBe[39m([35mtrue[39m)[33m;[39m
release	UNKNOWN STEP	2025-10-28T20:38:10.1905288Z     [90m   | [39m                                                           [31m^[39m
release	UNKNOWN STEP	2025-10-28T20:38:10.1905792Z     [90m196| [39m  }
release	UNKNOWN STEP	2025-10-28T20:38:10.1906161Z     [90m197| [39m
release	UNKNOWN STEP	2025-10-28T20:38:10.1906872Z [90m [2mâ¯[22m TestRig.runInteractive test-helper.ts:[2m994:5[22m[39m
release	UNKNOWN STEP	2025-10-28T20:38:10.1907674Z [90m [2mâ¯[22m ctrl-c-exit.test.ts:[2m18:17[22m[39m
release	UNKNOWN STEP	2025-10-28T20:38:10.1907995Z 
release	UNKNOWN STEP	2025-10-28T20:38:10.1908374Z [31m[2mâŽ¯âŽ¯âŽ¯âŽ¯âŽ¯âŽ¯âŽ¯âŽ¯âŽ¯âŽ¯âŽ¯âŽ¯âŽ¯âŽ¯âŽ¯âŽ¯âŽ¯âŽ¯âŽ¯âŽ¯âŽ¯âŽ¯âŽ¯[4/99]âŽ¯[22m[39m
release	UNKNOWN STEP	2025-10-28T20:38:10.1908666Z 
release	UNKNOWN STEP	2025-10-28T20:38:10.1909788Z [41m[1m FAIL [22m[49m file-system-interactive.test.ts[2m > [22mInteractive file system[2m > [22mshould perform a read-then-write sequence
release	UNKNOWN STEP	2025-10-28T20:38:10.1911748Z [41m[1m FAIL [22m[49m file-system-interactive.test.ts[2m > [22mInteractive file system[2m > [22mshould perform a read-then-write sequence
release	UNKNOWN STEP	2025-10-28T20:38:10.1913550Z [41m[1m FAIL [22m[49m file-system-interactive.test.ts[2m > [22mInteractive file system[2m > [22mshould perform a read-then-write sequence
release	UNKNOWN STEP	2025-10-28T20:38:10.1915258Z [31m[1mAssertionError[22m: Did not find expected text: "Type your message": expected false to be true // Object.is equality[39m
release	UNKNOWN STEP	2025-10-28T20:38:10.1916162Z 
release	UNKNOWN STEP	2025-10-28T20:38:10.1916366Z [32m- Expected[39m
release	UNKNOWN STEP	2025-10-28T20:38:10.1916738Z [31m+ Received[39m
release	UNKNOWN STEP	2025-10-28T20:38:10.1916924Z 
release	UNKNOWN STEP	2025-10-28T20:38:10.1917093Z [32m- true[39m
release	UNKNOWN STEP	2025-10-28T20:38:10.1917430Z [31m+ false[39m
release	UNKNOWN STEP	2025-10-28T20:38:10.1917608Z 
release	UNKNOWN STEP	2025-10-28T20:38:10.1918189Z [36m [2mâ¯[22m InteractiveRun.expectText test-helper.ts:[2m195:60[22m[39m
release	UNKNOWN STEP	2025-10-28T20:38:10.1918909Z     [90m193| [39m      [34m200[39m[33m,[39m
release	UNKNOWN STEP	2025-10-28T20:38:10.1919422Z     [90m194| [39m    )[33m;[39m
release	UNKNOWN STEP	2025-10-28T20:38:10.1921066Z     [90m195| [39m    [34mexpect[39m(found[33m,[39m [32m`Did not find expected text: "[39m[36m${[39mtext[36m}[39m[32m"`[39m)[33m.[39m[34mtoBe[39m([35mtrue[39m)[33m;[39m
release	UNKNOWN STEP	2025-10-28T20:38:10.1922376Z     [90m   | [39m                                                           [31m^[39m
release	UNKNOWN STEP	2025-10-28T20:38:10.1923170Z     [90m196| [39m  }
release	UNKNOWN STEP	2025-10-28T20:38:10.1923668Z     [90m197| [39m
release	UNKNOWN STEP	2025-10-28T20:38:10.1989037Z [90m [2mâ¯[22m TestRig.runInteractive test-helper.ts:[2m994:5[22m[39m
release	UNKNOWN STEP	2025-10-28T20:38:10.1990015Z [90m [2mâ¯[22m file-system-interactive.test.ts:[2m35:17[22m[39m
release	UNKNOWN STEP	2025-10-28T20:38:10.1990415Z 
release	UNKNOWN STEP	2025-10-28T20:38:10.1991120Z [31m[2mâŽ¯âŽ¯âŽ¯âŽ¯âŽ¯âŽ¯âŽ¯âŽ¯âŽ¯âŽ¯âŽ¯âŽ¯âŽ¯âŽ¯âŽ¯âŽ¯âŽ¯âŽ¯âŽ¯âŽ¯âŽ¯âŽ¯âŽ¯[5/99]âŽ¯[22m[39m
release	UNKNOWN STEP	2025-10-28T20:38:10.1991428Z 
release	UNKNOWN STEP	2025-10-28T20:38:10.1992181Z [41m[1m FAIL [22m[49m file-system.test.ts[2m > [22mfile-system[2m > [22mshould be able to read a file
release	UNKNOWN STEP	2025-10-28T20:38:10.1993450Z [41m[1m FAIL [22m[49m file-system.test.ts[2m > [22mfile-system[2m > [22mshould be able to read a file
release	UNKNOWN STEP	2025-10-28T20:38:10.1994728Z [41m[1m FAIL [22m[49m file-system.test.ts[2m > [22mfile-system[2m > [22mshould be able to read a file
release	UNKNOWN STEP	2025-10-28T20:38:10.1995996Z [41m[1m FAIL [22m[49m file-system.test.ts[2m > [22mfile-system[2m > [22mshould be able to write a file
release	UNKNOWN STEP	2025-10-28T20:38:10.1997267Z [41m[1m FAIL [22m[49m file-system.test.ts[2m > [22mfile-system[2m > [22mshould be able to write a file
release	UNKNOWN STEP	2025-10-28T20:38:10.1998544Z [41m[1m FAIL [22m[49m file-system.test.ts[2m > [22mfile-system[2m > [22mshould be able to write a file
release	UNKNOWN STEP	2025-10-28T20:38:10.1999943Z [41m[1m FAIL [22m[49m file-system.test.ts[2m > [22mfile-system[2m > [22mshould correctly handle file paths with spaces
release	UNKNOWN STEP	2025-10-28T20:38:10.2001585Z [41m[1m FAIL [22m[49m file-system.test.ts[2m > [22mfile-system[2m > [22mshould correctly handle file paths with spaces
release	UNKNOWN STEP	2025-10-28T20:38:10.2003052Z [41m[1m FAIL [22m[49m file-system.test.ts[2m > [22mfile-system[2m > [22mshould correctly handle file paths with spaces
release	UNKNOWN STEP	2025-10-28T20:38:10.2004718Z [41m[1m FAIL [22m[49m file-system.test.ts[2m > [22mfile-system[2m > [22mshould perform a read-then-write sequence
release	UNKNOWN STEP	2025-10-28T20:38:10.2006148Z [41m[1m FAIL [22m[49m file-system.test.ts[2m > [22mfile-system[2m > [22mshould perform a read-then-write sequence
release	UNKNOWN STEP	2025-10-28T20:38:10.2007555Z [41m[1m FAIL [22m[49m file-system.test.ts[2m > [22mfile-system[2m > [22mshould perform a read-then-write sequence
release	UNKNOWN STEP	2025-10-28T20:38:10.2009096Z [41m[1m FAIL [22m[49m file-system.test.ts[2m > [22mfile-system[2m > [22mshould fail safely when trying to edit a non-existent file
release	UNKNOWN STEP	2025-10-28T20:38:10.2010842Z [41m[1m FAIL [22m[49m file-system.test.ts[2m > [22mfile-system[2m > [22mshould fail safely when trying to edit a non-existent file
release	UNKNOWN STEP	2025-10-28T20:38:10.2012445Z [41m[1m FAIL [22m[49m file-system.test.ts[2m > [22mfile-system[2m > [22mshould fail safely when trying to edit a non-existent file
release	UNKNOWN STEP	2025-10-28T20:38:10.2013954Z [41m[1m FAIL [22m[49m google_web_search.test.ts[2m > [22mgoogle_web_search[2m > [22mshould be able to search the web
release	UNKNOWN STEP	2025-10-28T20:38:10.2015389Z [41m[1m FAIL [22m[49m google_web_search.test.ts[2m > [22mgoogle_web_search[2m > [22mshould be able to search the web
release	UNKNOWN STEP	2025-10-28T20:38:10.2016809Z [41m[1m FAIL [22m[49m google_web_search.test.ts[2m > [22mgoogle_web_search[2m > [22mshould be able to search the web
release	UNKNOWN STEP	2025-10-28T20:38:10.2018216Z [41m[1m FAIL [22m[49m list_directory.test.ts[2m > [22mlist_directory[2m > [22mshould be able to list a directory
release	UNKNOWN STEP	2025-10-28T20:38:10.2019781Z [41m[1m FAIL [22m[49m list_directory.test.ts[2m > [22mlist_directory[2m > [22mshould be able to list a directory
release	UNKNOWN STEP	2025-10-28T20:38:10.2021310Z [41m[1m FAIL [22m[49m list_directory.test.ts[2m > [22mlist_directory[2m > [22mshould be able to list a directory
release	UNKNOWN STEP	2025-10-28T20:38:10.2022667Z [41m[1m FAIL [22m[49m replace.test.ts[2m > [22mreplace[2m > [22mshould be able to replace content in a file
release	UNKNOWN STEP	2025-10-28T20:38:10.2023991Z [41m[1m FAIL [22m[49m replace.test.ts[2m > [22mreplace[2m > [22mshould be able to replace content in a file
release	UNKNOWN STEP	2025-10-28T20:38:10.2025292Z [41m[1m FAIL [22m[49m replace.test.ts[2m > [22mreplace[2m > [22mshould be able to replace content in a file
release	UNKNOWN STEP	2025-10-28T20:38:10.2026715Z [41m[1m FAIL [22m[49m run_shell_command.test.ts[2m > [22mrun_shell_command[2m > [22mshould be able to run a shell command
release	UNKNOWN STEP	2025-10-28T20:38:10.2028352Z [41m[1m FAIL [22m[49m run_shell_command.test.ts[2m > [22mrun_shell_command[2m > [22mshould be able to run a shell command
release	UNKNOWN STEP	2025-10-28T20:38:10.2029838Z [41m[1m FAIL [22m[49m run_shell_command.test.ts[2m > [22mrun_shell_command[2m > [22mshould be able to run a shell command
release	UNKNOWN STEP	2025-10-28T20:38:10.2031858Z [41m[1m FAIL [22m[49m run_shell_command.test.ts[2m > [22mrun_shell_command[2m > [22mshould be able to run a shell command via stdin
release	UNKNOWN STEP	2025-10-28T20:38:10.2039372Z [41m[1m FAIL [22m[49m run_shell_command.test.ts[2m > [22mrun_shell_command[2m > [22mshould be able to run a shell command via stdin
release	UNKNOWN STEP	2025-10-28T20:38:10.2041932Z [41m[1m FAIL [22m[49m run_shell_command.test.ts[2m > [22mrun_shell_command[2m > [22mshould be able to run a shell command via stdin
release	UNKNOWN STEP	2025-10-28T20:38:10.2043626Z [41m[1m FAIL [22m[49m run_shell_command.test.ts[2m > [22mrun_shell_command[2m > [22mshould succeed with --yolo mode
release	UNKNOWN STEP	2025-10-28T20:38:10.2045198Z [41m[1m FAIL [22m[49m run_shell_command.test.ts[2m > [22mrun_shell_command[2m > [22mshould succeed with --yolo mode
release	UNKNOWN STEP	2025-10-28T20:38:10.2046710Z [41m[1m FAIL [22m[49m run_shell_command.test.ts[2m > [22mrun_shell_command[2m > [22mshould succeed with --yolo mode
release	UNKNOWN STEP	2025-10-28T20:38:10.2048441Z [41m[1m FAIL [22m[49m run_shell_command.test.ts[2m > [22mrun_shell_command[2m > [22mshould propagate environment variables to the child process
release	UNKNOWN STEP	2025-10-28T20:38:10.2050328Z [41m[1m FAIL [22m[49m run_shell_command.test.ts[2m > [22mrun_shell_command[2m > [22mshould propagate environment variables to the child process
release	UNKNOWN STEP	2025-10-28T20:38:10.2052661Z [41m[1m FAIL [22m[49m run_shell_command.test.ts[2m > [22mrun_shell_command[2m > [22mshould propagate environment variables to the child process
release	UNKNOWN STEP	2025-10-28T20:38:10.2054388Z [41m[1m FAIL [22m[49m run_shell_command.test.ts[2m > [22mrun_shell_command[2m > [22mrejects invalid shell expressions
release	UNKNOWN STEP	2025-10-28T20:38:10.2055977Z [41m[1m FAIL [22m[49m run_shell_command.test.ts[2m > [22mrun_shell_command[2m > [22mrejects invalid shell expressions
release	UNKNOWN STEP	2025-10-28T20:38:10.2057553Z [41m[1m FAIL [22m[49m run_shell_command.test.ts[2m > [22mrun_shell_command[2m > [22mrejects invalid shell expressions
release	UNKNOWN STEP	2025-10-28T20:38:10.2059033Z [41m[1m FAIL [22m[49m save_memory.test.ts[2m > [22msave_memory[2m > [22mshould be able to save to memory
release	UNKNOWN STEP	2025-10-28T20:38:10.2060630Z [41m[1m FAIL [22m[49m save_memory.test.ts[2m > [22msave_memory[2m > [22mshould be able to save to memory
release	UNKNOWN STEP	2025-10-28T20:38:10.2062057Z [41m[1m FAIL [22m[49m save_memory.test.ts[2m > [22msave_memory[2m > [22mshould be able to save to memory
release	UNKNOWN STEP	2025-10-28T20:38:10.2063519Z [41m[1m FAIL [22m[49m simple-mcp-server.test.ts[2m > [22msimple-mcp-server[2m > [22mshould add two numbers
release	UNKNOWN STEP	2025-10-28T20:38:10.2065015Z [41m[1m FAIL [22m[49m simple-mcp-server.test.ts[2m > [22msimple-mcp-server[2m > [22mshould add two numbers
release	UNKNOWN STEP	2025-10-28T20:38:10.2066495Z [41m[1m FAIL [22m[49m simple-mcp-server.test.ts[2m > [22msimple-mcp-server[2m > [22mshould add two numbers
release	UNKNOWN STEP	2025-10-28T20:38:10.2068196Z [41m[1m FAIL [22m[49m telemetry.test.ts[2m > [22mtelemetry[2m > [22mshould emit a metric and a log event
release	UNKNOWN STEP	2025-10-28T20:38:10.2069602Z [41m[1m FAIL [22m[49m telemetry.test.ts[2m > [22mtelemetry[2m > [22mshould emit a metric and a log event
release	UNKNOWN STEP	2025-10-28T20:38:10.2071274Z [41m[1m FAIL [22m[49m telemetry.test.ts[2m > [22mtelemetry[2m > [22mshould emit a metric and a log event
release	UNKNOWN STEP	2025-10-28T20:38:10.2072671Z [41m[1m FAIL [22m[49m utf-bom-encoding.test.ts[2m > [22mBOM end-to-end integraion[2m > [22mUTF-8 BOM
release	UNKNOWN STEP	2025-10-28T20:38:10.2074062Z [41m[1m FAIL [22m[49m utf-bom-encoding.test.ts[2m > [22mBOM end-to-end integraion[2m > [22mUTF-8 BOM
release	UNKNOWN STEP	2025-10-28T20:38:10.2075335Z [41m[1m FAIL [22m[49m utf-bom-encoding.test.ts[2m > [22mBOM end-to-end integraion[2m > [22mUTF-8 BOM
release	UNKNOWN STEP	2025-10-28T20:38:10.2076681Z [41m[1m FAIL [22m[49m utf-bom-encoding.test.ts[2m > [22mBOM end-to-end integraion[2m > [22mUTF-16 LE BOM
release	UNKNOWN STEP	2025-10-28T20:38:10.2078135Z [41m[1m FAIL [22m[49m utf-bom-encoding.test.ts[2m > [22mBOM end-to-end integraion[2m > [22mUTF-16 LE BOM
release	UNKNOWN STEP	2025-10-28T20:38:10.2079524Z [41m[1m FAIL [22m[49m utf-bom-encoding.test.ts[2m > [22mBOM end-to-end integraion[2m > [22mUTF-16 LE BOM
release	UNKNOWN STEP	2025-10-28T20:38:10.2081154Z [41m[1m FAIL [22m[49m utf-bom-encoding.test.ts[2m > [22mBOM end-to-end integraion[2m > [22mUTF-16 BE BOM
release	UNKNOWN STEP	2025-10-28T20:38:10.2082619Z [41m[1m FAIL [22m[49m utf-bom-encoding.test.ts[2m > [22mBOM end-to-end integraion[2m > [22mUTF-16 BE BOM
release	UNKNOWN STEP	2025-10-28T20:38:10.2083973Z [41m[1m FAIL [22m[49m utf-bom-encoding.test.ts[2m > [22mBOM end-to-end integraion[2m > [22mUTF-16 BE BOM
release	UNKNOWN STEP	2025-10-28T20:38:10.2085318Z [41m[1m FAIL [22m[49m utf-bom-encoding.test.ts[2m > [22mBOM end-to-end integraion[2m > [22mUTF-32 LE BOM
release	UNKNOWN STEP	2025-10-28T20:38:10.2086653Z [41m[1m FAIL [22m[49m utf-bom-encoding.test.ts[2m > [22mBOM end-to-end integraion[2m > [22mUTF-32 LE BOM
release	UNKNOWN STEP	2025-10-28T20:38:10.2087958Z [41m[1m FAIL [22m[49m utf-bom-encoding.test.ts[2m > [22mBOM end-to-end integraion[2m > [22mUTF-32 LE BOM
release	UNKNOWN STEP	2025-10-28T20:38:10.2089281Z [41m[1m FAIL [22m[49m utf-bom-encoding.test.ts[2m > [22mBOM end-to-end integraion[2m > [22mUTF-32 BE BOM
release	UNKNOWN STEP	2025-10-28T20:38:10.2090804Z [41m[1m FAIL [22m[49m utf-bom-encoding.test.ts[2m > [22mBOM end-to-end integraion[2m > [22mUTF-32 BE BOM
release	UNKNOWN STEP	2025-10-28T20:38:10.2092192Z [41m[1m FAIL [22m[49m utf-bom-encoding.test.ts[2m > [22mBOM end-to-end integraion[2m > [22mUTF-32 BE BOM
release	UNKNOWN STEP	2025-10-28T20:38:10.2093958Z [41m[1m FAIL [22m[49m utf-bom-encoding.test.ts[2m > [22mBOM end-to-end integraion[2m > [22mCan describe a PNG file
release	UNKNOWN STEP	2025-10-28T20:38:10.2103862Z [41m[1m FAIL [22m[49m utf-bom-encoding.test.ts[2m > [22mBOM end-to-end integraion[2m > [22mCan describe a PNG file
release	UNKNOWN STEP	2025-10-28T20:38:10.2105457Z [41m[1m FAIL [22m[49m utf-bom-encoding.test.ts[2m > [22mBOM end-to-end integraion[2m > [22mCan describe a PNG file
release	UNKNOWN STEP	2025-10-28T20:38:10.2112376Z [41m[1m FAIL [22m[49m write_file.test.ts[2m > [22mwrite_file[2m > [22mshould be able to write a file
release	UNKNOWN STEP	2025-10-28T20:38:10.2113746Z [41m[1m FAIL [22m[49m write_file.test.ts[2m > [22mwrite_file[2m > [22mshould be able to write a file
release	UNKNOWN STEP	2025-10-28T20:38:10.2114977Z [41m[1m FAIL [22m[49m write_file.test.ts[2m > [22mwrite_file[2m > [22mshould be able to write a file
release	UNKNOWN STEP	2025-10-28T20:38:10.2115859Z [31m[1mError[22m: Process exited with code 1:
release	UNKNOWN STEP	2025-10-28T20:38:10.2116611Z YOLO mode is enabled. All tool calls will be automatically approved.
release	UNKNOWN STEP	2025-10-28T20:38:10.2117744Z GEMINI_API_KEY not found. Find your existing key or generate a new one at: https://aistudio.google.com/apikey
release	UNKNOWN STEP	2025-10-28T20:38:10.2118380Z 
release	UNKNOWN STEP	2025-10-28T20:38:10.2118931Z To continue, please set the GEMINI_API_KEY environment variable or add it to a .env file.
release	UNKNOWN STEP	2025-10-28T20:38:10.2119610Z [39m
release	UNKNOWN STEP	2025-10-28T20:38:10.2120345Z [36m [2mâ¯[22m ChildProcess.<anonymous> test-helper.ts:[2m486:18[22m[39m
release	UNKNOWN STEP	2025-10-28T20:38:10.2121637Z     [90m484| [39m          [34mresolve[39m(result)[33m;[39m
release	UNKNOWN STEP	2025-10-28T20:38:10.2122269Z     [90m485| [39m        } [35melse[39m {
release	UNKNOWN STEP	2025-10-28T20:38:10.2123076Z     [90m486| [39m          reject(new Error(`Process exited with code ${code}:\n${stderâ€¦
release	UNKNOWN STEP	2025-10-28T20:38:10.2123797Z     [90m   | [39m                 [31m^[39m
release	UNKNOWN STEP	2025-10-28T20:38:10.2124265Z     [90m487| [39m        }
release	UNKNOWN STEP	2025-10-28T20:38:10.2124737Z     [90m488| [39m      })[33m;[39m
release	UNKNOWN STEP	2025-10-28T20:38:10.2125014Z 
release	UNKNOWN STEP	2025-10-28T20:38:10.2125400Z [31m[2mâŽ¯âŽ¯âŽ¯âŽ¯âŽ¯âŽ¯âŽ¯âŽ¯âŽ¯âŽ¯âŽ¯âŽ¯âŽ¯âŽ¯âŽ¯âŽ¯âŽ¯âŽ¯âŽ¯âŽ¯âŽ¯âŽ¯âŽ¯[6/99]âŽ¯[22m[39m
release	UNKNOWN STEP	2025-10-28T20:38:10.2125697Z 
release	UNKNOWN STEP	2025-10-28T20:38:10.2126649Z [41m[1m FAIL [22m[49m json-output.test.ts[2m > [22mJSON output[2m > [22mshould return a valid JSON with response and stats
release	UNKNOWN STEP	2025-10-28T20:38:10.2128207Z [41m[1m FAIL [22m[49m json-output.test.ts[2m > [22mJSON output[2m > [22mshould return a valid JSON with response and stats
release	UNKNOWN STEP	2025-10-28T20:38:10.2129729Z [41m[1m FAIL [22m[49m json-output.test.ts[2m > [22mJSON output[2m > [22mshould return a valid JSON with response and stats
release	UNKNOWN STEP	2025-10-28T20:38:10.2130901Z [31m[1mError[22m: Process exited with code 1:
release	UNKNOWN STEP	2025-10-28T20:38:10.2131628Z YOLO mode is enabled. All tool calls will be automatically approved.
release	UNKNOWN STEP	2025-10-28T20:38:10.2132158Z {
release	UNKNOWN STEP	2025-10-28T20:38:10.2132427Z   "error": {
release	UNKNOWN STEP	2025-10-28T20:38:10.2132714Z     "type": "Error",
release	UNKNOWN STEP	2025-10-28T20:38:10.2134106Z     "message": "GEMINI_API_KEY not found. Find your existing key or generate a new one at: https://aistudio.google.com/apikey\n\nTo continue, please set the GEMINI_API_KEY environment variable or add it to a .env file.",
release	UNKNOWN STEP	2025-10-28T20:38:10.2135361Z     "code": 1
release	UNKNOWN STEP	2025-10-28T20:38:10.2135636Z   }
release	UNKNOWN STEP	2025-10-28T20:38:10.2135886Z }
release	UNKNOWN STEP	2025-10-28T20:38:10.2136178Z [39m
release	UNKNOWN STEP	2025-10-28T20:38:10.2136897Z [36m [2mâ¯[22m ChildProcess.<anonymous> test-helper.ts:[2m486:18[22m[39m
release	UNKNOWN STEP	2025-10-28T20:38:10.2137762Z     [90m484| [39m          [34mresolve[39m(result)[33m;[39m
release	UNKNOWN STEP	2025-10-28T20:38:10.2138365Z     [90m485| [39m        } [35melse[39m {
release	UNKNOWN STEP	2025-10-28T20:38:10.2139170Z     [90m486| [39m          reject(new Error(`Process exited with code ${code}:\n${stderâ€¦
release	UNKNOWN STEP	2025-10-28T20:38:10.2139885Z     [90m   | [39m                 [31m^[39m
release	UNKNOWN STEP	2025-10-28T20:38:10.2140350Z     [90m487| [39m        }
release	UNKNOWN STEP	2025-10-28T20:38:10.2147329Z     [90m488| [39m      })[33m;[39m
release	UNKNOWN STEP	2025-10-28T20:38:10.2147624Z 
release	UNKNOWN STEP	2025-10-28T20:38:10.2148022Z [31m[2mâŽ¯âŽ¯âŽ¯âŽ¯âŽ¯âŽ¯âŽ¯âŽ¯âŽ¯âŽ¯âŽ¯âŽ¯âŽ¯âŽ¯âŽ¯âŽ¯âŽ¯âŽ¯âŽ¯âŽ¯âŽ¯âŽ¯âŽ¯[7/99]âŽ¯[22m[39m
release	UNKNOWN STEP	2025-10-28T20:38:10.2148325Z 
release	UNKNOWN STEP	2025-10-28T20:38:10.2149851Z [41m[1m FAIL [22m[49m mcp_server_cyclic_schema.test.ts[2m > [22mmcp server with cyclic tool schema is detected[2m > [22mmcp tool list should include tool with cyclic tool schema
release	UNKNOWN STEP	2025-10-28T20:38:10.2152357Z [41m[1m FAIL [22m[49m mcp_server_cyclic_schema.test.ts[2m > [22mmcp server with cyclic tool schema is detected[2m > [22mmcp tool list should include tool with cyclic tool schema
release	UNKNOWN STEP	2025-10-28T20:38:10.2154479Z [41m[1m FAIL [22m[49m mcp_server_cyclic_schema.test.ts[2m > [22mmcp server with cyclic tool schema is detected[2m > [22mmcp tool list should include tool with cyclic tool schema
release	UNKNOWN STEP	2025-10-28T20:38:10.2156303Z [31m[1mAssertionError[22m: Did not find expected text: "Type your message": expected false to be true // Object.is equality[39m
release	UNKNOWN STEP	2025-10-28T20:38:10.2157004Z 
release	UNKNOWN STEP	2025-10-28T20:38:10.2157194Z [32m- Expected[39m
release	UNKNOWN STEP	2025-10-28T20:38:10.2157567Z [31m+ Received[39m
release	UNKNOWN STEP	2025-10-28T20:38:10.2157749Z 
release	UNKNOWN STEP	2025-10-28T20:38:10.2157907Z [32m- true[39m
release	UNKNOWN STEP	2025-10-28T20:38:10.2158237Z [31m+ false[39m
release	UNKNOWN STEP	2025-10-28T20:38:10.2158409Z 
release	UNKNOWN STEP	2025-10-28T20:38:10.2159003Z [36m [2mâ¯[22m InteractiveRun.expectText test-helper.ts:[2m195:60[22m[39m
release	UNKNOWN STEP	2025-10-28T20:38:10.2159714Z     [90m193| [39m      [34m200[39m[33m,[39m
release	UNKNOWN STEP	2025-10-28T20:38:10.2160214Z     [90m194| [39m    )[33m;[39m
release	UNKNOWN STEP	2025-10-28T20:38:10.2163509Z     [90m195| [39m    [34mexpect[39m(found[33m,[39m [32m`Did not find expected text: "[39m[36m${[39mtext[36m}[39m[32m"`[39m)[33m.[39m[34mtoBe[39m([35mtrue[39m)[33m;[39m
release	UNKNOWN STEP	2025-10-28T20:38:10.2165084Z     [90m   | [39m                                                           [31m^[39m
release	UNKNOWN STEP	2025-10-28T20:38:10.2165611Z     [90m196| [39m  }
release	UNKNOWN STEP	2025-10-28T20:38:10.2165973Z     [90m197| [39m
release	UNKNOWN STEP	2025-10-28T20:38:10.2166752Z [90m [2mâ¯[22m TestRig.runInteractive test-helper.ts:[2m994:5[22m[39m
release	UNKNOWN STEP	2025-10-28T20:38:10.2167805Z [90m [2mâ¯[22m mcp_server_cyclic_schema.test.ts:[2m196:17[22m[39m
release	UNKNOWN STEP	2025-10-28T20:38:10.2168235Z 
release	UNKNOWN STEP	2025-10-28T20:38:10.2168692Z [31m[2mâŽ¯âŽ¯âŽ¯âŽ¯âŽ¯âŽ¯âŽ¯âŽ¯âŽ¯âŽ¯âŽ¯âŽ¯âŽ¯âŽ¯âŽ¯âŽ¯âŽ¯âŽ¯âŽ¯âŽ¯âŽ¯âŽ¯âŽ¯[8/99]âŽ¯[22m[39m
release	UNKNOWN STEP	2025-10-28T20:38:10.2169006Z 
release	UNKNOWN STEP	2025-10-28T20:38:10.2170109Z [41m[1m FAIL [22m[49m run_shell_command.test.ts[2m > [22mrun_shell_command[2m > [22mshould succeed with no parens in non-interactive mode
release	UNKNOWN STEP	2025-10-28T20:38:10.2172245Z [41m[1m FAIL [22m[49m run_shell_command.test.ts[2m > [22mrun_shell_command[2m > [22mshould succeed with no parens in non-interactive mode
release	UNKNOWN STEP	2025-10-28T20:38:10.2174136Z [41m[1m FAIL [22m[49m run_shell_command.test.ts[2m > [22mrun_shell_command[2m > [22mshould succeed with no parens in non-interactive mode
release	UNKNOWN STEP	2025-10-28T20:38:10.2175947Z [41m[1m FAIL [22m[49m run_shell_command.test.ts[2m > [22mrun_shell_command[2m > [22mshould reject commands not on the allowlist
release	UNKNOWN STEP	2025-10-28T20:38:10.2177657Z [41m[1m FAIL [22m[49m run_shell_command.test.ts[2m > [22mrun_shell_command[2m > [22mshould reject commands not on the allowlist
release	UNKNOWN STEP	2025-10-28T20:38:10.2179359Z [41m[1m FAIL [22m[49m run_shell_command.test.ts[2m > [22mrun_shell_command[2m > [22mshould reject commands not on the allowlist
release	UNKNOWN STEP	2025-10-28T20:38:10.2189773Z [41m[1m FAIL [22m[49m run_shell_command.test.ts[2m > [22mrun_shell_command[2m > [22mshould allow all with "ShellTool" and other specific tools
release	UNKNOWN STEP	2025-10-28T20:38:10.2193109Z [41m[1m FAIL [22m[49m run_shell_command.test.ts[2m > [22mrun_shell_command[2m > [22mshould allow all with "ShellTool" and other specific tools
release	UNKNOWN STEP	2025-10-28T20:38:10.2195009Z [41m[1m FAIL [22m[49m run_shell_command.test.ts[2m > [22mrun_shell_command[2m > [22mshould allow all with "ShellTool" and other specific tools
release	UNKNOWN STEP	2025-10-28T20:38:10.2196177Z [31m[1mError[22m: Process exited with code 1:
release	UNKNOWN STEP	2025-10-28T20:38:10.2197248Z GEMINI_API_KEY not found. Find your existing key or generate a new one at: https://aistudio.google.com/apikey
release	UNKNOWN STEP	2025-10-28T20:38:10.2197918Z 
release	UNKNOWN STEP	2025-10-28T20:38:10.2198492Z To continue, please set the GEMINI_API_KEY environment variable or add it to a .env file.
release	UNKNOWN STEP	2025-10-28T20:38:10.2199209Z [39m
release	UNKNOWN STEP	2025-10-28T20:38:10.2199973Z [36m [2mâ¯[22m ChildProcess.<anonymous> test-helper.ts:[2m486:18[22m[39m
release	UNKNOWN STEP	2025-10-28T20:38:10.2201205Z     [90m484| [39m          [34mresolve[39m(result)[33m;[39m
release	UNKNOWN STEP	2025-10-28T20:38:10.2201844Z     [90m485| [39m        } [35melse[39m {
release	UNKNOWN STEP	2025-10-28T20:38:10.2202669Z     [90m486| [39m          reject(new Error(`Process exited with code ${code}:\n${stderâ€¦
release	UNKNOWN STEP	2025-10-28T20:38:10.2203454Z     [90m   | [39m                 [31m^[39m
release	UNKNOWN STEP	2025-10-28T20:38:10.2203988Z     [90m487| [39m        }
release	UNKNOWN STEP	2025-10-28T20:38:10.2204511Z     [90m488| [39m      })[33m;[39m
release	UNKNOWN STEP	2025-10-28T20:38:10.2204804Z 
release	UNKNOWN STEP	2025-10-28T20:38:10.2205228Z [31m[2mâŽ¯âŽ¯âŽ¯âŽ¯âŽ¯âŽ¯âŽ¯âŽ¯âŽ¯âŽ¯âŽ¯âŽ¯âŽ¯âŽ¯âŽ¯âŽ¯âŽ¯âŽ¯âŽ¯âŽ¯âŽ¯âŽ¯âŽ¯[9/99]âŽ¯[22m[39m
release	UNKNOWN STEP	2025-10-28T20:38:10.2205565Z 
release	UNKNOWN STEP	2025-10-28T20:38:10.2205597Z 
release	UNKNOWN STEP	2025-10-28T20:38:10.2206590Z [2m Test Files [22m [1m[31m15 failed[39m[22m[2m | [22m[1m[32m2 passed[39m[22m[2m | [22m[33m3 skipped[39m[90m (20)[39m
release	UNKNOWN STEP	2025-10-28T20:38:10.2208185Z [2m      Tests [22m [1m[31m33 failed[39m[22m[2m | [22m[1m[32m4 passed[39m[22m[2m | [22m[33m14 skipped[39m[90m (51)[39m
release	UNKNOWN STEP	2025-10-28T20:38:10.2209072Z [2m   Start at [22m 20:31:52
release	UNKNOWN STEP	2025-10-28T20:38:10.2210296Z [2m   Duration [22m 377.40s[2m (transform 2.56s, setup 0ms, collect 5.55s, tests 885.53s, environment 4ms, prepare 1.53s)[22m
release	UNKNOWN STEP	2025-10-28T20:38:10.2211174Z 
release	UNKNOWN STEP	2025-10-28T20:38:10.3048426Z ##[error]Process completed with exit code 1.
release	UNKNOWN STEP	2025-10-28T20:38:10.3144924Z ##[group]Run gh issue create \
release	UNKNOWN STEP	2025-10-28T20:38:10.3145210Z [36;1mgh issue create \[0m
release	UNKNOWN STEP	2025-10-28T20:38:10.3145557Z [36;1m  --title "Nightly Release Failed for ${RELEASE_TAG} on $(date +'%Y-%m-%d')" \[0m
release	UNKNOWN STEP	2025-10-28T20:38:10.3146308Z [36;1m  --body "The nightly-release workflow failed. See the full run for details: ${DETAILS_URL}" \[0m
release	UNKNOWN STEP	2025-10-28T20:38:10.3146784Z [36;1m  --label 'kind/bug,release-failure,priority/p0'[0m
release	UNKNOWN STEP	2025-10-28T20:38:10.3181033Z shell: /usr/bin/bash -e {0}
release	UNKNOWN STEP	2025-10-28T20:38:10.3181262Z env:
release	UNKNOWN STEP	2025-10-28T20:38:10.3181627Z   GITHUB_TOKEN: ***
release	UNKNOWN STEP	2025-10-28T20:38:10.3181810Z   RELEASE_TAG: 
release	UNKNOWN STEP	2025-10-28T20:38:10.3182115Z   DETAILS_URL: https://github.com/hebenezer-m/gemini-cli/actions/runs/18888271622
release	UNKNOWN STEP	2025-10-28T20:38:10.3182471Z ##[endgroup]
release	UNKNOWN STEP	2025-10-28T20:38:12.7785804Z could not add label: 'kind/bug' not found
release	UNKNOWN STEP	2025-10-28T20:38:12.7819216Z ##[error]Process completed with exit code 1.
release	UNKNOWN STEP	2025-10-28T20:38:12.7872972Z Post job cleanup.
release	UNKNOWN STEP	2025-10-28T20:38:12.8635131Z [command]/usr/bin/git version
release	UNKNOWN STEP	2025-10-28T20:38:12.8669697Z git version 2.51.0
release	UNKNOWN STEP	2025-10-28T20:38:12.8704646Z Temporarily overriding HOME='/home/runner/work/_temp/381a68ae-3dff-4f63-8846-6022c5c22eb2' before making global git config changes
release	UNKNOWN STEP	2025-10-28T20:38:12.8706002Z Adding repository directory to the temporary git global config as a safe directory
release	UNKNOWN STEP	2025-10-28T20:38:12.8709500Z [command]/usr/bin/git config --global --add safe.directory /home/runner/work/gemini-cli/gemini-cli/release
release	UNKNOWN STEP	2025-10-28T20:38:12.8744240Z [command]/usr/bin/git config --local --name-only --get-regexp core\.sshCommand
release	UNKNOWN STEP	2025-10-28T20:38:12.8775840Z [command]/usr/bin/git submodule foreach --recursive sh -c "git config --local --name-only --get-regexp 'core\.sshCommand' && git config --local --unset-all 'core.sshCommand' || :"
release	UNKNOWN STEP	2025-10-28T20:38:12.8997534Z [command]/usr/bin/git config --local --name-only --get-regexp http\.https\:\/\/github\.com\/\.extraheader
release	UNKNOWN STEP	2025-10-28T20:38:12.9019075Z http.https://github.com/.extraheader
release	UNKNOWN STEP	2025-10-28T20:38:12.9028285Z [command]/usr/bin/git config --local --unset-all http.https://github.com/.extraheader
release	UNKNOWN STEP	2025-10-28T20:38:12.9058378Z [command]/usr/bin/git submodule foreach --recursive sh -c "git config --local --name-only --get-regexp 'http\.https\:\/\/github\.com\/\.extraheader' && git config --local --unset-all 'http.https://github.com/.extraheader' || :"
release	UNKNOWN STEP	2025-10-28T20:38:12.9387094Z Post job cleanup.
release	UNKNOWN STEP	2025-10-28T20:38:13.0190148Z [command]/usr/bin/git version
release	UNKNOWN STEP	2025-10-28T20:38:13.0227401Z git version 2.51.0
release	UNKNOWN STEP	2025-10-28T20:38:13.0263272Z Temporarily overriding HOME='/home/runner/work/_temp/28576328-ea41-4390-8804-473c63ca479a' before making global git config changes
release	UNKNOWN STEP	2025-10-28T20:38:13.0264811Z Adding repository directory to the temporary git global config as a safe directory
release	UNKNOWN STEP	2025-10-28T20:38:13.0268210Z [command]/usr/bin/git config --global --add safe.directory /home/runner/work/gemini-cli/gemini-cli
release	UNKNOWN STEP	2025-10-28T20:38:13.0304149Z [command]/usr/bin/git config --local --name-only --get-regexp core\.sshCommand
release	UNKNOWN STEP	2025-10-28T20:38:13.0335834Z [command]/usr/bin/git submodule foreach --recursive sh -c "git config --local --name-only --get-regexp 'core\.sshCommand' && git config --local --unset-all 'core.sshCommand' || :"
release	UNKNOWN STEP	2025-10-28T20:38:13.0559298Z [command]/usr/bin/git config --local --name-only --get-regexp http\.https\:\/\/github\.com\/\.extraheader
release	UNKNOWN STEP	2025-10-28T20:38:13.0581759Z http.https://github.com/.extraheader
release	UNKNOWN STEP	2025-10-28T20:38:13.0592323Z [command]/usr/bin/git config --local --unset-all http.https://github.com/.extraheader
release	UNKNOWN STEP	2025-10-28T20:38:13.0623167Z [command]/usr/bin/git submodule foreach --recursive sh -c "git config --local --name-only --get-regexp 'http\.https\:\/\/github\.com\/\.extraheader' && git config --local --unset-all 'http.https://github.com/.extraheader' || :"
release	UNKNOWN STEP	2025-10-28T20:38:13.0954836Z Cleaning up orphan processes
