release	UNKNOWN STEP	ï»¿2025-10-24T20:25:50.2537628Z Current runner version: '2.329.0'
release	UNKNOWN STEP	2025-10-24T20:25:50.2562531Z ##[group]Runner Image Provisioner
release	UNKNOWN STEP	2025-10-24T20:25:50.2563346Z Hosted Compute Agent
release	UNKNOWN STEP	2025-10-24T20:25:50.2563856Z Version: 20250912.392
release	UNKNOWN STEP	2025-10-24T20:25:50.2564547Z Commit: d921fda672a98b64f4f82364647e2f10b2267d0b
release	UNKNOWN STEP	2025-10-24T20:25:50.2565226Z Build Date: 2025-09-12T15:23:14Z
release	UNKNOWN STEP	2025-10-24T20:25:50.2565782Z ##[endgroup]
release	UNKNOWN STEP	2025-10-24T20:25:50.2566389Z ##[group]Operating System
release	UNKNOWN STEP	2025-10-24T20:25:50.2566904Z Ubuntu
release	UNKNOWN STEP	2025-10-24T20:25:50.2567371Z 24.04.3
release	UNKNOWN STEP	2025-10-24T20:25:50.2567827Z LTS
release	UNKNOWN STEP	2025-10-24T20:25:50.2568293Z ##[endgroup]
release	UNKNOWN STEP	2025-10-24T20:25:50.2568902Z ##[group]Runner Image
release	UNKNOWN STEP	2025-10-24T20:25:50.2569520Z Image: ubuntu-24.04
release	UNKNOWN STEP	2025-10-24T20:25:50.2570037Z Version: 20250929.60.1
release	UNKNOWN STEP	2025-10-24T20:25:50.2571006Z Included Software: https://github.com/actions/runner-images/blob/ubuntu24/20250929.60/images/ubuntu/Ubuntu2404-Readme.md
release	UNKNOWN STEP	2025-10-24T20:25:50.2572618Z Image Release: https://github.com/actions/runner-images/releases/tag/ubuntu24%2F20250929.60
release	UNKNOWN STEP	2025-10-24T20:25:50.2573519Z ##[endgroup]
release	UNKNOWN STEP	2025-10-24T20:25:50.2574868Z ##[group]GITHUB_TOKEN Permissions
release	UNKNOWN STEP	2025-10-24T20:25:50.2577177Z Contents: write
release	UNKNOWN STEP	2025-10-24T20:25:50.2578010Z Issues: write
release	UNKNOWN STEP	2025-10-24T20:25:50.2578950Z Metadata: read
release	UNKNOWN STEP	2025-10-24T20:25:50.2579461Z Packages: write
release	UNKNOWN STEP	2025-10-24T20:25:50.2579963Z PullRequests: write
release	UNKNOWN STEP	2025-10-24T20:25:50.2580577Z ##[endgroup]
release	UNKNOWN STEP	2025-10-24T20:25:50.2582786Z Secret source: Actions
release	UNKNOWN STEP	2025-10-24T20:25:50.2583951Z Prepare workflow directory
release	UNKNOWN STEP	2025-10-24T20:25:50.2917251Z Prepare all required actions
release	UNKNOWN STEP	2025-10-24T20:25:50.2957008Z Getting action download info
release	UNKNOWN STEP	2025-10-24T20:25:50.6187194Z Download action repository 'actions/checkout@08c6903cd8c0fde910a37f88322edcfb5dd907a8' (SHA:08c6903cd8c0fde910a37f88322edcfb5dd907a8)
release	UNKNOWN STEP	2025-10-24T20:25:50.7918228Z Download action repository 'actions/setup-node@49933ea5288caeca8642d1e84afbd3f7d6820020' (SHA:49933ea5288caeca8642d1e84afbd3f7d6820020)
release	UNKNOWN STEP	2025-10-24T20:25:50.9711248Z Complete job name: release
release	UNKNOWN STEP	2025-10-24T20:25:51.0416124Z ##[group]Run actions/checkout@08c6903cd8c0fde910a37f88322edcfb5dd907a8
release	UNKNOWN STEP	2025-10-24T20:25:51.0417153Z with:
release	UNKNOWN STEP	2025-10-24T20:25:51.0417542Z   fetch-depth: 0
release	UNKNOWN STEP	2025-10-24T20:25:51.0417969Z   repository: hebenezer-m/gemini-cli
release	UNKNOWN STEP	2025-10-24T20:25:51.0418817Z   token: ***
release	UNKNOWN STEP	2025-10-24T20:25:51.0419196Z   ssh-strict: true
release	UNKNOWN STEP	2025-10-24T20:25:51.0419582Z   ssh-user: git
release	UNKNOWN STEP	2025-10-24T20:25:51.0419972Z   persist-credentials: true
release	UNKNOWN STEP	2025-10-24T20:25:51.0420411Z   clean: true
release	UNKNOWN STEP	2025-10-24T20:25:51.0420807Z   sparse-checkout-cone-mode: true
release	UNKNOWN STEP	2025-10-24T20:25:51.0421284Z   fetch-tags: false
release	UNKNOWN STEP	2025-10-24T20:25:51.0421669Z   show-progress: true
release	UNKNOWN STEP	2025-10-24T20:25:51.0422063Z   lfs: false
release	UNKNOWN STEP	2025-10-24T20:25:51.0422421Z   submodules: false
release	UNKNOWN STEP	2025-10-24T20:25:51.0422808Z   set-safe-directory: true
release	UNKNOWN STEP	2025-10-24T20:25:51.0423486Z ##[endgroup]
release	UNKNOWN STEP	2025-10-24T20:25:51.1321035Z Syncing repository: hebenezer-m/gemini-cli
release	UNKNOWN STEP	2025-10-24T20:25:51.1323050Z ##[group]Getting Git version info
release	UNKNOWN STEP	2025-10-24T20:25:51.1323839Z Working directory is '/home/runner/work/gemini-cli/gemini-cli'
release	UNKNOWN STEP	2025-10-24T20:25:51.1324802Z [command]/usr/bin/git version
release	UNKNOWN STEP	2025-10-24T20:25:51.1393279Z git version 2.51.0
release	UNKNOWN STEP	2025-10-24T20:25:51.1414284Z ##[endgroup]
release	UNKNOWN STEP	2025-10-24T20:25:51.1427739Z Temporarily overriding HOME='/home/runner/work/_temp/cea6ba96-bb86-4264-a927-2a38713412a1' before making global git config changes
release	UNKNOWN STEP	2025-10-24T20:25:51.1429739Z Adding repository directory to the temporary git global config as a safe directory
release	UNKNOWN STEP	2025-10-24T20:25:51.1432416Z [command]/usr/bin/git config --global --add safe.directory /home/runner/work/gemini-cli/gemini-cli
release	UNKNOWN STEP	2025-10-24T20:25:51.1468086Z Deleting the contents of '/home/runner/work/gemini-cli/gemini-cli'
release	UNKNOWN STEP	2025-10-24T20:25:51.1471755Z ##[group]Initializing the repository
release	UNKNOWN STEP	2025-10-24T20:25:51.1475812Z [command]/usr/bin/git init /home/runner/work/gemini-cli/gemini-cli
release	UNKNOWN STEP	2025-10-24T20:25:51.1563253Z hint: Using 'master' as the name for the initial branch. This default branch name
release	UNKNOWN STEP	2025-10-24T20:25:51.1564840Z hint: is subject to change. To configure the initial branch name to use in all
release	UNKNOWN STEP	2025-10-24T20:25:51.1566006Z hint: of your new repositories, which will suppress this warning, call:
release	UNKNOWN STEP	2025-10-24T20:25:51.1567025Z hint:
release	UNKNOWN STEP	2025-10-24T20:25:51.1567696Z hint: 	git config --global init.defaultBranch <name>
release	UNKNOWN STEP	2025-10-24T20:25:51.1568422Z hint:
release	UNKNOWN STEP	2025-10-24T20:25:51.1569248Z hint: Names commonly chosen instead of 'master' are 'main', 'trunk' and
release	UNKNOWN STEP	2025-10-24T20:25:51.1570141Z hint: 'development'. The just-created branch can be renamed via this command:
release	UNKNOWN STEP	2025-10-24T20:25:51.1571062Z hint:
release	UNKNOWN STEP	2025-10-24T20:25:51.1571745Z hint: 	git branch -m <name>
release	UNKNOWN STEP	2025-10-24T20:25:51.1572469Z hint:
release	UNKNOWN STEP	2025-10-24T20:25:51.1573300Z hint: Disable this message with "git config set advice.defaultBranchName false"
release	UNKNOWN STEP	2025-10-24T20:25:51.1574298Z Initialized empty Git repository in /home/runner/work/gemini-cli/gemini-cli/.git/
release	UNKNOWN STEP	2025-10-24T20:25:51.1577046Z [command]/usr/bin/git remote add origin https://github.com/hebenezer-m/gemini-cli
release	UNKNOWN STEP	2025-10-24T20:25:51.1643527Z ##[endgroup]
release	UNKNOWN STEP	2025-10-24T20:25:51.1644217Z ##[group]Disabling automatic garbage collection
release	UNKNOWN STEP	2025-10-24T20:25:51.1647287Z [command]/usr/bin/git config --local gc.auto 0
release	UNKNOWN STEP	2025-10-24T20:25:51.1674063Z ##[endgroup]
release	UNKNOWN STEP	2025-10-24T20:25:51.1674718Z ##[group]Setting up auth
release	UNKNOWN STEP	2025-10-24T20:25:51.1680813Z [command]/usr/bin/git config --local --name-only --get-regexp core\.sshCommand
release	UNKNOWN STEP	2025-10-24T20:25:51.1711619Z [command]/usr/bin/git submodule foreach --recursive sh -c "git config --local --name-only --get-regexp 'core\.sshCommand' && git config --local --unset-all 'core.sshCommand' || :"
release	UNKNOWN STEP	2025-10-24T20:25:51.2043563Z [command]/usr/bin/git config --local --name-only --get-regexp http\.https\:\/\/github\.com\/\.extraheader
release	UNKNOWN STEP	2025-10-24T20:25:51.2072355Z [command]/usr/bin/git submodule foreach --recursive sh -c "git config --local --name-only --get-regexp 'http\.https\:\/\/github\.com\/\.extraheader' && git config --local --unset-all 'http.https://github.com/.extraheader' || :"
release	UNKNOWN STEP	2025-10-24T20:25:51.2299454Z [command]/usr/bin/git config --local http.https://github.com/.extraheader AUTHORIZATION: basic ***
release	UNKNOWN STEP	2025-10-24T20:25:51.2341586Z ##[endgroup]
release	UNKNOWN STEP	2025-10-24T20:25:51.2342270Z ##[group]Fetching the repository
release	UNKNOWN STEP	2025-10-24T20:25:51.2356103Z [command]/usr/bin/git -c protocol.version=2 fetch --prune --no-recurse-submodules origin +refs/heads/*:refs/remotes/origin/* +refs/tags/*:refs/tags/*
release	UNKNOWN STEP	2025-10-24T20:25:52.7510177Z From https://github.com/hebenezer-m/gemini-cli
release	UNKNOWN STEP	2025-10-24T20:25:52.7519824Z  * [new branch]        It's-OK                -> origin/It's-OK
release	UNKNOWN STEP	2025-10-24T20:25:52.7521230Z  * [new branch]        backup-minhas-modificacoes -> origin/backup-minhas-modificacoes
release	UNKNOWN STEP	2025-10-24T20:25:52.7522394Z  * [new branch]        copilot/fix-github-mcp-pat-issue -> origin/copilot/fix-github-mcp-pat-issue
release	UNKNOWN STEP	2025-10-24T20:25:52.7523500Z  * [new branch]        fix/docker-build-issue -> origin/fix/docker-build-issue
release	UNKNOWN STEP	2025-10-24T20:25:52.7524424Z  * [new branch]        local-ci-enhancements  -> origin/local-ci-enhancements
release	UNKNOWN STEP	2025-10-24T20:25:52.7525317Z  * [new branch]        main                   -> origin/main
release	UNKNOWN STEP	2025-10-24T20:25:52.7566647Z [command]/usr/bin/git branch --list --remote origin/main
release	UNKNOWN STEP	2025-10-24T20:25:52.7590625Z   origin/main
release	UNKNOWN STEP	2025-10-24T20:25:52.7600728Z [command]/usr/bin/git rev-parse refs/remotes/origin/main
release	UNKNOWN STEP	2025-10-24T20:25:52.7621811Z 884d838a1e0e41e67c8614fdb7f6f2eddfe2066c
release	UNKNOWN STEP	2025-10-24T20:25:52.7628040Z ##[endgroup]
release	UNKNOWN STEP	2025-10-24T20:25:52.7629847Z ##[group]Determining the checkout info
release	UNKNOWN STEP	2025-10-24T20:25:52.7631227Z ##[endgroup]
release	UNKNOWN STEP	2025-10-24T20:25:52.7634367Z [command]/usr/bin/git sparse-checkout disable
release	UNKNOWN STEP	2025-10-24T20:25:52.7675941Z [command]/usr/bin/git config --local --unset-all extensions.worktreeConfig
release	UNKNOWN STEP	2025-10-24T20:25:52.7703976Z ##[group]Checking out the ref
release	UNKNOWN STEP	2025-10-24T20:25:52.7707762Z [command]/usr/bin/git checkout --progress --force -B main refs/remotes/origin/main
release	UNKNOWN STEP	2025-10-24T20:25:52.8706458Z Switched to a new branch 'main'
release	UNKNOWN STEP	2025-10-24T20:25:52.8707928Z branch 'main' set up to track 'origin/main'.
release	UNKNOWN STEP	2025-10-24T20:25:52.8723410Z ##[endgroup]
release	UNKNOWN STEP	2025-10-24T20:25:52.8762474Z [command]/usr/bin/git log -1 --format=%H
release	UNKNOWN STEP	2025-10-24T20:25:52.8792521Z 884d838a1e0e41e67c8614fdb7f6f2eddfe2066c
release	UNKNOWN STEP	2025-10-24T20:25:52.9073521Z ##[group]Run actions/checkout@08c6903cd8c0fde910a37f88322edcfb5dd907a8
release	UNKNOWN STEP	2025-10-24T20:25:52.9074669Z with:
release	UNKNOWN STEP	2025-10-24T20:25:52.9075078Z   path: release
release	UNKNOWN STEP	2025-10-24T20:25:52.9075536Z   fetch-depth: 0
release	UNKNOWN STEP	2025-10-24T20:25:52.9076053Z   repository: hebenezer-m/gemini-cli
release	UNKNOWN STEP	2025-10-24T20:25:52.9076995Z   token: ***
release	UNKNOWN STEP	2025-10-24T20:25:52.9077448Z   ssh-strict: true
release	UNKNOWN STEP	2025-10-24T20:25:52.9077949Z   ssh-user: git
release	UNKNOWN STEP	2025-10-24T20:25:52.9078438Z   persist-credentials: true
release	UNKNOWN STEP	2025-10-24T20:25:52.9079283Z   clean: true
release	UNKNOWN STEP	2025-10-24T20:25:52.9079776Z   sparse-checkout-cone-mode: true
release	UNKNOWN STEP	2025-10-24T20:25:52.9080460Z   fetch-tags: false
release	UNKNOWN STEP	2025-10-24T20:25:52.9080953Z   show-progress: true
release	UNKNOWN STEP	2025-10-24T20:25:52.9081443Z   lfs: false
release	UNKNOWN STEP	2025-10-24T20:25:52.9081866Z   submodules: false
release	UNKNOWN STEP	2025-10-24T20:25:52.9082365Z   set-safe-directory: true
release	UNKNOWN STEP	2025-10-24T20:25:52.9082933Z ##[endgroup]
release	UNKNOWN STEP	2025-10-24T20:25:52.9845545Z Syncing repository: hebenezer-m/gemini-cli
release	UNKNOWN STEP	2025-10-24T20:25:52.9852109Z ##[group]Getting Git version info
release	UNKNOWN STEP	2025-10-24T20:25:52.9853552Z Working directory is '/home/runner/work/gemini-cli/gemini-cli/release'
release	UNKNOWN STEP	2025-10-24T20:25:52.9886711Z [command]/usr/bin/git version
release	UNKNOWN STEP	2025-10-24T20:25:52.9921385Z git version 2.51.0
release	UNKNOWN STEP	2025-10-24T20:25:52.9974757Z ##[endgroup]
release	UNKNOWN STEP	2025-10-24T20:25:52.9988898Z Temporarily overriding HOME='/home/runner/work/_temp/0600d479-77cd-4c61-bf44-fcc2b925ef0b' before making global git config changes
release	UNKNOWN STEP	2025-10-24T20:25:52.9991642Z Adding repository directory to the temporary git global config as a safe directory
release	UNKNOWN STEP	2025-10-24T20:25:52.9995290Z [command]/usr/bin/git config --global --add safe.directory /home/runner/work/gemini-cli/gemini-cli/release
release	UNKNOWN STEP	2025-10-24T20:25:53.0027215Z ##[group]Initializing the repository
release	UNKNOWN STEP	2025-10-24T20:25:53.0032938Z [command]/usr/bin/git init /home/runner/work/gemini-cli/gemini-cli/release
release	UNKNOWN STEP	2025-10-24T20:25:53.0069565Z hint: Using 'master' as the name for the initial branch. This default branch name
release	UNKNOWN STEP	2025-10-24T20:25:53.0071878Z hint: is subject to change. To configure the initial branch name to use in all
release	UNKNOWN STEP	2025-10-24T20:25:53.0073438Z hint: of your new repositories, which will suppress this warning, call:
release	UNKNOWN STEP	2025-10-24T20:25:53.0074524Z hint:
release	UNKNOWN STEP	2025-10-24T20:25:53.0075102Z hint: 	git config --global init.defaultBranch <name>
release	UNKNOWN STEP	2025-10-24T20:25:53.0075941Z hint:
release	UNKNOWN STEP	2025-10-24T20:25:53.0077056Z hint: Names commonly chosen instead of 'master' are 'main', 'trunk' and
release	UNKNOWN STEP	2025-10-24T20:25:53.0078853Z hint: 'development'. The just-created branch can be renamed via this command:
release	UNKNOWN STEP	2025-10-24T20:25:53.0079994Z hint:
release	UNKNOWN STEP	2025-10-24T20:25:53.0080697Z hint: 	git branch -m <name>
release	UNKNOWN STEP	2025-10-24T20:25:53.0081668Z hint:
release	UNKNOWN STEP	2025-10-24T20:25:53.0082744Z hint: Disable this message with "git config set advice.defaultBranchName false"
release	UNKNOWN STEP	2025-10-24T20:25:53.0084514Z Initialized empty Git repository in /home/runner/work/gemini-cli/gemini-cli/release/.git/
release	UNKNOWN STEP	2025-10-24T20:25:53.0087280Z [command]/usr/bin/git remote add origin https://github.com/hebenezer-m/gemini-cli
release	UNKNOWN STEP	2025-10-24T20:25:53.0112997Z ##[endgroup]
release	UNKNOWN STEP	2025-10-24T20:25:53.0113955Z ##[group]Disabling automatic garbage collection
release	UNKNOWN STEP	2025-10-24T20:25:53.0116269Z [command]/usr/bin/git config --local gc.auto 0
release	UNKNOWN STEP	2025-10-24T20:25:53.0143728Z ##[endgroup]
release	UNKNOWN STEP	2025-10-24T20:25:53.0144560Z ##[group]Setting up auth
release	UNKNOWN STEP	2025-10-24T20:25:53.0150287Z [command]/usr/bin/git config --local --name-only --get-regexp core\.sshCommand
release	UNKNOWN STEP	2025-10-24T20:25:53.0180328Z [command]/usr/bin/git submodule foreach --recursive sh -c "git config --local --name-only --get-regexp 'core\.sshCommand' && git config --local --unset-all 'core.sshCommand' || :"
release	UNKNOWN STEP	2025-10-24T20:25:53.0399860Z [command]/usr/bin/git config --local --name-only --get-regexp http\.https\:\/\/github\.com\/\.extraheader
release	UNKNOWN STEP	2025-10-24T20:25:53.0431083Z [command]/usr/bin/git submodule foreach --recursive sh -c "git config --local --name-only --get-regexp 'http\.https\:\/\/github\.com\/\.extraheader' && git config --local --unset-all 'http.https://github.com/.extraheader' || :"
release	UNKNOWN STEP	2025-10-24T20:25:53.0648041Z [command]/usr/bin/git config --local http.https://github.com/.extraheader AUTHORIZATION: basic ***
release	UNKNOWN STEP	2025-10-24T20:25:53.0681992Z ##[endgroup]
release	UNKNOWN STEP	2025-10-24T20:25:53.0682974Z ##[group]Fetching the repository
release	UNKNOWN STEP	2025-10-24T20:25:53.0692542Z [command]/usr/bin/git -c protocol.version=2 fetch --prune --no-recurse-submodules origin +refs/heads/*:refs/remotes/origin/* +refs/tags/*:refs/tags/*
release	UNKNOWN STEP	2025-10-24T20:25:54.5233206Z From https://github.com/hebenezer-m/gemini-cli
release	UNKNOWN STEP	2025-10-24T20:25:54.5233763Z  * [new branch]        It's-OK                -> origin/It's-OK
release	UNKNOWN STEP	2025-10-24T20:25:54.5234258Z  * [new branch]        backup-minhas-modificacoes -> origin/backup-minhas-modificacoes
release	UNKNOWN STEP	2025-10-24T20:25:54.5234878Z  * [new branch]        copilot/fix-github-mcp-pat-issue -> origin/copilot/fix-github-mcp-pat-issue
release	UNKNOWN STEP	2025-10-24T20:25:54.5235479Z  * [new branch]        fix/docker-build-issue -> origin/fix/docker-build-issue
release	UNKNOWN STEP	2025-10-24T20:25:54.5235962Z  * [new branch]        local-ci-enhancements  -> origin/local-ci-enhancements
release	UNKNOWN STEP	2025-10-24T20:25:54.5236410Z  * [new branch]        main                   -> origin/main
release	UNKNOWN STEP	2025-10-24T20:25:54.5278443Z [command]/usr/bin/git branch --list --remote origin/main
release	UNKNOWN STEP	2025-10-24T20:25:54.5302655Z   origin/main
release	UNKNOWN STEP	2025-10-24T20:25:54.5312474Z [command]/usr/bin/git rev-parse refs/remotes/origin/main
release	UNKNOWN STEP	2025-10-24T20:25:54.5333412Z 884d838a1e0e41e67c8614fdb7f6f2eddfe2066c
release	UNKNOWN STEP	2025-10-24T20:25:54.5337874Z ##[endgroup]
release	UNKNOWN STEP	2025-10-24T20:25:54.5338376Z ##[group]Determining the checkout info
release	UNKNOWN STEP	2025-10-24T20:25:54.5340035Z ##[endgroup]
release	UNKNOWN STEP	2025-10-24T20:25:54.5344826Z [command]/usr/bin/git sparse-checkout disable
release	UNKNOWN STEP	2025-10-24T20:25:54.5379498Z [command]/usr/bin/git config --local --unset-all extensions.worktreeConfig
release	UNKNOWN STEP	2025-10-24T20:25:54.5404894Z ##[group]Checking out the ref
release	UNKNOWN STEP	2025-10-24T20:25:54.5408883Z [command]/usr/bin/git checkout --progress --force -B main refs/remotes/origin/main
release	UNKNOWN STEP	2025-10-24T20:25:54.6404820Z Switched to a new branch 'main'
release	UNKNOWN STEP	2025-10-24T20:25:54.6405681Z branch 'main' set up to track 'origin/main'.
release	UNKNOWN STEP	2025-10-24T20:25:54.6422127Z ##[endgroup]
release	UNKNOWN STEP	2025-10-24T20:25:54.6461699Z [command]/usr/bin/git log -1 --format=%H
release	UNKNOWN STEP	2025-10-24T20:25:54.6490593Z 884d838a1e0e41e67c8614fdb7f6f2eddfe2066c
release	UNKNOWN STEP	2025-10-24T20:25:54.6736728Z ##[group]Run actions/setup-node@49933ea5288caeca8642d1e84afbd3f7d6820020
release	UNKNOWN STEP	2025-10-24T20:25:54.6737149Z with:
release	UNKNOWN STEP	2025-10-24T20:25:54.6737398Z   node-version-file: ./release/.nvmrc
release	UNKNOWN STEP	2025-10-24T20:25:54.6737679Z   cache: npm
release	UNKNOWN STEP	2025-10-24T20:25:54.6737895Z   always-auth: false
release	UNKNOWN STEP	2025-10-24T20:25:54.6738122Z   check-latest: false
release	UNKNOWN STEP	2025-10-24T20:25:54.6738739Z   token: ***
release	UNKNOWN STEP	2025-10-24T20:25:54.6738998Z ##[endgroup]
release	UNKNOWN STEP	2025-10-24T20:25:54.8416410Z Resolved ./release/.nvmrc as 20
release	UNKNOWN STEP	2025-10-24T20:25:54.8485521Z Found in cache @ /opt/hostedtoolcache/node/20.19.5/x64
release	UNKNOWN STEP	2025-10-24T20:25:54.8491594Z ##[group]Environment details
release	UNKNOWN STEP	2025-10-24T20:25:57.7358219Z node: v20.19.5
release	UNKNOWN STEP	2025-10-24T20:25:57.7358828Z npm: 10.8.2
release	UNKNOWN STEP	2025-10-24T20:25:57.7359093Z yarn: 1.22.22
release	UNKNOWN STEP	2025-10-24T20:25:57.7359920Z ##[endgroup]
release	UNKNOWN STEP	2025-10-24T20:25:57.7382937Z [command]/opt/hostedtoolcache/node/20.19.5/x64/bin/npm config get cache
release	UNKNOWN STEP	2025-10-24T20:25:58.1231325Z /home/runner/.npm
release	UNKNOWN STEP	2025-10-24T20:25:58.2846518Z npm cache is not found
release	UNKNOWN STEP	2025-10-24T20:25:58.2964553Z ##[group]Run npm ci
release	UNKNOWN STEP	2025-10-24T20:25:58.2964808Z [36;1mnpm ci[0m
release	UNKNOWN STEP	2025-10-24T20:25:58.3110429Z shell: /usr/bin/bash -e {0}
release	UNKNOWN STEP	2025-10-24T20:25:58.3110667Z ##[endgroup]
release	UNKNOWN STEP	2025-10-24T20:26:24.7135313Z 
release	UNKNOWN STEP	2025-10-24T20:26:24.7143005Z > @google/gemini-cli@0.12.0-nightly.20251022.0542de95 prepare
release	UNKNOWN STEP	2025-10-24T20:26:24.7143508Z > husky && npm run bundle
release	UNKNOWN STEP	2025-10-24T20:26:24.7143680Z 
release	UNKNOWN STEP	2025-10-24T20:26:24.9979629Z 
release	UNKNOWN STEP	2025-10-24T20:26:24.9980605Z > @google/gemini-cli@0.12.0-nightly.20251022.0542de95 bundle
release	UNKNOWN STEP	2025-10-24T20:26:24.9981613Z > npm run generate && node esbuild.config.js && node scripts/copy_bundle_assets.js
release	UNKNOWN STEP	2025-10-24T20:26:24.9982127Z 
release	UNKNOWN STEP	2025-10-24T20:26:25.1387181Z 
release	UNKNOWN STEP	2025-10-24T20:26:25.1389478Z > @google/gemini-cli@0.12.0-nightly.20251022.0542de95 generate
release	UNKNOWN STEP	2025-10-24T20:26:25.1390407Z > node scripts/generate-git-commit-info.js
release	UNKNOWN STEP	2025-10-24T20:26:25.1390738Z 
release	UNKNOWN STEP	2025-10-24T20:26:27.1474269Z Assets copied to bundle/
release	UNKNOWN STEP	2025-10-24T20:26:27.1743049Z 
release	UNKNOWN STEP	2025-10-24T20:26:27.1743810Z added 1323 packages, and audited 1329 packages in 29s
release	UNKNOWN STEP	2025-10-24T20:26:27.1744945Z 
release	UNKNOWN STEP	2025-10-24T20:26:27.1745464Z 346 packages are looking for funding
release	UNKNOWN STEP	2025-10-24T20:26:27.1745964Z   run `npm fund` for details
release	UNKNOWN STEP	2025-10-24T20:26:27.1844660Z 
release	UNKNOWN STEP	2025-10-24T20:26:27.1845097Z 1 moderate severity vulnerability
release	UNKNOWN STEP	2025-10-24T20:26:27.1845465Z 
release	UNKNOWN STEP	2025-10-24T20:26:27.1845730Z To address all issues, run:
release	UNKNOWN STEP	2025-10-24T20:26:27.1846181Z   npm audit fix
release	UNKNOWN STEP	2025-10-24T20:26:27.1846410Z 
release	UNKNOWN STEP	2025-10-24T20:26:27.1846626Z Run `npm audit` for details.
release	UNKNOWN STEP	2025-10-24T20:26:27.2238889Z ##[group]Run echo "$JSON_INPUTS"
release	UNKNOWN STEP	2025-10-24T20:26:27.2239183Z [36;1mecho "$JSON_INPUTS"[0m
release	UNKNOWN STEP	2025-10-24T20:26:27.2273604Z shell: /usr/bin/bash --noprofile --norc -e -o pipefail {0}
release	UNKNOWN STEP	2025-10-24T20:26:27.2273911Z env:
release	UNKNOWN STEP	2025-10-24T20:26:27.2274072Z   JSON_INPUTS: null
release	UNKNOWN STEP	2025-10-24T20:26:27.2274252Z ##[endgroup]
release	UNKNOWN STEP	2025-10-24T20:26:27.2326671Z null
release	UNKNOWN STEP	2025-10-24T20:26:27.2425746Z Prepare all required actions
release	UNKNOWN STEP	2025-10-24T20:26:27.2457960Z ##[group]Run ./.github/actions/calculate-vars
release	UNKNOWN STEP	2025-10-24T20:26:27.2458225Z with:
release	UNKNOWN STEP	2025-10-24T20:26:27.2458394Z ##[endgroup]
release	UNKNOWN STEP	2025-10-24T20:26:27.2536922Z ##[group]Run echo "$JSON_INPUTS"
release	UNKNOWN STEP	2025-10-24T20:26:27.2537163Z [36;1mecho "$JSON_INPUTS"[0m
release	UNKNOWN STEP	2025-10-24T20:26:27.2567159Z shell: /usr/bin/bash --noprofile --norc -e -o pipefail {0}
release	UNKNOWN STEP	2025-10-24T20:26:27.2567458Z env:
release	UNKNOWN STEP	2025-10-24T20:26:27.2567626Z   JSON_INPUTS: {
release	UNKNOWN STEP	  "dry_run": ""
release	UNKNOWN STEP	}
release	UNKNOWN STEP	2025-10-24T20:26:27.2567848Z ##[endgroup]
release	UNKNOWN STEP	2025-10-24T20:26:27.2619012Z {
release	UNKNOWN STEP	2025-10-24T20:26:27.2619331Z   "dry_run": ""
release	UNKNOWN STEP	2025-10-24T20:26:27.2619625Z }
release	UNKNOWN STEP	2025-10-24T20:26:27.2642179Z ##[group]Run is_dry_run="true"
release	UNKNOWN STEP	2025-10-24T20:26:27.2642412Z [36;1mis_dry_run="true"[0m
release	UNKNOWN STEP	2025-10-24T20:26:27.2642711Z [36;1mif [[ "${DRY_RUN_INPUT}" == "" || "${DRY_RUN_INPUT}" == "false" ]]; then[0m
release	UNKNOWN STEP	2025-10-24T20:26:27.2643034Z [36;1m  is_dry_run="false"[0m
release	UNKNOWN STEP	2025-10-24T20:26:27.2643235Z [36;1mfi[0m
release	UNKNOWN STEP	2025-10-24T20:26:27.2643493Z [36;1mecho "is_dry_run=${is_dry_run}" >> "${GITHUB_OUTPUT}"[0m
release	UNKNOWN STEP	2025-10-24T20:26:27.2673102Z shell: /usr/bin/bash --noprofile --norc -e -o pipefail {0}
release	UNKNOWN STEP	2025-10-24T20:26:27.2673407Z env:
release	UNKNOWN STEP	2025-10-24T20:26:27.2673568Z   DRY_RUN_INPUT: 
release	UNKNOWN STEP	2025-10-24T20:26:27.2673740Z ##[endgroup]
release	UNKNOWN STEP	2025-10-24T20:26:27.2785462Z ##[group]Run echo "$JSON_VARS"
release	UNKNOWN STEP	2025-10-24T20:26:27.2785714Z [36;1mecho "$JSON_VARS"[0m
release	UNKNOWN STEP	2025-10-24T20:26:27.2816207Z shell: /usr/bin/bash --noprofile --norc -e -o pipefail {0}
release	UNKNOWN STEP	2025-10-24T20:26:27.2816503Z env:
release	UNKNOWN STEP	2025-10-24T20:26:27.2816674Z   JSON_VARS: {
release	UNKNOWN STEP	  "is_dry_run": "false"
release	UNKNOWN STEP	}
release	UNKNOWN STEP	2025-10-24T20:26:27.2816910Z ##[endgroup]
release	UNKNOWN STEP	2025-10-24T20:26:27.2866722Z {
release	UNKNOWN STEP	2025-10-24T20:26:27.2867022Z   "is_dry_run": "false"
release	UNKNOWN STEP	2025-10-24T20:26:27.2867245Z }
release	UNKNOWN STEP	2025-10-24T20:26:27.2897474Z Prepare all required actions
release	UNKNOWN STEP	2025-10-24T20:26:27.2924335Z ##[group]Run ./.github/actions/run-tests
release	UNKNOWN STEP	2025-10-24T20:26:27.2924570Z with:
release	UNKNOWN STEP	2025-10-24T20:26:27.2924746Z   working-directory: ./release
release	UNKNOWN STEP	2025-10-24T20:26:27.2924947Z ##[endgroup]
release	UNKNOWN STEP	2025-10-24T20:26:27.2938910Z ##[group]Run echo "$JSON_INPUTS"
release	UNKNOWN STEP	2025-10-24T20:26:27.2939163Z [36;1mecho "$JSON_INPUTS"[0m
release	UNKNOWN STEP	2025-10-24T20:26:27.2969558Z shell: /usr/bin/bash --noprofile --norc -e -o pipefail {0}
release	UNKNOWN STEP	2025-10-24T20:26:27.2969856Z env:
release	UNKNOWN STEP	2025-10-24T20:26:27.2970113Z   JSON_INPUTS: {
release	UNKNOWN STEP	  "gemini_api_key": "",
release	UNKNOWN STEP	  "working-directory": "./release"
release	UNKNOWN STEP	}
release	UNKNOWN STEP	2025-10-24T20:26:27.2970423Z ##[endgroup]
release	UNKNOWN STEP	2025-10-24T20:26:27.3019373Z {
release	UNKNOWN STEP	2025-10-24T20:26:27.3019673Z   "gemini_api_key": "",
release	UNKNOWN STEP	2025-10-24T20:26:27.3019934Z   "working-directory": "./release"
release	UNKNOWN STEP	2025-10-24T20:26:27.3020160Z }
release	UNKNOWN STEP	2025-10-24T20:26:27.3037354Z ##[group]Run echo "::group::Build"
release	UNKNOWN STEP	2025-10-24T20:26:27.3037603Z [36;1mecho "::group::Build"[0m
release	UNKNOWN STEP	2025-10-24T20:26:27.3037819Z [36;1mnpm run build[0m
release	UNKNOWN STEP	2025-10-24T20:26:27.3038054Z [36;1mecho "::endgroup::"[0m
release	UNKNOWN STEP	2025-10-24T20:26:27.3038272Z [36;1mecho "::group::Unit Tests"[0m
release	UNKNOWN STEP	2025-10-24T20:26:27.3038791Z [36;1mnpm run test:ci[0m
release	UNKNOWN STEP	2025-10-24T20:26:27.3039005Z [36;1mecho "::endgroup::"[0m
release	UNKNOWN STEP	2025-10-24T20:26:27.3039260Z [36;1mecho "::group::Integration Tests (no sandbox)"[0m
release	UNKNOWN STEP	2025-10-24T20:26:27.3039729Z [36;1mnpm run test:integration:sandbox:none[0m
release	UNKNOWN STEP	2025-10-24T20:26:27.3039976Z [36;1mecho "::endgroup::"[0m
release	UNKNOWN STEP	2025-10-24T20:26:27.3040233Z [36;1mecho "::group::Integration Tests (docker sandbox)"[0m
release	UNKNOWN STEP	2025-10-24T20:26:27.3040535Z [36;1mnpm run test:integration:sandbox:docker[0m
release	UNKNOWN STEP	2025-10-24T20:26:27.3040790Z [36;1mecho "::endgroup::"[0m
release	UNKNOWN STEP	2025-10-24T20:26:27.3071359Z shell: /usr/bin/bash --noprofile --norc -e -o pipefail {0}
release	UNKNOWN STEP	2025-10-24T20:26:27.3071651Z env:
release	UNKNOWN STEP	2025-10-24T20:26:27.3071812Z   GEMINI_API_KEY: 
release	UNKNOWN STEP	2025-10-24T20:26:27.3071984Z ##[endgroup]
release	UNKNOWN STEP	2025-10-24T20:26:27.3142947Z ##[group]Build
release	UNKNOWN STEP	2025-10-24T20:26:27.4423363Z 
release	UNKNOWN STEP	2025-10-24T20:26:27.4424204Z > @google/gemini-cli@0.12.0-nightly.20251022.0542de95 build
release	UNKNOWN STEP	2025-10-24T20:26:27.4424624Z > node scripts/build.js
release	UNKNOWN STEP	2025-10-24T20:26:27.4424777Z 
release	UNKNOWN STEP	2025-10-24T20:26:27.6019361Z 
release	UNKNOWN STEP	2025-10-24T20:26:27.6020090Z > @google/gemini-cli@0.12.0-nightly.20251022.0542de95 generate
release	UNKNOWN STEP	2025-10-24T20:26:27.6020639Z > node scripts/generate-git-commit-info.js
release	UNKNOWN STEP	2025-10-24T20:26:27.6020873Z 
release	UNKNOWN STEP	2025-10-24T20:26:27.8252133Z 
release	UNKNOWN STEP	2025-10-24T20:26:27.8253006Z > @google/gemini-cli-a2a-server@0.12.0-nightly.20251022.0542de95 build
release	UNKNOWN STEP	2025-10-24T20:26:27.8253818Z > node ../../scripts/build_package.js
release	UNKNOWN STEP	2025-10-24T20:26:27.8254124Z 
release	UNKNOWN STEP	2025-10-24T20:26:33.8933943Z Successfully copied files.
release	UNKNOWN STEP	2025-10-24T20:26:33.9006756Z 
release	UNKNOWN STEP	2025-10-24T20:26:33.9007200Z > @google/gemini-cli@0.12.0-nightly.20251022.0542de95 build
release	UNKNOWN STEP	2025-10-24T20:26:33.9007631Z > node ../../scripts/build_package.js
release	UNKNOWN STEP	2025-10-24T20:26:33.9007808Z 
release	UNKNOWN STEP	2025-10-24T20:26:54.3760544Z Successfully copied files.
release	UNKNOWN STEP	2025-10-24T20:26:54.3836566Z 
release	UNKNOWN STEP	2025-10-24T20:26:54.3837062Z > @google/gemini-cli-core@0.12.0-nightly.20251022.0542de95 build
release	UNKNOWN STEP	2025-10-24T20:26:54.3837498Z > node ../../scripts/build_package.js
release	UNKNOWN STEP	2025-10-24T20:26:54.3837669Z 
release	UNKNOWN STEP	2025-10-24T20:26:54.6955156Z Successfully copied files.
release	UNKNOWN STEP	2025-10-24T20:26:54.7026992Z 
release	UNKNOWN STEP	2025-10-24T20:26:54.7027455Z > @google/gemini-cli-test-utils@0.12.0-nightly.20251022.0542de95 build
release	UNKNOWN STEP	2025-10-24T20:26:54.7027917Z > node ../../scripts/build_package.js
release	UNKNOWN STEP	2025-10-24T20:26:54.7028123Z 
release	UNKNOWN STEP	2025-10-24T20:26:55.9122130Z Successfully copied files.
release	UNKNOWN STEP	2025-10-24T20:26:55.9193807Z 
release	UNKNOWN STEP	2025-10-24T20:26:55.9194509Z > gemini-cli-vscode-ide-companion@0.12.0-nightly.20251022.0542de95 build
release	UNKNOWN STEP	2025-10-24T20:26:55.9195173Z > npm run build:dev
release	UNKNOWN STEP	2025-10-24T20:26:55.9195396Z 
release	UNKNOWN STEP	2025-10-24T20:26:56.0506691Z 
release	UNKNOWN STEP	2025-10-24T20:26:56.0507602Z > gemini-cli-vscode-ide-companion@0.12.0-nightly.20251022.0542de95 build:dev
release	UNKNOWN STEP	2025-10-24T20:26:56.0508175Z > npm run check-types && npm run lint && node esbuild.js
release	UNKNOWN STEP	2025-10-24T20:26:56.0508397Z 
release	UNKNOWN STEP	2025-10-24T20:26:56.1870148Z 
release	UNKNOWN STEP	2025-10-24T20:26:56.1871429Z > gemini-cli-vscode-ide-companion@0.12.0-nightly.20251022.0542de95 check-types
release	UNKNOWN STEP	2025-10-24T20:26:56.1872137Z > tsc --noEmit
release	UNKNOWN STEP	2025-10-24T20:26:56.1872318Z 
release	UNKNOWN STEP	2025-10-24T20:26:59.1425253Z 
release	UNKNOWN STEP	2025-10-24T20:26:59.1426114Z > gemini-cli-vscode-ide-companion@0.12.0-nightly.20251022.0542de95 lint
release	UNKNOWN STEP	2025-10-24T20:26:59.1426763Z > eslint src
release	UNKNOWN STEP	2025-10-24T20:26:59.1426939Z 
release	UNKNOWN STEP	2025-10-24T20:27:00.4258386Z [watch] build started
release	UNKNOWN STEP	2025-10-24T20:27:00.5424233Z [watch] build finished
release	UNKNOWN STEP	2025-10-24T20:27:01.5801201Z ##[endgroup]
release	UNKNOWN STEP	2025-10-24T20:27:01.5801756Z ##[group]Unit Tests
release	UNKNOWN STEP	2025-10-24T20:27:01.7069955Z 
release	UNKNOWN STEP	2025-10-24T20:27:01.7070752Z > @google/gemini-cli@0.12.0-nightly.20251022.0542de95 test:ci
release	UNKNOWN STEP	2025-10-24T20:27:01.7071420Z > npm run test:ci --workspaces --if-present --parallel && npm run test:scripts
release	UNKNOWN STEP	2025-10-24T20:27:01.7071731Z 
release	UNKNOWN STEP	2025-10-24T20:27:01.8405637Z 
release	UNKNOWN STEP	2025-10-24T20:27:01.8406440Z > @google/gemini-cli-a2a-server@0.12.0-nightly.20251022.0542de95 test:ci
release	UNKNOWN STEP	2025-10-24T20:27:01.8406896Z > vitest run --coverage
release	UNKNOWN STEP	2025-10-24T20:27:01.8407036Z 
release	UNKNOWN STEP	2025-10-24T20:27:02.2684756Z 
release	UNKNOWN STEP	2025-10-24T20:27:02.2686980Z [1m[46m RUN [49m[22m [36mv3.2.4 [39m[90m/home/runner/work/gemini-cli/gemini-cli/release/packages/a2a-server[39m
release	UNKNOWN STEP	2025-10-24T20:27:02.2688132Z       [2mCoverage enabled with [22m[33mv8[39m
release	UNKNOWN STEP	2025-10-24T20:27:02.2688823Z 
release	UNKNOWN STEP	2025-10-24T20:27:03.6796264Z  [32mâœ“[39m src/persistence/gcs.test.ts [2m([22m[2m12 tests[22m[2m)[22m[32m 39[2mms[22m[39m
release	UNKNOWN STEP	2025-10-24T20:27:06.4881612Z  [32mâœ“[39m src/agent/task.test.ts [2m([22m[2m2 tests[22m[2m)[22m[32m 22[2mms[22m[39m
release	UNKNOWN STEP	2025-10-24T20:27:06.5097186Z  [32mâœ“[39m src/http/endpoints.test.ts [2m([22m[2m5 tests[22m[2m)[22m[32m 90[2mms[22m[39m
release	UNKNOWN STEP	2025-10-24T20:27:06.7563494Z  [32mâœ“[39m src/http/app.test.ts [2m([22m[2m10 tests[22m[2m)[22m[32m 136[2mms[22m[39m
release	UNKNOWN STEP	2025-10-24T20:27:07.3464606Z  [32mâœ“[39m src/commands/command-registry.test.ts [2m([22m[2m3 tests[22m[2m)[22m[32m 10[2mms[22m[39m
release	UNKNOWN STEP	2025-10-24T20:27:08.5160239Z  [32mâœ“[39m src/commands/list-extensions.test.ts [2m([22m[2m2 tests[22m[2m)[22m[32m 5[2mms[22m[39m
release	UNKNOWN STEP	2025-10-24T20:27:08.8109882Z 
release	UNKNOWN STEP	2025-10-24T20:27:08.8113426Z [2m Test Files [22m [1m[32m6 passed[39m[22m[90m (6)[39m
release	UNKNOWN STEP	2025-10-24T20:27:08.8114462Z [2m      Tests [22m [1m[32m34 passed[39m[22m[90m (34)[39m
release	UNKNOWN STEP	2025-10-24T20:27:08.8115030Z [2m   Start at [22m 20:27:02
release	UNKNOWN STEP	2025-10-24T20:27:08.8118236Z [2m   Duration [22m 6.54s[2m (transform 1.50s, setup 0ms, collect 9.51s, tests 301ms, environment 3.48s, prepare 683ms)[22m
release	UNKNOWN STEP	2025-10-24T20:27:08.8119282Z 
release	UNKNOWN STEP	2025-10-24T20:27:08.8351375Z JUNIT report written to /home/runner/work/gemini-cli/gemini-cli/release/packages/a2a-server/junit.xml
release	UNKNOWN STEP	2025-10-24T20:27:08.8361322Z [34m % [39m[2mCoverage report from [22m[33mv8[39m
release	UNKNOWN STEP	2025-10-24T20:27:08.9374764Z 
release	UNKNOWN STEP	2025-10-24T20:27:08.9375469Z > @google/gemini-cli@0.12.0-nightly.20251022.0542de95 test:ci
release	UNKNOWN STEP	2025-10-24T20:27:08.9376028Z > vitest run
release	UNKNOWN STEP	2025-10-24T20:27:08.9376207Z 
release	UNKNOWN STEP	2025-10-24T20:27:09.3554574Z 
release	UNKNOWN STEP	2025-10-24T20:27:09.3556720Z [1m[46m RUN [49m[22m [36mv3.2.4 [39m[90m/home/runner/work/gemini-cli/gemini-cli/release/packages/cli[39m
release	UNKNOWN STEP	2025-10-24T20:27:09.3557705Z       [2mCoverage enabled with [22m[33mv8[39m
release	UNKNOWN STEP	2025-10-24T20:27:09.3558021Z 
release	UNKNOWN STEP	2025-10-24T20:27:13.7822937Z  [32mâœ“[39m src/config/settings.test.ts [2m([22m[2m81 tests[22m[2m)[22m[32m 92[2mms[22m[39m
release	UNKNOWN STEP	2025-10-24T20:27:14.1319487Z  [32mâœ“[39m src/ui/hooks/useGeminiStream.test.tsx [2m([22m[2m44 tests[22m[2m)[22m[33m 606[2mms[22m[39m
release	UNKNOWN STEP	2025-10-24T20:27:14.5276500Z  [32mâœ“[39m src/config/config.test.ts [2m([22m[2m146 tests[22m[2m | [22m[33m1 skipped[39m[2m)[22m[33m 655[2mms[22m[39m
release	UNKNOWN STEP	2025-10-24T20:27:17.0610610Z  [32mâœ“[39m src/ui/components/shared/text-buffer.test.ts [2m([22m[2m117 tests[22m[2m)[22m[32m 275[2mms[22m[39m
release	UNKNOWN STEP	2025-10-24T20:27:18.8771735Z  [32mâœ“[39m src/ui/hooks/vim.test.ts [2m([22m[2m87 tests[22m[2m)[22m[33m 363[2mms[22m[39m
release	UNKNOWN STEP	2025-10-24T20:27:19.8960577Z  [32mâœ“[39m src/config/extension.test.ts [2m([22m[2m63 tests[22m[2m)[22m[32m 234[2mms[22m[39m
release	UNKNOWN STEP	2025-10-24T20:27:22.3259299Z  [32mâœ“[39m src/utils/sessionCleanup.test.ts [2m([22m[2m70 tests[22m[2m)[22m[32m 75[2mms[22m[39m
release	UNKNOWN STEP	2025-10-24T20:27:26.2169435Z  [32mâœ“[39m src/ui/AppContainer.test.tsx [2m([22m[2m41 tests[22m[2m)[22m[33m 356[2mms[22m[39m
release	UNKNOWN STEP	2025-10-24T20:27:26.8017964Z  [32mâœ“[39m src/ui/components/SettingsDialog.test.tsx [2m([22m[2m54 tests[22m[2m)[22m[33m 4821[2mms[22m[39m
release	UNKNOWN STEP	2025-10-24T20:27:26.8025154Z    [33m[2mâœ“[22m[39m SettingsDialog[2m > [22mRace Condition Regression Tests[2m > [22mshould not reset sibling settings when toggling a nested setting multiple times [33m 367[2mms[22m[39m
release	UNKNOWN STEP	2025-10-24T20:27:26.8029653Z    [33m[2mâœ“[22m[39m SettingsDialog[2m > [22mString Settings Editing[2m > [22mshould allow editing and committing a string setting [33m 580[2mms[22m[39m
release	UNKNOWN STEP	2025-10-24T20:27:27.9323859Z  [32mâœ“[39m src/ui/components/InputPrompt.test.tsx [2m([22m[2m97 tests[22m[2m)[22m[33m 9762[2mms[22m[39m
release	UNKNOWN STEP	2025-10-24T20:27:27.9325828Z    [33m[2mâœ“[22m[39m InputPrompt[2m > [22mcommand search (Ctrl+R when not in shell)[2m > [22mexpands and collapses long suggestion via Right/Left arrows [33m 366[2mms[22m[39m
release	UNKNOWN STEP	2025-10-24T20:27:28.7552732Z  [32mâœ“[39m src/ui/components/shared/vim-buffer-actions.test.ts [2m([22m[2m74 tests[22m[2m)[22m[32m 39[2mms[22m[39m
release	UNKNOWN STEP	2025-10-24T20:27:29.8440794Z  [32mâœ“[39m src/services/FileCommandLoader.test.ts [2m([22m[2m38 tests[22m[2m)[22m[32m 158[2mms[22m[39m
release	UNKNOWN STEP	2025-10-24T20:27:30.8703021Z  [32mâœ“[39m src/utils/settingsUtils.test.ts [2m([22m[2m73 tests[22m[2m)[22m[32m 43[2mms[22m[39m
release	UNKNOWN STEP	2025-10-24T20:27:32.5509596Z (node:3365) MaxListenersExceededWarning: Possible EventEmitter memory leak detected. 11 error listeners added to [Socket]. MaxListeners is 10. Use emitter.setMaxListeners() to increase limit
release	UNKNOWN STEP	2025-10-24T20:27:32.5512469Z (Use `node --trace-warnings ...` to show where the warning was created)
release	UNKNOWN STEP	2025-10-24T20:27:32.5692799Z  [32mâœ“[39m src/ui/contexts/KeypressContext.test.tsx [2m([22m[2m68 tests[22m[2m)[22m[32m 244[2mms[22m[39m
release	UNKNOWN STEP	2025-10-24T20:27:32.5702513Z  [32mâœ“[39m src/nonInteractiveCli.test.ts [2m([22m[2m23 tests[22m[2m)[22m[32m 88[2mms[22m[39m
release	UNKNOWN STEP	2025-10-24T20:27:34.1008918Z  [32mâœ“[39m src/ui/hooks/atCommandProcessor.test.ts [2m([22m[2m39 tests[22m[2m)[22m[33m 446[2mms[22m[39m
release	UNKNOWN STEP	2025-10-24T20:27:35.8503709Z  [32mâœ“[39m src/ui/hooks/useToolScheduler.test.ts [2m([22m[2m21 tests[22m[2m)[22m[32m 126[2mms[22m[39m
release	UNKNOWN STEP	2025-10-24T20:27:37.2957514Z  [32mâœ“[39m src/ui/hooks/useSelectionList.test.ts [2m([22m[2m45 tests[22m[2m)[22m[32m 124[2mms[22m[39m
release	UNKNOWN STEP	2025-10-24T20:27:37.7117219Z  [32mâœ“[39m src/ui/hooks/slashCommandProcessor.test.ts [2m([22m[2m35 tests[22m[2m)[22m[33m 2132[2mms[22m[39m
release	UNKNOWN STEP	2025-10-24T20:27:38.2716918Z  [32mâœ“[39m src/services/prompt-processors/shellProcessor.test.ts [2m([22m[2m33 tests[22m[2m)[22m[32m 58[2mms[22m[39m
release	UNKNOWN STEP	2025-10-24T20:27:39.5980605Z  [32mâœ“[39m src/ui/hooks/shellCommandProcessor.test.ts [2m([22m[2m20 tests[22m[2m)[22m[33m 409[2mms[22m[39m
release	UNKNOWN STEP	2025-10-24T20:27:40.3655660Z  [32mâœ“[39m src/ui/hooks/useSlashCompletion.test.ts [2m([22m[2m21 tests[22m[2m)[22m[33m 422[2mms[22m[39m
release	UNKNOWN STEP	2025-10-24T20:27:41.5624902Z  [32mâœ“[39m src/ui/commands/chatCommand.test.ts [2m([22m[2m28 tests[22m[2m)[22m[32m 52[2mms[22m[39m
release	UNKNOWN STEP	2025-10-24T20:27:43.1379383Z  [32mâœ“[39m src/ui/hooks/useCommandCompletion.test.ts [2m([22m[2m21 tests[22m[2m)[22m[32m 114[2mms[22m[39m
release	UNKNOWN STEP	2025-10-24T20:27:44.0740632Z  [32mâœ“[39m src/ui/hooks/useAutoAcceptIndicator.test.ts [2m([22m[2m17 tests[22m[2m)[22m[32m 111[2mms[22m[39m
release	UNKNOWN STEP	2025-10-24T20:27:45.6939077Z  [32mâœ“[39m src/ui/components/shared/BaseSelectionList.test.tsx [2m([22m[2m26 tests[22m[2m)[22m[33m 533[2mms[22m[39m
release	UNKNOWN STEP	2025-10-24T20:27:46.3248821Z  [32mâœ“[39m src/config/extensions/github.test.ts [2m([22m[2m30 tests[22m[2m)[22m[32m 105[2mms[22m[39m
release	UNKNOWN STEP	2025-10-24T20:27:46.8610704Z  [32mâœ“[39m src/ui/utils/commandUtils.test.ts [2m([22m[2m28 tests[22m[2m)[22m[32m 54[2mms[22m[39m
release	UNKNOWN STEP	2025-10-24T20:27:49.6244395Z  [32mâœ“[39m src/config/extensions/extensionEnablement.test.ts [2m([22m[2m43 tests[22m[2m)[22m[32m 48[2mms[22m[39m
release	UNKNOWN STEP	2025-10-24T20:27:50.4468452Z  [32mâœ“[39m src/ui/hooks/useAtCompletion.test.ts [2m([22m[2m14 tests[22m[2m)[22m[33m 1099[2mms[22m[39m
release	UNKNOWN STEP	2025-10-24T20:27:51.4194995Z [?7l]2;Gemini - cli[?7l]2;Gemini - root[?7l]2;Gemini - root [32mâœ“[39m src/gemini.test.tsx [2m([22m[2m11 tests[22m[2m)[22m[33m 544[2mms[22m[39m
release	UNKNOWN STEP	2025-10-24T20:27:51.4196902Z    [33m[2mâœ“[22m[39m gemini.tsx main function[2m > [22mverifies that we dont load the config before relaunchAppInChildProcess [33m 517[2mms[22m[39m
release	UNKNOWN STEP	2025-10-24T20:27:52.0520931Z  [32mâœ“[39m src/validateNonInterActiveAuth.test.ts [2m([22m[2m17 tests[22m[2m)[22m[32m 22[2mms[22m[39m
release	UNKNOWN STEP	2025-10-24T20:27:53.0006504Z  [32mâœ“[39m src/config/policy.test.ts [2m([22m[2m17 tests[22m[2m)[22m[32m 15[2mms[22m[39m
release	UNKNOWN STEP	2025-10-24T20:27:54.7969776Z  [32mâœ“[39m src/utils/errors.test.ts [2m([22m[2m22 tests[22m[2m)[22m[32m 18[2mms[22m[39m
release	UNKNOWN STEP	2025-10-24T20:27:54.9024794Z  [32mâœ“[39m src/services/McpPromptLoader.test.ts [2m([22m[2m25 tests[22m[2m)[22m[32m 23[2mms[22m[39m
release	UNKNOWN STEP	2025-10-24T20:27:56.4467669Z (node:3869) MaxListenersExceededWarning: Possible EventEmitter memory leak detected. 11 mcp-client-update listeners added to [EventEmitter]. MaxListeners is 10. Use emitter.setMaxListeners() to increase limit
release	UNKNOWN STEP	2025-10-24T20:27:56.4474143Z (Use `node --trace-warnings ...` to show where the warning was created)
release	UNKNOWN STEP	2025-10-24T20:27:56.7150897Z  [32mâœ“[39m src/ui/components/Composer.test.tsx [2m([22m[2m20 tests[22m[2m)[22m[32m 223[2mms[22m[39m
release	UNKNOWN STEP	2025-10-24T20:27:57.6522251Z  [32mâœ“[39m src/config/policy-engine.integration.test.ts [2m([22m[2m12 tests[22m[2m)[22m[32m 9[2mms[22m[39m
release	UNKNOWN STEP	2025-10-24T20:27:57.6886263Z  [32mâœ“[39m src/config/trustedFolders.test.ts [2m([22m[2m21 tests[22m[2m)[22m[32m 19[2mms[22m[39m
release	UNKNOWN STEP	2025-10-24T20:27:58.7620494Z  [32mâœ“[39m src/ui/keyMatchers.test.ts [2m([22m[2m35 tests[22m[2m)[22m[32m 19[2mms[22m[39m
release	UNKNOWN STEP	2025-10-24T20:28:00.0406390Z  [32mâœ“[39m src/config/extensions/update.test.ts [2m([22m[2m8 tests[22m[2m)[22m[33m 313[2mms[22m[39m
release	UNKNOWN STEP	2025-10-24T20:28:00.5500007Z  [32mâœ“[39m src/ui/hooks/useQuotaAndFallback.test.ts [2m([22m[2m12 tests[22m[2m)[22m[32m 55[2mms[22m[39m
release	UNKNOWN STEP	2025-10-24T20:28:01.5440900Z  [32mâœ“[39m src/services/CommandService.test.ts [2m([22m[2m11 tests[22m[2m)[22m[32m 16[2mms[22m[39m
release	UNKNOWN STEP	2025-10-24T20:28:03.1824379Z  [32mâœ“[39m src/ui/commands/memoryCommand.test.ts [2m([22m[2m10 tests[22m[2m)[22m[32m 23[2mms[22m[39m
release	UNKNOWN STEP	2025-10-24T20:28:04.0353123Z  [32mâœ“[39m src/ui/components/shared/MaxSizedBox.test.tsx [2m([22m[2m21 tests[22m[2m)[22m[32m 163[2mms[22m[39m
release	UNKNOWN STEP	2025-10-24T20:28:04.2206941Z  [32mâœ“[39m src/config/settingsSchema.test.ts [2m([22m[2m15 tests[22m[2m)[22m[32m 17[2mms[22m[39m
release	UNKNOWN STEP	2025-10-24T20:28:05.0540651Z  [32mâœ“[39m src/utils/installationInfo.test.ts [2m([22m[2m16 tests[22m[2m)[22m[32m 14[2mms[22m[39m
release	UNKNOWN STEP	2025-10-24T20:28:05.2654832Z  [32mâœ“[39m src/utils/commentJson.test.ts [2m([22m[2m12 tests[22m[2m)[22m[32m 25[2mms[22m[39m
release	UNKNOWN STEP	2025-10-24T20:28:06.3800912Z  [32mâœ“[39m src/config/config.integration.test.ts [2m([22m[2m16 tests[22m[2m)[22m[33m 370[2mms[22m[39m
release	UNKNOWN STEP	2025-10-24T20:28:08.3381477Z  [32mâœ“[39m src/commands/mcp/add.test.ts [2m([22m[2m18 tests[22m[2m)[22m[32m 137[2mms[22m[39m
release	UNKNOWN STEP	2025-10-24T20:28:08.5463066Z  [32mâœ“[39m src/ui/components/messages/ToolGroupMessage.test.tsx [2m([22m[2m14 tests[22m[2m)[22m[32m 179[2mms[22m[39m
release	UNKNOWN STEP	2025-10-24T20:28:09.5846133Z  [32mâœ“[39m src/ui/hooks/useMessageQueue.test.ts [2m([22m[2m14 tests[22m[2m)[22m[32m 73[2mms[22m[39m
release	UNKNOWN STEP	2025-10-24T20:28:10.0209924Z  [32mâœ“[39m src/ui/components/StatsDisplay.test.tsx [2m([22m[2m12 tests[22m[2m)[22m[33m 320[2mms[22m[39m
release	UNKNOWN STEP	2025-10-24T20:28:12.4924648Z  [32mâœ“[39m src/utils/relaunch.test.ts [2m([22m[2m8 tests[22m[2m)[22m[32m 25[2mms[22m[39m
release	UNKNOWN STEP	2025-10-24T20:28:12.6157309Z  [32mâœ“[39m src/ui/components/messages/DiffRenderer.test.tsx [2m([22m[2m13 tests[22m[2m)[22m[33m 424[2mms[22m[39m
release	UNKNOWN STEP	2025-10-24T20:28:13.6187064Z  [32mâœ“[39m src/ui/components/LoadingIndicator.test.tsx [2m([22m[2m16 tests[22m[2m)[22m[32m 107[2mms[22m[39m
release	UNKNOWN STEP	2025-10-24T20:28:15.2730652Z  [32mâœ“[39m src/ui/commands/extensionsCommand.test.ts [2m([22m[2m11 tests[22m[2m)[22m[32m 17[2mms[22m[39m
release	UNKNOWN STEP	2025-10-24T20:28:15.5351645Z  [32mâœ“[39m src/utils/handleAutoUpdate.test.ts [2m([22m[2m13 tests[22m[2m)[22m[32m 22[2mms[22m[39m
release	UNKNOWN STEP	2025-10-24T20:28:17.3936365Z  [32mâœ“[39m src/ui/auth/AuthDialog.test.tsx [2m([22m[2m14 tests[22m[2m)[22m[32m 283[2mms[22m[39m
release	UNKNOWN STEP	2025-10-24T20:28:18.2968403Z  [32mâœ“[39m src/ui/commands/restoreCommand.test.ts [2m([22m[2m13 tests[22m[2m)[22m[32m 43[2mms[22m[39m
release	UNKNOWN STEP	2025-10-24T20:28:18.5593416Z  [32mâœ“[39m src/ui/hooks/useExtensionUpdates.test.ts [2m([22m[2m4 tests[22m[2m)[22m[32m 261[2mms[22m[39m
release	UNKNOWN STEP	2025-10-24T20:28:20.5284271Z  [32mâœ“[39m src/ui/hooks/useInputHistoryStore.test.ts [2m([22m[2m14 tests[22m[2m)[22m[32m 78[2mms[22m[39m
release	UNKNOWN STEP	2025-10-24T20:28:21.0538880Z  [32mâœ“[39m src/ui/commands/ideCommand.test.ts [2m([22m[2m8 tests[22m[2m)[22m[32m 28[2mms[22m[39m
release	UNKNOWN STEP	2025-10-24T20:28:21.7979252Z  [32mâœ“[39m src/services/BuiltinCommandLoader.test.ts [2m([22m[2m10 tests[22m[2m)[22m[33m 421[2mms[22m[39m
release	UNKNOWN STEP	2025-10-24T20:28:23.9110451Z  [32mâœ“[39m src/ui/themes/color-utils.test.ts [2m([22m[2m16 tests[22m[2m)[22m[32m 17[2mms[22m[39m
release	UNKNOWN STEP	2025-10-24T20:28:24.0253118Z  [32mâœ“[39m src/ui/components/Footer.test.tsx [2m([22m[2m17 tests[22m[2m)[22m[32m 125[2mms[22m[39m
release	UNKNOWN STEP	2025-10-24T20:28:24.5866611Z  [32mâœ“[39m src/ui/commands/copyCommand.test.ts [2m([22m[2m11 tests[22m[2m)[22m[32m 27[2mms[22m[39m
release	UNKNOWN STEP	2025-10-24T20:28:25.0519569Z  [32mâœ“[39m src/utils/envVarResolver.test.ts [2m([22m[2m16 tests[22m[2m)[22m[32m 14[2mms[22m[39m
release	UNKNOWN STEP	2025-10-24T20:28:25.6034455Z  [32mâœ“[39m src/services/prompt-processors/injectionParser.test.ts [2m([22m[2m21 tests[22m[2m)[22m[32m 14[2mms[22m[39m
release	UNKNOWN STEP	2025-10-24T20:28:26.9709481Z  [32mâœ“[39m src/ui/hooks/useEditorSettings.test.ts [2m([22m[2m10 tests[22m[2m)[22m[32m 55[2mms[22m[39m
release	UNKNOWN STEP	2025-10-24T20:28:28.5677604Z  [32mâœ“[39m src/ui/hooks/useReverseSearchCompletion.test.tsx [2m([22m[2m10 tests[22m[2m)[22m[32m 70[2mms[22m[39m
release	UNKNOWN STEP	2025-10-24T20:28:29.1855223Z  [32mâœ“[39m src/ui/hooks/useShellHistory.test.ts [2m([22m[2m7 tests[22m[2m)[22m[33m 567[2mms[22m[39m
release	UNKNOWN STEP	2025-10-24T20:28:29.6615151Z  [32mâœ“[39m src/utils/sessionCleanup.integration.test.ts [2m([22m[2m5 tests[22m[2m)[22m[32m 30[2mms[22m[39m
release	UNKNOWN STEP	2025-10-24T20:28:31.2641253Z  [32mâœ“[39m src/services/prompt-processors/atFileProcessor.test.ts [2m([22m[2m11 tests[22m[2m)[22m[32m 21[2mms[22m[39m
release	UNKNOWN STEP	2025-10-24T20:28:32.5458926Z  [32mâœ“[39m src/ui/hooks/useInputHistory.test.ts [2m([22m[2m11 tests[22m[2m)[22m[32m 54[2mms[22m[39m
release	UNKNOWN STEP	2025-10-24T20:28:32.7594084Z  [32mâœ“[39m src/ui/components/ModelStatsDisplay.test.tsx [2m([22m[2m6 tests[22m[2m)[22m[32m 177[2mms[22m[39m
release	UNKNOWN STEP	2025-10-24T20:28:33.3203743Z  [32mâœ“[39m src/ui/components/messages/ToolMessage.test.tsx [2m([22m[2m12 tests[22m[2m)[22m[32m 118[2mms[22m[39m
release	UNKNOWN STEP	2025-10-24T20:28:35.4095343Z  [32mâœ“[39m src/ui/commands/setupGithubCommand.test.ts [2m([22m[2m8 tests[22m[2m)[22m[32m 51[2mms[22m[39m
release	UNKNOWN STEP	2025-10-24T20:28:36.3581211Z  [32mâœ“[39m src/ui/utils/computeStats.test.ts [2m([22m[2m12 tests[22m[2m)[22m[32m 7[2mms[22m[39m
release	UNKNOWN STEP	2025-10-24T20:28:36.6951435Z  [32mâœ“[39m src/ui/components/HistoryItemDisplay.test.tsx [2m([22m[2m13 tests[22m[2m)[22m[33m 364[2mms[22m[39m
release	UNKNOWN STEP	2025-10-24T20:28:37.0647995Z  [32mâœ“[39m src/ui/hooks/useFolderTrust.test.ts [2m([22m[2m11 tests[22m[2m)[22m[32m 43[2mms[22m[39m
release	UNKNOWN STEP	2025-10-24T20:28:37.5102385Z  [32mâœ“[39m src/ui/hooks/usePermissionsModifyTrust.test.ts [2m([22m[2m8 tests[22m[2m)[22m[32m 48[2mms[22m[39m
release	UNKNOWN STEP	2025-10-24T20:28:38.3050358Z  [32mâœ“[39m src/ui/hooks/usePhraseCycler.test.ts [2m([22m[2m9 tests[22m[2m)[22m[32m 58[2mms[22m[39m
release	UNKNOWN STEP	2025-10-24T20:28:39.6783200Z  [32mâœ“[39m src/ui/hooks/useIdeTrustListener.test.ts [2m([22m[2m5 tests[22m[2m)[22m[32m 46[2mms[22m[39m
release	UNKNOWN STEP	2025-10-24T20:28:41.1947868Z  [32mâœ“[39m src/ui/components/PermissionsModifyTrustDialog.test.tsx [2m([22m[2m7 tests[22m[2m)[22m[32m 219[2mms[22m[39m
release	UNKNOWN STEP	2025-10-24T20:28:41.8990864Z  [32mâœ“[39m src/ui/components/ModelDialog.test.tsx [2m([22m[2m9 tests[22m[2m)[22m[32m 145[2mms[22m[39m
release	UNKNOWN STEP	2025-10-24T20:28:42.9100855Z  [32mâœ“[39m src/ui/hooks/useGitBranchName.test.ts [2m([22m[2m7 tests[22m[2m)[22m[32m 50[2mms[22m[39m
release	UNKNOWN STEP	2025-10-24T20:28:44.1171076Z  [32mâœ“[39m src/ui/hooks/useHistoryManager.test.ts [2m([22m[2m8 tests[22m[2m)[22m[32m 47[2mms[22m[39m
release	UNKNOWN STEP	2025-10-24T20:28:44.1908074Z  [32mâœ“[39m src/commands/mcp/remove.test.ts [2m([22m[2m6 tests[22m[2m)[22m[32m 69[2mms[22m[39m
release	UNKNOWN STEP	2025-10-24T20:28:45.1604394Z  [32mâœ“[39m src/ui/utils/textUtils.test.ts [2m([22m[2m9 tests[22m[2m)[22m[32m 7[2mms[22m[39m
release	UNKNOWN STEP	2025-10-24T20:28:45.2700901Z  [32mâœ“[39m src/ui/components/messages/CompressionMessage.test.tsx [2m([22m[2m8 tests[22m[2m)[22m[32m 103[2mms[22m[39m
release	UNKNOWN STEP	2025-10-24T20:28:46.9229413Z  [32mâœ“[39m src/ui/commands/directoryCommand.test.tsx [2m([22m[2m7 tests[22m[2m)[22m[32m 14[2mms[22m[39m
release	UNKNOWN STEP	2025-10-24T20:28:47.8482431Z  [32mâœ“[39m src/ui/commands/mcpCommand.test.ts [2m([22m[2m5 tests[22m[2m)[22m[32m 14[2mms[22m[39m
release	UNKNOWN STEP	2025-10-24T20:28:48.9334334Z  [32mâœ“[39m src/ui/components/ToolStatsDisplay.test.tsx [2m([22m[2m5 tests[22m[2m)[22m[32m 180[2mms[22m[39m
release	UNKNOWN STEP	2025-10-24T20:28:50.5906433Z  [32mâœ“[39m src/ui/hooks/useKeypress.test.ts [2m([22m[2m18 tests[22m[2m)[22m[32m 105[2mms[22m[39m
release	UNKNOWN STEP	2025-10-24T20:28:51.8052039Z  [32mâœ“[39m src/ui/utils/MarkdownDisplay.test.tsx [2m([22m[2m30 tests[22m[2m)[22m[33m 452[2mms[22m[39m
release	UNKNOWN STEP	2025-10-24T20:28:51.9358125Z  [32mâœ“[39m src/ui/themes/theme-manager.test.ts [2m([22m[2m12 tests[22m[2m)[22m[32m 30[2mms[22m[39m
release	UNKNOWN STEP	2025-10-24T20:28:54.0799357Z  [32mâœ“[39m src/ui/contexts/SessionContext.test.tsx [2m([22m[2m4 tests[22m[2m)[22m[32m 59[2mms[22m[39m
release	UNKNOWN STEP	2025-10-24T20:28:54.6638322Z  [32mâœ“[39m src/utils/deepMerge.test.ts [2m([22m[2m13 tests[22m[2m)[22m[32m 13[2mms[22m[39m
release	UNKNOWN STEP	2025-10-24T20:28:55.2665826Z  [32mâœ“[39m src/ui/components/shared/RadioButtonSelect.test.tsx [2m([22m[2m5 tests[22m[2m)[22m[32m 39[2mms[22m[39m
release	UNKNOWN STEP	2025-10-24T20:28:55.3185629Z  [32mâœ“[39m src/commands/mcp/list.test.ts [2m([22m[2m4 tests[22m[2m)[22m[32m 12[2mms[22m[39m
release	UNKNOWN STEP	2025-10-24T20:28:57.4508090Z  [32mâœ“[39m src/ui/utils/updateCheck.test.ts [2m([22m[2m10 tests[22m[2m)[22m[32m 22[2mms[22m[39m
release	UNKNOWN STEP	2025-10-24T20:28:58.1417113Z  [32mâœ“[39m src/config/extensions/extensionSettings.test.ts [2m([22m[2m6 tests[22m[2m)[22m[32m 19[2mms[22m[39m
release	UNKNOWN STEP	2025-10-24T20:28:58.5077725Z  [32mâœ“[39m src/ui/components/DebugProfiler.test.tsx [2m([22m[2m10 tests[22m[2m)[22m[32m 18[2mms[22m[39m
release	UNKNOWN STEP	2025-10-24T20:28:59.3666642Z  [32mâœ“[39m src/ui/hooks/useLoadingIndicator.test.ts [2m([22m[2m5 tests[22m[2m)[22m[32m 43[2mms[22m[39m
release	UNKNOWN STEP	2025-10-24T20:29:00.4752252Z  [32mâœ“[39m src/ui/utils/highlight.test.ts [2m([22m[2m16 tests[22m[2m)[22m[32m 10[2mms[22m[39m
release	UNKNOWN STEP	2025-10-24T20:29:01.0883111Z  [32mâœ“[39m src/ui/components/messages/ToolConfirmationMessage.test.tsx [2m([22m[2m10 tests[22m[2m)[22m[32m 200[2mms[22m[39m
release	UNKNOWN STEP	2025-10-24T20:29:01.3491590Z  [32mâœ“[39m src/ui/commands/aboutCommand.test.ts [2m([22m[2m5 tests[22m[2m)[22m[32m 18[2mms[22m[39m
release	UNKNOWN STEP	2025-10-24T20:29:02.4459264Z  [32mâœ“[39m src/utils/commands.test.ts [2m([22m[2m12 tests[22m[2m)[22m[32m 7[2mms[22m[39m
release	UNKNOWN STEP	2025-10-24T20:29:03.7608915Z  [32mâœ“[39m src/ui/components/messages/Todo.test.tsx [2m([22m[2m11 tests[22m[2m)[22m[32m 131[2mms[22m[39m
release	UNKNOWN STEP	2025-10-24T20:29:04.6201904Z  [32mâœ“[39m src/ui/App.test.tsx [2m([22m[2m7 tests[22m[2m)[22m[32m 66[2mms[22m[39m
release	UNKNOWN STEP	2025-10-24T20:29:05.4078358Z  [32mâœ“[39m src/commands/extensions/install.test.ts [2m([22m[2m8 tests[22m[2m)[22m[32m 38[2mms[22m[39m
release	UNKNOWN STEP	2025-10-24T20:29:05.6652423Z  [32mâœ“[39m src/ui/hooks/useFlickerDetector.test.ts [2m([22m[2m6 tests[22m[2m)[22m[32m 42[2mms[22m[39m
release	UNKNOWN STEP	2025-10-24T20:29:08.1929876Z  [32mâœ“[39m src/ui/hooks/useFocus.test.ts [2m([22m[2m6 tests[22m[2m)[22m[32m 54[2mms[22m[39m
release	UNKNOWN STEP	2025-10-24T20:29:09.0344216Z  [32mâœ“[39m src/ui/components/views/McpStatus.test.tsx [2m([22m[2m11 tests[22m[2m)[22m[32m 133[2mms[22m[39m
release	UNKNOWN STEP	2025-10-24T20:29:09.2073024Z  [32mâœ“[39m src/ui/components/shared/EnumSelector.test.tsx [2m([22m[2m9 tests[22m[2m)[22m[32m 70[2mms[22m[39m
release	UNKNOWN STEP	2025-10-24T20:29:11.0989362Z  [32mâœ“[39m src/ui/commands/compressCommand.test.ts [2m([22m[2m5 tests[22m[2m)[22m[32m 23[2mms[22m[39m
release	UNKNOWN STEP	2025-10-24T20:29:11.8373298Z  [32mâœ“[39m src/utils/gitUtils.test.ts [2m([22m[2m12 tests[22m[2m)[22m[32m 30[2mms[22m[39m
release	UNKNOWN STEP	2025-10-24T20:29:12.3498728Z  [32mâœ“[39m src/ui/hooks/useConsoleMessages.test.ts [2m([22m[2m7 tests[22m[2m)[22m[32m 55[2mms[22m[39m
release	UNKNOWN STEP	2025-10-24T20:29:13.0886695Z  [32mâœ“[39m src/ui/components/FolderTrustDialog.test.tsx [2m([22m[2m8 tests[22m[2m)[22m[33m 318[2mms[22m[39m
release	UNKNOWN STEP	2025-10-24T20:29:14.0642096Z  [32mâœ“[39m src/ui/components/AnsiOutput.test.tsx [2m([22m[2m6 tests[22m[2m)[22m[32m 78[2mms[22m[39m
release	UNKNOWN STEP	2025-10-24T20:29:14.3324245Z  [32mâœ“[39m src/ui/hooks/useTimer.test.ts [2m([22m[2m8 tests[22m[2m)[22m[32m 48[2mms[22m[39m
release	UNKNOWN STEP	2025-10-24T20:29:15.0111018Z  [32mâœ“[39m src/ui/hooks/usePrivacySettings.test.ts [2m([22m[2m4 tests[22m[2m)[22m[32m 199[2mms[22m[39m
release	UNKNOWN STEP	2025-10-24T20:29:15.2210544Z  [32mâœ“[39m src/ui/commands/toolsCommand.test.ts [2m([22m[2m4 tests[22m[2m)[22m[32m 16[2mms[22m[39m
release	UNKNOWN STEP	2025-10-24T20:29:17.9203573Z  [32mâœ“[39m src/ui/commands/bugCommand.test.ts [2m([22m[2m2 tests[22m[2m)[22m[32m 9[2mms[22m[39m
release	UNKNOWN STEP	2025-10-24T20:29:18.4385071Z  [32mâœ“[39m src/ui/components/ThemeDialog.test.tsx [2m([22m[2m3 tests[22m[2m)[22m[33m 655[2mms[22m[39m
release	UNKNOWN STEP	2025-10-24T20:29:18.4391430Z    [33m[2mâœ“[22m[39m ThemeDialog Snapshots[2m > [22mshould render correctly in theme selection mode [33m 363[2mms[22m[39m
release	UNKNOWN STEP	2025-10-24T20:29:18.5709199Z  [32mâœ“[39m src/ui/components/PrepareLabel.test.tsx [2m([22m[2m6 tests[22m[2m)[22m[32m 61[2mms[22m[39m
release	UNKNOWN STEP	2025-10-24T20:29:19.6288060Z  [32mâœ“[39m src/ui/commands/initCommand.test.ts [2m([22m[2m3 tests[22m[2m)[22m[32m 13[2mms[22m[39m
release	UNKNOWN STEP	2025-10-24T20:29:20.6191321Z  [32mâœ“[39m src/ui/commands/clearCommand.test.ts [2m([22m[2m2 tests[22m[2m)[22m[32m 8[2mms[22m[39m
release	UNKNOWN STEP	2025-10-24T20:29:21.8463314Z  [32mâœ“[39m src/ui/components/views/ExtensionsList.test.tsx [2m([22m[2m9 tests[22m[2m)[22m[32m 76[2mms[22m[39m
release	UNKNOWN STEP	2025-10-24T20:29:22.3950332Z  [32mâœ“[39m src/ui/themes/theme.test.ts [2m([22m[2m5 tests[22m[2m)[22m[32m 7[2mms[22m[39m
release	UNKNOWN STEP	2025-10-24T20:29:23.4321527Z  [32mâœ“[39m src/commands/extensions/new.test.ts [2m([22m[2m4 tests[22m[2m)[22m[32m 56[2mms[22m[39m
release	UNKNOWN STEP	2025-10-24T20:29:24.5422971Z  [32mâœ“[39m src/utils/userStartupWarnings.test.ts [2m([22m[2m5 tests[22m[2m)[22m[32m 20[2mms[22m[39m
release	UNKNOWN STEP	2025-10-24T20:29:25.2575571Z  [32mâœ“[39m src/config/auth.test.ts [2m([22m[2m8 tests[22m[2m)[22m[32m 15[2mms[22m[39m
release	UNKNOWN STEP	2025-10-24T20:29:25.2688885Z  [32mâœ“[39m src/ui/components/ConsentPrompt.test.tsx [2m([22m[2m5 tests[22m[2m)[22m[32m 62[2mms[22m[39m
release	UNKNOWN STEP	2025-10-24T20:29:25.5220639Z  [32mâœ“[39m src/ui/commands/docsCommand.test.ts [2m([22m[2m3 tests[22m[2m)[22m[32m 13[2mms[22m[39m
release	UNKNOWN STEP	2025-10-24T20:29:28.0412372Z  [32mâœ“[39m src/utils/readStdin.test.ts [2m([22m[2m4 tests[22m[2m)[22m[32m 12[2mms[22m[39m
release	UNKNOWN STEP	2025-10-24T20:29:28.8112444Z  [32mâœ“[39m src/ui/components/ContextSummaryDisplay.test.tsx [2m([22m[2m4 tests[22m[2m)[22m[32m 55[2mms[22m[39m
release	UNKNOWN STEP	2025-10-24T20:29:28.8378870Z  [32mâœ“[39m src/ui/components/IdeTrustChangeDialog.test.tsx [2m([22m[2m6 tests[22m[2m)[22m[32m 152[2mms[22m[39m
release	UNKNOWN STEP	2025-10-24T20:29:30.9110356Z  [32mâœ“[39m src/ui/utils/displayUtils.test.ts [2m([22m[2m8 tests[22m[2m)[22m[32m 8[2mms[22m[39m
release	UNKNOWN STEP	2025-10-24T20:29:31.5612173Z  [32mâœ“[39m src/ui/commands/terminalSetupCommand.test.ts [2m([22m[2m5 tests[22m[2m)[22m[32m 6[2mms[22m[39m
release	UNKNOWN STEP	2025-10-24T20:29:31.8393569Z  [32mâœ“[39m src/commands/mcp.test.ts [2m([22m[2m3 tests[22m[2m)[22m[32m 25[2mms[22m[39m
release	UNKNOWN STEP	2025-10-24T20:29:33.5494809Z  [32mâœ“[39m src/ui/components/QueuedMessageDisplay.test.tsx [2m([22m[2m5 tests[22m[2m)[22m[32m 57[2mms[22m[39m
release	UNKNOWN STEP	2025-10-24T20:29:34.2388402Z  [32mâœ“[39m src/ui/components/ProQuotaDialog.test.tsx [2m([22m[2m3 tests[22m[2m)[22m[32m 66[2mms[22m[39m
release	UNKNOWN STEP	2025-10-24T20:29:34.4113362Z  [32mâœ“[39m src/utils/startupWarnings.test.ts [2m([22m[2m4 tests[22m[2m)[22m[32m 8[2mms[22m[39m
release	UNKNOWN STEP	2025-10-24T20:29:35.3364979Z  [32mâœ“[39m src/ui/commands/statsCommand.test.ts [2m([22m[2m3 tests[22m[2m)[22m[32m 15[2mms[22m[39m
release	UNKNOWN STEP	2025-10-24T20:29:36.9072158Z  [32mâœ“[39m src/ui/components/shared/DescriptiveRadioButtonSelect.test.tsx [2m([22m[2m2 tests[22m[2m)[22m[32m 66[2mms[22m[39m
release	UNKNOWN STEP	2025-10-24T20:29:37.3687421Z  [32mâœ“[39m src/ui/hooks/useReactToolScheduler.test.ts [2m([22m[2m1 test[22m[2m)[22m[32m 25[2mms[22m[39m
release	UNKNOWN STEP	2025-10-24T20:29:38.0422052Z  [32mâœ“[39m src/ui/utils/clipboardUtils.test.ts [2m([22m[2m6 tests[22m[2m)[22m[32m 6[2mms[22m[39m
release	UNKNOWN STEP	2025-10-24T20:29:38.5648361Z  [32mâœ“[39m src/ui/hooks/useMemoryMonitor.test.ts [2m([22m[2m3 tests[22m[2m)[22m[32m 41[2mms[22m[39m
release	UNKNOWN STEP	2025-10-24T20:29:39.0447868Z  [32mâœ“[39m src/ui/utils/markdownUtilities.test.ts [2m([22m[2m7 tests[22m[2m)[22m[32m 7[2mms[22m[39m
release	UNKNOWN STEP	2025-10-24T20:29:39.5292272Z  [32mâœ“[39m src/ui/utils/formatters.test.ts [2m([22m[2m14 tests[22m[2m)[22m[32m 7[2mms[22m[39m
release	UNKNOWN STEP	2025-10-24T20:29:40.0290221Z  [32mâœ“[39m src/config/keyBindings.test.ts [2m([22m[2m3 tests[22m[2m)[22m[32m 12[2mms[22m[39m
release	UNKNOWN STEP	2025-10-24T20:29:40.0868061Z  [32mâœ“[39m src/ui/components/SessionSummaryDisplay.test.tsx [2m([22m[2m1 test[22m[2m)[22m[32m 99[2mms[22m[39m
release	UNKNOWN STEP	2025-10-24T20:29:40.4977669Z  [32mâœ“[39m src/test-utils/mockCommandContext.test.ts [2m([22m[2m3 tests[22m[2m)[22m[32m 12[2mms[22m[39m
release	UNKNOWN STEP	2025-10-24T20:29:41.0499587Z  [32mâœ“[39m src/utils/windowTitle.test.ts [2m([22m[2m7 tests[22m[2m)[22m[32m 7[2mms[22m[39m
release	UNKNOWN STEP	2025-10-24T20:29:43.7231902Z  [32mâœ“[39m src/utils/cleanup.test.ts [2m([22m[2m4 tests[22m[2m)[22m[33m 2250[2mms[22m[39m
release	UNKNOWN STEP	2025-10-24T20:29:43.7233411Z    [33m[2mâœ“[22m[39m cleanup[2m > [22mshould run a registered synchronous function [33m 1732[2mms[22m[39m
release	UNKNOWN STEP	2025-10-24T20:29:44.0353804Z  [32mâœ“[39m src/ui/components/ShellConfirmationDialog.test.tsx [2m([22m[2m4 tests[22m[2m)[22m[32m 144[2mms[22m[39m
release	UNKNOWN STEP	2025-10-24T20:29:44.6146991Z  [32mâœ“[39m src/ui/components/views/ToolsList.test.tsx [2m([22m[2m3 tests[22m[2m)[22m[32m 90[2mms[22m[39m
release	UNKNOWN STEP	2025-10-24T20:29:45.6652794Z  [32mâœ“[39m src/ui/commands/helpCommand.test.ts [2m([22m[2m2 tests[22m[2m)[22m[32m 13[2mms[22m[39m
release	UNKNOWN STEP	2025-10-24T20:29:46.5894432Z  [32mâœ“[39m src/ui/commands/quitCommand.test.ts [2m([22m[2m1 test[22m[2m)[22m[32m 12[2mms[22m[39m
release	UNKNOWN STEP	2025-10-24T20:29:47.2927303Z  [32mâœ“[39m src/ui/components/Help.test.tsx [2m([22m[2m2 tests[22m[2m)[22m[32m 138[2mms[22m[39m
release	UNKNOWN STEP	2025-10-24T20:29:47.8310399Z  [32mâœ“[39m src/ui/components/messages/GeminiMessage.test.tsx [2m([22m[2m4 tests[22m[2m)[22m[32m 83[2mms[22m[39m
release	UNKNOWN STEP	2025-10-24T20:29:50.3860544Z  [32mâœ“[39m src/ui/components/messages/ToolMessageRawMarkdown.test.tsx [2m([22m[2m2 tests[22m[2m)[22m[32m 80[2mms[22m[39m
release	UNKNOWN STEP	2025-10-24T20:29:50.6689163Z  [32mâœ“[39m src/services/prompt-processors/argumentProcessor.test.ts [2m([22m[2m2 tests[22m[2m)[22m[32m 7[2mms[22m[39m
release	UNKNOWN STEP	2025-10-24T20:29:50.8424112Z  [32mâœ“[39m src/ui/components/Header.test.tsx [2m([22m[2m4 tests[22m[2m)[22m[32m 122[2mms[22m[39m
release	UNKNOWN STEP	2025-10-24T20:29:51.8669793Z  [32mâœ“[39m src/ui/hooks/useModelCommand.test.ts [2m([22m[2m3 tests[22m[2m)[22m[32m 31[2mms[22m[39m
release	UNKNOWN STEP	2025-10-24T20:29:51.9119502Z  [32mâœ“[39m src/ui/commands/privacyCommand.test.ts [2m([22m[2m2 tests[22m[2m)[22m[32m 9[2mms[22m[39m
release	UNKNOWN STEP	2025-10-24T20:29:52.8824646Z  [32mâœ“[39m src/ui/commands/themeCommand.test.ts [2m([22m[2m2 tests[22m[2m)[22m[32m 9[2mms[22m[39m
release	UNKNOWN STEP	2025-10-24T20:29:53.6737621Z  [32mâœ“[39m src/ui/components/views/ChatList.test.tsx [2m([22m[2m3 tests[22m[2m)[22m[32m 47[2mms[22m[39m
release	UNKNOWN STEP	2025-10-24T20:29:53.8534869Z  [32mâœ“[39m src/ui/commands/permissionsCommand.test.ts [2m([22m[2m3 tests[22m[2m)[22m[32m 10[2mms[22m[39m
release	UNKNOWN STEP	2025-10-24T20:29:54.6413757Z  [32mâœ“[39m src/ui/commands/settingsCommand.test.ts [2m([22m[2m2 tests[22m[2m)[22m[32m 6[2mms[22m[39m
release	UNKNOWN STEP	2025-10-24T20:29:54.8519393Z  [32mâœ“[39m src/ui/commands/modelCommand.test.ts [2m([22m[2m2 tests[22m[2m)[22m[32m 9[2mms[22m[39m
release	UNKNOWN STEP	2025-10-24T20:29:55.3679353Z  [32mâœ“[39m src/ui/components/LoopDetectionConfirmation.test.tsx [2m([22m[2m2 tests[22m[2m)[22m[32m 103[2mms[22m[39m
release	UNKNOWN STEP	2025-10-24T20:29:55.5573721Z  [32mâœ“[39m src/ui/commands/corgiCommand.test.ts [2m([22m[2m2 tests[22m[2m)[22m[32m 8[2mms[22m[39m
release	UNKNOWN STEP	2025-10-24T20:29:55.8228960Z  [32mâœ“[39m src/ui/commands/authCommand.test.ts [2m([22m[2m2 tests[22m[2m)[22m[32m 8[2mms[22m[39m
release	UNKNOWN STEP	2025-10-24T20:29:56.3628751Z  [32mâœ“[39m src/ui/commands/editorCommand.test.ts [2m([22m[2m2 tests[22m[2m)[22m[32m 8[2mms[22m[39m
release	UNKNOWN STEP	2025-10-24T20:29:58.2323594Z  [32mâœ“[39m src/utils/processUtils.test.ts [2m([22m[2m1 test[22m[2m)[22m[32m 6[2mms[22m[39m
release	UNKNOWN STEP	2025-10-24T20:29:58.6449322Z  [32mâœ“[39m src/commands/extensions/uninstall.test.ts [2m([22m[2m1 test[22m[2m)[22m[32m 13[2mms[22m[39m
release	UNKNOWN STEP	2025-10-24T20:29:58.9517571Z  [32mâœ“[39m src/config/extensions/variables.test.ts [2m([22m[2m1 test[22m[2m)[22m[32m 3[2mms[22m[39m
release	UNKNOWN STEP	2025-10-24T20:30:01.9383747Z 
release	UNKNOWN STEP	2025-10-24T20:30:01.9422287Z [2m Test Files [22m [1m[32m179 passed[39m[22m[90m (179)[39m
release	UNKNOWN STEP	2025-10-24T20:30:01.9433562Z [2m      Tests [22m [1m[32m2744 passed[39m[22m[2m | [22m[33m1 skipped[39m[90m (2745)[39m
release	UNKNOWN STEP	2025-10-24T20:30:01.9435262Z [2m   Start at [22m 20:27:09
release	UNKNOWN STEP	2025-10-24T20:30:01.9444380Z [2m   Duration [22m 172.58s[2m (transform 6.21s, setup 1.80s, collect 271.54s, tests 37.94s, environment 108.21s, prepare 19.61s)[22m
release	UNKNOWN STEP	2025-10-24T20:30:01.9445086Z 
release	UNKNOWN STEP	2025-10-24T20:30:02.5157404Z JUNIT report written to /home/runner/work/gemini-cli/gemini-cli/release/packages/cli/junit.xml
release	UNKNOWN STEP	2025-10-24T20:30:02.5189502Z [34m % [39m[2mCoverage report from [22m[33mv8[39m
release	UNKNOWN STEP	2025-10-24T20:30:03.2104412Z 
release	UNKNOWN STEP	2025-10-24T20:30:03.2105175Z > @google/gemini-cli-core@0.12.0-nightly.20251022.0542de95 test:ci
release	UNKNOWN STEP	2025-10-24T20:30:03.2105605Z > vitest run
release	UNKNOWN STEP	2025-10-24T20:30:03.2105713Z 
release	UNKNOWN STEP	2025-10-24T20:30:03.6370028Z 
release	UNKNOWN STEP	2025-10-24T20:30:03.6372760Z [1m[46m RUN [49m[22m [36mv3.2.4 [39m[90m/home/runner/work/gemini-cli/gemini-cli/release/packages/core[39m
release	UNKNOWN STEP	2025-10-24T20:30:03.6373861Z       [2mCoverage enabled with [22m[33mv8[39m
release	UNKNOWN STEP	2025-10-24T20:30:03.6374222Z 
release	UNKNOWN STEP	2025-10-24T20:30:06.9214306Z  [32mâœ“[39m src/core/client.test.ts [2m([22m[2m67 tests[22m[2m)[22m[32m 270[2mms[22m[39m
release	UNKNOWN STEP	2025-10-24T20:30:07.0664127Z  [32mâœ“[39m src/core/coreToolScheduler.test.ts [2m([22m[2m31 tests[22m[2m)[22m[33m 347[2mms[22m[39m
release	UNKNOWN STEP	2025-10-24T20:30:08.9087471Z  [32mâœ“[39m src/telemetry/loggers.test.ts [2m([22m[2m30 tests[22m[2m)[22m[32m 79[2mms[22m[39m
release	UNKNOWN STEP	2025-10-24T20:30:09.7804362Z  [32mâœ“[39m src/tools/ripGrep.test.ts [2m([22m[2m47 tests[22m[2m | [22m[33m1 skipped[39m[2m)[22m[33m 311[2mms[22m[39m
release	UNKNOWN STEP	2025-10-24T20:30:10.9624048Z  [32mâœ“[39m src/code_assist/oauth2.test.ts [2m([22m[2m24 tests[22m[2m)[22m[32m 82[2mms[22m[39m
release	UNKNOWN STEP	2025-10-24T20:30:11.4691925Z  [32mâœ“[39m src/telemetry/metrics.test.ts [2m([22m[2m57 tests[22m[2m)[22m[33m 2731[2mms[22m[39m
release	UNKNOWN STEP	2025-10-24T20:30:12.7215128Z  [32mâœ“[39m src/core/geminiChat.test.ts [2m([22m[2m30 tests[22m[2m)[22m[33m 5618[2mms[22m[39m
release	UNKNOWN STEP	2025-10-24T20:30:12.7217379Z    [33m[2mâœ“[22m[39m GeminiChat[2m > [22msendMessageStream[2m > [22mshould fail if the stream ends with an empty part and has no finishReason [33m 502[2mms[22m[39m
release	UNKNOWN STEP	2025-10-24T20:30:12.7219759Z    [33m[2mâœ“[22m[39m GeminiChat[2m > [22msendMessageStream[2m > [22mshould throw an error when a tool call is followed by an empty stream response [33m 507[2mms[22m[39m
release	UNKNOWN STEP	2025-10-24T20:30:12.7222968Z    [33m[2mâœ“[22m[39m GeminiChat[2m > [22msendMessageStream[2m > [22mshould throw InvalidStreamError when no tool call and no finish reason [33m 504[2mms[22m[39m
release	UNKNOWN STEP	2025-10-24T20:30:12.7226601Z    [33m[2mâœ“[22m[39m GeminiChat[2m > [22msendMessageStream[2m > [22mshould throw InvalidStreamError when no tool call and empty response text [33m 503[2mms[22m[39m
release	UNKNOWN STEP	2025-10-24T20:30:12.7228840Z    [33m[2mâœ“[22m[39m GeminiChat[2m > [22msendMessageStream with retries[2m > [22mshould yield a RETRY event when an invalid stream is encountered [33m 504[2mms[22m[39m
release	UNKNOWN STEP	2025-10-24T20:30:12.7230883Z    [33m[2mâœ“[22m[39m GeminiChat[2m > [22msendMessageStream with retries[2m > [22mshould retry on invalid content, succeed, and report metrics [33m 506[2mms[22m[39m
release	UNKNOWN STEP	2025-10-24T20:30:12.7232721Z    [33m[2mâœ“[22m[39m GeminiChat[2m > [22msendMessageStream with retries[2m > [22mshould set temperature to 1 on retry [33m 504[2mms[22m[39m
release	UNKNOWN STEP	2025-10-24T20:30:12.7235005Z    [33m[2mâœ“[22m[39m GeminiChat[2m > [22msendMessageStream with retries[2m > [22mshould fail after all retries on persistent invalid content and report metrics [33m 503[2mms[22m[39m
release	UNKNOWN STEP	2025-10-24T20:30:12.7236975Z    [33m[2mâœ“[22m[39m GeminiChat[2m > [22mshould correctly retry and append to an existing history mid-conversation [33m 504[2mms[22m[39m
release	UNKNOWN STEP	2025-10-24T20:30:12.7238697Z    [33m[2mâœ“[22m[39m GeminiChat[2m > [22mshould retry if the model returns a completely empty stream (no chunks) [33m 507[2mms[22m[39m
release	UNKNOWN STEP	2025-10-24T20:30:12.7240231Z    [33m[2mâœ“[22m[39m GeminiChat[2m > [22mshould discard valid partial content from a failed attempt upon retry [33m 504[2mms[22m[39m
release	UNKNOWN STEP	2025-10-24T20:30:12.9640014Z  [32mâœ“[39m src/tools/edit.test.ts [2m([22m[2m54 tests[22m[2m)[22m[32m 242[2mms[22m[39m
release	UNKNOWN STEP	2025-10-24T20:30:13.2720642Z  [32mâœ“[39m src/config/config.test.ts [2m([22m[2m69 tests[22m[2m)[22m[32m 134[2mms[22m[39m
release	UNKNOWN STEP	2025-10-24T20:30:13.3560456Z  [32mâœ“[39m src/mcp/oauth-provider.test.ts [2m([22m[2m21 tests[22m[2m)[22m[32m 177[2mms[22m[39m
release	UNKNOWN STEP	2025-10-24T20:30:14.1326768Z  [32mâœ“[39m src/utils/fileUtils.test.ts [2m([22m[2m66 tests[22m[2m)[22m[32m 128[2mms[22m[39m
release	UNKNOWN STEP	2025-10-24T20:30:14.9014873Z  [32mâœ“[39m src/tools/mcp-tool.test.ts [2m([22m[2m42 tests[22m[2m)[22m[32m 144[2mms[22m[39m
release	UNKNOWN STEP	2025-10-24T20:30:15.2735774Z  [32mâœ“[39m src/utils/memoryImportProcessor.test.ts [2m([22m[2m25 tests[22m[2m)[22m[32m 44[2mms[22m[39m
release	UNKNOWN STEP	2025-10-24T20:30:15.7230249Z  [32mâœ“[39m src/services/shellExecutionService.test.ts [2m([22m[2m43 tests[22m[2m)[22m[33m 499[2mms[22m[39m
release	UNKNOWN STEP	2025-10-24T20:30:15.7619193Z  [32mâœ“[39m src/tools/write-file.test.ts [2m([22m[2m30 tests[22m[2m)[22m[32m 207[2mms[22m[39m
release	UNKNOWN STEP	2025-10-24T20:30:17.9743166Z  [32mâœ“[39m src/telemetry/clearcut-logger/clearcut-logger.test.ts [2m([22m[2m35 tests[22m[2m)[22m[33m 332[2mms[22m[39m
release	UNKNOWN STEP	2025-10-24T20:30:18.0018799Z  [32mâœ“[39m src/agents/executor.test.ts [2m([22m[2m15 tests[22m[2m)[22m[32m 52[2mms[22m[39m
release	UNKNOWN STEP	2025-10-24T20:30:18.4999273Z  [32mâœ“[39m src/tools/read-many-files.test.ts [2m([22m[2m31 tests[22m[2m)[22m[33m 413[2mms[22m[39m
release	UNKNOWN STEP	2025-10-24T20:30:20.3194225Z  [32mâœ“[39m src/utils/editCorrector.test.ts [2m([22m[2m40 tests[22m[2m)[22m[32m 48[2mms[22m[39m
release	UNKNOWN STEP	2025-10-24T20:30:20.5421134Z  [32mâœ“[39m src/services/loopDetectionService.test.ts [2m([22m[2m37 tests[22m[2m)[22m[32m 269[2mms[22m[39m
release	UNKNOWN STEP	2025-10-24T20:30:20.6614581Z  [32mâœ“[39m src/core/turn.test.ts [2m([22m[2m21 tests[22m[2m)[22m[32m 24[2mms[22m[39m
release	UNKNOWN STEP	2025-10-24T20:30:20.8812568Z  [32mâœ“[39m src/core/logger.test.ts [2m([22m[2m38 tests[22m[2m)[22m[32m 157[2mms[22m[39m
release	UNKNOWN STEP	2025-10-24T20:30:21.3600397Z  [32mâœ“[39m src/ide/ide-client.test.ts [2m([22m[2m23 tests[22m[2m)[22m[32m 87[2mms[22m[39m
release	UNKNOWN STEP	2025-10-24T20:30:22.8159123Z  [32mâœ“[39m src/tools/web-fetch.test.ts [2m([22m[2m32 tests[22m[2m)[22m[32m 115[2mms[22m[39m
release	UNKNOWN STEP	2025-10-24T20:30:23.2917843Z  [32mâœ“[39m src/tools/smart-edit.test.ts [2m([22m[2m24 tests[22m[2m)[22m[32m 150[2mms[22m[39m
release	UNKNOWN STEP	2025-10-24T20:30:23.7645634Z  [32mâœ“[39m src/policy/policy-engine.test.ts [2m([22m[2m28 tests[22m[2m)[22m[32m 15[2mms[22m[39m
release	UNKNOWN STEP	2025-10-24T20:30:24.1040709Z (node:7907) MaxListenersExceededWarning: Possible EventTarget memory leak detected. 11 abort listeners added to [AbortSignal]. MaxListeners is 10. Use events.setMaxListeners() to increase limit
release	UNKNOWN STEP	2025-10-24T20:30:24.1045848Z (Use `node --trace-warnings ...` to show where the warning was created)
release	UNKNOWN STEP	2025-10-24T20:30:24.8732231Z  [32mâœ“[39m src/telemetry/uiTelemetry.test.ts [2m([22m[2m19 tests[22m[2m)[22m[32m 13[2mms[22m[39m
release	UNKNOWN STEP	2025-10-24T20:30:24.9644077Z  [32mâœ“[39m src/tools/mcp-client.test.ts [2m([22m[2m30 tests[22m[2m)[22m[32m 212[2mms[22m[39m
release	UNKNOWN STEP	2025-10-24T20:30:25.2941536Z  [32mâœ“[39m src/telemetry/memory-monitor.test.ts [2m([22m[2m31 tests[22m[2m)[22m[32m 36[2mms[22m[39m
release	UNKNOWN STEP	2025-10-24T20:30:25.3106228Z  [32mâœ“[39m src/utils/filesearch/fileSearch.test.ts [2m([22m[2m27 tests[22m[2m)[22m[32m 113[2mms[22m[39m
release	UNKNOWN STEP	2025-10-24T20:30:25.4666700Z  [32mâœ“[39m src/tools/glob.test.ts [2m([22m[2m38 tests[22m[2m)[22m[33m 1971[2mms[22m[39m
release	UNKNOWN STEP	2025-10-24T20:30:25.7055851Z  [32mâœ“[39m src/utils/editor.test.ts [2m([22m[2m113 tests[22m[2m)[22m[32m 66[2mms[22m[39m
release	UNKNOWN STEP	2025-10-24T20:30:26.2705862Z  [32mâœ“[39m src/utils/memoryDiscovery.test.ts [2m([22m[2m16 tests[22m[2m)[22m[32m 148[2mms[22m[39m
release	UNKNOWN STEP	2025-10-24T20:30:26.6938131Z  [32mâœ“[39m src/tools/read-file.test.ts [2m([22m[2m28 tests[22m[2m)[22m[32m 224[2mms[22m[39m
release	UNKNOWN STEP	2025-10-24T20:30:27.7630645Z  [32mâœ“[39m src/utils/shell-utils.test.ts [2m([22m[2m63 tests[22m[2m | [22m[33m2 skipped[39m[2m)[22m[32m 127[2mms[22m[39m
release	UNKNOWN STEP	2025-10-24T20:30:28.2446247Z  [32mâœ“[39m src/utils/retry.test.ts [2m([22m[2m22 tests[22m[2m)[22m[32m 85[2mms[22m[39m
release	UNKNOWN STEP	2025-10-24T20:30:28.7368393Z  [32mâœ“[39m src/utils/systemEncoding.test.ts [2m([22m[2m38 tests[22m[2m)[22m[32m 44[2mms[22m[39m
release	UNKNOWN STEP	2025-10-24T20:30:28.7674384Z  [32mâœ“[39m src/tools/shell.test.ts [2m([22m[2m26 tests[22m[2m | [22m[33m1 skipped[39m[2m)[22m[32m 264[2mms[22m[39m
release	UNKNOWN STEP	2025-10-24T20:30:29.2268031Z  [32mâœ“[39m src/core/baseLlmClient.test.ts [2m([22m[2m21 tests[22m[2m)[22m[32m 28[2mms[22m[39m
release	UNKNOWN STEP	2025-10-24T20:30:29.4826016Z  [32mâœ“[39m src/tools/memoryTool.test.ts [2m([22m[2m19 tests[22m[2m)[22m[32m 89[2mms[22m[39m
release	UNKNOWN STEP	2025-10-24T20:30:29.5649581Z (node:8244) MaxListenersExceededWarning: Possible EventTarget memory leak detected. 11 abort listeners added to [AbortSignal]. MaxListeners is 10. Use events.setMaxListeners() to increase limit
release	UNKNOWN STEP	2025-10-24T20:30:29.5652408Z (Use `node --trace-warnings ...` to show where the warning was created)
release	UNKNOWN STEP	2025-10-24T20:30:29.7122702Z  [32mâœ“[39m src/tools/grep.test.ts [2m([22m[2m24 tests[22m[2m)[22m[32m 265[2mms[22m[39m
release	UNKNOWN STEP	2025-10-24T20:30:29.7801105Z  [32mâœ“[39m src/output/stream-json-formatter.test.ts [2m([22m[2m19 tests[22m[2m)[22m[32m 14[2mms[22m[39m
release	UNKNOWN STEP	2025-10-24T20:30:29.8591058Z  [32mâœ“[39m src/utils/workspaceContext.test.ts [2m([22m[2m34 tests[22m[2m)[22m[32m 66[2mms[22m[39m
release	UNKNOWN STEP	2025-10-24T20:30:30.1254800Z  [32mâœ“[39m src/core/prompts.test.ts [2m([22m[2m39 tests[22m[2m)[22m[32m 46[2mms[22m[39m
release	UNKNOWN STEP	2025-10-24T20:30:30.5136676Z  [32mâœ“[39m src/mcp/oauth-token-storage.test.ts [2m([22m[2m28 tests[22m[2m)[22m[32m 34[2mms[22m[39m
release	UNKNOWN STEP	2025-10-24T20:30:30.9731027Z  [32mâœ“[39m src/utils/filesearch/crawler.test.ts [2m([22m[2m18 tests[22m[2m)[22m[32m 78[2mms[22m[39m
release	UNKNOWN STEP	2025-10-24T20:30:31.0674610Z  [32mâœ“[39m src/utils/errorParsing.test.ts [2m([22m[2m21 tests[22m[2m)[22m[32m 8[2mms[22m[39m
release	UNKNOWN STEP	2025-10-24T20:30:31.5413262Z  [32mâœ“[39m src/code_assist/converter.test.ts [2m([22m[2m24 tests[22m[2m)[22m[32m 11[2mms[22m[39m
release	UNKNOWN STEP	2025-10-24T20:30:31.6756839Z  [32mâœ“[39m src/utils/pathReader.test.ts [2m([22m[2m16 tests[22m[2m)[22m[32m 74[2mms[22m[39m
release	UNKNOWN STEP	2025-10-24T20:30:31.8997822Z  [32mâœ“[39m src/ide/ideContext.test.ts [2m([22m[2m23 tests[22m[2m)[22m[32m 30[2mms[22m[39m
release	UNKNOWN STEP	2025-10-24T20:30:32.1619163Z  [32mâœ“[39m src/tools/tool-registry.test.ts [2m([22m[2m9 tests[22m[2m)[22m[32m 79[2mms[22m[39m
release	UNKNOWN STEP	2025-10-24T20:30:32.3739012Z  [32mâœ“[39m src/telemetry/gcp-exporters.test.ts [2m([22m[2m18 tests[22m[2m)[22m[32m 54[2mms[22m[39m
release	UNKNOWN STEP	2025-10-24T20:30:32.4209673Z  [32mâœ“[39m src/tools/ls.test.ts [2m([22m[2m22 tests[22m[2m)[22m[32m 194[2mms[22m[39m
release	UNKNOWN STEP	2025-10-24T20:30:32.7950564Z  [32mâœ“[39m src/utils/userAccountManager.test.ts [2m([22m[2m23 tests[22m[2m)[22m[32m 40[2mms[22m[39m
release	UNKNOWN STEP	2025-10-24T20:30:32.8266159Z  [32mâœ“[39m src/mcp/token-storage/keychain-token-storage.test.ts [2m([22m[2m24 tests[22m[2m)[22m[32m 128[2mms[22m[39m
release	UNKNOWN STEP	2025-10-24T20:30:33.1460998Z  [32mâœ“[39m src/utils/ignorePatterns.test.ts [2m([22m[2m28 tests[22m[2m)[22m[32m 22[2mms[22m[39m
release	UNKNOWN STEP	2025-10-24T20:30:33.1952391Z  [32mâœ“[39m src/utils/getFolderStructure.test.ts [2m([22m[2m15 tests[22m[2m)[22m[32m 67[2mms[22m[39m
release	UNKNOWN STEP	2025-10-24T20:30:33.4664311Z  [32mâœ“[39m src/utils/partUtils.test.ts [2m([22m[2m37 tests[22m[2m)[22m[32m 15[2mms[22m[39m
release	UNKNOWN STEP	2025-10-24T20:30:33.8110369Z  [32mâœ“[39m src/mcp/oauth-utils.test.ts [2m([22m[2m24 tests[22m[2m)[22m[32m 26[2mms[22m[39m
release	UNKNOWN STEP	2025-10-24T20:30:34.4168860Z  [32mâœ“[39m src/services/chatRecordingService.test.ts [2m([22m[2m10 tests[22m[2m)[22m[32m 40[2mms[22m[39m
release	UNKNOWN STEP	2025-10-24T20:30:35.3962265Z  [32mâœ“[39m src/core/nonInteractiveToolExecutor.test.ts [2m([22m[2m8 tests[22m[2m)[22m[32m 22[2mms[22m[39m
release	UNKNOWN STEP	2025-10-24T20:30:35.7413458Z  [32mâœ“[39m src/utils/llm-edit-fixer.test.ts [2m([22m[2m7 tests[22m[2m)[22m[32m 18[2mms[22m[39m
release	UNKNOWN STEP	2025-10-24T20:30:35.7742730Z  [32mâœ“[39m src/tools/modifiable-tool.test.ts [2m([22m[2m11 tests[22m[2m)[22m[32m 42[2mms[22m[39m
release	UNKNOWN STEP	2025-10-24T20:30:35.9666758Z  [32mâœ“[39m src/agents/invocation.test.ts [2m([22m[2m11 tests[22m[2m)[22m[32m 14[2mms[22m[39m
release	UNKNOWN STEP	2025-10-24T20:30:36.1138894Z  [32mâœ“[39m src/utils/paths.test.ts [2m([22m[2m55 tests[22m[2m)[22m[32m 18[2mms[22m[39m
release	UNKNOWN STEP	2025-10-24T20:30:36.2212549Z  [32mâœ“[39m src/utils/generateContentResponseUtilities.test.ts [2m([22m[2m29 tests[22m[2m)[22m[32m 22[2mms[22m[39m
release	UNKNOWN STEP	2025-10-24T20:30:36.4160558Z  [32mâœ“[39m src/telemetry/activity-monitor.test.ts [2m([22m[2m22 tests[22m[2m)[22m[32m 15[2mms[22m[39m
release	UNKNOWN STEP	2025-10-24T20:30:36.5895982Z  [32mâœ“[39m src/utils/gitIgnoreParser.test.ts [2m([22m[2m22 tests[22m[2m)[22m[32m 75[2mms[22m[39m
release	UNKNOWN STEP	2025-10-24T20:30:36.6950322Z  [32mâœ“[39m src/output/json-formatter.test.ts [2m([22m[2m15 tests[22m[2m)[22m[32m 14[2mms[22m[39m
release	UNKNOWN STEP	2025-10-24T20:30:37.0611784Z  [32mâœ“[39m src/services/gitService.test.ts [2m([22m[2m14 tests[22m[2m)[22m[32m 58[2mms[22m[39m
release	UNKNOWN STEP	2025-10-24T20:30:37.1278039Z  [32mâœ“[39m src/mcp/token-storage/file-token-storage.test.ts [2m([22m[2m16 tests[22m[2m)[22m[33m 833[2mms[22m[39m
release	UNKNOWN STEP	2025-10-24T20:30:37.2032947Z  [32mâœ“[39m src/tools/message-bus-integration.test.ts [2m([22m[2m9 tests[22m[2m)[22m[32m 74[2mms[22m[39m
release	UNKNOWN STEP	2025-10-24T20:30:37.5610516Z  [32mâœ“[39m src/telemetry/rate-limiter.test.ts [2m([22m[2m24 tests[22m[2m)[22m[32m 19[2mms[22m[39m
release	UNKNOWN STEP	2025-10-24T20:30:37.8931084Z  [32mâœ“[39m src/mcp/token-storage/hybrid-token-storage.test.ts [2m([22m[2m11 tests[22m[2m)[22m[32m 25[2mms[22m[39m
release	UNKNOWN STEP	2025-10-24T20:30:38.5103825Z  [32mâœ“[39m src/telemetry/sdk.test.ts [2m([22m[2m9 tests[22m[2m)[22m[32m 48[2mms[22m[39m
release	UNKNOWN STEP	2025-10-24T20:30:39.0345374Z  [32mâœ“[39m src/utils/nextSpeakerChecker.test.ts [2m([22m[2m10 tests[22m[2m)[22m[32m 16[2mms[22m[39m
release	UNKNOWN STEP	2025-10-24T20:30:39.4001371Z  [32mâœ“[39m src/services/fileDiscoveryService.test.ts [2m([22m[2m15 tests[22m[2m)[22m[32m 59[2mms[22m[39m
release	UNKNOWN STEP	2025-10-24T20:30:39.5240805Z  [32mâœ“[39m src/routing/strategies/classifierStrategy.test.ts [2m([22m[2m8 tests[22m[2m)[22m[32m 19[2mms[22m[39m
release	UNKNOWN STEP	2025-10-24T20:30:39.7850836Z  [32mâœ“[39m src/utils/bfsFileSearch.test.ts [2m([22m[2m11 tests[22m[2m)[22m[32m 88[2mms[22m[39m
release	UNKNOWN STEP	2025-10-24T20:30:39.8866516Z  [32mâœ“[39m src/utils/secure-browser-launcher.test.ts [2m([22m[2m14 tests[22m[2m)[22m[32m 31[2mms[22m[39m
release	UNKNOWN STEP	2025-10-24T20:30:40.0009761Z  [32mâœ“[39m src/tools/web-search.test.ts [2m([22m[2m9 tests[22m[2m)[22m[32m 91[2mms[22m[39m
release	UNKNOWN STEP	2025-10-24T20:30:40.2291897Z  [32mâœ“[39m src/confirmation-bus/message-bus.test.ts [2m([22m[2m10 tests[22m[2m)[22m[32m 12[2mms[22m[39m
release	UNKNOWN STEP	2025-10-24T20:30:40.5260972Z  [32mâœ“[39m src/code_assist/oauth-credential-storage.test.ts [2m([22m[2m12 tests[22m[2m)[22m[32m 34[2mms[22m[39m
release	UNKNOWN STEP	2025-10-24T20:30:40.6091646Z  [32mâœ“[39m src/utils/errorReporting.test.ts [2m([22m[2m6 tests[22m[2m)[22m[32m 32[2mms[22m[39m
release	UNKNOWN STEP	2025-10-24T20:30:40.8619652Z  [32mâœ“[39m src/core/fakeContentGenerator.test.ts [2m([22m[2m14 tests[22m[2m)[22m[32m 13[2mms[22m[39m
release	UNKNOWN STEP	2025-10-24T20:30:41.1718435Z  [32mâœ“[39m src/telemetry/high-water-mark-tracker.test.ts [2m([22m[2m18 tests[22m[2m)[22m[32m 15[2mms[22m[39m
release	UNKNOWN STEP	2025-10-24T20:30:42.2756535Z  [32mâœ“[39m src/utils/summarizer.test.ts [2m([22m[2m8 tests[22m[2m)[22m[32m 80[2mms[22m[39m
release	UNKNOWN STEP	2025-10-24T20:30:42.4685255Z  [32mâœ“[39m src/fallback/handler.test.ts [2m([22m[2m10 tests[22m[2m)[22m[32m 14[2mms[22m[39m
release	UNKNOWN STEP	2025-10-24T20:30:42.7635286Z  [32mâœ“[39m src/agents/registry.test.ts [2m([22m[2m12 tests[22m[2m)[22m[32m 18[2mms[22m[39m
release	UNKNOWN STEP	2025-10-24T20:30:42.8456717Z  [32mâœ“[39m src/tools/tools.test.ts [2m([22m[2m11 tests[22m[2m)[22m[32m 14[2mms[22m[39m
release	UNKNOWN STEP	2025-10-24T20:30:42.9596356Z  [32mâœ“[39m src/utils/terminalSerializer.test.ts [2m([22m[2m16 tests[22m[2m)[22m[32m 99[2mms[22m[39m
release	UNKNOWN STEP	2025-10-24T20:30:43.2846574Z  [32mâœ“[39m src/routing/strategies/compositeStrategy.test.ts [2m([22m[2m6 tests[22m[2m)[22m[32m 15[2mms[22m[39m
release	UNKNOWN STEP	2025-10-24T20:30:43.3227149Z  [32mâœ“[39m src/code_assist/server.test.ts [2m([22m[2m8 tests[22m[2m)[22m[32m 50[2mms[22m[39m
release	UNKNOWN STEP	2025-10-24T20:30:43.6682309Z  [32mâœ“[39m src/ide/process-utils.test.ts [2m([22m[2m8 tests[22m[2m)[22m[32m 13[2mms[22m[39m
release	UNKNOWN STEP	2025-10-24T20:30:43.7282323Z  [32mâœ“[39m src/code_assist/setup.test.ts [2m([22m[2m7 tests[22m[2m)[22m[32m 13[2mms[22m[39m
release	UNKNOWN STEP	2025-10-24T20:30:44.0800760Z  [32mâœ“[39m src/ide/ide-installer.test.ts [2m([22m[2m11 tests[22m[2m)[22m[32m 42[2mms[22m[39m
release	UNKNOWN STEP	2025-10-24T20:30:44.1989009Z  [32mâœ“[39m src/core/contentGenerator.test.ts [2m([22m[2m9 tests[22m[2m)[22m[32m 15[2mms[22m[39m
release	UNKNOWN STEP	2025-10-24T20:30:44.5048827Z  [32mâœ“[39m src/mcp/sa-impersonation-provider.test.ts [2m([22m[2m8 tests[22m[2m)[22m[32m 32[2mms[22m[39m
release	UNKNOWN STEP	2025-10-24T20:30:44.8471711Z  [32mâœ“[39m src/utils/environmentContext.test.ts [2m([22m[2m6 tests[22m[2m)[22m[32m 42[2mms[22m[39m
release	UNKNOWN STEP	2025-10-24T20:30:45.1827096Z  [32mâœ“[39m src/tools/diffOptions.test.ts [2m([22m[2m9 tests[22m[2m)[22m[32m 10[2mms[22m[39m
release	UNKNOWN STEP	2025-10-24T20:30:45.9858181Z  [32mâœ“[39m src/agents/subagent-tool-wrapper.test.ts [2m([22m[2m7 tests[22m[2m)[22m[32m 64[2mms[22m[39m
release	UNKNOWN STEP	2025-10-24T20:30:46.3216041Z  [32mâœ“[39m src/utils/events.test.ts [2m([22m[2m8 tests[22m[2m)[22m[32m 36[2mms[22m[39m
release	UNKNOWN STEP	2025-10-24T20:30:46.6100501Z  [32mâœ“[39m src/utils/flashFallback.test.ts [2m([22m[2m4 tests[22m[2m)[22m[32m 156[2mms[22m[39m
release	UNKNOWN STEP	2025-10-24T20:30:46.6501011Z  [32mâœ“[39m src/utils/filesearch/ignore.test.ts [2m([22m[2m12 tests[22m[2m)[22m[32m 22[2mms[22m[39m
release	UNKNOWN STEP	2025-10-24T20:30:46.9466778Z  [32mâœ“[39m src/mcp/token-storage/base-token-storage.test.ts [2m([22m[2m12 tests[22m[2m)[22m[32m 8[2mms[22m[39m
release	UNKNOWN STEP	2025-10-24T20:30:47.2807532Z  [32mâœ“[39m src/agents/schema-utils.test.ts [2m([22m[2m6 tests[22m[2m)[22m[32m 16[2mms[22m[39m
release	UNKNOWN STEP	2025-10-24T20:30:47.3191389Z  [32mâœ“[39m src/routing/modelRouterService.test.ts [2m([22m[2m5 tests[22m[2m)[22m[32m 33[2mms[22m[39m
release	UNKNOWN STEP	2025-10-24T20:30:47.5487533Z  [32mâœ“[39m src/telemetry/activity-detector.test.ts [2m([22m[2m13 tests[22m[2m)[22m[32m 10[2mms[22m[39m
release	UNKNOWN STEP	2025-10-24T20:30:47.6599541Z  [32mâœ“[39m src/agents/utils.test.ts [2m([22m[2m12 tests[22m[2m)[22m[32m 9[2mms[22m[39m
release	UNKNOWN STEP	2025-10-24T20:30:47.8139758Z  [32mâœ“[39m src/ide/detect-ide.test.ts [2m([22m[2m14 tests[22m[2m)[22m[32m 10[2mms[22m[39m
release	UNKNOWN STEP	2025-10-24T20:30:47.8266413Z  [32mâœ“[39m src/telemetry/config.test.ts [2m([22m[2m11 tests[22m[2m)[22m[32m 12[2mms[22m[39m
release	UNKNOWN STEP	2025-10-24T20:30:48.1326909Z  [32mâœ“[39m src/utils/filesearch/crawlCache.test.ts [2m([22m[2m9 tests[22m[2m)[22m[32m 13[2mms[22m[39m
release	UNKNOWN STEP	2025-10-24T20:30:48.2049055Z  [32mâœ“[39m src/utils/pathCorrector.test.ts [2m([22m[2m4 tests[22m[2m)[22m[32m 31[2mms[22m[39m
release	UNKNOWN STEP	2025-10-24T20:30:48.2220321Z  [32mâœ“[39m src/tools/write-todos.test.ts [2m([22m[2m9 tests[22m[2m)[22m[32m 67[2mms[22m[39m
release	UNKNOWN STEP	2025-10-24T20:30:48.5206290Z  [32mâœ“[39m src/utils/delay.test.ts [2m([22m[2m7 tests[22m[2m)[22m[32m 20[2mms[22m[39m
release	UNKNOWN STEP	2025-10-24T20:30:48.6673450Z  [32mâœ“[39m src/mcp/google-auth-provider.test.ts [2m([22m[2m8 tests[22m[2m)[22m[32m 34[2mms[22m[39m
release	UNKNOWN STEP	2025-10-24T20:30:48.8318871Z  [32mâœ“[39m src/utils/installationManager.test.ts [2m([22m[2m4 tests[22m[2m)[22m[32m 11[2mms[22m[39m
release	UNKNOWN STEP	2025-10-24T20:30:49.2048676Z  [32mâœ“[39m src/utils/schemaValidator.test.ts [2m([22m[2m7 tests[22m[2m)[22m[32m 70[2mms[22m[39m
release	UNKNOWN STEP	2025-10-24T20:30:49.4993243Z  [32mâœ“[39m src/utils/debugLogger.test.ts [2m([22m[2m6 tests[22m[2m)[22m[32m 12[2mms[22m[39m
release	UNKNOWN STEP	2025-10-24T20:30:49.7660453Z  [32mâœ“[39m src/utils/textUtils.test.ts [2m([22m[2m12 tests[22m[2m)[22m[32m 6[2mms[22m[39m
release	UNKNOWN STEP	2025-10-24T20:30:50.0233544Z  [32mâœ“[39m src/config/models.test.ts [2m([22m[2m9 tests[22m[2m)[22m[32m 5[2mms[22m[39m
release	UNKNOWN STEP	2025-10-24T20:30:50.2953938Z  [32mâœ“[39m src/config/flashFallback.test.ts [2m([22m[2m6 tests[22m[2m)[22m[32m 6[2mms[22m[39m
release	UNKNOWN STEP	2025-10-24T20:30:50.3247790Z  [32mâœ“[39m src/routing/strategies/fallbackStrategy.test.ts [2m([22m[2m4 tests[22m[2m)[22m[32m 6[2mms[22m[39m
release	UNKNOWN STEP	2025-10-24T20:30:50.5575543Z  [32mâœ“[39m src/utils/thoughtUtils.test.ts [2m([22m[2m11 tests[22m[2m)[22m[32m 5[2mms[22m[39m
release	UNKNOWN STEP	2025-10-24T20:30:50.6119179Z  [32mâœ“[39m src/utils/safeJsonStringify.test.ts [2m([22m[2m8 tests[22m[2m)[22m[32m 7[2mms[22m[39m
release	UNKNOWN STEP	2025-10-24T20:30:50.9124324Z  [32mâœ“[39m src/utils/geminiIgnoreParser.test.ts [2m([22m[2m2 tests[22m[2m)[22m[32m 22[2mms[22m[39m
release	UNKNOWN STEP	2025-10-24T20:30:50.9830641Z  [32mâœ“[39m src/utils/tool-utils.test.ts [2m([22m[2m8 tests[22m[2m)[22m[32m 6[2mms[22m[39m
release	UNKNOWN STEP	2025-10-24T20:30:51.2220213Z  [32mâœ“[39m src/config/storage.test.ts [2m([22m[2m6 tests[22m[2m)[22m[32m 6[2mms[22m[39m
release	UNKNOWN STEP	2025-10-24T20:30:51.2833954Z  [32mâœ“[39m src/routing/strategies/overrideStrategy.test.ts [2m([22m[2m3 tests[22m[2m)[22m[32m 5[2mms[22m[39m
release	UNKNOWN STEP	2025-10-24T20:30:51.5464990Z  [32mâœ“[39m src/utils/filesearch/result-cache.test.ts [2m([22m[2m3 tests[22m[2m)[22m[32m 6[2mms[22m[39m
release	UNKNOWN STEP	2025-10-24T20:30:51.8853687Z  [32mâœ“[39m src/services/fileSystemService.test.ts [2m([22m[2m3 tests[22m[2m)[22m[32m 11[2mms[22m[39m
release	UNKNOWN STEP	2025-10-24T20:30:52.1979757Z  [32mâœ“[39m src/telemetry/telemetry-utils.test.ts [2m([22m[2m6 tests[22m[2m)[22m[32m 6[2mms[22m[39m
release	UNKNOWN STEP	2025-10-24T20:30:52.4785607Z  [32mâœ“[39m src/routing/strategies/defaultStrategy.test.ts [2m([22m[2m1 test[22m[2m)[22m[32m 5[2mms[22m[39m
release	UNKNOWN STEP	2025-10-24T20:30:52.7242643Z  [32mâœ“[39m src/tools/mcp-client-manager.test.ts [2m([22m[2m2 tests[22m[2m)[22m[32m 8[2mms[22m[39m
release	UNKNOWN STEP	2025-10-24T20:30:52.7546893Z  [32mâœ“[39m src/utils/formatters.test.ts [2m([22m[2m4 tests[22m[2m)[22m[32m 4[2mms[22m[39m
release	UNKNOWN STEP	2025-10-24T20:30:53.0052753Z  [32mâœ“[39m src/index.test.ts [2m([22m[2m1 test[22m[2m)[22m[32m 4[2mms[22m[39m
release	UNKNOWN STEP	2025-10-24T20:30:53.0271135Z  [32mâœ“[39m src/commands/extensions.test.ts [2m([22m[2m1 test[22m[2m)[22m[32m 6[2mms[22m[39m
release	UNKNOWN STEP	2025-10-24T20:30:53.2935041Z  [32mâœ“[39m src/telemetry/telemetry.test.ts [2m([22m[2m2 tests[22m[2m)[22m[32m 17[2mms[22m[39m
release	UNKNOWN STEP	2025-10-24T20:30:56.0418342Z 
release	UNKNOWN STEP	2025-10-24T20:30:56.0435733Z [2m  Snapshots [22m [1m[33m4 obsolete[39m[22m
release	UNKNOWN STEP	2025-10-24T20:30:56.0436722Z [2m            [22m [90mâ†³[39m [2msrc/core/[22m[1mprompts[22m[2m.test.ts[22m
release	UNKNOWN STEP	2025-10-24T20:30:56.0438125Z [2m            [22m   [90mÂ·[39m Core System Prompt (prompts.ts) > should return the base prompt when 'no userMemory is provided' 1
release	UNKNOWN STEP	2025-10-24T20:30:56.0440041Z [2m            [22m   [90mÂ·[39m Core System Prompt (prompts.ts) > should return the base prompt when 'userMemory is empty string' 1
release	UNKNOWN STEP	2025-10-24T20:30:56.0441717Z [2m            [22m   [90mÂ·[39m Core System Prompt (prompts.ts) > should return the base prompt when 'userMemory is whitespace only' 1
release	UNKNOWN STEP	2025-10-24T20:30:56.0443293Z [2m            [22m   [90mÂ·[39m Core System Prompt (prompts.ts) > should return the base prompt when no userMemory is provided 1
release	UNKNOWN STEP	2025-10-24T20:30:56.0443941Z 
release	UNKNOWN STEP	2025-10-24T20:30:56.0445849Z [2m Test Files [22m [1m[32m138 passed[39m[22m[90m (138)[39m
release	UNKNOWN STEP	2025-10-24T20:30:56.0450528Z [2m      Tests [22m [1m[32m2672 passed[39m[22m[2m | [22m[33m4 skipped[39m[90m (2676)[39m
release	UNKNOWN STEP	2025-10-24T20:30:56.0451454Z [2m   Start at [22m 20:30:03
release	UNKNOWN STEP	2025-10-24T20:30:56.0456484Z [2m   Duration [22m 52.40s[2m (transform 4.20s, setup 523ms, collect 82.82s, tests 20.33s, environment 47ms, prepare 14.10s)[22m
release	UNKNOWN STEP	2025-10-24T20:30:56.0457179Z 
release	UNKNOWN STEP	2025-10-24T20:30:56.5537050Z JUNIT report written to /home/runner/work/gemini-cli/gemini-cli/release/packages/core/junit.xml
release	UNKNOWN STEP	2025-10-24T20:30:56.5563293Z [34m % [39m[2mCoverage report from [22m[33mv8[39m
release	UNKNOWN STEP	2025-10-24T20:30:57.1085592Z 
release	UNKNOWN STEP	2025-10-24T20:30:57.1086469Z > gemini-cli-vscode-ide-companion@0.12.0-nightly.20251022.0542de95 test:ci
release	UNKNOWN STEP	2025-10-24T20:30:57.1087177Z > vitest run --coverage
release	UNKNOWN STEP	2025-10-24T20:30:57.1087397Z 
release	UNKNOWN STEP	2025-10-24T20:30:57.5163125Z 
release	UNKNOWN STEP	2025-10-24T20:30:57.5168367Z [1m[46m RUN [49m[22m [36mv3.2.4 [39m[90m/home/runner/work/gemini-cli/gemini-cli/release/packages/vscode-ide-companion[39m
release	UNKNOWN STEP	2025-10-24T20:30:57.5169832Z       [2mCoverage enabled with [22m[33mv8[39m
release	UNKNOWN STEP	2025-10-24T20:30:57.5170350Z 
release	UNKNOWN STEP	2025-10-24T20:30:57.9840789Z  [32mâœ“[39m src/open-files-manager.test.ts [2m([22m[2m17 tests[22m[2m)[22m[32m 41[2mms[22m[39m
release	UNKNOWN STEP	2025-10-24T20:30:58.4214788Z  [32mâœ“[39m src/ide-server.test.ts [2m([22m[2m13 tests[22m[2m | [22m[33m1 skipped[39m[2m)[22m[32m 166[2mms[22m[39m
release	UNKNOWN STEP	2025-10-24T20:30:58.4230797Z  [32mâœ“[39m src/extension.test.ts [2m([22m[2m11 tests[22m[2m)[22m[32m 124[2mms[22m[39m
release	UNKNOWN STEP	2025-10-24T20:30:58.6635373Z 
release	UNKNOWN STEP	2025-10-24T20:30:58.6639930Z [2m Test Files [22m [1m[32m3 passed[39m[22m[90m (3)[39m
release	UNKNOWN STEP	2025-10-24T20:30:58.6641442Z [2m      Tests [22m [1m[32m40 passed[39m[22m[2m | [22m[33m1 skipped[39m[90m (41)[39m
release	UNKNOWN STEP	2025-10-24T20:30:58.6642522Z [2m   Start at [22m 20:30:57
release	UNKNOWN STEP	2025-10-24T20:30:58.6645412Z [2m   Duration [22m 1.15s[2m (transform 325ms, setup 0ms, collect 1.05s, tests 331ms, environment 1ms, prepare 373ms)[22m
release	UNKNOWN STEP	2025-10-24T20:30:58.6645915Z 
release	UNKNOWN STEP	2025-10-24T20:30:58.6660436Z [34m % [39m[2mCoverage report from [22m[33mv8[39m
release	UNKNOWN STEP	2025-10-24T20:30:58.6715887Z -------------------|---------|----------|---------|---------|-------------------
release	UNKNOWN STEP	2025-10-24T20:30:58.6717382Z File               | % Stmts | % Branch | % Funcs | % Lines | Uncovered Line #s 
release	UNKNOWN STEP	2025-10-24T20:30:58.6718753Z -------------------|---------|----------|---------|---------|-------------------
release	UNKNOWN STEP	2025-10-24T20:30:58.6724536Z All files          |      48 |    76.63 |    55.1 |      48 |                   
release	UNKNOWN STEP	2025-10-24T20:30:58.6739932Z  ...-ide-companion |       0 |        0 |       0 |       0 |                   
release	UNKNOWN STEP	2025-10-24T20:30:58.6741190Z   esbuild.js       |       0 |        0 |       0 |       0 | 1-69              
release	UNKNOWN STEP	2025-10-24T20:30:58.6742104Z  ...panion/scripts |       0 |        0 |       0 |       0 |                   
release	UNKNOWN STEP	2025-10-24T20:30:58.6742835Z   ...de-release.js |       0 |        0 |       0 |       0 | 1-99              
release	UNKNOWN STEP	2025-10-24T20:30:58.6743525Z   ...te-notices.js |       0 |        0 |       0 |       0 | 1-160             
release	UNKNOWN STEP	2025-10-24T20:30:58.6744294Z  ...-companion/src |   61.57 |     79.2 |   57.77 |   61.57 |                   
release	UNKNOWN STEP	2025-10-24T20:30:58.6745039Z   diff-manager.ts  |   23.38 |       80 |      25 |   23.38 | ...37-238,241-266 
release	UNKNOWN STEP	2025-10-24T20:30:58.6745763Z   extension.ts     |   67.19 |       80 |      50 |   67.19 | ...04-208,213-227 
release	UNKNOWN STEP	2025-10-24T20:30:58.6746551Z   ide-server.ts    |   66.19 |    74.46 |   68.75 |   66.19 | ...60-463,472-489 
release	UNKNOWN STEP	2025-10-24T20:30:58.6747281Z   ...es-manager.ts |   94.36 |    85.29 |     100 |   94.36 | ...88,146-147,154 
release	UNKNOWN STEP	2025-10-24T20:30:58.6748067Z  ...nion/src/utils |   88.23 |    66.66 |     100 |   88.23 |                   
release	UNKNOWN STEP	2025-10-24T20:30:58.6749031Z   logger.ts        |   88.23 |    66.66 |     100 |   88.23 | 21-22             
release	UNKNOWN STEP	2025-10-24T20:30:58.6749781Z -------------------|---------|----------|---------|---------|-------------------
release	UNKNOWN STEP	2025-10-24T20:30:58.8571660Z 
release	UNKNOWN STEP	2025-10-24T20:30:58.8572361Z > @google/gemini-cli@0.12.0-nightly.20251022.0542de95 test:scripts
release	UNKNOWN STEP	2025-10-24T20:30:58.8573259Z > vitest run --config ./scripts/tests/vitest.config.ts
release	UNKNOWN STEP	2025-10-24T20:30:58.8573523Z 
release	UNKNOWN STEP	2025-10-24T20:30:59.1509472Z 
release	UNKNOWN STEP	2025-10-24T20:30:59.1511800Z [1m[46m RUN [49m[22m [36mv3.2.4 [39m[90m/home/runner/work/gemini-cli/gemini-cli/release[39m
release	UNKNOWN STEP	2025-10-24T20:30:59.1512399Z 
release	UNKNOWN STEP	2025-10-24T20:30:59.5752181Z [90mstderr[2m | scripts/tests/get-release-version.test.js[2m > [22m[2mgetVersion[2m > [22m[2mAdvanced Scenarios[2m > [22m[2mshould ignore a deprecated version and use the next highest
release	UNKNOWN STEP	2025-10-24T20:30:59.5753976Z [22m[39mIgnoring deprecated version: 0.9.0-nightly.20250917.deprecated
release	UNKNOWN STEP	2025-10-24T20:30:59.5754513Z 
release	UNKNOWN STEP	2025-10-24T20:30:59.5772829Z [90mstderr[2m | scripts/tests/get-release-version.test.js[2m > [22m[2mgetVersion[2m > [22m[2mAdvanced Scenarios[2m > [22m[2mshould auto-increment patch version if the calculated one already exists
release	UNKNOWN STEP	2025-10-24T20:30:59.5774585Z [22m[39mGit tag v0.7.0 already exists.
release	UNKNOWN STEP	2025-10-24T20:30:59.5775152Z Version 0.7.0 exists, incrementing.
release	UNKNOWN STEP	2025-10-24T20:30:59.5775441Z 
release	UNKNOWN STEP	2025-10-24T20:30:59.5780547Z [90mstderr[2m | scripts/tests/get-release-version.test.js[2m > [22m[2mgetVersion[2m > [22m[2mAdvanced Scenarios[2m > [22m[2mshould auto-increment preview number if the calculated one already exists
release	UNKNOWN STEP	2025-10-24T20:30:59.5782059Z [22m[39mVersion 0.8.0-preview.0 already exists on NPM.
release	UNKNOWN STEP	2025-10-24T20:30:59.5782662Z Version 0.8.0-preview.0 exists, incrementing.
release	UNKNOWN STEP	2025-10-24T20:30:59.5782978Z 
release	UNKNOWN STEP	2025-10-24T20:30:59.5810583Z  [32mâœ“[39m scripts/tests/get-release-version.test.js [2m([22m[2m8 tests[22m[2m)[22m[32m 29[2mms[22m[39m
release	UNKNOWN STEP	2025-10-24T20:31:00.4747575Z  [32mâœ“[39m scripts/tests/patch-create-comment.test.js [2m([22m[2m15 tests[22m[2m)[22m[33m 1031[2mms[22m[39m
release	UNKNOWN STEP	2025-10-24T20:31:00.4836069Z 
release	UNKNOWN STEP	2025-10-24T20:31:00.4840685Z [2m Test Files [22m [1m[32m2 passed[39m[22m[90m (2)[39m
release	UNKNOWN STEP	2025-10-24T20:31:00.4841656Z [2m      Tests [22m [1m[32m23 passed[39m[22m[90m (23)[39m
release	UNKNOWN STEP	2025-10-24T20:31:00.4842381Z [2m   Start at [22m 20:30:59
release	UNKNOWN STEP	2025-10-24T20:31:00.4844766Z [2m   Duration [22m 1.33s[2m (transform 118ms, setup 42ms, collect 214ms, tests 1.06s, environment 0ms, prepare 169ms)[22m
release	UNKNOWN STEP	2025-10-24T20:31:00.4845974Z 
release	UNKNOWN STEP	2025-10-24T20:31:00.5864000Z ##[endgroup]
release	UNKNOWN STEP	2025-10-24T20:31:00.5864475Z ##[group]Integration Tests (no sandbox)
release	UNKNOWN STEP	2025-10-24T20:31:00.7136128Z 
release	UNKNOWN STEP	2025-10-24T20:31:00.7136805Z > @google/gemini-cli@0.12.0-nightly.20251022.0542de95 test:integration:sandbox:none
release	UNKNOWN STEP	2025-10-24T20:31:00.7137483Z > cross-env GEMINI_SANDBOX=false vitest run --root ./integration-tests
release	UNKNOWN STEP	2025-10-24T20:31:00.7137788Z 
release	UNKNOWN STEP	2025-10-24T20:31:01.0348246Z 
release	UNKNOWN STEP	2025-10-24T20:31:01.0350979Z [1m[46m RUN [49m[22m [36mv3.2.4 [39m[90m/home/runner/work/gemini-cli/gemini-cli/release/integration-tests[39m
release	UNKNOWN STEP	2025-10-24T20:31:01.0351727Z 
release	UNKNOWN STEP	2025-10-24T20:31:01.0793798Z 
release	UNKNOWN STEP	2025-10-24T20:31:01.0794845Z Integration test output directory: /home/runner/work/gemini-cli/gemini-cli/release/.integration-tests/1761337861078
release	UNKNOWN STEP	2025-10-24T20:31:16.9735446Z  [31mâ¯[39m simple-mcp-server.test.ts [2m([22m[2m1 test[22m[2m | [22m[31m1 failed[39m[2m)[22m[33m 15492[2mms[22m[39m
release	UNKNOWN STEP	2025-10-24T20:31:16.9737041Z [31m   [31mÃ—[31m simple-mcp-server[2m > [22mshould add two numbers[39m[33m 15489[2mms[22m[39m[33m (retry x2)[39m
release	UNKNOWN STEP	2025-10-24T20:31:16.9737970Z [31m     â†’ Process exited with code 1:
release	UNKNOWN STEP	2025-10-24T20:31:16.9739006Z YOLO mode is enabled. All tool calls will be automatically approved.
release	UNKNOWN STEP	2025-10-24T20:31:16.9740148Z GEMINI_API_KEY not found. Find your existing key or generate a new one at: https://aistudio.google.com/apikey
release	UNKNOWN STEP	2025-10-24T20:31:16.9740789Z 
release	UNKNOWN STEP	2025-10-24T20:31:16.9741375Z To continue, please set the GEMINI_API_KEY environment variable or add it to a .env file.
release	UNKNOWN STEP	2025-10-24T20:31:16.9742049Z [39m
release	UNKNOWN STEP	2025-10-24T20:31:16.9742494Z [31m     â†’ Process exited with code 1:
release	UNKNOWN STEP	2025-10-24T20:31:16.9743178Z YOLO mode is enabled. All tool calls will be automatically approved.
release	UNKNOWN STEP	2025-10-24T20:31:16.9744277Z GEMINI_API_KEY not found. Find your existing key or generate a new one at: https://aistudio.google.com/apikey
release	UNKNOWN STEP	2025-10-24T20:31:16.9745397Z 
release	UNKNOWN STEP	2025-10-24T20:31:16.9745937Z To continue, please set the GEMINI_API_KEY environment variable or add it to a .env file.
release	UNKNOWN STEP	2025-10-24T20:31:16.9746607Z [39m
release	UNKNOWN STEP	2025-10-24T20:31:16.9747036Z [31m     â†’ Process exited with code 1:
release	UNKNOWN STEP	2025-10-24T20:31:16.9747709Z YOLO mode is enabled. All tool calls will be automatically approved.
release	UNKNOWN STEP	2025-10-24T20:31:16.9749046Z GEMINI_API_KEY not found. Find your existing key or generate a new one at: https://aistudio.google.com/apikey
release	UNKNOWN STEP	2025-10-24T20:31:16.9749677Z 
release	UNKNOWN STEP	2025-10-24T20:31:16.9750226Z To continue, please set the GEMINI_API_KEY environment variable or add it to a .env file.
release	UNKNOWN STEP	2025-10-24T20:31:16.9750886Z [39m
release	UNKNOWN STEP	2025-10-24T20:32:07.5055433Z  [31mâ¯[39m file-system.test.ts [2m([22m[2m6 tests[22m[2m | [22m[31m5 failed[39m[2m | [22m[33m1 skipped[39m[2m)[22m[33m 66029[2mms[22m[39m
release	UNKNOWN STEP	2025-10-24T20:32:07.5057226Z [31m   [31mÃ—[31m file-system[2m > [22mshould be able to read a file[39m[33m 15575[2mms[22m[39m[33m (retry x2)[39m
release	UNKNOWN STEP	2025-10-24T20:32:07.5058265Z [31m     â†’ Process exited with code 1:
release	UNKNOWN STEP	2025-10-24T20:32:07.5059225Z YOLO mode is enabled. All tool calls will be automatically approved.
release	UNKNOWN STEP	2025-10-24T20:32:07.5060405Z GEMINI_API_KEY not found. Find your existing key or generate a new one at: https://aistudio.google.com/apikey
release	UNKNOWN STEP	2025-10-24T20:32:07.5061074Z 
release	UNKNOWN STEP	2025-10-24T20:32:07.5061608Z To continue, please set the GEMINI_API_KEY environment variable or add it to a .env file.
release	UNKNOWN STEP	2025-10-24T20:32:07.5062062Z [39m
release	UNKNOWN STEP	2025-10-24T20:32:07.5062337Z [31m     â†’ Process exited with code 1:
release	UNKNOWN STEP	2025-10-24T20:32:07.5062767Z YOLO mode is enabled. All tool calls will be automatically approved.
release	UNKNOWN STEP	2025-10-24T20:32:07.5063409Z GEMINI_API_KEY not found. Find your existing key or generate a new one at: https://aistudio.google.com/apikey
release	UNKNOWN STEP	2025-10-24T20:32:07.5063767Z 
release	UNKNOWN STEP	2025-10-24T20:32:07.5064074Z To continue, please set the GEMINI_API_KEY environment variable or add it to a .env file.
release	UNKNOWN STEP	2025-10-24T20:32:07.5064451Z [39m
release	UNKNOWN STEP	2025-10-24T20:32:07.5064704Z [31m     â†’ Process exited with code 1:
release	UNKNOWN STEP	2025-10-24T20:32:07.5065086Z YOLO mode is enabled. All tool calls will be automatically approved.
release	UNKNOWN STEP	2025-10-24T20:32:07.5065716Z GEMINI_API_KEY not found. Find your existing key or generate a new one at: https://aistudio.google.com/apikey
release	UNKNOWN STEP	2025-10-24T20:32:07.5066078Z 
release	UNKNOWN STEP	2025-10-24T20:32:07.5066378Z To continue, please set the GEMINI_API_KEY environment variable or add it to a .env file.
release	UNKNOWN STEP	2025-10-24T20:32:07.5066749Z [39m
release	UNKNOWN STEP	2025-10-24T20:32:07.5067317Z [31m   [31mÃ—[31m file-system[2m > [22mshould be able to write a file[39m[33m 13093[2mms[22m[39m[33m (retry x2)[39m
release	UNKNOWN STEP	2025-10-24T20:32:07.5068218Z [31m     â†’ Process exited with code 1:
release	UNKNOWN STEP	2025-10-24T20:32:07.5068972Z YOLO mode is enabled. All tool calls will be automatically approved.
release	UNKNOWN STEP	2025-10-24T20:32:07.5069625Z GEMINI_API_KEY not found. Find your existing key or generate a new one at: https://aistudio.google.com/apikey
release	UNKNOWN STEP	2025-10-24T20:32:07.5069984Z 
release	UNKNOWN STEP	2025-10-24T20:32:07.5070304Z To continue, please set the GEMINI_API_KEY environment variable or add it to a .env file.
release	UNKNOWN STEP	2025-10-24T20:32:07.5070692Z [39m
release	UNKNOWN STEP	2025-10-24T20:32:07.5070943Z [31m     â†’ Process exited with code 1:
release	UNKNOWN STEP	2025-10-24T20:32:07.5071324Z YOLO mode is enabled. All tool calls will be automatically approved.
release	UNKNOWN STEP	2025-10-24T20:32:07.5072389Z GEMINI_API_KEY not found. Find your existing key or generate a new one at: https://aistudio.google.com/apikey
release	UNKNOWN STEP	2025-10-24T20:32:07.5073089Z 
release	UNKNOWN STEP	2025-10-24T20:32:07.5073626Z To continue, please set the GEMINI_API_KEY environment variable or add it to a .env file.
release	UNKNOWN STEP	2025-10-24T20:32:07.5074398Z [39m
release	UNKNOWN STEP	2025-10-24T20:32:07.5074922Z [31m     â†’ Process exited with code 1:
release	UNKNOWN STEP	2025-10-24T20:32:07.5075451Z YOLO mode is enabled. All tool calls will be automatically approved.
release	UNKNOWN STEP	2025-10-24T20:32:07.5076077Z GEMINI_API_KEY not found. Find your existing key or generate a new one at: https://aistudio.google.com/apikey
release	UNKNOWN STEP	2025-10-24T20:32:07.5076437Z 
release	UNKNOWN STEP	2025-10-24T20:32:07.5076734Z To continue, please set the GEMINI_API_KEY environment variable or add it to a .env file.
release	UNKNOWN STEP	2025-10-24T20:32:07.5077377Z [39m
release	UNKNOWN STEP	2025-10-24T20:32:07.5078209Z [31m   [31mÃ—[31m file-system[2m > [22mshould correctly handle file paths with spaces[39m[33m 12107[2mms[22m[39m[33m (retry x2)[39m
release	UNKNOWN STEP	2025-10-24T20:32:07.5079583Z [31m     â†’ Process exited with code 1:
release	UNKNOWN STEP	2025-10-24T20:32:07.5080337Z YOLO mode is enabled. All tool calls will be automatically approved.
release	UNKNOWN STEP	2025-10-24T20:32:07.5081548Z GEMINI_API_KEY not found. Find your existing key or generate a new one at: https://aistudio.google.com/apikey
release	UNKNOWN STEP	2025-10-24T20:32:07.5082037Z 
release	UNKNOWN STEP	2025-10-24T20:32:07.5082362Z To continue, please set the GEMINI_API_KEY environment variable or add it to a .env file.
release	UNKNOWN STEP	2025-10-24T20:32:07.5082797Z [39m
release	UNKNOWN STEP	2025-10-24T20:32:07.5083050Z [31m     â†’ Process exited with code 1:
release	UNKNOWN STEP	2025-10-24T20:32:07.5083607Z YOLO mode is enabled. All tool calls will be automatically approved.
release	UNKNOWN STEP	2025-10-24T20:32:07.5084685Z GEMINI_API_KEY not found. Find your existing key or generate a new one at: https://aistudio.google.com/apikey
release	UNKNOWN STEP	2025-10-24T20:32:07.5085066Z 
release	UNKNOWN STEP	2025-10-24T20:32:07.5085366Z To continue, please set the GEMINI_API_KEY environment variable or add it to a .env file.
release	UNKNOWN STEP	2025-10-24T20:32:07.5085761Z [39m
release	UNKNOWN STEP	2025-10-24T20:32:07.5086009Z [31m     â†’ Process exited with code 1:
release	UNKNOWN STEP	2025-10-24T20:32:07.5086385Z YOLO mode is enabled. All tool calls will be automatically approved.
release	UNKNOWN STEP	2025-10-24T20:32:07.5086998Z GEMINI_API_KEY not found. Find your existing key or generate a new one at: https://aistudio.google.com/apikey
release	UNKNOWN STEP	2025-10-24T20:32:07.5087352Z 
release	UNKNOWN STEP	2025-10-24T20:32:07.5087648Z To continue, please set the GEMINI_API_KEY environment variable or add it to a .env file.
release	UNKNOWN STEP	2025-10-24T20:32:07.5088021Z [39m
release	UNKNOWN STEP	2025-10-24T20:32:07.5088959Z [31m   [31mÃ—[31m file-system[2m > [22mshould perform a read-then-write sequence[39m[33m 13296[2mms[22m[39m[33m (retry x2)[39m
release	UNKNOWN STEP	2025-10-24T20:32:07.5089545Z [31m     â†’ Process exited with code 1:
release	UNKNOWN STEP	2025-10-24T20:32:07.5089919Z YOLO mode is enabled. All tool calls will be automatically approved.
release	UNKNOWN STEP	2025-10-24T20:32:07.5090547Z GEMINI_API_KEY not found. Find your existing key or generate a new one at: https://aistudio.google.com/apikey
release	UNKNOWN STEP	2025-10-24T20:32:07.5090901Z 
release	UNKNOWN STEP	2025-10-24T20:32:07.5091204Z To continue, please set the GEMINI_API_KEY environment variable or add it to a .env file.
release	UNKNOWN STEP	2025-10-24T20:32:07.5091574Z [39m
release	UNKNOWN STEP	2025-10-24T20:32:07.5091816Z [31m     â†’ Process exited with code 1:
release	UNKNOWN STEP	2025-10-24T20:32:07.5092185Z YOLO mode is enabled. All tool calls will be automatically approved.
release	UNKNOWN STEP	2025-10-24T20:32:07.5092793Z GEMINI_API_KEY not found. Find your existing key or generate a new one at: https://aistudio.google.com/apikey
release	UNKNOWN STEP	2025-10-24T20:32:07.5093323Z 
release	UNKNOWN STEP	2025-10-24T20:32:07.5093643Z To continue, please set the GEMINI_API_KEY environment variable or add it to a .env file.
release	UNKNOWN STEP	2025-10-24T20:32:07.5094025Z [39m
release	UNKNOWN STEP	2025-10-24T20:32:07.5094296Z [31m     â†’ Process exited with code 1:
release	UNKNOWN STEP	2025-10-24T20:32:07.5094690Z YOLO mode is enabled. All tool calls will be automatically approved.
release	UNKNOWN STEP	2025-10-24T20:32:07.5095315Z GEMINI_API_KEY not found. Find your existing key or generate a new one at: https://aistudio.google.com/apikey
release	UNKNOWN STEP	2025-10-24T20:32:07.5095675Z 
release	UNKNOWN STEP	2025-10-24T20:32:07.5095969Z To continue, please set the GEMINI_API_KEY environment variable or add it to a .env file.
release	UNKNOWN STEP	2025-10-24T20:32:07.5096340Z [39m
release	UNKNOWN STEP	2025-10-24T20:32:07.5096807Z    [2m[90mâ†“[39m[22m file-system[2m > [22mshould replace multiple instances of a string
release	UNKNOWN STEP	2025-10-24T20:32:07.5097699Z [31m   [31mÃ—[31m file-system[2m > [22mshould fail safely when trying to edit a non-existent file[39m[33m 11955[2mms[22m[39m[33m (retry x2)[39m
release	UNKNOWN STEP	2025-10-24T20:32:07.5098287Z [31m     â†’ Process exited with code 1:
release	UNKNOWN STEP	2025-10-24T20:32:07.5099020Z YOLO mode is enabled. All tool calls will be automatically approved.
release	UNKNOWN STEP	2025-10-24T20:32:07.5099634Z GEMINI_API_KEY not found. Find your existing key or generate a new one at: https://aistudio.google.com/apikey
release	UNKNOWN STEP	2025-10-24T20:32:07.5099990Z 
release	UNKNOWN STEP	2025-10-24T20:32:07.5100291Z To continue, please set the GEMINI_API_KEY environment variable or add it to a .env file.
release	UNKNOWN STEP	2025-10-24T20:32:07.5100845Z [39m
release	UNKNOWN STEP	2025-10-24T20:32:07.5101091Z [31m     â†’ Process exited with code 1:
release	UNKNOWN STEP	2025-10-24T20:32:07.5101470Z YOLO mode is enabled. All tool calls will be automatically approved.
release	UNKNOWN STEP	2025-10-24T20:32:07.5102084Z GEMINI_API_KEY not found. Find your existing key or generate a new one at: https://aistudio.google.com/apikey
release	UNKNOWN STEP	2025-10-24T20:32:07.5102440Z 
release	UNKNOWN STEP	2025-10-24T20:32:07.5102737Z To continue, please set the GEMINI_API_KEY environment variable or add it to a .env file.
release	UNKNOWN STEP	2025-10-24T20:32:07.5103109Z [39m
release	UNKNOWN STEP	2025-10-24T20:32:07.5103342Z [31m     â†’ Process exited with code 1:
release	UNKNOWN STEP	2025-10-24T20:32:07.5103719Z YOLO mode is enabled. All tool calls will be automatically approved.
release	UNKNOWN STEP	2025-10-24T20:32:07.5104326Z GEMINI_API_KEY not found. Find your existing key or generate a new one at: https://aistudio.google.com/apikey
release	UNKNOWN STEP	2025-10-24T20:32:07.5106169Z 
release	UNKNOWN STEP	2025-10-24T20:32:07.5106690Z To continue, please set the GEMINI_API_KEY environment variable or add it to a .env file.
release	UNKNOWN STEP	2025-10-24T20:32:07.5107390Z [39m
release	UNKNOWN STEP	2025-10-24T20:32:25.2796912Z  [31mâ¯[39m json-output.test.ts [2m([22m[2m3 tests[22m[2m | [22m[31m1 failed[39m[2m | [22m[33m1 skipped[39m[2m)[22m[33m 17560[2mms[22m[39m
release	UNKNOWN STEP	2025-10-24T20:32:25.2799164Z [31m   [31mÃ—[31m JSON output[2m > [22mshould return a valid JSON with response and stats[39m[33m 12925[2mms[22m[39m[33m (retry x2)[39m
release	UNKNOWN STEP	2025-10-24T20:32:25.2800101Z [31m     â†’ Process exited with code 1:
release	UNKNOWN STEP	2025-10-24T20:32:25.2800548Z YOLO mode is enabled. All tool calls will be automatically approved.
release	UNKNOWN STEP	2025-10-24T20:32:25.2800878Z {
release	UNKNOWN STEP	2025-10-24T20:32:25.2801034Z   "error": {
release	UNKNOWN STEP	2025-10-24T20:32:25.2801239Z     "type": "Error",
release	UNKNOWN STEP	2025-10-24T20:32:25.2802060Z     "message": "GEMINI_API_KEY not found. Find your existing key or generate a new one at: https://aistudio.google.com/apikey\n\nTo continue, please set the GEMINI_API_KEY environment variable or add it to a .env file.",
release	UNKNOWN STEP	2025-10-24T20:32:25.2802779Z     "code": 1
release	UNKNOWN STEP	2025-10-24T20:32:25.2802940Z   }
release	UNKNOWN STEP	2025-10-24T20:32:25.2803096Z }
release	UNKNOWN STEP	2025-10-24T20:32:25.2803268Z [39m
release	UNKNOWN STEP	2025-10-24T20:32:25.2803536Z [31m     â†’ Process exited with code 1:
release	UNKNOWN STEP	2025-10-24T20:32:25.2803934Z YOLO mode is enabled. All tool calls will be automatically approved.
release	UNKNOWN STEP	2025-10-24T20:32:25.2804235Z {
release	UNKNOWN STEP	2025-10-24T20:32:25.2804376Z   "error": {
release	UNKNOWN STEP	2025-10-24T20:32:25.2804544Z     "type": "Error",
release	UNKNOWN STEP	2025-10-24T20:32:25.2805337Z     "message": "GEMINI_API_KEY not found. Find your existing key or generate a new one at: https://aistudio.google.com/apikey\n\nTo continue, please set the GEMINI_API_KEY environment variable or add it to a .env file.",
release	UNKNOWN STEP	2025-10-24T20:32:25.2806050Z     "code": 1
release	UNKNOWN STEP	2025-10-24T20:32:25.2806208Z   }
release	UNKNOWN STEP	2025-10-24T20:32:25.2806616Z }
release	UNKNOWN STEP	2025-10-24T20:32:25.2806785Z [39m
release	UNKNOWN STEP	2025-10-24T20:32:25.2807039Z [31m     â†’ Process exited with code 1:
release	UNKNOWN STEP	2025-10-24T20:32:25.2807428Z YOLO mode is enabled. All tool calls will be automatically approved.
release	UNKNOWN STEP	2025-10-24T20:32:25.2807727Z {
release	UNKNOWN STEP	2025-10-24T20:32:25.2807872Z   "error": {
release	UNKNOWN STEP	2025-10-24T20:32:25.2808030Z     "type": "Error",
release	UNKNOWN STEP	2025-10-24T20:32:25.2811845Z     "message": "GEMINI_API_KEY not found. Find your existing key or generate a new one at: https://aistudio.google.com/apikey\n\nTo continue, please set the GEMINI_API_KEY environment variable or add it to a .env file.",
release	UNKNOWN STEP	2025-10-24T20:32:25.2812697Z     "code": 1
release	UNKNOWN STEP	2025-10-24T20:32:25.2812863Z   }
release	UNKNOWN STEP	2025-10-24T20:32:25.2813009Z }
release	UNKNOWN STEP	2025-10-24T20:32:25.2813221Z [39m
release	UNKNOWN STEP	2025-10-24T20:32:25.2813809Z    [33m[2mâœ“[22m[39m JSON output[2m > [22mshould return a JSON error for sd auth mismatch before running [33m 4634[2mms[22m[39m
release	UNKNOWN STEP	2025-10-24T20:32:25.2815070Z    [2m[90mâ†“[39m[22m JSON output[2m > [22mshould not exit on tool errors and allow model to self-correct in JSON mode
release	UNKNOWN STEP	2025-10-24T20:32:47.6367447Z  [31mâ¯[39m mcp_server_cyclic_schema.test.ts [2m([22m[2m1 test[22m[2m | [22m[31m1 failed[39m[2m)[22m[33m 90426[2mms[22m[39m
release	UNKNOWN STEP	2025-10-24T20:32:47.6370698Z [31m   [31mÃ—[31m mcp server with cyclic tool schema is detected[2m > [22mmcp tool list should include tool with cyclic tool schema[39m[33m 90423[2mms[22m[39m[33m (retry x2)[39m
release	UNKNOWN STEP	2025-10-24T20:32:47.6374257Z [31m     â†’ Did not find expected text: "Type your message": expected false to be true // Object.is equality[39m
release	UNKNOWN STEP	2025-10-24T20:32:47.6375384Z [31m     â†’ Did not find expected text: "Type your message": expected false to be true // Object.is equality[39m
release	UNKNOWN STEP	2025-10-24T20:32:47.6376480Z [31m     â†’ Did not find expected text: "Type your message": expected false to be true // Object.is equality[39m
release	UNKNOWN STEP	2025-10-24T20:32:47.9382953Z  [2m[90mâ†“[39m[22m stdin-context.test.ts [2m([22m[2m2 tests[22m[2m | [22m[33m2 skipped[39m[2m)[22m
release	UNKNOWN STEP	2025-10-24T20:33:03.2251341Z  [31mâ¯[39m replace.test.ts [2m([22m[2m4 tests[22m[2m | [22m[31m1 failed[39m[2m | [22m[33m3 skipped[39m[2m)[22m[33m 14933[2mms[22m[39m
release	UNKNOWN STEP	2025-10-24T20:33:03.2253138Z [31m   [31mÃ—[31m replace[2m > [22mshould be able to replace content in a file[39m[33m 14931[2mms[22m[39m[33m (retry x2)[39m
release	UNKNOWN STEP	2025-10-24T20:33:03.2254116Z [31m     â†’ Process exited with code 1:
release	UNKNOWN STEP	2025-10-24T20:33:03.2254867Z YOLO mode is enabled. All tool calls will be automatically approved.
release	UNKNOWN STEP	2025-10-24T20:33:03.2256018Z GEMINI_API_KEY not found. Find your existing key or generate a new one at: https://aistudio.google.com/apikey
release	UNKNOWN STEP	2025-10-24T20:33:03.2256675Z 
release	UNKNOWN STEP	2025-10-24T20:33:03.2257226Z To continue, please set the GEMINI_API_KEY environment variable or add it to a .env file.
release	UNKNOWN STEP	2025-10-24T20:33:03.2257908Z [39m
release	UNKNOWN STEP	2025-10-24T20:33:03.2258351Z [31m     â†’ Process exited with code 1:
release	UNKNOWN STEP	2025-10-24T20:33:03.2259290Z YOLO mode is enabled. All tool calls will be automatically approved.
release	UNKNOWN STEP	2025-10-24T20:33:03.2260437Z GEMINI_API_KEY not found. Find your existing key or generate a new one at: https://aistudio.google.com/apikey
release	UNKNOWN STEP	2025-10-24T20:33:03.2261089Z 
release	UNKNOWN STEP	2025-10-24T20:33:03.2261638Z To continue, please set the GEMINI_API_KEY environment variable or add it to a .env file.
release	UNKNOWN STEP	2025-10-24T20:33:03.2262322Z [39m
release	UNKNOWN STEP	2025-10-24T20:33:03.2262762Z [31m     â†’ Process exited with code 1:
release	UNKNOWN STEP	2025-10-24T20:33:03.2263462Z YOLO mode is enabled. All tool calls will be automatically approved.
release	UNKNOWN STEP	2025-10-24T20:33:03.2264593Z GEMINI_API_KEY not found. Find your existing key or generate a new one at: https://aistudio.google.com/apikey
release	UNKNOWN STEP	2025-10-24T20:33:03.2265233Z 
release	UNKNOWN STEP	2025-10-24T20:33:03.2265777Z To continue, please set the GEMINI_API_KEY environment variable or add it to a .env file.
release	UNKNOWN STEP	2025-10-24T20:33:03.2266452Z [39m
release	UNKNOWN STEP	2025-10-24T20:33:03.2267223Z    [2m[90mâ†“[39m[22m replace[2m > [22mshould handle $ literally when replacing text ending with $
release	UNKNOWN STEP	2025-10-24T20:33:03.2268232Z    [2m[90mâ†“[39m[22m replace[2m > [22mshould insert a multi-line block of text
release	UNKNOWN STEP	2025-10-24T20:33:03.2269606Z    [2m[90mâ†“[39m[22m replace[2m > [22mshould delete a block of text
release	UNKNOWN STEP	2025-10-24T20:33:14.2728103Z  [31mâ¯[39m run_shell_command.test.ts [2m([22m[2m13 tests[22m[2m | [22m[31m11 failed[39m[2m | [22m[33m2 skipped[39m[2m)[22m[33m 129765[2mms[22m[39m
release	UNKNOWN STEP	2025-10-24T20:33:14.2730245Z [31m   [31mÃ—[31m run_shell_command[2m > [22mshould be able to run a shell command[39m[33m 14681[2mms[22m[39m[33m (retry x2)[39m
release	UNKNOWN STEP	2025-10-24T20:33:14.2731280Z [31m     â†’ Process exited with code 1:
release	UNKNOWN STEP	2025-10-24T20:33:14.2731990Z YOLO mode is enabled. All tool calls will be automatically approved.
release	UNKNOWN STEP	2025-10-24T20:33:14.2733093Z GEMINI_API_KEY not found. Find your existing key or generate a new one at: https://aistudio.google.com/apikey
release	UNKNOWN STEP	2025-10-24T20:33:14.2733733Z 
release	UNKNOWN STEP	2025-10-24T20:33:14.2734280Z To continue, please set the GEMINI_API_KEY environment variable or add it to a .env file.
release	UNKNOWN STEP	2025-10-24T20:33:14.2735009Z [39m
release	UNKNOWN STEP	2025-10-24T20:33:14.2735446Z [31m     â†’ Process exited with code 1:
release	UNKNOWN STEP	2025-10-24T20:33:14.2736121Z YOLO mode is enabled. All tool calls will be automatically approved.
release	UNKNOWN STEP	2025-10-24T20:33:14.2737190Z GEMINI_API_KEY not found. Find your existing key or generate a new one at: https://aistudio.google.com/apikey
release	UNKNOWN STEP	2025-10-24T20:33:14.2737771Z 
release	UNKNOWN STEP	2025-10-24T20:33:14.2738269Z To continue, please set the GEMINI_API_KEY environment variable or add it to a .env file.
release	UNKNOWN STEP	2025-10-24T20:33:14.2744346Z [39m
release	UNKNOWN STEP	2025-10-24T20:33:14.2744756Z [31m     â†’ Process exited with code 1:
release	UNKNOWN STEP	2025-10-24T20:33:14.2745362Z YOLO mode is enabled. All tool calls will be automatically approved.
release	UNKNOWN STEP	2025-10-24T20:33:14.2746357Z GEMINI_API_KEY not found. Find your existing key or generate a new one at: https://aistudio.google.com/apikey
release	UNKNOWN STEP	2025-10-24T20:33:14.2746970Z 
release	UNKNOWN STEP	2025-10-24T20:33:14.2747511Z To continue, please set the GEMINI_API_KEY environment variable or add it to a .env file.
release	UNKNOWN STEP	2025-10-24T20:33:14.2748153Z [39m
release	UNKNOWN STEP	2025-10-24T20:33:14.2749477Z [31m   [31mÃ—[31m run_shell_command[2m > [22mshould be able to run a shell command via stdin[39m[33m 11151[2mms[22m[39m[33m (retry x2)[39m
release	UNKNOWN STEP	2025-10-24T20:33:14.2750363Z [31m     â†’ Process exited with code 1:
release	UNKNOWN STEP	2025-10-24T20:33:14.2750960Z YOLO mode is enabled. All tool calls will be automatically approved.
release	UNKNOWN STEP	2025-10-24T20:33:14.2751930Z GEMINI_API_KEY not found. Find your existing key or generate a new one at: https://aistudio.google.com/apikey
release	UNKNOWN STEP	2025-10-24T20:33:14.2752472Z 
release	UNKNOWN STEP	2025-10-24T20:33:14.2752937Z To continue, please set the GEMINI_API_KEY environment variable or add it to a .env file.
release	UNKNOWN STEP	2025-10-24T20:33:14.2753513Z [39m
release	UNKNOWN STEP	2025-10-24T20:33:14.2753894Z [31m     â†’ Process exited with code 1:
release	UNKNOWN STEP	2025-10-24T20:33:14.2754489Z YOLO mode is enabled. All tool calls will be automatically approved.
release	UNKNOWN STEP	2025-10-24T20:33:14.2755440Z GEMINI_API_KEY not found. Find your existing key or generate a new one at: https://aistudio.google.com/apikey
release	UNKNOWN STEP	2025-10-24T20:33:14.2756044Z 
release	UNKNOWN STEP	2025-10-24T20:33:14.2756550Z To continue, please set the GEMINI_API_KEY environment variable or add it to a .env file.
release	UNKNOWN STEP	2025-10-24T20:33:14.2757169Z [39m
release	UNKNOWN STEP	2025-10-24T20:33:14.2757571Z [31m     â†’ Process exited with code 1:
release	UNKNOWN STEP	2025-10-24T20:33:14.2758152Z YOLO mode is enabled. All tool calls will be automatically approved.
release	UNKNOWN STEP	2025-10-24T20:33:14.2759321Z GEMINI_API_KEY not found. Find your existing key or generate a new one at: https://aistudio.google.com/apikey
release	UNKNOWN STEP	2025-10-24T20:33:14.2759862Z 
release	UNKNOWN STEP	2025-10-24T20:33:14.2760335Z To continue, please set the GEMINI_API_KEY environment variable or add it to a .env file.
release	UNKNOWN STEP	2025-10-24T20:33:14.2760915Z [39m
release	UNKNOWN STEP	2025-10-24T20:33:14.2762018Z [31m   [31mÃ—[31m run_shell_command[2m > [22mshould run allowed sub-command in non-interactive mode[39m[33m 10515[2mms[22m[39m[33m (retry x2)[39m
release	UNKNOWN STEP	2025-10-24T20:33:14.2763040Z [31m     â†’ Process exited with code 1:
release	UNKNOWN STEP	2025-10-24T20:33:14.2763944Z GEMINI_API_KEY not found. Find your existing key or generate a new one at: https://aistudio.google.com/apikey
release	UNKNOWN STEP	2025-10-24T20:33:14.2764508Z 
release	UNKNOWN STEP	2025-10-24T20:33:14.2765261Z To continue, please set the GEMINI_API_KEY environment variable or add it to a .env file.
release	UNKNOWN STEP	2025-10-24T20:33:14.2765898Z [39m
release	UNKNOWN STEP	2025-10-24T20:33:14.2766303Z [31m     â†’ Process exited with code 1:
release	UNKNOWN STEP	2025-10-24T20:33:14.2767212Z GEMINI_API_KEY not found. Find your existing key or generate a new one at: https://aistudio.google.com/apikey
release	UNKNOWN STEP	2025-10-24T20:33:14.2767772Z 
release	UNKNOWN STEP	2025-10-24T20:33:14.2768251Z To continue, please set the GEMINI_API_KEY environment variable or add it to a .env file.
release	UNKNOWN STEP	2025-10-24T20:33:14.2769036Z [39m
release	UNKNOWN STEP	2025-10-24T20:33:14.2769443Z [31m     â†’ Process exited with code 1:
release	UNKNOWN STEP	2025-10-24T20:33:14.2770322Z GEMINI_API_KEY not found. Find your existing key or generate a new one at: https://aistudio.google.com/apikey
release	UNKNOWN STEP	2025-10-24T20:33:14.2770894Z 
release	UNKNOWN STEP	2025-10-24T20:33:14.2771371Z To continue, please set the GEMINI_API_KEY environment variable or add it to a .env file.
release	UNKNOWN STEP	2025-10-24T20:33:14.2771963Z [39m
release	UNKNOWN STEP	2025-10-24T20:33:14.2773021Z [31m   [31mÃ—[31m run_shell_command[2m > [22mshould succeed with no parens in non-interactive mode[39m[33m 11792[2mms[22m[39m[33m (retry x2)[39m
release	UNKNOWN STEP	2025-10-24T20:33:14.2774030Z [31m     â†’ Process exited with code 1:
release	UNKNOWN STEP	2025-10-24T20:33:14.2774843Z GEMINI_API_KEY not found. Find your existing key or generate a new one at: https://aistudio.google.com/apikey
release	UNKNOWN STEP	2025-10-24T20:33:14.2775368Z 
release	UNKNOWN STEP	2025-10-24T20:33:14.2775830Z To continue, please set the GEMINI_API_KEY environment variable or add it to a .env file.
release	UNKNOWN STEP	2025-10-24T20:33:14.2776611Z [39m
release	UNKNOWN STEP	2025-10-24T20:33:14.2777000Z [31m     â†’ Process exited with code 1:
release	UNKNOWN STEP	2025-10-24T20:33:14.2777876Z GEMINI_API_KEY not found. Find your existing key or generate a new one at: https://aistudio.google.com/apikey
release	UNKNOWN STEP	2025-10-24T20:33:14.2778653Z 
release	UNKNOWN STEP	2025-10-24T20:33:14.2779138Z To continue, please set the GEMINI_API_KEY environment variable or add it to a .env file.
release	UNKNOWN STEP	2025-10-24T20:33:14.2779721Z [39m
release	UNKNOWN STEP	2025-10-24T20:33:14.2780100Z [31m     â†’ Process exited with code 1:
release	UNKNOWN STEP	2025-10-24T20:33:14.2780926Z GEMINI_API_KEY not found. Find your existing key or generate a new one at: https://aistudio.google.com/apikey
release	UNKNOWN STEP	2025-10-24T20:33:14.2781476Z 
release	UNKNOWN STEP	2025-10-24T20:33:14.2781968Z To continue, please set the GEMINI_API_KEY environment variable or add it to a .env file.
release	UNKNOWN STEP	2025-10-24T20:33:14.2782535Z [39m
release	UNKNOWN STEP	2025-10-24T20:33:14.2783524Z [31m   [31mÃ—[31m run_shell_command[2m > [22mshould succeed with --yolo mode[39m[33m 10448[2mms[22m[39m[33m (retry x2)[39m
release	UNKNOWN STEP	2025-10-24T20:33:14.2784442Z [31m     â†’ Process exited with code 1:
release	UNKNOWN STEP	2025-10-24T20:33:14.2785140Z YOLO mode is enabled. All tool calls will be automatically approved.
release	UNKNOWN STEP	2025-10-24T20:33:14.2786197Z GEMINI_API_KEY not found. Find your existing key or generate a new one at: https://aistudio.google.com/apikey
release	UNKNOWN STEP	2025-10-24T20:33:14.2786767Z 
release	UNKNOWN STEP	2025-10-24T20:33:14.2787275Z To continue, please set the GEMINI_API_KEY environment variable or add it to a .env file.
release	UNKNOWN STEP	2025-10-24T20:33:14.2787960Z [39m
release	UNKNOWN STEP	2025-10-24T20:33:14.2788396Z [31m     â†’ Process exited with code 1:
release	UNKNOWN STEP	2025-10-24T20:33:14.2789341Z YOLO mode is enabled. All tool calls will be automatically approved.
release	UNKNOWN STEP	2025-10-24T20:33:14.2790422Z GEMINI_API_KEY not found. Find your existing key or generate a new one at: https://aistudio.google.com/apikey
release	UNKNOWN STEP	2025-10-24T20:33:14.2791044Z 
release	UNKNOWN STEP	2025-10-24T20:33:14.2791589Z To continue, please set the GEMINI_API_KEY environment variable or add it to a .env file.
release	UNKNOWN STEP	2025-10-24T20:33:14.2792263Z [39m
release	UNKNOWN STEP	2025-10-24T20:33:14.2792702Z [31m     â†’ Process exited with code 1:
release	UNKNOWN STEP	2025-10-24T20:33:14.2793366Z YOLO mode is enabled. All tool calls will be automatically approved.
release	UNKNOWN STEP	2025-10-24T20:33:14.2794402Z GEMINI_API_KEY not found. Find your existing key or generate a new one at: https://aistudio.google.com/apikey
release	UNKNOWN STEP	2025-10-24T20:33:14.2794958Z 
release	UNKNOWN STEP	2025-10-24T20:33:14.2795482Z To continue, please set the GEMINI_API_KEY environment variable or add it to a .env file.
release	UNKNOWN STEP	2025-10-24T20:33:14.2796118Z [39m
release	UNKNOWN STEP	2025-10-24T20:33:14.2797194Z [31m   [31mÃ—[31m run_shell_command[2m > [22mshould work with ShellTool alias[39m[33m 10318[2mms[22m[39m[33m (retry x2)[39m
release	UNKNOWN STEP	2025-10-24T20:33:14.2798176Z [31m     â†’ Process exited with code 1:
release	UNKNOWN STEP	2025-10-24T20:33:14.2799674Z GEMINI_API_KEY not found. Find your existing key or generate a new one at: https://aistudio.google.com/apikey
release	UNKNOWN STEP	2025-10-24T20:33:14.2800375Z 
release	UNKNOWN STEP	2025-10-24T20:33:14.2800925Z To continue, please set the GEMINI_API_KEY environment variable or add it to a .env file.
release	UNKNOWN STEP	2025-10-24T20:33:14.2801684Z [39m
release	UNKNOWN STEP	2025-10-24T20:33:14.2802196Z [31m     â†’ Process exited with code 1:
release	UNKNOWN STEP	2025-10-24T20:33:14.2803261Z GEMINI_API_KEY not found. Find your existing key or generate a new one at: https://aistudio.google.com/apikey
release	UNKNOWN STEP	2025-10-24T20:33:14.2803933Z 
release	UNKNOWN STEP	2025-10-24T20:33:14.2804525Z To continue, please set the GEMINI_API_KEY environment variable or add it to a .env file.
release	UNKNOWN STEP	2025-10-24T20:33:14.2805278Z [39m
release	UNKNOWN STEP	2025-10-24T20:33:14.2805757Z [31m     â†’ Process exited with code 1:
release	UNKNOWN STEP	2025-10-24T20:33:14.2806789Z GEMINI_API_KEY not found. Find your existing key or generate a new one at: https://aistudio.google.com/apikey
release	UNKNOWN STEP	2025-10-24T20:33:14.2807465Z 
release	UNKNOWN STEP	2025-10-24T20:33:14.2808050Z To continue, please set the GEMINI_API_KEY environment variable or add it to a .env file.
release	UNKNOWN STEP	2025-10-24T20:33:14.2809076Z [39m
release	UNKNOWN STEP	2025-10-24T20:33:14.2809883Z    [2m[90mâ†“[39m[22m run_shell_command[2m > [22mshould combine multiple --allowed-tools flags
release	UNKNOWN STEP	2025-10-24T20:33:14.2811516Z [31m   [31mÃ—[31m run_shell_command[2m > [22mshould reject commands not on the allowlist[39m[33m 11554[2mms[22m[39m[33m (retry x2)[39m
release	UNKNOWN STEP	2025-10-24T20:33:14.2812911Z [31m     â†’ Process exited with code 1:
release	UNKNOWN STEP	2025-10-24T20:33:14.2813958Z GEMINI_API_KEY not found. Find your existing key or generate a new one at: https://aistudio.google.com/apikey
release	UNKNOWN STEP	2025-10-24T20:33:14.2814628Z 
release	UNKNOWN STEP	2025-10-24T20:33:14.2815205Z To continue, please set the GEMINI_API_KEY environment variable or add it to a .env file.
release	UNKNOWN STEP	2025-10-24T20:33:14.2815941Z [39m
release	UNKNOWN STEP	2025-10-24T20:33:14.2816451Z [31m     â†’ Process exited with code 1:
release	UNKNOWN STEP	2025-10-24T20:33:14.2817479Z GEMINI_API_KEY not found. Find your existing key or generate a new one at: https://aistudio.google.com/apikey
release	UNKNOWN STEP	2025-10-24T20:33:14.2818157Z 
release	UNKNOWN STEP	2025-10-24T20:33:14.2818969Z To continue, please set the GEMINI_API_KEY environment variable or add it to a .env file.
release	UNKNOWN STEP	2025-10-24T20:33:14.2819739Z [39m
release	UNKNOWN STEP	2025-10-24T20:33:14.2820225Z [31m     â†’ Process exited with code 1:
release	UNKNOWN STEP	2025-10-24T20:33:14.2821247Z GEMINI_API_KEY not found. Find your existing key or generate a new one at: https://aistudio.google.com/apikey
release	UNKNOWN STEP	2025-10-24T20:33:14.2821918Z 
release	UNKNOWN STEP	2025-10-24T20:33:14.2822500Z To continue, please set the GEMINI_API_KEY environment variable or add it to a .env file.
release	UNKNOWN STEP	2025-10-24T20:33:14.2823240Z [39m
release	UNKNOWN STEP	2025-10-24T20:33:14.2824955Z [31m   [31mÃ—[31m run_shell_command[2m > [22mshould reject chained commands when only the first segment is allowlisted in non-interactive mode[39m[33m 10314[2mms[22m[39m[33m (retry x2)[39m
release	UNKNOWN STEP	2025-10-24T20:33:14.2826277Z [31m     â†’ Process exited with code 1:
release	UNKNOWN STEP	2025-10-24T20:33:14.2827304Z GEMINI_API_KEY not found. Find your existing key or generate a new one at: https://aistudio.google.com/apikey
release	UNKNOWN STEP	2025-10-24T20:33:14.2828041Z 
release	UNKNOWN STEP	2025-10-24T20:33:14.2828855Z To continue, please set the GEMINI_API_KEY environment variable or add it to a .env file.
release	UNKNOWN STEP	2025-10-24T20:33:14.2829550Z [39m
release	UNKNOWN STEP	2025-10-24T20:33:14.2830008Z [31m     â†’ Process exited with code 1:
release	UNKNOWN STEP	2025-10-24T20:33:14.2830992Z GEMINI_API_KEY not found. Find your existing key or generate a new one at: https://aistudio.google.com/apikey
release	UNKNOWN STEP	2025-10-24T20:33:14.2831639Z 
release	UNKNOWN STEP	2025-10-24T20:33:14.2832203Z To continue, please set the GEMINI_API_KEY environment variable or add it to a .env file.
release	UNKNOWN STEP	2025-10-24T20:33:14.2832892Z [39m
release	UNKNOWN STEP	2025-10-24T20:33:14.2833342Z [31m     â†’ Process exited with code 1:
release	UNKNOWN STEP	2025-10-24T20:33:14.2834280Z GEMINI_API_KEY not found. Find your existing key or generate a new one at: https://aistudio.google.com/apikey
release	UNKNOWN STEP	2025-10-24T20:33:14.2834911Z 
release	UNKNOWN STEP	2025-10-24T20:33:14.2835437Z To continue, please set the GEMINI_API_KEY environment variable or add it to a .env file.
release	UNKNOWN STEP	2025-10-24T20:33:14.2836151Z [39m
release	UNKNOWN STEP	2025-10-24T20:33:14.2837660Z [31m   [31mÃ—[31m run_shell_command[2m > [22mshould allow all with "ShellTool" and other specific tools[39m[33m 10570[2mms[22m[39m[33m (retry x2)[39m
release	UNKNOWN STEP	2025-10-24T20:33:14.2839077Z [31m     â†’ Process exited with code 1:
release	UNKNOWN STEP	2025-10-24T20:33:14.2840086Z GEMINI_API_KEY not found. Find your existing key or generate a new one at: https://aistudio.google.com/apikey
release	UNKNOWN STEP	2025-10-24T20:33:14.2840715Z 
release	UNKNOWN STEP	2025-10-24T20:33:14.2841269Z To continue, please set the GEMINI_API_KEY environment variable or add it to a .env file.
release	UNKNOWN STEP	2025-10-24T20:33:14.2841965Z [39m
release	UNKNOWN STEP	2025-10-24T20:33:14.2842405Z [31m     â†’ Process exited with code 1:
release	UNKNOWN STEP	2025-10-24T20:33:14.2843415Z GEMINI_API_KEY not found. Find your existing key or generate a new one at: https://aistudio.google.com/apikey
release	UNKNOWN STEP	2025-10-24T20:33:14.2844056Z 
release	UNKNOWN STEP	2025-10-24T20:33:14.2844621Z To continue, please set the GEMINI_API_KEY environment variable or add it to a .env file.
release	UNKNOWN STEP	2025-10-24T20:33:14.2845363Z [39m
release	UNKNOWN STEP	2025-10-24T20:33:14.2845834Z [31m     â†’ Process exited with code 1:
release	UNKNOWN STEP	2025-10-24T20:33:14.2846822Z GEMINI_API_KEY not found. Find your existing key or generate a new one at: https://aistudio.google.com/apikey
release	UNKNOWN STEP	2025-10-24T20:33:14.2847461Z 
release	UNKNOWN STEP	2025-10-24T20:33:14.2847998Z To continue, please set the GEMINI_API_KEY environment variable or add it to a .env file.
release	UNKNOWN STEP	2025-10-24T20:33:14.2848893Z [39m
release	UNKNOWN STEP	2025-10-24T20:33:14.2850237Z [31m   [31mÃ—[31m run_shell_command[2m > [22mshould propagate environment variables to the child process[39m[33m 14565[2mms[22m[39m[33m (retry x2)[39m
release	UNKNOWN STEP	2025-10-24T20:33:14.2851784Z [31m     â†’ Process exited with code 1:
release	UNKNOWN STEP	2025-10-24T20:33:14.2852491Z YOLO mode is enabled. All tool calls will be automatically approved.
release	UNKNOWN STEP	2025-10-24T20:33:14.2853593Z GEMINI_API_KEY not found. Find your existing key or generate a new one at: https://aistudio.google.com/apikey
release	UNKNOWN STEP	2025-10-24T20:33:14.2854221Z 
release	UNKNOWN STEP	2025-10-24T20:33:14.2854754Z To continue, please set the GEMINI_API_KEY environment variable or add it to a .env file.
release	UNKNOWN STEP	2025-10-24T20:33:14.2855478Z [39m
release	UNKNOWN STEP	2025-10-24T20:33:14.2855965Z [31m     â†’ Process exited with code 1:
release	UNKNOWN STEP	2025-10-24T20:33:14.2856715Z YOLO mode is enabled. All tool calls will be automatically approved.
release	UNKNOWN STEP	2025-10-24T20:33:14.2857871Z GEMINI_API_KEY not found. Find your existing key or generate a new one at: https://aistudio.google.com/apikey
release	UNKNOWN STEP	2025-10-24T20:33:14.2858755Z 
release	UNKNOWN STEP	2025-10-24T20:33:14.2859302Z To continue, please set the GEMINI_API_KEY environment variable or add it to a .env file.
release	UNKNOWN STEP	2025-10-24T20:33:14.2860005Z [39m
release	UNKNOWN STEP	2025-10-24T20:33:14.2860488Z [31m     â†’ Process exited with code 1:
release	UNKNOWN STEP	2025-10-24T20:33:14.2861219Z YOLO mode is enabled. All tool calls will be automatically approved.
release	UNKNOWN STEP	2025-10-24T20:33:14.2862363Z GEMINI_API_KEY not found. Find your existing key or generate a new one at: https://aistudio.google.com/apikey
release	UNKNOWN STEP	2025-10-24T20:33:14.2863020Z 
release	UNKNOWN STEP	2025-10-24T20:33:14.2863582Z To continue, please set the GEMINI_API_KEY environment variable or add it to a .env file.
release	UNKNOWN STEP	2025-10-24T20:33:14.2864327Z [39m
release	UNKNOWN STEP	2025-10-24T20:33:14.2865149Z    [2m[90mâ†“[39m[22m run_shell_command[2m > [22mshould run a platform-specific file listing command
release	UNKNOWN STEP	2025-10-24T20:33:14.2866749Z [31m   [31mÃ—[31m run_shell_command[2m > [22mrejects invalid shell expressions[39m[33m 13855[2mms[22m[39m[33m (retry x2)[39m
release	UNKNOWN STEP	2025-10-24T20:33:14.2867857Z [31m     â†’ Process exited with code 1:
release	UNKNOWN STEP	2025-10-24T20:33:14.2868803Z YOLO mode is enabled. All tool calls will be automatically approved.
release	UNKNOWN STEP	2025-10-24T20:33:14.2869965Z GEMINI_API_KEY not found. Find your existing key or generate a new one at: https://aistudio.google.com/apikey
release	UNKNOWN STEP	2025-10-24T20:33:14.2870645Z 
release	UNKNOWN STEP	2025-10-24T20:33:14.2871204Z To continue, please set the GEMINI_API_KEY environment variable or add it to a .env file.
release	UNKNOWN STEP	2025-10-24T20:33:14.2871960Z [39m
release	UNKNOWN STEP	2025-10-24T20:33:14.2872404Z [31m     â†’ Process exited with code 1:
release	UNKNOWN STEP	2025-10-24T20:33:14.2873102Z YOLO mode is enabled. All tool calls will be automatically approved.
release	UNKNOWN STEP	2025-10-24T20:33:14.2874292Z GEMINI_API_KEY not found. Find your existing key or generate a new one at: https://aistudio.google.com/apikey
release	UNKNOWN STEP	2025-10-24T20:33:14.2874973Z 
release	UNKNOWN STEP	2025-10-24T20:33:14.2875758Z To continue, please set the GEMINI_API_KEY environment variable or add it to a .env file.
release	UNKNOWN STEP	2025-10-24T20:33:14.2876533Z [39m
release	UNKNOWN STEP	2025-10-24T20:33:14.2877025Z [31m     â†’ Process exited with code 1:
release	UNKNOWN STEP	2025-10-24T20:33:14.2877784Z YOLO mode is enabled. All tool calls will be automatically approved.
release	UNKNOWN STEP	2025-10-24T20:33:14.2879183Z GEMINI_API_KEY not found. Find your existing key or generate a new one at: https://aistudio.google.com/apikey
release	UNKNOWN STEP	2025-10-24T20:33:14.2879841Z 
release	UNKNOWN STEP	2025-10-24T20:33:14.2880431Z To continue, please set the GEMINI_API_KEY environment variable or add it to a .env file.
release	UNKNOWN STEP	2025-10-24T20:33:14.2881185Z [39m
release	UNKNOWN STEP	2025-10-24T20:33:26.4694942Z  [31mâ¯[39m google_web_search.test.ts [2m([22m[2m1 test[22m[2m | [22m[31m1 failed[39m[2m)[22m[33m 11978[2mms[22m[39m
release	UNKNOWN STEP	2025-10-24T20:33:26.4696390Z [31m   [31mÃ—[31m google_web_search[2m > [22mshould be able to search the web[39m[33m 11977[2mms[22m[39m[33m (retry x2)[39m
release	UNKNOWN STEP	2025-10-24T20:33:26.4696972Z [31m     â†’ Process exited with code 1:
release	UNKNOWN STEP	2025-10-24T20:33:26.4697414Z YOLO mode is enabled. All tool calls will be automatically approved.
release	UNKNOWN STEP	2025-10-24T20:33:26.4698073Z GEMINI_API_KEY not found. Find your existing key or generate a new one at: https://aistudio.google.com/apikey
release	UNKNOWN STEP	2025-10-24T20:33:26.4698436Z 
release	UNKNOWN STEP	2025-10-24T20:33:26.4699032Z To continue, please set the GEMINI_API_KEY environment variable or add it to a .env file.
release	UNKNOWN STEP	2025-10-24T20:33:26.4699421Z [39m
release	UNKNOWN STEP	2025-10-24T20:33:26.4700065Z [31m     â†’ Process exited with code 1:
release	UNKNOWN STEP	2025-10-24T20:33:26.4700470Z YOLO mode is enabled. All tool calls will be automatically approved.
release	UNKNOWN STEP	2025-10-24T20:33:26.4701099Z GEMINI_API_KEY not found. Find your existing key or generate a new one at: https://aistudio.google.com/apikey
release	UNKNOWN STEP	2025-10-24T20:33:26.4701464Z 
release	UNKNOWN STEP	2025-10-24T20:33:26.4701762Z To continue, please set the GEMINI_API_KEY environment variable or add it to a .env file.
release	UNKNOWN STEP	2025-10-24T20:33:26.4702138Z [39m
release	UNKNOWN STEP	2025-10-24T20:33:26.4702381Z [31m     â†’ Process exited with code 1:
release	UNKNOWN STEP	2025-10-24T20:33:26.4702766Z YOLO mode is enabled. All tool calls will be automatically approved.
release	UNKNOWN STEP	2025-10-24T20:33:26.4703384Z GEMINI_API_KEY not found. Find your existing key or generate a new one at: https://aistudio.google.com/apikey
release	UNKNOWN STEP	2025-10-24T20:33:26.4703742Z 
release	UNKNOWN STEP	2025-10-24T20:33:26.4704038Z To continue, please set the GEMINI_API_KEY environment variable or add it to a .env file.
release	UNKNOWN STEP	2025-10-24T20:33:26.4704406Z [39m
release	UNKNOWN STEP	2025-10-24T20:33:39.8843911Z  [31mâ¯[39m list_directory.test.ts [2m([22m[2m1 test[22m[2m | [22m[31m1 failed[39m[2m)[22m[33m 13219[2mms[22m[39m
release	UNKNOWN STEP	2025-10-24T20:33:39.8845672Z [31m   [31mÃ—[31m list_directory[2m > [22mshould be able to list a directory[39m[33m 13217[2mms[22m[39m[33m (retry x2)[39m
release	UNKNOWN STEP	2025-10-24T20:33:39.8846296Z [31m     â†’ Process exited with code 1:
release	UNKNOWN STEP	2025-10-24T20:33:39.8846723Z YOLO mode is enabled. All tool calls will be automatically approved.
release	UNKNOWN STEP	2025-10-24T20:33:39.8847719Z GEMINI_API_KEY not found. Find your existing key or generate a new one at: https://aistudio.google.com/apikey
release	UNKNOWN STEP	2025-10-24T20:33:39.8848256Z 
release	UNKNOWN STEP	2025-10-24T20:33:39.8848872Z To continue, please set the GEMINI_API_KEY environment variable or add it to a .env file.
release	UNKNOWN STEP	2025-10-24T20:33:39.8849560Z [39m
release	UNKNOWN STEP	2025-10-24T20:33:39.8849998Z [31m     â†’ Process exited with code 1:
release	UNKNOWN STEP	2025-10-24T20:33:39.8850667Z YOLO mode is enabled. All tool calls will be automatically approved.
release	UNKNOWN STEP	2025-10-24T20:33:39.8851613Z GEMINI_API_KEY not found. Find your existing key or generate a new one at: https://aistudio.google.com/apikey
release	UNKNOWN STEP	2025-10-24T20:33:39.8852036Z 
release	UNKNOWN STEP	2025-10-24T20:33:39.8852346Z To continue, please set the GEMINI_API_KEY environment variable or add it to a .env file.
release	UNKNOWN STEP	2025-10-24T20:33:39.8852730Z [39m
release	UNKNOWN STEP	2025-10-24T20:33:39.8852984Z [31m     â†’ Process exited with code 1:
release	UNKNOWN STEP	2025-10-24T20:33:39.8853374Z YOLO mode is enabled. All tool calls will be automatically approved.
release	UNKNOWN STEP	2025-10-24T20:33:39.8854002Z GEMINI_API_KEY not found. Find your existing key or generate a new one at: https://aistudio.google.com/apikey
release	UNKNOWN STEP	2025-10-24T20:33:39.8854359Z 
release	UNKNOWN STEP	2025-10-24T20:33:39.8855013Z To continue, please set the GEMINI_API_KEY environment variable or add it to a .env file.
release	UNKNOWN STEP	2025-10-24T20:33:39.8855418Z [39m
release	UNKNOWN STEP	2025-10-24T20:33:41.7919178Z  [32mâœ“[39m mixed-input-crash.test.ts [2m([22m[2m2 tests[22m[2m)[22m[33m 1695[2mms[22m[39m
release	UNKNOWN STEP	2025-10-24T20:33:41.7920695Z    [33m[2mâœ“[22m[39m mixed input crash prevention[2m > [22mshould not crash when using mixed prompt inputs [33m 823[2mms[22m[39m
release	UNKNOWN STEP	2025-10-24T20:33:41.7922300Z    [33m[2mâœ“[22m[39m mixed input crash prevention[2m > [22mshould provide clear error message for mixed input [33m 870[2mms[22m[39m
release	UNKNOWN STEP	2025-10-24T20:33:42.7063250Z  [31mâ¯[39m utf-bom-encoding.test.ts [2m([22m[2m6 tests[22m[2m | [22m[31m6 failed[39m[2m)[22m[33m 77203[2mms[22m[39m
release	UNKNOWN STEP	2025-10-24T20:33:42.7064913Z [31m   [31mÃ—[31m BOM end-to-end integration[2m > [22mUTF-8 BOM[39m[33m 12071[2mms[22m[39m[33m (retry x2)[39m
release	UNKNOWN STEP	2025-10-24T20:33:42.7065910Z [31m     â†’ Process exited with code 1:
release	UNKNOWN STEP	2025-10-24T20:33:42.7066654Z YOLO mode is enabled. All tool calls will be automatically approved.
release	UNKNOWN STEP	2025-10-24T20:33:42.7067860Z GEMINI_API_KEY not found. Find your existing key or generate a new one at: https://aistudio.google.com/apikey
release	UNKNOWN STEP	2025-10-24T20:33:42.7068768Z 
release	UNKNOWN STEP	2025-10-24T20:33:42.7069364Z To continue, please set the GEMINI_API_KEY environment variable or add it to a .env file.
release	UNKNOWN STEP	2025-10-24T20:33:42.7070116Z [39m
release	UNKNOWN STEP	2025-10-24T20:33:42.7070563Z [31m     â†’ Process exited with code 1:
release	UNKNOWN STEP	2025-10-24T20:33:42.7071689Z YOLO mode is enabled. All tool calls will be automatically approved.
release	UNKNOWN STEP	2025-10-24T20:33:42.7072869Z GEMINI_API_KEY not found. Find your existing key or generate a new one at: https://aistudio.google.com/apikey
release	UNKNOWN STEP	2025-10-24T20:33:42.7073536Z 
release	UNKNOWN STEP	2025-10-24T20:33:42.7074107Z To continue, please set the GEMINI_API_KEY environment variable or add it to a .env file.
release	UNKNOWN STEP	2025-10-24T20:33:42.7074853Z [39m
release	UNKNOWN STEP	2025-10-24T20:33:42.7075339Z [31m     â†’ Process exited with code 1:
release	UNKNOWN STEP	2025-10-24T20:33:42.7076079Z YOLO mode is enabled. All tool calls will be automatically approved.
release	UNKNOWN STEP	2025-10-24T20:33:42.7077249Z GEMINI_API_KEY not found. Find your existing key or generate a new one at: https://aistudio.google.com/apikey
release	UNKNOWN STEP	2025-10-24T20:33:42.7077854Z 
release	UNKNOWN STEP	2025-10-24T20:33:42.7078416Z To continue, please set the GEMINI_API_KEY environment variable or add it to a .env file.
release	UNKNOWN STEP	2025-10-24T20:33:42.7079774Z [39m
release	UNKNOWN STEP	2025-10-24T20:33:42.7080852Z [31m   [31mÃ—[31m BOM end-to-end integration[2m > [22mUTF-16 LE BOM[39m[33m 12664[2mms[22m[39m[33m (retry x2)[39m
release	UNKNOWN STEP	2025-10-24T20:33:42.7081826Z [31m     â†’ Process exited with code 1:
release	UNKNOWN STEP	2025-10-24T20:33:42.7082562Z YOLO mode is enabled. All tool calls will be automatically approved.
release	UNKNOWN STEP	2025-10-24T20:33:42.7083731Z GEMINI_API_KEY not found. Find your existing key or generate a new one at: https://aistudio.google.com/apikey
release	UNKNOWN STEP	2025-10-24T20:33:42.7084409Z 
release	UNKNOWN STEP	2025-10-24T20:33:42.7084952Z To continue, please set the GEMINI_API_KEY environment variable or add it to a .env file.
release	UNKNOWN STEP	2025-10-24T20:33:42.7085686Z [39m
release	UNKNOWN STEP	2025-10-24T20:33:42.7086182Z [31m     â†’ Process exited with code 1:
release	UNKNOWN STEP	2025-10-24T20:33:42.7086912Z YOLO mode is enabled. All tool calls will be automatically approved.
release	UNKNOWN STEP	2025-10-24T20:33:42.7088044Z GEMINI_API_KEY not found. Find your existing key or generate a new one at: https://aistudio.google.com/apikey
release	UNKNOWN STEP	2025-10-24T20:33:42.7088892Z 
release	UNKNOWN STEP	2025-10-24T20:33:42.7089430Z To continue, please set the GEMINI_API_KEY environment variable or add it to a .env file.
release	UNKNOWN STEP	2025-10-24T20:33:42.7090167Z [39m
release	UNKNOWN STEP	2025-10-24T20:33:42.7090631Z [31m     â†’ Process exited with code 1:
release	UNKNOWN STEP	2025-10-24T20:33:42.7091365Z YOLO mode is enabled. All tool calls will be automatically approved.
release	UNKNOWN STEP	2025-10-24T20:33:42.7092501Z GEMINI_API_KEY not found. Find your existing key or generate a new one at: https://aistudio.google.com/apikey
release	UNKNOWN STEP	2025-10-24T20:33:42.7093170Z 
release	UNKNOWN STEP	2025-10-24T20:33:42.7093744Z To continue, please set the GEMINI_API_KEY environment variable or add it to a .env file.
release	UNKNOWN STEP	2025-10-24T20:33:42.7094465Z [39m
release	UNKNOWN STEP	2025-10-24T20:33:42.7095508Z [31m   [31mÃ—[31m BOM end-to-end integration[2m > [22mUTF-16 BE BOM[39m[33m 14813[2mms[22m[39m[33m (retry x2)[39m
release	UNKNOWN STEP	2025-10-24T20:33:42.7096711Z [31m     â†’ Process exited with code 1:
release	UNKNOWN STEP	2025-10-24T20:33:42.7097443Z YOLO mode is enabled. All tool calls will be automatically approved.
release	UNKNOWN STEP	2025-10-24T20:33:42.7098844Z GEMINI_API_KEY not found. Find your existing key or generate a new one at: https://aistudio.google.com/apikey
release	UNKNOWN STEP	2025-10-24T20:33:42.7099567Z 
release	UNKNOWN STEP	2025-10-24T20:33:42.7100135Z To continue, please set the GEMINI_API_KEY environment variable or add it to a .env file.
release	UNKNOWN STEP	2025-10-24T20:33:42.7100848Z [39m
release	UNKNOWN STEP	2025-10-24T20:33:42.7101342Z [31m     â†’ Process exited with code 1:
release	UNKNOWN STEP	2025-10-24T20:33:42.7102048Z YOLO mode is enabled. All tool calls will be automatically approved.
release	UNKNOWN STEP	2025-10-24T20:33:42.7103180Z GEMINI_API_KEY not found. Find your existing key or generate a new one at: https://aistudio.google.com/apikey
release	UNKNOWN STEP	2025-10-24T20:33:42.7103809Z 
release	UNKNOWN STEP	2025-10-24T20:33:42.7104381Z To continue, please set the GEMINI_API_KEY environment variable or add it to a .env file.
release	UNKNOWN STEP	2025-10-24T20:33:42.7105105Z [39m
release	UNKNOWN STEP	2025-10-24T20:33:42.7105572Z [31m     â†’ Process exited with code 1:
release	UNKNOWN STEP	2025-10-24T20:33:42.7106279Z YOLO mode is enabled. All tool calls will be automatically approved.
release	UNKNOWN STEP	2025-10-24T20:33:42.7107431Z GEMINI_API_KEY not found. Find your existing key or generate a new one at: https://aistudio.google.com/apikey
release	UNKNOWN STEP	2025-10-24T20:33:42.7108102Z 
release	UNKNOWN STEP	2025-10-24T20:33:42.7108902Z To continue, please set the GEMINI_API_KEY environment variable or add it to a .env file.
release	UNKNOWN STEP	2025-10-24T20:33:42.7109954Z [39m
release	UNKNOWN STEP	2025-10-24T20:33:42.7111010Z [31m   [31mÃ—[31m BOM end-to-end integration[2m > [22mUTF-32 LE BOM[39m[33m 12941[2mms[22m[39m[33m (retry x2)[39m
release	UNKNOWN STEP	2025-10-24T20:33:42.7111995Z [31m     â†’ Process exited with code 1:
release	UNKNOWN STEP	2025-10-24T20:33:42.7112665Z YOLO mode is enabled. All tool calls will be automatically approved.
release	UNKNOWN STEP	2025-10-24T20:33:42.7113765Z GEMINI_API_KEY not found. Find your existing key or generate a new one at: https://aistudio.google.com/apikey
release	UNKNOWN STEP	2025-10-24T20:33:42.7114415Z 
release	UNKNOWN STEP	2025-10-24T20:33:42.7114997Z To continue, please set the GEMINI_API_KEY environment variable or add it to a .env file.
release	UNKNOWN STEP	2025-10-24T20:33:42.7115691Z [39m
release	UNKNOWN STEP	2025-10-24T20:33:42.7116128Z [31m     â†’ Process exited with code 1:
release	UNKNOWN STEP	2025-10-24T20:33:42.7116790Z YOLO mode is enabled. All tool calls will be automatically approved.
release	UNKNOWN STEP	2025-10-24T20:33:42.7117863Z GEMINI_API_KEY not found. Find your existing key or generate a new one at: https://aistudio.google.com/apikey
release	UNKNOWN STEP	2025-10-24T20:33:42.7118892Z 
release	UNKNOWN STEP	2025-10-24T20:33:42.7119432Z To continue, please set the GEMINI_API_KEY environment variable or add it to a .env file.
release	UNKNOWN STEP	2025-10-24T20:33:42.7120091Z [39m
release	UNKNOWN STEP	2025-10-24T20:33:42.7120507Z [31m     â†’ Process exited with code 1:
release	UNKNOWN STEP	2025-10-24T20:33:42.7121168Z YOLO mode is enabled. All tool calls will be automatically approved.
release	UNKNOWN STEP	2025-10-24T20:33:42.7122243Z GEMINI_API_KEY not found. Find your existing key or generate a new one at: https://aistudio.google.com/apikey
release	UNKNOWN STEP	2025-10-24T20:33:42.7122855Z 
release	UNKNOWN STEP	2025-10-24T20:33:42.7123377Z To continue, please set the GEMINI_API_KEY environment variable or add it to a .env file.
release	UNKNOWN STEP	2025-10-24T20:33:42.7124077Z [39m
release	UNKNOWN STEP	2025-10-24T20:33:42.7125160Z [31m   [31mÃ—[31m BOM end-to-end integration[2m > [22mUTF-32 BE BOM[39m[33m 11712[2mms[22m[39m[33m (retry x2)[39m
release	UNKNOWN STEP	2025-10-24T20:33:42.7126181Z [31m     â†’ Process exited with code 1:
release	UNKNOWN STEP	2025-10-24T20:33:42.7126905Z YOLO mode is enabled. All tool calls will be automatically approved.
release	UNKNOWN STEP	2025-10-24T20:33:42.7128048Z GEMINI_API_KEY not found. Find your existing key or generate a new one at: https://aistudio.google.com/apikey
release	UNKNOWN STEP	2025-10-24T20:33:42.7128871Z 
release	UNKNOWN STEP	2025-10-24T20:33:42.7129453Z To continue, please set the GEMINI_API_KEY environment variable or add it to a .env file.
release	UNKNOWN STEP	2025-10-24T20:33:42.7130214Z [39m
release	UNKNOWN STEP	2025-10-24T20:33:42.7130687Z [31m     â†’ Process exited with code 1:
release	UNKNOWN STEP	2025-10-24T20:33:42.7131372Z YOLO mode is enabled. All tool calls will be automatically approved.
release	UNKNOWN STEP	2025-10-24T20:33:42.7132510Z GEMINI_API_KEY not found. Find your existing key or generate a new one at: https://aistudio.google.com/apikey
release	UNKNOWN STEP	2025-10-24T20:33:42.7133178Z 
release	UNKNOWN STEP	2025-10-24T20:33:42.7133978Z To continue, please set the GEMINI_API_KEY environment variable or add it to a .env file.
release	UNKNOWN STEP	2025-10-24T20:33:42.7134738Z [39m
release	UNKNOWN STEP	2025-10-24T20:33:42.7135216Z [31m     â†’ Process exited with code 1:
release	UNKNOWN STEP	2025-10-24T20:33:42.7135914Z YOLO mode is enabled. All tool calls will be automatically approved.
release	UNKNOWN STEP	2025-10-24T20:33:42.7137049Z GEMINI_API_KEY not found. Find your existing key or generate a new one at: https://aistudio.google.com/apikey
release	UNKNOWN STEP	2025-10-24T20:33:42.7137699Z 
release	UNKNOWN STEP	2025-10-24T20:33:42.7138237Z To continue, please set the GEMINI_API_KEY environment variable or add it to a .env file.
release	UNKNOWN STEP	2025-10-24T20:33:42.7139169Z [39m
release	UNKNOWN STEP	2025-10-24T20:33:42.7140297Z [31m   [31mÃ—[31m BOM end-to-end integration[2m > [22mCan describe a PNG file[39m[33m 12997[2mms[22m[39m[33m (retry x2)[39m
release	UNKNOWN STEP	2025-10-24T20:33:42.7141302Z [31m     â†’ Process exited with code 1:
release	UNKNOWN STEP	2025-10-24T20:33:42.7142006Z YOLO mode is enabled. All tool calls will be automatically approved.
release	UNKNOWN STEP	2025-10-24T20:33:42.7143162Z GEMINI_API_KEY not found. Find your existing key or generate a new one at: https://aistudio.google.com/apikey
release	UNKNOWN STEP	2025-10-24T20:33:42.7143807Z 
release	UNKNOWN STEP	2025-10-24T20:33:42.7144355Z To continue, please set the GEMINI_API_KEY environment variable or add it to a .env file.
release	UNKNOWN STEP	2025-10-24T20:33:42.7145043Z [39m
release	UNKNOWN STEP	2025-10-24T20:33:42.7145504Z [31m     â†’ Process exited with code 1:
release	UNKNOWN STEP	2025-10-24T20:33:42.7146196Z YOLO mode is enabled. All tool calls will be automatically approved.
release	UNKNOWN STEP	2025-10-24T20:33:42.7147557Z GEMINI_API_KEY not found. Find your existing key or generate a new one at: https://aistudio.google.com/apikey
release	UNKNOWN STEP	2025-10-24T20:33:42.7148219Z 
release	UNKNOWN STEP	2025-10-24T20:33:42.7148966Z To continue, please set the GEMINI_API_KEY environment variable or add it to a .env file.
release	UNKNOWN STEP	2025-10-24T20:33:42.7149701Z [39m
release	UNKNOWN STEP	2025-10-24T20:33:42.7150160Z [31m     â†’ Process exited with code 1:
release	UNKNOWN STEP	2025-10-24T20:33:42.7150865Z YOLO mode is enabled. All tool calls will be automatically approved.
release	UNKNOWN STEP	2025-10-24T20:33:42.7151930Z GEMINI_API_KEY not found. Find your existing key or generate a new one at: https://aistudio.google.com/apikey
release	UNKNOWN STEP	2025-10-24T20:33:42.7152525Z 
release	UNKNOWN STEP	2025-10-24T20:33:42.7153062Z To continue, please set the GEMINI_API_KEY environment variable or add it to a .env file.
release	UNKNOWN STEP	2025-10-24T20:33:42.7153728Z [39m
release	UNKNOWN STEP	2025-10-24T20:33:54.1191990Z  [31mâ¯[39m write_file.test.ts [2m([22m[2m1 test[22m[2m | [22m[31m1 failed[39m[2m)[22m[33m 11215[2mms[22m[39m
release	UNKNOWN STEP	2025-10-24T20:33:54.1197894Z [31m   [31mÃ—[31m write_file[2m > [22mshould be able to write a file[39m[33m 11213[2mms[22m[39m[33m (retry x2)[39m
release	UNKNOWN STEP	2025-10-24T20:33:54.1199610Z [31m     â†’ Process exited with code 1:
release	UNKNOWN STEP	2025-10-24T20:33:54.1200451Z YOLO mode is enabled. All tool calls will be automatically approved.
release	UNKNOWN STEP	2025-10-24T20:33:54.1201436Z GEMINI_API_KEY not found. Find your existing key or generate a new one at: https://aistudio.google.com/apikey
release	UNKNOWN STEP	2025-10-24T20:33:54.1201813Z 
release	UNKNOWN STEP	2025-10-24T20:33:54.1202132Z To continue, please set the GEMINI_API_KEY environment variable or add it to a .env file.
release	UNKNOWN STEP	2025-10-24T20:33:54.1202804Z [39m
release	UNKNOWN STEP	2025-10-24T20:33:54.1203099Z [31m     â†’ Process exited with code 1:
release	UNKNOWN STEP	2025-10-24T20:33:54.1203505Z YOLO mode is enabled. All tool calls will be automatically approved.
release	UNKNOWN STEP	2025-10-24T20:33:54.1204318Z GEMINI_API_KEY not found. Find your existing key or generate a new one at: https://aistudio.google.com/apikey
release	UNKNOWN STEP	2025-10-24T20:33:54.1204744Z 
release	UNKNOWN STEP	2025-10-24T20:33:54.1205052Z To continue, please set the GEMINI_API_KEY environment variable or add it to a .env file.
release	UNKNOWN STEP	2025-10-24T20:33:54.1205448Z [39m
release	UNKNOWN STEP	2025-10-24T20:33:54.1205696Z [31m     â†’ Process exited with code 1:
release	UNKNOWN STEP	2025-10-24T20:33:54.1206216Z YOLO mode is enabled. All tool calls will be automatically approved.
release	UNKNOWN STEP	2025-10-24T20:33:54.1207078Z GEMINI_API_KEY not found. Find your existing key or generate a new one at: https://aistudio.google.com/apikey
release	UNKNOWN STEP	2025-10-24T20:33:54.1207693Z 
release	UNKNOWN STEP	2025-10-24T20:33:54.1208218Z To continue, please set the GEMINI_API_KEY environment variable or add it to a .env file.
release	UNKNOWN STEP	2025-10-24T20:33:54.1209145Z [39m
release	UNKNOWN STEP	2025-10-24T20:33:54.2945521Z  [2m[90mâ†“[39m[22m read_many_files.test.ts [2m([22m[2m1 test[22m[2m | [22m[33m1 skipped[39m[2m)[22m
release	UNKNOWN STEP	2025-10-24T20:35:12.3016260Z  [31mâ¯[39m ctrl-c-exit.test.ts [2m([22m[2m1 test[22m[2m | [22m[31m1 failed[39m[2m)[22m[33m 90307[2mms[22m[39m
release	UNKNOWN STEP	2025-10-24T20:35:12.3017817Z [31m   [31mÃ—[31m Ctrl+C exit[2m > [22mshould exit gracefully on second Ctrl+C[39m[33m 90306[2mms[22m[39m[33m (retry x2)[39m
release	UNKNOWN STEP	2025-10-24T20:35:12.3019421Z [31m     â†’ Did not find expected text: "Type your message": expected false to be true // Object.is equality[39m
release	UNKNOWN STEP	2025-10-24T20:35:12.3020673Z [31m     â†’ Did not find expected text: "Type your message": expected false to be true // Object.is equality[39m
release	UNKNOWN STEP	2025-10-24T20:35:12.3021912Z [31m     â†’ Did not find expected text: "Type your message": expected false to be true // Object.is equality[39m
release	UNKNOWN STEP	2025-10-24T20:35:24.7915945Z  [31mâ¯[39m file-system-interactive.test.ts [2m([22m[2m1 test[22m[2m | [22m[31m1 failed[39m[2m)[22m[33m 90312[2mms[22m[39m
release	UNKNOWN STEP	2025-10-24T20:35:24.7920366Z [31m   [31mÃ—[31m Interactive file system[2m > [22mshould perform a read-then-write sequence[39m[33m 90311[2mms[22m[39m[33m (retry x2)[39m
release	UNKNOWN STEP	2025-10-24T20:35:24.7934518Z [31m     â†’ Did not find expected text: "Type your message": expected false to be true // Object.is equality[39m
release	UNKNOWN STEP	2025-10-24T20:35:24.7935958Z [31m     â†’ Did not find expected text: "Type your message": expected false to be true // Object.is equality[39m
release	UNKNOWN STEP	2025-10-24T20:35:24.7937748Z [31m     â†’ Did not find expected text: "Type your message": expected false to be true // Object.is equality[39m
release	UNKNOWN STEP	2025-10-24T20:35:28.2923948Z  [31mâ¯[39m save_memory.test.ts [2m([22m[2m1 test[22m[2m | [22m[31m1 failed[39m[2m)[22m[33m 15690[2mms[22m[39m
release	UNKNOWN STEP	2025-10-24T20:35:28.2925798Z [31m   [31mÃ—[31m save_memory[2m > [22mshould be able to save to memory[39m[33m 15689[2mms[22m[39m[33m (retry x2)[39m
release	UNKNOWN STEP	2025-10-24T20:35:28.2926831Z [31m     â†’ Process exited with code 1:
release	UNKNOWN STEP	2025-10-24T20:35:28.2927933Z YOLO mode is enabled. All tool calls will be automatically approved.
release	UNKNOWN STEP	2025-10-24T20:35:28.2929366Z GEMINI_API_KEY not found. Find your existing key or generate a new one at: https://aistudio.google.com/apikey
release	UNKNOWN STEP	2025-10-24T20:35:28.2930012Z 
release	UNKNOWN STEP	2025-10-24T20:35:28.2930585Z To continue, please set the GEMINI_API_KEY environment variable or add it to a .env file.
release	UNKNOWN STEP	2025-10-24T20:35:28.2931298Z [39m
release	UNKNOWN STEP	2025-10-24T20:35:28.2931798Z [31m     â†’ Process exited with code 1:
release	UNKNOWN STEP	2025-10-24T20:35:28.2932534Z YOLO mode is enabled. All tool calls will be automatically approved.
release	UNKNOWN STEP	2025-10-24T20:35:28.2933704Z GEMINI_API_KEY not found. Find your existing key or generate a new one at: https://aistudio.google.com/apikey
release	UNKNOWN STEP	2025-10-24T20:35:28.2934353Z 
release	UNKNOWN STEP	2025-10-24T20:35:28.2934916Z To continue, please set the GEMINI_API_KEY environment variable or add it to a .env file.
release	UNKNOWN STEP	2025-10-24T20:35:28.2935627Z [39m
release	UNKNOWN STEP	2025-10-24T20:35:28.2936081Z [31m     â†’ Process exited with code 1:
release	UNKNOWN STEP	2025-10-24T20:35:28.2936780Z YOLO mode is enabled. All tool calls will be automatically approved.
release	UNKNOWN STEP	2025-10-24T20:35:28.2939412Z GEMINI_API_KEY not found. Find your existing key or generate a new one at: https://aistudio.google.com/apikey
release	UNKNOWN STEP	2025-10-24T20:35:28.2949675Z 
release	UNKNOWN STEP	2025-10-24T20:35:28.2950315Z To continue, please set the GEMINI_API_KEY environment variable or add it to a .env file.
release	UNKNOWN STEP	2025-10-24T20:35:28.2951079Z [39m
release	UNKNOWN STEP	2025-10-24T20:35:28.6753303Z  [2m[90mâ†“[39m[22m flicker.test.ts [2m([22m[2m1 test[22m[2m | [22m[33m1 skipped[39m[2m)[22m
release	UNKNOWN STEP	2025-10-24T20:35:31.5311899Z  [32mâœ“[39m extensions-install.test.ts [2m([22m[2m1 test[22m[2m)[22m[33m 6380[2mms[22m[39m
release	UNKNOWN STEP	2025-10-24T20:35:31.5317296Z    [33m[2mâœ“[22m[39m installs a local extension, verifies a command, and updates it [33m 6378[2mms[22m[39m
release	UNKNOWN STEP	2025-10-24T20:35:45.7085369Z  [31mâ¯[39m telemetry.test.ts [2m([22m[2m1 test[22m[2m | [22m[31m1 failed[39m[2m)[22m[33m 16710[2mms[22m[39m
release	UNKNOWN STEP	2025-10-24T20:35:45.7088305Z [31m   [31mÃ—[31m telemetry[2m > [22mshould emit a metric and a log event[39m[33m 16709[2mms[22m[39m[33m (retry x2)[39m
release	UNKNOWN STEP	2025-10-24T20:35:45.7090314Z [31m     â†’ Process exited with code 1:
release	UNKNOWN STEP	2025-10-24T20:35:45.7091008Z YOLO mode is enabled. All tool calls will be automatically approved.
release	UNKNOWN STEP	2025-10-24T20:35:45.7092099Z GEMINI_API_KEY not found. Find your existing key or generate a new one at: https://aistudio.google.com/apikey
release	UNKNOWN STEP	2025-10-24T20:35:45.7092694Z 
release	UNKNOWN STEP	2025-10-24T20:35:45.7093208Z To continue, please set the GEMINI_API_KEY environment variable or add it to a .env file.
release	UNKNOWN STEP	2025-10-24T20:35:45.7093843Z [39m
release	UNKNOWN STEP	2025-10-24T20:35:45.7094255Z [31m     â†’ Process exited with code 1:
release	UNKNOWN STEP	2025-10-24T20:35:45.7094943Z YOLO mode is enabled. All tool calls will be automatically approved.
release	UNKNOWN STEP	2025-10-24T20:35:45.7095944Z GEMINI_API_KEY not found. Find your existing key or generate a new one at: https://aistudio.google.com/apikey
release	UNKNOWN STEP	2025-10-24T20:35:45.7096521Z 
release	UNKNOWN STEP	2025-10-24T20:35:45.7097007Z To continue, please set the GEMINI_API_KEY environment variable or add it to a .env file.
release	UNKNOWN STEP	2025-10-24T20:35:45.7097612Z [39m
release	UNKNOWN STEP	2025-10-24T20:35:45.7098082Z [31m     â†’ Process exited with code 1:
release	UNKNOWN STEP	2025-10-24T20:35:45.7098912Z YOLO mode is enabled. All tool calls will be automatically approved.
release	UNKNOWN STEP	2025-10-24T20:35:45.7099977Z GEMINI_API_KEY not found. Find your existing key or generate a new one at: https://aistudio.google.com/apikey
release	UNKNOWN STEP	2025-10-24T20:35:45.7100560Z 
release	UNKNOWN STEP	2025-10-24T20:35:45.7101044Z To continue, please set the GEMINI_API_KEY environment variable or add it to a .env file.
release	UNKNOWN STEP	2025-10-24T20:35:45.7101973Z [39m
release	UNKNOWN STEP	2025-10-24T20:37:34.6745255Z  [31mâ¯[39m context-compress-interactive.test.ts [2m([22m[2m3 tests[22m[2m | [22m[31m3 failed[39m[2m)[22m[33m 271055[2mms[22m[39m
release	UNKNOWN STEP	2025-10-24T20:37:34.6747020Z [31m   [31mÃ—[31m Interactive Mode[2m > [22mshould trigger chat compression with /compress command[39m[33m 90355[2mms[22m[39m[33m (retry x2)[39m
release	UNKNOWN STEP	2025-10-24T20:37:34.6748681Z [31m     â†’ Did not find expected text: "Type your message": expected false to be true // Object.is equality[39m
release	UNKNOWN STEP	2025-10-24T20:37:34.6750058Z [31m     â†’ Did not find expected text: "Type your message": expected false to be true // Object.is equality[39m
release	UNKNOWN STEP	2025-10-24T20:37:34.6751393Z [31m     â†’ Did not find expected text: "Type your message": expected false to be true // Object.is equality[39m
release	UNKNOWN STEP	2025-10-24T20:37:34.6752939Z [31m   [31mÃ—[31m Interactive Mode[2m > [22mshould handle compression failure on token inflation[39m[33m 90328[2mms[22m[39m[33m (retry x2)[39m
release	UNKNOWN STEP	2025-10-24T20:37:34.6754389Z [31m     â†’ Did not find expected text: "Type your message": expected false to be true // Object.is equality[39m
release	UNKNOWN STEP	2025-10-24T20:37:34.6755637Z [31m     â†’ Did not find expected text: "Type your message": expected false to be true // Object.is equality[39m
release	UNKNOWN STEP	2025-10-24T20:37:34.6756902Z [31m     â†’ Did not find expected text: "Type your message": expected false to be true // Object.is equality[39m
release	UNKNOWN STEP	2025-10-24T20:37:34.6758633Z [31m   [31mÃ—[31m Interactive Mode[2m > [22mshould handle /compress command on empty history[39m[33m 90366[2mms[22m[39m[33m (retry x2)[39m
release	UNKNOWN STEP	2025-10-24T20:37:34.6760118Z [31m     â†’ Did not find expected text: "Type your message": expected false to be true // Object.is equality[39m
release	UNKNOWN STEP	2025-10-24T20:37:34.6761467Z [31m     â†’ Did not find expected text: "Type your message": expected false to be true // Object.is equality[39m
release	UNKNOWN STEP	2025-10-24T20:37:34.6762882Z [31m     â†’ Did not find expected text: "Type your message": expected false to be true // Object.is equality[39m
release	UNKNOWN STEP	2025-10-24T20:37:34.7109653Z 
release	UNKNOWN STEP	2025-10-24T20:37:34.7111523Z [31mâŽ¯âŽ¯âŽ¯âŽ¯âŽ¯âŽ¯[39m[1m[41m Failed Tests 36 [49m[22m[31mâŽ¯âŽ¯âŽ¯âŽ¯âŽ¯âŽ¯âŽ¯[39m
release	UNKNOWN STEP	2025-10-24T20:37:34.7179846Z 
release	UNKNOWN STEP	2025-10-24T20:37:34.7181490Z [41m[1m FAIL [22m[49m context-compress-interactive.test.ts[2m > [22mInteractive Mode[2m > [22mshould trigger chat compression with /compress command
release	UNKNOWN STEP	2025-10-24T20:37:34.7183495Z [41m[1m FAIL [22m[49m context-compress-interactive.test.ts[2m > [22mInteractive Mode[2m > [22mshould trigger chat compression with /compress command
release	UNKNOWN STEP	2025-10-24T20:37:34.7185816Z [41m[1m FAIL [22m[49m context-compress-interactive.test.ts[2m > [22mInteractive Mode[2m > [22mshould trigger chat compression with /compress command
release	UNKNOWN STEP	2025-10-24T20:37:34.7187766Z [31m[1mAssertionError[22m: Did not find expected text: "Type your message": expected false to be true // Object.is equality[39m
release	UNKNOWN STEP	2025-10-24T20:37:34.7188675Z 
release	UNKNOWN STEP	2025-10-24T20:37:34.7188898Z [32m- Expected[39m
release	UNKNOWN STEP	2025-10-24T20:37:34.7189560Z [31m+ Received[39m
release	UNKNOWN STEP	2025-10-24T20:37:34.7189773Z 
release	UNKNOWN STEP	2025-10-24T20:37:34.7189931Z [32m- true[39m
release	UNKNOWN STEP	2025-10-24T20:37:34.7190287Z [31m+ false[39m
release	UNKNOWN STEP	2025-10-24T20:37:34.7190468Z 
release	UNKNOWN STEP	2025-10-24T20:37:34.7191009Z [36m [2mâ¯[22m InteractiveRun.expectText test-helper.ts:[2m195:60[22m[39m
release	UNKNOWN STEP	2025-10-24T20:37:34.7742210Z     [90m193| [39m      [34m200[39m[33m,[39m
release	UNKNOWN STEP	2025-10-24T20:37:34.7840101Z     [90m194| [39m    )[33m;[39m
release	UNKNOWN STEP	2025-10-24T20:37:34.7841563Z     [90m195| [39m    [34mexpect[39m(found[33m,[39m [32m`Did not find expected text: "[39m[36m${[39mtext[36m}[39m[32m"`[39m)[33m.[39m[34mtoBe[39m([35mtrue[39m)[33m;[39m
release	UNKNOWN STEP	2025-10-24T20:37:34.7842833Z     [90m   | [39m                                                           [31m^[39m
release	UNKNOWN STEP	2025-10-24T20:37:34.7843418Z     [90m196| [39m  }
release	UNKNOWN STEP	2025-10-24T20:37:34.7843792Z     [90m197| [39m
release	UNKNOWN STEP	2025-10-24T20:37:34.7844540Z [90m [2mâ¯[22m TestRig.runInteractive test-helper.ts:[2m994:5[22m[39m
release	UNKNOWN STEP	2025-10-24T20:37:34.7845644Z [90m [2mâ¯[22m context-compress-interactive.test.ts:[2m30:17[22m[39m
release	UNKNOWN STEP	2025-10-24T20:37:34.7846159Z 
release	UNKNOWN STEP	2025-10-24T20:37:34.7846631Z [31m[2mâŽ¯âŽ¯âŽ¯âŽ¯âŽ¯âŽ¯âŽ¯âŽ¯âŽ¯âŽ¯âŽ¯âŽ¯âŽ¯âŽ¯âŽ¯âŽ¯âŽ¯âŽ¯âŽ¯âŽ¯âŽ¯âŽ¯[1/108]âŽ¯[22m[39m
release	UNKNOWN STEP	2025-10-24T20:37:34.7846965Z 
release	UNKNOWN STEP	2025-10-24T20:37:34.7848182Z [41m[1m FAIL [22m[49m context-compress-interactive.test.ts[2m > [22mInteractive Mode[2m > [22mshould handle compression failure on token inflation
release	UNKNOWN STEP	2025-10-24T20:37:34.7850498Z [41m[1m FAIL [22m[49m context-compress-interactive.test.ts[2m > [22mInteractive Mode[2m > [22mshould handle compression failure on token inflation
release	UNKNOWN STEP	2025-10-24T20:37:34.7852605Z [41m[1m FAIL [22m[49m context-compress-interactive.test.ts[2m > [22mInteractive Mode[2m > [22mshould handle compression failure on token inflation
release	UNKNOWN STEP	2025-10-24T20:37:34.7854424Z [31m[1mAssertionError[22m: Did not find expected text: "Type your message": expected false to be true // Object.is equality[39m
release	UNKNOWN STEP	2025-10-24T20:37:34.7855161Z 
release	UNKNOWN STEP	2025-10-24T20:37:34.7855365Z [32m- Expected[39m
release	UNKNOWN STEP	2025-10-24T20:37:34.7855799Z [31m+ Received[39m
release	UNKNOWN STEP	2025-10-24T20:37:34.7856034Z 
release	UNKNOWN STEP	2025-10-24T20:37:34.7856232Z [32m- true[39m
release	UNKNOWN STEP	2025-10-24T20:37:34.7856638Z [31m+ false[39m
release	UNKNOWN STEP	2025-10-24T20:37:34.7856847Z 
release	UNKNOWN STEP	2025-10-24T20:37:34.7857493Z [36m [2mâ¯[22m InteractiveRun.expectText test-helper.ts:[2m195:60[22m[39m
release	UNKNOWN STEP	2025-10-24T20:37:34.7858337Z     [90m193| [39m      [34m200[39m[33m,[39m
release	UNKNOWN STEP	2025-10-24T20:37:34.7859108Z     [90m194| [39m    )[33m;[39m
release	UNKNOWN STEP	2025-10-24T20:37:34.7860539Z     [90m195| [39m    [34mexpect[39m(found[33m,[39m [32m`Did not find expected text: "[39m[36m${[39mtext[36m}[39m[32m"`[39m)[33m.[39m[34mtoBe[39m([35mtrue[39m)[33m;[39m
release	UNKNOWN STEP	2025-10-24T20:37:34.7862067Z     [90m   | [39m                                                           [31m^[39m
release	UNKNOWN STEP	2025-10-24T20:37:34.7862597Z     [90m196| [39m  }
release	UNKNOWN STEP	2025-10-24T20:37:34.7862948Z     [90m197| [39m
release	UNKNOWN STEP	2025-10-24T20:37:34.7869715Z [90m [2mâ¯[22m TestRig.runInteractive test-helper.ts:[2m994:5[22m[39m
release	UNKNOWN STEP	2025-10-24T20:37:34.7909536Z [90m [2mâ¯[22m context-compress-interactive.test.ts:[2m59:17[22m[39m
release	UNKNOWN STEP	2025-10-24T20:37:34.7963108Z 
release	UNKNOWN STEP	2025-10-24T20:37:34.7963613Z [31m[2mâŽ¯âŽ¯âŽ¯âŽ¯âŽ¯âŽ¯âŽ¯âŽ¯âŽ¯âŽ¯âŽ¯âŽ¯âŽ¯âŽ¯âŽ¯âŽ¯âŽ¯âŽ¯âŽ¯âŽ¯âŽ¯âŽ¯[2/108]âŽ¯[22m[39m
release	UNKNOWN STEP	2025-10-24T20:37:34.7963958Z 
release	UNKNOWN STEP	2025-10-24T20:37:34.7965029Z [41m[1m FAIL [22m[49m context-compress-interactive.test.ts[2m > [22mInteractive Mode[2m > [22mshould handle /compress command on empty history
release	UNKNOWN STEP	2025-10-24T20:37:34.7967000Z [41m[1m FAIL [22m[49m context-compress-interactive.test.ts[2m > [22mInteractive Mode[2m > [22mshould handle /compress command on empty history
release	UNKNOWN STEP	2025-10-24T20:37:34.7969129Z [41m[1m FAIL [22m[49m context-compress-interactive.test.ts[2m > [22mInteractive Mode[2m > [22mshould handle /compress command on empty history
release	UNKNOWN STEP	2025-10-24T20:37:34.7970919Z [31m[1mAssertionError[22m: Did not find expected text: "Type your message": expected false to be true // Object.is equality[39m
release	UNKNOWN STEP	2025-10-24T20:37:34.7971614Z 
release	UNKNOWN STEP	2025-10-24T20:37:34.7971816Z [32m- Expected[39m
release	UNKNOWN STEP	2025-10-24T20:37:34.7972239Z [31m+ Received[39m
release	UNKNOWN STEP	2025-10-24T20:37:34.7972945Z 
release	UNKNOWN STEP	2025-10-24T20:37:34.7973167Z [32m- true[39m
release	UNKNOWN STEP	2025-10-24T20:37:34.7973571Z [31m+ false[39m
release	UNKNOWN STEP	2025-10-24T20:37:34.7973770Z 
release	UNKNOWN STEP	2025-10-24T20:37:34.7987853Z [36m [2mâ¯[22m InteractiveRun.expectText test-helper.ts:[2m195:60[22m[39m
release	UNKNOWN STEP	2025-10-24T20:37:34.7989916Z     [90m193| [39m      [34m200[39m[33m,[39m
release	UNKNOWN STEP	2025-10-24T20:37:34.7990523Z     [90m194| [39m    )[33m;[39m
release	UNKNOWN STEP	2025-10-24T20:37:34.7991998Z     [90m195| [39m    [34mexpect[39m(found[33m,[39m [32m`Did not find expected text: "[39m[36m${[39mtext[36m}[39m[32m"`[39m)[33m.[39m[34mtoBe[39m([35mtrue[39m)[33m;[39m
release	UNKNOWN STEP	2025-10-24T20:37:34.7993289Z     [90m   | [39m                                                           [31m^[39m
release	UNKNOWN STEP	2025-10-24T20:37:34.7993873Z     [90m196| [39m  }
release	UNKNOWN STEP	2025-10-24T20:37:34.7994289Z     [90m197| [39m
release	UNKNOWN STEP	2025-10-24T20:37:34.7995080Z [90m [2mâ¯[22m TestRig.runInteractive test-helper.ts:[2m994:5[22m[39m
release	UNKNOWN STEP	2025-10-24T20:37:34.7996144Z [90m [2mâ¯[22m context-compress-interactive.test.ts:[2m89:17[22m[39m
release	UNKNOWN STEP	2025-10-24T20:37:34.7996633Z 
release	UNKNOWN STEP	2025-10-24T20:37:34.7997078Z [31m[2mâŽ¯âŽ¯âŽ¯âŽ¯âŽ¯âŽ¯âŽ¯âŽ¯âŽ¯âŽ¯âŽ¯âŽ¯âŽ¯âŽ¯âŽ¯âŽ¯âŽ¯âŽ¯âŽ¯âŽ¯âŽ¯âŽ¯[3/108]âŽ¯[22m[39m
release	UNKNOWN STEP	2025-10-24T20:37:34.7997413Z 
release	UNKNOWN STEP	2025-10-24T20:37:34.7998311Z [41m[1m FAIL [22m[49m ctrl-c-exit.test.ts[2m > [22mCtrl+C exit[2m > [22mshould exit gracefully on second Ctrl+C
release	UNKNOWN STEP	2025-10-24T20:37:34.7999901Z [41m[1m FAIL [22m[49m ctrl-c-exit.test.ts[2m > [22mCtrl+C exit[2m > [22mshould exit gracefully on second Ctrl+C
release	UNKNOWN STEP	2025-10-24T20:37:34.8001257Z [41m[1m FAIL [22m[49m ctrl-c-exit.test.ts[2m > [22mCtrl+C exit[2m > [22mshould exit gracefully on second Ctrl+C
release	UNKNOWN STEP	2025-10-24T20:37:34.8002787Z [31m[1mAssertionError[22m: Did not find expected text: "Type your message": expected false to be true // Object.is equality[39m
release	UNKNOWN STEP	2025-10-24T20:37:34.8003493Z 
release	UNKNOWN STEP	2025-10-24T20:37:34.8003681Z [32m- Expected[39m
release	UNKNOWN STEP	2025-10-24T20:37:34.8004044Z [31m+ Received[39m
release	UNKNOWN STEP	2025-10-24T20:37:34.8004226Z 
release	UNKNOWN STEP	2025-10-24T20:37:34.8004373Z [32m- true[39m
release	UNKNOWN STEP	2025-10-24T20:37:34.8004703Z [31m+ false[39m
release	UNKNOWN STEP	2025-10-24T20:37:34.8004884Z 
release	UNKNOWN STEP	2025-10-24T20:37:34.8005452Z [36m [2mâ¯[22m InteractiveRun.expectText test-helper.ts:[2m195:60[22m[39m
release	UNKNOWN STEP	2025-10-24T20:37:34.8006167Z     [90m193| [39m      [34m200[39m[33m,[39m
release	UNKNOWN STEP	2025-10-24T20:37:34.8006660Z     [90m194| [39m    )[33m;[39m
release	UNKNOWN STEP	2025-10-24T20:37:34.8007920Z     [90m195| [39m    [34mexpect[39m(found[33m,[39m [32m`Did not find expected text: "[39m[36m${[39mtext[36m}[39m[32m"`[39m)[33m.[39m[34mtoBe[39m([35mtrue[39m)[33m;[39m
release	UNKNOWN STEP	2025-10-24T20:37:34.8009231Z     [90m   | [39m                                                           [31m^[39m
release	UNKNOWN STEP	2025-10-24T20:37:34.8009716Z     [90m196| [39m  }
release	UNKNOWN STEP	2025-10-24T20:37:34.8010294Z     [90m197| [39m
release	UNKNOWN STEP	2025-10-24T20:37:34.8010999Z [90m [2mâ¯[22m TestRig.runInteractive test-helper.ts:[2m994:5[22m[39m
release	UNKNOWN STEP	2025-10-24T20:37:34.8011790Z [90m [2mâ¯[22m ctrl-c-exit.test.ts:[2m18:17[22m[39m
release	UNKNOWN STEP	2025-10-24T20:37:34.8012107Z 
release	UNKNOWN STEP	2025-10-24T20:37:34.8012455Z [31m[2mâŽ¯âŽ¯âŽ¯âŽ¯âŽ¯âŽ¯âŽ¯âŽ¯âŽ¯âŽ¯âŽ¯âŽ¯âŽ¯âŽ¯âŽ¯âŽ¯âŽ¯âŽ¯âŽ¯âŽ¯âŽ¯âŽ¯[4/108]âŽ¯[22m[39m
release	UNKNOWN STEP	2025-10-24T20:37:34.8012756Z 
release	UNKNOWN STEP	2025-10-24T20:37:34.8013802Z [41m[1m FAIL [22m[49m file-system-interactive.test.ts[2m > [22mInteractive file system[2m > [22mshould perform a read-then-write sequence
release	UNKNOWN STEP	2025-10-24T20:37:34.8015577Z [41m[1m FAIL [22m[49m file-system-interactive.test.ts[2m > [22mInteractive file system[2m > [22mshould perform a read-then-write sequence
release	UNKNOWN STEP	2025-10-24T20:37:34.8017323Z [41m[1m FAIL [22m[49m file-system-interactive.test.ts[2m > [22mInteractive file system[2m > [22mshould perform a read-then-write sequence
release	UNKNOWN STEP	2025-10-24T20:37:34.8079588Z [31m[1mAssertionError[22m: Did not find expected text: "Type your message": expected false to be true // Object.is equality[39m
release	UNKNOWN STEP	2025-10-24T20:37:34.8080407Z 
release	UNKNOWN STEP	2025-10-24T20:37:34.8080803Z [32m- Expected[39m
release	UNKNOWN STEP	2025-10-24T20:37:34.8081206Z [31m+ Received[39m
release	UNKNOWN STEP	2025-10-24T20:37:34.8081399Z 
release	UNKNOWN STEP	2025-10-24T20:37:34.8081552Z [32m- true[39m
release	UNKNOWN STEP	2025-10-24T20:37:34.8081908Z [31m+ false[39m
release	UNKNOWN STEP	2025-10-24T20:37:34.8082086Z 
release	UNKNOWN STEP	2025-10-24T20:37:34.8082695Z [36m [2mâ¯[22m InteractiveRun.expectText test-helper.ts:[2m195:60[22m[39m
release	UNKNOWN STEP	2025-10-24T20:37:34.8083813Z     [90m193| [39m      [34m200[39m[33m,[39m
release	UNKNOWN STEP	2025-10-24T20:37:34.8084328Z     [90m194| [39m    )[33m;[39m
release	UNKNOWN STEP	2025-10-24T20:37:34.8085629Z     [90m195| [39m    [34mexpect[39m(found[33m,[39m [32m`Did not find expected text: "[39m[36m${[39mtext[36m}[39m[32m"`[39m)[33m.[39m[34mtoBe[39m([35mtrue[39m)[33m;[39m
release	UNKNOWN STEP	2025-10-24T20:37:34.8086928Z     [90m   | [39m                                                           [31m^[39m
release	UNKNOWN STEP	2025-10-24T20:37:34.8087517Z     [90m196| [39m  }
release	UNKNOWN STEP	2025-10-24T20:37:34.8087921Z     [90m197| [39m
release	UNKNOWN STEP	2025-10-24T20:37:34.8088976Z [90m [2mâ¯[22m TestRig.runInteractive test-helper.ts:[2m994:5[22m[39m
release	UNKNOWN STEP	2025-10-24T20:37:34.8090024Z [90m [2mâ¯[22m file-system-interactive.test.ts:[2m35:17[22m[39m
release	UNKNOWN STEP	2025-10-24T20:37:34.8090438Z 
release	UNKNOWN STEP	2025-10-24T20:37:34.8090831Z [31m[2mâŽ¯âŽ¯âŽ¯âŽ¯âŽ¯âŽ¯âŽ¯âŽ¯âŽ¯âŽ¯âŽ¯âŽ¯âŽ¯âŽ¯âŽ¯âŽ¯âŽ¯âŽ¯âŽ¯âŽ¯âŽ¯âŽ¯[5/108]âŽ¯[22m[39m
release	UNKNOWN STEP	2025-10-24T20:37:34.8091136Z 
release	UNKNOWN STEP	2025-10-24T20:37:34.8091914Z [41m[1m FAIL [22m[49m file-system.test.ts[2m > [22mfile-system[2m > [22mshould be able to read a file
release	UNKNOWN STEP	2025-10-24T20:37:34.8093186Z [41m[1m FAIL [22m[49m file-system.test.ts[2m > [22mfile-system[2m > [22mshould be able to read a file
release	UNKNOWN STEP	2025-10-24T20:37:34.8094515Z [41m[1m FAIL [22m[49m file-system.test.ts[2m > [22mfile-system[2m > [22mshould be able to read a file
release	UNKNOWN STEP	2025-10-24T20:37:34.8095868Z [41m[1m FAIL [22m[49m file-system.test.ts[2m > [22mfile-system[2m > [22mshould be able to write a file
release	UNKNOWN STEP	2025-10-24T20:37:34.8097239Z [41m[1m FAIL [22m[49m file-system.test.ts[2m > [22mfile-system[2m > [22mshould be able to write a file
release	UNKNOWN STEP	2025-10-24T20:37:34.8098627Z [41m[1m FAIL [22m[49m file-system.test.ts[2m > [22mfile-system[2m > [22mshould be able to write a file
release	UNKNOWN STEP	2025-10-24T20:37:34.8099945Z [41m[1m FAIL [22m[49m file-system.test.ts[2m > [22mfile-system[2m > [22mshould correctly handle file paths with spaces
release	UNKNOWN STEP	2025-10-24T20:37:34.8101266Z [41m[1m FAIL [22m[49m file-system.test.ts[2m > [22mfile-system[2m > [22mshould correctly handle file paths with spaces
release	UNKNOWN STEP	2025-10-24T20:37:34.8102630Z [41m[1m FAIL [22m[49m file-system.test.ts[2m > [22mfile-system[2m > [22mshould correctly handle file paths with spaces
release	UNKNOWN STEP	2025-10-24T20:37:34.8104014Z [41m[1m FAIL [22m[49m file-system.test.ts[2m > [22mfile-system[2m > [22mshould perform a read-then-write sequence
release	UNKNOWN STEP	2025-10-24T20:37:34.8105396Z [41m[1m FAIL [22m[49m file-system.test.ts[2m > [22mfile-system[2m > [22mshould perform a read-then-write sequence
release	UNKNOWN STEP	2025-10-24T20:37:34.8107027Z [41m[1m FAIL [22m[49m file-system.test.ts[2m > [22mfile-system[2m > [22mshould perform a read-then-write sequence
release	UNKNOWN STEP	2025-10-24T20:37:34.8169037Z [41m[1m FAIL [22m[49m file-system.test.ts[2m > [22mfile-system[2m > [22mshould fail safely when trying to edit a non-existent file
release	UNKNOWN STEP	2025-10-24T20:37:34.8170968Z [41m[1m FAIL [22m[49m file-system.test.ts[2m > [22mfile-system[2m > [22mshould fail safely when trying to edit a non-existent file
release	UNKNOWN STEP	2025-10-24T20:37:34.8172631Z [41m[1m FAIL [22m[49m file-system.test.ts[2m > [22mfile-system[2m > [22mshould fail safely when trying to edit a non-existent file
release	UNKNOWN STEP	2025-10-24T20:37:34.8174147Z [41m[1m FAIL [22m[49m google_web_search.test.ts[2m > [22mgoogle_web_search[2m > [22mshould be able to search the web
release	UNKNOWN STEP	2025-10-24T20:37:34.8175610Z [41m[1m FAIL [22m[49m google_web_search.test.ts[2m > [22mgoogle_web_search[2m > [22mshould be able to search the web
release	UNKNOWN STEP	2025-10-24T20:37:34.8177041Z [41m[1m FAIL [22m[49m google_web_search.test.ts[2m > [22mgoogle_web_search[2m > [22mshould be able to search the web
release	UNKNOWN STEP	2025-10-24T20:37:34.8178616Z [41m[1m FAIL [22m[49m list_directory.test.ts[2m > [22mlist_directory[2m > [22mshould be able to list a directory
release	UNKNOWN STEP	2025-10-24T20:37:34.8180019Z [41m[1m FAIL [22m[49m list_directory.test.ts[2m > [22mlist_directory[2m > [22mshould be able to list a directory
release	UNKNOWN STEP	2025-10-24T20:37:34.8181492Z [41m[1m FAIL [22m[49m list_directory.test.ts[2m > [22mlist_directory[2m > [22mshould be able to list a directory
release	UNKNOWN STEP	2025-10-24T20:37:34.8183229Z [41m[1m FAIL [22m[49m replace.test.ts[2m > [22mreplace[2m > [22mshould be able to replace content in a file
release	UNKNOWN STEP	2025-10-24T20:37:34.8184611Z [41m[1m FAIL [22m[49m replace.test.ts[2m > [22mreplace[2m > [22mshould be able to replace content in a file
release	UNKNOWN STEP	2025-10-24T20:37:34.8185939Z [41m[1m FAIL [22m[49m replace.test.ts[2m > [22mreplace[2m > [22mshould be able to replace content in a file
release	UNKNOWN STEP	2025-10-24T20:37:34.8187382Z [41m[1m FAIL [22m[49m run_shell_command.test.ts[2m > [22mrun_shell_command[2m > [22mshould be able to run a shell command
release	UNKNOWN STEP	2025-10-24T20:37:34.8189384Z [41m[1m FAIL [22m[49m run_shell_command.test.ts[2m > [22mrun_shell_command[2m > [22mshould be able to run a shell command
release	UNKNOWN STEP	2025-10-24T20:37:34.8190924Z [41m[1m FAIL [22m[49m run_shell_command.test.ts[2m > [22mrun_shell_command[2m > [22mshould be able to run a shell command
release	UNKNOWN STEP	2025-10-24T20:37:34.8192521Z [41m[1m FAIL [22m[49m run_shell_command.test.ts[2m > [22mrun_shell_command[2m > [22mshould be able to run a shell command via stdin
release	UNKNOWN STEP	2025-10-24T20:37:34.8194171Z [41m[1m FAIL [22m[49m run_shell_command.test.ts[2m > [22mrun_shell_command[2m > [22mshould be able to run a shell command via stdin
release	UNKNOWN STEP	2025-10-24T20:37:34.8195770Z [41m[1m FAIL [22m[49m run_shell_command.test.ts[2m > [22mrun_shell_command[2m > [22mshould be able to run a shell command via stdin
release	UNKNOWN STEP	2025-10-24T20:37:34.8197301Z [41m[1m FAIL [22m[49m run_shell_command.test.ts[2m > [22mrun_shell_command[2m > [22mshould succeed with --yolo mode
release	UNKNOWN STEP	2025-10-24T20:37:34.8249201Z [41m[1m FAIL [22m[49m run_shell_command.test.ts[2m > [22mrun_shell_command[2m > [22mshould succeed with --yolo mode
release	UNKNOWN STEP	2025-10-24T20:37:34.8250821Z [41m[1m FAIL [22m[49m run_shell_command.test.ts[2m > [22mrun_shell_command[2m > [22mshould succeed with --yolo mode
release	UNKNOWN STEP	2025-10-24T20:37:34.8252473Z [41m[1m FAIL [22m[49m run_shell_command.test.ts[2m > [22mrun_shell_command[2m > [22mshould propagate environment variables to the child process
release	UNKNOWN STEP	2025-10-24T20:37:34.8254337Z [41m[1m FAIL [22m[49m run_shell_command.test.ts[2m > [22mrun_shell_command[2m > [22mshould propagate environment variables to the child process
release	UNKNOWN STEP	2025-10-24T20:37:34.8256151Z [41m[1m FAIL [22m[49m run_shell_command.test.ts[2m > [22mrun_shell_command[2m > [22mshould propagate environment variables to the child process
release	UNKNOWN STEP	2025-10-24T20:37:34.8257762Z [41m[1m FAIL [22m[49m run_shell_command.test.ts[2m > [22mrun_shell_command[2m > [22mrejects invalid shell expressions
release	UNKNOWN STEP	2025-10-24T20:37:34.8259748Z [41m[1m FAIL [22m[49m run_shell_command.test.ts[2m > [22mrun_shell_command[2m > [22mrejects invalid shell expressions
release	UNKNOWN STEP	2025-10-24T20:37:34.8261229Z [41m[1m FAIL [22m[49m run_shell_command.test.ts[2m > [22mrun_shell_command[2m > [22mrejects invalid shell expressions
release	UNKNOWN STEP	2025-10-24T20:37:34.8262585Z [41m[1m FAIL [22m[49m save_memory.test.ts[2m > [22msave_memory[2m > [22mshould be able to save to memory
release	UNKNOWN STEP	2025-10-24T20:37:34.8263867Z [41m[1m FAIL [22m[49m save_memory.test.ts[2m > [22msave_memory[2m > [22mshould be able to save to memory
release	UNKNOWN STEP	2025-10-24T20:37:34.8265144Z [41m[1m FAIL [22m[49m save_memory.test.ts[2m > [22msave_memory[2m > [22mshould be able to save to memory
release	UNKNOWN STEP	2025-10-24T20:37:34.8266484Z [41m[1m FAIL [22m[49m simple-mcp-server.test.ts[2m > [22msimple-mcp-server[2m > [22mshould add two numbers
release	UNKNOWN STEP	2025-10-24T20:37:34.8267866Z [41m[1m FAIL [22m[49m simple-mcp-server.test.ts[2m > [22msimple-mcp-server[2m > [22mshould add two numbers
release	UNKNOWN STEP	2025-10-24T20:37:34.8299586Z [41m[1m FAIL [22m[49m simple-mcp-server.test.ts[2m > [22msimple-mcp-server[2m > [22mshould add two numbers
release	UNKNOWN STEP	2025-10-24T20:37:34.8301047Z [41m[1m FAIL [22m[49m telemetry.test.ts[2m > [22mtelemetry[2m > [22mshould emit a metric and a log event
release	UNKNOWN STEP	2025-10-24T20:37:34.8302407Z [41m[1m FAIL [22m[49m telemetry.test.ts[2m > [22mtelemetry[2m > [22mshould emit a metric and a log event
release	UNKNOWN STEP	2025-10-24T20:37:34.8303989Z [41m[1m FAIL [22m[49m utf-bom-encoding.test.ts[2m > [22mBOM end-to-end integration[2m > [22mUTF-8 BOM
release	UNKNOWN STEP	2025-10-24T20:37:34.8305270Z [41m[1m FAIL [22m[49m utf-bom-encoding.test.ts[2m > [22mBOM end-to-end integration[2m > [22mUTF-8 BOM
release	UNKNOWN STEP	2025-10-24T20:37:34.8306595Z [41m[1m FAIL [22m[49m utf-bom-encoding.test.ts[2m > [22mBOM end-to-end integration[2m > [22mUTF-8 BOM
release	UNKNOWN STEP	2025-10-24T20:37:34.8307948Z [41m[1m FAIL [22m[49m utf-bom-encoding.test.ts[2m > [22mBOM end-to-end integration[2m > [22mUTF-16 LE BOM
release	UNKNOWN STEP	2025-10-24T20:37:34.8349656Z [41m[1m FAIL [22m[49m utf-bom-encoding.test.ts[2m > [22mBOM end-to-end integration[2m > [22mUTF-16 LE BOM
release	UNKNOWN STEP	2025-10-24T20:37:34.8351040Z [41m[1m FAIL [22m[49m utf-bom-encoding.test.ts[2m > [22mBOM end-to-end integration[2m > [22mUTF-16 LE BOM
release	UNKNOWN STEP	2025-10-24T20:37:34.8352350Z [41m[1m FAIL [22m[49m utf-bom-encoding.test.ts[2m > [22mBOM end-to-end integration[2m > [22mUTF-16 BE BOM
release	UNKNOWN STEP	2025-10-24T20:37:34.8353645Z [41m[1m FAIL [22m[49m utf-bom-encoding.test.ts[2m > [22mBOM end-to-end integration[2m > [22mUTF-16 BE BOM
release	UNKNOWN STEP	2025-10-24T20:37:34.8354926Z [41m[1m FAIL [22m[49m utf-bom-encoding.test.ts[2m > [22mBOM end-to-end integration[2m > [22mUTF-16 BE BOM
release	UNKNOWN STEP	2025-10-24T20:37:34.8356215Z [41m[1m FAIL [22m[49m utf-bom-encoding.test.ts[2m > [22mBOM end-to-end integration[2m > [22mUTF-32 LE BOM
release	UNKNOWN STEP	2025-10-24T20:37:34.8357523Z [41m[1m FAIL [22m[49m utf-bom-encoding.test.ts[2m > [22mBOM end-to-end integration[2m > [22mUTF-32 LE BOM
release	UNKNOWN STEP	2025-10-24T20:37:34.8359004Z [41m[1m FAIL [22m[49m utf-bom-encoding.test.ts[2m > [22mBOM end-to-end integration[2m > [22mUTF-32 LE BOM
release	UNKNOWN STEP	2025-10-24T20:37:34.8360309Z [41m[1m FAIL [22m[49m utf-bom-encoding.test.ts[2m > [22mBOM end-to-end integration[2m > [22mUTF-32 BE BOM
release	UNKNOWN STEP	2025-10-24T20:37:34.8361598Z [41m[1m FAIL [22m[49m utf-bom-encoding.test.ts[2m > [22mBOM end-to-end integration[2m > [22mUTF-32 BE BOM
release	UNKNOWN STEP	2025-10-24T20:37:34.8362883Z [41m[1m FAIL [22m[49m utf-bom-encoding.test.ts[2m > [22mBOM end-to-end integration[2m > [22mUTF-32 BE BOM
release	UNKNOWN STEP	2025-10-24T20:37:34.8364261Z [41m[1m FAIL [22m[49m utf-bom-encoding.test.ts[2m > [22mBOM end-to-end integration[2m > [22mCan describe a PNG file
release	UNKNOWN STEP	2025-10-24T20:37:34.8365682Z [41m[1m FAIL [22m[49m utf-bom-encoding.test.ts[2m > [22mBOM end-to-end integration[2m > [22mCan describe a PNG file
release	UNKNOWN STEP	2025-10-24T20:37:34.8367096Z [41m[1m FAIL [22m[49m utf-bom-encoding.test.ts[2m > [22mBOM end-to-end integration[2m > [22mCan describe a PNG file
release	UNKNOWN STEP	2025-10-24T20:37:34.8368817Z [41m[1m FAIL [22m[49m write_file.test.ts[2m > [22mwrite_file[2m > [22mshould be able to write a file
release	UNKNOWN STEP	2025-10-24T20:37:34.8370078Z [41m[1m FAIL [22m[49m write_file.test.ts[2m > [22mwrite_file[2m > [22mshould be able to write a file
release	UNKNOWN STEP	2025-10-24T20:37:34.8371288Z [41m[1m FAIL [22m[49m write_file.test.ts[2m > [22mwrite_file[2m > [22mshould be able to write a file
release	UNKNOWN STEP	2025-10-24T20:37:34.8372132Z [31m[1mError[22m: Process exited with code 1:
release	UNKNOWN STEP	2025-10-24T20:37:34.8372860Z YOLO mode is enabled. All tool calls will be automatically approved.
release	UNKNOWN STEP	2025-10-24T20:37:34.8373954Z GEMINI_API_KEY not found. Find your existing key or generate a new one at: https://aistudio.google.com/apikey
release	UNKNOWN STEP	2025-10-24T20:37:34.8374569Z 
release	UNKNOWN STEP	2025-10-24T20:37:34.8375102Z To continue, please set the GEMINI_API_KEY environment variable or add it to a .env file.
release	UNKNOWN STEP	2025-10-24T20:37:34.8375763Z [39m
release	UNKNOWN STEP	2025-10-24T20:37:34.8376484Z [36m [2mâ¯[22m ChildProcess.<anonymous> test-helper.ts:[2m486:18[22m[39m
release	UNKNOWN STEP	2025-10-24T20:37:34.8377278Z     [90m484| [39m          [34mresolve[39m(result)[33m;[39m
release	UNKNOWN STEP	2025-10-24T20:37:34.8377887Z     [90m485| [39m        } [35melse[39m {
release	UNKNOWN STEP	2025-10-24T20:37:34.8439022Z     [90m486| [39m          reject(new Error(`Process exited with code ${code}:\n${stderâ€¦
release	UNKNOWN STEP	2025-10-24T20:37:34.8439933Z     [90m   | [39m                 [31m^[39m
release	UNKNOWN STEP	2025-10-24T20:37:34.8440402Z     [90m487| [39m        }
release	UNKNOWN STEP	2025-10-24T20:37:34.8440852Z     [90m488| [39m      })[33m;[39m
release	UNKNOWN STEP	2025-10-24T20:37:34.8441410Z 
release	UNKNOWN STEP	2025-10-24T20:37:34.8441789Z [31m[2mâŽ¯âŽ¯âŽ¯âŽ¯âŽ¯âŽ¯âŽ¯âŽ¯âŽ¯âŽ¯âŽ¯âŽ¯âŽ¯âŽ¯âŽ¯âŽ¯âŽ¯âŽ¯âŽ¯âŽ¯âŽ¯âŽ¯[6/108]âŽ¯[22m[39m
release	UNKNOWN STEP	2025-10-24T20:37:34.8442095Z 
release	UNKNOWN STEP	2025-10-24T20:37:34.8442999Z [41m[1m FAIL [22m[49m json-output.test.ts[2m > [22mJSON output[2m > [22mshould return a valid JSON with response and stats
release	UNKNOWN STEP	2025-10-24T20:37:34.8444494Z [41m[1m FAIL [22m[49m json-output.test.ts[2m > [22mJSON output[2m > [22mshould return a valid JSON with response and stats
release	UNKNOWN STEP	2025-10-24T20:37:34.8445977Z [41m[1m FAIL [22m[49m json-output.test.ts[2m > [22mJSON output[2m > [22mshould return a valid JSON with response and stats
release	UNKNOWN STEP	2025-10-24T20:37:34.8446949Z [31m[1mError[22m: Process exited with code 1:
release	UNKNOWN STEP	2025-10-24T20:37:34.8447657Z YOLO mode is enabled. All tool calls will be automatically approved.
release	UNKNOWN STEP	2025-10-24T20:37:34.8448166Z {
release	UNKNOWN STEP	2025-10-24T20:37:34.8448417Z   "error": {
release	UNKNOWN STEP	2025-10-24T20:37:34.8448839Z     "type": "Error",
release	UNKNOWN STEP	2025-10-24T20:37:34.8450243Z     "message": "GEMINI_API_KEY not found. Find your existing key or generate a new one at: https://aistudio.google.com/apikey\n\nTo continue, please set the GEMINI_API_KEY environment variable or add it to a .env file.",
release	UNKNOWN STEP	2025-10-24T20:37:34.8451486Z     "code": 1
release	UNKNOWN STEP	2025-10-24T20:37:34.8451741Z   }
release	UNKNOWN STEP	2025-10-24T20:37:34.8451979Z }
release	UNKNOWN STEP	2025-10-24T20:37:34.8452248Z [39m
release	UNKNOWN STEP	2025-10-24T20:37:34.8452947Z [36m [2mâ¯[22m ChildProcess.<anonymous> test-helper.ts:[2m486:18[22m[39m
release	UNKNOWN STEP	2025-10-24T20:37:34.8453807Z     [90m484| [39m          [34mresolve[39m(result)[33m;[39m
release	UNKNOWN STEP	2025-10-24T20:37:34.8454395Z     [90m485| [39m        } [35melse[39m {
release	UNKNOWN STEP	2025-10-24T20:37:34.8455180Z     [90m486| [39m          reject(new Error(`Process exited with code ${code}:\n${stderâ€¦
release	UNKNOWN STEP	2025-10-24T20:37:34.8455867Z     [90m   | [39m                 [31m^[39m
release	UNKNOWN STEP	2025-10-24T20:37:34.8456307Z     [90m487| [39m        }
release	UNKNOWN STEP	2025-10-24T20:37:34.8456739Z     [90m488| [39m      })[33m;[39m
release	UNKNOWN STEP	2025-10-24T20:37:34.8456992Z 
release	UNKNOWN STEP	2025-10-24T20:37:34.8457345Z [31m[2mâŽ¯âŽ¯âŽ¯âŽ¯âŽ¯âŽ¯âŽ¯âŽ¯âŽ¯âŽ¯âŽ¯âŽ¯âŽ¯âŽ¯âŽ¯âŽ¯âŽ¯âŽ¯âŽ¯âŽ¯âŽ¯âŽ¯[7/108]âŽ¯[22m[39m
release	UNKNOWN STEP	2025-10-24T20:37:34.8457641Z 
release	UNKNOWN STEP	2025-10-24T20:37:34.8459097Z [41m[1m FAIL [22m[49m mcp_server_cyclic_schema.test.ts[2m > [22mmcp server with cyclic tool schema is detected[2m > [22mmcp tool list should include tool with cyclic tool schema
release	UNKNOWN STEP	2025-10-24T20:37:34.8461470Z [41m[1m FAIL [22m[49m mcp_server_cyclic_schema.test.ts[2m > [22mmcp server with cyclic tool schema is detected[2m > [22mmcp tool list should include tool with cyclic tool schema
release	UNKNOWN STEP	2025-10-24T20:37:34.8463686Z [41m[1m FAIL [22m[49m mcp_server_cyclic_schema.test.ts[2m > [22mmcp server with cyclic tool schema is detected[2m > [22mmcp tool list should include tool with cyclic tool schema
release	UNKNOWN STEP	2025-10-24T20:37:34.8465991Z [31m[1mAssertionError[22m: Did not find expected text: "Type your message": expected false to be true // Object.is equality[39m
release	UNKNOWN STEP	2025-10-24T20:37:34.8466781Z 
release	UNKNOWN STEP	2025-10-24T20:37:34.8467058Z [32m- Expected[39m
release	UNKNOWN STEP	2025-10-24T20:37:34.8467508Z [31m+ Received[39m
release	UNKNOWN STEP	2025-10-24T20:37:34.8467732Z 
release	UNKNOWN STEP	2025-10-24T20:37:34.8467919Z [32m- true[39m
release	UNKNOWN STEP	2025-10-24T20:37:34.8468343Z [31m+ false[39m
release	UNKNOWN STEP	2025-10-24T20:37:34.8518981Z 
release	UNKNOWN STEP	2025-10-24T20:37:34.8519737Z [36m [2mâ¯[22m InteractiveRun.expectText test-helper.ts:[2m195:60[22m[39m
release	UNKNOWN STEP	2025-10-24T20:37:34.8520499Z     [90m193| [39m      [34m200[39m[33m,[39m
release	UNKNOWN STEP	2025-10-24T20:37:34.8521020Z     [90m194| [39m    )[33m;[39m
release	UNKNOWN STEP	2025-10-24T20:37:34.8522280Z     [90m195| [39m    [34mexpect[39m(found[33m,[39m [32m`Did not find expected text: "[39m[36m${[39mtext[36m}[39m[32m"`[39m)[33m.[39m[34mtoBe[39m([35mtrue[39m)[33m;[39m
release	UNKNOWN STEP	2025-10-24T20:37:34.8523543Z     [90m   | [39m                                                           [31m^[39m
release	UNKNOWN STEP	2025-10-24T20:37:34.8524140Z     [90m196| [39m  }
release	UNKNOWN STEP	2025-10-24T20:37:34.8524524Z     [90m197| [39m
release	UNKNOWN STEP	2025-10-24T20:37:34.8525245Z [90m [2mâ¯[22m TestRig.runInteractive test-helper.ts:[2m994:5[22m[39m
release	UNKNOWN STEP	2025-10-24T20:37:34.8526167Z [90m [2mâ¯[22m mcp_server_cyclic_schema.test.ts:[2m196:17[22m[39m
release	UNKNOWN STEP	2025-10-24T20:37:34.8526556Z 
release	UNKNOWN STEP	2025-10-24T20:37:34.8527237Z [31m[2mâŽ¯âŽ¯âŽ¯âŽ¯âŽ¯âŽ¯âŽ¯âŽ¯âŽ¯âŽ¯âŽ¯âŽ¯âŽ¯âŽ¯âŽ¯âŽ¯âŽ¯âŽ¯âŽ¯âŽ¯âŽ¯âŽ¯[8/108]âŽ¯[22m[39m
release	UNKNOWN STEP	2025-10-24T20:37:34.8527570Z 
release	UNKNOWN STEP	2025-10-24T20:37:34.8528755Z [41m[1m FAIL [22m[49m run_shell_command.test.ts[2m > [22mrun_shell_command[2m > [22mshould run allowed sub-command in non-interactive mode
release	UNKNOWN STEP	2025-10-24T20:37:34.8530503Z [41m[1m FAIL [22m[49m run_shell_command.test.ts[2m > [22mrun_shell_command[2m > [22mshould run allowed sub-command in non-interactive mode
release	UNKNOWN STEP	2025-10-24T20:37:34.8532412Z [41m[1m FAIL [22m[49m run_shell_command.test.ts[2m > [22mrun_shell_command[2m > [22mshould run allowed sub-command in non-interactive mode
release	UNKNOWN STEP	2025-10-24T20:37:34.8534144Z [41m[1m FAIL [22m[49m run_shell_command.test.ts[2m > [22mrun_shell_command[2m > [22mshould succeed with no parens in non-interactive mode
release	UNKNOWN STEP	2025-10-24T20:37:34.8535827Z [41m[1m FAIL [22m[49m run_shell_command.test.ts[2m > [22mrun_shell_command[2m > [22mshould succeed with no parens in non-interactive mode
release	UNKNOWN STEP	2025-10-24T20:37:34.8537492Z [41m[1m FAIL [22m[49m run_shell_command.test.ts[2m > [22mrun_shell_command[2m > [22mshould succeed with no parens in non-interactive mode
release	UNKNOWN STEP	2025-10-24T20:37:34.8539191Z [41m[1m FAIL [22m[49m run_shell_command.test.ts[2m > [22mrun_shell_command[2m > [22mshould work with ShellTool alias
release	UNKNOWN STEP	2025-10-24T20:37:34.8540647Z [41m[1m FAIL [22m[49m run_shell_command.test.ts[2m > [22mrun_shell_command[2m > [22mshould work with ShellTool alias
release	UNKNOWN STEP	2025-10-24T20:37:34.8542134Z [41m[1m FAIL [22m[49m run_shell_command.test.ts[2m > [22mrun_shell_command[2m > [22mshould work with ShellTool alias
release	UNKNOWN STEP	2025-10-24T20:37:34.8543714Z [41m[1m FAIL [22m[49m run_shell_command.test.ts[2m > [22mrun_shell_command[2m > [22mshould reject commands not on the allowlist
release	UNKNOWN STEP	2025-10-24T20:37:34.8545270Z [41m[1m FAIL [22m[49m run_shell_command.test.ts[2m > [22mrun_shell_command[2m > [22mshould reject commands not on the allowlist
release	UNKNOWN STEP	2025-10-24T20:37:34.8546782Z [41m[1m FAIL [22m[49m run_shell_command.test.ts[2m > [22mrun_shell_command[2m > [22mshould reject commands not on the allowlist
release	UNKNOWN STEP	2025-10-24T20:37:34.8625992Z [41m[1m FAIL [22m[49m run_shell_command.test.ts[2m > [22mrun_shell_command[2m > [22mshould reject chained commands when only the first segment is allowlisted in non-interactive mode
release	UNKNOWN STEP	2025-10-24T20:37:34.8628845Z [41m[1m FAIL [22m[49m run_shell_command.test.ts[2m > [22mrun_shell_command[2m > [22mshould reject chained commands when only the first segment is allowlisted in non-interactive mode
release	UNKNOWN STEP	2025-10-24T20:37:34.8631443Z [41m[1m FAIL [22m[49m run_shell_command.test.ts[2m > [22mrun_shell_command[2m > [22mshould reject chained commands when only the first segment is allowlisted in non-interactive mode
release	UNKNOWN STEP	2025-10-24T20:37:34.8633483Z [41m[1m FAIL [22m[49m run_shell_command.test.ts[2m > [22mrun_shell_command[2m > [22mshould allow all with "ShellTool" and other specific tools
release	UNKNOWN STEP	2025-10-24T20:37:34.8635262Z [41m[1m FAIL [22m[49m run_shell_command.test.ts[2m > [22mrun_shell_command[2m > [22mshould allow all with "ShellTool" and other specific tools
release	UNKNOWN STEP	2025-10-24T20:37:34.8637060Z [41m[1m FAIL [22m[49m run_shell_command.test.ts[2m > [22mrun_shell_command[2m > [22mshould allow all with "ShellTool" and other specific tools
release	UNKNOWN STEP	2025-10-24T20:37:34.8638150Z [31m[1mError[22m: Process exited with code 1:
release	UNKNOWN STEP	2025-10-24T20:37:34.8639334Z GEMINI_API_KEY not found. Find your existing key or generate a new one at: https://aistudio.google.com/apikey
release	UNKNOWN STEP	2025-10-24T20:37:34.8639933Z 
release	UNKNOWN STEP	2025-10-24T20:37:34.8640475Z To continue, please set the GEMINI_API_KEY environment variable or add it to a .env file.
release	UNKNOWN STEP	2025-10-24T20:37:34.8641166Z [39m
release	UNKNOWN STEP	2025-10-24T20:37:34.8641896Z [36m [2mâ¯[22m ChildProcess.<anonymous> test-helper.ts:[2m486:18[22m[39m
release	UNKNOWN STEP	2025-10-24T20:37:34.8642716Z     [90m484| [39m          [34mresolve[39m(result)[33m;[39m
release	UNKNOWN STEP	2025-10-24T20:37:34.8643320Z     [90m485| [39m        } [35melse[39m {
release	UNKNOWN STEP	2025-10-24T20:37:34.8644108Z     [90m486| [39m          reject(new Error(`Process exited with code ${code}:\n${stderâ€¦
release	UNKNOWN STEP	2025-10-24T20:37:34.8645131Z     [90m   | [39m                 [31m^[39m
release	UNKNOWN STEP	2025-10-24T20:37:34.8645627Z     [90m487| [39m        }
release	UNKNOWN STEP	2025-10-24T20:37:34.8646143Z     [90m488| [39m      })[33m;[39m
release	UNKNOWN STEP	2025-10-24T20:37:34.8646423Z 
release	UNKNOWN STEP	2025-10-24T20:37:34.8646826Z [31m[2mâŽ¯âŽ¯âŽ¯âŽ¯âŽ¯âŽ¯âŽ¯âŽ¯âŽ¯âŽ¯âŽ¯âŽ¯âŽ¯âŽ¯âŽ¯âŽ¯âŽ¯âŽ¯âŽ¯âŽ¯âŽ¯âŽ¯[9/108]âŽ¯[22m[39m
release	UNKNOWN STEP	2025-10-24T20:37:34.8647141Z 
release	UNKNOWN STEP	2025-10-24T20:37:34.8647931Z [41m[1m FAIL [22m[49m telemetry.test.ts[2m > [22mtelemetry[2m > [22mshould emit a metric and a log event
release	UNKNOWN STEP	2025-10-24T20:37:34.8709517Z [31m[1mError[22m: Process exited with code 1:
release	UNKNOWN STEP	2025-10-24T20:37:34.8710280Z YOLO mode is enabled. All tool calls will be automatically approved.
release	UNKNOWN STEP	2025-10-24T20:37:34.8711385Z GEMINI_API_KEY not found. Find your existing key or generate a new one at: https://aistudio.google.com/apikey
release	UNKNOWN STEP	2025-10-24T20:37:34.8712021Z 
release	UNKNOWN STEP	2025-10-24T20:37:34.8712574Z To continue, please set the GEMINI_API_KEY environment variable or add it to a .env file.
release	UNKNOWN STEP	2025-10-24T20:37:34.8713240Z [39m
release	UNKNOWN STEP	2025-10-24T20:37:34.8713993Z [36m [2mâ¯[22m ChildProcess.<anonymous> test-helper.ts:[2m486:18[22m[39m
release	UNKNOWN STEP	2025-10-24T20:37:34.8714835Z     [90m484| [39m          [34mresolve[39m(result)[33m;[39m
release	UNKNOWN STEP	2025-10-24T20:37:34.8715442Z     [90m485| [39m        } [35melse[39m {
release	UNKNOWN STEP	2025-10-24T20:37:34.8716251Z     [90m486| [39m          reject(new Error(`Process exited with code ${code}:\n${stderâ€¦
release	UNKNOWN STEP	2025-10-24T20:37:34.8716989Z     [90m   | [39m                 [31m^[39m
release	UNKNOWN STEP	2025-10-24T20:37:34.8717458Z     [90m487| [39m        }
release	UNKNOWN STEP	2025-10-24T20:37:34.8717906Z     [90m488| [39m      })[33m;[39m
release	UNKNOWN STEP	2025-10-24T20:37:34.8718169Z 
release	UNKNOWN STEP	2025-10-24T20:37:34.8718744Z [31m[2mâŽ¯âŽ¯âŽ¯âŽ¯âŽ¯âŽ¯âŽ¯âŽ¯âŽ¯âŽ¯âŽ¯âŽ¯âŽ¯âŽ¯âŽ¯âŽ¯âŽ¯âŽ¯âŽ¯âŽ¯âŽ¯[10/108]âŽ¯[22m[39m
release	UNKNOWN STEP	2025-10-24T20:37:34.8719070Z 
release	UNKNOWN STEP	2025-10-24T20:37:34.8719105Z 
release	UNKNOWN STEP	2025-10-24T20:37:34.8719986Z [2m Test Files [22m [1m[31m15 failed[39m[22m[2m | [22m[1m[32m2 passed[39m[22m[2m | [22m[33m3 skipped[39m[90m (20)[39m
release	UNKNOWN STEP	2025-10-24T20:37:34.8721275Z [2m      Tests [22m [1m[31m36 failed[39m[22m[2m | [22m[1m[32m4 passed[39m[22m[2m | [22m[33m11 skipped[39m[90m (51)[39m
release	UNKNOWN STEP	2025-10-24T20:37:34.8721977Z [2m   Start at [22m 20:31:01
release	UNKNOWN STEP	2025-10-24T20:37:34.8723079Z [2m   Duration [22m 393.67s[2m (transform 1.67s, setup 0ms, collect 4.35s, tests 939.97s, environment 4ms, prepare 1.72s)[22m
release	UNKNOWN STEP	2025-10-24T20:37:34.8723674Z 
release	UNKNOWN STEP	2025-10-24T20:37:35.0402822Z ##[error]Process completed with exit code 1.
release	UNKNOWN STEP	2025-10-24T20:37:35.0591239Z ##[group]Run gh issue create \
release	UNKNOWN STEP	2025-10-24T20:37:35.0591686Z [36;1mgh issue create \[0m
release	UNKNOWN STEP	2025-10-24T20:37:35.0592223Z [36;1m  --title "Nightly Release Failed for ${RELEASE_TAG} on $(date +'%Y-%m-%d')" \[0m
release	UNKNOWN STEP	2025-10-24T20:37:35.0593064Z [36;1m  --body "The nightly-release workflow failed. See the full run for details: ${DETAILS_URL}" \[0m
release	UNKNOWN STEP	2025-10-24T20:37:35.0593773Z [36;1m  --label 'kind/bug,release-failure,priority/p0'[0m
release	UNKNOWN STEP	2025-10-24T20:37:35.0639923Z shell: /usr/bin/bash -e {0}
release	UNKNOWN STEP	2025-10-24T20:37:35.0640288Z env:
release	UNKNOWN STEP	2025-10-24T20:37:35.0640877Z   GITHUB_TOKEN: ***
release	UNKNOWN STEP	2025-10-24T20:37:35.0641198Z   RELEASE_TAG: 
release	UNKNOWN STEP	2025-10-24T20:37:35.0641741Z   DETAILS_URL: https://github.com/hebenezer-m/gemini-cli/actions/runs/18791305384
release	UNKNOWN STEP	2025-10-24T20:37:35.0642356Z ##[endgroup]
release	UNKNOWN STEP	2025-10-24T20:37:36.2608614Z could not add label: 'kind/bug' not found
release	UNKNOWN STEP	2025-10-24T20:37:36.2706315Z ##[error]Process completed with exit code 1.
release	UNKNOWN STEP	2025-10-24T20:37:36.2855890Z Post job cleanup.
release	UNKNOWN STEP	2025-10-24T20:37:36.4934191Z [command]/usr/bin/git version
release	UNKNOWN STEP	2025-10-24T20:37:36.5040909Z git version 2.51.0
release	UNKNOWN STEP	2025-10-24T20:37:36.5162199Z Temporarily overriding HOME='/home/runner/work/_temp/02000bfd-376f-4c40-b0ec-a172b6694080' before making global git config changes
release	UNKNOWN STEP	2025-10-24T20:37:36.5171934Z Adding repository directory to the temporary git global config as a safe directory
release	UNKNOWN STEP	2025-10-24T20:37:36.5181549Z [command]/usr/bin/git config --global --add safe.directory /home/runner/work/gemini-cli/gemini-cli/release
release	UNKNOWN STEP	2025-10-24T20:37:36.5292434Z [command]/usr/bin/git config --local --name-only --get-regexp core\.sshCommand
release	UNKNOWN STEP	2025-10-24T20:37:36.5379496Z [command]/usr/bin/git submodule foreach --recursive sh -c "git config --local --name-only --get-regexp 'core\.sshCommand' && git config --local --unset-all 'core.sshCommand' || :"
release	UNKNOWN STEP	2025-10-24T20:37:36.6211071Z [command]/usr/bin/git config --local --name-only --get-regexp http\.https\:\/\/github\.com\/\.extraheader
release	UNKNOWN STEP	2025-10-24T20:37:36.6287267Z http.https://github.com/.extraheader
release	UNKNOWN STEP	2025-10-24T20:37:36.6349732Z [command]/usr/bin/git config --local --unset-all http.https://github.com/.extraheader
release	UNKNOWN STEP	2025-10-24T20:37:36.6443354Z [command]/usr/bin/git submodule foreach --recursive sh -c "git config --local --name-only --get-regexp 'http\.https\:\/\/github\.com\/\.extraheader' && git config --local --unset-all 'http.https://github.com/.extraheader' || :"
release	UNKNOWN STEP	2025-10-24T20:37:36.7545613Z Post job cleanup.
release	UNKNOWN STEP	2025-10-24T20:37:36.9216910Z [command]/usr/bin/git version
release	UNKNOWN STEP	2025-10-24T20:37:36.9300066Z git version 2.51.0
release	UNKNOWN STEP	2025-10-24T20:37:36.9346602Z Temporarily overriding HOME='/home/runner/work/_temp/48793e49-f925-4a1b-afe7-4d6b0f5d277a' before making global git config changes
release	UNKNOWN STEP	2025-10-24T20:37:36.9351108Z Adding repository directory to the temporary git global config as a safe directory
release	UNKNOWN STEP	2025-10-24T20:37:36.9355047Z [command]/usr/bin/git config --global --add safe.directory /home/runner/work/gemini-cli/gemini-cli
release	UNKNOWN STEP	2025-10-24T20:37:36.9514778Z [command]/usr/bin/git config --local --name-only --get-regexp core\.sshCommand
release	UNKNOWN STEP	2025-10-24T20:37:36.9668991Z [command]/usr/bin/git submodule foreach --recursive sh -c "git config --local --name-only --get-regexp 'core\.sshCommand' && git config --local --unset-all 'core.sshCommand' || :"
release	UNKNOWN STEP	2025-10-24T20:37:37.0011857Z [command]/usr/bin/git config --local --name-only --get-regexp http\.https\:\/\/github\.com\/\.extraheader
release	UNKNOWN STEP	2025-10-24T20:37:37.0038940Z http.https://github.com/.extraheader
release	UNKNOWN STEP	2025-10-24T20:37:37.0063659Z [command]/usr/bin/git config --local --unset-all http.https://github.com/.extraheader
release	UNKNOWN STEP	2025-10-24T20:37:37.0145357Z [command]/usr/bin/git submodule foreach --recursive sh -c "git config --local --name-only --get-regexp 'http\.https\:\/\/github\.com\/\.extraheader' && git config --local --unset-all 'http.https://github.com/.extraheader' || :"
release	UNKNOWN STEP	2025-10-24T20:37:37.1255138Z Cleaning up orphan processes
release	UNKNOWN STEP	2025-10-24T20:37:37.2836150Z Terminate orphan process: pid (14205) (node)
release	UNKNOWN STEP	2025-10-24T20:37:37.2912060Z Terminate orphan process: pid (14226) (node)
release	UNKNOWN STEP	2025-10-24T20:37:37.2985935Z Terminate orphan process: pid (14889) (node)
release	UNKNOWN STEP	2025-10-24T20:37:37.3088702Z Terminate orphan process: pid (14930) (node)
release	UNKNOWN STEP	2025-10-24T20:37:37.3147956Z Terminate orphan process: pid (15452) (node)
release	UNKNOWN STEP	2025-10-24T20:37:37.3225676Z Terminate orphan process: pid (15473) (node)
release	UNKNOWN STEP	2025-10-24T20:37:37.3417208Z Terminate orphan process: pid (15629) (node)
release	UNKNOWN STEP	2025-10-24T20:37:37.3586524Z Terminate orphan process: pid (15650) (node)
release	UNKNOWN STEP	2025-10-24T20:37:37.3740493Z Terminate orphan process: pid (15810) (node)
release	UNKNOWN STEP	2025-10-24T20:37:37.3857822Z Terminate orphan process: pid (15832) (node)
release	UNKNOWN STEP	2025-10-24T20:37:37.3972535Z Terminate orphan process: pid (16251) (node)
release	UNKNOWN STEP	2025-10-24T20:37:37.4082184Z Terminate orphan process: pid (16283) (node)
release	UNKNOWN STEP	2025-10-24T20:37:37.4121671Z Terminate orphan process: pid (16438) (node)
