release	UNKNOWN STEP	ï»¿2025-10-25T20:23:35.9061749Z Current runner version: '2.329.0'
release	UNKNOWN STEP	2025-10-25T20:23:35.9092057Z ##[group]Runner Image Provisioner
release	UNKNOWN STEP	2025-10-25T20:23:35.9093357Z Hosted Compute Agent
release	UNKNOWN STEP	2025-10-25T20:23:35.9094279Z Version: 20250912.392
release	UNKNOWN STEP	2025-10-25T20:23:35.9095172Z Commit: d921fda672a98b64f4f82364647e2f10b2267d0b
release	UNKNOWN STEP	2025-10-25T20:23:35.9096378Z Build Date: 2025-09-12T15:23:14Z
release	UNKNOWN STEP	2025-10-25T20:23:35.9097315Z ##[endgroup]
release	UNKNOWN STEP	2025-10-25T20:23:35.9098140Z ##[group]Operating System
release	UNKNOWN STEP	2025-10-25T20:23:35.9099028Z Ubuntu
release	UNKNOWN STEP	2025-10-25T20:23:35.9099796Z 24.04.3
release	UNKNOWN STEP	2025-10-25T20:23:35.9100524Z LTS
release	UNKNOWN STEP	2025-10-25T20:23:35.9101587Z ##[endgroup]
release	UNKNOWN STEP	2025-10-25T20:23:35.9102352Z ##[group]Runner Image
release	UNKNOWN STEP	2025-10-25T20:23:35.9103206Z Image: ubuntu-24.04
release	UNKNOWN STEP	2025-10-25T20:23:35.9104592Z Version: 20250929.60.1
release	UNKNOWN STEP	2025-10-25T20:23:35.9106304Z Included Software: https://github.com/actions/runner-images/blob/ubuntu24/20250929.60/images/ubuntu/Ubuntu2404-Readme.md
release	UNKNOWN STEP	2025-10-25T20:23:35.9108959Z Image Release: https://github.com/actions/runner-images/releases/tag/ubuntu24%2F20250929.60
release	UNKNOWN STEP	2025-10-25T20:23:35.9110575Z ##[endgroup]
release	UNKNOWN STEP	2025-10-25T20:23:35.9113063Z ##[group]GITHUB_TOKEN Permissions
release	UNKNOWN STEP	2025-10-25T20:23:35.9115700Z Contents: write
release	UNKNOWN STEP	2025-10-25T20:23:35.9116522Z Issues: write
release	UNKNOWN STEP	2025-10-25T20:23:35.9117449Z Metadata: read
release	UNKNOWN STEP	2025-10-25T20:23:35.9118207Z Packages: write
release	UNKNOWN STEP	2025-10-25T20:23:35.9119048Z PullRequests: write
release	UNKNOWN STEP	2025-10-25T20:23:35.9119966Z ##[endgroup]
release	UNKNOWN STEP	2025-10-25T20:23:35.9122856Z Secret source: Actions
release	UNKNOWN STEP	2025-10-25T20:23:35.9123943Z Prepare workflow directory
release	UNKNOWN STEP	2025-10-25T20:23:35.9569758Z Prepare all required actions
release	UNKNOWN STEP	2025-10-25T20:23:35.9625091Z Getting action download info
release	UNKNOWN STEP	2025-10-25T20:23:36.2322429Z Download action repository 'actions/checkout@08c6903cd8c0fde910a37f88322edcfb5dd907a8' (SHA:08c6903cd8c0fde910a37f88322edcfb5dd907a8)
release	UNKNOWN STEP	2025-10-25T20:23:36.4325205Z Download action repository 'actions/setup-node@49933ea5288caeca8642d1e84afbd3f7d6820020' (SHA:49933ea5288caeca8642d1e84afbd3f7d6820020)
release	UNKNOWN STEP	2025-10-25T20:23:36.6024821Z Complete job name: release
release	UNKNOWN STEP	2025-10-25T20:23:36.6709385Z ##[group]Run actions/checkout@08c6903cd8c0fde910a37f88322edcfb5dd907a8
release	UNKNOWN STEP	2025-10-25T20:23:36.6710400Z with:
release	UNKNOWN STEP	2025-10-25T20:23:36.6710949Z   fetch-depth: 0
release	UNKNOWN STEP	2025-10-25T20:23:36.6711375Z   repository: hebenezer-m/gemini-cli
release	UNKNOWN STEP	2025-10-25T20:23:36.6712024Z   token: ***
release	UNKNOWN STEP	2025-10-25T20:23:36.6712405Z   ssh-strict: true
release	UNKNOWN STEP	2025-10-25T20:23:36.6712792Z   ssh-user: git
release	UNKNOWN STEP	2025-10-25T20:23:36.6713187Z   persist-credentials: true
release	UNKNOWN STEP	2025-10-25T20:23:36.6713644Z   clean: true
release	UNKNOWN STEP	2025-10-25T20:23:36.6714045Z   sparse-checkout-cone-mode: true
release	UNKNOWN STEP	2025-10-25T20:23:36.6714534Z   fetch-tags: false
release	UNKNOWN STEP	2025-10-25T20:23:36.6714928Z   show-progress: true
release	UNKNOWN STEP	2025-10-25T20:23:36.6715336Z   lfs: false
release	UNKNOWN STEP	2025-10-25T20:23:36.6715712Z   submodules: false
release	UNKNOWN STEP	2025-10-25T20:23:36.6716123Z   set-safe-directory: true
release	UNKNOWN STEP	2025-10-25T20:23:36.6716818Z ##[endgroup]
release	UNKNOWN STEP	2025-10-25T20:23:36.7601089Z Syncing repository: hebenezer-m/gemini-cli
release	UNKNOWN STEP	2025-10-25T20:23:36.7602780Z ##[group]Getting Git version info
release	UNKNOWN STEP	2025-10-25T20:23:36.7603558Z Working directory is '/home/runner/work/gemini-cli/gemini-cli'
release	UNKNOWN STEP	2025-10-25T20:23:36.7604564Z [command]/usr/bin/git version
release	UNKNOWN STEP	2025-10-25T20:23:36.7662038Z git version 2.51.0
release	UNKNOWN STEP	2025-10-25T20:23:36.7714744Z ##[endgroup]
release	UNKNOWN STEP	2025-10-25T20:23:36.7727776Z Temporarily overriding HOME='/home/runner/work/_temp/fd4f4e25-67c9-4502-b88f-98be399f6792' before making global git config changes
release	UNKNOWN STEP	2025-10-25T20:23:36.7729208Z Adding repository directory to the temporary git global config as a safe directory
release	UNKNOWN STEP	2025-10-25T20:23:36.7732751Z [command]/usr/bin/git config --global --add safe.directory /home/runner/work/gemini-cli/gemini-cli
release	UNKNOWN STEP	2025-10-25T20:23:36.7768052Z Deleting the contents of '/home/runner/work/gemini-cli/gemini-cli'
release	UNKNOWN STEP	2025-10-25T20:23:36.7771527Z ##[group]Initializing the repository
release	UNKNOWN STEP	2025-10-25T20:23:36.7775958Z [command]/usr/bin/git init /home/runner/work/gemini-cli/gemini-cli
release	UNKNOWN STEP	2025-10-25T20:23:36.7877096Z hint: Using 'master' as the name for the initial branch. This default branch name
release	UNKNOWN STEP	2025-10-25T20:23:36.7878300Z hint: is subject to change. To configure the initial branch name to use in all
release	UNKNOWN STEP	2025-10-25T20:23:36.7879458Z hint: of your new repositories, which will suppress this warning, call:
release	UNKNOWN STEP	2025-10-25T20:23:36.7880312Z hint:
release	UNKNOWN STEP	2025-10-25T20:23:36.7881224Z hint: 	git config --global init.defaultBranch <name>
release	UNKNOWN STEP	2025-10-25T20:23:36.7882061Z hint:
release	UNKNOWN STEP	2025-10-25T20:23:36.7882823Z hint: Names commonly chosen instead of 'master' are 'main', 'trunk' and
release	UNKNOWN STEP	2025-10-25T20:23:36.7884060Z hint: 'development'. The just-created branch can be renamed via this command:
release	UNKNOWN STEP	2025-10-25T20:23:36.7884776Z hint:
release	UNKNOWN STEP	2025-10-25T20:23:36.7885167Z hint: 	git branch -m <name>
release	UNKNOWN STEP	2025-10-25T20:23:36.7885699Z hint:
release	UNKNOWN STEP	2025-10-25T20:23:36.7886427Z hint: Disable this message with "git config set advice.defaultBranchName false"
release	UNKNOWN STEP	2025-10-25T20:23:36.7887437Z Initialized empty Git repository in /home/runner/work/gemini-cli/gemini-cli/.git/
release	UNKNOWN STEP	2025-10-25T20:23:36.7891030Z [command]/usr/bin/git remote add origin https://github.com/hebenezer-m/gemini-cli
release	UNKNOWN STEP	2025-10-25T20:23:36.7926550Z ##[endgroup]
release	UNKNOWN STEP	2025-10-25T20:23:36.7927264Z ##[group]Disabling automatic garbage collection
release	UNKNOWN STEP	2025-10-25T20:23:36.7930145Z [command]/usr/bin/git config --local gc.auto 0
release	UNKNOWN STEP	2025-10-25T20:23:36.7956811Z ##[endgroup]
release	UNKNOWN STEP	2025-10-25T20:23:36.7957478Z ##[group]Setting up auth
release	UNKNOWN STEP	2025-10-25T20:23:36.7963379Z [command]/usr/bin/git config --local --name-only --get-regexp core\.sshCommand
release	UNKNOWN STEP	2025-10-25T20:23:36.7993057Z [command]/usr/bin/git submodule foreach --recursive sh -c "git config --local --name-only --get-regexp 'core\.sshCommand' && git config --local --unset-all 'core.sshCommand' || :"
release	UNKNOWN STEP	2025-10-25T20:23:36.8309579Z [command]/usr/bin/git config --local --name-only --get-regexp http\.https\:\/\/github\.com\/\.extraheader
release	UNKNOWN STEP	2025-10-25T20:23:36.8338977Z [command]/usr/bin/git submodule foreach --recursive sh -c "git config --local --name-only --get-regexp 'http\.https\:\/\/github\.com\/\.extraheader' && git config --local --unset-all 'http.https://github.com/.extraheader' || :"
release	UNKNOWN STEP	2025-10-25T20:23:36.8553824Z [command]/usr/bin/git config --local http.https://github.com/.extraheader AUTHORIZATION: basic ***
release	UNKNOWN STEP	2025-10-25T20:23:36.8587621Z ##[endgroup]
release	UNKNOWN STEP	2025-10-25T20:23:36.8588858Z ##[group]Fetching the repository
release	UNKNOWN STEP	2025-10-25T20:23:36.8597248Z [command]/usr/bin/git -c protocol.version=2 fetch --prune --no-recurse-submodules origin +refs/heads/*:refs/remotes/origin/* +refs/tags/*:refs/tags/*
release	UNKNOWN STEP	2025-10-25T20:23:38.2489246Z From https://github.com/hebenezer-m/gemini-cli
release	UNKNOWN STEP	2025-10-25T20:23:38.2490829Z  * [new branch]        It's-OK                -> origin/It's-OK
release	UNKNOWN STEP	2025-10-25T20:23:38.2491851Z  * [new branch]        backup-minhas-modificacoes -> origin/backup-minhas-modificacoes
release	UNKNOWN STEP	2025-10-25T20:23:38.2492972Z  * [new branch]        copilot/fix-github-mcp-pat-issue -> origin/copilot/fix-github-mcp-pat-issue
release	UNKNOWN STEP	2025-10-25T20:23:38.2494064Z  * [new branch]        fix/docker-build-issue -> origin/fix/docker-build-issue
release	UNKNOWN STEP	2025-10-25T20:23:38.2494957Z  * [new branch]        local-ci-enhancements  -> origin/local-ci-enhancements
release	UNKNOWN STEP	2025-10-25T20:23:38.2497440Z  * [new branch]        main                   -> origin/main
release	UNKNOWN STEP	2025-10-25T20:23:38.2544053Z [command]/usr/bin/git branch --list --remote origin/main
release	UNKNOWN STEP	2025-10-25T20:23:38.2567999Z   origin/main
release	UNKNOWN STEP	2025-10-25T20:23:38.2577548Z [command]/usr/bin/git rev-parse refs/remotes/origin/main
release	UNKNOWN STEP	2025-10-25T20:23:38.2602634Z ce26b58f09c2e30daad408cd2f8bac30a5ae298a
release	UNKNOWN STEP	2025-10-25T20:23:38.2606056Z ##[endgroup]
release	UNKNOWN STEP	2025-10-25T20:23:38.2607616Z ##[group]Determining the checkout info
release	UNKNOWN STEP	2025-10-25T20:23:38.2609051Z ##[endgroup]
release	UNKNOWN STEP	2025-10-25T20:23:38.2613124Z [command]/usr/bin/git sparse-checkout disable
release	UNKNOWN STEP	2025-10-25T20:23:38.2652742Z [command]/usr/bin/git config --local --unset-all extensions.worktreeConfig
release	UNKNOWN STEP	2025-10-25T20:23:38.2680513Z ##[group]Checking out the ref
release	UNKNOWN STEP	2025-10-25T20:23:38.2685096Z [command]/usr/bin/git checkout --progress --force -B main refs/remotes/origin/main
release	UNKNOWN STEP	2025-10-25T20:23:38.3659897Z Switched to a new branch 'main'
release	UNKNOWN STEP	2025-10-25T20:23:38.3662349Z branch 'main' set up to track 'origin/main'.
release	UNKNOWN STEP	2025-10-25T20:23:38.3675797Z ##[endgroup]
release	UNKNOWN STEP	2025-10-25T20:23:38.3716253Z [command]/usr/bin/git log -1 --format=%H
release	UNKNOWN STEP	2025-10-25T20:23:38.3744833Z ce26b58f09c2e30daad408cd2f8bac30a5ae298a
release	UNKNOWN STEP	2025-10-25T20:23:38.4036674Z ##[group]Run actions/checkout@08c6903cd8c0fde910a37f88322edcfb5dd907a8
release	UNKNOWN STEP	2025-10-25T20:23:38.4038113Z with:
release	UNKNOWN STEP	2025-10-25T20:23:38.4038924Z   path: release
release	UNKNOWN STEP	2025-10-25T20:23:38.4039788Z   fetch-depth: 0
release	UNKNOWN STEP	2025-10-25T20:23:38.4040848Z   repository: hebenezer-m/gemini-cli
release	UNKNOWN STEP	2025-10-25T20:23:38.4042176Z   token: ***
release	UNKNOWN STEP	2025-10-25T20:23:38.4043034Z   ssh-strict: true
release	UNKNOWN STEP	2025-10-25T20:23:38.4043922Z   ssh-user: git
release	UNKNOWN STEP	2025-10-25T20:23:38.4044833Z   persist-credentials: true
release	UNKNOWN STEP	2025-10-25T20:23:38.4045833Z   clean: true
release	UNKNOWN STEP	2025-10-25T20:23:38.4046752Z   sparse-checkout-cone-mode: true
release	UNKNOWN STEP	2025-10-25T20:23:38.4047819Z   fetch-tags: false
release	UNKNOWN STEP	2025-10-25T20:23:38.4048710Z   show-progress: true
release	UNKNOWN STEP	2025-10-25T20:23:38.4049609Z   lfs: false
release	UNKNOWN STEP	2025-10-25T20:23:38.4050428Z   submodules: false
release	UNKNOWN STEP	2025-10-25T20:23:38.4051638Z   set-safe-directory: true
release	UNKNOWN STEP	2025-10-25T20:23:38.4052600Z ##[endgroup]
release	UNKNOWN STEP	2025-10-25T20:23:38.4820008Z Syncing repository: hebenezer-m/gemini-cli
release	UNKNOWN STEP	2025-10-25T20:23:38.4826347Z ##[group]Getting Git version info
release	UNKNOWN STEP	2025-10-25T20:23:38.4827912Z Working directory is '/home/runner/work/gemini-cli/gemini-cli/release'
release	UNKNOWN STEP	2025-10-25T20:23:38.4860160Z [command]/usr/bin/git version
release	UNKNOWN STEP	2025-10-25T20:23:38.4894645Z git version 2.51.0
release	UNKNOWN STEP	2025-10-25T20:23:38.4915458Z ##[endgroup]
release	UNKNOWN STEP	2025-10-25T20:23:38.4928287Z Temporarily overriding HOME='/home/runner/work/_temp/0c52c926-2c12-4ea6-b5cd-6005df233489' before making global git config changes
release	UNKNOWN STEP	2025-10-25T20:23:38.4931476Z Adding repository directory to the temporary git global config as a safe directory
release	UNKNOWN STEP	2025-10-25T20:23:38.4934766Z [command]/usr/bin/git config --global --add safe.directory /home/runner/work/gemini-cli/gemini-cli/release
release	UNKNOWN STEP	2025-10-25T20:23:38.4962747Z ##[group]Initializing the repository
release	UNKNOWN STEP	2025-10-25T20:23:38.4967203Z [command]/usr/bin/git init /home/runner/work/gemini-cli/gemini-cli/release
release	UNKNOWN STEP	2025-10-25T20:23:38.5006150Z hint: Using 'master' as the name for the initial branch. This default branch name
release	UNKNOWN STEP	2025-10-25T20:23:38.5008701Z hint: is subject to change. To configure the initial branch name to use in all
release	UNKNOWN STEP	2025-10-25T20:23:38.5011748Z hint: of your new repositories, which will suppress this warning, call:
release	UNKNOWN STEP	2025-10-25T20:23:38.5013823Z hint:
release	UNKNOWN STEP	2025-10-25T20:23:38.5014961Z hint: 	git config --global init.defaultBranch <name>
release	UNKNOWN STEP	2025-10-25T20:23:38.5016102Z hint:
release	UNKNOWN STEP	2025-10-25T20:23:38.5017849Z hint: Names commonly chosen instead of 'master' are 'main', 'trunk' and
release	UNKNOWN STEP	2025-10-25T20:23:38.5020878Z hint: 'development'. The just-created branch can be renamed via this command:
release	UNKNOWN STEP	2025-10-25T20:23:38.5022291Z hint:
release	UNKNOWN STEP	2025-10-25T20:23:38.5023066Z hint: 	git branch -m <name>
release	UNKNOWN STEP	2025-10-25T20:23:38.5023992Z hint:
release	UNKNOWN STEP	2025-10-25T20:23:38.5025172Z hint: Disable this message with "git config set advice.defaultBranchName false"
release	UNKNOWN STEP	2025-10-25T20:23:38.5027173Z Initialized empty Git repository in /home/runner/work/gemini-cli/gemini-cli/release/.git/
release	UNKNOWN STEP	2025-10-25T20:23:38.5030348Z [command]/usr/bin/git remote add origin https://github.com/hebenezer-m/gemini-cli
release	UNKNOWN STEP	2025-10-25T20:23:38.5082736Z ##[endgroup]
release	UNKNOWN STEP	2025-10-25T20:23:38.5085626Z ##[group]Disabling automatic garbage collection
release	UNKNOWN STEP	2025-10-25T20:23:38.5087521Z [command]/usr/bin/git config --local gc.auto 0
release	UNKNOWN STEP	2025-10-25T20:23:38.5112324Z ##[endgroup]
release	UNKNOWN STEP	2025-10-25T20:23:38.5113674Z ##[group]Setting up auth
release	UNKNOWN STEP	2025-10-25T20:23:38.5117522Z [command]/usr/bin/git config --local --name-only --get-regexp core\.sshCommand
release	UNKNOWN STEP	2025-10-25T20:23:38.5148805Z [command]/usr/bin/git submodule foreach --recursive sh -c "git config --local --name-only --get-regexp 'core\.sshCommand' && git config --local --unset-all 'core.sshCommand' || :"
release	UNKNOWN STEP	2025-10-25T20:23:38.5364984Z [command]/usr/bin/git config --local --name-only --get-regexp http\.https\:\/\/github\.com\/\.extraheader
release	UNKNOWN STEP	2025-10-25T20:23:38.5395291Z [command]/usr/bin/git submodule foreach --recursive sh -c "git config --local --name-only --get-regexp 'http\.https\:\/\/github\.com\/\.extraheader' && git config --local --unset-all 'http.https://github.com/.extraheader' || :"
release	UNKNOWN STEP	2025-10-25T20:23:38.5609884Z [command]/usr/bin/git config --local http.https://github.com/.extraheader AUTHORIZATION: basic ***
release	UNKNOWN STEP	2025-10-25T20:23:38.5641912Z ##[endgroup]
release	UNKNOWN STEP	2025-10-25T20:23:38.5643395Z ##[group]Fetching the repository
release	UNKNOWN STEP	2025-10-25T20:23:38.5651155Z [command]/usr/bin/git -c protocol.version=2 fetch --prune --no-recurse-submodules origin +refs/heads/*:refs/remotes/origin/* +refs/tags/*:refs/tags/*
release	UNKNOWN STEP	2025-10-25T20:23:39.9435865Z From https://github.com/hebenezer-m/gemini-cli
release	UNKNOWN STEP	2025-10-25T20:23:39.9436919Z  * [new branch]        It's-OK                -> origin/It's-OK
release	UNKNOWN STEP	2025-10-25T20:23:39.9437857Z  * [new branch]        backup-minhas-modificacoes -> origin/backup-minhas-modificacoes
release	UNKNOWN STEP	2025-10-25T20:23:39.9439037Z  * [new branch]        copilot/fix-github-mcp-pat-issue -> origin/copilot/fix-github-mcp-pat-issue
release	UNKNOWN STEP	2025-10-25T20:23:39.9440143Z  * [new branch]        fix/docker-build-issue -> origin/fix/docker-build-issue
release	UNKNOWN STEP	2025-10-25T20:23:39.9441337Z  * [new branch]        local-ci-enhancements  -> origin/local-ci-enhancements
release	UNKNOWN STEP	2025-10-25T20:23:39.9442127Z  * [new branch]        main                   -> origin/main
release	UNKNOWN STEP	2025-10-25T20:23:39.9483560Z [command]/usr/bin/git branch --list --remote origin/main
release	UNKNOWN STEP	2025-10-25T20:23:39.9506674Z   origin/main
release	UNKNOWN STEP	2025-10-25T20:23:39.9515786Z [command]/usr/bin/git rev-parse refs/remotes/origin/main
release	UNKNOWN STEP	2025-10-25T20:23:39.9536822Z ce26b58f09c2e30daad408cd2f8bac30a5ae298a
release	UNKNOWN STEP	2025-10-25T20:23:39.9543649Z ##[endgroup]
release	UNKNOWN STEP	2025-10-25T20:23:39.9544253Z ##[group]Determining the checkout info
release	UNKNOWN STEP	2025-10-25T20:23:39.9544877Z ##[endgroup]
release	UNKNOWN STEP	2025-10-25T20:23:39.9548824Z [command]/usr/bin/git sparse-checkout disable
release	UNKNOWN STEP	2025-10-25T20:23:39.9585978Z [command]/usr/bin/git config --local --unset-all extensions.worktreeConfig
release	UNKNOWN STEP	2025-10-25T20:23:39.9614266Z ##[group]Checking out the ref
release	UNKNOWN STEP	2025-10-25T20:23:39.9618748Z [command]/usr/bin/git checkout --progress --force -B main refs/remotes/origin/main
release	UNKNOWN STEP	2025-10-25T20:23:40.0591810Z Switched to a new branch 'main'
release	UNKNOWN STEP	2025-10-25T20:23:40.0594401Z branch 'main' set up to track 'origin/main'.
release	UNKNOWN STEP	2025-10-25T20:23:40.0609475Z ##[endgroup]
release	UNKNOWN STEP	2025-10-25T20:23:40.0655415Z [command]/usr/bin/git log -1 --format=%H
release	UNKNOWN STEP	2025-10-25T20:23:40.0686832Z ce26b58f09c2e30daad408cd2f8bac30a5ae298a
release	UNKNOWN STEP	2025-10-25T20:23:40.0922166Z ##[group]Run actions/setup-node@49933ea5288caeca8642d1e84afbd3f7d6820020
release	UNKNOWN STEP	2025-10-25T20:23:40.0922540Z with:
release	UNKNOWN STEP	2025-10-25T20:23:40.0922743Z   node-version-file: ./release/.nvmrc
release	UNKNOWN STEP	2025-10-25T20:23:40.0922980Z   cache: npm
release	UNKNOWN STEP	2025-10-25T20:23:40.0923153Z   always-auth: false
release	UNKNOWN STEP	2025-10-25T20:23:40.0923335Z   check-latest: false
release	UNKNOWN STEP	2025-10-25T20:23:40.0923659Z   token: ***
release	UNKNOWN STEP	2025-10-25T20:23:40.0923854Z ##[endgroup]
release	UNKNOWN STEP	2025-10-25T20:23:40.2591014Z Resolved ./release/.nvmrc as 20
release	UNKNOWN STEP	2025-10-25T20:23:40.2663170Z Found in cache @ /opt/hostedtoolcache/node/20.19.5/x64
release	UNKNOWN STEP	2025-10-25T20:23:40.2669703Z ##[group]Environment details
release	UNKNOWN STEP	2025-10-25T20:23:40.7810399Z node: v20.19.5
release	UNKNOWN STEP	2025-10-25T20:23:40.7810935Z npm: 10.8.2
release	UNKNOWN STEP	2025-10-25T20:23:40.7811205Z yarn: 1.22.22
release	UNKNOWN STEP	2025-10-25T20:23:40.7812181Z ##[endgroup]
release	UNKNOWN STEP	2025-10-25T20:23:40.7836652Z [command]/opt/hostedtoolcache/node/20.19.5/x64/bin/npm config get cache
release	UNKNOWN STEP	2025-10-25T20:23:40.8942583Z /home/runner/.npm
release	UNKNOWN STEP	2025-10-25T20:23:41.0058264Z npm cache is not found
release	UNKNOWN STEP	2025-10-25T20:23:41.0171772Z ##[group]Run npm ci
release	UNKNOWN STEP	2025-10-25T20:23:41.0172060Z [36;1mnpm ci[0m
release	UNKNOWN STEP	2025-10-25T20:23:41.0214904Z shell: /usr/bin/bash -e {0}
release	UNKNOWN STEP	2025-10-25T20:23:41.0215142Z ##[endgroup]
release	UNKNOWN STEP	2025-10-25T20:24:04.1345556Z 
release	UNKNOWN STEP	2025-10-25T20:24:04.1354479Z > @google/gemini-cli@0.12.0-nightly.20251022.0542de95 prepare
release	UNKNOWN STEP	2025-10-25T20:24:04.1355188Z > husky && npm run bundle
release	UNKNOWN STEP	2025-10-25T20:24:04.1355444Z 
release	UNKNOWN STEP	2025-10-25T20:24:04.3015287Z 
release	UNKNOWN STEP	2025-10-25T20:24:04.3016165Z > @google/gemini-cli@0.12.0-nightly.20251022.0542de95 bundle
release	UNKNOWN STEP	2025-10-25T20:24:04.3017252Z > npm run generate && node esbuild.config.js && node scripts/copy_bundle_assets.js
release	UNKNOWN STEP	2025-10-25T20:24:04.3017803Z 
release	UNKNOWN STEP	2025-10-25T20:24:04.4328339Z 
release	UNKNOWN STEP	2025-10-25T20:24:04.4329135Z > @google/gemini-cli@0.12.0-nightly.20251022.0542de95 generate
release	UNKNOWN STEP	2025-10-25T20:24:04.4329721Z > node scripts/generate-git-commit-info.js
release	UNKNOWN STEP	2025-10-25T20:24:04.4329966Z 
release	UNKNOWN STEP	2025-10-25T20:24:06.5490234Z Assets copied to bundle/
release	UNKNOWN STEP	2025-10-25T20:24:06.5746229Z 
release	UNKNOWN STEP	2025-10-25T20:24:06.5747071Z added 1303 packages, and audited 1309 packages in 25s
release	UNKNOWN STEP	2025-10-25T20:24:06.5747343Z 
release	UNKNOWN STEP	2025-10-25T20:24:06.5747510Z 334 packages are looking for funding
release	UNKNOWN STEP	2025-10-25T20:24:06.5747818Z   run `npm fund` for details
release	UNKNOWN STEP	2025-10-25T20:24:06.5818074Z 
release	UNKNOWN STEP	2025-10-25T20:24:06.5818537Z 1 moderate severity vulnerability
release	UNKNOWN STEP	2025-10-25T20:24:06.5818840Z 
release	UNKNOWN STEP	2025-10-25T20:24:06.5819049Z To address all issues, run:
release	UNKNOWN STEP	2025-10-25T20:24:06.5819483Z   npm audit fix
release	UNKNOWN STEP	2025-10-25T20:24:06.5819689Z 
release	UNKNOWN STEP	2025-10-25T20:24:06.5819887Z Run `npm audit` for details.
release	UNKNOWN STEP	2025-10-25T20:24:06.6237098Z ##[group]Run echo "$JSON_INPUTS"
release	UNKNOWN STEP	2025-10-25T20:24:06.6237376Z [36;1mecho "$JSON_INPUTS"[0m
release	UNKNOWN STEP	2025-10-25T20:24:06.6271823Z shell: /usr/bin/bash --noprofile --norc -e -o pipefail {0}
release	UNKNOWN STEP	2025-10-25T20:24:06.6272137Z env:
release	UNKNOWN STEP	2025-10-25T20:24:06.6272301Z   JSON_INPUTS: null
release	UNKNOWN STEP	2025-10-25T20:24:06.6272485Z ##[endgroup]
release	UNKNOWN STEP	2025-10-25T20:24:06.6324999Z null
release	UNKNOWN STEP	2025-10-25T20:24:06.6423750Z Prepare all required actions
release	UNKNOWN STEP	2025-10-25T20:24:06.6455454Z ##[group]Run ./.github/actions/calculate-vars
release	UNKNOWN STEP	2025-10-25T20:24:06.6455703Z with:
release	UNKNOWN STEP	2025-10-25T20:24:06.6455863Z ##[endgroup]
release	UNKNOWN STEP	2025-10-25T20:24:06.6529795Z ##[group]Run echo "$JSON_INPUTS"
release	UNKNOWN STEP	2025-10-25T20:24:06.6530030Z [36;1mecho "$JSON_INPUTS"[0m
release	UNKNOWN STEP	2025-10-25T20:24:06.6559607Z shell: /usr/bin/bash --noprofile --norc -e -o pipefail {0}
release	UNKNOWN STEP	2025-10-25T20:24:06.6559902Z env:
release	UNKNOWN STEP	2025-10-25T20:24:06.6560071Z   JSON_INPUTS: {
release	UNKNOWN STEP	  "dry_run": ""
release	UNKNOWN STEP	}
release	UNKNOWN STEP	2025-10-25T20:24:06.6560297Z ##[endgroup]
release	UNKNOWN STEP	2025-10-25T20:24:06.6610056Z {
release	UNKNOWN STEP	2025-10-25T20:24:06.6610852Z   "dry_run": ""
release	UNKNOWN STEP	2025-10-25T20:24:06.6612640Z }
release	UNKNOWN STEP	2025-10-25T20:24:06.6633578Z ##[group]Run is_dry_run="true"
release	UNKNOWN STEP	2025-10-25T20:24:06.6633807Z [36;1mis_dry_run="true"[0m
release	UNKNOWN STEP	2025-10-25T20:24:06.6634110Z [36;1mif [[ "${DRY_RUN_INPUT}" == "" || "${DRY_RUN_INPUT}" == "false" ]]; then[0m
release	UNKNOWN STEP	2025-10-25T20:24:06.6634431Z [36;1m  is_dry_run="false"[0m
release	UNKNOWN STEP	2025-10-25T20:24:06.6634635Z [36;1mfi[0m
release	UNKNOWN STEP	2025-10-25T20:24:06.6634891Z [36;1mecho "is_dry_run=${is_dry_run}" >> "${GITHUB_OUTPUT}"[0m
release	UNKNOWN STEP	2025-10-25T20:24:06.6664381Z shell: /usr/bin/bash --noprofile --norc -e -o pipefail {0}
release	UNKNOWN STEP	2025-10-25T20:24:06.6664673Z env:
release	UNKNOWN STEP	2025-10-25T20:24:06.6664834Z   DRY_RUN_INPUT: 
release	UNKNOWN STEP	2025-10-25T20:24:06.6665008Z ##[endgroup]
release	UNKNOWN STEP	2025-10-25T20:24:06.6773310Z ##[group]Run echo "$JSON_VARS"
release	UNKNOWN STEP	2025-10-25T20:24:06.6773561Z [36;1mecho "$JSON_VARS"[0m
release	UNKNOWN STEP	2025-10-25T20:24:06.6803833Z shell: /usr/bin/bash --noprofile --norc -e -o pipefail {0}
release	UNKNOWN STEP	2025-10-25T20:24:06.6804125Z env:
release	UNKNOWN STEP	2025-10-25T20:24:06.6804296Z   JSON_VARS: {
release	UNKNOWN STEP	  "is_dry_run": "false"
release	UNKNOWN STEP	}
release	UNKNOWN STEP	2025-10-25T20:24:06.6804527Z ##[endgroup]
release	UNKNOWN STEP	2025-10-25T20:24:06.6853666Z {
release	UNKNOWN STEP	2025-10-25T20:24:06.6853957Z   "is_dry_run": "false"
release	UNKNOWN STEP	2025-10-25T20:24:06.6854176Z }
release	UNKNOWN STEP	2025-10-25T20:24:06.6884542Z Prepare all required actions
release	UNKNOWN STEP	2025-10-25T20:24:06.6910551Z ##[group]Run ./.github/actions/run-tests
release	UNKNOWN STEP	2025-10-25T20:24:06.6911022Z with:
release	UNKNOWN STEP	2025-10-25T20:24:06.6911204Z   working-directory: ./release
release	UNKNOWN STEP	2025-10-25T20:24:06.6911410Z ##[endgroup]
release	UNKNOWN STEP	2025-10-25T20:24:06.6924295Z ##[group]Run echo "$JSON_INPUTS"
release	UNKNOWN STEP	2025-10-25T20:24:06.6924532Z [36;1mecho "$JSON_INPUTS"[0m
release	UNKNOWN STEP	2025-10-25T20:24:06.6954752Z shell: /usr/bin/bash --noprofile --norc -e -o pipefail {0}
release	UNKNOWN STEP	2025-10-25T20:24:06.6955051Z env:
release	UNKNOWN STEP	2025-10-25T20:24:06.6955310Z   JSON_INPUTS: {
release	UNKNOWN STEP	  "gemini_api_key": "",
release	UNKNOWN STEP	  "working-directory": "./release"
release	UNKNOWN STEP	}
release	UNKNOWN STEP	2025-10-25T20:24:06.6955626Z ##[endgroup]
release	UNKNOWN STEP	2025-10-25T20:24:06.7003739Z {
release	UNKNOWN STEP	2025-10-25T20:24:06.7004064Z   "gemini_api_key": "",
release	UNKNOWN STEP	2025-10-25T20:24:06.7004338Z   "working-directory": "./release"
release	UNKNOWN STEP	2025-10-25T20:24:06.7004563Z }
release	UNKNOWN STEP	2025-10-25T20:24:06.7020958Z ##[group]Run echo "::group::Build"
release	UNKNOWN STEP	2025-10-25T20:24:06.7021217Z [36;1mecho "::group::Build"[0m
release	UNKNOWN STEP	2025-10-25T20:24:06.7021426Z [36;1mnpm run build[0m
release	UNKNOWN STEP	2025-10-25T20:24:06.7021676Z [36;1mecho "::endgroup::"[0m
release	UNKNOWN STEP	2025-10-25T20:24:06.7021896Z [36;1mecho "::group::Unit Tests"[0m
release	UNKNOWN STEP	2025-10-25T20:24:06.7022134Z [36;1mnpm run test:ci[0m
release	UNKNOWN STEP	2025-10-25T20:24:06.7022334Z [36;1mecho "::endgroup::"[0m
release	UNKNOWN STEP	2025-10-25T20:24:06.7022583Z [36;1mecho "::group::Integration Tests (no sandbox)"[0m
release	UNKNOWN STEP	2025-10-25T20:24:06.7023050Z [36;1mnpm run test:integration:sandbox:none[0m
release	UNKNOWN STEP	2025-10-25T20:24:06.7023310Z [36;1mecho "::endgroup::"[0m
release	UNKNOWN STEP	2025-10-25T20:24:06.7023565Z [36;1mecho "::group::Integration Tests (docker sandbox)"[0m
release	UNKNOWN STEP	2025-10-25T20:24:06.7023876Z [36;1mnpm run test:integration:sandbox:docker[0m
release	UNKNOWN STEP	2025-10-25T20:24:06.7024135Z [36;1mecho "::endgroup::"[0m
release	UNKNOWN STEP	2025-10-25T20:24:06.7054484Z shell: /usr/bin/bash --noprofile --norc -e -o pipefail {0}
release	UNKNOWN STEP	2025-10-25T20:24:06.7054775Z env:
release	UNKNOWN STEP	2025-10-25T20:24:06.7054934Z   GEMINI_API_KEY: 
release	UNKNOWN STEP	2025-10-25T20:24:06.7055102Z ##[endgroup]
release	UNKNOWN STEP	2025-10-25T20:24:06.7103295Z ##[group]Build
release	UNKNOWN STEP	2025-10-25T20:24:06.8371433Z 
release	UNKNOWN STEP	2025-10-25T20:24:06.8372522Z > @google/gemini-cli@0.12.0-nightly.20251022.0542de95 build
release	UNKNOWN STEP	2025-10-25T20:24:06.8404738Z > node scripts/build.js
release	UNKNOWN STEP	2025-10-25T20:24:06.8405035Z 
release	UNKNOWN STEP	2025-10-25T20:24:07.0070417Z 
release	UNKNOWN STEP	2025-10-25T20:24:07.0071175Z > @google/gemini-cli@0.12.0-nightly.20251022.0542de95 generate
release	UNKNOWN STEP	2025-10-25T20:24:07.0071626Z > node scripts/generate-git-commit-info.js
release	UNKNOWN STEP	2025-10-25T20:24:07.0071850Z 
release	UNKNOWN STEP	2025-10-25T20:24:07.2367823Z 
release	UNKNOWN STEP	2025-10-25T20:24:07.2368710Z > @google/gemini-cli-a2a-server@0.12.0-nightly.20251022.0542de95 build
release	UNKNOWN STEP	2025-10-25T20:24:07.2369549Z > node ../../scripts/build_package.js
release	UNKNOWN STEP	2025-10-25T20:24:07.2369882Z 
release	UNKNOWN STEP	2025-10-25T20:24:13.1826950Z Successfully copied files.
release	UNKNOWN STEP	2025-10-25T20:24:13.1899511Z 
release	UNKNOWN STEP	2025-10-25T20:24:13.1900116Z > @google/gemini-cli@0.12.0-nightly.20251022.0542de95 build
release	UNKNOWN STEP	2025-10-25T20:24:13.1902362Z > node ../../scripts/build_package.js
release	UNKNOWN STEP	2025-10-25T20:24:13.1902661Z 
release	UNKNOWN STEP	2025-10-25T20:24:33.4793986Z Successfully copied files.
release	UNKNOWN STEP	2025-10-25T20:24:33.4867909Z 
release	UNKNOWN STEP	2025-10-25T20:24:33.4868599Z > @google/gemini-cli-core@0.12.0-nightly.20251022.0542de95 build
release	UNKNOWN STEP	2025-10-25T20:24:33.4869046Z > node ../../scripts/build_package.js
release	UNKNOWN STEP	2025-10-25T20:24:33.4869230Z 
release	UNKNOWN STEP	2025-10-25T20:24:33.7957780Z Successfully copied files.
release	UNKNOWN STEP	2025-10-25T20:24:33.8029184Z 
release	UNKNOWN STEP	2025-10-25T20:24:33.8029625Z > @google/gemini-cli-test-utils@0.12.0-nightly.20251022.0542de95 build
release	UNKNOWN STEP	2025-10-25T20:24:33.8030086Z > node ../../scripts/build_package.js
release	UNKNOWN STEP	2025-10-25T20:24:33.8030304Z 
release	UNKNOWN STEP	2025-10-25T20:24:35.0286231Z Successfully copied files.
release	UNKNOWN STEP	2025-10-25T20:24:35.0356665Z 
release	UNKNOWN STEP	2025-10-25T20:24:35.0357081Z > gemini-cli-vscode-ide-companion@0.12.0-nightly.20251022.0542de95 build
release	UNKNOWN STEP	2025-10-25T20:24:35.0357493Z > npm run build:dev
release	UNKNOWN STEP	2025-10-25T20:24:35.0357618Z 
release	UNKNOWN STEP	2025-10-25T20:24:35.1673535Z 
release	UNKNOWN STEP	2025-10-25T20:24:35.1674355Z > gemini-cli-vscode-ide-companion@0.12.0-nightly.20251022.0542de95 build:dev
release	UNKNOWN STEP	2025-10-25T20:24:35.1675377Z > npm run check-types && npm run lint && node esbuild.js
release	UNKNOWN STEP	2025-10-25T20:24:35.1675857Z 
release	UNKNOWN STEP	2025-10-25T20:24:35.3044036Z 
release	UNKNOWN STEP	2025-10-25T20:24:35.3045209Z > gemini-cli-vscode-ide-companion@0.12.0-nightly.20251022.0542de95 check-types
release	UNKNOWN STEP	2025-10-25T20:24:35.3045771Z > tsc --noEmit
release	UNKNOWN STEP	2025-10-25T20:24:35.3045924Z 
release	UNKNOWN STEP	2025-10-25T20:24:38.1722426Z 
release	UNKNOWN STEP	2025-10-25T20:24:38.1723335Z > gemini-cli-vscode-ide-companion@0.12.0-nightly.20251022.0542de95 lint
release	UNKNOWN STEP	2025-10-25T20:24:38.1724054Z > eslint src
release	UNKNOWN STEP	2025-10-25T20:24:38.1724255Z 
release	UNKNOWN STEP	2025-10-25T20:24:39.4394017Z [watch] build started
release	UNKNOWN STEP	2025-10-25T20:24:39.5547707Z [watch] build finished
release	UNKNOWN STEP	2025-10-25T20:24:40.6018063Z ##[endgroup]
release	UNKNOWN STEP	2025-10-25T20:24:40.6018623Z ##[group]Unit Tests
release	UNKNOWN STEP	2025-10-25T20:24:40.7246251Z 
release	UNKNOWN STEP	2025-10-25T20:24:40.7246892Z > @google/gemini-cli@0.12.0-nightly.20251022.0542de95 test:ci
release	UNKNOWN STEP	2025-10-25T20:24:40.7247568Z > npm run test:ci --workspaces --if-present --parallel && npm run test:scripts
release	UNKNOWN STEP	2025-10-25T20:24:40.7247941Z 
release	UNKNOWN STEP	2025-10-25T20:24:40.8583477Z 
release	UNKNOWN STEP	2025-10-25T20:24:40.8584313Z > @google/gemini-cli-a2a-server@0.12.0-nightly.20251022.0542de95 test:ci
release	UNKNOWN STEP	2025-10-25T20:24:40.8584804Z > vitest run --coverage
release	UNKNOWN STEP	2025-10-25T20:24:40.8584971Z 
release	UNKNOWN STEP	2025-10-25T20:24:41.2736253Z 
release	UNKNOWN STEP	2025-10-25T20:24:41.2739127Z [1m[46m RUN [49m[22m [36mv3.2.4 [39m[90m/home/runner/work/gemini-cli/gemini-cli/release/packages/a2a-server[39m
release	UNKNOWN STEP	2025-10-25T20:24:41.2740452Z       [2mCoverage enabled with [22m[33mv8[39m
release	UNKNOWN STEP	2025-10-25T20:24:41.2741044Z 
release	UNKNOWN STEP	2025-10-25T20:24:42.6559954Z  [32mâœ“[39m src/persistence/gcs.test.ts [2m([22m[2m12 tests[22m[2m)[22m[32m 48[2mms[22m[39m
release	UNKNOWN STEP	2025-10-25T20:24:45.2605352Z  [32mâœ“[39m src/http/endpoints.test.ts [2m([22m[2m5 tests[22m[2m)[22m[32m 67[2mms[22m[39m
release	UNKNOWN STEP	2025-10-25T20:24:45.4821196Z  [32mâœ“[39m src/agent/task.test.ts [2m([22m[2m2 tests[22m[2m)[22m[32m 21[2mms[22m[39m
release	UNKNOWN STEP	2025-10-25T20:24:45.6227870Z  [32mâœ“[39m src/http/app.test.ts [2m([22m[2m10 tests[22m[2m)[22m[32m 138[2mms[22m[39m
release	UNKNOWN STEP	2025-10-25T20:24:46.1230583Z  [32mâœ“[39m src/commands/command-registry.test.ts [2m([22m[2m3 tests[22m[2m)[22m[32m 11[2mms[22m[39m
release	UNKNOWN STEP	2025-10-25T20:24:47.4407222Z  [32mâœ“[39m src/commands/list-extensions.test.ts [2m([22m[2m2 tests[22m[2m)[22m[32m 5[2mms[22m[39m
release	UNKNOWN STEP	2025-10-25T20:24:47.7390771Z 
release	UNKNOWN STEP	2025-10-25T20:24:47.7394801Z [2m Test Files [22m [1m[32m6 passed[39m[22m[90m (6)[39m
release	UNKNOWN STEP	2025-10-25T20:24:47.7395763Z [2m      Tests [22m [1m[32m34 passed[39m[22m[90m (34)[39m
release	UNKNOWN STEP	2025-10-25T20:24:47.7396409Z [2m   Start at [22m 20:24:41
release	UNKNOWN STEP	2025-10-25T20:24:47.7404634Z [2m   Duration [22m 6.46s[2m (transform 1.39s, setup 0ms, collect 9.20s, tests 291ms, environment 3.45s, prepare 644ms)[22m
release	UNKNOWN STEP	2025-10-25T20:24:47.7405364Z 
release	UNKNOWN STEP	2025-10-25T20:24:47.7635017Z JUNIT report written to /home/runner/work/gemini-cli/gemini-cli/release/packages/a2a-server/junit.xml
release	UNKNOWN STEP	2025-10-25T20:24:47.7644208Z [34m % [39m[2mCoverage report from [22m[33mv8[39m
release	UNKNOWN STEP	2025-10-25T20:24:47.8667738Z 
release	UNKNOWN STEP	2025-10-25T20:24:47.8668546Z > @google/gemini-cli@0.12.0-nightly.20251022.0542de95 test:ci
release	UNKNOWN STEP	2025-10-25T20:24:47.8668980Z > vitest run
release	UNKNOWN STEP	2025-10-25T20:24:47.8669113Z 
release	UNKNOWN STEP	2025-10-25T20:24:48.2705905Z 
release	UNKNOWN STEP	2025-10-25T20:24:48.2708700Z [1m[46m RUN [49m[22m [36mv3.2.4 [39m[90m/home/runner/work/gemini-cli/gemini-cli/release/packages/cli[39m
release	UNKNOWN STEP	2025-10-25T20:24:48.2709801Z       [2mCoverage enabled with [22m[33mv8[39m
release	UNKNOWN STEP	2025-10-25T20:24:48.2710172Z 
release	UNKNOWN STEP	2025-10-25T20:24:52.6860225Z  [32mâœ“[39m src/config/settings.test.ts [2m([22m[2m81 tests[22m[2m)[22m[32m 89[2mms[22m[39m
release	UNKNOWN STEP	2025-10-25T20:24:52.9777663Z  [32mâœ“[39m src/ui/hooks/useGeminiStream.test.tsx [2m([22m[2m44 tests[22m[2m)[22m[33m 600[2mms[22m[39m
release	UNKNOWN STEP	2025-10-25T20:24:53.4522249Z  [32mâœ“[39m src/config/config.test.ts [2m([22m[2m147 tests[22m[2m | [22m[33m1 skipped[39m[2m)[22m[33m 683[2mms[22m[39m
release	UNKNOWN STEP	2025-10-25T20:24:55.9403951Z  [32mâœ“[39m src/ui/components/shared/text-buffer.test.ts [2m([22m[2m117 tests[22m[2m)[22m[32m 276[2mms[22m[39m
release	UNKNOWN STEP	2025-10-25T20:24:57.6201702Z  [32mâœ“[39m src/config/extension.test.ts [2m([22m[2m64 tests[22m[2m)[22m[32m 249[2mms[22m[39m
release	UNKNOWN STEP	2025-10-25T20:24:58.8513288Z  [32mâœ“[39m src/ui/hooks/vim.test.ts [2m([22m[2m87 tests[22m[2m)[22m[33m 351[2mms[22m[39m
release	UNKNOWN STEP	2025-10-25T20:25:01.2876712Z  [32mâœ“[39m src/utils/sessionCleanup.test.ts [2m([22m[2m70 tests[22m[2m)[22m[32m 61[2mms[22m[39m
release	UNKNOWN STEP	2025-10-25T20:25:05.0912631Z  [32mâœ“[39m src/ui/AppContainer.test.tsx [2m([22m[2m41 tests[22m[2m)[22m[33m 382[2mms[22m[39m
release	UNKNOWN STEP	2025-10-25T20:25:05.4123769Z  [32mâœ“[39m src/ui/components/SettingsDialog.test.tsx [2m([22m[2m54 tests[22m[2m)[22m[33m 4845[2mms[22m[39m
release	UNKNOWN STEP	2025-10-25T20:25:05.4126864Z    [33m[2mâœ“[22m[39m SettingsDialog[2m > [22mRace Condition Regression Tests[2m > [22mshould not reset sibling settings when toggling a nested setting multiple times [33m 374[2mms[22m[39m
release	UNKNOWN STEP	2025-10-25T20:25:05.4134618Z    [33m[2mâœ“[22m[39m SettingsDialog[2m > [22mString Settings Editing[2m > [22mshould allow editing and committing a string setting [33m 650[2mms[22m[39m
release	UNKNOWN STEP	2025-10-25T20:25:06.8311926Z  [32mâœ“[39m src/ui/components/InputPrompt.test.tsx [2m([22m[2m97 tests[22m[2m)[22m[33m 9885[2mms[22m[39m
release	UNKNOWN STEP	2025-10-25T20:25:06.8314925Z    [33m[2mâœ“[22m[39m InputPrompt[2m > [22mcommand search (Ctrl+R when not in shell)[2m > [22mexpands and collapses long suggestion via Right/Left arrows [33m 371[2mms[22m[39m
release	UNKNOWN STEP	2025-10-25T20:25:07.5895971Z  [32mâœ“[39m src/ui/components/shared/vim-buffer-actions.test.ts [2m([22m[2m74 tests[22m[2m)[22m[32m 42[2mms[22m[39m
release	UNKNOWN STEP	2025-10-25T20:25:08.4820862Z  [32mâœ“[39m src/services/FileCommandLoader.test.ts [2m([22m[2m38 tests[22m[2m)[22m[32m 163[2mms[22m[39m
release	UNKNOWN STEP	2025-10-25T20:25:10.3997942Z  [32mâœ“[39m src/utils/settingsUtils.test.ts [2m([22m[2m73 tests[22m[2m)[22m[32m 25[2mms[22m[39m
release	UNKNOWN STEP	2025-10-25T20:25:10.6243496Z  [32mâœ“[39m src/ui/contexts/KeypressContext.test.tsx [2m([22m[2m70 tests[22m[2m)[22m[32m 263[2mms[22m[39m
release	UNKNOWN STEP	2025-10-25T20:25:11.3085952Z (node:3407) MaxListenersExceededWarning: Possible EventEmitter memory leak detected. 11 error listeners added to [Socket]. MaxListeners is 10. Use emitter.setMaxListeners() to increase limit
release	UNKNOWN STEP	2025-10-25T20:25:11.3091973Z (Use `node --trace-warnings ...` to show where the warning was created)
release	UNKNOWN STEP	2025-10-25T20:25:11.5712518Z  [32mâœ“[39m src/nonInteractiveCli.test.ts [2m([22m[2m23 tests[22m[2m)[22m[32m 78[2mms[22m[39m
release	UNKNOWN STEP	2025-10-25T20:25:13.6697312Z  [32mâœ“[39m src/ui/hooks/atCommandProcessor.test.ts [2m([22m[2m39 tests[22m[2m)[22m[33m 420[2mms[22m[39m
release	UNKNOWN STEP	2025-10-25T20:25:14.4052447Z  [32mâœ“[39m src/ui/hooks/useToolScheduler.test.ts [2m([22m[2m21 tests[22m[2m)[22m[32m 106[2mms[22m[39m
release	UNKNOWN STEP	2025-10-25T20:25:15.8075380Z  [32mâœ“[39m src/ui/hooks/slashCommandProcessor.test.ts [2m([22m[2m35 tests[22m[2m)[22m[33m 2107[2mms[22m[39m
release	UNKNOWN STEP	2025-10-25T20:25:16.8042505Z  [32mâœ“[39m src/ui/hooks/useSelectionList.test.ts [2m([22m[2m45 tests[22m[2m)[22m[32m 161[2mms[22m[39m
release	UNKNOWN STEP	2025-10-25T20:25:17.0269669Z  [32mâœ“[39m src/services/prompt-processors/shellProcessor.test.ts [2m([22m[2m33 tests[22m[2m)[22m[32m 47[2mms[22m[39m
release	UNKNOWN STEP	2025-10-25T20:25:18.6417705Z  [32mâœ“[39m src/ui/hooks/shellCommandProcessor.test.ts [2m([22m[2m20 tests[22m[2m)[22m[33m 452[2mms[22m[39m
release	UNKNOWN STEP	2025-10-25T20:25:19.0065875Z  [32mâœ“[39m src/ui/hooks/useSlashCompletion.test.ts [2m([22m[2m21 tests[22m[2m)[22m[33m 407[2mms[22m[39m
release	UNKNOWN STEP	2025-10-25T20:25:20.4116853Z  [32mâœ“[39m src/ui/commands/chatCommand.test.ts [2m([22m[2m28 tests[22m[2m)[22m[32m 67[2mms[22m[39m
release	UNKNOWN STEP	2025-10-25T20:25:22.0507000Z  [32mâœ“[39m src/ui/hooks/useCommandCompletion.test.ts [2m([22m[2m21 tests[22m[2m)[22m[32m 139[2mms[22m[39m
release	UNKNOWN STEP	2025-10-25T20:25:22.5663251Z  [32mâœ“[39m src/ui/hooks/useAutoAcceptIndicator.test.ts [2m([22m[2m17 tests[22m[2m)[22m[32m 92[2mms[22m[39m
release	UNKNOWN STEP	2025-10-25T20:25:24.4135915Z  [32mâœ“[39m src/ui/components/shared/BaseSelectionList.test.tsx [2m([22m[2m26 tests[22m[2m)[22m[33m 539[2mms[22m[39m
release	UNKNOWN STEP	2025-10-25T20:25:25.3879256Z  [32mâœ“[39m src/ui/utils/commandUtils.test.ts [2m([22m[2m28 tests[22m[2m)[22m[32m 57[2mms[22m[39m
release	UNKNOWN STEP	2025-10-25T20:25:25.4205418Z  [32mâœ“[39m src/config/extensions/github.test.ts [2m([22m[2m30 tests[22m[2m)[22m[32m 105[2mms[22m[39m
release	UNKNOWN STEP	2025-10-25T20:25:28.2880207Z  [32mâœ“[39m src/config/extensions/extensionEnablement.test.ts [2m([22m[2m43 tests[22m[2m)[22m[32m 43[2mms[22m[39m
release	UNKNOWN STEP	2025-10-25T20:25:28.7982883Z  [32mâœ“[39m src/ui/hooks/useAtCompletion.test.ts [2m([22m[2m14 tests[22m[2m)[22m[33m 1097[2mms[22m[39m
release	UNKNOWN STEP	2025-10-25T20:25:30.5097374Z [?7l]2;Gemini - cli[?7l]2;Gemini - root[?7l]2;Gemini - root [32mâœ“[39m src/gemini.test.tsx [2m([22m[2m11 tests[22m[2m)[22m[33m 548[2mms[22m[39m
release	UNKNOWN STEP	2025-10-25T20:25:30.5099872Z    [33m[2mâœ“[22m[39m gemini.tsx main function[2m > [22mverifies that we dont load the config before relaunchAppInChildProcess [33m 522[2mms[22m[39m
release	UNKNOWN STEP	2025-10-25T20:25:30.8498926Z  [32mâœ“[39m src/validateNonInterActiveAuth.test.ts [2m([22m[2m17 tests[22m[2m)[22m[32m 21[2mms[22m[39m
release	UNKNOWN STEP	2025-10-25T20:25:31.3398598Z  [32mâœ“[39m src/config/policy.test.ts [2m([22m[2m17 tests[22m[2m)[22m[32m 12[2mms[22m[39m
release	UNKNOWN STEP	2025-10-25T20:25:33.6153497Z  [32mâœ“[39m src/services/McpPromptLoader.test.ts [2m([22m[2m25 tests[22m[2m)[22m[32m 21[2mms[22m[39m
release	UNKNOWN STEP	2025-10-25T20:25:33.7280393Z  [32mâœ“[39m src/utils/errors.test.ts [2m([22m[2m22 tests[22m[2m)[22m[32m 24[2mms[22m[39m
release	UNKNOWN STEP	2025-10-25T20:25:34.5399697Z (node:3912) MaxListenersExceededWarning: Possible EventEmitter memory leak detected. 11 mcp-client-update listeners added to [EventEmitter]. MaxListeners is 10. Use emitter.setMaxListeners() to increase limit
release	UNKNOWN STEP	2025-10-25T20:25:34.5405914Z (Use `node --trace-warnings ...` to show where the warning was created)
release	UNKNOWN STEP	2025-10-25T20:25:34.7649312Z  [32mâœ“[39m src/ui/components/Composer.test.tsx [2m([22m[2m20 tests[22m[2m)[22m[32m 182[2mms[22m[39m
release	UNKNOWN STEP	2025-10-25T20:25:36.4989476Z  [32mâœ“[39m src/config/policy-engine.integration.test.ts [2m([22m[2m12 tests[22m[2m)[22m[32m 12[2mms[22m[39m
release	UNKNOWN STEP	2025-10-25T20:25:36.5797373Z  [32mâœ“[39m src/config/trustedFolders.test.ts [2m([22m[2m21 tests[22m[2m)[22m[32m 17[2mms[22m[39m
release	UNKNOWN STEP	2025-10-25T20:25:37.5221481Z  [32mâœ“[39m src/ui/keyMatchers.test.ts [2m([22m[2m35 tests[22m[2m)[22m[32m 20[2mms[22m[39m
release	UNKNOWN STEP	2025-10-25T20:25:38.0882938Z  [32mâœ“[39m src/config/extensions/update.test.ts [2m([22m[2m8 tests[22m[2m)[22m[32m 276[2mms[22m[39m
release	UNKNOWN STEP	2025-10-25T20:25:39.3641176Z  [32mâœ“[39m src/ui/hooks/useQuotaAndFallback.test.ts [2m([22m[2m12 tests[22m[2m)[22m[32m 71[2mms[22m[39m
release	UNKNOWN STEP	2025-10-25T20:25:40.3796980Z  [32mâœ“[39m src/services/CommandService.test.ts [2m([22m[2m11 tests[22m[2m)[22m[32m 23[2mms[22m[39m
release	UNKNOWN STEP	2025-10-25T20:25:41.0236823Z  [32mâœ“[39m src/ui/commands/memoryCommand.test.ts [2m([22m[2m10 tests[22m[2m)[22m[32m 22[2mms[22m[39m
release	UNKNOWN STEP	2025-10-25T20:25:42.8776475Z  [32mâœ“[39m src/ui/components/shared/MaxSizedBox.test.tsx [2m([22m[2m21 tests[22m[2m)[22m[32m 163[2mms[22m[39m
release	UNKNOWN STEP	2025-10-25T20:25:43.2672484Z  [32mâœ“[39m src/config/settingsSchema.test.ts [2m([22m[2m15 tests[22m[2m)[22m[32m 20[2mms[22m[39m
release	UNKNOWN STEP	2025-10-25T20:25:43.9148837Z  [32mâœ“[39m src/utils/installationInfo.test.ts [2m([22m[2m16 tests[22m[2m)[22m[32m 18[2mms[22m[39m
release	UNKNOWN STEP	2025-10-25T20:25:44.1271022Z  [32mâœ“[39m src/config/config.integration.test.ts [2m([22m[2m16 tests[22m[2m)[22m[32m 288[2mms[22m[39m
release	UNKNOWN STEP	2025-10-25T20:25:44.3402382Z  [32mâœ“[39m src/utils/commentJson.test.ts [2m([22m[2m12 tests[22m[2m)[22m[32m 27[2mms[22m[39m
release	UNKNOWN STEP	2025-10-25T20:25:47.0669618Z  [32mâœ“[39m src/commands/mcp/add.test.ts [2m([22m[2m18 tests[22m[2m)[22m[32m 145[2mms[22m[39m
release	UNKNOWN STEP	2025-10-25T20:25:47.5409946Z  [32mâœ“[39m src/ui/components/messages/ToolGroupMessage.test.tsx [2m([22m[2m14 tests[22m[2m)[22m[32m 169[2mms[22m[39m
release	UNKNOWN STEP	2025-10-25T20:25:47.7381305Z  [32mâœ“[39m src/ui/components/StatsDisplay.test.tsx [2m([22m[2m12 tests[22m[2m)[22m[33m 301[2mms[22m[39m
release	UNKNOWN STEP	2025-10-25T20:25:48.2804152Z  [32mâœ“[39m src/ui/hooks/useMessageQueue.test.ts [2m([22m[2m14 tests[22m[2m)[22m[32m 70[2mms[22m[39m
release	UNKNOWN STEP	2025-10-25T20:25:50.8103802Z  [32mâœ“[39m src/utils/relaunch.test.ts [2m([22m[2m8 tests[22m[2m)[22m[32m 22[2mms[22m[39m
release	UNKNOWN STEP	2025-10-25T20:25:51.5201206Z  [32mâœ“[39m src/ui/components/messages/DiffRenderer.test.tsx [2m([22m[2m13 tests[22m[2m)[22m[33m 488[2mms[22m[39m
release	UNKNOWN STEP	2025-10-25T20:25:51.5280411Z  [32mâœ“[39m src/ui/components/LoadingIndicator.test.tsx [2m([22m[2m16 tests[22m[2m)[22m[32m 99[2mms[22m[39m
release	UNKNOWN STEP	2025-10-25T20:25:53.6723071Z  [32mâœ“[39m src/ui/commands/extensionsCommand.test.ts [2m([22m[2m11 tests[22m[2m)[22m[32m 27[2mms[22m[39m
release	UNKNOWN STEP	2025-10-25T20:25:54.4220993Z  [32mâœ“[39m src/utils/handleAutoUpdate.test.ts [2m([22m[2m13 tests[22m[2m)[22m[32m 23[2mms[22m[39m
release	UNKNOWN STEP	2025-10-25T20:25:55.2276886Z  [32mâœ“[39m src/ui/auth/AuthDialog.test.tsx [2m([22m[2m14 tests[22m[2m)[22m[32m 290[2mms[22m[39m
release	UNKNOWN STEP	2025-10-25T20:25:57.0101892Z  [32mâœ“[39m src/ui/hooks/useExtensionUpdates.test.ts [2m([22m[2m4 tests[22m[2m)[22m[32m 269[2mms[22m[39m
release	UNKNOWN STEP	2025-10-25T20:25:58.0134997Z  [32mâœ“[39m src/ui/commands/restoreCommand.test.ts [2m([22m[2m13 tests[22m[2m)[22m[32m 50[2mms[22m[39m
release	UNKNOWN STEP	2025-10-25T20:25:58.3676977Z  [32mâœ“[39m src/ui/hooks/useKeypress.test.ts [2m([22m[2m30 tests[22m[2m)[22m[33m 582[2mms[22m[39m
release	UNKNOWN STEP	2025-10-25T20:25:59.8281651Z  [32mâœ“[39m src/ui/hooks/useInputHistoryStore.test.ts [2m([22m[2m14 tests[22m[2m)[22m[32m 94[2mms[22m[39m
release	UNKNOWN STEP	2025-10-25T20:26:00.8473250Z  [32mâœ“[39m src/ui/commands/ideCommand.test.ts [2m([22m[2m8 tests[22m[2m)[22m[32m 27[2mms[22m[39m
release	UNKNOWN STEP	2025-10-25T20:26:01.4543844Z  [32mâœ“[39m src/services/BuiltinCommandLoader.test.ts [2m([22m[2m10 tests[22m[2m)[22m[33m 367[2mms[22m[39m
release	UNKNOWN STEP	2025-10-25T20:26:03.4223877Z  [32mâœ“[39m src/ui/components/Footer.test.tsx [2m([22m[2m17 tests[22m[2m)[22m[32m 137[2mms[22m[39m
release	UNKNOWN STEP	2025-10-25T20:26:03.6001710Z  [32mâœ“[39m src/ui/themes/color-utils.test.ts [2m([22m[2m16 tests[22m[2m)[22m[32m 17[2mms[22m[39m
release	UNKNOWN STEP	2025-10-25T20:26:04.2091143Z  [32mâœ“[39m src/ui/commands/copyCommand.test.ts [2m([22m[2m11 tests[22m[2m)[22m[32m 26[2mms[22m[39m
release	UNKNOWN STEP	2025-10-25T20:26:04.5612958Z  [32mâœ“[39m src/utils/envVarResolver.test.ts [2m([22m[2m16 tests[22m[2m)[22m[32m 14[2mms[22m[39m
release	UNKNOWN STEP	2025-10-25T20:26:05.2189388Z  [32mâœ“[39m src/services/prompt-processors/injectionParser.test.ts [2m([22m[2m21 tests[22m[2m)[22m[32m 18[2mms[22m[39m
release	UNKNOWN STEP	2025-10-25T20:26:06.3579218Z  [32mâœ“[39m src/ui/hooks/useEditorSettings.test.ts [2m([22m[2m10 tests[22m[2m)[22m[32m 48[2mms[22m[39m
release	UNKNOWN STEP	2025-10-25T20:26:08.0198233Z  [32mâœ“[39m src/ui/hooks/useReverseSearchCompletion.test.tsx [2m([22m[2m10 tests[22m[2m)[22m[32m 95[2mms[22m[39m
release	UNKNOWN STEP	2025-10-25T20:26:08.7933089Z  [32mâœ“[39m src/ui/hooks/useShellHistory.test.ts [2m([22m[2m7 tests[22m[2m)[22m[33m 577[2mms[22m[39m
release	UNKNOWN STEP	2025-10-25T20:26:09.0066815Z  [32mâœ“[39m src/utils/sessionCleanup.integration.test.ts [2m([22m[2m5 tests[22m[2m)[22m[32m 16[2mms[22m[39m
release	UNKNOWN STEP	2025-10-25T20:26:10.8632540Z  [32mâœ“[39m src/services/prompt-processors/atFileProcessor.test.ts [2m([22m[2m11 tests[22m[2m)[22m[32m 26[2mms[22m[39m
release	UNKNOWN STEP	2025-10-25T20:26:12.0644768Z  [32mâœ“[39m src/ui/hooks/useInputHistory.test.ts [2m([22m[2m11 tests[22m[2m)[22m[32m 40[2mms[22m[39m
release	UNKNOWN STEP	2025-10-25T20:26:12.4018315Z  [32mâœ“[39m src/ui/components/ModelStatsDisplay.test.tsx [2m([22m[2m6 tests[22m[2m)[22m[32m 209[2mms[22m[39m
release	UNKNOWN STEP	2025-10-25T20:26:12.4652352Z  [32mâœ“[39m src/ui/components/messages/ToolMessage.test.tsx [2m([22m[2m12 tests[22m[2m)[22m[32m 124[2mms[22m[39m
release	UNKNOWN STEP	2025-10-25T20:26:14.9501771Z  [32mâœ“[39m src/ui/commands/setupGithubCommand.test.ts [2m([22m[2m8 tests[22m[2m)[22m[32m 80[2mms[22m[39m
release	UNKNOWN STEP	2025-10-25T20:26:15.9758803Z  [32mâœ“[39m src/ui/utils/computeStats.test.ts [2m([22m[2m12 tests[22m[2m)[22m[32m 8[2mms[22m[39m
release	UNKNOWN STEP	2025-10-25T20:26:16.0634420Z  [32mâœ“[39m src/ui/hooks/useFolderTrust.test.ts [2m([22m[2m11 tests[22m[2m)[22m[32m 58[2mms[22m[39m
release	UNKNOWN STEP	2025-10-25T20:26:16.2971627Z  [32mâœ“[39m src/ui/components/HistoryItemDisplay.test.tsx [2m([22m[2m13 tests[22m[2m)[22m[32m 290[2mms[22m[39m
release	UNKNOWN STEP	2025-10-25T20:26:17.1775422Z  [32mâœ“[39m src/ui/hooks/usePermissionsModifyTrust.test.ts [2m([22m[2m8 tests[22m[2m)[22m[32m 43[2mms[22m[39m
release	UNKNOWN STEP	2025-10-25T20:26:17.6196623Z  [32mâœ“[39m src/ui/hooks/usePhraseCycler.test.ts [2m([22m[2m9 tests[22m[2m)[22m[32m 62[2mms[22m[39m
release	UNKNOWN STEP	2025-10-25T20:26:19.1189608Z  [32mâœ“[39m src/ui/hooks/useIdeTrustListener.test.ts [2m([22m[2m5 tests[22m[2m)[22m[32m 43[2mms[22m[39m
release	UNKNOWN STEP	2025-10-25T20:26:21.0258603Z  [32mâœ“[39m src/ui/components/PermissionsModifyTrustDialog.test.tsx [2m([22m[2m7 tests[22m[2m)[22m[32m 222[2mms[22m[39m
release	UNKNOWN STEP	2025-10-25T20:26:21.1727899Z  [32mâœ“[39m src/ui/components/ModelDialog.test.tsx [2m([22m[2m9 tests[22m[2m)[22m[32m 93[2mms[22m[39m
release	UNKNOWN STEP	2025-10-25T20:26:22.1801276Z  [32mâœ“[39m src/ui/hooks/useGitBranchName.test.ts [2m([22m[2m7 tests[22m[2m)[22m[32m 60[2mms[22m[39m
release	UNKNOWN STEP	2025-10-25T20:26:23.4952592Z  [32mâœ“[39m src/ui/hooks/useHistoryManager.test.ts [2m([22m[2m8 tests[22m[2m)[22m[32m 48[2mms[22m[39m
release	UNKNOWN STEP	2025-10-25T20:26:24.0133282Z  [32mâœ“[39m src/commands/mcp/remove.test.ts [2m([22m[2m6 tests[22m[2m)[22m[32m 65[2mms[22m[39m
release	UNKNOWN STEP	2025-10-25T20:26:24.5820522Z  [32mâœ“[39m src/ui/components/messages/CompressionMessage.test.tsx [2m([22m[2m8 tests[22m[2m)[22m[32m 101[2mms[22m[39m
release	UNKNOWN STEP	2025-10-25T20:26:25.0492371Z  [32mâœ“[39m src/config/extensions/github_fetch.test.ts [2m([22m[2m8 tests[22m[2m)[22m[32m 13[2mms[22m[39m
release	UNKNOWN STEP	2025-10-25T20:26:25.6423111Z  [32mâœ“[39m src/ui/utils/textUtils.test.ts [2m([22m[2m9 tests[22m[2m)[22m[32m 8[2mms[22m[39m
release	UNKNOWN STEP	2025-10-25T20:26:26.1069425Z  [32mâœ“[39m src/ui/commands/directoryCommand.test.tsx [2m([22m[2m7 tests[22m[2m)[22m[32m 21[2mms[22m[39m
release	UNKNOWN STEP	2025-10-25T20:26:27.9967062Z  [32mâœ“[39m src/ui/commands/mcpCommand.test.ts [2m([22m[2m5 tests[22m[2m)[22m[32m 20[2mms[22m[39m
release	UNKNOWN STEP	2025-10-25T20:26:29.0824706Z  [32mâœ“[39m src/ui/components/ToolStatsDisplay.test.tsx [2m([22m[2m5 tests[22m[2m)[22m[32m 156[2mms[22m[39m
release	UNKNOWN STEP	2025-10-25T20:26:30.2059989Z  [32mâœ“[39m src/ui/utils/MarkdownDisplay.test.tsx [2m([22m[2m30 tests[22m[2m)[22m[33m 478[2mms[22m[39m
release	UNKNOWN STEP	2025-10-25T20:26:30.8783828Z  [32mâœ“[39m src/ui/themes/theme-manager.test.ts [2m([22m[2m12 tests[22m[2m)[22m[32m 18[2mms[22m[39m
release	UNKNOWN STEP	2025-10-25T20:26:32.6289024Z  [32mâœ“[39m src/ui/contexts/SessionContext.test.tsx [2m([22m[2m4 tests[22m[2m)[22m[32m 63[2mms[22m[39m
release	UNKNOWN STEP	2025-10-25T20:26:32.9574138Z  [32mâœ“[39m src/utils/deepMerge.test.ts [2m([22m[2m13 tests[22m[2m)[22m[32m 8[2mms[22m[39m
release	UNKNOWN STEP	2025-10-25T20:26:33.9028363Z  [32mâœ“[39m src/commands/mcp/list.test.ts [2m([22m[2m4 tests[22m[2m)[22m[32m 18[2mms[22m[39m
release	UNKNOWN STEP	2025-10-25T20:26:34.2795201Z  [32mâœ“[39m src/ui/components/shared/RadioButtonSelect.test.tsx [2m([22m[2m5 tests[22m[2m)[22m[32m 40[2mms[22m[39m
release	UNKNOWN STEP	2025-10-25T20:26:36.3454659Z  [32mâœ“[39m src/ui/components/DebugProfiler.test.tsx [2m([22m[2m10 tests[22m[2m)[22m[32m 19[2mms[22m[39m
release	UNKNOWN STEP	2025-10-25T20:26:36.6582883Z  [32mâœ“[39m src/config/extensions/extensionSettings.test.ts [2m([22m[2m6 tests[22m[2m)[22m[32m 14[2mms[22m[39m
release	UNKNOWN STEP	2025-10-25T20:26:37.5726553Z  [32mâœ“[39m src/ui/hooks/useLoadingIndicator.test.ts [2m([22m[2m5 tests[22m[2m)[22m[32m 53[2mms[22m[39m
release	UNKNOWN STEP	2025-10-25T20:26:37.9652955Z  [32mâœ“[39m src/ui/components/messages/ToolConfirmationMessage.test.tsx [2m([22m[2m10 tests[22m[2m)[22m[32m 172[2mms[22m[39m
release	UNKNOWN STEP	2025-10-25T20:26:39.0223278Z  [32mâœ“[39m src/ui/utils/highlight.test.ts [2m([22m[2m16 tests[22m[2m)[22m[32m 9[2mms[22m[39m
release	UNKNOWN STEP	2025-10-25T20:26:39.3983912Z  [32mâœ“[39m src/ui/commands/aboutCommand.test.ts [2m([22m[2m5 tests[22m[2m)[22m[32m 13[2mms[22m[39m
release	UNKNOWN STEP	2025-10-25T20:26:40.3265985Z  [32mâœ“[39m src/ui/utils/updateCheck.test.ts [2m([22m[2m10 tests[22m[2m)[22m[32m 20[2mms[22m[39m
release	UNKNOWN STEP	2025-10-25T20:26:41.3953166Z  [32mâœ“[39m src/utils/commands.test.ts [2m([22m[2m12 tests[22m[2m)[22m[32m 10[2mms[22m[39m
release	UNKNOWN STEP	2025-10-25T20:26:42.3013587Z  [32mâœ“[39m src/ui/components/messages/Todo.test.tsx [2m([22m[2m11 tests[22m[2m)[22m[32m 140[2mms[22m[39m
release	UNKNOWN STEP	2025-10-25T20:26:42.9171163Z  [32mâœ“[39m src/ui/App.test.tsx [2m([22m[2m7 tests[22m[2m)[22m[32m 75[2mms[22m[39m
release	UNKNOWN STEP	2025-10-25T20:26:44.0956725Z  [32mâœ“[39m src/ui/hooks/useFlickerDetector.test.ts [2m([22m[2m6 tests[22m[2m)[22m[32m 44[2mms[22m[39m
release	UNKNOWN STEP	2025-10-25T20:26:44.3795790Z  [32mâœ“[39m src/commands/extensions/install.test.ts [2m([22m[2m8 tests[22m[2m)[22m[32m 35[2mms[22m[39m
release	UNKNOWN STEP	2025-10-25T20:26:46.3575912Z  [32mâœ“[39m src/ui/hooks/useFocus.test.ts [2m([22m[2m6 tests[22m[2m)[22m[32m 50[2mms[22m[39m
release	UNKNOWN STEP	2025-10-25T20:26:47.6372086Z  [32mâœ“[39m src/ui/components/views/McpStatus.test.tsx [2m([22m[2m11 tests[22m[2m)[22m[32m 144[2mms[22m[39m
release	UNKNOWN STEP	2025-10-25T20:26:47.8631923Z  [32mâœ“[39m src/ui/components/shared/EnumSelector.test.tsx [2m([22m[2m9 tests[22m[2m)[22m[32m 78[2mms[22m[39m
release	UNKNOWN STEP	2025-10-25T20:26:49.2486043Z  [32mâœ“[39m src/ui/commands/compressCommand.test.ts [2m([22m[2m5 tests[22m[2m)[22m[32m 17[2mms[22m[39m
release	UNKNOWN STEP	2025-10-25T20:26:50.4583860Z  [32mâœ“[39m src/utils/gitUtils.test.ts [2m([22m[2m12 tests[22m[2m)[22m[32m 32[2mms[22m[39m
release	UNKNOWN STEP	2025-10-25T20:26:50.4585158Z  [32mâœ“[39m src/ui/hooks/useConsoleMessages.test.ts [2m([22m[2m7 tests[22m[2m)[22m[32m 45[2mms[22m[39m
release	UNKNOWN STEP	2025-10-25T20:26:51.5742348Z  [32mâœ“[39m src/ui/components/FolderTrustDialog.test.tsx [2m([22m[2m8 tests[22m[2m)[22m[33m 309[2mms[22m[39m
release	UNKNOWN STEP	2025-10-25T20:26:52.0598481Z  [32mâœ“[39m src/ui/components/AnsiOutput.test.tsx [2m([22m[2m6 tests[22m[2m)[22m[32m 98[2mms[22m[39m
release	UNKNOWN STEP	2025-10-25T20:26:52.8499825Z  [32mâœ“[39m src/ui/hooks/useTimer.test.ts [2m([22m[2m8 tests[22m[2m)[22m[32m 51[2mms[22m[39m
release	UNKNOWN STEP	2025-10-25T20:26:53.6001218Z  [32mâœ“[39m src/ui/hooks/usePrivacySettings.test.ts [2m([22m[2m4 tests[22m[2m)[22m[32m 205[2mms[22m[39m
release	UNKNOWN STEP	2025-10-25T20:26:53.7844984Z  [32mâœ“[39m src/ui/commands/toolsCommand.test.ts [2m([22m[2m4 tests[22m[2m)[22m[32m 16[2mms[22m[39m
release	UNKNOWN STEP	2025-10-25T20:26:56.3192138Z  [32mâœ“[39m src/ui/commands/bugCommand.test.ts [2m([22m[2m2 tests[22m[2m)[22m[32m 7[2mms[22m[39m
release	UNKNOWN STEP	2025-10-25T20:26:56.4549081Z  [32mâœ“[39m src/ui/components/ThemeDialog.test.tsx [2m([22m[2m3 tests[22m[2m)[22m[33m 689[2mms[22m[39m
release	UNKNOWN STEP	2025-10-25T20:26:56.4555996Z    [33m[2mâœ“[22m[39m ThemeDialog Snapshots[2m > [22mshould render correctly in theme selection mode [33m 386[2mms[22m[39m
release	UNKNOWN STEP	2025-10-25T20:26:57.3065431Z  [32mâœ“[39m src/ui/components/PrepareLabel.test.tsx [2m([22m[2m6 tests[22m[2m)[22m[32m 76[2mms[22m[39m
release	UNKNOWN STEP	2025-10-25T20:26:58.3566658Z  [32mâœ“[39m src/ui/commands/initCommand.test.ts [2m([22m[2m3 tests[22m[2m)[22m[32m 14[2mms[22m[39m
release	UNKNOWN STEP	2025-10-25T20:26:59.0437895Z  [32mâœ“[39m src/ui/commands/clearCommand.test.ts [2m([22m[2m2 tests[22m[2m)[22m[32m 11[2mms[22m[39m
release	UNKNOWN STEP	2025-10-25T20:26:59.7865914Z  [32mâœ“[39m src/ui/components/views/ExtensionsList.test.tsx [2m([22m[2m9 tests[22m[2m)[22m[32m 84[2mms[22m[39m
release	UNKNOWN STEP	2025-10-25T20:27:01.1143608Z  [32mâœ“[39m src/ui/themes/theme.test.ts [2m([22m[2m5 tests[22m[2m)[22m[32m 6[2mms[22m[39m
release	UNKNOWN STEP	2025-10-25T20:27:01.8791234Z  [32mâœ“[39m src/commands/extensions/new.test.ts [2m([22m[2m4 tests[22m[2m)[22m[32m 42[2mms[22m[39m
release	UNKNOWN STEP	2025-10-25T20:27:02.8236003Z  [32mâœ“[39m src/utils/userStartupWarnings.test.ts [2m([22m[2m5 tests[22m[2m)[22m[32m 15[2mms[22m[39m
release	UNKNOWN STEP	2025-10-25T20:27:03.2406875Z  [32mâœ“[39m src/ui/components/ConsentPrompt.test.tsx [2m([22m[2m5 tests[22m[2m)[22m[32m 80[2mms[22m[39m
release	UNKNOWN STEP	2025-10-25T20:27:03.7567066Z  [32mâœ“[39m src/ui/commands/docsCommand.test.ts [2m([22m[2m3 tests[22m[2m)[22m[32m 11[2mms[22m[39m
release	UNKNOWN STEP	2025-10-25T20:27:03.8918525Z  [32mâœ“[39m src/config/auth.test.ts [2m([22m[2m8 tests[22m[2m)[22m[32m 9[2mms[22m[39m
release	UNKNOWN STEP	2025-10-25T20:27:06.4609088Z  [32mâœ“[39m src/utils/readStdin.test.ts [2m([22m[2m4 tests[22m[2m)[22m[32m 12[2mms[22m[39m
release	UNKNOWN STEP	2025-10-25T20:27:06.8333760Z  [32mâœ“[39m src/ui/components/IdeTrustChangeDialog.test.tsx [2m([22m[2m6 tests[22m[2m)[22m[32m 154[2mms[22m[39m
release	UNKNOWN STEP	2025-10-25T20:27:07.1763212Z  [32mâœ“[39m src/ui/components/ContextSummaryDisplay.test.tsx [2m([22m[2m4 tests[22m[2m)[22m[32m 48[2mms[22m[39m
release	UNKNOWN STEP	2025-10-25T20:27:09.2581438Z  [32mâœ“[39m src/ui/utils/displayUtils.test.ts [2m([22m[2m8 tests[22m[2m)[22m[32m 6[2mms[22m[39m
release	UNKNOWN STEP	2025-10-25T20:27:09.5939186Z  [32mâœ“[39m src/ui/commands/terminalSetupCommand.test.ts [2m([22m[2m5 tests[22m[2m)[22m[32m 7[2mms[22m[39m
release	UNKNOWN STEP	2025-10-25T20:27:10.0291705Z  [32mâœ“[39m src/commands/mcp.test.ts [2m([22m[2m3 tests[22m[2m)[22m[32m 28[2mms[22m[39m
release	UNKNOWN STEP	2025-10-25T20:27:11.7213309Z  [32mâœ“[39m src/ui/components/QueuedMessageDisplay.test.tsx [2m([22m[2m5 tests[22m[2m)[22m[32m 57[2mms[22m[39m
release	UNKNOWN STEP	2025-10-25T20:27:12.4530204Z  [32mâœ“[39m src/ui/components/ProQuotaDialog.test.tsx [2m([22m[2m3 tests[22m[2m)[22m[32m 49[2mms[22m[39m
release	UNKNOWN STEP	2025-10-25T20:27:12.5069042Z  [32mâœ“[39m src/utils/startupWarnings.test.ts [2m([22m[2m4 tests[22m[2m)[22m[32m 8[2mms[22m[39m
release	UNKNOWN STEP	2025-10-25T20:27:13.4492201Z  [32mâœ“[39m src/ui/commands/statsCommand.test.ts [2m([22m[2m3 tests[22m[2m)[22m[32m 13[2mms[22m[39m
release	UNKNOWN STEP	2025-10-25T20:27:15.0842878Z  [32mâœ“[39m src/ui/components/shared/DescriptiveRadioButtonSelect.test.tsx [2m([22m[2m2 tests[22m[2m)[22m[32m 78[2mms[22m[39m
release	UNKNOWN STEP	2025-10-25T20:27:15.5326919Z  [32mâœ“[39m src/ui/hooks/useReactToolScheduler.test.ts [2m([22m[2m1 test[22m[2m)[22m[32m 28[2mms[22m[39m
release	UNKNOWN STEP	2025-10-25T20:27:16.0892847Z  [32mâœ“[39m src/ui/utils/clipboardUtils.test.ts [2m([22m[2m6 tests[22m[2m)[22m[32m 8[2mms[22m[39m
release	UNKNOWN STEP	2025-10-25T20:27:16.7651827Z  [32mâœ“[39m src/ui/hooks/useMemoryMonitor.test.ts [2m([22m[2m3 tests[22m[2m)[22m[32m 29[2mms[22m[39m
release	UNKNOWN STEP	2025-10-25T20:27:17.1391956Z  [32mâœ“[39m src/ui/utils/markdownUtilities.test.ts [2m([22m[2m7 tests[22m[2m)[22m[32m 5[2mms[22m[39m
release	UNKNOWN STEP	2025-10-25T20:27:17.7718944Z  [32mâœ“[39m src/ui/utils/formatters.test.ts [2m([22m[2m14 tests[22m[2m)[22m[32m 7[2mms[22m[39m
release	UNKNOWN STEP	2025-10-25T20:27:18.0274038Z  [32mâœ“[39m src/config/keyBindings.test.ts [2m([22m[2m3 tests[22m[2m)[22m[32m 9[2mms[22m[39m
release	UNKNOWN STEP	2025-10-25T20:27:18.4348381Z  [32mâœ“[39m src/ui/components/SessionSummaryDisplay.test.tsx [2m([22m[2m1 test[22m[2m)[22m[32m 104[2mms[22m[39m
release	UNKNOWN STEP	2025-10-25T20:27:18.7538056Z  [32mâœ“[39m src/test-utils/mockCommandContext.test.ts [2m([22m[2m3 tests[22m[2m)[22m[32m 9[2mms[22m[39m
release	UNKNOWN STEP	2025-10-25T20:27:18.9511909Z  [32mâœ“[39m src/utils/windowTitle.test.ts [2m([22m[2m7 tests[22m[2m)[22m[32m 7[2mms[22m[39m
release	UNKNOWN STEP	2025-10-25T20:27:21.6330404Z  [32mâœ“[39m src/utils/cleanup.test.ts [2m([22m[2m4 tests[22m[2m)[22m[33m 2099[2mms[22m[39m
release	UNKNOWN STEP	2025-10-25T20:27:21.6333756Z    [33m[2mâœ“[22m[39m cleanup[2m > [22mshould run a registered synchronous function [33m 1646[2mms[22m[39m
release	UNKNOWN STEP	2025-10-25T20:27:22.2875693Z  [32mâœ“[39m src/ui/components/ShellConfirmationDialog.test.tsx [2m([22m[2m4 tests[22m[2m)[22m[32m 160[2mms[22m[39m
release	UNKNOWN STEP	2025-10-25T20:27:22.5861181Z  [32mâœ“[39m src/ui/components/views/ToolsList.test.tsx [2m([22m[2m3 tests[22m[2m)[22m[32m 84[2mms[22m[39m
release	UNKNOWN STEP	2025-10-25T20:27:23.6116364Z  [32mâœ“[39m src/ui/commands/helpCommand.test.ts [2m([22m[2m2 tests[22m[2m)[22m[32m 8[2mms[22m[39m
release	UNKNOWN STEP	2025-10-25T20:27:24.5666108Z  [32mâœ“[39m src/ui/commands/quitCommand.test.ts [2m([22m[2m1 test[22m[2m)[22m[32m 12[2mms[22m[39m
release	UNKNOWN STEP	2025-10-25T20:27:24.9702513Z  [32mâœ“[39m src/ui/components/Help.test.tsx [2m([22m[2m2 tests[22m[2m)[22m[32m 118[2mms[22m[39m
release	UNKNOWN STEP	2025-10-25T20:27:25.8450540Z  [32mâœ“[39m src/ui/components/messages/GeminiMessage.test.tsx [2m([22m[2m4 tests[22m[2m)[22m[32m 99[2mms[22m[39m
release	UNKNOWN STEP	2025-10-25T20:27:28.1536037Z  [32mâœ“[39m src/ui/components/messages/ToolMessageRawMarkdown.test.tsx [2m([22m[2m2 tests[22m[2m)[22m[32m 71[2mms[22m[39m
release	UNKNOWN STEP	2025-10-25T20:27:28.5122823Z  [32mâœ“[39m src/ui/components/Header.test.tsx [2m([22m[2m4 tests[22m[2m)[22m[32m 119[2mms[22m[39m
release	UNKNOWN STEP	2025-10-25T20:27:28.8529303Z  [32mâœ“[39m src/services/prompt-processors/argumentProcessor.test.ts [2m([22m[2m2 tests[22m[2m)[22m[32m 7[2mms[22m[39m
release	UNKNOWN STEP	2025-10-25T20:27:29.6988086Z  [32mâœ“[39m src/ui/hooks/useModelCommand.test.ts [2m([22m[2m3 tests[22m[2m)[22m[32m 21[2mms[22m[39m
release	UNKNOWN STEP	2025-10-25T20:27:29.8342775Z  [32mâœ“[39m src/ui/commands/privacyCommand.test.ts [2m([22m[2m2 tests[22m[2m)[22m[32m 8[2mms[22m[39m
release	UNKNOWN STEP	2025-10-25T20:27:30.6203873Z  [32mâœ“[39m src/ui/commands/themeCommand.test.ts [2m([22m[2m2 tests[22m[2m)[22m[32m 6[2mms[22m[39m
release	UNKNOWN STEP	2025-10-25T20:27:31.6082864Z  [32mâœ“[39m src/ui/commands/permissionsCommand.test.ts [2m([22m[2m3 tests[22m[2m)[22m[32m 13[2mms[22m[39m
release	UNKNOWN STEP	2025-10-25T20:27:31.6251159Z  [32mâœ“[39m src/ui/components/views/ChatList.test.tsx [2m([22m[2m3 tests[22m[2m)[22m[32m 54[2mms[22m[39m
release	UNKNOWN STEP	2025-10-25T20:27:32.5095400Z  [32mâœ“[39m src/ui/commands/modelCommand.test.ts [2m([22m[2m2 tests[22m[2m)[22m[32m 6[2mms[22m[39m
release	UNKNOWN STEP	2025-10-25T20:27:32.6313390Z  [32mâœ“[39m src/ui/commands/settingsCommand.test.ts [2m([22m[2m2 tests[22m[2m)[22m[32m 8[2mms[22m[39m
release	UNKNOWN STEP	2025-10-25T20:27:33.2585549Z  [32mâœ“[39m src/ui/components/LoopDetectionConfirmation.test.tsx [2m([22m[2m2 tests[22m[2m)[22m[32m 108[2mms[22m[39m
release	UNKNOWN STEP	2025-10-25T20:27:33.4915957Z  [32mâœ“[39m src/ui/commands/corgiCommand.test.ts [2m([22m[2m2 tests[22m[2m)[22m[32m 8[2mms[22m[39m
release	UNKNOWN STEP	2025-10-25T20:27:33.5442641Z  [32mâœ“[39m src/ui/commands/authCommand.test.ts [2m([22m[2m2 tests[22m[2m)[22m[32m 8[2mms[22m[39m
release	UNKNOWN STEP	2025-10-25T20:27:34.1265749Z  [32mâœ“[39m src/ui/commands/editorCommand.test.ts [2m([22m[2m2 tests[22m[2m)[22m[32m 7[2mms[22m[39m
release	UNKNOWN STEP	2025-10-25T20:27:36.2219994Z  [32mâœ“[39m src/utils/processUtils.test.ts [2m([22m[2m1 test[22m[2m)[22m[32m 6[2mms[22m[39m
release	UNKNOWN STEP	2025-10-25T20:27:36.4832809Z  [32mâœ“[39m src/commands/extensions/uninstall.test.ts [2m([22m[2m1 test[22m[2m)[22m[32m 17[2mms[22m[39m
release	UNKNOWN STEP	2025-10-25T20:27:36.5892786Z  [32mâœ“[39m src/config/extensions/variables.test.ts [2m([22m[2m1 test[22m[2m)[22m[32m 3[2mms[22m[39m
release	UNKNOWN STEP	2025-10-25T20:27:39.5453532Z 
release	UNKNOWN STEP	2025-10-25T20:27:39.5471172Z [2m Test Files [22m [1m[32m180 passed[39m[22m[90m (180)[39m
release	UNKNOWN STEP	2025-10-25T20:27:39.5478097Z [2m      Tests [22m [1m[32m2768 passed[39m[22m[2m | [22m[33m1 skipped[39m[90m (2769)[39m
release	UNKNOWN STEP	2025-10-25T20:27:39.5478869Z [2m   Start at [22m 20:24:48
release	UNKNOWN STEP	2025-10-25T20:27:39.5486134Z [2m   Duration [22m 171.27s[2m (transform 6.44s, setup 1.76s, collect 268.94s, tests 38.39s, environment 107.80s, prepare 19.67s)[22m
release	UNKNOWN STEP	2025-10-25T20:27:39.5486846Z 
release	UNKNOWN STEP	2025-10-25T20:27:40.0332794Z JUNIT report written to /home/runner/work/gemini-cli/gemini-cli/release/packages/cli/junit.xml
release	UNKNOWN STEP	2025-10-25T20:27:40.0367347Z [34m % [39m[2mCoverage report from [22m[33mv8[39m
release	UNKNOWN STEP	2025-10-25T20:27:40.7366935Z 
release	UNKNOWN STEP	2025-10-25T20:27:40.7368016Z > @google/gemini-cli-core@0.12.0-nightly.20251022.0542de95 test:ci
release	UNKNOWN STEP	2025-10-25T20:27:40.7368519Z > vitest run
release	UNKNOWN STEP	2025-10-25T20:27:40.7368640Z 
release	UNKNOWN STEP	2025-10-25T20:27:41.1665592Z 
release	UNKNOWN STEP	2025-10-25T20:27:41.1668304Z [1m[46m RUN [49m[22m [36mv3.2.4 [39m[90m/home/runner/work/gemini-cli/gemini-cli/release/packages/core[39m
release	UNKNOWN STEP	2025-10-25T20:27:41.1669268Z       [2mCoverage enabled with [22m[33mv8[39m
release	UNKNOWN STEP	2025-10-25T20:27:41.1669585Z 
release	UNKNOWN STEP	2025-10-25T20:27:45.5427917Z  [32mâœ“[39m src/core/client.test.ts [2m([22m[2m67 tests[22m[2m)[22m[32m 250[2mms[22m[39m
release	UNKNOWN STEP	2025-10-25T20:27:45.6426489Z  [32mâœ“[39m src/core/coreToolScheduler.test.ts [2m([22m[2m31 tests[22m[2m)[22m[33m 325[2mms[22m[39m
release	UNKNOWN STEP	2025-10-25T20:27:47.7892615Z  [32mâœ“[39m src/telemetry/loggers.test.ts [2m([22m[2m30 tests[22m[2m)[22m[32m 79[2mms[22m[39m
release	UNKNOWN STEP	2025-10-25T20:27:48.6622169Z  [32mâœ“[39m src/tools/ripGrep.test.ts [2m([22m[2m47 tests[22m[2m | [22m[33m1 skipped[39m[2m)[22m[33m 311[2mms[22m[39m
release	UNKNOWN STEP	2025-10-25T20:27:49.8842671Z  [32mâœ“[39m src/code_assist/oauth2.test.ts [2m([22m[2m24 tests[22m[2m)[22m[32m 97[2mms[22m[39m
release	UNKNOWN STEP	2025-10-25T20:27:50.3507782Z  [32mâœ“[39m src/telemetry/metrics.test.ts [2m([22m[2m57 tests[22m[2m)[22m[33m 2734[2mms[22m[39m
release	UNKNOWN STEP	2025-10-25T20:27:50.9726202Z  [32mâœ“[39m src/core/geminiChat.test.ts [2m([22m[2m30 tests[22m[2m)[22m[33m 5615[2mms[22m[39m
release	UNKNOWN STEP	2025-10-25T20:27:50.9728055Z    [33m[2mâœ“[22m[39m GeminiChat[2m > [22msendMessageStream[2m > [22mshould fail if the stream ends with an empty part and has no finishReason [33m 503[2mms[22m[39m
release	UNKNOWN STEP	2025-10-25T20:27:50.9730205Z    [33m[2mâœ“[22m[39m GeminiChat[2m > [22msendMessageStream[2m > [22mshould throw an error when a tool call is followed by an empty stream response [33m 505[2mms[22m[39m
release	UNKNOWN STEP	2025-10-25T20:27:50.9732612Z    [33m[2mâœ“[22m[39m GeminiChat[2m > [22msendMessageStream[2m > [22mshould throw InvalidStreamError when no tool call and no finish reason [33m 503[2mms[22m[39m
release	UNKNOWN STEP	2025-10-25T20:27:50.9734717Z    [33m[2mâœ“[22m[39m GeminiChat[2m > [22msendMessageStream[2m > [22mshould throw InvalidStreamError when no tool call and empty response text [33m 503[2mms[22m[39m
release	UNKNOWN STEP	2025-10-25T20:27:50.9736873Z    [33m[2mâœ“[22m[39m GeminiChat[2m > [22msendMessageStream with retries[2m > [22mshould yield a RETRY event when an invalid stream is encountered [33m 503[2mms[22m[39m
release	UNKNOWN STEP	2025-10-25T20:27:50.9738999Z    [33m[2mâœ“[22m[39m GeminiChat[2m > [22msendMessageStream with retries[2m > [22mshould retry on invalid content, succeed, and report metrics [33m 505[2mms[22m[39m
release	UNKNOWN STEP	2025-10-25T20:27:50.9741521Z    [33m[2mâœ“[22m[39m GeminiChat[2m > [22msendMessageStream with retries[2m > [22mshould set temperature to 1 on retry [33m 505[2mms[22m[39m
release	UNKNOWN STEP	2025-10-25T20:27:50.9743639Z    [33m[2mâœ“[22m[39m GeminiChat[2m > [22msendMessageStream with retries[2m > [22mshould fail after all retries on persistent invalid content and report metrics [33m 504[2mms[22m[39m
release	UNKNOWN STEP	2025-10-25T20:27:50.9745633Z    [33m[2mâœ“[22m[39m GeminiChat[2m > [22mshould correctly retry and append to an existing history mid-conversation [33m 505[2mms[22m[39m
release	UNKNOWN STEP	2025-10-25T20:27:50.9747362Z    [33m[2mâœ“[22m[39m GeminiChat[2m > [22mshould retry if the model returns a completely empty stream (no chunks) [33m 506[2mms[22m[39m
release	UNKNOWN STEP	2025-10-25T20:27:50.9749052Z    [33m[2mâœ“[22m[39m GeminiChat[2m > [22mshould discard valid partial content from a failed attempt upon retry [33m 506[2mms[22m[39m
release	UNKNOWN STEP	2025-10-25T20:27:51.5989328Z  [32mâœ“[39m src/mcp/oauth-provider.test.ts [2m([22m[2m21 tests[22m[2m)[22m[32m 190[2mms[22m[39m
release	UNKNOWN STEP	2025-10-25T20:27:52.4118662Z  [32mâœ“[39m src/tools/edit.test.ts [2m([22m[2m54 tests[22m[2m)[22m[32m 289[2mms[22m[39m
release	UNKNOWN STEP	2025-10-25T20:27:52.9809354Z  [32mâœ“[39m src/config/config.test.ts [2m([22m[2m69 tests[22m[2m)[22m[32m 135[2mms[22m[39m
release	UNKNOWN STEP	2025-10-25T20:27:53.2288495Z  [32mâœ“[39m src/utils/fileUtils.test.ts [2m([22m[2m66 tests[22m[2m)[22m[32m 125[2mms[22m[39m
release	UNKNOWN STEP	2025-10-25T20:27:53.9577994Z  [32mâœ“[39m src/tools/mcp-tool.test.ts [2m([22m[2m42 tests[22m[2m)[22m[32m 134[2mms[22m[39m
release	UNKNOWN STEP	2025-10-25T20:27:54.3167833Z  [32mâœ“[39m src/utils/memoryImportProcessor.test.ts [2m([22m[2m25 tests[22m[2m)[22m[32m 45[2mms[22m[39m
release	UNKNOWN STEP	2025-10-25T20:27:54.7196329Z  [32mâœ“[39m src/services/shellExecutionService.test.ts [2m([22m[2m43 tests[22m[2m)[22m[33m 519[2mms[22m[39m
release	UNKNOWN STEP	2025-10-25T20:27:55.8445314Z  [32mâœ“[39m src/tools/write-file.test.ts [2m([22m[2m30 tests[22m[2m)[22m[32m 236[2mms[22m[39m
release	UNKNOWN STEP	2025-10-25T20:27:57.3217627Z  [32mâœ“[39m src/telemetry/clearcut-logger/clearcut-logger.test.ts [2m([22m[2m35 tests[22m[2m)[22m[32m 279[2mms[22m[39m
release	UNKNOWN STEP	2025-10-25T20:27:57.3845193Z  [32mâœ“[39m src/agents/executor.test.ts [2m([22m[2m15 tests[22m[2m)[22m[32m 63[2mms[22m[39m
release	UNKNOWN STEP	2025-10-25T20:27:59.0001062Z  [32mâœ“[39m src/tools/read-many-files.test.ts [2m([22m[2m31 tests[22m[2m)[22m[33m 535[2mms[22m[39m
release	UNKNOWN STEP	2025-10-25T20:27:59.9810577Z  [32mâœ“[39m src/utils/editCorrector.test.ts [2m([22m[2m40 tests[22m[2m)[22m[32m 53[2mms[22m[39m
release	UNKNOWN STEP	2025-10-25T20:28:00.3267056Z  [32mâœ“[39m src/services/loopDetectionService.test.ts [2m([22m[2m37 tests[22m[2m)[22m[33m 308[2mms[22m[39m
release	UNKNOWN STEP	2025-10-25T20:28:00.5106421Z  [32mâœ“[39m src/core/logger.test.ts [2m([22m[2m38 tests[22m[2m)[22m[32m 150[2mms[22m[39m
release	UNKNOWN STEP	2025-10-25T20:28:01.5696772Z  [32mâœ“[39m src/core/turn.test.ts [2m([22m[2m21 tests[22m[2m)[22m[32m 27[2mms[22m[39m
release	UNKNOWN STEP	2025-10-25T20:28:02.2000765Z  [32mâœ“[39m src/ide/ide-client.test.ts [2m([22m[2m23 tests[22m[2m)[22m[32m 64[2mms[22m[39m
release	UNKNOWN STEP	2025-10-25T20:28:03.1522807Z  [32mâœ“[39m src/tools/web-fetch.test.ts [2m([22m[2m32 tests[22m[2m)[22m[32m 132[2mms[22m[39m
release	UNKNOWN STEP	2025-10-25T20:28:03.1852103Z  [32mâœ“[39m src/utils/shell-utils.test.ts [2m([22m[2m73 tests[22m[2m | [22m[33m2 skipped[39m[2m)[22m[32m 146[2mms[22m[39m
release	UNKNOWN STEP	2025-10-25T20:28:05.0171208Z  [32mâœ“[39m src/tools/smart-edit.test.ts [2m([22m[2m24 tests[22m[2m)[22m[32m 185[2mms[22m[39m
release	UNKNOWN STEP	2025-10-25T20:28:05.5389194Z  [32mâœ“[39m src/policy/policy-engine.test.ts [2m([22m[2m28 tests[22m[2m)[22m[32m 20[2mms[22m[39m
release	UNKNOWN STEP	2025-10-25T20:28:05.7164823Z  [32mâœ“[39m src/tools/mcp-client.test.ts [2m([22m[2m30 tests[22m[2m)[22m[32m 99[2mms[22m[39m
release	UNKNOWN STEP	2025-10-25T20:28:06.3274621Z (node:8000) MaxListenersExceededWarning: Possible EventTarget memory leak detected. 11 abort listeners added to [AbortSignal]. MaxListeners is 10. Use events.setMaxListeners() to increase limit
release	UNKNOWN STEP	2025-10-25T20:28:06.3276312Z (Use `node --trace-warnings ...` to show where the warning was created)
release	UNKNOWN STEP	2025-10-25T20:28:06.3630310Z  [32mâœ“[39m src/utils/filesearch/fileSearch.test.ts [2m([22m[2m27 tests[22m[2m)[22m[32m 112[2mms[22m[39m
release	UNKNOWN STEP	2025-10-25T20:28:06.6195197Z  [32mâœ“[39m src/telemetry/uiTelemetry.test.ts [2m([22m[2m19 tests[22m[2m)[22m[32m 18[2mms[22m[39m
release	UNKNOWN STEP	2025-10-25T20:28:06.7006589Z  [32mâœ“[39m src/telemetry/memory-monitor.test.ts [2m([22m[2m31 tests[22m[2m)[22m[32m 48[2mms[22m[39m
release	UNKNOWN STEP	2025-10-25T20:28:06.9448369Z  [32mâœ“[39m src/utils/editor.test.ts [2m([22m[2m113 tests[22m[2m)[22m[32m 47[2mms[22m[39m
release	UNKNOWN STEP	2025-10-25T20:28:07.3128145Z  [32mâœ“[39m src/utils/memoryDiscovery.test.ts [2m([22m[2m16 tests[22m[2m)[22m[32m 123[2mms[22m[39m
release	UNKNOWN STEP	2025-10-25T20:28:07.7416621Z  [32mâœ“[39m src/tools/glob.test.ts [2m([22m[2m38 tests[22m[2m)[22m[33m 1971[2mms[22m[39m
release	UNKNOWN STEP	2025-10-25T20:28:07.7984530Z  [32mâœ“[39m src/tools/read-file.test.ts [2m([22m[2m28 tests[22m[2m)[22m[32m 227[2mms[22m[39m
release	UNKNOWN STEP	2025-10-25T20:28:08.2052756Z  [32mâœ“[39m src/utils/systemEncoding.test.ts [2m([22m[2m38 tests[22m[2m)[22m[32m 44[2mms[22m[39m
release	UNKNOWN STEP	2025-10-25T20:28:08.8601462Z  [32mâœ“[39m src/tools/memoryTool.test.ts [2m([22m[2m19 tests[22m[2m)[22m[32m 100[2mms[22m[39m
release	UNKNOWN STEP	2025-10-25T20:28:09.0961435Z  [32mâœ“[39m src/core/baseLlmClient.test.ts [2m([22m[2m21 tests[22m[2m)[22m[32m 19[2mms[22m[39m
release	UNKNOWN STEP	2025-10-25T20:28:09.6349915Z (node:8300) MaxListenersExceededWarning: Possible EventTarget memory leak detected. 11 abort listeners added to [AbortSignal]. MaxListeners is 10. Use events.setMaxListeners() to increase limit
release	UNKNOWN STEP	2025-10-25T20:28:09.6351881Z (Use `node --trace-warnings ...` to show where the warning was created)
release	UNKNOWN STEP	2025-10-25T20:28:09.7017314Z  [32mâœ“[39m src/output/stream-json-formatter.test.ts [2m([22m[2m19 tests[22m[2m)[22m[32m 20[2mms[22m[39m
release	UNKNOWN STEP	2025-10-25T20:28:09.7307318Z  [32mâœ“[39m src/tools/grep.test.ts [2m([22m[2m24 tests[22m[2m)[22m[32m 231[2mms[22m[39m
release	UNKNOWN STEP	2025-10-25T20:28:10.1467389Z  [32mâœ“[39m src/utils/workspaceContext.test.ts [2m([22m[2m34 tests[22m[2m)[22m[32m 70[2mms[22m[39m
release	UNKNOWN STEP	2025-10-25T20:28:10.2233081Z  [32mâœ“[39m src/core/prompts.test.ts [2m([22m[2m39 tests[22m[2m)[22m[32m 50[2mms[22m[39m
release	UNKNOWN STEP	2025-10-25T20:28:10.2628726Z  [32mâœ“[39m src/tools/shell.test.ts [2m([22m[2m26 tests[22m[2m | [22m[33m1 skipped[39m[2m)[22m[32m 264[2mms[22m[39m
release	UNKNOWN STEP	2025-10-25T20:28:10.5066717Z  [32mâœ“[39m src/mcp/oauth-token-storage.test.ts [2m([22m[2m28 tests[22m[2m)[22m[32m 31[2mms[22m[39m
release	UNKNOWN STEP	2025-10-25T20:28:10.9900983Z  [32mâœ“[39m src/utils/filesearch/crawler.test.ts [2m([22m[2m18 tests[22m[2m)[22m[32m 90[2mms[22m[39m
release	UNKNOWN STEP	2025-10-25T20:28:11.3193624Z  [32mâœ“[39m src/utils/googleErrors.test.ts [2m([22m[2m13 tests[22m[2m)[22m[32m 12[2mms[22m[39m
release	UNKNOWN STEP	2025-10-25T20:28:11.6034683Z  [32mâœ“[39m src/utils/retry.test.ts [2m([22m[2m22 tests[22m[2m)[22m[32m 63[2mms[22m[39m
release	UNKNOWN STEP	2025-10-25T20:28:12.0498719Z  [32mâœ“[39m src/utils/pathReader.test.ts [2m([22m[2m16 tests[22m[2m)[22m[32m 85[2mms[22m[39m
release	UNKNOWN STEP	2025-10-25T20:28:12.0713357Z  [32mâœ“[39m src/code_assist/converter.test.ts [2m([22m[2m24 tests[22m[2m)[22m[32m 12[2mms[22m[39m
release	UNKNOWN STEP	2025-10-25T20:28:12.4163274Z  [32mâœ“[39m src/ide/ideContext.test.ts [2m([22m[2m23 tests[22m[2m)[22m[32m 25[2mms[22m[39m
release	UNKNOWN STEP	2025-10-25T20:28:12.4368917Z  [32mâœ“[39m src/mcp/token-storage/keychain-token-storage.test.ts [2m([22m[2m25 tests[22m[2m)[22m[32m 96[2mms[22m[39m
release	UNKNOWN STEP	2025-10-25T20:28:12.7594227Z  [32mâœ“[39m src/mcp/oauth-utils.test.ts [2m([22m[2m29 tests[22m[2m)[22m[32m 26[2mms[22m[39m
release	UNKNOWN STEP	2025-10-25T20:28:12.8873505Z  [32mâœ“[39m src/tools/tool-registry.test.ts [2m([22m[2m9 tests[22m[2m)[22m[32m 80[2mms[22m[39m
release	UNKNOWN STEP	2025-10-25T20:28:13.1459521Z  [32mâœ“[39m src/tools/ls.test.ts [2m([22m[2m22 tests[22m[2m)[22m[32m 202[2mms[22m[39m
release	UNKNOWN STEP	2025-10-25T20:28:13.2105414Z  [32mâœ“[39m src/telemetry/gcp-exporters.test.ts [2m([22m[2m18 tests[22m[2m)[22m[32m 54[2mms[22m[39m
release	UNKNOWN STEP	2025-10-25T20:28:13.4825172Z  [32mâœ“[39m src/utils/userAccountManager.test.ts [2m([22m[2m23 tests[22m[2m)[22m[32m 39[2mms[22m[39m
release	UNKNOWN STEP	2025-10-25T20:28:13.6243846Z  [32mâœ“[39m src/utils/getFolderStructure.test.ts [2m([22m[2m15 tests[22m[2m)[22m[32m 87[2mms[22m[39m
release	UNKNOWN STEP	2025-10-25T20:28:13.7933705Z  [32mâœ“[39m src/utils/partUtils.test.ts [2m([22m[2m37 tests[22m[2m)[22m[32m 10[2mms[22m[39m
release	UNKNOWN STEP	2025-10-25T20:28:15.4892107Z  [32mâœ“[39m src/services/chatRecordingService.test.ts [2m([22m[2m10 tests[22m[2m)[22m[32m 21[2mms[22m[39m
release	UNKNOWN STEP	2025-10-25T20:28:15.8367541Z  [32mâœ“[39m src/utils/ignorePatterns.test.ts [2m([22m[2m28 tests[22m[2m)[22m[32m 20[2mms[22m[39m
release	UNKNOWN STEP	2025-10-25T20:28:16.2576519Z  [32mâœ“[39m src/core/nonInteractiveToolExecutor.test.ts [2m([22m[2m8 tests[22m[2m)[22m[32m 24[2mms[22m[39m
release	UNKNOWN STEP	2025-10-25T20:28:16.4092713Z  [32mâœ“[39m src/agents/invocation.test.ts [2m([22m[2m11 tests[22m[2m)[22m[32m 24[2mms[22m[39m
release	UNKNOWN STEP	2025-10-25T20:28:16.5875676Z  [32mâœ“[39m src/utils/googleQuotaErrors.test.ts [2m([22m[2m13 tests[22m[2m)[22m[32m 9[2mms[22m[39m
release	UNKNOWN STEP	2025-10-25T20:28:16.8140886Z  [32mâœ“[39m src/tools/modifiable-tool.test.ts [2m([22m[2m11 tests[22m[2m)[22m[32m 37[2mms[22m[39m
release	UNKNOWN STEP	2025-10-25T20:28:17.0416393Z  [32mâœ“[39m src/utils/generateContentResponseUtilities.test.ts [2m([22m[2m29 tests[22m[2m)[22m[32m 18[2mms[22m[39m
release	UNKNOWN STEP	2025-10-25T20:28:17.1019769Z  [32mâœ“[39m src/utils/llm-edit-fixer.test.ts [2m([22m[2m7 tests[22m[2m)[22m[32m 17[2mms[22m[39m
release	UNKNOWN STEP	2025-10-25T20:28:17.3605960Z  [32mâœ“[39m src/telemetry/activity-monitor.test.ts [2m([22m[2m22 tests[22m[2m)[22m[32m 17[2mms[22m[39m
release	UNKNOWN STEP	2025-10-25T20:28:17.4346875Z  [32mâœ“[39m src/utils/gitIgnoreParser.test.ts [2m([22m[2m22 tests[22m[2m)[22m[32m 60[2mms[22m[39m
release	UNKNOWN STEP	2025-10-25T20:28:17.6245114Z  [32mâœ“[39m src/output/json-formatter.test.ts [2m([22m[2m15 tests[22m[2m)[22m[32m 10[2mms[22m[39m
release	UNKNOWN STEP	2025-10-25T20:28:17.9539860Z  [32mâœ“[39m src/mcp/token-storage/file-token-storage.test.ts [2m([22m[2m16 tests[22m[2m)[22m[33m 837[2mms[22m[39m
release	UNKNOWN STEP	2025-10-25T20:28:17.9917626Z  [32mâœ“[39m src/services/gitService.test.ts [2m([22m[2m14 tests[22m[2m)[22m[32m 48[2mms[22m[39m
release	UNKNOWN STEP	2025-10-25T20:28:18.0142007Z  [32mâœ“[39m src/tools/message-bus-integration.test.ts [2m([22m[2m9 tests[22m[2m)[22m[32m 74[2mms[22m[39m
release	UNKNOWN STEP	2025-10-25T20:28:18.2671328Z  [32mâœ“[39m src/utils/paths.test.ts [2m([22m[2m55 tests[22m[2m)[22m[32m 19[2mms[22m[39m
release	UNKNOWN STEP	2025-10-25T20:28:18.6013755Z  [32mâœ“[39m src/telemetry/rate-limiter.test.ts [2m([22m[2m24 tests[22m[2m)[22m[32m 19[2mms[22m[39m
release	UNKNOWN STEP	2025-10-25T20:28:18.9820373Z  [32mâœ“[39m src/mcp/token-storage/hybrid-token-storage.test.ts [2m([22m[2m11 tests[22m[2m)[22m[32m 31[2mms[22m[39m
release	UNKNOWN STEP	2025-10-25T20:28:19.3308255Z  [32mâœ“[39m src/telemetry/sdk.test.ts [2m([22m[2m9 tests[22m[2m)[22m[32m 24[2mms[22m[39m
release	UNKNOWN STEP	2025-10-25T20:28:20.2533115Z  [32mâœ“[39m src/utils/nextSpeakerChecker.test.ts [2m([22m[2m10 tests[22m[2m)[22m[32m 18[2mms[22m[39m
release	UNKNOWN STEP	2025-10-25T20:28:20.6556113Z  [32mâœ“[39m src/services/fileDiscoveryService.test.ts [2m([22m[2m15 tests[22m[2m)[22m[32m 53[2mms[22m[39m
release	UNKNOWN STEP	2025-10-25T20:28:20.7919386Z  [32mâœ“[39m src/routing/strategies/classifierStrategy.test.ts [2m([22m[2m8 tests[22m[2m)[22m[32m 20[2mms[22m[39m
release	UNKNOWN STEP	2025-10-25T20:28:21.0141832Z  [32mâœ“[39m src/utils/bfsFileSearch.test.ts [2m([22m[2m11 tests[22m[2m)[22m[32m 92[2mms[22m[39m
release	UNKNOWN STEP	2025-10-25T20:28:21.1294368Z  [32mâœ“[39m src/utils/secure-browser-launcher.test.ts [2m([22m[2m14 tests[22m[2m)[22m[32m 28[2mms[22m[39m
release	UNKNOWN STEP	2025-10-25T20:28:21.3511417Z  [32mâœ“[39m src/tools/web-search.test.ts [2m([22m[2m9 tests[22m[2m)[22m[32m 89[2mms[22m[39m
release	UNKNOWN STEP	2025-10-25T20:28:21.4353084Z  [32mâœ“[39m src/confirmation-bus/message-bus.test.ts [2m([22m[2m10 tests[22m[2m)[22m[32m 16[2mms[22m[39m
release	UNKNOWN STEP	2025-10-25T20:28:21.7863436Z  [32mâœ“[39m src/utils/errorReporting.test.ts [2m([22m[2m6 tests[22m[2m)[22m[32m 30[2mms[22m[39m
release	UNKNOWN STEP	2025-10-25T20:28:21.8525676Z  [32mâœ“[39m src/code_assist/oauth-credential-storage.test.ts [2m([22m[2m12 tests[22m[2m)[22m[32m 26[2mms[22m[39m
release	UNKNOWN STEP	2025-10-25T20:28:22.0823805Z  [32mâœ“[39m src/core/fakeContentGenerator.test.ts [2m([22m[2m14 tests[22m[2m)[22m[32m 14[2mms[22m[39m
release	UNKNOWN STEP	2025-10-25T20:28:22.3787542Z  [32mâœ“[39m src/telemetry/high-water-mark-tracker.test.ts [2m([22m[2m18 tests[22m[2m)[22m[32m 16[2mms[22m[39m
release	UNKNOWN STEP	2025-10-25T20:28:23.6166659Z  [32mâœ“[39m src/fallback/handler.test.ts [2m([22m[2m10 tests[22m[2m)[22m[32m 15[2mms[22m[39m
release	UNKNOWN STEP	2025-10-25T20:28:23.7457157Z  [32mâœ“[39m src/utils/summarizer.test.ts [2m([22m[2m8 tests[22m[2m)[22m[32m 67[2mms[22m[39m
release	UNKNOWN STEP	2025-10-25T20:28:24.1657682Z  [32mâœ“[39m src/tools/tools.test.ts [2m([22m[2m11 tests[22m[2m)[22m[32m 14[2mms[22m[39m
release	UNKNOWN STEP	2025-10-25T20:28:24.2746202Z  [32mâœ“[39m src/utils/terminalSerializer.test.ts [2m([22m[2m16 tests[22m[2m)[22m[32m 103[2mms[22m[39m
release	UNKNOWN STEP	2025-10-25T20:28:24.4474054Z  [32mâœ“[39m src/agents/registry.test.ts [2m([22m[2m12 tests[22m[2m)[22m[32m 18[2mms[22m[39m
release	UNKNOWN STEP	2025-10-25T20:28:24.6918133Z  [32mâœ“[39m src/code_assist/server.test.ts [2m([22m[2m8 tests[22m[2m)[22m[32m 47[2mms[22m[39m
release	UNKNOWN STEP	2025-10-25T20:28:24.7849418Z  [32mâœ“[39m src/routing/strategies/compositeStrategy.test.ts [2m([22m[2m6 tests[22m[2m)[22m[32m 15[2mms[22m[39m
release	UNKNOWN STEP	2025-10-25T20:28:25.1072961Z  [32mâœ“[39m src/ide/process-utils.test.ts [2m([22m[2m8 tests[22m[2m)[22m[32m 12[2mms[22m[39m
release	UNKNOWN STEP	2025-10-25T20:28:25.1850377Z  [32mâœ“[39m src/code_assist/setup.test.ts [2m([22m[2m7 tests[22m[2m)[22m[32m 13[2mms[22m[39m
release	UNKNOWN STEP	2025-10-25T20:28:25.4579175Z  [32mâœ“[39m src/ide/ide-installer.test.ts [2m([22m[2m11 tests[22m[2m)[22m[32m 17[2mms[22m[39m
release	UNKNOWN STEP	2025-10-25T20:28:25.5514585Z  [32mâœ“[39m src/core/contentGenerator.test.ts [2m([22m[2m9 tests[22m[2m)[22m[32m 14[2mms[22m[39m
release	UNKNOWN STEP	2025-10-25T20:28:25.8976421Z  [32mâœ“[39m src/utils/environmentContext.test.ts [2m([22m[2m6 tests[22m[2m)[22m[32m 29[2mms[22m[39m
release	UNKNOWN STEP	2025-10-25T20:28:25.9030084Z  [32mâœ“[39m src/mcp/sa-impersonation-provider.test.ts [2m([22m[2m8 tests[22m[2m)[22m[32m 31[2mms[22m[39m
release	UNKNOWN STEP	2025-10-25T20:28:26.2162188Z  [32mâœ“[39m src/tools/diffOptions.test.ts [2m([22m[2m9 tests[22m[2m)[22m[32m 10[2mms[22m[39m
release	UNKNOWN STEP	2025-10-25T20:28:26.3305599Z  [32mâœ“[39m src/mcp/google-auth-provider.test.ts [2m([22m[2m10 tests[22m[2m)[22m[32m 23[2mms[22m[39m
release	UNKNOWN STEP	2025-10-25T20:28:26.6902142Z  [32mâœ“[39m src/utils/events.test.ts [2m([22m[2m8 tests[22m[2m)[22m[32m 48[2mms[22m[39m
release	UNKNOWN STEP	2025-10-25T20:28:27.0125746Z  [32mâœ“[39m src/utils/filesearch/ignore.test.ts [2m([22m[2m12 tests[22m[2m)[22m[32m 25[2mms[22m[39m
release	UNKNOWN STEP	2025-10-25T20:28:27.7979650Z  [32mâœ“[39m src/agents/subagent-tool-wrapper.test.ts [2m([22m[2m7 tests[22m[2m)[22m[32m 73[2mms[22m[39m
release	UNKNOWN STEP	2025-10-25T20:28:28.1493609Z  [32mâœ“[39m src/mcp/token-storage/base-token-storage.test.ts [2m([22m[2m12 tests[22m[2m)[22m[32m 8[2mms[22m[39m
release	UNKNOWN STEP	2025-10-25T20:28:28.2988734Z  [32mâœ“[39m src/telemetry/config.test.ts [2m([22m[2m11 tests[22m[2m)[22m[32m 11[2mms[22m[39m
release	UNKNOWN STEP	2025-10-25T20:28:28.4118524Z  [32mâœ“[39m src/agents/schema-utils.test.ts [2m([22m[2m6 tests[22m[2m)[22m[32m 10[2mms[22m[39m
release	UNKNOWN STEP	2025-10-25T20:28:28.5784403Z  [32mâœ“[39m src/telemetry/activity-detector.test.ts [2m([22m[2m13 tests[22m[2m)[22m[32m 13[2mms[22m[39m
release	UNKNOWN STEP	2025-10-25T20:28:28.7505247Z  [32mâœ“[39m src/routing/modelRouterService.test.ts [2m([22m[2m5 tests[22m[2m)[22m[32m 58[2mms[22m[39m
release	UNKNOWN STEP	2025-10-25T20:28:28.8531772Z  [32mâœ“[39m src/agents/utils.test.ts [2m([22m[2m12 tests[22m[2m)[22m[32m 9[2mms[22m[39m
release	UNKNOWN STEP	2025-10-25T20:28:29.1741651Z  [32mâœ“[39m src/ide/detect-ide.test.ts [2m([22m[2m14 tests[22m[2m)[22m[32m 10[2mms[22m[39m
release	UNKNOWN STEP	2025-10-25T20:28:29.8432603Z  [32mâœ“[39m src/tools/write-todos.test.ts [2m([22m[2m9 tests[22m[2m)[22m[32m 71[2mms[22m[39m
release	UNKNOWN STEP	2025-10-25T20:28:30.0554708Z  [32mâœ“[39m src/utils/errorParsing.test.ts [2m([22m[2m10 tests[22m[2m)[22m[32m 5[2mms[22m[39m
release	UNKNOWN STEP	2025-10-25T20:28:30.1393288Z  [32mâœ“[39m src/utils/filesearch/crawlCache.test.ts [2m([22m[2m9 tests[22m[2m)[22m[32m 14[2mms[22m[39m
release	UNKNOWN STEP	2025-10-25T20:28:30.4045443Z  [32mâœ“[39m src/utils/pathCorrector.test.ts [2m([22m[2m4 tests[22m[2m)[22m[32m 28[2mms[22m[39m
release	UNKNOWN STEP	2025-10-25T20:28:30.7023570Z  [32mâœ“[39m src/utils/delay.test.ts [2m([22m[2m7 tests[22m[2m)[22m[32m 18[2mms[22m[39m
release	UNKNOWN STEP	2025-10-25T20:28:30.9078460Z  [32mâœ“[39m src/utils/flashFallback.test.ts [2m([22m[2m4 tests[22m[2m)[22m[32m 18[2mms[22m[39m
release	UNKNOWN STEP	2025-10-25T20:28:30.9839301Z  [32mâœ“[39m src/utils/installationManager.test.ts [2m([22m[2m4 tests[22m[2m)[22m[32m 10[2mms[22m[39m
release	UNKNOWN STEP	2025-10-25T20:28:31.4357919Z  [32mâœ“[39m src/utils/schemaValidator.test.ts [2m([22m[2m7 tests[22m[2m)[22m[32m 77[2mms[22m[39m
release	UNKNOWN STEP	2025-10-25T20:28:31.7356934Z  [32mâœ“[39m src/utils/debugLogger.test.ts [2m([22m[2m6 tests[22m[2m)[22m[32m 14[2mms[22m[39m
release	UNKNOWN STEP	2025-10-25T20:28:32.0210104Z  [32mâœ“[39m src/utils/textUtils.test.ts [2m([22m[2m12 tests[22m[2m)[22m[32m 8[2mms[22m[39m
release	UNKNOWN STEP	2025-10-25T20:28:32.3058334Z  [32mâœ“[39m src/config/models.test.ts [2m([22m[2m9 tests[22m[2m)[22m[32m 6[2mms[22m[39m
release	UNKNOWN STEP	2025-10-25T20:28:32.5867735Z  [32mâœ“[39m src/routing/strategies/fallbackStrategy.test.ts [2m([22m[2m4 tests[22m[2m)[22m[32m 6[2mms[22m[39m
release	UNKNOWN STEP	2025-10-25T20:28:32.6442754Z  [32mâœ“[39m src/config/flashFallback.test.ts [2m([22m[2m6 tests[22m[2m)[22m[32m 10[2mms[22m[39m
release	UNKNOWN STEP	2025-10-25T20:28:32.8568225Z  [32mâœ“[39m src/utils/thoughtUtils.test.ts [2m([22m[2m11 tests[22m[2m)[22m[32m 10[2mms[22m[39m
release	UNKNOWN STEP	2025-10-25T20:28:32.9578485Z  [32mâœ“[39m src/utils/safeJsonStringify.test.ts [2m([22m[2m8 tests[22m[2m)[22m[32m 6[2mms[22m[39m
release	UNKNOWN STEP	2025-10-25T20:28:33.2741623Z  [32mâœ“[39m src/utils/geminiIgnoreParser.test.ts [2m([22m[2m2 tests[22m[2m)[22m[32m 16[2mms[22m[39m
release	UNKNOWN STEP	2025-10-25T20:28:33.4685049Z  [32mâœ“[39m src/utils/tool-utils.test.ts [2m([22m[2m8 tests[22m[2m)[22m[32m 6[2mms[22m[39m
release	UNKNOWN STEP	2025-10-25T20:28:33.5533904Z  [32mâœ“[39m src/config/storage.test.ts [2m([22m[2m6 tests[22m[2m)[22m[32m 4[2mms[22m[39m
release	UNKNOWN STEP	2025-10-25T20:28:33.8092845Z  [32mâœ“[39m src/routing/strategies/overrideStrategy.test.ts [2m([22m[2m3 tests[22m[2m)[22m[32m 6[2mms[22m[39m
release	UNKNOWN STEP	2025-10-25T20:28:34.1102522Z  [32mâœ“[39m src/utils/filesearch/result-cache.test.ts [2m([22m[2m3 tests[22m[2m)[22m[32m 6[2mms[22m[39m
release	UNKNOWN STEP	2025-10-25T20:28:34.4535807Z  [32mâœ“[39m src/services/fileSystemService.test.ts [2m([22m[2m3 tests[22m[2m)[22m[32m 10[2mms[22m[39m
release	UNKNOWN STEP	2025-10-25T20:28:34.7161852Z  [32mâœ“[39m src/telemetry/telemetry-utils.test.ts [2m([22m[2m6 tests[22m[2m)[22m[32m 6[2mms[22m[39m
release	UNKNOWN STEP	2025-10-25T20:28:34.9944762Z  [32mâœ“[39m src/routing/strategies/defaultStrategy.test.ts [2m([22m[2m1 test[22m[2m)[22m[32m 4[2mms[22m[39m
release	UNKNOWN STEP	2025-10-25T20:28:35.2587408Z  [32mâœ“[39m src/utils/formatters.test.ts [2m([22m[2m4 tests[22m[2m)[22m[32m 5[2mms[22m[39m
release	UNKNOWN STEP	2025-10-25T20:28:35.2777352Z  [32mâœ“[39m src/tools/mcp-client-manager.test.ts [2m([22m[2m2 tests[22m[2m)[22m[32m 9[2mms[22m[39m
release	UNKNOWN STEP	2025-10-25T20:28:35.5801571Z  [32mâœ“[39m src/commands/extensions.test.ts [2m([22m[2m1 test[22m[2m)[22m[32m 5[2mms[22m[39m
release	UNKNOWN STEP	2025-10-25T20:28:35.5851648Z  [32mâœ“[39m src/index.test.ts [2m([22m[2m1 test[22m[2m)[22m[32m 4[2mms[22m[39m
release	UNKNOWN STEP	2025-10-25T20:28:35.9962266Z  [32mâœ“[39m src/telemetry/telemetry.test.ts [2m([22m[2m2 tests[22m[2m)[22m[32m 18[2mms[22m[39m
release	UNKNOWN STEP	2025-10-25T20:28:38.9242111Z 
release	UNKNOWN STEP	2025-10-25T20:28:38.9259021Z [2m  Snapshots [22m [1m[33m4 obsolete[39m[22m
release	UNKNOWN STEP	2025-10-25T20:28:38.9260287Z [2m            [22m [90mâ†³[39m [2msrc/core/[22m[1mprompts[22m[2m.test.ts[22m
release	UNKNOWN STEP	2025-10-25T20:28:38.9261930Z [2m            [22m   [90mÂ·[39m Core System Prompt (prompts.ts) > should return the base prompt when 'no userMemory is provided' 1
release	UNKNOWN STEP	2025-10-25T20:28:38.9263422Z [2m            [22m   [90mÂ·[39m Core System Prompt (prompts.ts) > should return the base prompt when 'userMemory is empty string' 1
release	UNKNOWN STEP	2025-10-25T20:28:38.9265228Z [2m            [22m   [90mÂ·[39m Core System Prompt (prompts.ts) > should return the base prompt when 'userMemory is whitespace only' 1
release	UNKNOWN STEP	2025-10-25T20:28:38.9266601Z [2m            [22m   [90mÂ·[39m Core System Prompt (prompts.ts) > should return the base prompt when no userMemory is provided 1
release	UNKNOWN STEP	2025-10-25T20:28:38.9267166Z 
release	UNKNOWN STEP	2025-10-25T20:28:38.9269070Z [2m Test Files [22m [1m[32m140 passed[39m[22m[90m (140)[39m
release	UNKNOWN STEP	2025-10-25T20:28:38.9273500Z [2m      Tests [22m [1m[32m2705 passed[39m[22m[2m | [22m[33m4 skipped[39m[90m (2709)[39m
release	UNKNOWN STEP	2025-10-25T20:28:38.9274355Z [2m   Start at [22m 20:27:41
release	UNKNOWN STEP	2025-10-25T20:28:38.9281473Z [2m   Duration [22m 57.75s[2m (transform 4.98s, setup 479ms, collect 96.56s, tests 20.20s, environment 43ms, prepare 14.20s)[22m
release	UNKNOWN STEP	2025-10-25T20:28:38.9282159Z 
release	UNKNOWN STEP	2025-10-25T20:28:39.3696125Z JUNIT report written to /home/runner/work/gemini-cli/gemini-cli/release/packages/core/junit.xml
release	UNKNOWN STEP	2025-10-25T20:28:39.3721047Z [34m % [39m[2mCoverage report from [22m[33mv8[39m
release	UNKNOWN STEP	2025-10-25T20:28:39.9469328Z 
release	UNKNOWN STEP	2025-10-25T20:28:39.9470209Z > gemini-cli-vscode-ide-companion@0.12.0-nightly.20251022.0542de95 test:ci
release	UNKNOWN STEP	2025-10-25T20:28:39.9474997Z > vitest run --coverage
release	UNKNOWN STEP	2025-10-25T20:28:39.9475215Z 
release	UNKNOWN STEP	2025-10-25T20:28:40.3451984Z 
release	UNKNOWN STEP	2025-10-25T20:28:40.3456962Z [1m[46m RUN [49m[22m [36mv3.2.4 [39m[90m/home/runner/work/gemini-cli/gemini-cli/release/packages/vscode-ide-companion[39m
release	UNKNOWN STEP	2025-10-25T20:28:40.3458012Z       [2mCoverage enabled with [22m[33mv8[39m
release	UNKNOWN STEP	2025-10-25T20:28:40.3458234Z 
release	UNKNOWN STEP	2025-10-25T20:28:40.8015173Z  [32mâœ“[39m src/open-files-manager.test.ts [2m([22m[2m17 tests[22m[2m)[22m[32m 39[2mms[22m[39m
release	UNKNOWN STEP	2025-10-25T20:28:41.1685456Z  [32mâœ“[39m src/extension.test.ts [2m([22m[2m11 tests[22m[2m)[22m[32m 99[2mms[22m[39m
release	UNKNOWN STEP	2025-10-25T20:28:41.2125447Z  [32mâœ“[39m src/ide-server.test.ts [2m([22m[2m13 tests[22m[2m | [22m[33m1 skipped[39m[2m)[22m[32m 137[2mms[22m[39m
release	UNKNOWN STEP	2025-10-25T20:28:41.4230439Z 
release	UNKNOWN STEP	2025-10-25T20:28:41.4234325Z [2m Test Files [22m [1m[32m3 passed[39m[22m[90m (3)[39m
release	UNKNOWN STEP	2025-10-25T20:28:41.4236183Z [2m      Tests [22m [1m[32m40 passed[39m[22m[2m | [22m[33m1 skipped[39m[90m (41)[39m
release	UNKNOWN STEP	2025-10-25T20:28:41.4242182Z [2m   Start at [22m 20:28:40
release	UNKNOWN STEP	2025-10-25T20:28:41.4243738Z [2m   Duration [22m 1.08s[2m (transform 354ms, setup 0ms, collect 1.07s, tests 274ms, environment 1ms, prepare 315ms)[22m
release	UNKNOWN STEP	2025-10-25T20:28:41.4244922Z 
release	UNKNOWN STEP	2025-10-25T20:28:41.4254607Z [34m % [39m[2mCoverage report from [22m[33mv8[39m
release	UNKNOWN STEP	2025-10-25T20:28:41.4290208Z -------------------|---------|----------|---------|---------|-------------------
release	UNKNOWN STEP	2025-10-25T20:28:41.4293644Z File               | % Stmts | % Branch | % Funcs | % Lines | Uncovered Line #s 
release	UNKNOWN STEP	2025-10-25T20:28:41.4294518Z -------------------|---------|----------|---------|---------|-------------------
release	UNKNOWN STEP	2025-10-25T20:28:41.4299313Z All files          |      48 |    76.63 |    55.1 |      48 |                   
release	UNKNOWN STEP	2025-10-25T20:28:41.4312537Z  ...-ide-companion |       0 |        0 |       0 |       0 |                   
release	UNKNOWN STEP	2025-10-25T20:28:41.4313362Z   esbuild.js       |       0 |        0 |       0 |       0 | 1-69              
release	UNKNOWN STEP	2025-10-25T20:28:41.4314117Z  ...panion/scripts |       0 |        0 |       0 |       0 |                   
release	UNKNOWN STEP	2025-10-25T20:28:41.4314989Z   ...de-release.js |       0 |        0 |       0 |       0 | 1-99              
release	UNKNOWN STEP	2025-10-25T20:28:41.4315693Z   ...te-notices.js |       0 |        0 |       0 |       0 | 1-160             
release	UNKNOWN STEP	2025-10-25T20:28:41.4316419Z  ...-companion/src |   61.57 |     79.2 |   57.77 |   61.57 |                   
release	UNKNOWN STEP	2025-10-25T20:28:41.4317192Z   diff-manager.ts  |   23.38 |       80 |      25 |   23.38 | ...37-238,241-266 
release	UNKNOWN STEP	2025-10-25T20:28:41.4317909Z   extension.ts     |   67.19 |       80 |      50 |   67.19 | ...04-208,213-227 
release	UNKNOWN STEP	2025-10-25T20:28:41.4318627Z   ide-server.ts    |   66.19 |    74.46 |   68.75 |   66.19 | ...60-463,472-489 
release	UNKNOWN STEP	2025-10-25T20:28:41.4319347Z   ...es-manager.ts |   94.36 |    85.29 |     100 |   94.36 | ...88,146-147,154 
release	UNKNOWN STEP	2025-10-25T20:28:41.4320413Z  ...nion/src/utils |   88.23 |    66.66 |     100 |   88.23 |                   
release	UNKNOWN STEP	2025-10-25T20:28:41.4321350Z   logger.ts        |   88.23 |    66.66 |     100 |   88.23 | 21-22             
release	UNKNOWN STEP	2025-10-25T20:28:41.4322058Z -------------------|---------|----------|---------|---------|-------------------
release	UNKNOWN STEP	2025-10-25T20:28:41.6163532Z 
release	UNKNOWN STEP	2025-10-25T20:28:41.6164156Z > @google/gemini-cli@0.12.0-nightly.20251022.0542de95 test:scripts
release	UNKNOWN STEP	2025-10-25T20:28:41.6164690Z > vitest run --config ./scripts/tests/vitest.config.ts
release	UNKNOWN STEP	2025-10-25T20:28:41.6164937Z 
release	UNKNOWN STEP	2025-10-25T20:28:41.9074522Z 
release	UNKNOWN STEP	2025-10-25T20:28:41.9076605Z [1m[46m RUN [49m[22m [36mv3.2.4 [39m[90m/home/runner/work/gemini-cli/gemini-cli/release[39m
release	UNKNOWN STEP	2025-10-25T20:28:41.9077177Z 
release	UNKNOWN STEP	2025-10-25T20:28:42.3359485Z [90mstderr[2m | scripts/tests/get-release-version.test.js[2m > [22m[2mgetVersion[2m > [22m[2mAdvanced Scenarios[2m > [22m[2mshould ignore a deprecated version and use the next highest
release	UNKNOWN STEP	2025-10-25T20:28:42.3362113Z [22m[39mIgnoring deprecated version: 0.9.0-nightly.20250917.deprecated
release	UNKNOWN STEP	2025-10-25T20:28:42.3362602Z 
release	UNKNOWN STEP	2025-10-25T20:28:42.3380388Z [90mstderr[2m | scripts/tests/get-release-version.test.js[2m > [22m[2mgetVersion[2m > [22m[2mAdvanced Scenarios[2m > [22m[2mshould auto-increment patch version if the calculated one already exists
release	UNKNOWN STEP	2025-10-25T20:28:42.3382194Z [22m[39mGit tag v0.7.0 already exists.
release	UNKNOWN STEP	2025-10-25T20:28:42.3382717Z Version 0.7.0 exists, incrementing.
release	UNKNOWN STEP	2025-10-25T20:28:42.3382989Z 
release	UNKNOWN STEP	2025-10-25T20:28:42.3397552Z [90mstderr[2m | scripts/tests/get-release-version.test.js[2m > [22m[2mgetVersion[2m > [22m[2mAdvanced Scenarios[2m > [22m[2mshould auto-increment preview number if the calculated one already exists
release	UNKNOWN STEP	2025-10-25T20:28:42.3399405Z [22m[39mVersion 0.8.0-preview.0 already exists on NPM.
release	UNKNOWN STEP	2025-10-25T20:28:42.3400298Z Version 0.8.0-preview.0 exists, incrementing.
release	UNKNOWN STEP	2025-10-25T20:28:42.3401097Z 
release	UNKNOWN STEP	2025-10-25T20:28:42.3426523Z  [32mâœ“[39m scripts/tests/get-release-version.test.js [2m([22m[2m8 tests[22m[2m)[22m[32m 29[2mms[22m[39m
release	UNKNOWN STEP	2025-10-25T20:28:43.2191426Z  [32mâœ“[39m scripts/tests/patch-create-comment.test.js [2m([22m[2m15 tests[22m[2m)[22m[33m 1018[2mms[22m[39m
release	UNKNOWN STEP	2025-10-25T20:28:43.2295400Z 
release	UNKNOWN STEP	2025-10-25T20:28:43.2299768Z [2m Test Files [22m [1m[32m2 passed[39m[22m[90m (2)[39m
release	UNKNOWN STEP	2025-10-25T20:28:43.2300888Z [2m      Tests [22m [1m[32m23 passed[39m[22m[90m (23)[39m
release	UNKNOWN STEP	2025-10-25T20:28:43.2301609Z [2m   Start at [22m 20:28:41
release	UNKNOWN STEP	2025-10-25T20:28:43.2304729Z [2m   Duration [22m 1.32s[2m (transform 125ms, setup 46ms, collect 229ms, tests 1.05s, environment 0ms, prepare 166ms)[22m
release	UNKNOWN STEP	2025-10-25T20:28:43.2305450Z 
release	UNKNOWN STEP	2025-10-25T20:28:43.3316003Z ##[endgroup]
release	UNKNOWN STEP	2025-10-25T20:28:43.3316617Z ##[group]Integration Tests (no sandbox)
release	UNKNOWN STEP	2025-10-25T20:28:43.4587590Z 
release	UNKNOWN STEP	2025-10-25T20:28:43.4588224Z > @google/gemini-cli@0.12.0-nightly.20251022.0542de95 test:integration:sandbox:none
release	UNKNOWN STEP	2025-10-25T20:28:43.4588896Z > cross-env GEMINI_SANDBOX=false vitest run --root ./integration-tests
release	UNKNOWN STEP	2025-10-25T20:28:43.4589221Z 
release	UNKNOWN STEP	2025-10-25T20:28:43.7736895Z 
release	UNKNOWN STEP	2025-10-25T20:28:43.7739270Z [1m[46m RUN [49m[22m [36mv3.2.4 [39m[90m/home/runner/work/gemini-cli/gemini-cli/release/integration-tests[39m
release	UNKNOWN STEP	2025-10-25T20:28:43.7739967Z 
release	UNKNOWN STEP	2025-10-25T20:28:43.8166349Z 
release	UNKNOWN STEP	2025-10-25T20:28:43.8167492Z Integration test output directory: /home/runner/work/gemini-cli/gemini-cli/release/.integration-tests/1761424123816
release	UNKNOWN STEP	2025-10-25T20:28:46.0921963Z [90mstderr[2m | run_shell_command.test.ts
release	UNKNOWN STEP	2025-10-25T20:28:46.0925162Z [22m[39mCurrent logger will be overwritten from Error: 
release	UNKNOWN STEP	2025-10-25T20:28:46.0926359Z     at DiagAPI.setLogger (/home/runner/work/gemini-cli/gemini-cli/release/node_modules/@opentelemetry/api/src/api/diag.ts:97:23)
release	UNKNOWN STEP	2025-10-25T20:28:46.0927648Z     at /home/runner/work/gemini-cli/gemini-cli/release/packages/core/src/telemetry/sdk.ts:49:6
release	UNKNOWN STEP	2025-10-25T20:28:46.0928644Z     at processTicksAndRejections (node:internal/process/task_queues:95:5)
release	UNKNOWN STEP	2025-10-25T20:28:46.0929902Z     at VitestExecutor.runModule (file:///home/runner/work/gemini-cli/gemini-cli/release/node_modules/vite-node/dist/client.mjs:397:4)
release	UNKNOWN STEP	2025-10-25T20:28:46.0932176Z     at VitestExecutor.directRequest (file:///home/runner/work/gemini-cli/gemini-cli/release/node_modules/vite-node/dist/client.mjs:375:3)
release	UNKNOWN STEP	2025-10-25T20:28:46.0933780Z     at VitestExecutor.cachedRequest (file:///home/runner/work/gemini-cli/gemini-cli/release/node_modules/vite-node/dist/client.mjs:189:11)
release	UNKNOWN STEP	2025-10-25T20:28:46.0935451Z     at VitestExecutor.dependencyRequest (file:///home/runner/work/gemini-cli/gemini-cli/release/node_modules/vite-node/dist/client.mjs:239:10)
release	UNKNOWN STEP	2025-10-25T20:28:46.0936857Z     at /home/runner/work/gemini-cli/gemini-cli/release/packages/core/src/telemetry/loggers.ts:67:1
release	UNKNOWN STEP	2025-10-25T20:28:46.0938243Z     at VitestExecutor.runModule (file:///home/runner/work/gemini-cli/gemini-cli/release/node_modules/vite-node/dist/client.mjs:397:4)
release	UNKNOWN STEP	2025-10-25T20:28:46.0939886Z     at VitestExecutor.directRequest (file:///home/runner/work/gemini-cli/gemini-cli/release/node_modules/vite-node/dist/client.mjs:375:3)
release	UNKNOWN STEP	2025-10-25T20:28:46.0941318Z Current logger will overwrite one already registered from Error: 
release	UNKNOWN STEP	2025-10-25T20:28:46.0942516Z     at DiagAPI.setLogger (/home/runner/work/gemini-cli/gemini-cli/release/node_modules/@opentelemetry/api/src/api/diag.ts:97:23)
release	UNKNOWN STEP	2025-10-25T20:28:46.0943803Z     at /home/runner/work/gemini-cli/gemini-cli/release/packages/core/src/telemetry/sdk.ts:49:6
release	UNKNOWN STEP	2025-10-25T20:28:46.0944780Z     at processTicksAndRejections (node:internal/process/task_queues:95:5)
release	UNKNOWN STEP	2025-10-25T20:28:46.0946050Z     at VitestExecutor.runModule (file:///home/runner/work/gemini-cli/gemini-cli/release/node_modules/vite-node/dist/client.mjs:397:4)
release	UNKNOWN STEP	2025-10-25T20:28:46.0947673Z     at VitestExecutor.directRequest (file:///home/runner/work/gemini-cli/gemini-cli/release/node_modules/vite-node/dist/client.mjs:375:3)
release	UNKNOWN STEP	2025-10-25T20:28:46.0949328Z     at VitestExecutor.cachedRequest (file:///home/runner/work/gemini-cli/gemini-cli/release/node_modules/vite-node/dist/client.mjs:189:11)
release	UNKNOWN STEP	2025-10-25T20:28:46.0951209Z     at VitestExecutor.dependencyRequest (file:///home/runner/work/gemini-cli/gemini-cli/release/node_modules/vite-node/dist/client.mjs:239:10)
release	UNKNOWN STEP	2025-10-25T20:28:46.0952646Z     at /home/runner/work/gemini-cli/gemini-cli/release/packages/core/src/telemetry/loggers.ts:67:1
release	UNKNOWN STEP	2025-10-25T20:28:46.0954006Z     at VitestExecutor.runModule (file:///home/runner/work/gemini-cli/gemini-cli/release/node_modules/vite-node/dist/client.mjs:397:4)
release	UNKNOWN STEP	2025-10-25T20:28:46.0955596Z     at VitestExecutor.directRequest (file:///home/runner/work/gemini-cli/gemini-cli/release/node_modules/vite-node/dist/client.mjs:375:3)
release	UNKNOWN STEP	2025-10-25T20:28:46.0956429Z 
release	UNKNOWN STEP	2025-10-25T20:28:59.7843296Z  [31mâ¯[39m simple-mcp-server.test.ts [2m([22m[2m1 test[22m[2m | [22m[31m1 failed[39m[2m)[22m[33m 15593[2mms[22m[39m
release	UNKNOWN STEP	2025-10-25T20:28:59.7864103Z [31m   [31mÃ—[31m simple-mcp-server[2m > [22mshould add two numbers[39m[33m 15586[2mms[22m[39m[33m (retry x2)[39m
release	UNKNOWN STEP	2025-10-25T20:28:59.7865096Z [31m     â†’ Process exited with code 1:
release	UNKNOWN STEP	2025-10-25T20:28:59.7865864Z YOLO mode is enabled. All tool calls will be automatically approved.
release	UNKNOWN STEP	2025-10-25T20:28:59.7867057Z GEMINI_API_KEY not found. Find your existing key or generate a new one at: https://aistudio.google.com/apikey
release	UNKNOWN STEP	2025-10-25T20:28:59.7867751Z 
release	UNKNOWN STEP	2025-10-25T20:28:59.7868321Z To continue, please set the GEMINI_API_KEY environment variable or add it to a .env file.
release	UNKNOWN STEP	2025-10-25T20:28:59.7869080Z [39m
release	UNKNOWN STEP	2025-10-25T20:28:59.7869558Z [31m     â†’ Process exited with code 1:
release	UNKNOWN STEP	2025-10-25T20:28:59.7870267Z YOLO mode is enabled. All tool calls will be automatically approved.
release	UNKNOWN STEP	2025-10-25T20:28:59.7871690Z GEMINI_API_KEY not found. Find your existing key or generate a new one at: https://aistudio.google.com/apikey
release	UNKNOWN STEP	2025-10-25T20:28:59.7872362Z 
release	UNKNOWN STEP	2025-10-25T20:28:59.7872927Z To continue, please set the GEMINI_API_KEY environment variable or add it to a .env file.
release	UNKNOWN STEP	2025-10-25T20:28:59.7873689Z [39m
release	UNKNOWN STEP	2025-10-25T20:28:59.7874185Z [31m     â†’ Process exited with code 1:
release	UNKNOWN STEP	2025-10-25T20:28:59.7874894Z YOLO mode is enabled. All tool calls will be automatically approved.
release	UNKNOWN STEP	2025-10-25T20:28:59.7876360Z GEMINI_API_KEY not found. Find your existing key or generate a new one at: https://aistudio.google.com/apikey
release	UNKNOWN STEP	2025-10-25T20:28:59.7877029Z 
release	UNKNOWN STEP	2025-10-25T20:28:59.7877623Z To continue, please set the GEMINI_API_KEY environment variable or add it to a .env file.
release	UNKNOWN STEP	2025-10-25T20:28:59.7878346Z [39m
release	UNKNOWN STEP	2025-10-25T20:29:49.2875545Z  [31mâ¯[39m file-system.test.ts [2m([22m[2m6 tests[22m[2m | [22m[31m5 failed[39m[2m | [22m[33m1 skipped[39m[2m)[22m[33m 65094[2mms[22m[39m
release	UNKNOWN STEP	2025-10-25T20:29:49.2876868Z [31m   [31mÃ—[31m file-system[2m > [22mshould be able to read a file[39m[33m 15048[2mms[22m[39m[33m (retry x2)[39m
release	UNKNOWN STEP	2025-10-25T20:29:49.2877579Z [31m     â†’ Process exited with code 1:
release	UNKNOWN STEP	2025-10-25T20:29:49.2878104Z YOLO mode is enabled. All tool calls will be automatically approved.
release	UNKNOWN STEP	2025-10-25T20:29:49.2878971Z GEMINI_API_KEY not found. Find your existing key or generate a new one at: https://aistudio.google.com/apikey
release	UNKNOWN STEP	2025-10-25T20:29:49.2879615Z 
release	UNKNOWN STEP	2025-10-25T20:29:49.2880159Z To continue, please set the GEMINI_API_KEY environment variable or add it to a .env file.
release	UNKNOWN STEP	2025-10-25T20:29:49.2881039Z [39m
release	UNKNOWN STEP	2025-10-25T20:29:49.2881495Z [31m     â†’ Process exited with code 1:
release	UNKNOWN STEP	2025-10-25T20:29:49.2882176Z YOLO mode is enabled. All tool calls will be automatically approved.
release	UNKNOWN STEP	2025-10-25T20:29:49.2883254Z GEMINI_API_KEY not found. Find your existing key or generate a new one at: https://aistudio.google.com/apikey
release	UNKNOWN STEP	2025-10-25T20:29:49.2883901Z 
release	UNKNOWN STEP	2025-10-25T20:29:49.2884435Z To continue, please set the GEMINI_API_KEY environment variable or add it to a .env file.
release	UNKNOWN STEP	2025-10-25T20:29:49.2885111Z [39m
release	UNKNOWN STEP	2025-10-25T20:29:49.2885537Z [31m     â†’ Process exited with code 1:
release	UNKNOWN STEP	2025-10-25T20:29:49.2886196Z YOLO mode is enabled. All tool calls will be automatically approved.
release	UNKNOWN STEP	2025-10-25T20:29:49.2887278Z GEMINI_API_KEY not found. Find your existing key or generate a new one at: https://aistudio.google.com/apikey
release	UNKNOWN STEP	2025-10-25T20:29:49.2887908Z 
release	UNKNOWN STEP	2025-10-25T20:29:49.2888454Z To continue, please set the GEMINI_API_KEY environment variable or add it to a .env file.
release	UNKNOWN STEP	2025-10-25T20:29:49.2889116Z [39m
release	UNKNOWN STEP	2025-10-25T20:29:49.2890110Z [31m   [31mÃ—[31m file-system[2m > [22mshould be able to write a file[39m[33m 13036[2mms[22m[39m[33m (retry x2)[39m
release	UNKNOWN STEP	2025-10-25T20:29:49.2895188Z [31m     â†’ Process exited with code 1:
release	UNKNOWN STEP	2025-10-25T20:29:49.2895872Z YOLO mode is enabled. All tool calls will be automatically approved.
release	UNKNOWN STEP	2025-10-25T20:29:49.2896973Z GEMINI_API_KEY not found. Find your existing key or generate a new one at: https://aistudio.google.com/apikey
release	UNKNOWN STEP	2025-10-25T20:29:49.2897608Z 
release	UNKNOWN STEP	2025-10-25T20:29:49.2898546Z To continue, please set the GEMINI_API_KEY environment variable or add it to a .env file.
release	UNKNOWN STEP	2025-10-25T20:29:49.2899234Z [39m
release	UNKNOWN STEP	2025-10-25T20:29:49.2899669Z [31m     â†’ Process exited with code 1:
release	UNKNOWN STEP	2025-10-25T20:29:49.2900332Z YOLO mode is enabled. All tool calls will be automatically approved.
release	UNKNOWN STEP	2025-10-25T20:29:49.2901610Z GEMINI_API_KEY not found. Find your existing key or generate a new one at: https://aistudio.google.com/apikey
release	UNKNOWN STEP	2025-10-25T20:29:49.2902260Z 
release	UNKNOWN STEP	2025-10-25T20:29:49.2902789Z To continue, please set the GEMINI_API_KEY environment variable or add it to a .env file.
release	UNKNOWN STEP	2025-10-25T20:29:49.2903580Z [39m
release	UNKNOWN STEP	2025-10-25T20:29:49.2904021Z [31m     â†’ Process exited with code 1:
release	UNKNOWN STEP	2025-10-25T20:29:49.2904670Z YOLO mode is enabled. All tool calls will be automatically approved.
release	UNKNOWN STEP	2025-10-25T20:29:49.2905774Z GEMINI_API_KEY not found. Find your existing key or generate a new one at: https://aistudio.google.com/apikey
release	UNKNOWN STEP	2025-10-25T20:29:49.2906386Z 
release	UNKNOWN STEP	2025-10-25T20:29:49.2906923Z To continue, please set the GEMINI_API_KEY environment variable or add it to a .env file.
release	UNKNOWN STEP	2025-10-25T20:29:49.2907567Z [39m
release	UNKNOWN STEP	2025-10-25T20:29:49.2908723Z [31m   [31mÃ—[31m file-system[2m > [22mshould correctly handle file paths with spaces[39m[33m 11889[2mms[22m[39m[33m (retry x2)[39m
release	UNKNOWN STEP	2025-10-25T20:29:49.2921237Z [31m     â†’ Process exited with code 1:
release	UNKNOWN STEP	2025-10-25T20:29:49.2921798Z YOLO mode is enabled. All tool calls will be automatically approved.
release	UNKNOWN STEP	2025-10-25T20:29:49.2923186Z GEMINI_API_KEY not found. Find your existing key or generate a new one at: https://aistudio.google.com/apikey
release	UNKNOWN STEP	2025-10-25T20:29:49.2923783Z 
release	UNKNOWN STEP	2025-10-25T20:29:49.2924239Z To continue, please set the GEMINI_API_KEY environment variable or add it to a .env file.
release	UNKNOWN STEP	2025-10-25T20:29:49.2924806Z [39m
release	UNKNOWN STEP	2025-10-25T20:29:49.2925190Z [31m     â†’ Process exited with code 1:
release	UNKNOWN STEP	2025-10-25T20:29:49.2925720Z YOLO mode is enabled. All tool calls will be automatically approved.
release	UNKNOWN STEP	2025-10-25T20:29:49.2926561Z GEMINI_API_KEY not found. Find your existing key or generate a new one at: https://aistudio.google.com/apikey
release	UNKNOWN STEP	2025-10-25T20:29:49.2927072Z 
release	UNKNOWN STEP	2025-10-25T20:29:49.2927593Z To continue, please set the GEMINI_API_KEY environment variable or add it to a .env file.
release	UNKNOWN STEP	2025-10-25T20:29:49.2928278Z [39m
release	UNKNOWN STEP	2025-10-25T20:29:49.2928740Z [31m     â†’ Process exited with code 1:
release	UNKNOWN STEP	2025-10-25T20:29:49.2929432Z YOLO mode is enabled. All tool calls will be automatically approved.
release	UNKNOWN STEP	2025-10-25T20:29:49.2930528Z GEMINI_API_KEY not found. Find your existing key or generate a new one at: https://aistudio.google.com/apikey
release	UNKNOWN STEP	2025-10-25T20:29:49.2931368Z 
release	UNKNOWN STEP	2025-10-25T20:29:49.2931900Z To continue, please set the GEMINI_API_KEY environment variable or add it to a .env file.
release	UNKNOWN STEP	2025-10-25T20:29:49.2932568Z [39m
release	UNKNOWN STEP	2025-10-25T20:29:49.2933703Z [31m   [31mÃ—[31m file-system[2m > [22mshould perform a read-then-write sequence[39m[33m 13334[2mms[22m[39m[33m (retry x2)[39m
release	UNKNOWN STEP	2025-10-25T20:29:49.2934681Z [31m     â†’ Process exited with code 1:
release	UNKNOWN STEP	2025-10-25T20:29:49.2935348Z YOLO mode is enabled. All tool calls will be automatically approved.
release	UNKNOWN STEP	2025-10-25T20:29:49.2936427Z GEMINI_API_KEY not found. Find your existing key or generate a new one at: https://aistudio.google.com/apikey
release	UNKNOWN STEP	2025-10-25T20:29:49.2937049Z 
release	UNKNOWN STEP	2025-10-25T20:29:49.2937574Z To continue, please set the GEMINI_API_KEY environment variable or add it to a .env file.
release	UNKNOWN STEP	2025-10-25T20:29:49.2938242Z [39m
release	UNKNOWN STEP	2025-10-25T20:29:49.2938687Z [31m     â†’ Process exited with code 1:
release	UNKNOWN STEP	2025-10-25T20:29:49.2939343Z YOLO mode is enabled. All tool calls will be automatically approved.
release	UNKNOWN STEP	2025-10-25T20:29:49.2940401Z GEMINI_API_KEY not found. Find your existing key or generate a new one at: https://aistudio.google.com/apikey
release	UNKNOWN STEP	2025-10-25T20:29:49.2941228Z 
release	UNKNOWN STEP	2025-10-25T20:29:49.2941786Z To continue, please set the GEMINI_API_KEY environment variable or add it to a .env file.
release	UNKNOWN STEP	2025-10-25T20:29:49.2942514Z [39m
release	UNKNOWN STEP	2025-10-25T20:29:49.2943011Z [31m     â†’ Process exited with code 1:
release	UNKNOWN STEP	2025-10-25T20:29:49.2943728Z YOLO mode is enabled. All tool calls will be automatically approved.
release	UNKNOWN STEP	2025-10-25T20:29:49.2945126Z GEMINI_API_KEY not found. Find your existing key or generate a new one at: https://aistudio.google.com/apikey
release	UNKNOWN STEP	2025-10-25T20:29:49.2945822Z 
release	UNKNOWN STEP	2025-10-25T20:29:49.2946374Z To continue, please set the GEMINI_API_KEY environment variable or add it to a .env file.
release	UNKNOWN STEP	2025-10-25T20:29:49.2947100Z [39m
release	UNKNOWN STEP	2025-10-25T20:29:49.2947951Z    [2m[90mâ†“[39m[22m file-system[2m > [22mshould replace multiple instances of a string
release	UNKNOWN STEP	2025-10-25T20:29:49.2949709Z [31m   [31mÃ—[31m file-system[2m > [22mshould fail safely when trying to edit a non-existent file[39m[33m 11786[2mms[22m[39m[33m (retry x2)[39m
release	UNKNOWN STEP	2025-10-25T20:29:49.2951011Z [31m     â†’ Process exited with code 1:
release	UNKNOWN STEP	2025-10-25T20:29:49.2957509Z YOLO mode is enabled. All tool calls will be automatically approved.
release	UNKNOWN STEP	2025-10-25T20:29:49.2958205Z GEMINI_API_KEY not found. Find your existing key or generate a new one at: https://aistudio.google.com/apikey
release	UNKNOWN STEP	2025-10-25T20:29:49.2958571Z 
release	UNKNOWN STEP	2025-10-25T20:29:49.2958896Z To continue, please set the GEMINI_API_KEY environment variable or add it to a .env file.
release	UNKNOWN STEP	2025-10-25T20:29:49.2959349Z [39m
release	UNKNOWN STEP	2025-10-25T20:29:49.2959621Z [31m     â†’ Process exited with code 1:
release	UNKNOWN STEP	2025-10-25T20:29:49.2960029Z YOLO mode is enabled. All tool calls will be automatically approved.
release	UNKNOWN STEP	2025-10-25T20:29:49.2961139Z GEMINI_API_KEY not found. Find your existing key or generate a new one at: https://aistudio.google.com/apikey
release	UNKNOWN STEP	2025-10-25T20:29:49.2961922Z 
release	UNKNOWN STEP	2025-10-25T20:29:49.2962346Z To continue, please set the GEMINI_API_KEY environment variable or add it to a .env file.
release	UNKNOWN STEP	2025-10-25T20:29:49.2962770Z [39m
release	UNKNOWN STEP	2025-10-25T20:29:49.2963036Z [31m     â†’ Process exited with code 1:
release	UNKNOWN STEP	2025-10-25T20:29:49.2963432Z YOLO mode is enabled. All tool calls will be automatically approved.
release	UNKNOWN STEP	2025-10-25T20:29:49.2964077Z GEMINI_API_KEY not found. Find your existing key or generate a new one at: https://aistudio.google.com/apikey
release	UNKNOWN STEP	2025-10-25T20:29:49.2966221Z 
release	UNKNOWN STEP	2025-10-25T20:29:49.2966724Z To continue, please set the GEMINI_API_KEY environment variable or add it to a .env file.
release	UNKNOWN STEP	2025-10-25T20:29:49.2967413Z [39m
release	UNKNOWN STEP	2025-10-25T20:30:06.4106606Z  [31mâ¯[39m json-output.test.ts [2m([22m[2m3 tests[22m[2m | [22m[31m1 failed[39m[2m | [22m[33m1 skipped[39m[2m)[22m[33m 16903[2mms[22m[39m
release	UNKNOWN STEP	2025-10-25T20:30:06.4108494Z [31m   [31mÃ—[31m JSON output[2m > [22mshould return a valid JSON with response and stats[39m[33m 12044[2mms[22m[39m[33m (retry x2)[39m
release	UNKNOWN STEP	2025-10-25T20:30:06.4109713Z [31m     â†’ Process exited with code 1:
release	UNKNOWN STEP	2025-10-25T20:30:06.4110213Z YOLO mode is enabled. All tool calls will be automatically approved.
release	UNKNOWN STEP	2025-10-25T20:30:06.4110546Z {
release	UNKNOWN STEP	2025-10-25T20:30:06.4110962Z   "error": {
release	UNKNOWN STEP	2025-10-25T20:30:06.4111139Z     "type": "Error",
release	UNKNOWN STEP	2025-10-25T20:30:06.4111959Z     "message": "GEMINI_API_KEY not found. Find your existing key or generate a new one at: https://aistudio.google.com/apikey\n\nTo continue, please set the GEMINI_API_KEY environment variable or add it to a .env file.",
release	UNKNOWN STEP	2025-10-25T20:30:06.4112687Z     "code": 1
release	UNKNOWN STEP	2025-10-25T20:30:06.4112839Z   }
release	UNKNOWN STEP	2025-10-25T20:30:06.4112982Z }
release	UNKNOWN STEP	2025-10-25T20:30:06.4113177Z [39m
release	UNKNOWN STEP	2025-10-25T20:30:06.4113436Z [31m     â†’ Process exited with code 1:
release	UNKNOWN STEP	2025-10-25T20:30:06.4113829Z YOLO mode is enabled. All tool calls will be automatically approved.
release	UNKNOWN STEP	2025-10-25T20:30:06.4114128Z {
release	UNKNOWN STEP	2025-10-25T20:30:06.4114278Z   "error": {
release	UNKNOWN STEP	2025-10-25T20:30:06.4114439Z     "type": "Error",
release	UNKNOWN STEP	2025-10-25T20:30:06.4115248Z     "message": "GEMINI_API_KEY not found. Find your existing key or generate a new one at: https://aistudio.google.com/apikey\n\nTo continue, please set the GEMINI_API_KEY environment variable or add it to a .env file.",
release	UNKNOWN STEP	2025-10-25T20:30:06.4115964Z     "code": 1
release	UNKNOWN STEP	2025-10-25T20:30:06.4116121Z   }
release	UNKNOWN STEP	2025-10-25T20:30:06.4116261Z }
release	UNKNOWN STEP	2025-10-25T20:30:06.4116422Z [39m
release	UNKNOWN STEP	2025-10-25T20:30:06.4116669Z [31m     â†’ Process exited with code 1:
release	UNKNOWN STEP	2025-10-25T20:30:06.4117065Z YOLO mode is enabled. All tool calls will be automatically approved.
release	UNKNOWN STEP	2025-10-25T20:30:06.4117366Z {
release	UNKNOWN STEP	2025-10-25T20:30:06.4117508Z   "error": {
release	UNKNOWN STEP	2025-10-25T20:30:06.4117679Z     "type": "Error",
release	UNKNOWN STEP	2025-10-25T20:30:06.4118737Z     "message": "GEMINI_API_KEY not found. Find your existing key or generate a new one at: https://aistudio.google.com/apikey\n\nTo continue, please set the GEMINI_API_KEY environment variable or add it to a .env file.",
release	UNKNOWN STEP	2025-10-25T20:30:06.4119468Z     "code": 1
release	UNKNOWN STEP	2025-10-25T20:30:06.4119623Z   }
release	UNKNOWN STEP	2025-10-25T20:30:06.4119760Z }
release	UNKNOWN STEP	2025-10-25T20:30:06.4119928Z [39m
release	UNKNOWN STEP	2025-10-25T20:30:06.4121052Z    [33m[2mâœ“[22m[39m JSON output[2m > [22mshould return a JSON error for sd auth mismatch before running [33m 4858[2mms[22m[39m
release	UNKNOWN STEP	2025-10-25T20:30:06.4122532Z    [2m[90mâ†“[39m[22m JSON output[2m > [22mshould not exit on tool errors and allow model to self-correct in JSON mode
release	UNKNOWN STEP	2025-10-25T20:30:20.7582256Z  [31mâ¯[39m run_shell_command.test.ts [2m([22m[2m13 tests[22m[2m | [22m[31m8 failed[39m[2m | [22m[33m5 skipped[39m[2m)[22m[33m 92179[2mms[22m[39m
release	UNKNOWN STEP	2025-10-25T20:30:20.7584093Z [31m   [31mÃ—[31m run_shell_command[2m > [22mshould be able to run a shell command[39m[33m 13934[2mms[22m[39m[33m (retry x2)[39m
release	UNKNOWN STEP	2025-10-25T20:30:20.7585057Z [31m     â†’ Process exited with code 1:
release	UNKNOWN STEP	2025-10-25T20:30:20.7585578Z YOLO mode is enabled. All tool calls will be automatically approved.
release	UNKNOWN STEP	2025-10-25T20:30:20.7586241Z GEMINI_API_KEY not found. Find your existing key or generate a new one at: https://aistudio.google.com/apikey
release	UNKNOWN STEP	2025-10-25T20:30:20.7586994Z 
release	UNKNOWN STEP	2025-10-25T20:30:20.7587322Z To continue, please set the GEMINI_API_KEY environment variable or add it to a .env file.
release	UNKNOWN STEP	2025-10-25T20:30:20.7587722Z [39m
release	UNKNOWN STEP	2025-10-25T20:30:20.7588130Z [31m     â†’ Process exited with code 1:
release	UNKNOWN STEP	2025-10-25T20:30:20.7588846Z YOLO mode is enabled. All tool calls will be automatically approved.
release	UNKNOWN STEP	2025-10-25T20:30:20.7589967Z GEMINI_API_KEY not found. Find your existing key or generate a new one at: https://aistudio.google.com/apikey
release	UNKNOWN STEP	2025-10-25T20:30:20.7590805Z 
release	UNKNOWN STEP	2025-10-25T20:30:20.7591317Z To continue, please set the GEMINI_API_KEY environment variable or add it to a .env file.
release	UNKNOWN STEP	2025-10-25T20:30:20.7591739Z [39m
release	UNKNOWN STEP	2025-10-25T20:30:20.7592010Z [31m     â†’ Process exited with code 1:
release	UNKNOWN STEP	2025-10-25T20:30:20.7592403Z YOLO mode is enabled. All tool calls will be automatically approved.
release	UNKNOWN STEP	2025-10-25T20:30:20.7593295Z GEMINI_API_KEY not found. Find your existing key or generate a new one at: https://aistudio.google.com/apikey
release	UNKNOWN STEP	2025-10-25T20:30:20.7593845Z 
release	UNKNOWN STEP	2025-10-25T20:30:20.7594157Z To continue, please set the GEMINI_API_KEY environment variable or add it to a .env file.
release	UNKNOWN STEP	2025-10-25T20:30:20.7594548Z [39m
release	UNKNOWN STEP	2025-10-25T20:30:20.7595209Z [31m   [31mÃ—[31m run_shell_command[2m > [22mshould be able to run a shell command via stdin[39m[33m 10743[2mms[22m[39m[33m (retry x2)[39m
release	UNKNOWN STEP	2025-10-25T20:30:20.7595772Z [31m     â†’ Process exited with code 1:
release	UNKNOWN STEP	2025-10-25T20:30:20.7596156Z YOLO mode is enabled. All tool calls will be automatically approved.
release	UNKNOWN STEP	2025-10-25T20:30:20.7596764Z GEMINI_API_KEY not found. Find your existing key or generate a new one at: https://aistudio.google.com/apikey
release	UNKNOWN STEP	2025-10-25T20:30:20.7597125Z 
release	UNKNOWN STEP	2025-10-25T20:30:20.7597428Z To continue, please set the GEMINI_API_KEY environment variable or add it to a .env file.
release	UNKNOWN STEP	2025-10-25T20:30:20.7597799Z [39m
release	UNKNOWN STEP	2025-10-25T20:30:20.7598037Z [31m     â†’ Process exited with code 1:
release	UNKNOWN STEP	2025-10-25T20:30:20.7598422Z YOLO mode is enabled. All tool calls will be automatically approved.
release	UNKNOWN STEP	2025-10-25T20:30:20.7599037Z GEMINI_API_KEY not found. Find your existing key or generate a new one at: https://aistudio.google.com/apikey
release	UNKNOWN STEP	2025-10-25T20:30:20.7599411Z 
release	UNKNOWN STEP	2025-10-25T20:30:20.7599711Z To continue, please set the GEMINI_API_KEY environment variable or add it to a .env file.
release	UNKNOWN STEP	2025-10-25T20:30:20.7600088Z [39m
release	UNKNOWN STEP	2025-10-25T20:30:20.7600330Z [31m     â†’ Process exited with code 1:
release	UNKNOWN STEP	2025-10-25T20:30:20.7603142Z YOLO mode is enabled. All tool calls will be automatically approved.
release	UNKNOWN STEP	2025-10-25T20:30:20.7603799Z GEMINI_API_KEY not found. Find your existing key or generate a new one at: https://aistudio.google.com/apikey
release	UNKNOWN STEP	2025-10-25T20:30:20.7604160Z 
release	UNKNOWN STEP	2025-10-25T20:30:20.7604716Z To continue, please set the GEMINI_API_KEY environment variable or add it to a .env file.
release	UNKNOWN STEP	2025-10-25T20:30:20.7605378Z [39m
release	UNKNOWN STEP	2025-10-25T20:30:20.7606204Z    [2m[90mâ†“[39m[22m run_shell_command[2m > [22mshould run allowed sub-command in non-interactive mode
release	UNKNOWN STEP	2025-10-25T20:30:20.7608001Z [31m   [31mÃ—[31m run_shell_command[2m > [22mshould succeed with no parens in non-interactive mode[39m[33m 10577[2mms[22m[39m[33m (retry x2)[39m
release	UNKNOWN STEP	2025-10-25T20:30:20.7608875Z [31m     â†’ Process exited with code 1:
release	UNKNOWN STEP	2025-10-25T20:30:20.7609447Z GEMINI_API_KEY not found. Find your existing key or generate a new one at: https://aistudio.google.com/apikey
release	UNKNOWN STEP	2025-10-25T20:30:20.7609958Z 
release	UNKNOWN STEP	2025-10-25T20:30:20.7610488Z To continue, please set the GEMINI_API_KEY environment variable or add it to a .env file.
release	UNKNOWN STEP	2025-10-25T20:30:20.7611322Z [39m
release	UNKNOWN STEP	2025-10-25T20:30:20.7611707Z [31m     â†’ Process exited with code 1:
release	UNKNOWN STEP	2025-10-25T20:30:20.7612254Z GEMINI_API_KEY not found. Find your existing key or generate a new one at: https://aistudio.google.com/apikey
release	UNKNOWN STEP	2025-10-25T20:30:20.7612617Z 
release	UNKNOWN STEP	2025-10-25T20:30:20.7612928Z To continue, please set the GEMINI_API_KEY environment variable or add it to a .env file.
release	UNKNOWN STEP	2025-10-25T20:30:20.7613311Z [39m
release	UNKNOWN STEP	2025-10-25T20:30:20.7613554Z [31m     â†’ Process exited with code 1:
release	UNKNOWN STEP	2025-10-25T20:30:20.7614082Z GEMINI_API_KEY not found. Find your existing key or generate a new one at: https://aistudio.google.com/apikey
release	UNKNOWN STEP	2025-10-25T20:30:20.7614651Z 
release	UNKNOWN STEP	2025-10-25T20:30:20.7614958Z To continue, please set the GEMINI_API_KEY environment variable or add it to a .env file.
release	UNKNOWN STEP	2025-10-25T20:30:20.7615333Z [39m
release	UNKNOWN STEP	2025-10-25T20:30:20.7615944Z [31m   [31mÃ—[31m run_shell_command[2m > [22mshould succeed with --yolo mode[39m[33m 11882[2mms[22m[39m[33m (retry x2)[39m
release	UNKNOWN STEP	2025-10-25T20:30:20.7616473Z [31m     â†’ Process exited with code 1:
release	UNKNOWN STEP	2025-10-25T20:30:20.7616859Z YOLO mode is enabled. All tool calls will be automatically approved.
release	UNKNOWN STEP	2025-10-25T20:30:20.7617478Z GEMINI_API_KEY not found. Find your existing key or generate a new one at: https://aistudio.google.com/apikey
release	UNKNOWN STEP	2025-10-25T20:30:20.7617836Z 
release	UNKNOWN STEP	2025-10-25T20:30:20.7618136Z To continue, please set the GEMINI_API_KEY environment variable or add it to a .env file.
release	UNKNOWN STEP	2025-10-25T20:30:20.7618505Z [39m
release	UNKNOWN STEP	2025-10-25T20:30:20.7618755Z [31m     â†’ Process exited with code 1:
release	UNKNOWN STEP	2025-10-25T20:30:20.7619130Z YOLO mode is enabled. All tool calls will be automatically approved.
release	UNKNOWN STEP	2025-10-25T20:30:20.7619749Z GEMINI_API_KEY not found. Find your existing key or generate a new one at: https://aistudio.google.com/apikey
release	UNKNOWN STEP	2025-10-25T20:30:20.7620097Z 
release	UNKNOWN STEP	2025-10-25T20:30:20.7620393Z To continue, please set the GEMINI_API_KEY environment variable or add it to a .env file.
release	UNKNOWN STEP	2025-10-25T20:30:20.7621025Z [39m
release	UNKNOWN STEP	2025-10-25T20:30:20.7621276Z [31m     â†’ Process exited with code 1:
release	UNKNOWN STEP	2025-10-25T20:30:20.7621650Z YOLO mode is enabled. All tool calls will be automatically approved.
release	UNKNOWN STEP	2025-10-25T20:30:20.7622250Z GEMINI_API_KEY not found. Find your existing key or generate a new one at: https://aistudio.google.com/apikey
release	UNKNOWN STEP	2025-10-25T20:30:20.7622602Z 
release	UNKNOWN STEP	2025-10-25T20:30:20.7622899Z To continue, please set the GEMINI_API_KEY environment variable or add it to a .env file.
release	UNKNOWN STEP	2025-10-25T20:30:20.7623264Z [39m
release	UNKNOWN STEP	2025-10-25T20:30:20.7623618Z    [2m[90mâ†“[39m[22m run_shell_command[2m > [22mshould work with ShellTool alias
release	UNKNOWN STEP	2025-10-25T20:30:20.7624191Z    [2m[90mâ†“[39m[22m run_shell_command[2m > [22mshould combine multiple --allowed-tools flags
release	UNKNOWN STEP	2025-10-25T20:30:20.7625039Z [31m   [31mÃ—[31m run_shell_command[2m > [22mshould reject commands not on the allowlist[39m[33m 10224[2mms[22m[39m[33m (retry x2)[39m
release	UNKNOWN STEP	2025-10-25T20:30:20.7625595Z [31m     â†’ Process exited with code 1:
release	UNKNOWN STEP	2025-10-25T20:30:20.7626125Z GEMINI_API_KEY not found. Find your existing key or generate a new one at: https://aistudio.google.com/apikey
release	UNKNOWN STEP	2025-10-25T20:30:20.7626477Z 
release	UNKNOWN STEP	2025-10-25T20:30:20.7626771Z To continue, please set the GEMINI_API_KEY environment variable or add it to a .env file.
release	UNKNOWN STEP	2025-10-25T20:30:20.7627132Z [39m
release	UNKNOWN STEP	2025-10-25T20:30:20.7627394Z [31m     â†’ Process exited with code 1:
release	UNKNOWN STEP	2025-10-25T20:30:20.7628077Z GEMINI_API_KEY not found. Find your existing key or generate a new one at: https://aistudio.google.com/apikey
release	UNKNOWN STEP	2025-10-25T20:30:20.7628439Z 
release	UNKNOWN STEP	2025-10-25T20:30:20.7628737Z To continue, please set the GEMINI_API_KEY environment variable or add it to a .env file.
release	UNKNOWN STEP	2025-10-25T20:30:20.7629100Z [39m
release	UNKNOWN STEP	2025-10-25T20:30:20.7629341Z [31m     â†’ Process exited with code 1:
release	UNKNOWN STEP	2025-10-25T20:30:20.7629860Z GEMINI_API_KEY not found. Find your existing key or generate a new one at: https://aistudio.google.com/apikey
release	UNKNOWN STEP	2025-10-25T20:30:20.7630210Z 
release	UNKNOWN STEP	2025-10-25T20:30:20.7630494Z To continue, please set the GEMINI_API_KEY environment variable or add it to a .env file.
release	UNKNOWN STEP	2025-10-25T20:30:20.7631075Z [39m
release	UNKNOWN STEP	2025-10-25T20:30:20.7631681Z    [2m[90mâ†“[39m[22m run_shell_command[2m > [22mshould reject chained commands when only the first segment is allowlisted in non-interactive mode
release	UNKNOWN STEP	2025-10-25T20:30:20.7632743Z [31m   [31mÃ—[31m run_shell_command[2m > [22mshould allow all with "ShellTool" and other specific tools[39m[33m 10329[2mms[22m[39m[33m (retry x2)[39m
release	UNKNOWN STEP	2025-10-25T20:30:20.7633347Z [31m     â†’ Process exited with code 1:
release	UNKNOWN STEP	2025-10-25T20:30:20.7633868Z GEMINI_API_KEY not found. Find your existing key or generate a new one at: https://aistudio.google.com/apikey
release	UNKNOWN STEP	2025-10-25T20:30:20.7634224Z 
release	UNKNOWN STEP	2025-10-25T20:30:20.7634511Z To continue, please set the GEMINI_API_KEY environment variable or add it to a .env file.
release	UNKNOWN STEP	2025-10-25T20:30:20.7635028Z [39m
release	UNKNOWN STEP	2025-10-25T20:30:20.7635265Z [31m     â†’ Process exited with code 1:
release	UNKNOWN STEP	2025-10-25T20:30:20.7635803Z GEMINI_API_KEY not found. Find your existing key or generate a new one at: https://aistudio.google.com/apikey
release	UNKNOWN STEP	2025-10-25T20:30:20.7636159Z 
release	UNKNOWN STEP	2025-10-25T20:30:20.7636460Z To continue, please set the GEMINI_API_KEY environment variable or add it to a .env file.
release	UNKNOWN STEP	2025-10-25T20:30:20.7636824Z [39m
release	UNKNOWN STEP	2025-10-25T20:30:20.7637072Z [31m     â†’ Process exited with code 1:
release	UNKNOWN STEP	2025-10-25T20:30:20.7637606Z GEMINI_API_KEY not found. Find your existing key or generate a new one at: https://aistudio.google.com/apikey
release	UNKNOWN STEP	2025-10-25T20:30:20.7637959Z 
release	UNKNOWN STEP	2025-10-25T20:30:20.7638248Z To continue, please set the GEMINI_API_KEY environment variable or add it to a .env file.
release	UNKNOWN STEP	2025-10-25T20:30:20.7638616Z [39m
release	UNKNOWN STEP	2025-10-25T20:30:20.7639335Z [31m   [31mÃ—[31m run_shell_command[2m > [22mshould propagate environment variables to the child process[39m[33m 12782[2mms[22m[39m[33m (retry x2)[39m
release	UNKNOWN STEP	2025-10-25T20:30:20.7639954Z [31m     â†’ Process exited with code 1:
release	UNKNOWN STEP	2025-10-25T20:30:20.7640329Z YOLO mode is enabled. All tool calls will be automatically approved.
release	UNKNOWN STEP	2025-10-25T20:30:20.7641147Z GEMINI_API_KEY not found. Find your existing key or generate a new one at: https://aistudio.google.com/apikey
release	UNKNOWN STEP	2025-10-25T20:30:20.7641500Z 
release	UNKNOWN STEP	2025-10-25T20:30:20.7641791Z To continue, please set the GEMINI_API_KEY environment variable or add it to a .env file.
release	UNKNOWN STEP	2025-10-25T20:30:20.7642162Z [39m
release	UNKNOWN STEP	2025-10-25T20:30:20.7642404Z [31m     â†’ Process exited with code 1:
release	UNKNOWN STEP	2025-10-25T20:30:20.7642807Z YOLO mode is enabled. All tool calls will be automatically approved.
release	UNKNOWN STEP	2025-10-25T20:30:20.7643416Z GEMINI_API_KEY not found. Find your existing key or generate a new one at: https://aistudio.google.com/apikey
release	UNKNOWN STEP	2025-10-25T20:30:20.7643763Z 
release	UNKNOWN STEP	2025-10-25T20:30:20.7644053Z To continue, please set the GEMINI_API_KEY environment variable or add it to a .env file.
release	UNKNOWN STEP	2025-10-25T20:30:20.7644417Z [39m
release	UNKNOWN STEP	2025-10-25T20:30:20.7644669Z [31m     â†’ Process exited with code 1:
release	UNKNOWN STEP	2025-10-25T20:30:20.7645034Z YOLO mode is enabled. All tool calls will be automatically approved.
release	UNKNOWN STEP	2025-10-25T20:30:20.7645631Z GEMINI_API_KEY not found. Find your existing key or generate a new one at: https://aistudio.google.com/apikey
release	UNKNOWN STEP	2025-10-25T20:30:20.7645977Z 
release	UNKNOWN STEP	2025-10-25T20:30:20.7646267Z To continue, please set the GEMINI_API_KEY environment variable or add it to a .env file.
release	UNKNOWN STEP	2025-10-25T20:30:20.7646626Z [39m
release	UNKNOWN STEP	2025-10-25T20:30:20.7647049Z    [2m[90mâ†“[39m[22m run_shell_command[2m > [22mshould run a platform-specific file listing command
release	UNKNOWN STEP	2025-10-25T20:30:20.7648010Z [31m   [31mÃ—[31m run_shell_command[2m > [22mrejects invalid shell expressions[39m[33m 11706[2mms[22m[39m[33m (retry x2)[39m
release	UNKNOWN STEP	2025-10-25T20:30:20.7648558Z [31m     â†’ Process exited with code 1:
release	UNKNOWN STEP	2025-10-25T20:30:20.7648937Z YOLO mode is enabled. All tool calls will be automatically approved.
release	UNKNOWN STEP	2025-10-25T20:30:20.7649555Z GEMINI_API_KEY not found. Find your existing key or generate a new one at: https://aistudio.google.com/apikey
release	UNKNOWN STEP	2025-10-25T20:30:20.7649921Z 
release	UNKNOWN STEP	2025-10-25T20:30:20.7650212Z To continue, please set the GEMINI_API_KEY environment variable or add it to a .env file.
release	UNKNOWN STEP	2025-10-25T20:30:20.7650717Z [39m
release	UNKNOWN STEP	2025-10-25T20:30:20.7650999Z [31m     â†’ Process exited with code 1:
release	UNKNOWN STEP	2025-10-25T20:30:20.7651373Z YOLO mode is enabled. All tool calls will be automatically approved.
release	UNKNOWN STEP	2025-10-25T20:30:20.7651980Z GEMINI_API_KEY not found. Find your existing key or generate a new one at: https://aistudio.google.com/apikey
release	UNKNOWN STEP	2025-10-25T20:30:20.7652337Z 
release	UNKNOWN STEP	2025-10-25T20:30:20.7652638Z To continue, please set the GEMINI_API_KEY environment variable or add it to a .env file.
release	UNKNOWN STEP	2025-10-25T20:30:20.7652999Z [39m
release	UNKNOWN STEP	2025-10-25T20:30:20.7653234Z [31m     â†’ Process exited with code 1:
release	UNKNOWN STEP	2025-10-25T20:30:20.7653601Z YOLO mode is enabled. All tool calls will be automatically approved.
release	UNKNOWN STEP	2025-10-25T20:30:20.7654216Z GEMINI_API_KEY not found. Find your existing key or generate a new one at: https://aistudio.google.com/apikey
release	UNKNOWN STEP	2025-10-25T20:30:20.7654710Z 
release	UNKNOWN STEP	2025-10-25T20:30:20.7654997Z To continue, please set the GEMINI_API_KEY environment variable or add it to a .env file.
release	UNKNOWN STEP	2025-10-25T20:30:20.7655368Z [39m
release	UNKNOWN STEP	2025-10-25T20:30:20.9938142Z  [2m[90mâ†“[39m[22m stdin-context.test.ts [2m([22m[2m2 tests[22m[2m | [22m[33m2 skipped[39m[2m)[22m
release	UNKNOWN STEP	2025-10-25T20:30:30.4214562Z  [31mâ¯[39m mcp_server_cyclic_schema.test.ts [2m([22m[2m1 test[22m[2m | [22m[31m1 failed[39m[2m)[22m[33m 90350[2mms[22m[39m
release	UNKNOWN STEP	2025-10-25T20:30:30.4217319Z [31m   [31mÃ—[31m mcp server with cyclic tool schema is detected[2m > [22mmcp tool list should include tool with cyclic tool schema[39m[33m 90347[2mms[22m[39m[33m (retry x2)[39m
release	UNKNOWN STEP	2025-10-25T20:30:30.4220167Z [31m     â†’ Did not find expected text: "Type your message": expected false to be true // Object.is equality[39m
release	UNKNOWN STEP	2025-10-25T20:30:30.4221990Z [31m     â†’ Did not find expected text: "Type your message": expected false to be true // Object.is equality[39m
release	UNKNOWN STEP	2025-10-25T20:30:30.4223587Z [31m     â†’ Did not find expected text: "Type your message": expected false to be true // Object.is equality[39m
release	UNKNOWN STEP	2025-10-25T20:30:33.7213074Z  [31mâ¯[39m replace.test.ts [2m([22m[2m4 tests[22m[2m | [22m[31m1 failed[39m[2m | [22m[33m3 skipped[39m[2m)[22m[33m 12505[2mms[22m[39m
release	UNKNOWN STEP	2025-10-25T20:30:33.7215480Z [31m   [31mÃ—[31m replace[2m > [22mshould be able to replace content in a file[39m[33m 12503[2mms[22m[39m[33m (retry x2)[39m
release	UNKNOWN STEP	2025-10-25T20:30:33.7216484Z [31m     â†’ Process exited with code 1:
release	UNKNOWN STEP	2025-10-25T20:30:33.7217204Z YOLO mode is enabled. All tool calls will be automatically approved.
release	UNKNOWN STEP	2025-10-25T20:30:33.7218195Z GEMINI_API_KEY not found. Find your existing key or generate a new one at: https://aistudio.google.com/apikey
release	UNKNOWN STEP	2025-10-25T20:30:33.7218583Z 
release	UNKNOWN STEP	2025-10-25T20:30:33.7218901Z To continue, please set the GEMINI_API_KEY environment variable or add it to a .env file.
release	UNKNOWN STEP	2025-10-25T20:30:33.7219307Z [39m
release	UNKNOWN STEP	2025-10-25T20:30:33.7219567Z [31m     â†’ Process exited with code 1:
release	UNKNOWN STEP	2025-10-25T20:30:33.7219971Z YOLO mode is enabled. All tool calls will be automatically approved.
release	UNKNOWN STEP	2025-10-25T20:30:33.7220833Z GEMINI_API_KEY not found. Find your existing key or generate a new one at: https://aistudio.google.com/apikey
release	UNKNOWN STEP	2025-10-25T20:30:33.7221264Z 
release	UNKNOWN STEP	2025-10-25T20:30:33.7221584Z To continue, please set the GEMINI_API_KEY environment variable or add it to a .env file.
release	UNKNOWN STEP	2025-10-25T20:30:33.7221968Z [39m
release	UNKNOWN STEP	2025-10-25T20:30:33.7222221Z [31m     â†’ Process exited with code 1:
release	UNKNOWN STEP	2025-10-25T20:30:33.7222608Z YOLO mode is enabled. All tool calls will be automatically approved.
release	UNKNOWN STEP	2025-10-25T20:30:33.7223574Z GEMINI_API_KEY not found. Find your existing key or generate a new one at: https://aistudio.google.com/apikey
release	UNKNOWN STEP	2025-10-25T20:30:33.7223947Z 
release	UNKNOWN STEP	2025-10-25T20:30:33.7224245Z To continue, please set the GEMINI_API_KEY environment variable or add it to a .env file.
release	UNKNOWN STEP	2025-10-25T20:30:33.7224619Z [39m
release	UNKNOWN STEP	2025-10-25T20:30:33.7225048Z    [2m[90mâ†“[39m[22m replace[2m > [22mshould handle $ literally when replacing text ending with $
release	UNKNOWN STEP	2025-10-25T20:30:33.7225617Z    [2m[90mâ†“[39m[22m replace[2m > [22mshould insert a multi-line block of text
release	UNKNOWN STEP	2025-10-25T20:30:33.7226446Z    [2m[90mâ†“[39m[22m replace[2m > [22mshould delete a block of text
release	UNKNOWN STEP	2025-10-25T20:30:46.0942240Z  [31mâ¯[39m google_web_search.test.ts [2m([22m[2m1 test[22m[2m | [22m[31m1 failed[39m[2m)[22m[33m 12122[2mms[22m[39m
release	UNKNOWN STEP	2025-10-25T20:30:46.0943928Z [31m   [31mÃ—[31m google_web_search[2m > [22mshould be able to search the web[39m[33m 12121[2mms[22m[39m[33m (retry x2)[39m
release	UNKNOWN STEP	2025-10-25T20:30:46.0944714Z [31m     â†’ Process exited with code 1:
release	UNKNOWN STEP	2025-10-25T20:30:46.0945173Z YOLO mode is enabled. All tool calls will be automatically approved.
release	UNKNOWN STEP	2025-10-25T20:30:46.0945818Z GEMINI_API_KEY not found. Find your existing key or generate a new one at: https://aistudio.google.com/apikey
release	UNKNOWN STEP	2025-10-25T20:30:46.0946213Z 
release	UNKNOWN STEP	2025-10-25T20:30:46.0946535Z To continue, please set the GEMINI_API_KEY environment variable or add it to a .env file.
release	UNKNOWN STEP	2025-10-25T20:30:46.0947321Z [39m
release	UNKNOWN STEP	2025-10-25T20:30:46.0947585Z [31m     â†’ Process exited with code 1:
release	UNKNOWN STEP	2025-10-25T20:30:46.0947988Z YOLO mode is enabled. All tool calls will be automatically approved.
release	UNKNOWN STEP	2025-10-25T20:30:46.0948607Z GEMINI_API_KEY not found. Find your existing key or generate a new one at: https://aistudio.google.com/apikey
release	UNKNOWN STEP	2025-10-25T20:30:46.0948971Z 
release	UNKNOWN STEP	2025-10-25T20:30:46.0949268Z To continue, please set the GEMINI_API_KEY environment variable or add it to a .env file.
release	UNKNOWN STEP	2025-10-25T20:30:46.0949644Z [39m
release	UNKNOWN STEP	2025-10-25T20:30:46.0949886Z [31m     â†’ Process exited with code 1:
release	UNKNOWN STEP	2025-10-25T20:30:46.0950275Z YOLO mode is enabled. All tool calls will be automatically approved.
release	UNKNOWN STEP	2025-10-25T20:30:46.0951175Z GEMINI_API_KEY not found. Find your existing key or generate a new one at: https://aistudio.google.com/apikey
release	UNKNOWN STEP	2025-10-25T20:30:46.0951536Z 
release	UNKNOWN STEP	2025-10-25T20:30:46.0951835Z To continue, please set the GEMINI_API_KEY environment variable or add it to a .env file.
release	UNKNOWN STEP	2025-10-25T20:30:46.0952228Z [39m
release	UNKNOWN STEP	2025-10-25T20:30:58.2589414Z  [31mâ¯[39m list_directory.test.ts [2m([22m[2m1 test[22m[2m | [22m[31m1 failed[39m[2m)[22m[33m 11945[2mms[22m[39m
release	UNKNOWN STEP	2025-10-25T20:30:58.2594930Z [31m   [31mÃ—[31m list_directory[2m > [22mshould be able to list a directory[39m[33m 11943[2mms[22m[39m[33m (retry x2)[39m
release	UNKNOWN STEP	2025-10-25T20:30:58.2595538Z [31m     â†’ Process exited with code 1:
release	UNKNOWN STEP	2025-10-25T20:30:58.2595950Z YOLO mode is enabled. All tool calls will be automatically approved.
release	UNKNOWN STEP	2025-10-25T20:30:58.2596583Z GEMINI_API_KEY not found. Find your existing key or generate a new one at: https://aistudio.google.com/apikey
release	UNKNOWN STEP	2025-10-25T20:30:58.2596947Z 
release	UNKNOWN STEP	2025-10-25T20:30:58.2597277Z To continue, please set the GEMINI_API_KEY environment variable or add it to a .env file.
release	UNKNOWN STEP	2025-10-25T20:30:58.2597659Z [39m
release	UNKNOWN STEP	2025-10-25T20:30:58.2597912Z [31m     â†’ Process exited with code 1:
release	UNKNOWN STEP	2025-10-25T20:30:58.2598303Z YOLO mode is enabled. All tool calls will be automatically approved.
release	UNKNOWN STEP	2025-10-25T20:30:58.2598918Z GEMINI_API_KEY not found. Find your existing key or generate a new one at: https://aistudio.google.com/apikey
release	UNKNOWN STEP	2025-10-25T20:30:58.2599286Z 
release	UNKNOWN STEP	2025-10-25T20:30:58.2599581Z To continue, please set the GEMINI_API_KEY environment variable or add it to a .env file.
release	UNKNOWN STEP	2025-10-25T20:30:58.2599949Z [39m
release	UNKNOWN STEP	2025-10-25T20:30:58.2600192Z [31m     â†’ Process exited with code 1:
release	UNKNOWN STEP	2025-10-25T20:30:58.2601147Z YOLO mode is enabled. All tool calls will be automatically approved.
release	UNKNOWN STEP	2025-10-25T20:30:58.2602294Z GEMINI_API_KEY not found. Find your existing key or generate a new one at: https://aistudio.google.com/apikey
release	UNKNOWN STEP	2025-10-25T20:30:58.2602951Z 
release	UNKNOWN STEP	2025-10-25T20:30:58.2603966Z To continue, please set the GEMINI_API_KEY environment variable or add it to a .env file.
release	UNKNOWN STEP	2025-10-25T20:30:58.2604761Z [39m
release	UNKNOWN STEP	2025-10-25T20:31:00.0463014Z  [32mâœ“[39m mixed-input-crash.test.ts [2m([22m[2m2 tests[22m[2m)[22m[33m 1583[2mms[22m[39m
release	UNKNOWN STEP	2025-10-25T20:31:00.0464579Z    [33m[2mâœ“[22m[39m mixed input crash prevention[2m > [22mshould not crash when using mixed prompt inputs [33m 777[2mms[22m[39m
release	UNKNOWN STEP	2025-10-25T20:31:00.0466305Z    [33m[2mâœ“[22m[39m mixed input crash prevention[2m > [22mshould provide clear error message for mixed input [33m 805[2mms[22m[39m
release	UNKNOWN STEP	2025-10-25T20:31:18.1619990Z  [31mâ¯[39m utf-bom-encoding.test.ts [2m([22m[2m6 tests[22m[2m | [22m[31m6 failed[39m[2m)[22m[33m 71512[2mms[22m[39m
release	UNKNOWN STEP	2025-10-25T20:31:18.1621845Z [31m   [31mÃ—[31m BOM end-to-end integraion[2m > [22mUTF-8 BOM[39m[33m 11665[2mms[22m[39m[33m (retry x2)[39m
release	UNKNOWN STEP	2025-10-25T20:31:18.1622840Z [31m     â†’ Process exited with code 1:
release	UNKNOWN STEP	2025-10-25T20:31:18.1623639Z YOLO mode is enabled. All tool calls will be automatically approved.
release	UNKNOWN STEP	2025-10-25T20:31:18.1624589Z GEMINI_API_KEY not found. Find your existing key or generate a new one at: https://aistudio.google.com/apikey
release	UNKNOWN STEP	2025-10-25T20:31:18.1625004Z 
release	UNKNOWN STEP	2025-10-25T20:31:18.1625343Z To continue, please set the GEMINI_API_KEY environment variable or add it to a .env file.
release	UNKNOWN STEP	2025-10-25T20:31:18.1625801Z [39m
release	UNKNOWN STEP	2025-10-25T20:31:18.1626385Z [31m     â†’ Process exited with code 1:
release	UNKNOWN STEP	2025-10-25T20:31:18.1626812Z YOLO mode is enabled. All tool calls will be automatically approved.
release	UNKNOWN STEP	2025-10-25T20:31:18.1627449Z GEMINI_API_KEY not found. Find your existing key or generate a new one at: https://aistudio.google.com/apikey
release	UNKNOWN STEP	2025-10-25T20:31:18.1627815Z 
release	UNKNOWN STEP	2025-10-25T20:31:18.1628123Z To continue, please set the GEMINI_API_KEY environment variable or add it to a .env file.
release	UNKNOWN STEP	2025-10-25T20:31:18.1628499Z [39m
release	UNKNOWN STEP	2025-10-25T20:31:18.1628757Z [31m     â†’ Process exited with code 1:
release	UNKNOWN STEP	2025-10-25T20:31:18.1629138Z YOLO mode is enabled. All tool calls will be automatically approved.
release	UNKNOWN STEP	2025-10-25T20:31:18.1629766Z GEMINI_API_KEY not found. Find your existing key or generate a new one at: https://aistudio.google.com/apikey
release	UNKNOWN STEP	2025-10-25T20:31:18.1630120Z 
release	UNKNOWN STEP	2025-10-25T20:31:18.1630420Z To continue, please set the GEMINI_API_KEY environment variable or add it to a .env file.
release	UNKNOWN STEP	2025-10-25T20:31:18.1631050Z [39m
release	UNKNOWN STEP	2025-10-25T20:31:18.1631617Z [31m   [31mÃ—[31m BOM end-to-end integraion[2m > [22mUTF-16 LE BOM[39m[33m 11919[2mms[22m[39m[33m (retry x2)[39m
release	UNKNOWN STEP	2025-10-25T20:31:18.1632132Z [31m     â†’ Process exited with code 1:
release	UNKNOWN STEP	2025-10-25T20:31:18.1632506Z YOLO mode is enabled. All tool calls will be automatically approved.
release	UNKNOWN STEP	2025-10-25T20:31:18.1633116Z GEMINI_API_KEY not found. Find your existing key or generate a new one at: https://aistudio.google.com/apikey
release	UNKNOWN STEP	2025-10-25T20:31:18.1633469Z 
release	UNKNOWN STEP	2025-10-25T20:31:18.1633763Z To continue, please set the GEMINI_API_KEY environment variable or add it to a .env file.
release	UNKNOWN STEP	2025-10-25T20:31:18.1634126Z [39m
release	UNKNOWN STEP	2025-10-25T20:31:18.1634365Z [31m     â†’ Process exited with code 1:
release	UNKNOWN STEP	2025-10-25T20:31:18.1634997Z YOLO mode is enabled. All tool calls will be automatically approved.
release	UNKNOWN STEP	2025-10-25T20:31:18.1636170Z GEMINI_API_KEY not found. Find your existing key or generate a new one at: https://aistudio.google.com/apikey
release	UNKNOWN STEP	2025-10-25T20:31:18.1636837Z 
release	UNKNOWN STEP	2025-10-25T20:31:18.1637409Z To continue, please set the GEMINI_API_KEY environment variable or add it to a .env file.
release	UNKNOWN STEP	2025-10-25T20:31:18.1638120Z [39m
release	UNKNOWN STEP	2025-10-25T20:31:18.1638388Z [31m     â†’ Process exited with code 1:
release	UNKNOWN STEP	2025-10-25T20:31:18.1638784Z YOLO mode is enabled. All tool calls will be automatically approved.
release	UNKNOWN STEP	2025-10-25T20:31:18.1639406Z GEMINI_API_KEY not found. Find your existing key or generate a new one at: https://aistudio.google.com/apikey
release	UNKNOWN STEP	2025-10-25T20:31:18.1640038Z 
release	UNKNOWN STEP	2025-10-25T20:31:18.1643144Z To continue, please set the GEMINI_API_KEY environment variable or add it to a .env file.
release	UNKNOWN STEP	2025-10-25T20:31:18.1643681Z [39m
release	UNKNOWN STEP	2025-10-25T20:31:18.1644955Z [31m   [31mÃ—[31m BOM end-to-end integraion[2m > [22mUTF-16 BE BOM[39m[33m 13017[2mms[22m[39m[33m (retry x2)[39m
release	UNKNOWN STEP	2025-10-25T20:31:18.1645561Z [31m     â†’ Process exited with code 1:
release	UNKNOWN STEP	2025-10-25T20:31:18.1645978Z YOLO mode is enabled. All tool calls will be automatically approved.
release	UNKNOWN STEP	2025-10-25T20:31:18.1646612Z GEMINI_API_KEY not found. Find your existing key or generate a new one at: https://aistudio.google.com/apikey
release	UNKNOWN STEP	2025-10-25T20:31:18.1646990Z 
release	UNKNOWN STEP	2025-10-25T20:31:18.1647296Z To continue, please set the GEMINI_API_KEY environment variable or add it to a .env file.
release	UNKNOWN STEP	2025-10-25T20:31:18.1647678Z [39m
release	UNKNOWN STEP	2025-10-25T20:31:18.1647925Z [31m     â†’ Process exited with code 1:
release	UNKNOWN STEP	2025-10-25T20:31:18.1648310Z YOLO mode is enabled. All tool calls will be automatically approved.
release	UNKNOWN STEP	2025-10-25T20:31:18.1648930Z GEMINI_API_KEY not found. Find your existing key or generate a new one at: https://aistudio.google.com/apikey
release	UNKNOWN STEP	2025-10-25T20:31:18.1649289Z 
release	UNKNOWN STEP	2025-10-25T20:31:18.1649582Z To continue, please set the GEMINI_API_KEY environment variable or add it to a .env file.
release	UNKNOWN STEP	2025-10-25T20:31:18.1649954Z [39m
release	UNKNOWN STEP	2025-10-25T20:31:18.1650207Z [31m     â†’ Process exited with code 1:
release	UNKNOWN STEP	2025-10-25T20:31:18.1650789Z YOLO mode is enabled. All tool calls will be automatically approved.
release	UNKNOWN STEP	2025-10-25T20:31:18.1651515Z GEMINI_API_KEY not found. Find your existing key or generate a new one at: https://aistudio.google.com/apikey
release	UNKNOWN STEP	2025-10-25T20:31:18.1651865Z 
release	UNKNOWN STEP	2025-10-25T20:31:18.1652156Z To continue, please set the GEMINI_API_KEY environment variable or add it to a .env file.
release	UNKNOWN STEP	2025-10-25T20:31:18.1652701Z [39m
release	UNKNOWN STEP	2025-10-25T20:31:18.1653257Z [31m   [31mÃ—[31m BOM end-to-end integraion[2m > [22mUTF-32 LE BOM[39m[33m 11744[2mms[22m[39m[33m (retry x2)[39m
release	UNKNOWN STEP	2025-10-25T20:31:18.1653757Z [31m     â†’ Process exited with code 1:
release	UNKNOWN STEP	2025-10-25T20:31:18.1654139Z YOLO mode is enabled. All tool calls will be automatically approved.
release	UNKNOWN STEP	2025-10-25T20:31:18.1654747Z GEMINI_API_KEY not found. Find your existing key or generate a new one at: https://aistudio.google.com/apikey
release	UNKNOWN STEP	2025-10-25T20:31:18.1655096Z 
release	UNKNOWN STEP	2025-10-25T20:31:18.1655392Z To continue, please set the GEMINI_API_KEY environment variable or add it to a .env file.
release	UNKNOWN STEP	2025-10-25T20:31:18.1655761Z [39m
release	UNKNOWN STEP	2025-10-25T20:31:18.1656002Z [31m     â†’ Process exited with code 1:
release	UNKNOWN STEP	2025-10-25T20:31:18.1656368Z YOLO mode is enabled. All tool calls will be automatically approved.
release	UNKNOWN STEP	2025-10-25T20:31:18.1656964Z GEMINI_API_KEY not found. Find your existing key or generate a new one at: https://aistudio.google.com/apikey
release	UNKNOWN STEP	2025-10-25T20:31:18.1657317Z 
release	UNKNOWN STEP	2025-10-25T20:31:18.1657607Z To continue, please set the GEMINI_API_KEY environment variable or add it to a .env file.
release	UNKNOWN STEP	2025-10-25T20:31:18.1657964Z [39m
release	UNKNOWN STEP	2025-10-25T20:31:18.1658202Z [31m     â†’ Process exited with code 1:
release	UNKNOWN STEP	2025-10-25T20:31:18.1658568Z YOLO mode is enabled. All tool calls will be automatically approved.
release	UNKNOWN STEP	2025-10-25T20:31:18.1659153Z GEMINI_API_KEY not found. Find your existing key or generate a new one at: https://aistudio.google.com/apikey
release	UNKNOWN STEP	2025-10-25T20:31:18.1659501Z 
release	UNKNOWN STEP	2025-10-25T20:31:18.1659792Z To continue, please set the GEMINI_API_KEY environment variable or add it to a .env file.
release	UNKNOWN STEP	2025-10-25T20:31:18.1660153Z [39m
release	UNKNOWN STEP	2025-10-25T20:31:18.1660890Z [31m   [31mÃ—[31m BOM end-to-end integraion[2m > [22mUTF-32 BE BOM[39m[33m 12711[2mms[22m[39m[33m (retry x2)[39m
release	UNKNOWN STEP	2025-10-25T20:31:18.1661411Z [31m     â†’ Process exited with code 1:
release	UNKNOWN STEP	2025-10-25T20:31:18.1661786Z YOLO mode is enabled. All tool calls will be automatically approved.
release	UNKNOWN STEP	2025-10-25T20:31:18.1662403Z GEMINI_API_KEY not found. Find your existing key or generate a new one at: https://aistudio.google.com/apikey
release	UNKNOWN STEP	2025-10-25T20:31:18.1662759Z 
release	UNKNOWN STEP	2025-10-25T20:31:18.1663067Z To continue, please set the GEMINI_API_KEY environment variable or add it to a .env file.
release	UNKNOWN STEP	2025-10-25T20:31:18.1663443Z [39m
release	UNKNOWN STEP	2025-10-25T20:31:18.1663693Z [31m     â†’ Process exited with code 1:
release	UNKNOWN STEP	2025-10-25T20:31:18.1664079Z YOLO mode is enabled. All tool calls will be automatically approved.
release	UNKNOWN STEP	2025-10-25T20:31:18.1664685Z GEMINI_API_KEY not found. Find your existing key or generate a new one at: https://aistudio.google.com/apikey
release	UNKNOWN STEP	2025-10-25T20:31:18.1665039Z 
release	UNKNOWN STEP	2025-10-25T20:31:18.1665460Z To continue, please set the GEMINI_API_KEY environment variable or add it to a .env file.
release	UNKNOWN STEP	2025-10-25T20:31:18.1665839Z [39m
release	UNKNOWN STEP	2025-10-25T20:31:18.1666075Z [31m     â†’ Process exited with code 1:
release	UNKNOWN STEP	2025-10-25T20:31:18.1666451Z YOLO mode is enabled. All tool calls will be automatically approved.
release	UNKNOWN STEP	2025-10-25T20:31:18.1667072Z GEMINI_API_KEY not found. Find your existing key or generate a new one at: https://aistudio.google.com/apikey
release	UNKNOWN STEP	2025-10-25T20:31:18.1667425Z 
release	UNKNOWN STEP	2025-10-25T20:31:18.1667714Z To continue, please set the GEMINI_API_KEY environment variable or add it to a .env file.
release	UNKNOWN STEP	2025-10-25T20:31:18.1668080Z [39m
release	UNKNOWN STEP	2025-10-25T20:31:18.1668678Z [31m   [31mÃ—[31m BOM end-to-end integraion[2m > [22mCan describe a PNG file[39m[33m 10453[2mms[22m[39m[33m (retry x2)[39m
release	UNKNOWN STEP	2025-10-25T20:31:18.1669202Z [31m     â†’ Process exited with code 1:
release	UNKNOWN STEP	2025-10-25T20:31:18.1669578Z YOLO mode is enabled. All tool calls will be automatically approved.
release	UNKNOWN STEP	2025-10-25T20:31:18.1670187Z GEMINI_API_KEY not found. Find your existing key or generate a new one at: https://aistudio.google.com/apikey
release	UNKNOWN STEP	2025-10-25T20:31:18.1670542Z 
release	UNKNOWN STEP	2025-10-25T20:31:18.1671014Z To continue, please set the GEMINI_API_KEY environment variable or add it to a .env file.
release	UNKNOWN STEP	2025-10-25T20:31:18.1671391Z [39m
release	UNKNOWN STEP	2025-10-25T20:31:18.1671629Z [31m     â†’ Process exited with code 1:
release	UNKNOWN STEP	2025-10-25T20:31:18.1672134Z YOLO mode is enabled. All tool calls will be automatically approved.
release	UNKNOWN STEP	2025-10-25T20:31:18.1672735Z GEMINI_API_KEY not found. Find your existing key or generate a new one at: https://aistudio.google.com/apikey
release	UNKNOWN STEP	2025-10-25T20:31:18.1673082Z 
release	UNKNOWN STEP	2025-10-25T20:31:18.1673370Z To continue, please set the GEMINI_API_KEY environment variable or add it to a .env file.
release	UNKNOWN STEP	2025-10-25T20:31:18.1673738Z [39m
release	UNKNOWN STEP	2025-10-25T20:31:18.1674000Z [31m     â†’ Process exited with code 1:
release	UNKNOWN STEP	2025-10-25T20:31:18.1674371Z YOLO mode is enabled. All tool calls will be automatically approved.
release	UNKNOWN STEP	2025-10-25T20:31:18.1674982Z GEMINI_API_KEY not found. Find your existing key or generate a new one at: https://aistudio.google.com/apikey
release	UNKNOWN STEP	2025-10-25T20:31:18.1675329Z 
release	UNKNOWN STEP	2025-10-25T20:31:18.1675620Z To continue, please set the GEMINI_API_KEY environment variable or add it to a .env file.
release	UNKNOWN STEP	2025-10-25T20:31:18.1675981Z [39m
release	UNKNOWN STEP	2025-10-25T20:31:28.8285222Z  [31mâ¯[39m write_file.test.ts [2m([22m[2m1 test[22m[2m | [22m[31m1 failed[39m[2m)[22m[33m 10491[2mms[22m[39m
release	UNKNOWN STEP	2025-10-25T20:31:28.8286719Z [31m   [31mÃ—[31m write_file[2m > [22mshould be able to write a file[39m[33m 10490[2mms[22m[39m[33m (retry x2)[39m
release	UNKNOWN STEP	2025-10-25T20:31:28.8287465Z [31m     â†’ Process exited with code 1:
release	UNKNOWN STEP	2025-10-25T20:31:28.8288150Z YOLO mode is enabled. All tool calls will be automatically approved.
release	UNKNOWN STEP	2025-10-25T20:31:28.8289060Z GEMINI_API_KEY not found. Find your existing key or generate a new one at: https://aistudio.google.com/apikey
release	UNKNOWN STEP	2025-10-25T20:31:28.8289446Z 
release	UNKNOWN STEP	2025-10-25T20:31:28.8289763Z To continue, please set the GEMINI_API_KEY environment variable or add it to a .env file.
release	UNKNOWN STEP	2025-10-25T20:31:28.8290178Z [39m
release	UNKNOWN STEP	2025-10-25T20:31:28.8290437Z [31m     â†’ Process exited with code 1:
release	UNKNOWN STEP	2025-10-25T20:31:28.8291127Z YOLO mode is enabled. All tool calls will be automatically approved.
release	UNKNOWN STEP	2025-10-25T20:31:28.8291754Z GEMINI_API_KEY not found. Find your existing key or generate a new one at: https://aistudio.google.com/apikey
release	UNKNOWN STEP	2025-10-25T20:31:28.8292126Z 
release	UNKNOWN STEP	2025-10-25T20:31:28.8292438Z To continue, please set the GEMINI_API_KEY environment variable or add it to a .env file.
release	UNKNOWN STEP	2025-10-25T20:31:28.8292823Z [39m
release	UNKNOWN STEP	2025-10-25T20:31:28.8293070Z [31m     â†’ Process exited with code 1:
release	UNKNOWN STEP	2025-10-25T20:31:28.8293474Z YOLO mode is enabled. All tool calls will be automatically approved.
release	UNKNOWN STEP	2025-10-25T20:31:28.8294077Z GEMINI_API_KEY not found. Find your existing key or generate a new one at: https://aistudio.google.com/apikey
release	UNKNOWN STEP	2025-10-25T20:31:28.8294428Z 
release	UNKNOWN STEP	2025-10-25T20:31:28.8294718Z To continue, please set the GEMINI_API_KEY environment variable or add it to a .env file.
release	UNKNOWN STEP	2025-10-25T20:31:28.8295089Z [39m
release	UNKNOWN STEP	2025-10-25T20:31:28.9987489Z  [2m[90mâ†“[39m[22m read_many_files.test.ts [2m([22m[2m1 test[22m[2m | [22m[33m1 skipped[39m[2m)[22m
release	UNKNOWN STEP	2025-10-25T20:32:30.5209182Z  [31mâ¯[39m ctrl-c-exit.test.ts [2m([22m[2m1 test[22m[2m | [22m[31m1 failed[39m[2m)[22m[33m 90278[2mms[22m[39m
release	UNKNOWN STEP	2025-10-25T20:32:30.5211185Z [31m   [31mÃ—[31m Ctrl+C exit[2m > [22mshould exit gracefully on second Ctrl+C[39m[33m 90276[2mms[22m[39m[33m (retry x2)[39m
release	UNKNOWN STEP	2025-10-25T20:32:30.5212724Z [31m     â†’ Did not find expected text: "Type your message": expected false to be true // Object.is equality[39m
release	UNKNOWN STEP	2025-10-25T20:32:30.5214076Z [31m     â†’ Did not find expected text: "Type your message": expected false to be true // Object.is equality[39m
release	UNKNOWN STEP	2025-10-25T20:32:30.5214922Z [31m     â†’ Did not find expected text: "Type your message": expected false to be true // Object.is equality[39m
release	UNKNOWN STEP	2025-10-25T20:32:42.5009272Z  [31mâ¯[39m save_memory.test.ts [2m([22m[2m1 test[22m[2m | [22m[31m1 failed[39m[2m)[22m[33m 11745[2mms[22m[39m
release	UNKNOWN STEP	2025-10-25T20:32:42.5010547Z [31m   [31mÃ—[31m save_memory[2m > [22mshould be able to save to memory[39m[33m 11743[2mms[22m[39m[33m (retry x2)[39m
release	UNKNOWN STEP	2025-10-25T20:32:42.5011345Z [31m     â†’ Process exited with code 1:
release	UNKNOWN STEP	2025-10-25T20:32:42.5011751Z YOLO mode is enabled. All tool calls will be automatically approved.
release	UNKNOWN STEP	2025-10-25T20:32:42.5012385Z GEMINI_API_KEY not found. Find your existing key or generate a new one at: https://aistudio.google.com/apikey
release	UNKNOWN STEP	2025-10-25T20:32:42.5013127Z 
release	UNKNOWN STEP	2025-10-25T20:32:42.5013437Z To continue, please set the GEMINI_API_KEY environment variable or add it to a .env file.
release	UNKNOWN STEP	2025-10-25T20:32:42.5013816Z [39m
release	UNKNOWN STEP	2025-10-25T20:32:42.5014070Z [31m     â†’ Process exited with code 1:
release	UNKNOWN STEP	2025-10-25T20:32:42.5014463Z YOLO mode is enabled. All tool calls will be automatically approved.
release	UNKNOWN STEP	2025-10-25T20:32:42.5015078Z GEMINI_API_KEY not found. Find your existing key or generate a new one at: https://aistudio.google.com/apikey
release	UNKNOWN STEP	2025-10-25T20:32:42.5015440Z 
release	UNKNOWN STEP	2025-10-25T20:32:42.5015742Z To continue, please set the GEMINI_API_KEY environment variable or add it to a .env file.
release	UNKNOWN STEP	2025-10-25T20:32:42.5016108Z [39m
release	UNKNOWN STEP	2025-10-25T20:32:42.5016353Z [31m     â†’ Process exited with code 1:
release	UNKNOWN STEP	2025-10-25T20:32:42.5016727Z YOLO mode is enabled. All tool calls will be automatically approved.
release	UNKNOWN STEP	2025-10-25T20:32:42.5017324Z GEMINI_API_KEY not found. Find your existing key or generate a new one at: https://aistudio.google.com/apikey
release	UNKNOWN STEP	2025-10-25T20:32:42.5017697Z 
release	UNKNOWN STEP	2025-10-25T20:32:42.5017988Z To continue, please set the GEMINI_API_KEY environment variable or add it to a .env file.
release	UNKNOWN STEP	2025-10-25T20:32:42.5018353Z [39m
release	UNKNOWN STEP	2025-10-25T20:32:46.3932625Z  [32mâœ“[39m extensions-install.test.ts [2m([22m[2m1 test[22m[2m)[22m[33m 3720[2mms[22m[39m
release	UNKNOWN STEP	2025-10-25T20:32:46.3933923Z    [33m[2mâœ“[22m[39m installs a local extension, verifies a command, and updates it [33m 3719[2mms[22m[39m
release	UNKNOWN STEP	2025-10-25T20:32:46.5666461Z  [2m[90mâ†“[39m[22m flicker.test.ts [2m([22m[2m1 test[22m[2m | [22m[33m1 skipped[39m[2m)[22m
release	UNKNOWN STEP	2025-10-25T20:32:57.3534842Z  [31mâ¯[39m telemetry.test.ts [2m([22m[2m1 test[22m[2m | [22m[31m1 failed[39m[2m)[22m[33m 10607[2mms[22m[39m
release	UNKNOWN STEP	2025-10-25T20:32:57.3536503Z [31m   [31mÃ—[31m telemetry[2m > [22mshould emit a metric and a log event[39m[33m 10606[2mms[22m[39m[33m (retry x2)[39m
release	UNKNOWN STEP	2025-10-25T20:32:57.3537132Z [31m     â†’ Process exited with code 1:
release	UNKNOWN STEP	2025-10-25T20:32:57.3537569Z YOLO mode is enabled. All tool calls will be automatically approved.
release	UNKNOWN STEP	2025-10-25T20:32:57.3538242Z GEMINI_API_KEY not found. Find your existing key or generate a new one at: https://aistudio.google.com/apikey
release	UNKNOWN STEP	2025-10-25T20:32:57.3538613Z 
release	UNKNOWN STEP	2025-10-25T20:32:57.3538930Z To continue, please set the GEMINI_API_KEY environment variable or add it to a .env file.
release	UNKNOWN STEP	2025-10-25T20:32:57.3539315Z [39m
release	UNKNOWN STEP	2025-10-25T20:32:57.3539580Z [31m     â†’ Process exited with code 1:
release	UNKNOWN STEP	2025-10-25T20:32:57.3539982Z YOLO mode is enabled. All tool calls will be automatically approved.
release	UNKNOWN STEP	2025-10-25T20:32:57.3541207Z GEMINI_API_KEY not found. Find your existing key or generate a new one at: https://aistudio.google.com/apikey
release	UNKNOWN STEP	2025-10-25T20:32:57.3541610Z 
release	UNKNOWN STEP	2025-10-25T20:32:57.3541919Z To continue, please set the GEMINI_API_KEY environment variable or add it to a .env file.
release	UNKNOWN STEP	2025-10-25T20:32:57.3542312Z [39m
release	UNKNOWN STEP	2025-10-25T20:32:57.3542557Z [31m     â†’ Process exited with code 1:
release	UNKNOWN STEP	2025-10-25T20:32:57.3542939Z YOLO mode is enabled. All tool calls will be automatically approved.
release	UNKNOWN STEP	2025-10-25T20:32:57.3543558Z GEMINI_API_KEY not found. Find your existing key or generate a new one at: https://aistudio.google.com/apikey
release	UNKNOWN STEP	2025-10-25T20:32:57.3543916Z 
release	UNKNOWN STEP	2025-10-25T20:32:57.3544209Z To continue, please set the GEMINI_API_KEY environment variable or add it to a .env file.
release	UNKNOWN STEP	2025-10-25T20:32:57.3544576Z [39m
release	UNKNOWN STEP	2025-10-25T20:32:59.4489521Z  [31mâ¯[39m file-system-interactive.test.ts [2m([22m[2m1 test[22m[2m | [22m[31m1 failed[39m[2m)[22m[33m 90277[2mms[22m[39m
release	UNKNOWN STEP	2025-10-25T20:32:59.4492003Z [31m   [31mÃ—[31m Interactive file system[2m > [22mshould perform a read-then-write sequence[39m[33m 90276[2mms[22m[39m[33m (retry x2)[39m
release	UNKNOWN STEP	2025-10-25T20:32:59.4493262Z [31m     â†’ Did not find expected text: "Type your message": expected false to be true // Object.is equality[39m
release	UNKNOWN STEP	2025-10-25T20:32:59.4494062Z [31m     â†’ Did not find expected text: "Type your message": expected false to be true // Object.is equality[39m
release	UNKNOWN STEP	2025-10-25T20:32:59.4495091Z [31m     â†’ Did not find expected text: "Type your message": expected false to be true // Object.is equality[39m
release	UNKNOWN STEP	2025-10-25T20:35:01.4854982Z  [31mâ¯[39m context-compress-interactive.test.ts [2m([22m[2m3 tests[22m[2m | [22m[31m3 failed[39m[2m)[22m[33m 270753[2mms[22m[39m
release	UNKNOWN STEP	2025-10-25T20:35:01.4857036Z [31m   [31mÃ—[31m Interactive Mode[2m > [22mshould trigger chat compression with /compress command[39m[33m 90322[2mms[22m[39m[33m (retry x2)[39m
release	UNKNOWN STEP	2025-10-25T20:35:01.4858269Z [31m     â†’ Did not find expected text: "Type your message": expected false to be true // Object.is equality[39m
release	UNKNOWN STEP	2025-10-25T20:35:01.4859103Z [31m     â†’ Did not find expected text: "Type your message": expected false to be true // Object.is equality[39m
release	UNKNOWN STEP	2025-10-25T20:35:01.4859887Z [31m     â†’ Did not find expected text: "Type your message": expected false to be true // Object.is equality[39m
release	UNKNOWN STEP	2025-10-25T20:35:01.4861010Z [31m   [31mÃ—[31m Interactive Mode[2m > [22mshould handle compression failure on token inflation[39m[33m 90229[2mms[22m[39m[33m (retry x2)[39m
release	UNKNOWN STEP	2025-10-25T20:35:01.4861897Z [31m     â†’ Did not find expected text: "Type your message": expected false to be true // Object.is equality[39m
release	UNKNOWN STEP	2025-10-25T20:35:01.4862642Z [31m     â†’ Did not find expected text: "Type your message": expected false to be true // Object.is equality[39m
release	UNKNOWN STEP	2025-10-25T20:35:01.4863388Z [31m     â†’ Did not find expected text: "Type your message": expected false to be true // Object.is equality[39m
release	UNKNOWN STEP	2025-10-25T20:35:01.4864289Z [31m   [31mÃ—[31m Interactive Mode[2m > [22mshould handle /compress command on empty history[39m[33m 90201[2mms[22m[39m[33m (retry x2)[39m
release	UNKNOWN STEP	2025-10-25T20:35:01.4865136Z [31m     â†’ Did not find expected text: "Type your message": expected false to be true // Object.is equality[39m
release	UNKNOWN STEP	2025-10-25T20:35:01.4865885Z [31m     â†’ Did not find expected text: "Type your message": expected false to be true // Object.is equality[39m
release	UNKNOWN STEP	2025-10-25T20:35:01.4866631Z [31m     â†’ Did not find expected text: "Type your message": expected false to be true // Object.is equality[39m
release	UNKNOWN STEP	2025-10-25T20:35:01.4973523Z 
release	UNKNOWN STEP	2025-10-25T20:35:01.4974581Z [31mâŽ¯âŽ¯âŽ¯âŽ¯âŽ¯âŽ¯[39m[1m[41m Failed Tests 33 [49m[22m[31mâŽ¯âŽ¯âŽ¯âŽ¯âŽ¯âŽ¯âŽ¯[39m
release	UNKNOWN STEP	2025-10-25T20:35:01.4975301Z 
release	UNKNOWN STEP	2025-10-25T20:35:01.4982953Z [41m[1m FAIL [22m[49m context-compress-interactive.test.ts[2m > [22mInteractive Mode[2m > [22mshould trigger chat compression with /compress command
release	UNKNOWN STEP	2025-10-25T20:35:01.4985167Z [41m[1m FAIL [22m[49m context-compress-interactive.test.ts[2m > [22mInteractive Mode[2m > [22mshould trigger chat compression with /compress command
release	UNKNOWN STEP	2025-10-25T20:35:01.4987510Z [41m[1m FAIL [22m[49m context-compress-interactive.test.ts[2m > [22mInteractive Mode[2m > [22mshould trigger chat compression with /compress command
release	UNKNOWN STEP	2025-10-25T20:35:01.5007766Z [31m[1mAssertionError[22m: Did not find expected text: "Type your message": expected false to be true // Object.is equality[39m
release	UNKNOWN STEP	2025-10-25T20:35:01.5009660Z 
release	UNKNOWN STEP	2025-10-25T20:35:01.5010249Z [32m- Expected[39m
release	UNKNOWN STEP	2025-10-25T20:35:01.5010889Z [31m+ Received[39m
release	UNKNOWN STEP	2025-10-25T20:35:01.5011083Z 
release	UNKNOWN STEP	2025-10-25T20:35:01.5011254Z [32m- true[39m
release	UNKNOWN STEP	2025-10-25T20:35:01.5011598Z [31m+ false[39m
release	UNKNOWN STEP	2025-10-25T20:35:01.5011781Z 
release	UNKNOWN STEP	2025-10-25T20:35:01.5012374Z [36m [2mâ¯[22m InteractiveRun.expectText test-helper.ts:[2m195:60[22m[39m
release	UNKNOWN STEP	2025-10-25T20:35:01.5269809Z     [90m193| [39m      [34m200[39m[33m,[39m
release	UNKNOWN STEP	2025-10-25T20:35:01.5291426Z     [90m194| [39m    )[33m;[39m
release	UNKNOWN STEP	2025-10-25T20:35:01.5293199Z     [90m195| [39m    [34mexpect[39m(found[33m,[39m [32m`Did not find expected text: "[39m[36m${[39mtext[36m}[39m[32m"`[39m)[33m.[39m[34mtoBe[39m([35mtrue[39m)[33m;[39m
release	UNKNOWN STEP	2025-10-25T20:35:01.5294603Z     [90m   | [39m                                                           [31m^[39m
release	UNKNOWN STEP	2025-10-25T20:35:01.5295301Z     [90m196| [39m  }
release	UNKNOWN STEP	2025-10-25T20:35:01.5298410Z     [90m197| [39m
release	UNKNOWN STEP	2025-10-25T20:35:01.5300402Z [90m [2mâ¯[22m TestRig.runInteractive test-helper.ts:[2m994:5[22m[39m
release	UNKNOWN STEP	2025-10-25T20:35:01.5301621Z [90m [2mâ¯[22m context-compress-interactive.test.ts:[2m30:17[22m[39m
release	UNKNOWN STEP	2025-10-25T20:35:01.5302073Z 
release	UNKNOWN STEP	2025-10-25T20:35:01.5302460Z [31m[2mâŽ¯âŽ¯âŽ¯âŽ¯âŽ¯âŽ¯âŽ¯âŽ¯âŽ¯âŽ¯âŽ¯âŽ¯âŽ¯âŽ¯âŽ¯âŽ¯âŽ¯âŽ¯âŽ¯âŽ¯âŽ¯âŽ¯âŽ¯[1/99]âŽ¯[22m[39m
release	UNKNOWN STEP	2025-10-25T20:35:01.5302775Z 
release	UNKNOWN STEP	2025-10-25T20:35:01.5303942Z [41m[1m FAIL [22m[49m context-compress-interactive.test.ts[2m > [22mInteractive Mode[2m > [22mshould handle compression failure on token inflation
release	UNKNOWN STEP	2025-10-25T20:35:01.5305905Z [41m[1m FAIL [22m[49m context-compress-interactive.test.ts[2m > [22mInteractive Mode[2m > [22mshould handle compression failure on token inflation
release	UNKNOWN STEP	2025-10-25T20:35:01.5307871Z [41m[1m FAIL [22m[49m context-compress-interactive.test.ts[2m > [22mInteractive Mode[2m > [22mshould handle compression failure on token inflation
release	UNKNOWN STEP	2025-10-25T20:35:01.5309671Z [31m[1mAssertionError[22m: Did not find expected text: "Type your message": expected false to be true // Object.is equality[39m
release	UNKNOWN STEP	2025-10-25T20:35:01.5310398Z 
release	UNKNOWN STEP	2025-10-25T20:35:01.5310820Z [32m- Expected[39m
release	UNKNOWN STEP	2025-10-25T20:35:01.5311245Z [31m+ Received[39m
release	UNKNOWN STEP	2025-10-25T20:35:01.5311438Z 
release	UNKNOWN STEP	2025-10-25T20:35:01.5311597Z [32m- true[39m
release	UNKNOWN STEP	2025-10-25T20:35:01.5311939Z [31m+ false[39m
release	UNKNOWN STEP	2025-10-25T20:35:01.5312112Z 
release	UNKNOWN STEP	2025-10-25T20:35:01.5312694Z [36m [2mâ¯[22m InteractiveRun.expectText test-helper.ts:[2m195:60[22m[39m
release	UNKNOWN STEP	2025-10-25T20:35:01.5313413Z     [90m193| [39m      [34m200[39m[33m,[39m
release	UNKNOWN STEP	2025-10-25T20:35:01.5313914Z     [90m194| [39m    )[33m;[39m
release	UNKNOWN STEP	2025-10-25T20:35:01.5315569Z     [90m195| [39m    [34mexpect[39m(found[33m,[39m [32m`Did not find expected text: "[39m[36m${[39mtext[36m}[39m[32m"`[39m)[33m.[39m[34mtoBe[39m([35mtrue[39m)[33m;[39m
release	UNKNOWN STEP	2025-10-25T20:35:01.5316806Z     [90m   | [39m                                                           [31m^[39m
release	UNKNOWN STEP	2025-10-25T20:35:01.5339017Z     [90m196| [39m  }
release	UNKNOWN STEP	2025-10-25T20:35:01.5339380Z     [90m197| [39m
release	UNKNOWN STEP	2025-10-25T20:35:01.5340121Z [90m [2mâ¯[22m TestRig.runInteractive test-helper.ts:[2m994:5[22m[39m
release	UNKNOWN STEP	2025-10-25T20:35:01.5343320Z [90m [2mâ¯[22m context-compress-interactive.test.ts:[2m59:17[22m[39m
release	UNKNOWN STEP	2025-10-25T20:35:01.5346785Z 
release	UNKNOWN STEP	2025-10-25T20:35:01.5347199Z [31m[2mâŽ¯âŽ¯âŽ¯âŽ¯âŽ¯âŽ¯âŽ¯âŽ¯âŽ¯âŽ¯âŽ¯âŽ¯âŽ¯âŽ¯âŽ¯âŽ¯âŽ¯âŽ¯âŽ¯âŽ¯âŽ¯âŽ¯âŽ¯[2/99]âŽ¯[22m[39m
release	UNKNOWN STEP	2025-10-25T20:35:01.5347521Z 
release	UNKNOWN STEP	2025-10-25T20:35:01.5348641Z [41m[1m FAIL [22m[49m context-compress-interactive.test.ts[2m > [22mInteractive Mode[2m > [22mshould handle /compress command on empty history
release	UNKNOWN STEP	2025-10-25T20:35:01.5354599Z [41m[1m FAIL [22m[49m context-compress-interactive.test.ts[2m > [22mInteractive Mode[2m > [22mshould handle /compress command on empty history
release	UNKNOWN STEP	2025-10-25T20:35:01.5356530Z [41m[1m FAIL [22m[49m context-compress-interactive.test.ts[2m > [22mInteractive Mode[2m > [22mshould handle /compress command on empty history
release	UNKNOWN STEP	2025-10-25T20:35:01.5358294Z [31m[1mAssertionError[22m: Did not find expected text: "Type your message": expected false to be true // Object.is equality[39m
release	UNKNOWN STEP	2025-10-25T20:35:01.5359031Z 
release	UNKNOWN STEP	2025-10-25T20:35:01.5359234Z [32m- Expected[39m
release	UNKNOWN STEP	2025-10-25T20:35:01.5359883Z [31m+ Received[39m
release	UNKNOWN STEP	2025-10-25T20:35:01.5360078Z 
release	UNKNOWN STEP	2025-10-25T20:35:01.5360236Z [32m- true[39m
release	UNKNOWN STEP	2025-10-25T20:35:01.5360581Z [31m+ false[39m
release	UNKNOWN STEP	2025-10-25T20:35:01.5360956Z 
release	UNKNOWN STEP	2025-10-25T20:35:01.5361557Z [36m [2mâ¯[22m InteractiveRun.expectText test-helper.ts:[2m195:60[22m[39m
release	UNKNOWN STEP	2025-10-25T20:35:01.5362327Z     [90m193| [39m      [34m200[39m[33m,[39m
release	UNKNOWN STEP	2025-10-25T20:35:01.5362838Z     [90m194| [39m    )[33m;[39m
release	UNKNOWN STEP	2025-10-25T20:35:01.5364100Z     [90m195| [39m    [34mexpect[39m(found[33m,[39m [32m`Did not find expected text: "[39m[36m${[39mtext[36m}[39m[32m"`[39m)[33m.[39m[34mtoBe[39m([35mtrue[39m)[33m;[39m
release	UNKNOWN STEP	2025-10-25T20:35:01.5365267Z     [90m   | [39m                                                           [31m^[39m
release	UNKNOWN STEP	2025-10-25T20:35:01.5365776Z     [90m196| [39m  }
release	UNKNOWN STEP	2025-10-25T20:35:01.5366128Z     [90m197| [39m
release	UNKNOWN STEP	2025-10-25T20:35:01.5366821Z [90m [2mâ¯[22m TestRig.runInteractive test-helper.ts:[2m994:5[22m[39m
release	UNKNOWN STEP	2025-10-25T20:35:01.5367816Z [90m [2mâ¯[22m context-compress-interactive.test.ts:[2m89:17[22m[39m
release	UNKNOWN STEP	2025-10-25T20:35:01.5368291Z 
release	UNKNOWN STEP	2025-10-25T20:35:01.5368688Z [31m[2mâŽ¯âŽ¯âŽ¯âŽ¯âŽ¯âŽ¯âŽ¯âŽ¯âŽ¯âŽ¯âŽ¯âŽ¯âŽ¯âŽ¯âŽ¯âŽ¯âŽ¯âŽ¯âŽ¯âŽ¯âŽ¯âŽ¯âŽ¯[3/99]âŽ¯[22m[39m
release	UNKNOWN STEP	2025-10-25T20:35:01.5369004Z 
release	UNKNOWN STEP	2025-10-25T20:35:01.5369893Z [41m[1m FAIL [22m[49m ctrl-c-exit.test.ts[2m > [22mCtrl+C exit[2m > [22mshould exit gracefully on second Ctrl+C
release	UNKNOWN STEP	2025-10-25T20:35:01.5371473Z [41m[1m FAIL [22m[49m ctrl-c-exit.test.ts[2m > [22mCtrl+C exit[2m > [22mshould exit gracefully on second Ctrl+C
release	UNKNOWN STEP	2025-10-25T20:35:01.5372860Z [41m[1m FAIL [22m[49m ctrl-c-exit.test.ts[2m > [22mCtrl+C exit[2m > [22mshould exit gracefully on second Ctrl+C
release	UNKNOWN STEP	2025-10-25T20:35:01.5374409Z [31m[1mAssertionError[22m: Did not find expected text: "Type your message": expected false to be true // Object.is equality[39m
release	UNKNOWN STEP	2025-10-25T20:35:01.5375143Z 
release	UNKNOWN STEP	2025-10-25T20:35:01.5375348Z [32m- Expected[39m
release	UNKNOWN STEP	2025-10-25T20:35:01.5375722Z [31m+ Received[39m
release	UNKNOWN STEP	2025-10-25T20:35:01.5375907Z 
release	UNKNOWN STEP	2025-10-25T20:35:01.5376064Z [32m- true[39m
release	UNKNOWN STEP	2025-10-25T20:35:01.5376511Z [31m+ false[39m
release	UNKNOWN STEP	2025-10-25T20:35:01.5376728Z 
release	UNKNOWN STEP	2025-10-25T20:35:01.5377400Z [36m [2mâ¯[22m InteractiveRun.expectText test-helper.ts:[2m195:60[22m[39m
release	UNKNOWN STEP	2025-10-25T20:35:01.5378227Z     [90m193| [39m      [34m200[39m[33m,[39m
release	UNKNOWN STEP	2025-10-25T20:35:01.5379014Z     [90m194| [39m    )[33m;[39m
release	UNKNOWN STEP	2025-10-25T20:35:01.5591174Z     [90m195| [39m    [34mexpect[39m(found[33m,[39m [32m`Did not find expected text: "[39m[36m${[39mtext[36m}[39m[32m"`[39m)[33m.[39m[34mtoBe[39m([35mtrue[39m)[33m;[39m
release	UNKNOWN STEP	2025-10-25T20:35:01.5593876Z     [90m   | [39m                                                           [31m^[39m
release	UNKNOWN STEP	2025-10-25T20:35:01.5594696Z     [90m196| [39m  }
release	UNKNOWN STEP	2025-10-25T20:35:01.5595068Z     [90m197| [39m
release	UNKNOWN STEP	2025-10-25T20:35:01.5595794Z [90m [2mâ¯[22m TestRig.runInteractive test-helper.ts:[2m994:5[22m[39m
release	UNKNOWN STEP	2025-10-25T20:35:01.5596609Z [90m [2mâ¯[22m ctrl-c-exit.test.ts:[2m18:17[22m[39m
release	UNKNOWN STEP	2025-10-25T20:35:01.5596932Z 
release	UNKNOWN STEP	2025-10-25T20:35:01.5597310Z [31m[2mâŽ¯âŽ¯âŽ¯âŽ¯âŽ¯âŽ¯âŽ¯âŽ¯âŽ¯âŽ¯âŽ¯âŽ¯âŽ¯âŽ¯âŽ¯âŽ¯âŽ¯âŽ¯âŽ¯âŽ¯âŽ¯âŽ¯âŽ¯[4/99]âŽ¯[22m[39m
release	UNKNOWN STEP	2025-10-25T20:35:01.5597615Z 
release	UNKNOWN STEP	2025-10-25T20:35:01.5598676Z [41m[1m FAIL [22m[49m file-system-interactive.test.ts[2m > [22mInteractive file system[2m > [22mshould perform a read-then-write sequence
release	UNKNOWN STEP	2025-10-25T20:35:01.5600574Z [41m[1m FAIL [22m[49m file-system-interactive.test.ts[2m > [22mInteractive file system[2m > [22mshould perform a read-then-write sequence
release	UNKNOWN STEP	2025-10-25T20:35:01.5628965Z [41m[1m FAIL [22m[49m file-system-interactive.test.ts[2m > [22mInteractive file system[2m > [22mshould perform a read-then-write sequence
release	UNKNOWN STEP	2025-10-25T20:35:01.5630876Z [31m[1mAssertionError[22m: Did not find expected text: "Type your message": expected false to be true // Object.is equality[39m
release	UNKNOWN STEP	2025-10-25T20:35:01.5631597Z 
release	UNKNOWN STEP	2025-10-25T20:35:01.5631827Z [32m- Expected[39m
release	UNKNOWN STEP	2025-10-25T20:35:01.5632266Z [31m+ Received[39m
release	UNKNOWN STEP	2025-10-25T20:35:01.5632479Z 
release	UNKNOWN STEP	2025-10-25T20:35:01.5632677Z [32m- true[39m
release	UNKNOWN STEP	2025-10-25T20:35:01.5633058Z [31m+ false[39m
release	UNKNOWN STEP	2025-10-25T20:35:01.5633518Z 
release	UNKNOWN STEP	2025-10-25T20:35:01.5634177Z [36m [2mâ¯[22m InteractiveRun.expectText test-helper.ts:[2m195:60[22m[39m
release	UNKNOWN STEP	2025-10-25T20:35:01.5635080Z     [90m193| [39m      [34m200[39m[33m,[39m
release	UNKNOWN STEP	2025-10-25T20:35:01.5635668Z     [90m194| [39m    )[33m;[39m
release	UNKNOWN STEP	2025-10-25T20:35:01.5637014Z     [90m195| [39m    [34mexpect[39m(found[33m,[39m [32m`Did not find expected text: "[39m[36m${[39mtext[36m}[39m[32m"`[39m)[33m.[39m[34mtoBe[39m([35mtrue[39m)[33m;[39m
release	UNKNOWN STEP	2025-10-25T20:35:01.5638257Z     [90m   | [39m                                                           [31m^[39m
release	UNKNOWN STEP	2025-10-25T20:35:01.5638805Z     [90m196| [39m  }
release	UNKNOWN STEP	2025-10-25T20:35:01.5639222Z     [90m197| [39m
release	UNKNOWN STEP	2025-10-25T20:35:01.5640032Z [90m [2mâ¯[22m TestRig.runInteractive test-helper.ts:[2m994:5[22m[39m
release	UNKNOWN STEP	2025-10-25T20:35:01.5641204Z [90m [2mâ¯[22m file-system-interactive.test.ts:[2m35:17[22m[39m
release	UNKNOWN STEP	2025-10-25T20:35:01.5641638Z 
release	UNKNOWN STEP	2025-10-25T20:35:01.5642053Z [31m[2mâŽ¯âŽ¯âŽ¯âŽ¯âŽ¯âŽ¯âŽ¯âŽ¯âŽ¯âŽ¯âŽ¯âŽ¯âŽ¯âŽ¯âŽ¯âŽ¯âŽ¯âŽ¯âŽ¯âŽ¯âŽ¯âŽ¯âŽ¯[5/99]âŽ¯[22m[39m
release	UNKNOWN STEP	2025-10-25T20:35:01.5642387Z 
release	UNKNOWN STEP	2025-10-25T20:35:01.5643197Z [41m[1m FAIL [22m[49m file-system.test.ts[2m > [22mfile-system[2m > [22mshould be able to read a file
release	UNKNOWN STEP	2025-10-25T20:35:01.5644533Z [41m[1m FAIL [22m[49m file-system.test.ts[2m > [22mfile-system[2m > [22mshould be able to read a file
release	UNKNOWN STEP	2025-10-25T20:35:01.5645861Z [41m[1m FAIL [22m[49m file-system.test.ts[2m > [22mfile-system[2m > [22mshould be able to read a file
release	UNKNOWN STEP	2025-10-25T20:35:01.5647100Z [41m[1m FAIL [22m[49m file-system.test.ts[2m > [22mfile-system[2m > [22mshould be able to write a file
release	UNKNOWN STEP	2025-10-25T20:35:01.5648382Z [41m[1m FAIL [22m[49m file-system.test.ts[2m > [22mfile-system[2m > [22mshould be able to write a file
release	UNKNOWN STEP	2025-10-25T20:35:01.5649750Z [41m[1m FAIL [22m[49m file-system.test.ts[2m > [22mfile-system[2m > [22mshould be able to write a file
release	UNKNOWN STEP	2025-10-25T20:35:01.5651451Z [41m[1m FAIL [22m[49m file-system.test.ts[2m > [22mfile-system[2m > [22mshould correctly handle file paths with spaces
release	UNKNOWN STEP	2025-10-25T20:35:01.5653043Z [41m[1m FAIL [22m[49m file-system.test.ts[2m > [22mfile-system[2m > [22mshould correctly handle file paths with spaces
release	UNKNOWN STEP	2025-10-25T20:35:01.5654564Z [41m[1m FAIL [22m[49m file-system.test.ts[2m > [22mfile-system[2m > [22mshould correctly handle file paths with spaces
release	UNKNOWN STEP	2025-10-25T20:35:01.5655971Z [41m[1m FAIL [22m[49m file-system.test.ts[2m > [22mfile-system[2m > [22mshould perform a read-then-write sequence
release	UNKNOWN STEP	2025-10-25T20:35:01.5657332Z [41m[1m FAIL [22m[49m file-system.test.ts[2m > [22mfile-system[2m > [22mshould perform a read-then-write sequence
release	UNKNOWN STEP	2025-10-25T20:35:01.5658865Z [41m[1m FAIL [22m[49m file-system.test.ts[2m > [22mfile-system[2m > [22mshould perform a read-then-write sequence
release	UNKNOWN STEP	2025-10-25T20:35:01.5660405Z [41m[1m FAIL [22m[49m file-system.test.ts[2m > [22mfile-system[2m > [22mshould fail safely when trying to edit a non-existent file
release	UNKNOWN STEP	2025-10-25T20:35:01.5662213Z [41m[1m FAIL [22m[49m file-system.test.ts[2m > [22mfile-system[2m > [22mshould fail safely when trying to edit a non-existent file
release	UNKNOWN STEP	2025-10-25T20:35:01.5663844Z [41m[1m FAIL [22m[49m file-system.test.ts[2m > [22mfile-system[2m > [22mshould fail safely when trying to edit a non-existent file
release	UNKNOWN STEP	2025-10-25T20:35:01.5665279Z [41m[1m FAIL [22m[49m google_web_search.test.ts[2m > [22mgoogle_web_search[2m > [22mshould be able to search the web
release	UNKNOWN STEP	2025-10-25T20:35:01.5666631Z [41m[1m FAIL [22m[49m google_web_search.test.ts[2m > [22mgoogle_web_search[2m > [22mshould be able to search the web
release	UNKNOWN STEP	2025-10-25T20:35:01.5667966Z [41m[1m FAIL [22m[49m google_web_search.test.ts[2m > [22mgoogle_web_search[2m > [22mshould be able to search the web
release	UNKNOWN STEP	2025-10-25T20:35:01.5669292Z [41m[1m FAIL [22m[49m list_directory.test.ts[2m > [22mlist_directory[2m > [22mshould be able to list a directory
release	UNKNOWN STEP	2025-10-25T20:35:01.5670865Z [41m[1m FAIL [22m[49m list_directory.test.ts[2m > [22mlist_directory[2m > [22mshould be able to list a directory
release	UNKNOWN STEP	2025-10-25T20:35:01.5672172Z [41m[1m FAIL [22m[49m list_directory.test.ts[2m > [22mlist_directory[2m > [22mshould be able to list a directory
release	UNKNOWN STEP	2025-10-25T20:35:01.5673647Z [41m[1m FAIL [22m[49m replace.test.ts[2m > [22mreplace[2m > [22mshould be able to replace content in a file
release	UNKNOWN STEP	2025-10-25T20:35:01.5674935Z [41m[1m FAIL [22m[49m replace.test.ts[2m > [22mreplace[2m > [22mshould be able to replace content in a file
release	UNKNOWN STEP	2025-10-25T20:35:01.5676301Z [41m[1m FAIL [22m[49m run_shell_command.test.ts[2m > [22mrun_shell_command[2m > [22mshould be able to run a shell command
release	UNKNOWN STEP	2025-10-25T20:35:01.5677805Z [41m[1m FAIL [22m[49m run_shell_command.test.ts[2m > [22mrun_shell_command[2m > [22mshould be able to run a shell command
release	UNKNOWN STEP	2025-10-25T20:35:01.5679283Z [41m[1m FAIL [22m[49m run_shell_command.test.ts[2m > [22mrun_shell_command[2m > [22mshould be able to run a shell command
release	UNKNOWN STEP	2025-10-25T20:35:01.5680926Z [41m[1m FAIL [22m[49m run_shell_command.test.ts[2m > [22mrun_shell_command[2m > [22mshould be able to run a shell command via stdin
release	UNKNOWN STEP	2025-10-25T20:35:01.5682396Z [41m[1m FAIL [22m[49m run_shell_command.test.ts[2m > [22mrun_shell_command[2m > [22mshould be able to run a shell command via stdin
release	UNKNOWN STEP	2025-10-25T20:35:01.5683851Z [41m[1m FAIL [22m[49m run_shell_command.test.ts[2m > [22mrun_shell_command[2m > [22mshould be able to run a shell command via stdin
release	UNKNOWN STEP	2025-10-25T20:35:01.5685207Z [41m[1m FAIL [22m[49m run_shell_command.test.ts[2m > [22mrun_shell_command[2m > [22mshould succeed with --yolo mode
release	UNKNOWN STEP	2025-10-25T20:35:01.5686522Z [41m[1m FAIL [22m[49m run_shell_command.test.ts[2m > [22mrun_shell_command[2m > [22mshould succeed with --yolo mode
release	UNKNOWN STEP	2025-10-25T20:35:01.5687916Z [41m[1m FAIL [22m[49m run_shell_command.test.ts[2m > [22mrun_shell_command[2m > [22mshould succeed with --yolo mode
release	UNKNOWN STEP	2025-10-25T20:35:01.5689447Z [41m[1m FAIL [22m[49m run_shell_command.test.ts[2m > [22mrun_shell_command[2m > [22mshould propagate environment variables to the child process
release	UNKNOWN STEP	2025-10-25T20:35:01.5691266Z [41m[1m FAIL [22m[49m run_shell_command.test.ts[2m > [22mrun_shell_command[2m > [22mshould propagate environment variables to the child process
release	UNKNOWN STEP	2025-10-25T20:35:01.5692944Z [41m[1m FAIL [22m[49m run_shell_command.test.ts[2m > [22mrun_shell_command[2m > [22mshould propagate environment variables to the child process
release	UNKNOWN STEP	2025-10-25T20:35:01.5694416Z [41m[1m FAIL [22m[49m run_shell_command.test.ts[2m > [22mrun_shell_command[2m > [22mrejects invalid shell expressions
release	UNKNOWN STEP	2025-10-25T20:35:01.5695766Z [41m[1m FAIL [22m[49m run_shell_command.test.ts[2m > [22mrun_shell_command[2m > [22mrejects invalid shell expressions
release	UNKNOWN STEP	2025-10-25T20:35:01.5697371Z [41m[1m FAIL [22m[49m run_shell_command.test.ts[2m > [22mrun_shell_command[2m > [22mrejects invalid shell expressions
release	UNKNOWN STEP	2025-10-25T20:35:01.5698715Z [41m[1m FAIL [22m[49m save_memory.test.ts[2m > [22msave_memory[2m > [22mshould be able to save to memory
release	UNKNOWN STEP	2025-10-25T20:35:01.5699950Z [41m[1m FAIL [22m[49m save_memory.test.ts[2m > [22msave_memory[2m > [22mshould be able to save to memory
release	UNKNOWN STEP	2025-10-25T20:35:01.5701358Z [41m[1m FAIL [22m[49m save_memory.test.ts[2m > [22msave_memory[2m > [22mshould be able to save to memory
release	UNKNOWN STEP	2025-10-25T20:35:01.5702559Z [41m[1m FAIL [22m[49m simple-mcp-server.test.ts[2m > [22msimple-mcp-server[2m > [22mshould add two numbers
release	UNKNOWN STEP	2025-10-25T20:35:01.5703922Z [41m[1m FAIL [22m[49m simple-mcp-server.test.ts[2m > [22msimple-mcp-server[2m > [22mshould add two numbers
release	UNKNOWN STEP	2025-10-25T20:35:01.5705277Z [41m[1m FAIL [22m[49m simple-mcp-server.test.ts[2m > [22msimple-mcp-server[2m > [22mshould add two numbers
release	UNKNOWN STEP	2025-10-25T20:35:01.5706487Z [41m[1m FAIL [22m[49m telemetry.test.ts[2m > [22mtelemetry[2m > [22mshould emit a metric and a log event
release	UNKNOWN STEP	2025-10-25T20:35:01.5707633Z [41m[1m FAIL [22m[49m telemetry.test.ts[2m > [22mtelemetry[2m > [22mshould emit a metric and a log event
release	UNKNOWN STEP	2025-10-25T20:35:01.5708927Z [41m[1m FAIL [22m[49m telemetry.test.ts[2m > [22mtelemetry[2m > [22mshould emit a metric and a log event
release	UNKNOWN STEP	2025-10-25T20:35:01.5710359Z [41m[1m FAIL [22m[49m utf-bom-encoding.test.ts[2m > [22mBOM end-to-end integraion[2m > [22mUTF-8 BOM
release	UNKNOWN STEP	2025-10-25T20:35:01.5711773Z [41m[1m FAIL [22m[49m utf-bom-encoding.test.ts[2m > [22mBOM end-to-end integraion[2m > [22mUTF-8 BOM
release	UNKNOWN STEP	2025-10-25T20:35:01.5712880Z [41m[1m FAIL [22m[49m utf-bom-encoding.test.ts[2m > [22mBOM end-to-end integraion[2m > [22mUTF-8 BOM
release	UNKNOWN STEP	2025-10-25T20:35:01.5714060Z [41m[1m FAIL [22m[49m utf-bom-encoding.test.ts[2m > [22mBOM end-to-end integraion[2m > [22mUTF-16 LE BOM
release	UNKNOWN STEP	2025-10-25T20:35:01.5715369Z [41m[1m FAIL [22m[49m utf-bom-encoding.test.ts[2m > [22mBOM end-to-end integraion[2m > [22mUTF-16 LE BOM
release	UNKNOWN STEP	2025-10-25T20:35:01.5716671Z [41m[1m FAIL [22m[49m utf-bom-encoding.test.ts[2m > [22mBOM end-to-end integraion[2m > [22mUTF-16 LE BOM
release	UNKNOWN STEP	2025-10-25T20:35:01.5717960Z [41m[1m FAIL [22m[49m utf-bom-encoding.test.ts[2m > [22mBOM end-to-end integraion[2m > [22mUTF-16 BE BOM
release	UNKNOWN STEP	2025-10-25T20:35:01.5719097Z [41m[1m FAIL [22m[49m utf-bom-encoding.test.ts[2m > [22mBOM end-to-end integraion[2m > [22mUTF-16 BE BOM
release	UNKNOWN STEP	2025-10-25T20:35:01.5720269Z [41m[1m FAIL [22m[49m utf-bom-encoding.test.ts[2m > [22mBOM end-to-end integraion[2m > [22mUTF-16 BE BOM
release	UNKNOWN STEP	2025-10-25T20:35:01.5721674Z [41m[1m FAIL [22m[49m utf-bom-encoding.test.ts[2m > [22mBOM end-to-end integraion[2m > [22mUTF-32 LE BOM
release	UNKNOWN STEP	2025-10-25T20:35:01.5722938Z [41m[1m FAIL [22m[49m utf-bom-encoding.test.ts[2m > [22mBOM end-to-end integraion[2m > [22mUTF-32 LE BOM
release	UNKNOWN STEP	2025-10-25T20:35:01.5724158Z [41m[1m FAIL [22m[49m utf-bom-encoding.test.ts[2m > [22mBOM end-to-end integraion[2m > [22mUTF-32 LE BOM
release	UNKNOWN STEP	2025-10-25T20:35:01.5725353Z [41m[1m FAIL [22m[49m utf-bom-encoding.test.ts[2m > [22mBOM end-to-end integraion[2m > [22mUTF-32 BE BOM
release	UNKNOWN STEP	2025-10-25T20:35:01.5726572Z [41m[1m FAIL [22m[49m utf-bom-encoding.test.ts[2m > [22mBOM end-to-end integraion[2m > [22mUTF-32 BE BOM
release	UNKNOWN STEP	2025-10-25T20:35:01.5727799Z [41m[1m FAIL [22m[49m utf-bom-encoding.test.ts[2m > [22mBOM end-to-end integraion[2m > [22mUTF-32 BE BOM
release	UNKNOWN STEP	2025-10-25T20:35:01.5729095Z [41m[1m FAIL [22m[49m utf-bom-encoding.test.ts[2m > [22mBOM end-to-end integraion[2m > [22mCan describe a PNG file
release	UNKNOWN STEP	2025-10-25T20:35:01.5730463Z [41m[1m FAIL [22m[49m utf-bom-encoding.test.ts[2m > [22mBOM end-to-end integraion[2m > [22mCan describe a PNG file
release	UNKNOWN STEP	2025-10-25T20:35:01.5731948Z [41m[1m FAIL [22m[49m utf-bom-encoding.test.ts[2m > [22mBOM end-to-end integraion[2m > [22mCan describe a PNG file
release	UNKNOWN STEP	2025-10-25T20:35:01.5733336Z [41m[1m FAIL [22m[49m write_file.test.ts[2m > [22mwrite_file[2m > [22mshould be able to write a file
release	UNKNOWN STEP	2025-10-25T20:35:01.5734495Z [41m[1m FAIL [22m[49m write_file.test.ts[2m > [22mwrite_file[2m > [22mshould be able to write a file
release	UNKNOWN STEP	2025-10-25T20:35:01.5735648Z [41m[1m FAIL [22m[49m write_file.test.ts[2m > [22mwrite_file[2m > [22mshould be able to write a file
release	UNKNOWN STEP	2025-10-25T20:35:01.5736456Z [31m[1mError[22m: Process exited with code 1:
release	UNKNOWN STEP	2025-10-25T20:35:01.5737155Z YOLO mode is enabled. All tool calls will be automatically approved.
release	UNKNOWN STEP	2025-10-25T20:35:01.5738195Z GEMINI_API_KEY not found. Find your existing key or generate a new one at: https://aistudio.google.com/apikey
release	UNKNOWN STEP	2025-10-25T20:35:01.5738785Z 
release	UNKNOWN STEP	2025-10-25T20:35:01.5739323Z To continue, please set the GEMINI_API_KEY environment variable or add it to a .env file.
release	UNKNOWN STEP	2025-10-25T20:35:01.5739983Z [39m
release	UNKNOWN STEP	2025-10-25T20:35:01.5740843Z [36m [2mâ¯[22m ChildProcess.<anonymous> test-helper.ts:[2m486:18[22m[39m
release	UNKNOWN STEP	2025-10-25T20:35:01.5741657Z     [90m484| [39m          [34mresolve[39m(result)[33m;[39m
release	UNKNOWN STEP	2025-10-25T20:35:01.5742274Z     [90m485| [39m        } [35melse[39m {
release	UNKNOWN STEP	2025-10-25T20:35:01.5743056Z     [90m486| [39m          reject(new Error(`Process exited with code ${code}:\n${stderâ€¦
release	UNKNOWN STEP	2025-10-25T20:35:01.5743671Z     [90m   | [39m                 [31m^[39m
release	UNKNOWN STEP	2025-10-25T20:35:01.5744078Z     [90m487| [39m        }
release	UNKNOWN STEP	2025-10-25T20:35:01.5744672Z     [90m488| [39m      })[33m;[39m
release	UNKNOWN STEP	2025-10-25T20:35:01.5744931Z 
release	UNKNOWN STEP	2025-10-25T20:35:01.5745301Z [31m[2mâŽ¯âŽ¯âŽ¯âŽ¯âŽ¯âŽ¯âŽ¯âŽ¯âŽ¯âŽ¯âŽ¯âŽ¯âŽ¯âŽ¯âŽ¯âŽ¯âŽ¯âŽ¯âŽ¯âŽ¯âŽ¯âŽ¯âŽ¯[6/99]âŽ¯[22m[39m
release	UNKNOWN STEP	2025-10-25T20:35:01.5745602Z 
release	UNKNOWN STEP	2025-10-25T20:35:01.5746507Z [41m[1m FAIL [22m[49m json-output.test.ts[2m > [22mJSON output[2m > [22mshould return a valid JSON with response and stats
release	UNKNOWN STEP	2025-10-25T20:35:01.5748037Z [41m[1m FAIL [22m[49m json-output.test.ts[2m > [22mJSON output[2m > [22mshould return a valid JSON with response and stats
release	UNKNOWN STEP	2025-10-25T20:35:01.5749485Z [41m[1m FAIL [22m[49m json-output.test.ts[2m > [22mJSON output[2m > [22mshould return a valid JSON with response and stats
release	UNKNOWN STEP	2025-10-25T20:35:01.5750376Z [31m[1mError[22m: Process exited with code 1:
release	UNKNOWN STEP	2025-10-25T20:35:01.5751217Z YOLO mode is enabled. All tool calls will be automatically approved.
release	UNKNOWN STEP	2025-10-25T20:35:01.5751740Z {
release	UNKNOWN STEP	2025-10-25T20:35:01.5752001Z   "error": {
release	UNKNOWN STEP	2025-10-25T20:35:01.5752278Z     "type": "Error",
release	UNKNOWN STEP	2025-10-25T20:35:01.5753668Z     "message": "GEMINI_API_KEY not found. Find your existing key or generate a new one at: https://aistudio.google.com/apikey\n\nTo continue, please set the GEMINI_API_KEY environment variable or add it to a .env file.",
release	UNKNOWN STEP	2025-10-25T20:35:01.5754897Z     "code": 1
release	UNKNOWN STEP	2025-10-25T20:35:01.5755157Z   }
release	UNKNOWN STEP	2025-10-25T20:35:01.5755398Z }
release	UNKNOWN STEP	2025-10-25T20:35:01.5755675Z [39m
release	UNKNOWN STEP	2025-10-25T20:35:01.5756362Z [36m [2mâ¯[22m ChildProcess.<anonymous> test-helper.ts:[2m486:18[22m[39m
release	UNKNOWN STEP	2025-10-25T20:35:01.5757158Z     [90m484| [39m          [34mresolve[39m(result)[33m;[39m
release	UNKNOWN STEP	2025-10-25T20:35:01.5757756Z     [90m485| [39m        } [35melse[39m {
release	UNKNOWN STEP	2025-10-25T20:35:01.5758536Z     [90m486| [39m          reject(new Error(`Process exited with code ${code}:\n${stderâ€¦
release	UNKNOWN STEP	2025-10-25T20:35:01.5759203Z     [90m   | [39m                 [31m^[39m
release	UNKNOWN STEP	2025-10-25T20:35:01.5759612Z     [90m487| [39m        }
release	UNKNOWN STEP	2025-10-25T20:35:01.5760022Z     [90m488| [39m      })[33m;[39m
release	UNKNOWN STEP	2025-10-25T20:35:01.5760251Z 
release	UNKNOWN STEP	2025-10-25T20:35:01.5760767Z [31m[2mâŽ¯âŽ¯âŽ¯âŽ¯âŽ¯âŽ¯âŽ¯âŽ¯âŽ¯âŽ¯âŽ¯âŽ¯âŽ¯âŽ¯âŽ¯âŽ¯âŽ¯âŽ¯âŽ¯âŽ¯âŽ¯âŽ¯âŽ¯[7/99]âŽ¯[22m[39m
release	UNKNOWN STEP	2025-10-25T20:35:01.5761075Z 
release	UNKNOWN STEP	2025-10-25T20:35:01.5762404Z [41m[1m FAIL [22m[49m mcp_server_cyclic_schema.test.ts[2m > [22mmcp server with cyclic tool schema is detected[2m > [22mmcp tool list should include tool with cyclic tool schema
release	UNKNOWN STEP	2025-10-25T20:35:01.5764551Z [41m[1m FAIL [22m[49m mcp_server_cyclic_schema.test.ts[2m > [22mmcp server with cyclic tool schema is detected[2m > [22mmcp tool list should include tool with cyclic tool schema
release	UNKNOWN STEP	2025-10-25T20:35:01.5766762Z [41m[1m FAIL [22m[49m mcp_server_cyclic_schema.test.ts[2m > [22mmcp server with cyclic tool schema is detected[2m > [22mmcp tool list should include tool with cyclic tool schema
release	UNKNOWN STEP	2025-10-25T20:35:01.5768633Z [31m[1mAssertionError[22m: Did not find expected text: "Type your message": expected false to be true // Object.is equality[39m
release	UNKNOWN STEP	2025-10-25T20:35:01.5769305Z 
release	UNKNOWN STEP	2025-10-25T20:35:01.5769531Z [32m- Expected[39m
release	UNKNOWN STEP	2025-10-25T20:35:01.5769902Z [31m+ Received[39m
release	UNKNOWN STEP	2025-10-25T20:35:01.5770079Z 
release	UNKNOWN STEP	2025-10-25T20:35:01.5770246Z [32m- true[39m
release	UNKNOWN STEP	2025-10-25T20:35:01.5770567Z [31m+ false[39m
release	UNKNOWN STEP	2025-10-25T20:35:01.5770881Z 
release	UNKNOWN STEP	2025-10-25T20:35:01.5771431Z [36m [2mâ¯[22m InteractiveRun.expectText test-helper.ts:[2m195:60[22m[39m
release	UNKNOWN STEP	2025-10-25T20:35:01.5772134Z     [90m193| [39m      [34m200[39m[33m,[39m
release	UNKNOWN STEP	2025-10-25T20:35:01.5772610Z     [90m194| [39m    )[33m;[39m
release	UNKNOWN STEP	2025-10-25T20:35:01.5773836Z     [90m195| [39m    [34mexpect[39m(found[33m,[39m [32m`Did not find expected text: "[39m[36m${[39mtext[36m}[39m[32m"`[39m)[33m.[39m[34mtoBe[39m([35mtrue[39m)[33m;[39m
release	UNKNOWN STEP	2025-10-25T20:35:01.5774952Z     [90m   | [39m                                                           [31m^[39m
release	UNKNOWN STEP	2025-10-25T20:35:01.5775427Z     [90m196| [39m  }
release	UNKNOWN STEP	2025-10-25T20:35:01.5775762Z     [90m197| [39m
release	UNKNOWN STEP	2025-10-25T20:35:01.5776424Z [90m [2mâ¯[22m TestRig.runInteractive test-helper.ts:[2m994:5[22m[39m
release	UNKNOWN STEP	2025-10-25T20:35:01.5777297Z [90m [2mâ¯[22m mcp_server_cyclic_schema.test.ts:[2m196:17[22m[39m
release	UNKNOWN STEP	2025-10-25T20:35:01.5777835Z 
release	UNKNOWN STEP	2025-10-25T20:35:01.5778187Z [31m[2mâŽ¯âŽ¯âŽ¯âŽ¯âŽ¯âŽ¯âŽ¯âŽ¯âŽ¯âŽ¯âŽ¯âŽ¯âŽ¯âŽ¯âŽ¯âŽ¯âŽ¯âŽ¯âŽ¯âŽ¯âŽ¯âŽ¯âŽ¯[8/99]âŽ¯[22m[39m
release	UNKNOWN STEP	2025-10-25T20:35:01.5778463Z 
release	UNKNOWN STEP	2025-10-25T20:35:01.5779213Z [41m[1m FAIL [22m[49m replace.test.ts[2m > [22mreplace[2m > [22mshould be able to replace content in a file
release	UNKNOWN STEP	2025-10-25T20:35:01.5780053Z [31m[1mError[22m: Process exited with code 1:
release	UNKNOWN STEP	2025-10-25T20:35:01.5780859Z YOLO mode is enabled. All tool calls will be automatically approved.
release	UNKNOWN STEP	2025-10-25T20:35:01.5781888Z GEMINI_API_KEY not found. Find your existing key or generate a new one at: https://aistudio.google.com/apikey
release	UNKNOWN STEP	2025-10-25T20:35:01.5782482Z 
release	UNKNOWN STEP	2025-10-25T20:35:01.5783003Z To continue, please set the GEMINI_API_KEY environment variable or add it to a .env file.
release	UNKNOWN STEP	2025-10-25T20:35:01.5783637Z [39m
release	UNKNOWN STEP	2025-10-25T20:35:01.5784286Z [36m [2mâ¯[22m ChildProcess.<anonymous> test-helper.ts:[2m486:18[22m[39m
release	UNKNOWN STEP	2025-10-25T20:35:01.5785038Z     [90m484| [39m          [34mresolve[39m(result)[33m;[39m
release	UNKNOWN STEP	2025-10-25T20:35:01.5785611Z     [90m485| [39m        } [35melse[39m {
release	UNKNOWN STEP	2025-10-25T20:35:01.5786358Z     [90m486| [39m          reject(new Error(`Process exited with code ${code}:\n${stderâ€¦
release	UNKNOWN STEP	2025-10-25T20:35:01.5787044Z     [90m   | [39m                 [31m^[39m
release	UNKNOWN STEP	2025-10-25T20:35:01.5787494Z     [90m487| [39m        }
release	UNKNOWN STEP	2025-10-25T20:35:01.5787933Z     [90m488| [39m      })[33m;[39m
release	UNKNOWN STEP	2025-10-25T20:35:01.5788193Z 
release	UNKNOWN STEP	2025-10-25T20:35:01.5788555Z [31m[2mâŽ¯âŽ¯âŽ¯âŽ¯âŽ¯âŽ¯âŽ¯âŽ¯âŽ¯âŽ¯âŽ¯âŽ¯âŽ¯âŽ¯âŽ¯âŽ¯âŽ¯âŽ¯âŽ¯âŽ¯âŽ¯âŽ¯âŽ¯[9/99]âŽ¯[22m[39m
release	UNKNOWN STEP	2025-10-25T20:35:01.5788847Z 
release	UNKNOWN STEP	2025-10-25T20:35:01.5789774Z [41m[1m FAIL [22m[49m run_shell_command.test.ts[2m > [22mrun_shell_command[2m > [22mshould succeed with no parens in non-interactive mode
release	UNKNOWN STEP	2025-10-25T20:35:01.5791538Z [41m[1m FAIL [22m[49m run_shell_command.test.ts[2m > [22mrun_shell_command[2m > [22mshould succeed with no parens in non-interactive mode
release	UNKNOWN STEP	2025-10-25T20:35:01.5793256Z [41m[1m FAIL [22m[49m run_shell_command.test.ts[2m > [22mrun_shell_command[2m > [22mshould succeed with no parens in non-interactive mode
release	UNKNOWN STEP	2025-10-25T20:35:01.5794907Z [41m[1m FAIL [22m[49m run_shell_command.test.ts[2m > [22mrun_shell_command[2m > [22mshould reject commands not on the allowlist
release	UNKNOWN STEP	2025-10-25T20:35:01.5796332Z [41m[1m FAIL [22m[49m run_shell_command.test.ts[2m > [22mrun_shell_command[2m > [22mshould reject commands not on the allowlist
release	UNKNOWN STEP	2025-10-25T20:35:01.5797882Z [41m[1m FAIL [22m[49m run_shell_command.test.ts[2m > [22mrun_shell_command[2m > [22mshould reject commands not on the allowlist
release	UNKNOWN STEP	2025-10-25T20:35:01.5799582Z [41m[1m FAIL [22m[49m run_shell_command.test.ts[2m > [22mrun_shell_command[2m > [22mshould allow all with "ShellTool" and other specific tools
release	UNKNOWN STEP	2025-10-25T20:35:01.5808601Z [41m[1m FAIL [22m[49m run_shell_command.test.ts[2m > [22mrun_shell_command[2m > [22mshould allow all with "ShellTool" and other specific tools
release	UNKNOWN STEP	2025-10-25T20:35:01.5810299Z [41m[1m FAIL [22m[49m run_shell_command.test.ts[2m > [22mrun_shell_command[2m > [22mshould allow all with "ShellTool" and other specific tools
release	UNKNOWN STEP	2025-10-25T20:35:01.5811508Z [31m[1mError[22m: Process exited with code 1:
release	UNKNOWN STEP	2025-10-25T20:35:01.5812532Z GEMINI_API_KEY not found. Find your existing key or generate a new one at: https://aistudio.google.com/apikey
release	UNKNOWN STEP	2025-10-25T20:35:01.5813150Z 
release	UNKNOWN STEP	2025-10-25T20:35:01.5813682Z To continue, please set the GEMINI_API_KEY environment variable or add it to a .env file.
release	UNKNOWN STEP	2025-10-25T20:35:01.5814338Z [39m
release	UNKNOWN STEP	2025-10-25T20:35:01.5815058Z [36m [2mâ¯[22m ChildProcess.<anonymous> test-helper.ts:[2m486:18[22m[39m
release	UNKNOWN STEP	2025-10-25T20:35:01.5815841Z     [90m484| [39m          [34mresolve[39m(result)[33m;[39m
release	UNKNOWN STEP	2025-10-25T20:35:01.5816415Z     [90m485| [39m        } [35melse[39m {
release	UNKNOWN STEP	2025-10-25T20:35:01.5817151Z     [90m486| [39m          reject(new Error(`Process exited with code ${code}:\n${stderâ€¦
release	UNKNOWN STEP	2025-10-25T20:35:01.5817823Z     [90m   | [39m                 [31m^[39m
release	UNKNOWN STEP	2025-10-25T20:35:01.5818257Z     [90m487| [39m        }
release	UNKNOWN STEP	2025-10-25T20:35:01.5818683Z     [90m488| [39m      })[33m;[39m
release	UNKNOWN STEP	2025-10-25T20:35:01.5818932Z 
release	UNKNOWN STEP	2025-10-25T20:35:01.5819502Z [31m[2mâŽ¯âŽ¯âŽ¯âŽ¯âŽ¯âŽ¯âŽ¯âŽ¯âŽ¯âŽ¯âŽ¯âŽ¯âŽ¯âŽ¯âŽ¯âŽ¯âŽ¯âŽ¯âŽ¯âŽ¯âŽ¯âŽ¯[10/99]âŽ¯[22m[39m
release	UNKNOWN STEP	2025-10-25T20:35:01.5819788Z 
release	UNKNOWN STEP	2025-10-25T20:35:01.5819821Z 
release	UNKNOWN STEP	2025-10-25T20:35:01.5820816Z [2m Test Files [22m [1m[31m15 failed[39m[22m[2m | [22m[1m[32m2 passed[39m[22m[2m | [22m[33m3 skipped[39m[90m (20)[39m
release	UNKNOWN STEP	2025-10-25T20:35:01.5822186Z [2m      Tests [22m [1m[31m33 failed[39m[22m[2m | [22m[1m[32m4 passed[39m[22m[2m | [22m[33m14 skipped[39m[90m (51)[39m
release	UNKNOWN STEP	2025-10-25T20:35:01.5822964Z [2m   Start at [22m 20:28:43
release	UNKNOWN STEP	2025-10-25T20:35:01.5824079Z [2m   Duration [22m 377.72s[2m (transform 2.48s, setup 0ms, collect 5.42s, tests 877.66s, environment 4ms, prepare 1.46s)[22m
release	UNKNOWN STEP	2025-10-25T20:35:01.5824688Z 
release	UNKNOWN STEP	2025-10-25T20:35:01.6454324Z ##[error]Process completed with exit code 1.
release	UNKNOWN STEP	2025-10-25T20:35:01.6549572Z ##[group]Run gh issue create \
release	UNKNOWN STEP	2025-10-25T20:35:01.6549857Z [36;1mgh issue create \[0m
release	UNKNOWN STEP	2025-10-25T20:35:01.6550209Z [36;1m  --title "Nightly Release Failed for ${RELEASE_TAG} on $(date +'%Y-%m-%d')" \[0m
release	UNKNOWN STEP	2025-10-25T20:35:01.6551106Z [36;1m  --body "The nightly-release workflow failed. See the full run for details: ${DETAILS_URL}" \[0m
release	UNKNOWN STEP	2025-10-25T20:35:01.6551572Z [36;1m  --label 'kind/bug,release-failure,priority/p0'[0m
release	UNKNOWN STEP	2025-10-25T20:35:01.6584207Z shell: /usr/bin/bash -e {0}
release	UNKNOWN STEP	2025-10-25T20:35:01.6584424Z env:
release	UNKNOWN STEP	2025-10-25T20:35:01.6584809Z   GITHUB_TOKEN: ***
release	UNKNOWN STEP	2025-10-25T20:35:01.6585000Z   RELEASE_TAG: 
release	UNKNOWN STEP	2025-10-25T20:35:01.6585302Z   DETAILS_URL: https://github.com/hebenezer-m/gemini-cli/actions/runs/18808061131
release	UNKNOWN STEP	2025-10-25T20:35:01.6585663Z ##[endgroup]
release	UNKNOWN STEP	2025-10-25T20:35:02.3580352Z could not add label: 'kind/bug' not found
release	UNKNOWN STEP	2025-10-25T20:35:02.3614093Z ##[error]Process completed with exit code 1.
release	UNKNOWN STEP	2025-10-25T20:35:02.3668462Z Post job cleanup.
release	UNKNOWN STEP	2025-10-25T20:35:02.4435168Z [command]/usr/bin/git version
release	UNKNOWN STEP	2025-10-25T20:35:02.4500964Z git version 2.51.0
release	UNKNOWN STEP	2025-10-25T20:35:02.4535882Z Temporarily overriding HOME='/home/runner/work/_temp/cbfca670-70ee-41a3-b0f1-1825e869904c' before making global git config changes
release	UNKNOWN STEP	2025-10-25T20:35:02.4537188Z Adding repository directory to the temporary git global config as a safe directory
release	UNKNOWN STEP	2025-10-25T20:35:02.4541376Z [command]/usr/bin/git config --global --add safe.directory /home/runner/work/gemini-cli/gemini-cli/release
release	UNKNOWN STEP	2025-10-25T20:35:02.4575093Z [command]/usr/bin/git config --local --name-only --get-regexp core\.sshCommand
release	UNKNOWN STEP	2025-10-25T20:35:02.4606096Z [command]/usr/bin/git submodule foreach --recursive sh -c "git config --local --name-only --get-regexp 'core\.sshCommand' && git config --local --unset-all 'core.sshCommand' || :"
release	UNKNOWN STEP	2025-10-25T20:35:02.4835723Z [command]/usr/bin/git config --local --name-only --get-regexp http\.https\:\/\/github\.com\/\.extraheader
release	UNKNOWN STEP	2025-10-25T20:35:02.4856952Z http.https://github.com/.extraheader
release	UNKNOWN STEP	2025-10-25T20:35:02.4866819Z [command]/usr/bin/git config --local --unset-all http.https://github.com/.extraheader
release	UNKNOWN STEP	2025-10-25T20:35:02.4896442Z [command]/usr/bin/git submodule foreach --recursive sh -c "git config --local --name-only --get-regexp 'http\.https\:\/\/github\.com\/\.extraheader' && git config --local --unset-all 'http.https://github.com/.extraheader' || :"
release	UNKNOWN STEP	2025-10-25T20:35:02.5227120Z Post job cleanup.
release	UNKNOWN STEP	2025-10-25T20:35:02.6003036Z [command]/usr/bin/git version
release	UNKNOWN STEP	2025-10-25T20:35:02.6073154Z git version 2.51.0
release	UNKNOWN STEP	2025-10-25T20:35:02.6112615Z Temporarily overriding HOME='/home/runner/work/_temp/c3b89ffc-056b-4fad-91de-68b385cb976a' before making global git config changes
release	UNKNOWN STEP	2025-10-25T20:35:02.6114021Z Adding repository directory to the temporary git global config as a safe directory
release	UNKNOWN STEP	2025-10-25T20:35:02.6119539Z [command]/usr/bin/git config --global --add safe.directory /home/runner/work/gemini-cli/gemini-cli
release	UNKNOWN STEP	2025-10-25T20:35:02.6155720Z [command]/usr/bin/git config --local --name-only --get-regexp core\.sshCommand
release	UNKNOWN STEP	2025-10-25T20:35:02.6189434Z [command]/usr/bin/git submodule foreach --recursive sh -c "git config --local --name-only --get-regexp 'core\.sshCommand' && git config --local --unset-all 'core.sshCommand' || :"
release	UNKNOWN STEP	2025-10-25T20:35:02.6427586Z [command]/usr/bin/git config --local --name-only --get-regexp http\.https\:\/\/github\.com\/\.extraheader
release	UNKNOWN STEP	2025-10-25T20:35:02.6448686Z http.https://github.com/.extraheader
release	UNKNOWN STEP	2025-10-25T20:35:02.6458138Z [command]/usr/bin/git config --local --unset-all http.https://github.com/.extraheader
release	UNKNOWN STEP	2025-10-25T20:35:02.6489608Z [command]/usr/bin/git submodule foreach --recursive sh -c "git config --local --name-only --get-regexp 'http\.https\:\/\/github\.com\/\.extraheader' && git config --local --unset-all 'http.https://github.com/.extraheader' || :"
release	UNKNOWN STEP	2025-10-25T20:35:02.6817385Z Cleaning up orphan processes
